{"preview":false,"result":{"CommandLine":"\"C:\\Windows\\system32\\whoami.exe\" /groups","Company":"Microsoft Corporation","ComputerName":"Win-10.miacsdomain.com","CurrentDirectory":"C:\\Users\\user-01\\","Description":"whoami - displays logged on user information","EventCode":"1","EventType":"4","FileVersion":"10.0.19041.1 (WinBuild.160101.0800)","Hashes":"MD5=A4A6924F3EAF97981323703D38FD99C4,SHA256=1D4902A04D99E8CCBFE7085E63155955FEE397449D386453F6C452AE407B8743,IMPHASH=7FF0758B766F747CE57DFAC70743FB88","Image":"C:\\Windows\\System32\\whoami.exe","IntegrityLevel":"Medium","Keywords":"None","LogName":"Microsoft-Windows-Sysmon/Operational","LogonGuid":"{3f87e246-2b1c-6a8c-cd06-070000000000}","LogonId":"0x706CD","Message":"Process Create:\r\nRuleName: -\r\nUtcTime: 2026-08-24 11:29:54.524\r\nProcessGuid: {3f87e246-2b32-6a8c-ab00-000000001000}\r\nProcessId: 5584\r\nImage: C:\\Windows\\System32\\whoami.exe\r\nFileVersion: 10.0.19041.1 (WinBuild.160101.0800)\r\nDescription: whoami - displays logged on user information\r\nProduct: Microsoft® Windows® Operating System\r\nCompany: Microsoft Corporation\r\nOriginalFileName: whoami.exe\r\nCommandLine: \"C:\\Windows\\system32\\whoami.exe\" /groups\r\nCurrentDirectory: C:\\Users\\user-01\\\r\nUser: miacsdomain\\user-01\r\nLogonGuid: {3f87e246-2b1c-6a8c-cd06-070000000000}\r\nLogonId: 0x706CD\r\nTerminalSessionId: 1\r\nIntegrityLevel: Medium\r\nHashes: MD5=A4A6924F3EAF97981323703D38FD99C4,SHA256=1D4902A04D99E8CCBFE7085E63155955FEE397449D386453F6C452AE407B8743,IMPHASH=7FF0758B766F747CE57DFAC70743FB88\r\nParentProcessGuid: {3f87e246-2b2a-6a8c-a700-000000001000}\r\nParentProcessId: 5300\r\nParentImage: C:\\Windows\\System32\\WindowsPowerShell\\v1.0\\powershell.exe\r\nParentCommandLine: \"C:\\Windows\\System32\\WindowsPowerShell\\v1.0\\powershell.exe\" \r\nParentUser: miacsdomain\\user-01","OpCode":"Info","OriginalFileName":"whoami.exe","ParentCommandLine":"\"C:\\Windows\\System32\\WindowsPowerShell\\v1.0\\powershell.exe\"","ParentImage":"C:\\Windows\\System32\\WindowsPowerShell\\v1.0\\powershell.exe","ParentProcessGuid":"{3f87e246-2b2a-6a8c-a700-000000001000}","ParentProcessId":"5300","ParentUser":"miacsdomain\\user-01","ProcessGuid":"{3f87e246-2b32-6a8c-ab00-000000001000}","ProcessId":"5584","Product":"Microsoft® Windows® Operating System","RecordNumber":"14457","RuleName":"-","Sid":"S-1-5-18","SidType":"0","SourceName":"Microsoft-Windows-Sysmon","TaskCategory":"Process Create (rule: ProcessCreate)","TerminalSessionId":"1","Type":"Information","User":["NOT_TRANSLATED","miacsdomain\\user-01"],"UtcTime":"2026-08-24 11:29:54.524","_raw":"08/24/2026 01:29:54.526 PM\nLogName=Microsoft-Windows-Sysmon/Operational\nEventCode=1\nEventType=4\nComputerName=Win-10.miacsdomain.com\nUser=NOT_TRANSLATED\nSid=S-1-5-18\nSidType=0\nSourceName=Microsoft-Windows-Sysmon\nType=Information\nRecordNumber=14457\nKeywords=None\nTaskCategory=Process Create (rule: ProcessCreate)\nOpCode=Info\nMessage=Process Create:\r\nRuleName: -\r\nUtcTime: 2026-08-24 11:29:54.524\r\nProcessGuid: {3f87e246-2b32-6a8c-ab00-000000001000}\r\nProcessId: 5584\r\nImage: C:\\Windows\\System32\\whoami.exe\r\nFileVersion: 10.0.19041.1 (WinBuild.160101.0800)\r\nDescription: whoami - displays logged on user information\r\nProduct: Microsoft® Windows® Operating System\r\nCompany: Microsoft Corporation\r\nOriginalFileName: whoami.exe\r\nCommandLine: \"C:\\Windows\\system32\\whoami.exe\" /groups\r\nCurrentDirectory: C:\\Users\\user-01\\\r\nUser: miacsdomain\\user-01\r\nLogonGuid: {3f87e246-2b1c-6a8c-cd06-070000000000}\r\nLogonId: 0x706CD\r\nTerminalSessionId: 1\r\nIntegrityLevel: Medium\r\nHashes: MD5=A4A6924F3EAF97981323703D38FD99C4,SHA256=1D4902A04D99E8CCBFE7085E63155955FEE397449D386453F6C452AE407B8743,IMPHASH=7FF0758B766F747CE57DFAC70743FB88\r\nParentProcessGuid: {3f87e246-2b2a-6a8c-a700-000000001000}\r\nParentProcessId: 5300\r\nParentImage: C:\\Windows\\System32\\WindowsPowerShell\\v1.0\\powershell.exe\r\nParentCommandLine: \"C:\\Windows\\System32\\WindowsPowerShell\\v1.0\\powershell.exe\" \r\nParentUser: miacsdomain\\user-01","_time":"2026-08-24T13:29:54.526+0200","host":"Win-10","index":"main","linecount":"38","punct":"//_::._=--/===-..==---==--====__(:_)==_:\\r:_-\\r:_--_","source":"WinEventLog:Microsoft-Windows-Sysmon/Operational","sourcetype":"WinEventLog:Microsoft-Windows-Sysmon/Operational","splunk_server":"splunk-virtual-machine"}}
{"preview":false,"result":{"ComputerName":"Win-10.miacsdomain.com","EventCode":"4104","EventType":"5","Keywords":"None","LogName":"Microsoft-Windows-PowerShell/Operational","Message":"Creating Scriptblock text (1 of 1):\r\nwhoami /groups\r\n\r\nScriptBlock ID: 5b31685a-8617-4456-ba62-5764ab2949f2\r\nPath:","OpCode":"On create calls","RecordNumber":"6751","ScriptBlock_ID":"5b31685a-8617-4456-ba62-5764ab2949f2","Sid":"S-1-5-21-246749117-2054088174-1189330396-1105","SidType":"0","SourceName":"Microsoft-Windows-PowerShell","TaskCategory":"Execute a Remote Command","Type":"Verbose","User":"NOT_TRANSLATED","_raw":"08/24/2026 01:29:54.523 PM\nLogName=Microsoft-Windows-PowerShell/Operational\nEventCode=4104\nEventType=5\nComputerName=Win-10.miacsdomain.com\nUser=NOT_TRANSLATED\nSid=S-1-5-21-246749117-2054088174-1189330396-1105\nSidType=0\nSourceName=Microsoft-Windows-PowerShell\nType=Verbose\nRecordNumber=6751\nKeywords=None\nTaskCategory=Execute a Remote Command\nOpCode=On create calls\nMessage=Creating Scriptblock text (1 of 1):\r\nwhoami /groups\r\n\r\nScriptBlock ID: 5b31685a-8617-4456-ba62-5764ab2949f2\r\nPath:","_time":"2026-08-24T13:29:54.523+0200","host":"Win-10","index":"main","linecount":"19","punct":"//_::._=--/===-..==-------==--====___=__=___(__):\\r","source":"WinEventLog:Microsoft-Windows-PowerShell/Operational","sourcetype":"WinEventLog:Microsoft-Windows-PowerShell/Operational","splunk_server":"splunk-virtual-machine"}}
{"preview":false,"result":{"ComputerName":"Win-10.miacsdomain.com","EventCode":"4103","EventType":"4","Keywords":"None","LogName":"Microsoft-Windows-PowerShell/Operational","Message":"CommandInvocation(PSConsoleHostReadLine): \"PSConsoleHostReadLine\"\r\n\r\n\r\nContext:\r\n        Severity = Informational\r\n        Host Name = ConsoleHost\r\n        Host Version = 5.1.19041.3803\r\n        Host ID = b367531c-324f-4cfd-9671-b7158caebd11\r\n        Host Application = C:\\Windows\\System32\\WindowsPowerShell\\v1.0\\powershell.exe\r\n        Engine Version = 5.1.19041.3803\r\n        Runspace ID = cbc99a42-d19e-49ac-9ed4-d584b7919551\r\n        Pipeline ID = 8\r\n        Command Name = PSConsoleHostReadLine\r\n        Command Type = Function\r\n        Script Name = \r\n        Command Path = \r\n        Sequence Number = 26\r\n        User = miacsdomain\\user-01\r\n        Connected User = \r\n        Shell ID = Microsoft.PowerShell\r\n\r\n\r\nUser Data:","OpCode":"To be used when operation is just executing a method","RecordNumber":"6750","Sid":"S-1-5-21-246749117-2054088174-1189330396-1105","SidType":"0","SourceName":"Microsoft-Windows-PowerShell","TaskCategory":"Executing Pipeline","Type":"Information","User":"NOT_TRANSLATED","_raw":"08/24/2026 01:29:54.523 PM\nLogName=Microsoft-Windows-PowerShell/Operational\nEventCode=4103\nEventType=4\nComputerName=Win-10.miacsdomain.com\nUser=NOT_TRANSLATED\nSid=S-1-5-21-246749117-2054088174-1189330396-1105\nSidType=0\nSourceName=Microsoft-Windows-PowerShell\nType=Information\nRecordNumber=6750\nKeywords=None\nTaskCategory=Executing Pipeline\nOpCode=To be used when operation is just executing a method\nMessage=CommandInvocation(PSConsoleHostReadLine): \"PSConsoleHostReadLine\"\r\n\r\n\r\nContext:\r\n        Severity = Informational\r\n        Host Name = ConsoleHost\r\n        Host Version = 5.1.19041.3803\r\n        Host ID = b367531c-324f-4cfd-9671-b7158caebd11\r\n        Host Application = C:\\Windows\\System32\\WindowsPowerShell\\v1.0\\powershell.exe\r\n        Engine Version = 5.1.19041.3803\r\n        Runspace ID = cbc99a42-d19e-49ac-9ed4-d584b7919551\r\n        Pipeline ID = 8\r\n        Command Name = PSConsoleHostReadLine\r\n        Command Type = Function\r\n        Script Name = \r\n        Command Path = \r\n        Sequence Number = 26\r\n        User = miacsdomain\\user-01\r\n        Connected User = \r\n        Shell ID = Microsoft.PowerShell\r\n\r\n\r\nUser Data:","_time":"2026-08-24T13:29:54.523+0200","host":"Win-10","index":"main","linecount":"37","punct":"//_::._=--/===-..==-------==--====_=_________=():_","source":"WinEventLog:Microsoft-Windows-PowerShell/Operational","sourcetype":"WinEventLog:Microsoft-Windows-PowerShell/Operational","splunk_server":"splunk-virtual-machine"}}
{"preview":false,"result":{"Account_Domain":"miacsdomain","Account_Name":"user-01","ComputerName":"Win-10.miacsdomain.com","EventCode":"5379","EventType":"0","Keywords":"Audit Success","LogName":"Security","Logon_ID":"0x706CD","Message":"Credential Manager credentials were read.\r\n\r\nSubject:\r\n\tSecurity ID:\t\tS-1-5-21-246749117-2054088174-1189330396-1105\r\n\tAccount Name:\t\tuser-01\r\n\tAccount Domain:\t\tmiacsdomain\r\n\tLogon ID:\t\t0x706CD\r\n\tRead Operation:\t\tEnumerate Credentials\r\n\r\nThis event occurs when a user performs a read operation on stored credentials in Credential Manager.","OpCode":"Info","Read_Operation":"Enumerate Credentials","RecordNumber":"9422","Security_ID":"S-1-5-21-246749117-2054088174-1189330396-1105","SourceName":"Microsoft Windows security auditing.","TaskCategory":"User Account Management","Type":"Information","_raw":"08/24/2026 01:29:50.626 PM\nLogName=Security\nEventCode=5379\nEventType=0\nComputerName=Win-10.miacsdomain.com\nSourceName=Microsoft Windows security auditing.\nType=Information\nRecordNumber=9422\nKeywords=Audit Success\nTaskCategory=User Account Management\nOpCode=Info\nMessage=Credential Manager credentials were read.\r\n\r\nSubject:\r\n\tSecurity ID:\t\tS-1-5-21-246749117-2054088174-1189330396-1105\r\n\tAccount Name:\t\tuser-01\r\n\tAccount Domain:\t\tmiacsdomain\r\n\tLogon ID:\t\t0x706CD\r\n\tRead Operation:\t\tEnumerate Credentials\r\n\r\nThis event occurs when a user performs a read operation on stored credentials in Credential Manager.","_time":"2026-08-24T13:29:50.626+0200","host":"Win-10","index":"main","linecount":"21","punct":"//_::._====-..=___.===_=__==____.\\r\\r:\\rt_:tt-------\\r","source":"WinEventLog:Security","sourcetype":"WinEventLog:Security","splunk_server":"splunk-virtual-machine"}}
{"preview":false,"result":{"Account_Domain":"miacsdomain","Account_Name":"WIN-10$","ComputerName":"Win-10.miacsdomain.com","EventCode":"5379","EventType":"0","Keywords":"Audit Success","LogName":"Security","Logon_ID":"0x3E7","Message":"Credential Manager credentials were read.\r\n\r\nSubject:\r\n\tSecurity ID:\t\tS-1-5-18\r\n\tAccount Name:\t\tWIN-10$\r\n\tAccount Domain:\t\tmiacsdomain\r\n\tLogon ID:\t\t0x3E7\r\n\tRead Operation:\t\tEnumerate Credentials\r\n\r\nThis event occurs when a user performs a read operation on stored credentials in Credential Manager.","OpCode":"Info","Read_Operation":"Enumerate Credentials","RecordNumber":"9421","Security_ID":"S-1-5-18","SourceName":"Microsoft Windows security auditing.","TaskCategory":"User Account Management","Type":"Information","_raw":"08/24/2026 01:29:50.254 PM\nLogName=Security\nEventCode=5379\nEventType=0\nComputerName=Win-10.miacsdomain.com\nSourceName=Microsoft Windows security auditing.\nType=Information\nRecordNumber=9421\nKeywords=Audit Success\nTaskCategory=User Account Management\nOpCode=Info\nMessage=Credential Manager credentials were read.\r\n\r\nSubject:\r\n\tSecurity ID:\t\tS-1-5-18\r\n\tAccount Name:\t\tWIN-10$\r\n\tAccount Domain:\t\tmiacsdomain\r\n\tLogon ID:\t\t0x3E7\r\n\tRead Operation:\t\tEnumerate Credentials\r\n\r\nThis event occurs when a user performs a read operation on stored credentials in Credential Manager.","_time":"2026-08-24T13:29:50.254+0200","host":"Win-10","index":"main","linecount":"21","punct":"//_::._====-..=___.===_=__==____.\\r\\r:\\rt_:tt---\\rt_:t","source":"WinEventLog:Security","sourcetype":"WinEventLog:Security","splunk_server":"splunk-virtual-machine"}}
{"preview":false,"result":{"Account_Domain":"miacsdomain","Account_Name":"WIN-10$","ComputerName":"Win-10.miacsdomain.com","EventCode":"5379","EventType":"0","Keywords":"Audit Success","LogName":"Security","Logon_ID":"0x3E7","Message":"Credential Manager credentials were read.\r\n\r\nSubject:\r\n\tSecurity ID:\t\tS-1-5-18\r\n\tAccount Name:\t\tWIN-10$\r\n\tAccount Domain:\t\tmiacsdomain\r\n\tLogon ID:\t\t0x3E7\r\n\tRead Operation:\t\tEnumerate Credentials\r\n\r\nThis event occurs when a user performs a read operation on stored credentials in Credential Manager.","OpCode":"Info","Read_Operation":"Enumerate Credentials","RecordNumber":"9420","Security_ID":"S-1-5-18","SourceName":"Microsoft Windows security auditing.","TaskCategory":"User Account Management","Type":"Information","_raw":"08/24/2026 01:29:50.251 PM\nLogName=Security\nEventCode=5379\nEventType=0\nComputerName=Win-10.miacsdomain.com\nSourceName=Microsoft Windows security auditing.\nType=Information\nRecordNumber=9420\nKeywords=Audit Success\nTaskCategory=User Account Management\nOpCode=Info\nMessage=Credential Manager credentials were read.\r\n\r\nSubject:\r\n\tSecurity ID:\t\tS-1-5-18\r\n\tAccount Name:\t\tWIN-10$\r\n\tAccount Domain:\t\tmiacsdomain\r\n\tLogon ID:\t\t0x3E7\r\n\tRead Operation:\t\tEnumerate Credentials\r\n\r\nThis event occurs when a user performs a read operation on stored credentials in Credential Manager.","_time":"2026-08-24T13:29:50.251+0200","host":"Win-10","index":"main","linecount":"21","punct":"//_::._====-..=___.===_=__==____.\\r\\r:\\rt_:tt---\\rt_:t","source":"WinEventLog:Security","sourcetype":"WinEventLog:Security","splunk_server":"splunk-virtual-machine"}}
{"preview":false,"result":{"Account_Domain":"miacsdomain","Account_Name":"WIN-10$","ComputerName":"Win-10.miacsdomain.com","EventCode":"5379","EventType":"0","Keywords":"Audit Success","LogName":"Security","Logon_ID":"0x3E7","Message":"Credential Manager credentials were read.\r\n\r\nSubject:\r\n\tSecurity ID:\t\tS-1-5-18\r\n\tAccount Name:\t\tWIN-10$\r\n\tAccount Domain:\t\tmiacsdomain\r\n\tLogon ID:\t\t0x3E7\r\n\tRead Operation:\t\tEnumerate Credentials\r\n\r\nThis event occurs when a user performs a read operation on stored credentials in Credential Manager.","OpCode":"Info","Read_Operation":"Enumerate Credentials","RecordNumber":"9419","Security_ID":"S-1-5-18","SourceName":"Microsoft Windows security auditing.","TaskCategory":"User Account Management","Type":"Information","_raw":"08/24/2026 01:29:50.250 PM\nLogName=Security\nEventCode=5379\nEventType=0\nComputerName=Win-10.miacsdomain.com\nSourceName=Microsoft Windows security auditing.\nType=Information\nRecordNumber=9419\nKeywords=Audit Success\nTaskCategory=User Account Management\nOpCode=Info\nMessage=Credential Manager credentials were read.\r\n\r\nSubject:\r\n\tSecurity ID:\t\tS-1-5-18\r\n\tAccount Name:\t\tWIN-10$\r\n\tAccount Domain:\t\tmiacsdomain\r\n\tLogon ID:\t\t0x3E7\r\n\tRead Operation:\t\tEnumerate Credentials\r\n\r\nThis event occurs when a user performs a read operation on stored credentials in Credential Manager.","_time":"2026-08-24T13:29:50.250+0200","host":"Win-10","index":"main","linecount":"21","punct":"//_::._====-..=___.===_=__==____.\\r\\r:\\rt_:tt---\\rt_:t","source":"WinEventLog:Security","sourcetype":"WinEventLog:Security","splunk_server":"splunk-virtual-machine"}}
{"preview":false,"result":{"Account_Domain":"miacsdomain","Account_Name":"WIN-10$","ComputerName":"Win-10.miacsdomain.com","EventCode":"5379","EventType":"0","Keywords":"Audit Success","LogName":"Security","Logon_ID":"0x3E7","Message":"Credential Manager credentials were read.\r\n\r\nSubject:\r\n\tSecurity ID:\t\tS-1-5-18\r\n\tAccount Name:\t\tWIN-10$\r\n\tAccount Domain:\t\tmiacsdomain\r\n\tLogon ID:\t\t0x3E7\r\n\tRead Operation:\t\tEnumerate Credentials\r\n\r\nThis event occurs when a user performs a read operation on stored credentials in Credential Manager.","OpCode":"Info","Read_Operation":"Enumerate Credentials","RecordNumber":"9418","Security_ID":"S-1-5-18","SourceName":"Microsoft Windows security auditing.","TaskCategory":"User Account Management","Type":"Information","_raw":"08/24/2026 01:29:50.250 PM\nLogName=Security\nEventCode=5379\nEventType=0\nComputerName=Win-10.miacsdomain.com\nSourceName=Microsoft Windows security auditing.\nType=Information\nRecordNumber=9418\nKeywords=Audit Success\nTaskCategory=User Account Management\nOpCode=Info\nMessage=Credential Manager credentials were read.\r\n\r\nSubject:\r\n\tSecurity ID:\t\tS-1-5-18\r\n\tAccount Name:\t\tWIN-10$\r\n\tAccount Domain:\t\tmiacsdomain\r\n\tLogon ID:\t\t0x3E7\r\n\tRead Operation:\t\tEnumerate Credentials\r\n\r\nThis event occurs when a user performs a read operation on stored credentials in Credential Manager.","_time":"2026-08-24T13:29:50.250+0200","host":"Win-10","index":"main","linecount":"21","punct":"//_::._====-..=___.===_=__==____.\\r\\r:\\rt_:tt---\\rt_:t","source":"WinEventLog:Security","sourcetype":"WinEventLog:Security","splunk_server":"splunk-virtual-machine"}}
{"preview":false,"result":{"ComputerName":"Win-10.miacsdomain.com","EventCode":"4103","EventType":"4","Keywords":"None","LogName":"Microsoft-Windows-PowerShell/Operational","Message":"CommandInvocation(Set-StrictMode): \"Set-StrictMode\"\r\nParameterBinding(Set-StrictMode): name=\"Off\"; value=\"True\"\r\n\r\n\r\nContext:\r\n        Severity = Informational\r\n        Host Name = ConsoleHost\r\n        Host Version = 5.1.19041.3803\r\n        Host ID = b367531c-324f-4cfd-9671-b7158caebd11\r\n        Host Application = C:\\Windows\\System32\\WindowsPowerShell\\v1.0\\powershell.exe\r\n        Engine Version = 5.1.19041.3803\r\n        Runspace ID = cbc99a42-d19e-49ac-9ed4-d584b7919551\r\n        Pipeline ID = 8\r\n        Command Name = Set-StrictMode\r\n        Command Type = Cmdlet\r\n        Script Name = C:\\Program Files\\WindowsPowerShell\\Modules\\PSReadline\\2.0.0\\PSReadLine.psm1\r\n        Command Path = \r\n        Sequence Number = 24\r\n        User = miacsdomain\\user-01\r\n        Connected User = \r\n        Shell ID = Microsoft.PowerShell\r\n\r\n\r\nUser Data:","OpCode":"To be used when operation is just executing a method","ParameterBinding_Set_StrictMode_":"name=\"Off\"; value=\"True\"","RecordNumber":"6749","Sid":"S-1-5-21-246749117-2054088174-1189330396-1105","SidType":"0","SourceName":"Microsoft-Windows-PowerShell","TaskCategory":"Executing Pipeline","Type":"Information","User":"NOT_TRANSLATED","_raw":"08/24/2026 01:29:49.865 PM\nLogName=Microsoft-Windows-PowerShell/Operational\nEventCode=4103\nEventType=4\nComputerName=Win-10.miacsdomain.com\nUser=NOT_TRANSLATED\nSid=S-1-5-21-246749117-2054088174-1189330396-1105\nSidType=0\nSourceName=Microsoft-Windows-PowerShell\nType=Information\nRecordNumber=6749\nKeywords=None\nTaskCategory=Executing Pipeline\nOpCode=To be used when operation is just executing a method\nMessage=CommandInvocation(Set-StrictMode): \"Set-StrictMode\"\r\nParameterBinding(Set-StrictMode): name=\"Off\"; value=\"True\"\r\n\r\n\r\nContext:\r\n        Severity = Informational\r\n        Host Name = ConsoleHost\r\n        Host Version = 5.1.19041.3803\r\n        Host ID = b367531c-324f-4cfd-9671-b7158caebd11\r\n        Host Application = C:\\Windows\\System32\\WindowsPowerShell\\v1.0\\powershell.exe\r\n        Engine Version = 5.1.19041.3803\r\n        Runspace ID = cbc99a42-d19e-49ac-9ed4-d584b7919551\r\n        Pipeline ID = 8\r\n        Command Name = Set-StrictMode\r\n        Command Type = Cmdlet\r\n        Script Name = C:\\Program Files\\WindowsPowerShell\\Modules\\PSReadline\\2.0.0\\PSReadLine.psm1\r\n        Command Path = \r\n        Sequence Number = 24\r\n        User = miacsdomain\\user-01\r\n        Connected User = \r\n        Shell ID = Microsoft.PowerShell\r\n\r\n\r\nUser Data:","_time":"2026-08-24T13:29:49.865+0200","host":"Win-10","index":"main","linecount":"38","punct":"//_::._=--/===-..==-------==--====_=_________=(-):","source":"WinEventLog:Microsoft-Windows-PowerShell/Operational","sourcetype":"WinEventLog:Microsoft-Windows-PowerShell/Operational","splunk_server":"splunk-virtual-machine"}}
{"preview":false,"result":{"ComputerName":"Win-10.miacsdomain.com","EventCode":"4104","EventType":"5","Keywords":"None","LogName":"Microsoft-Windows-PowerShell/Operational","Message":"Creating Scriptblock text (1 of 1):\r\nprompt\r\n\r\nScriptBlock ID: 84942b14-68dc-441c-bdea-4efbb9fa4370\r\nPath:","OpCode":"On create calls","RecordNumber":"6748","ScriptBlock_ID":"84942b14-68dc-441c-bdea-4efbb9fa4370","Sid":"S-1-5-21-246749117-2054088174-1189330396-1105","SidType":"0","SourceName":"Microsoft-Windows-PowerShell","TaskCategory":"Execute a Remote Command","Type":"Verbose","User":"NOT_TRANSLATED","_raw":"08/24/2026 01:29:49.864 PM\nLogName=Microsoft-Windows-PowerShell/Operational\nEventCode=4104\nEventType=5\nComputerName=Win-10.miacsdomain.com\nUser=NOT_TRANSLATED\nSid=S-1-5-21-246749117-2054088174-1189330396-1105\nSidType=0\nSourceName=Microsoft-Windows-PowerShell\nType=Verbose\nRecordNumber=6748\nKeywords=None\nTaskCategory=Execute a Remote Command\nOpCode=On create calls\nMessage=Creating Scriptblock text (1 of 1):\r\nprompt\r\n\r\nScriptBlock ID: 84942b14-68dc-441c-bdea-4efbb9fa4370\r\nPath:","_time":"2026-08-24T13:29:49.864+0200","host":"Win-10","index":"main","linecount":"19","punct":"//_::._=--/===-..==-------==--====___=__=___(__):\\r","source":"WinEventLog:Microsoft-Windows-PowerShell/Operational","sourcetype":"WinEventLog:Microsoft-Windows-PowerShell/Operational","splunk_server":"splunk-virtual-machine"}}
{"preview":false,"result":{"ComputerName":"Win-10.miacsdomain.com","EventCode":"4103","EventType":"4","Keywords":"None","LogName":"Microsoft-Windows-PowerShell/Operational","Message":"CommandInvocation(Out-Default): \"Out-Default\"\r\n\r\n\r\nContext:\r\n        Severity = Informational\r\n        Host Name = ConsoleHost\r\n        Host Version = 5.1.19041.3803\r\n        Host ID = b367531c-324f-4cfd-9671-b7158caebd11\r\n        Host Application = C:\\Windows\\System32\\WindowsPowerShell\\v1.0\\powershell.exe\r\n        Engine Version = 5.1.19041.3803\r\n        Runspace ID = cbc99a42-d19e-49ac-9ed4-d584b7919551\r\n        Pipeline ID = 6\r\n        Command Name = \r\n        Command Type = Script\r\n        Script Name = \r\n        Command Path = \r\n        Sequence Number = 22\r\n        User = miacsdomain\\user-01\r\n        Connected User = \r\n        Shell ID = Microsoft.PowerShell\r\n\r\n\r\nUser Data:","OpCode":"To be used when operation is just executing a method","RecordNumber":"6747","Sid":"S-1-5-21-246749117-2054088174-1189330396-1105","SidType":"0","SourceName":"Microsoft-Windows-PowerShell","TaskCategory":"Executing Pipeline","Type":"Information","User":"NOT_TRANSLATED","_raw":"08/24/2026 01:29:49.855 PM\nLogName=Microsoft-Windows-PowerShell/Operational\nEventCode=4103\nEventType=4\nComputerName=Win-10.miacsdomain.com\nUser=NOT_TRANSLATED\nSid=S-1-5-21-246749117-2054088174-1189330396-1105\nSidType=0\nSourceName=Microsoft-Windows-PowerShell\nType=Information\nRecordNumber=6747\nKeywords=None\nTaskCategory=Executing Pipeline\nOpCode=To be used when operation is just executing a method\nMessage=CommandInvocation(Out-Default): \"Out-Default\"\r\n\r\n\r\nContext:\r\n        Severity = Informational\r\n        Host Name = ConsoleHost\r\n        Host Version = 5.1.19041.3803\r\n        Host ID = b367531c-324f-4cfd-9671-b7158caebd11\r\n        Host Application = C:\\Windows\\System32\\WindowsPowerShell\\v1.0\\powershell.exe\r\n        Engine Version = 5.1.19041.3803\r\n        Runspace ID = cbc99a42-d19e-49ac-9ed4-d584b7919551\r\n        Pipeline ID = 6\r\n        Command Name = \r\n        Command Type = Script\r\n        Script Name = \r\n        Command Path = \r\n        Sequence Number = 22\r\n        User = miacsdomain\\user-01\r\n        Connected User = \r\n        Shell ID = Microsoft.PowerShell\r\n\r\n\r\nUser Data:","_time":"2026-08-24T13:29:49.855+0200","host":"Win-10","index":"main","linecount":"37","punct":"//_::._=--/===-..==-------==--====_=_________=(-):","source":"WinEventLog:Microsoft-Windows-PowerShell/Operational","sourcetype":"WinEventLog:Microsoft-Windows-PowerShell/Operational","splunk_server":"splunk-virtual-machine"}}
{"preview":false,"result":{"CommandLine":"\"C:\\Windows\\system32\\whoami.exe\"","Company":"Microsoft Corporation","ComputerName":"Win-10.miacsdomain.com","CurrentDirectory":"C:\\Users\\user-01\\","Description":"whoami - displays logged on user information","EventCode":"1","EventType":"4","FileVersion":"10.0.19041.1 (WinBuild.160101.0800)","Hashes":"MD5=A4A6924F3EAF97981323703D38FD99C4,SHA256=1D4902A04D99E8CCBFE7085E63155955FEE397449D386453F6C452AE407B8743,IMPHASH=7FF0758B766F747CE57DFAC70743FB88","Image":"C:\\Windows\\System32\\whoami.exe","IntegrityLevel":"Medium","Keywords":"None","LogName":"Microsoft-Windows-Sysmon/Operational","LogonGuid":"{3f87e246-2b1c-6a8c-cd06-070000000000}","LogonId":"0x706CD","Message":"Process Create:\r\nRuleName: -\r\nUtcTime: 2026-08-24 11:29:49.844\r\nProcessGuid: {3f87e246-2b2d-6a8c-aa00-000000001000}\r\nProcessId: 5536\r\nImage: C:\\Windows\\System32\\whoami.exe\r\nFileVersion: 10.0.19041.1 (WinBuild.160101.0800)\r\nDescription: whoami - displays logged on user information\r\nProduct: Microsoft® Windows® Operating System\r\nCompany: Microsoft Corporation\r\nOriginalFileName: whoami.exe\r\nCommandLine: \"C:\\Windows\\system32\\whoami.exe\"\r\nCurrentDirectory: C:\\Users\\user-01\\\r\nUser: miacsdomain\\user-01\r\nLogonGuid: {3f87e246-2b1c-6a8c-cd06-070000000000}\r\nLogonId: 0x706CD\r\nTerminalSessionId: 1\r\nIntegrityLevel: Medium\r\nHashes: MD5=A4A6924F3EAF97981323703D38FD99C4,SHA256=1D4902A04D99E8CCBFE7085E63155955FEE397449D386453F6C452AE407B8743,IMPHASH=7FF0758B766F747CE57DFAC70743FB88\r\nParentProcessGuid: {3f87e246-2b2a-6a8c-a700-000000001000}\r\nParentProcessId: 5300\r\nParentImage: C:\\Windows\\System32\\WindowsPowerShell\\v1.0\\powershell.exe\r\nParentCommandLine: \"C:\\Windows\\System32\\WindowsPowerShell\\v1.0\\powershell.exe\" \r\nParentUser: miacsdomain\\user-01","OpCode":"Info","OriginalFileName":"whoami.exe","ParentCommandLine":"\"C:\\Windows\\System32\\WindowsPowerShell\\v1.0\\powershell.exe\"","ParentImage":"C:\\Windows\\System32\\WindowsPowerShell\\v1.0\\powershell.exe","ParentProcessGuid":"{3f87e246-2b2a-6a8c-a700-000000001000}","ParentProcessId":"5300","ParentUser":"miacsdomain\\user-01","ProcessGuid":"{3f87e246-2b2d-6a8c-aa00-000000001000}","ProcessId":"5536","Product":"Microsoft® Windows® Operating System","RecordNumber":"14456","RuleName":"-","Sid":"S-1-5-18","SidType":"0","SourceName":"Microsoft-Windows-Sysmon","TaskCategory":"Process Create (rule: ProcessCreate)","TerminalSessionId":"1","Type":"Information","User":["NOT_TRANSLATED","miacsdomain\\user-01"],"UtcTime":"2026-08-24 11:29:49.844","_raw":"08/24/2026 01:29:49.845 PM\nLogName=Microsoft-Windows-Sysmon/Operational\nEventCode=1\nEventType=4\nComputerName=Win-10.miacsdomain.com\nUser=NOT_TRANSLATED\nSid=S-1-5-18\nSidType=0\nSourceName=Microsoft-Windows-Sysmon\nType=Information\nRecordNumber=14456\nKeywords=None\nTaskCategory=Process Create (rule: ProcessCreate)\nOpCode=Info\nMessage=Process Create:\r\nRuleName: -\r\nUtcTime: 2026-08-24 11:29:49.844\r\nProcessGuid: {3f87e246-2b2d-6a8c-aa00-000000001000}\r\nProcessId: 5536\r\nImage: C:\\Windows\\System32\\whoami.exe\r\nFileVersion: 10.0.19041.1 (WinBuild.160101.0800)\r\nDescription: whoami - displays logged on user information\r\nProduct: Microsoft® Windows® Operating System\r\nCompany: Microsoft Corporation\r\nOriginalFileName: whoami.exe\r\nCommandLine: \"C:\\Windows\\system32\\whoami.exe\"\r\nCurrentDirectory: C:\\Users\\user-01\\\r\nUser: miacsdomain\\user-01\r\nLogonGuid: {3f87e246-2b1c-6a8c-cd06-070000000000}\r\nLogonId: 0x706CD\r\nTerminalSessionId: 1\r\nIntegrityLevel: Medium\r\nHashes: MD5=A4A6924F3EAF97981323703D38FD99C4,SHA256=1D4902A04D99E8CCBFE7085E63155955FEE397449D386453F6C452AE407B8743,IMPHASH=7FF0758B766F747CE57DFAC70743FB88\r\nParentProcessGuid: {3f87e246-2b2a-6a8c-a700-000000001000}\r\nParentProcessId: 5300\r\nParentImage: C:\\Windows\\System32\\WindowsPowerShell\\v1.0\\powershell.exe\r\nParentCommandLine: \"C:\\Windows\\System32\\WindowsPowerShell\\v1.0\\powershell.exe\" \r\nParentUser: miacsdomain\\user-01","_time":"2026-08-24T13:29:49.845+0200","host":"Win-10","index":"main","linecount":"38","punct":"//_::._=--/===-..==---==--====__(:_)==_:\\r:_-\\r:_--_","source":"WinEventLog:Microsoft-Windows-Sysmon/Operational","sourcetype":"WinEventLog:Microsoft-Windows-Sysmon/Operational","splunk_server":"splunk-virtual-machine"}}
{"preview":false,"result":{"ComputerName":"Win-10.miacsdomain.com","EventCode":"4104","EventType":"5","Keywords":"None","LogName":"Microsoft-Windows-PowerShell/Operational","Message":"Creating Scriptblock text (1 of 1):\r\nwhoami\r\n\r\nScriptBlock ID: 3002b64d-d946-4238-b24d-c6e4fb2517de\r\nPath:","OpCode":"On create calls","RecordNumber":"6746","ScriptBlock_ID":"3002b64d-d946-4238-b24d-c6e4fb2517de","Sid":"S-1-5-21-246749117-2054088174-1189330396-1105","SidType":"0","SourceName":"Microsoft-Windows-PowerShell","TaskCategory":"Execute a Remote Command","Type":"Verbose","User":"NOT_TRANSLATED","_raw":"08/24/2026 01:29:49.838 PM\nLogName=Microsoft-Windows-PowerShell/Operational\nEventCode=4104\nEventType=5\nComputerName=Win-10.miacsdomain.com\nUser=NOT_TRANSLATED\nSid=S-1-5-21-246749117-2054088174-1189330396-1105\nSidType=0\nSourceName=Microsoft-Windows-PowerShell\nType=Verbose\nRecordNumber=6746\nKeywords=None\nTaskCategory=Execute a Remote Command\nOpCode=On create calls\nMessage=Creating Scriptblock text (1 of 1):\r\nwhoami\r\n\r\nScriptBlock ID: 3002b64d-d946-4238-b24d-c6e4fb2517de\r\nPath:","_time":"2026-08-24T13:29:49.838+0200","host":"Win-10","index":"main","linecount":"19","punct":"//_::._=--/===-..==-------==--====___=__=___(__):\\r","source":"WinEventLog:Microsoft-Windows-PowerShell/Operational","sourcetype":"WinEventLog:Microsoft-Windows-PowerShell/Operational","splunk_server":"splunk-virtual-machine"}}
{"preview":false,"result":{"ComputerName":"Win-10.miacsdomain.com","EventCode":"4103","EventType":"4","Keywords":"None","LogName":"Microsoft-Windows-PowerShell/Operational","Message":"CommandInvocation(PSConsoleHostReadLine): \"PSConsoleHostReadLine\"\r\n\r\n\r\nContext:\r\n        Severity = Informational\r\n        Host Name = ConsoleHost\r\n        Host Version = 5.1.19041.3803\r\n        Host ID = b367531c-324f-4cfd-9671-b7158caebd11\r\n        Host Application = C:\\Windows\\System32\\WindowsPowerShell\\v1.0\\powershell.exe\r\n        Engine Version = 5.1.19041.3803\r\n        Runspace ID = cbc99a42-d19e-49ac-9ed4-d584b7919551\r\n        Pipeline ID = 3\r\n        Command Name = PSConsoleHostReadLine\r\n        Command Type = Function\r\n        Script Name = \r\n        Command Path = \r\n        Sequence Number = 20\r\n        User = miacsdomain\\user-01\r\n        Connected User = \r\n        Shell ID = Microsoft.PowerShell\r\n\r\n\r\nUser Data:","OpCode":"To be used when operation is just executing a method","RecordNumber":"6745","Sid":"S-1-5-21-246749117-2054088174-1189330396-1105","SidType":"0","SourceName":"Microsoft-Windows-PowerShell","TaskCategory":"Executing Pipeline","Type":"Information","User":"NOT_TRANSLATED","_raw":"08/24/2026 01:29:49.837 PM\nLogName=Microsoft-Windows-PowerShell/Operational\nEventCode=4103\nEventType=4\nComputerName=Win-10.miacsdomain.com\nUser=NOT_TRANSLATED\nSid=S-1-5-21-246749117-2054088174-1189330396-1105\nSidType=0\nSourceName=Microsoft-Windows-PowerShell\nType=Information\nRecordNumber=6745\nKeywords=None\nTaskCategory=Executing Pipeline\nOpCode=To be used when operation is just executing a method\nMessage=CommandInvocation(PSConsoleHostReadLine): \"PSConsoleHostReadLine\"\r\n\r\n\r\nContext:\r\n        Severity = Informational\r\n        Host Name = ConsoleHost\r\n        Host Version = 5.1.19041.3803\r\n        Host ID = b367531c-324f-4cfd-9671-b7158caebd11\r\n        Host Application = C:\\Windows\\System32\\WindowsPowerShell\\v1.0\\powershell.exe\r\n        Engine Version = 5.1.19041.3803\r\n        Runspace ID = cbc99a42-d19e-49ac-9ed4-d584b7919551\r\n        Pipeline ID = 3\r\n        Command Name = PSConsoleHostReadLine\r\n        Command Type = Function\r\n        Script Name = \r\n        Command Path = \r\n        Sequence Number = 20\r\n        User = miacsdomain\\user-01\r\n        Connected User = \r\n        Shell ID = Microsoft.PowerShell\r\n\r\n\r\nUser Data:","_time":"2026-08-24T13:29:49.837+0200","host":"Win-10","index":"main","linecount":"37","punct":"//_::._=--/===-..==-------==--====_=_________=():_","source":"WinEventLog:Microsoft-Windows-PowerShell/Operational","sourcetype":"WinEventLog:Microsoft-Windows-PowerShell/Operational","splunk_server":"splunk-virtual-machine"}}
{"preview":false,"result":{"Archived":"true","ComputerName":"Win-10.miacsdomain.com","EventCode":"23","EventType":"4","Hashes":"MD5=EFB08BBF50FF58F80C8812B65531B09C,SHA256=85783149863616130CEC21150893AB851F01048E96A9D27BD877500F01707086,IMPHASH=00000000000000000000000000000000","Image":"C:\\Windows\\SystemApps\\Microsoft.Windows.Search_cw5n1h2txyewy\\SearchApp.exe","IsExecutable":"false","Keywords":"None","LogName":"Microsoft-Windows-Sysmon/Operational","Message":"File Delete archived:\r\nRuleName: -\r\nUtcTime: 2026-08-24 11:29:46.872\r\nProcessGuid: {3f87e246-2b1e-6a8c-9900-000000001000}\r\nProcessId: 4400\r\nUser: miacsdomain\\user-01\r\nImage: C:\\Windows\\SystemApps\\Microsoft.Windows.Search_cw5n1h2txyewy\\SearchApp.exe\r\nTargetFilename: C:\\Users\\user-01\\AppData\\Local\\Packages\\Microsoft.Windows.Search_cw5n1h2txyewy\\AC\\Microsoft\\Internet Explorer\\DOMStore\\DR173E8D\\www.bing[1].xml\r\nHashes: MD5=EFB08BBF50FF58F80C8812B65531B09C,SHA256=85783149863616130CEC21150893AB851F01048E96A9D27BD877500F01707086,IMPHASH=00000000000000000000000000000000\r\nIsExecutable: false\r\nArchived: true","OpCode":"Info","ProcessGuid":"{3f87e246-2b1e-6a8c-9900-000000001000}","ProcessId":"4400","RecordNumber":"14455","RuleName":"-","Sid":"S-1-5-18","SidType":"0","SourceName":"Microsoft-Windows-Sysmon","TargetFilename":"C:\\Users\\user-01\\AppData\\Local\\Packages\\Microsoft.Windows.Search_cw5n1h2txyewy\\AC\\Microsoft\\Internet Explorer\\DOMStore\\DR173E8D\\www.bing[1].xml","TaskCategory":"File Delete archived (rule: FileDelete)","Type":"Information","User":["NOT_TRANSLATED","miacsdomain\\user-01"],"UtcTime":"2026-08-24 11:29:46.872","_raw":"08/24/2026 01:29:46.887 PM\nLogName=Microsoft-Windows-Sysmon/Operational\nEventCode=23\nEventType=4\nComputerName=Win-10.miacsdomain.com\nUser=NOT_TRANSLATED\nSid=S-1-5-18\nSidType=0\nSourceName=Microsoft-Windows-Sysmon\nType=Information\nRecordNumber=14455\nKeywords=None\nTaskCategory=File Delete archived (rule: FileDelete)\nOpCode=Info\nMessage=File Delete archived:\r\nRuleName: -\r\nUtcTime: 2026-08-24 11:29:46.872\r\nProcessGuid: {3f87e246-2b1e-6a8c-9900-000000001000}\r\nProcessId: 4400\r\nUser: miacsdomain\\user-01\r\nImage: C:\\Windows\\SystemApps\\Microsoft.Windows.Search_cw5n1h2txyewy\\SearchApp.exe\r\nTargetFilename: C:\\Users\\user-01\\AppData\\Local\\Packages\\Microsoft.Windows.Search_cw5n1h2txyewy\\AC\\Microsoft\\Internet Explorer\\DOMStore\\DR173E8D\\www.bing[1].xml\r\nHashes: MD5=EFB08BBF50FF58F80C8812B65531B09C,SHA256=85783149863616130CEC21150893AB851F01048E96A9D27BD877500F01707086,IMPHASH=00000000000000000000000000000000\r\nIsExecutable: false\r\nArchived: true","_time":"2026-08-24T13:29:46.887+0200","host":"Win-10","index":"main","linecount":"25","punct":"//_::._=--/===-..==---==--====___(:_)==__:\\r:_-\\r:_-","source":"WinEventLog:Microsoft-Windows-Sysmon/Operational","sourcetype":"WinEventLog:Microsoft-Windows-Sysmon/Operational","splunk_server":"splunk-virtual-machine"}}
{"preview":false,"result":{"ComputerName":"Win-10.miacsdomain.com","EventCode":"4103","EventType":"4","Keywords":"None","LogName":"Microsoft-Windows-PowerShell/Operational","Message":"CommandInvocation(Get-Variable): \"Get-Variable\"\r\nParameterBinding(Get-Variable): name=\"Name\"; value=\"host\"\r\nParameterBinding(Get-Variable): name=\"ValueOnly\"; value=\"True\"\r\n\r\n\r\nContext:\r\n        Severity = Informational\r\n        Host Name = ConsoleHost\r\n        Host Version = 5.1.19041.3803\r\n        Host ID = b367531c-324f-4cfd-9671-b7158caebd11\r\n        Host Application = C:\\Windows\\System32\\WindowsPowerShell\\v1.0\\powershell.exe\r\n        Engine Version = 5.1.19041.3803\r\n        Runspace ID = cbc99a42-d19e-49ac-9ed4-d584b7919551\r\n        Pipeline ID = 4\r\n        Command Name = Get-Variable\r\n        Command Type = Cmdlet\r\n        Script Name = \r\n        Command Path = \r\n        Sequence Number = 18\r\n        User = miacsdomain\\user-01\r\n        Connected User = \r\n        Shell ID = Microsoft.PowerShell\r\n\r\n\r\nUser Data:","OpCode":"To be used when operation is just executing a method","ParameterBinding_Get_Variable_":["name=\"Name\"; value=\"host\"","name=\"ValueOnly\"; value=\"True\""],"RecordNumber":"6744","Sid":"S-1-5-21-246749117-2054088174-1189330396-1105","SidType":"0","SourceName":"Microsoft-Windows-PowerShell","TaskCategory":"Executing Pipeline","Type":"Information","User":"NOT_TRANSLATED","_raw":"08/24/2026 01:29:46.739 PM\nLogName=Microsoft-Windows-PowerShell/Operational\nEventCode=4103\nEventType=4\nComputerName=Win-10.miacsdomain.com\nUser=NOT_TRANSLATED\nSid=S-1-5-21-246749117-2054088174-1189330396-1105\nSidType=0\nSourceName=Microsoft-Windows-PowerShell\nType=Information\nRecordNumber=6744\nKeywords=None\nTaskCategory=Executing Pipeline\nOpCode=To be used when operation is just executing a method\nMessage=CommandInvocation(Get-Variable): \"Get-Variable\"\r\nParameterBinding(Get-Variable): name=\"Name\"; value=\"host\"\r\nParameterBinding(Get-Variable): name=\"ValueOnly\"; value=\"True\"\r\n\r\n\r\nContext:\r\n        Severity = Informational\r\n        Host Name = ConsoleHost\r\n        Host Version = 5.1.19041.3803\r\n        Host ID = b367531c-324f-4cfd-9671-b7158caebd11\r\n        Host Application = C:\\Windows\\System32\\WindowsPowerShell\\v1.0\\powershell.exe\r\n        Engine Version = 5.1.19041.3803\r\n        Runspace ID = cbc99a42-d19e-49ac-9ed4-d584b7919551\r\n        Pipeline ID = 4\r\n        Command Name = Get-Variable\r\n        Command Type = Cmdlet\r\n        Script Name = \r\n        Command Path = \r\n        Sequence Number = 18\r\n        User = miacsdomain\\user-01\r\n        Connected User = \r\n        Shell ID = Microsoft.PowerShell\r\n\r\n\r\nUser Data:","_time":"2026-08-24T13:29:46.739+0200","host":"Win-10","index":"main","linecount":"39","punct":"//_::._=--/===-..==-------==--====_=_________=(-):","source":"WinEventLog:Microsoft-Windows-PowerShell/Operational","sourcetype":"WinEventLog:Microsoft-Windows-PowerShell/Operational","splunk_server":"splunk-virtual-machine"}}
{"preview":false,"result":{"ComputerName":"Win-10.miacsdomain.com","EventCode":"4103","EventType":"4","Keywords":"None","LogName":"Microsoft-Windows-PowerShell/Operational","Message":"CommandInvocation(Set-StrictMode): \"Set-StrictMode\"\r\nParameterBinding(Set-StrictMode): name=\"Off\"; value=\"True\"\r\n\r\n\r\nContext:\r\n        Severity = Informational\r\n        Host Name = ConsoleHost\r\n        Host Version = 5.1.19041.3803\r\n        Host ID = b367531c-324f-4cfd-9671-b7158caebd11\r\n        Host Application = C:\\Windows\\System32\\WindowsPowerShell\\v1.0\\powershell.exe\r\n        Engine Version = 5.1.19041.3803\r\n        Runspace ID = cbc99a42-d19e-49ac-9ed4-d584b7919551\r\n        Pipeline ID = 3\r\n        Command Name = Set-StrictMode\r\n        Command Type = Cmdlet\r\n        Script Name = C:\\Program Files\\WindowsPowerShell\\Modules\\PSReadline\\2.0.0\\PSReadLine.psm1\r\n        Command Path = \r\n        Sequence Number = 16\r\n        User = miacsdomain\\user-01\r\n        Connected User = \r\n        Shell ID = Microsoft.PowerShell\r\n\r\n\r\nUser Data:","OpCode":"To be used when operation is just executing a method","ParameterBinding_Set_StrictMode_":"name=\"Off\"; value=\"True\"","RecordNumber":"6743","Sid":"S-1-5-21-246749117-2054088174-1189330396-1105","SidType":"0","SourceName":"Microsoft-Windows-PowerShell","TaskCategory":"Executing Pipeline","Type":"Information","User":"NOT_TRANSLATED","_raw":"08/24/2026 01:29:46.692 PM\nLogName=Microsoft-Windows-PowerShell/Operational\nEventCode=4103\nEventType=4\nComputerName=Win-10.miacsdomain.com\nUser=NOT_TRANSLATED\nSid=S-1-5-21-246749117-2054088174-1189330396-1105\nSidType=0\nSourceName=Microsoft-Windows-PowerShell\nType=Information\nRecordNumber=6743\nKeywords=None\nTaskCategory=Executing Pipeline\nOpCode=To be used when operation is just executing a method\nMessage=CommandInvocation(Set-StrictMode): \"Set-StrictMode\"\r\nParameterBinding(Set-StrictMode): name=\"Off\"; value=\"True\"\r\n\r\n\r\nContext:\r\n        Severity = Informational\r\n        Host Name = ConsoleHost\r\n        Host Version = 5.1.19041.3803\r\n        Host ID = b367531c-324f-4cfd-9671-b7158caebd11\r\n        Host Application = C:\\Windows\\System32\\WindowsPowerShell\\v1.0\\powershell.exe\r\n        Engine Version = 5.1.19041.3803\r\n        Runspace ID = cbc99a42-d19e-49ac-9ed4-d584b7919551\r\n        Pipeline ID = 3\r\n        Command Name = Set-StrictMode\r\n        Command Type = Cmdlet\r\n        Script Name = C:\\Program Files\\WindowsPowerShell\\Modules\\PSReadline\\2.0.0\\PSReadLine.psm1\r\n        Command Path = \r\n        Sequence Number = 16\r\n        User = miacsdomain\\user-01\r\n        Connected User = \r\n        Shell ID = Microsoft.PowerShell\r\n\r\n\r\nUser Data:","_time":"2026-08-24T13:29:46.692+0200","host":"Win-10","index":"main","linecount":"38","punct":"//_::._=--/===-..==-------==--====_=_________=(-):","source":"WinEventLog:Microsoft-Windows-PowerShell/Operational","sourcetype":"WinEventLog:Microsoft-Windows-PowerShell/Operational","splunk_server":"splunk-virtual-machine"}}
{"preview":false,"result":{"ComputerName":"Win-10.miacsdomain.com","EventCode":"4104","EventType":"5","Keywords":"None","LogName":"Microsoft-Windows-PowerShell/Operational","Message":"Creating Scriptblock text (1 of 1):\r\nprompt\r\n\r\nScriptBlock ID: eb9571d8-9033-4da3-a848-f766ce1c5d5c\r\nPath:","OpCode":"On create calls","RecordNumber":"6742","ScriptBlock_ID":"eb9571d8-9033-4da3-a848-f766ce1c5d5c","Sid":"S-1-5-21-246749117-2054088174-1189330396-1105","SidType":"0","SourceName":"Microsoft-Windows-PowerShell","TaskCategory":"Execute a Remote Command","Type":"Verbose","User":"NOT_TRANSLATED","_raw":"08/24/2026 01:29:46.677 PM\nLogName=Microsoft-Windows-PowerShell/Operational\nEventCode=4104\nEventType=5\nComputerName=Win-10.miacsdomain.com\nUser=NOT_TRANSLATED\nSid=S-1-5-21-246749117-2054088174-1189330396-1105\nSidType=0\nSourceName=Microsoft-Windows-PowerShell\nType=Verbose\nRecordNumber=6742\nKeywords=None\nTaskCategory=Execute a Remote Command\nOpCode=On create calls\nMessage=Creating Scriptblock text (1 of 1):\r\nprompt\r\n\r\nScriptBlock ID: eb9571d8-9033-4da3-a848-f766ce1c5d5c\r\nPath:","_time":"2026-08-24T13:29:46.677+0200","host":"Win-10","index":"main","linecount":"19","punct":"//_::._=--/===-..==-------==--====___=__=___(__):\\r","source":"WinEventLog:Microsoft-Windows-PowerShell/Operational","sourcetype":"WinEventLog:Microsoft-Windows-PowerShell/Operational","splunk_server":"splunk-virtual-machine"}}
{"preview":false,"result":{"ComputerName":"Win-10.miacsdomain.com","EventCode":"40962","EventType":"4","Keywords":"None","LogName":"Microsoft-Windows-PowerShell/Operational","Message":"PowerShell console is ready for user input","OpCode":"Stop","RecordNumber":"6741","Sid":"S-1-5-21-246749117-2054088174-1189330396-1105","SidType":"0","SourceName":"Microsoft-Windows-PowerShell","TaskCategory":"PowerShell Console Startup","Type":"Information","User":"NOT_TRANSLATED","_raw":"08/24/2026 01:29:46.676 PM\nLogName=Microsoft-Windows-PowerShell/Operational\nEventCode=40962\nEventType=4\nComputerName=Win-10.miacsdomain.com\nUser=NOT_TRANSLATED\nSid=S-1-5-21-246749117-2054088174-1189330396-1105\nSidType=0\nSourceName=Microsoft-Windows-PowerShell\nType=Information\nRecordNumber=6741\nKeywords=None\nTaskCategory=PowerShell Console Startup\nOpCode=Stop\nMessage=PowerShell console is ready for user input","_time":"2026-08-24T13:29:46.676+0200","host":"Win-10","index":"main","linecount":"15","punct":"//_::._=--/===-..==-------==--====__==______","source":"WinEventLog:Microsoft-Windows-PowerShell/Operational","sourcetype":"WinEventLog:Microsoft-Windows-PowerShell/Operational","splunk_server":"splunk-virtual-machine"}}
{"preview":false,"result":{"ComputerName":"Win-10.miacsdomain.com","EventCode":"53504","EventType":"4","Keywords":"None","LogName":"Microsoft-Windows-PowerShell/Operational","Message":"Windows PowerShell has started an IPC listening thread on process: 5300 in AppDomain: DefaultAppDomain.","OpCode":"Open (async)","RecordNumber":"6740","Sid":"S-1-5-21-246749117-2054088174-1189330396-1105","SidType":"0","SourceName":"Microsoft-Windows-PowerShell","TaskCategory":"PowerShell Named Pipe IPC","Type":"Information","User":"NOT_TRANSLATED","_raw":"08/24/2026 01:29:46.616 PM\nLogName=Microsoft-Windows-PowerShell/Operational\nEventCode=53504\nEventType=4\nComputerName=Win-10.miacsdomain.com\nUser=NOT_TRANSLATED\nSid=S-1-5-21-246749117-2054088174-1189330396-1105\nSidType=0\nSourceName=Microsoft-Windows-PowerShell\nType=Information\nRecordNumber=6740\nKeywords=None\nTaskCategory=PowerShell Named Pipe IPC\nOpCode=Open (async)\nMessage=Windows PowerShell has started an IPC listening thread on process: 5300 in AppDomain: DefaultAppDomain.","_time":"2026-08-24T13:29:46.616+0200","host":"Win-10","index":"main","linecount":"15","punct":"//_::._=--/===-..==-------==--====___=_()=________","source":"WinEventLog:Microsoft-Windows-PowerShell/Operational","sourcetype":"WinEventLog:Microsoft-Windows-PowerShell/Operational","splunk_server":"splunk-virtual-machine"}}
{"preview":false,"result":{"Archived":"true","ComputerName":"Win-10.miacsdomain.com","EventCode":"23","EventType":"4","Hashes":"MD5=D17FE0A3F47BE24A6453E9EF58C94641,SHA256=96AD1146EB96877EAB5942AE0736B82D8B5E2039A80D3D6932665C1A4C87DCF7,IMPHASH=00000000000000000000000000000000","Image":"C:\\Windows\\System32\\WindowsPowerShell\\v1.0\\powershell.exe","IsExecutable":"false","Keywords":"None","LogName":"Microsoft-Windows-Sysmon/Operational","Message":"File Delete archived:\r\nRuleName: -\r\nUtcTime: 2026-08-24 11:29:46.591\r\nProcessGuid: {3f87e246-2b2a-6a8c-a700-000000001000}\r\nProcessId: 5300\r\nUser: miacsdomain\\user-01\r\nImage: C:\\Windows\\System32\\WindowsPowerShell\\v1.0\\powershell.exe\r\nTargetFilename: C:\\Users\\user-01\\AppData\\Local\\Temp\\__PSScriptPolicyTest_enstgqdv.mn0.psm1\r\nHashes: MD5=D17FE0A3F47BE24A6453E9EF58C94641,SHA256=96AD1146EB96877EAB5942AE0736B82D8B5E2039A80D3D6932665C1A4C87DCF7,IMPHASH=00000000000000000000000000000000\r\nIsExecutable: false\r\nArchived: true","OpCode":"Info","ProcessGuid":"{3f87e246-2b2a-6a8c-a700-000000001000}","ProcessId":"5300","RecordNumber":"14454","RuleName":"-","Sid":"S-1-5-18","SidType":"0","SourceName":"Microsoft-Windows-Sysmon","TargetFilename":"C:\\Users\\user-01\\AppData\\Local\\Temp\\__PSScriptPolicyTest_enstgqdv.mn0.psm1","TaskCategory":"File Delete archived (rule: FileDelete)","Type":"Information","User":["NOT_TRANSLATED","miacsdomain\\user-01"],"UtcTime":"2026-08-24 11:29:46.591","_raw":"08/24/2026 01:29:46.603 PM\nLogName=Microsoft-Windows-Sysmon/Operational\nEventCode=23\nEventType=4\nComputerName=Win-10.miacsdomain.com\nUser=NOT_TRANSLATED\nSid=S-1-5-18\nSidType=0\nSourceName=Microsoft-Windows-Sysmon\nType=Information\nRecordNumber=14454\nKeywords=None\nTaskCategory=File Delete archived (rule: FileDelete)\nOpCode=Info\nMessage=File Delete archived:\r\nRuleName: -\r\nUtcTime: 2026-08-24 11:29:46.591\r\nProcessGuid: {3f87e246-2b2a-6a8c-a700-000000001000}\r\nProcessId: 5300\r\nUser: miacsdomain\\user-01\r\nImage: C:\\Windows\\System32\\WindowsPowerShell\\v1.0\\powershell.exe\r\nTargetFilename: C:\\Users\\user-01\\AppData\\Local\\Temp\\__PSScriptPolicyTest_enstgqdv.mn0.psm1\r\nHashes: MD5=D17FE0A3F47BE24A6453E9EF58C94641,SHA256=96AD1146EB96877EAB5942AE0736B82D8B5E2039A80D3D6932665C1A4C87DCF7,IMPHASH=00000000000000000000000000000000\r\nIsExecutable: false\r\nArchived: true","_time":"2026-08-24T13:29:46.603+0200","host":"Win-10","index":"main","linecount":"25","punct":"//_::._=--/===-..==---==--====___(:_)==__:\\r:_-\\r:_-","source":"WinEventLog:Microsoft-Windows-Sysmon/Operational","sourcetype":"WinEventLog:Microsoft-Windows-Sysmon/Operational","splunk_server":"splunk-virtual-machine"}}
