{"preview":false,"result":{"ComputerName":"Win-10.miacsdomain.com","Details":"{CB3D0F55-BC2C-4C1A-85ED-23ED75B5106B}","EventCode":"13","EventType":["4","SetValue"],"Image":"C:\\Users\\user-01\\AppData\\Local\\Microsoft\\OneDrive\\OneDrive.exe","Keywords":"None","LogName":"Microsoft-Windows-Sysmon/Operational","Message":"Registry value set:\r\nRuleName: -\r\nEventType: SetValue\r\nUtcTime: 2026-08-24 11:29:45.388\r\nProcessGuid: {3f87e246-2b28-6a8c-a600-000000001000}\r\nProcessId: 5072\r\nImage: C:\\Users\\user-01\\AppData\\Local\\Microsoft\\OneDrive\\OneDrive.exe\r\nTargetObject: HKU\\S-1-5-21-246749117-2054088174-1189330396-1105_Classes\\IE.AssocFile.URL\\shellex\\ContextMenuHandlers\\ FileSyncEx\\(Default)\r\nDetails: {CB3D0F55-BC2C-4C1A-85ED-23ED75B5106B}\r\nUser: miacsdomain\\user-01","OpCode":"Info","ProcessGuid":"{3f87e246-2b28-6a8c-a600-000000001000}","ProcessId":"5072","RecordNumber":"14436","RuleName":"-","Sid":"S-1-5-18","SidType":"0","SourceName":"Microsoft-Windows-Sysmon","TargetObject":"HKU\\S-1-5-21-246749117-2054088174-1189330396-1105_Classes\\IE.AssocFile.URL\\shellex\\ContextMenuHandlers\\ FileSyncEx\\(Default)","TaskCategory":"Registry value set (rule: RegistryEvent)","Type":"Information","User":["NOT_TRANSLATED","miacsdomain\\user-01"],"UtcTime":"2026-08-24 11:29:45.388","_raw":"08/24/2026 01:29:45.413 PM\nLogName=Microsoft-Windows-Sysmon/Operational\nEventCode=13\nEventType=4\nComputerName=Win-10.miacsdomain.com\nUser=NOT_TRANSLATED\nSid=S-1-5-18\nSidType=0\nSourceName=Microsoft-Windows-Sysmon\nType=Information\nRecordNumber=14436\nKeywords=None\nTaskCategory=Registry value set (rule: RegistryEvent)\nOpCode=Info\nMessage=Registry value set:\r\nRuleName: -\r\nEventType: SetValue\r\nUtcTime: 2026-08-24 11:29:45.388\r\nProcessGuid: {3f87e246-2b28-6a8c-a600-000000001000}\r\nProcessId: 5072\r\nImage: C:\\Users\\user-01\\AppData\\Local\\Microsoft\\OneDrive\\OneDrive.exe\r\nTargetObject: HKU\\S-1-5-21-246749117-2054088174-1189330396-1105_Classes\\IE.AssocFile.URL\\shellex\\ContextMenuHandlers\\ FileSyncEx\\(Default)\r\nDetails: {CB3D0F55-BC2C-4C1A-85ED-23ED75B5106B}\r\nUser: miacsdomain\\user-01","_time":"2026-08-24T13:29:45.413+0200","host":"Win-10","index":"main","linecount":"24","punct":"//_::._=--/===-..==---==--====___(:_)==__:\\r:_-\\r:_\\r","source":"WinEventLog:Microsoft-Windows-Sysmon/Operational","sourcetype":"WinEventLog:Microsoft-Windows-Sysmon/Operational","splunk_server":"splunk-virtual-machine"}}
{"preview":false,"result":{"ComputerName":"Win-10.miacsdomain.com","Details":"{CB3D0F55-BC2C-4C1A-85ED-23ED75B5106B}","EventCode":"13","EventType":["4","SetValue"],"Image":"C:\\Users\\user-01\\AppData\\Local\\Microsoft\\OneDrive\\OneDrive.exe","Keywords":"None","LogName":"Microsoft-Windows-Sysmon/Operational","Message":"Registry value set:\r\nRuleName: -\r\nEventType: SetValue\r\nUtcTime: 2026-08-24 11:29:45.388\r\nProcessGuid: {3f87e246-2b28-6a8c-a600-000000001000}\r\nProcessId: 5072\r\nImage: C:\\Users\\user-01\\AppData\\Local\\Microsoft\\OneDrive\\OneDrive.exe\r\nTargetObject: HKU\\S-1-5-21-246749117-2054088174-1189330396-1105_Classes\\Directory\\shellex\\ContextMenuHandlers\\ FileSyncEx\\(Default)\r\nDetails: {CB3D0F55-BC2C-4C1A-85ED-23ED75B5106B}\r\nUser: miacsdomain\\user-01","OpCode":"Info","ProcessGuid":"{3f87e246-2b28-6a8c-a600-000000001000}","ProcessId":"5072","RecordNumber":"14435","RuleName":"-","Sid":"S-1-5-18","SidType":"0","SourceName":"Microsoft-Windows-Sysmon","TargetObject":"HKU\\S-1-5-21-246749117-2054088174-1189330396-1105_Classes\\Directory\\shellex\\ContextMenuHandlers\\ FileSyncEx\\(Default)","TaskCategory":"Registry value set (rule: RegistryEvent)","Type":"Information","User":["NOT_TRANSLATED","miacsdomain\\user-01"],"UtcTime":"2026-08-24 11:29:45.388","_raw":"08/24/2026 01:29:45.413 PM\nLogName=Microsoft-Windows-Sysmon/Operational\nEventCode=13\nEventType=4\nComputerName=Win-10.miacsdomain.com\nUser=NOT_TRANSLATED\nSid=S-1-5-18\nSidType=0\nSourceName=Microsoft-Windows-Sysmon\nType=Information\nRecordNumber=14435\nKeywords=None\nTaskCategory=Registry value set (rule: RegistryEvent)\nOpCode=Info\nMessage=Registry value set:\r\nRuleName: -\r\nEventType: SetValue\r\nUtcTime: 2026-08-24 11:29:45.388\r\nProcessGuid: {3f87e246-2b28-6a8c-a600-000000001000}\r\nProcessId: 5072\r\nImage: C:\\Users\\user-01\\AppData\\Local\\Microsoft\\OneDrive\\OneDrive.exe\r\nTargetObject: HKU\\S-1-5-21-246749117-2054088174-1189330396-1105_Classes\\Directory\\shellex\\ContextMenuHandlers\\ FileSyncEx\\(Default)\r\nDetails: {CB3D0F55-BC2C-4C1A-85ED-23ED75B5106B}\r\nUser: miacsdomain\\user-01","_time":"2026-08-24T13:29:45.413+0200","host":"Win-10","index":"main","linecount":"24","punct":"//_::._=--/===-..==---==--====___(:_)==__:\\r:_-\\r:_\\r","source":"WinEventLog:Microsoft-Windows-Sysmon/Operational","sourcetype":"WinEventLog:Microsoft-Windows-Sysmon/Operational","splunk_server":"splunk-virtual-machine"}}
{"preview":false,"result":{"ComputerName":"Win-10.miacsdomain.com","Details":"{CB3D0F55-BC2C-4C1A-85ED-23ED75B5106B}","EventCode":"13","EventType":["4","SetValue"],"Image":"C:\\Users\\user-01\\AppData\\Local\\Microsoft\\OneDrive\\OneDrive.exe","Keywords":"None","LogName":"Microsoft-Windows-Sysmon/Operational","Message":"Registry value set:\r\nRuleName: -\r\nEventType: SetValue\r\nUtcTime: 2026-08-24 11:29:45.388\r\nProcessGuid: {3f87e246-2b28-6a8c-a600-000000001000}\r\nProcessId: 5072\r\nImage: C:\\Users\\user-01\\AppData\\Local\\Microsoft\\OneDrive\\OneDrive.exe\r\nTargetObject: HKU\\S-1-5-21-246749117-2054088174-1189330396-1105_Classes\\Directory\\shellex\\ContextMenuHandlers\\ FileSyncEx\\(Default)\r\nDetails: {CB3D0F55-BC2C-4C1A-85ED-23ED75B5106B}\r\nUser: miacsdomain\\user-01","OpCode":"Info","ProcessGuid":"{3f87e246-2b28-6a8c-a600-000000001000}","ProcessId":"5072","RecordNumber":"14434","RuleName":"-","Sid":"S-1-5-18","SidType":"0","SourceName":"Microsoft-Windows-Sysmon","TargetObject":"HKU\\S-1-5-21-246749117-2054088174-1189330396-1105_Classes\\Directory\\shellex\\ContextMenuHandlers\\ FileSyncEx\\(Default)","TaskCategory":"Registry value set (rule: RegistryEvent)","Type":"Information","User":["NOT_TRANSLATED","miacsdomain\\user-01"],"UtcTime":"2026-08-24 11:29:45.388","_raw":"08/24/2026 01:29:45.413 PM\nLogName=Microsoft-Windows-Sysmon/Operational\nEventCode=13\nEventType=4\nComputerName=Win-10.miacsdomain.com\nUser=NOT_TRANSLATED\nSid=S-1-5-18\nSidType=0\nSourceName=Microsoft-Windows-Sysmon\nType=Information\nRecordNumber=14434\nKeywords=None\nTaskCategory=Registry value set (rule: RegistryEvent)\nOpCode=Info\nMessage=Registry value set:\r\nRuleName: -\r\nEventType: SetValue\r\nUtcTime: 2026-08-24 11:29:45.388\r\nProcessGuid: {3f87e246-2b28-6a8c-a600-000000001000}\r\nProcessId: 5072\r\nImage: C:\\Users\\user-01\\AppData\\Local\\Microsoft\\OneDrive\\OneDrive.exe\r\nTargetObject: HKU\\S-1-5-21-246749117-2054088174-1189330396-1105_Classes\\Directory\\shellex\\ContextMenuHandlers\\ FileSyncEx\\(Default)\r\nDetails: {CB3D0F55-BC2C-4C1A-85ED-23ED75B5106B}\r\nUser: miacsdomain\\user-01","_time":"2026-08-24T13:29:45.413+0200","host":"Win-10","index":"main","linecount":"24","punct":"//_::._=--/===-..==---==--====___(:_)==__:\\r:_-\\r:_\\r","source":"WinEventLog:Microsoft-Windows-Sysmon/Operational","sourcetype":"WinEventLog:Microsoft-Windows-Sysmon/Operational","splunk_server":"splunk-virtual-machine"}}
{"preview":false,"result":{"ComputerName":"Win-10.miacsdomain.com","Details":"{CB3D0F55-BC2C-4C1A-85ED-23ED75B5106B}","EventCode":"13","EventType":["4","SetValue"],"Image":"C:\\Users\\user-01\\AppData\\Local\\Microsoft\\OneDrive\\OneDrive.exe","Keywords":"None","LogName":"Microsoft-Windows-Sysmon/Operational","Message":"Registry value set:\r\nRuleName: -\r\nEventType: SetValue\r\nUtcTime: 2026-08-24 11:29:45.388\r\nProcessGuid: {3f87e246-2b28-6a8c-a600-000000001000}\r\nProcessId: 5072\r\nImage: C:\\Users\\user-01\\AppData\\Local\\Microsoft\\OneDrive\\OneDrive.exe\r\nTargetObject: HKU\\S-1-5-21-246749117-2054088174-1189330396-1105_Classes\\Directory\\Background\\shellex\\ContextMenuHandlers\\ FileSyncEx\\(Default)\r\nDetails: {CB3D0F55-BC2C-4C1A-85ED-23ED75B5106B}\r\nUser: miacsdomain\\user-01","OpCode":"Info","ProcessGuid":"{3f87e246-2b28-6a8c-a600-000000001000}","ProcessId":"5072","RecordNumber":"14433","RuleName":"-","Sid":"S-1-5-18","SidType":"0","SourceName":"Microsoft-Windows-Sysmon","TargetObject":"HKU\\S-1-5-21-246749117-2054088174-1189330396-1105_Classes\\Directory\\Background\\shellex\\ContextMenuHandlers\\ FileSyncEx\\(Default)","TaskCategory":"Registry value set (rule: RegistryEvent)","Type":"Information","User":["NOT_TRANSLATED","miacsdomain\\user-01"],"UtcTime":"2026-08-24 11:29:45.388","_raw":"08/24/2026 01:29:45.413 PM\nLogName=Microsoft-Windows-Sysmon/Operational\nEventCode=13\nEventType=4\nComputerName=Win-10.miacsdomain.com\nUser=NOT_TRANSLATED\nSid=S-1-5-18\nSidType=0\nSourceName=Microsoft-Windows-Sysmon\nType=Information\nRecordNumber=14433\nKeywords=None\nTaskCategory=Registry value set (rule: RegistryEvent)\nOpCode=Info\nMessage=Registry value set:\r\nRuleName: -\r\nEventType: SetValue\r\nUtcTime: 2026-08-24 11:29:45.388\r\nProcessGuid: {3f87e246-2b28-6a8c-a600-000000001000}\r\nProcessId: 5072\r\nImage: C:\\Users\\user-01\\AppData\\Local\\Microsoft\\OneDrive\\OneDrive.exe\r\nTargetObject: HKU\\S-1-5-21-246749117-2054088174-1189330396-1105_Classes\\Directory\\Background\\shellex\\ContextMenuHandlers\\ FileSyncEx\\(Default)\r\nDetails: {CB3D0F55-BC2C-4C1A-85ED-23ED75B5106B}\r\nUser: miacsdomain\\user-01","_time":"2026-08-24T13:29:45.413+0200","host":"Win-10","index":"main","linecount":"24","punct":"//_::._=--/===-..==---==--====___(:_)==__:\\r:_-\\r:_\\r","source":"WinEventLog:Microsoft-Windows-Sysmon/Operational","sourcetype":"WinEventLog:Microsoft-Windows-Sysmon/Operational","splunk_server":"splunk-virtual-machine"}}
{"preview":false,"result":{"ComputerName":"Win-10.miacsdomain.com","Details":"{CB3D0F55-BC2C-4C1A-85ED-23ED75B5106B}","EventCode":"13","EventType":["4","SetValue"],"Image":"C:\\Users\\user-01\\AppData\\Local\\Microsoft\\OneDrive\\OneDrive.exe","Keywords":"None","LogName":"Microsoft-Windows-Sysmon/Operational","Message":"Registry value set:\r\nRuleName: -\r\nEventType: SetValue\r\nUtcTime: 2026-08-24 11:29:45.388\r\nProcessGuid: {3f87e246-2b28-6a8c-a600-000000001000}\r\nProcessId: 5072\r\nImage: C:\\Users\\user-01\\AppData\\Local\\Microsoft\\OneDrive\\OneDrive.exe\r\nTargetObject: HKU\\S-1-5-21-246749117-2054088174-1189330396-1105_Classes\\Directory\\Background\\shellex\\ContextMenuHandlers\\ FileSyncEx\\(Default)\r\nDetails: {CB3D0F55-BC2C-4C1A-85ED-23ED75B5106B}\r\nUser: miacsdomain\\user-01","OpCode":"Info","ProcessGuid":"{3f87e246-2b28-6a8c-a600-000000001000}","ProcessId":"5072","RecordNumber":"14432","RuleName":"-","Sid":"S-1-5-18","SidType":"0","SourceName":"Microsoft-Windows-Sysmon","TargetObject":"HKU\\S-1-5-21-246749117-2054088174-1189330396-1105_Classes\\Directory\\Background\\shellex\\ContextMenuHandlers\\ FileSyncEx\\(Default)","TaskCategory":"Registry value set (rule: RegistryEvent)","Type":"Information","User":["NOT_TRANSLATED","miacsdomain\\user-01"],"UtcTime":"2026-08-24 11:29:45.388","_raw":"08/24/2026 01:29:45.413 PM\nLogName=Microsoft-Windows-Sysmon/Operational\nEventCode=13\nEventType=4\nComputerName=Win-10.miacsdomain.com\nUser=NOT_TRANSLATED\nSid=S-1-5-18\nSidType=0\nSourceName=Microsoft-Windows-Sysmon\nType=Information\nRecordNumber=14432\nKeywords=None\nTaskCategory=Registry value set (rule: RegistryEvent)\nOpCode=Info\nMessage=Registry value set:\r\nRuleName: -\r\nEventType: SetValue\r\nUtcTime: 2026-08-24 11:29:45.388\r\nProcessGuid: {3f87e246-2b28-6a8c-a600-000000001000}\r\nProcessId: 5072\r\nImage: C:\\Users\\user-01\\AppData\\Local\\Microsoft\\OneDrive\\OneDrive.exe\r\nTargetObject: HKU\\S-1-5-21-246749117-2054088174-1189330396-1105_Classes\\Directory\\Background\\shellex\\ContextMenuHandlers\\ FileSyncEx\\(Default)\r\nDetails: {CB3D0F55-BC2C-4C1A-85ED-23ED75B5106B}\r\nUser: miacsdomain\\user-01","_time":"2026-08-24T13:29:45.413+0200","host":"Win-10","index":"main","linecount":"24","punct":"//_::._=--/===-..==---==--====___(:_)==__:\\r:_-\\r:_\\r","source":"WinEventLog:Microsoft-Windows-Sysmon/Operational","sourcetype":"WinEventLog:Microsoft-Windows-Sysmon/Operational","splunk_server":"splunk-virtual-machine"}}
{"preview":false,"result":{"ComputerName":"Win-10.miacsdomain.com","Details":"{CB3D0F55-BC2C-4C1A-85ED-23ED75B5106B}","EventCode":"13","EventType":["4","SetValue"],"Image":"C:\\Users\\user-01\\AppData\\Local\\Microsoft\\OneDrive\\OneDrive.exe","Keywords":"None","LogName":"Microsoft-Windows-Sysmon/Operational","Message":"Registry value set:\r\nRuleName: -\r\nEventType: SetValue\r\nUtcTime: 2026-08-24 11:29:45.388\r\nProcessGuid: {3f87e246-2b28-6a8c-a600-000000001000}\r\nProcessId: 5072\r\nImage: C:\\Users\\user-01\\AppData\\Local\\Microsoft\\OneDrive\\OneDrive.exe\r\nTargetObject: HKU\\S-1-5-21-246749117-2054088174-1189330396-1105_Classes\\*\\shellex\\ContextMenuHandlers\\ FileSyncEx\\(Default)\r\nDetails: {CB3D0F55-BC2C-4C1A-85ED-23ED75B5106B}\r\nUser: miacsdomain\\user-01","OpCode":"Info","ProcessGuid":"{3f87e246-2b28-6a8c-a600-000000001000}","ProcessId":"5072","RecordNumber":"14431","RuleName":"-","Sid":"S-1-5-18","SidType":"0","SourceName":"Microsoft-Windows-Sysmon","TargetObject":"HKU\\S-1-5-21-246749117-2054088174-1189330396-1105_Classes\\*\\shellex\\ContextMenuHandlers\\ FileSyncEx\\(Default)","TaskCategory":"Registry value set (rule: RegistryEvent)","Type":"Information","User":["NOT_TRANSLATED","miacsdomain\\user-01"],"UtcTime":"2026-08-24 11:29:45.388","_raw":"08/24/2026 01:29:45.413 PM\nLogName=Microsoft-Windows-Sysmon/Operational\nEventCode=13\nEventType=4\nComputerName=Win-10.miacsdomain.com\nUser=NOT_TRANSLATED\nSid=S-1-5-18\nSidType=0\nSourceName=Microsoft-Windows-Sysmon\nType=Information\nRecordNumber=14431\nKeywords=None\nTaskCategory=Registry value set (rule: RegistryEvent)\nOpCode=Info\nMessage=Registry value set:\r\nRuleName: -\r\nEventType: SetValue\r\nUtcTime: 2026-08-24 11:29:45.388\r\nProcessGuid: {3f87e246-2b28-6a8c-a600-000000001000}\r\nProcessId: 5072\r\nImage: C:\\Users\\user-01\\AppData\\Local\\Microsoft\\OneDrive\\OneDrive.exe\r\nTargetObject: HKU\\S-1-5-21-246749117-2054088174-1189330396-1105_Classes\\*\\shellex\\ContextMenuHandlers\\ FileSyncEx\\(Default)\r\nDetails: {CB3D0F55-BC2C-4C1A-85ED-23ED75B5106B}\r\nUser: miacsdomain\\user-01","_time":"2026-08-24T13:29:45.413+0200","host":"Win-10","index":"main","linecount":"24","punct":"//_::._=--/===-..==---==--====___(:_)==__:\\r:_-\\r:_\\r","source":"WinEventLog:Microsoft-Windows-Sysmon/Operational","sourcetype":"WinEventLog:Microsoft-Windows-Sysmon/Operational","splunk_server":"splunk-virtual-machine"}}
{"preview":false,"result":{"ComputerName":"Win-10.miacsdomain.com","Details":"{CB3D0F55-BC2C-4C1A-85ED-23ED75B5106B}","EventCode":"13","EventType":["4","SetValue"],"Image":"C:\\Users\\user-01\\AppData\\Local\\Microsoft\\OneDrive\\OneDrive.exe","Keywords":"None","LogName":"Microsoft-Windows-Sysmon/Operational","Message":"Registry value set:\r\nRuleName: -\r\nEventType: SetValue\r\nUtcTime: 2026-08-24 11:29:45.388\r\nProcessGuid: {3f87e246-2b28-6a8c-a600-000000001000}\r\nProcessId: 5072\r\nImage: C:\\Users\\user-01\\AppData\\Local\\Microsoft\\OneDrive\\OneDrive.exe\r\nTargetObject: HKU\\S-1-5-21-246749117-2054088174-1189330396-1105_Classes\\*\\shellex\\ContextMenuHandlers\\ FileSyncEx\\(Default)\r\nDetails: {CB3D0F55-BC2C-4C1A-85ED-23ED75B5106B}\r\nUser: miacsdomain\\user-01","OpCode":"Info","ProcessGuid":"{3f87e246-2b28-6a8c-a600-000000001000}","ProcessId":"5072","RecordNumber":"14430","RuleName":"-","Sid":"S-1-5-18","SidType":"0","SourceName":"Microsoft-Windows-Sysmon","TargetObject":"HKU\\S-1-5-21-246749117-2054088174-1189330396-1105_Classes\\*\\shellex\\ContextMenuHandlers\\ FileSyncEx\\(Default)","TaskCategory":"Registry value set (rule: RegistryEvent)","Type":"Information","User":["NOT_TRANSLATED","miacsdomain\\user-01"],"UtcTime":"2026-08-24 11:29:45.388","_raw":"08/24/2026 01:29:45.413 PM\nLogName=Microsoft-Windows-Sysmon/Operational\nEventCode=13\nEventType=4\nComputerName=Win-10.miacsdomain.com\nUser=NOT_TRANSLATED\nSid=S-1-5-18\nSidType=0\nSourceName=Microsoft-Windows-Sysmon\nType=Information\nRecordNumber=14430\nKeywords=None\nTaskCategory=Registry value set (rule: RegistryEvent)\nOpCode=Info\nMessage=Registry value set:\r\nRuleName: -\r\nEventType: SetValue\r\nUtcTime: 2026-08-24 11:29:45.388\r\nProcessGuid: {3f87e246-2b28-6a8c-a600-000000001000}\r\nProcessId: 5072\r\nImage: C:\\Users\\user-01\\AppData\\Local\\Microsoft\\OneDrive\\OneDrive.exe\r\nTargetObject: HKU\\S-1-5-21-246749117-2054088174-1189330396-1105_Classes\\*\\shellex\\ContextMenuHandlers\\ FileSyncEx\\(Default)\r\nDetails: {CB3D0F55-BC2C-4C1A-85ED-23ED75B5106B}\r\nUser: miacsdomain\\user-01","_time":"2026-08-24T13:29:45.413+0200","host":"Win-10","index":"main","linecount":"24","punct":"//_::._=--/===-..==---==--====___(:_)==__:\\r:_-\\r:_\\r","source":"WinEventLog:Microsoft-Windows-Sysmon/Operational","sourcetype":"WinEventLog:Microsoft-Windows-Sysmon/Operational","splunk_server":"splunk-virtual-machine"}}
{"preview":false,"result":{"ComputerName":"Win-10.miacsdomain.com","Details":"C:\\Users\\user-01\\AppData\\Local\\Microsoft\\OneDrive\\19.043.0304.0013\\FileSyncShell.dll","EventCode":"13","EventType":["4","SetValue"],"Image":"C:\\Users\\user-01\\AppData\\Local\\Microsoft\\OneDrive\\OneDrive.exe","Keywords":"None","LogName":"Microsoft-Windows-Sysmon/Operational","Message":"Registry value set:\r\nRuleName: T1122\r\nEventType: SetValue\r\nUtcTime: 2026-08-24 11:29:45.388\r\nProcessGuid: {3f87e246-2b28-6a8c-a600-000000001000}\r\nProcessId: 5072\r\nImage: C:\\Users\\user-01\\AppData\\Local\\Microsoft\\OneDrive\\OneDrive.exe\r\nTargetObject: HKU\\S-1-5-21-246749117-2054088174-1189330396-1105_Classes\\WOW6432Node\\CLSID\\{CB3D0F55-BC2C-4C1A-85ED-23ED75B5106B}\\InprocServer32\\(Default)\r\nDetails: C:\\Users\\user-01\\AppData\\Local\\Microsoft\\OneDrive\\19.043.0304.0013\\FileSyncShell.dll\r\nUser: miacsdomain\\user-01","OpCode":"Info","ProcessGuid":"{3f87e246-2b28-6a8c-a600-000000001000}","ProcessId":"5072","RecordNumber":"14429","RuleName":"T1122","Sid":"S-1-5-18","SidType":"0","SourceName":"Microsoft-Windows-Sysmon","TargetObject":"HKU\\S-1-5-21-246749117-2054088174-1189330396-1105_Classes\\WOW6432Node\\CLSID\\{CB3D0F55-BC2C-4C1A-85ED-23ED75B5106B}\\InprocServer32\\(Default)","TaskCategory":"Registry value set (rule: RegistryEvent)","Type":"Information","User":["NOT_TRANSLATED","miacsdomain\\user-01"],"UtcTime":"2026-08-24 11:29:45.388","_raw":"08/24/2026 01:29:45.413 PM\nLogName=Microsoft-Windows-Sysmon/Operational\nEventCode=13\nEventType=4\nComputerName=Win-10.miacsdomain.com\nUser=NOT_TRANSLATED\nSid=S-1-5-18\nSidType=0\nSourceName=Microsoft-Windows-Sysmon\nType=Information\nRecordNumber=14429\nKeywords=None\nTaskCategory=Registry value set (rule: RegistryEvent)\nOpCode=Info\nMessage=Registry value set:\r\nRuleName: T1122\r\nEventType: SetValue\r\nUtcTime: 2026-08-24 11:29:45.388\r\nProcessGuid: {3f87e246-2b28-6a8c-a600-000000001000}\r\nProcessId: 5072\r\nImage: C:\\Users\\user-01\\AppData\\Local\\Microsoft\\OneDrive\\OneDrive.exe\r\nTargetObject: HKU\\S-1-5-21-246749117-2054088174-1189330396-1105_Classes\\WOW6432Node\\CLSID\\{CB3D0F55-BC2C-4C1A-85ED-23ED75B5106B}\\InprocServer32\\(Default)\r\nDetails: C:\\Users\\user-01\\AppData\\Local\\Microsoft\\OneDrive\\19.043.0304.0013\\FileSyncShell.dll\r\nUser: miacsdomain\\user-01","_time":"2026-08-24T13:29:45.413+0200","host":"Win-10","index":"main","linecount":"24","punct":"//_::._=--/===-..==---==--====___(:_)==__:\\r:_\\r:_\\r:","source":"WinEventLog:Microsoft-Windows-Sysmon/Operational","sourcetype":"WinEventLog:Microsoft-Windows-Sysmon/Operational","splunk_server":"splunk-virtual-machine"}}
{"preview":false,"result":{"ComputerName":"Win-10.miacsdomain.com","Details":"C:\\Users\\user-01\\AppData\\Local\\Microsoft\\OneDrive\\19.043.0304.0013\\amd64\\FileSyncShell64.dll","EventCode":"13","EventType":["4","SetValue"],"Image":"C:\\Users\\user-01\\AppData\\Local\\Microsoft\\OneDrive\\OneDrive.exe","Keywords":"None","LogName":"Microsoft-Windows-Sysmon/Operational","Message":"Registry value set:\r\nRuleName: T1122\r\nEventType: SetValue\r\nUtcTime: 2026-08-24 11:29:45.388\r\nProcessGuid: {3f87e246-2b28-6a8c-a600-000000001000}\r\nProcessId: 5072\r\nImage: C:\\Users\\user-01\\AppData\\Local\\Microsoft\\OneDrive\\OneDrive.exe\r\nTargetObject: HKU\\S-1-5-21-246749117-2054088174-1189330396-1105_Classes\\CLSID\\{CB3D0F55-BC2C-4C1A-85ED-23ED75B5106B}\\InprocServer32\\(Default)\r\nDetails: C:\\Users\\user-01\\AppData\\Local\\Microsoft\\OneDrive\\19.043.0304.0013\\amd64\\FileSyncShell64.dll\r\nUser: miacsdomain\\user-01","OpCode":"Info","ProcessGuid":"{3f87e246-2b28-6a8c-a600-000000001000}","ProcessId":"5072","RecordNumber":"14428","RuleName":"T1122","Sid":"S-1-5-18","SidType":"0","SourceName":"Microsoft-Windows-Sysmon","TargetObject":"HKU\\S-1-5-21-246749117-2054088174-1189330396-1105_Classes\\CLSID\\{CB3D0F55-BC2C-4C1A-85ED-23ED75B5106B}\\InprocServer32\\(Default)","TaskCategory":"Registry value set (rule: RegistryEvent)","Type":"Information","User":["NOT_TRANSLATED","miacsdomain\\user-01"],"UtcTime":"2026-08-24 11:29:45.388","_raw":"08/24/2026 01:29:45.413 PM\nLogName=Microsoft-Windows-Sysmon/Operational\nEventCode=13\nEventType=4\nComputerName=Win-10.miacsdomain.com\nUser=NOT_TRANSLATED\nSid=S-1-5-18\nSidType=0\nSourceName=Microsoft-Windows-Sysmon\nType=Information\nRecordNumber=14428\nKeywords=None\nTaskCategory=Registry value set (rule: RegistryEvent)\nOpCode=Info\nMessage=Registry value set:\r\nRuleName: T1122\r\nEventType: SetValue\r\nUtcTime: 2026-08-24 11:29:45.388\r\nProcessGuid: {3f87e246-2b28-6a8c-a600-000000001000}\r\nProcessId: 5072\r\nImage: C:\\Users\\user-01\\AppData\\Local\\Microsoft\\OneDrive\\OneDrive.exe\r\nTargetObject: HKU\\S-1-5-21-246749117-2054088174-1189330396-1105_Classes\\CLSID\\{CB3D0F55-BC2C-4C1A-85ED-23ED75B5106B}\\InprocServer32\\(Default)\r\nDetails: C:\\Users\\user-01\\AppData\\Local\\Microsoft\\OneDrive\\19.043.0304.0013\\amd64\\FileSyncShell64.dll\r\nUser: miacsdomain\\user-01","_time":"2026-08-24T13:29:45.413+0200","host":"Win-10","index":"main","linecount":"24","punct":"//_::._=--/===-..==---==--====___(:_)==__:\\r:_\\r:_\\r:","source":"WinEventLog:Microsoft-Windows-Sysmon/Operational","sourcetype":"WinEventLog:Microsoft-Windows-Sysmon/Operational","splunk_server":"splunk-virtual-machine"}}
{"preview":false,"result":{"ComputerName":"Win-10.miacsdomain.com","Details":"C:\\Users\\user-01\\AppData\\Local\\Microsoft\\OneDrive\\19.043.0304.0013\\FileSyncShell.dll","EventCode":"13","EventType":["4","SetValue"],"Image":"C:\\Users\\user-01\\AppData\\Local\\Microsoft\\OneDrive\\OneDrive.exe","Keywords":"None","LogName":"Microsoft-Windows-Sysmon/Operational","Message":"Registry value set:\r\nRuleName: T1122\r\nEventType: SetValue\r\nUtcTime: 2026-08-24 11:29:45.388\r\nProcessGuid: {3f87e246-2b28-6a8c-a600-000000001000}\r\nProcessId: 5072\r\nImage: C:\\Users\\user-01\\AppData\\Local\\Microsoft\\OneDrive\\OneDrive.exe\r\nTargetObject: HKU\\S-1-5-21-246749117-2054088174-1189330396-1105_Classes\\WOW6432Node\\CLSID\\{1BF42E4C-4AF4-4CFD-A1A0-CF2960B8F63E}\\InprocServer32\\(Default)\r\nDetails: C:\\Users\\user-01\\AppData\\Local\\Microsoft\\OneDrive\\19.043.0304.0013\\FileSyncShell.dll\r\nUser: miacsdomain\\user-01","OpCode":"Info","ProcessGuid":"{3f87e246-2b28-6a8c-a600-000000001000}","ProcessId":"5072","RecordNumber":"14427","RuleName":"T1122","Sid":"S-1-5-18","SidType":"0","SourceName":"Microsoft-Windows-Sysmon","TargetObject":"HKU\\S-1-5-21-246749117-2054088174-1189330396-1105_Classes\\WOW6432Node\\CLSID\\{1BF42E4C-4AF4-4CFD-A1A0-CF2960B8F63E}\\InprocServer32\\(Default)","TaskCategory":"Registry value set (rule: RegistryEvent)","Type":"Information","User":["NOT_TRANSLATED","miacsdomain\\user-01"],"UtcTime":"2026-08-24 11:29:45.388","_raw":"08/24/2026 01:29:45.413 PM\nLogName=Microsoft-Windows-Sysmon/Operational\nEventCode=13\nEventType=4\nComputerName=Win-10.miacsdomain.com\nUser=NOT_TRANSLATED\nSid=S-1-5-18\nSidType=0\nSourceName=Microsoft-Windows-Sysmon\nType=Information\nRecordNumber=14427\nKeywords=None\nTaskCategory=Registry value set (rule: RegistryEvent)\nOpCode=Info\nMessage=Registry value set:\r\nRuleName: T1122\r\nEventType: SetValue\r\nUtcTime: 2026-08-24 11:29:45.388\r\nProcessGuid: {3f87e246-2b28-6a8c-a600-000000001000}\r\nProcessId: 5072\r\nImage: C:\\Users\\user-01\\AppData\\Local\\Microsoft\\OneDrive\\OneDrive.exe\r\nTargetObject: HKU\\S-1-5-21-246749117-2054088174-1189330396-1105_Classes\\WOW6432Node\\CLSID\\{1BF42E4C-4AF4-4CFD-A1A0-CF2960B8F63E}\\InprocServer32\\(Default)\r\nDetails: C:\\Users\\user-01\\AppData\\Local\\Microsoft\\OneDrive\\19.043.0304.0013\\FileSyncShell.dll\r\nUser: miacsdomain\\user-01","_time":"2026-08-24T13:29:45.413+0200","host":"Win-10","index":"main","linecount":"24","punct":"//_::._=--/===-..==---==--====___(:_)==__:\\r:_\\r:_\\r:","source":"WinEventLog:Microsoft-Windows-Sysmon/Operational","sourcetype":"WinEventLog:Microsoft-Windows-Sysmon/Operational","splunk_server":"splunk-virtual-machine"}}
{"preview":false,"result":{"ComputerName":"Win-10.miacsdomain.com","Details":"C:\\Users\\user-01\\AppData\\Local\\Microsoft\\OneDrive\\19.043.0304.0013\\amd64\\FileSyncShell64.dll","EventCode":"13","EventType":["4","SetValue"],"Image":"C:\\Users\\user-01\\AppData\\Local\\Microsoft\\OneDrive\\OneDrive.exe","Keywords":"None","LogName":"Microsoft-Windows-Sysmon/Operational","Message":"Registry value set:\r\nRuleName: T1122\r\nEventType: SetValue\r\nUtcTime: 2026-08-24 11:29:45.388\r\nProcessGuid: {3f87e246-2b28-6a8c-a600-000000001000}\r\nProcessId: 5072\r\nImage: C:\\Users\\user-01\\AppData\\Local\\Microsoft\\OneDrive\\OneDrive.exe\r\nTargetObject: HKU\\S-1-5-21-246749117-2054088174-1189330396-1105_Classes\\CLSID\\{1BF42E4C-4AF4-4CFD-A1A0-CF2960B8F63E}\\InprocServer32\\(Default)\r\nDetails: C:\\Users\\user-01\\AppData\\Local\\Microsoft\\OneDrive\\19.043.0304.0013\\amd64\\FileSyncShell64.dll\r\nUser: miacsdomain\\user-01","OpCode":"Info","ProcessGuid":"{3f87e246-2b28-6a8c-a600-000000001000}","ProcessId":"5072","RecordNumber":"14426","RuleName":"T1122","Sid":"S-1-5-18","SidType":"0","SourceName":"Microsoft-Windows-Sysmon","TargetObject":"HKU\\S-1-5-21-246749117-2054088174-1189330396-1105_Classes\\CLSID\\{1BF42E4C-4AF4-4CFD-A1A0-CF2960B8F63E}\\InprocServer32\\(Default)","TaskCategory":"Registry value set (rule: RegistryEvent)","Type":"Information","User":["NOT_TRANSLATED","miacsdomain\\user-01"],"UtcTime":"2026-08-24 11:29:45.388","_raw":"08/24/2026 01:29:45.413 PM\nLogName=Microsoft-Windows-Sysmon/Operational\nEventCode=13\nEventType=4\nComputerName=Win-10.miacsdomain.com\nUser=NOT_TRANSLATED\nSid=S-1-5-18\nSidType=0\nSourceName=Microsoft-Windows-Sysmon\nType=Information\nRecordNumber=14426\nKeywords=None\nTaskCategory=Registry value set (rule: RegistryEvent)\nOpCode=Info\nMessage=Registry value set:\r\nRuleName: T1122\r\nEventType: SetValue\r\nUtcTime: 2026-08-24 11:29:45.388\r\nProcessGuid: {3f87e246-2b28-6a8c-a600-000000001000}\r\nProcessId: 5072\r\nImage: C:\\Users\\user-01\\AppData\\Local\\Microsoft\\OneDrive\\OneDrive.exe\r\nTargetObject: HKU\\S-1-5-21-246749117-2054088174-1189330396-1105_Classes\\CLSID\\{1BF42E4C-4AF4-4CFD-A1A0-CF2960B8F63E}\\InprocServer32\\(Default)\r\nDetails: C:\\Users\\user-01\\AppData\\Local\\Microsoft\\OneDrive\\19.043.0304.0013\\amd64\\FileSyncShell64.dll\r\nUser: miacsdomain\\user-01","_time":"2026-08-24T13:29:45.413+0200","host":"Win-10","index":"main","linecount":"24","punct":"//_::._=--/===-..==---==--====___(:_)==__:\\r:_\\r:_\\r:","source":"WinEventLog:Microsoft-Windows-Sysmon/Operational","sourcetype":"WinEventLog:Microsoft-Windows-Sysmon/Operational","splunk_server":"splunk-virtual-machine"}}
{"preview":false,"result":{"ComputerName":"Win-10.miacsdomain.com","Details":"C:\\Users\\user-01\\AppData\\Local\\Microsoft\\OneDrive\\19.043.0304.0013\\FileSyncShell.dll","EventCode":"13","EventType":["4","SetValue"],"Image":"C:\\Users\\user-01\\AppData\\Local\\Microsoft\\OneDrive\\OneDrive.exe","Keywords":"None","LogName":"Microsoft-Windows-Sysmon/Operational","Message":"Registry value set:\r\nRuleName: T1122\r\nEventType: SetValue\r\nUtcTime: 2026-08-24 11:29:45.388\r\nProcessGuid: {3f87e246-2b28-6a8c-a600-000000001000}\r\nProcessId: 5072\r\nImage: C:\\Users\\user-01\\AppData\\Local\\Microsoft\\OneDrive\\OneDrive.exe\r\nTargetObject: HKU\\S-1-5-21-246749117-2054088174-1189330396-1105_Classes\\WOW6432Node\\CLSID\\{82CA8DE3-01AD-4CEA-9D75-BE4C51810A9E}\\InprocServer32\\(Default)\r\nDetails: C:\\Users\\user-01\\AppData\\Local\\Microsoft\\OneDrive\\19.043.0304.0013\\FileSyncShell.dll\r\nUser: miacsdomain\\user-01","OpCode":"Info","ProcessGuid":"{3f87e246-2b28-6a8c-a600-000000001000}","ProcessId":"5072","RecordNumber":"14425","RuleName":"T1122","Sid":"S-1-5-18","SidType":"0","SourceName":"Microsoft-Windows-Sysmon","TargetObject":"HKU\\S-1-5-21-246749117-2054088174-1189330396-1105_Classes\\WOW6432Node\\CLSID\\{82CA8DE3-01AD-4CEA-9D75-BE4C51810A9E}\\InprocServer32\\(Default)","TaskCategory":"Registry value set (rule: RegistryEvent)","Type":"Information","User":["NOT_TRANSLATED","miacsdomain\\user-01"],"UtcTime":"2026-08-24 11:29:45.388","_raw":"08/24/2026 01:29:45.413 PM\nLogName=Microsoft-Windows-Sysmon/Operational\nEventCode=13\nEventType=4\nComputerName=Win-10.miacsdomain.com\nUser=NOT_TRANSLATED\nSid=S-1-5-18\nSidType=0\nSourceName=Microsoft-Windows-Sysmon\nType=Information\nRecordNumber=14425\nKeywords=None\nTaskCategory=Registry value set (rule: RegistryEvent)\nOpCode=Info\nMessage=Registry value set:\r\nRuleName: T1122\r\nEventType: SetValue\r\nUtcTime: 2026-08-24 11:29:45.388\r\nProcessGuid: {3f87e246-2b28-6a8c-a600-000000001000}\r\nProcessId: 5072\r\nImage: C:\\Users\\user-01\\AppData\\Local\\Microsoft\\OneDrive\\OneDrive.exe\r\nTargetObject: HKU\\S-1-5-21-246749117-2054088174-1189330396-1105_Classes\\WOW6432Node\\CLSID\\{82CA8DE3-01AD-4CEA-9D75-BE4C51810A9E}\\InprocServer32\\(Default)\r\nDetails: C:\\Users\\user-01\\AppData\\Local\\Microsoft\\OneDrive\\19.043.0304.0013\\FileSyncShell.dll\r\nUser: miacsdomain\\user-01","_time":"2026-08-24T13:29:45.413+0200","host":"Win-10","index":"main","linecount":"24","punct":"//_::._=--/===-..==---==--====___(:_)==__:\\r:_\\r:_\\r:","source":"WinEventLog:Microsoft-Windows-Sysmon/Operational","sourcetype":"WinEventLog:Microsoft-Windows-Sysmon/Operational","splunk_server":"splunk-virtual-machine"}}
{"preview":false,"result":{"ComputerName":"Win-10.miacsdomain.com","Details":"C:\\Users\\user-01\\AppData\\Local\\Microsoft\\OneDrive\\19.043.0304.0013\\amd64\\FileSyncShell64.dll","EventCode":"13","EventType":["4","SetValue"],"Image":"C:\\Users\\user-01\\AppData\\Local\\Microsoft\\OneDrive\\OneDrive.exe","Keywords":"None","LogName":"Microsoft-Windows-Sysmon/Operational","Message":"Registry value set:\r\nRuleName: T1122\r\nEventType: SetValue\r\nUtcTime: 2026-08-24 11:29:45.388\r\nProcessGuid: {3f87e246-2b28-6a8c-a600-000000001000}\r\nProcessId: 5072\r\nImage: C:\\Users\\user-01\\AppData\\Local\\Microsoft\\OneDrive\\OneDrive.exe\r\nTargetObject: HKU\\S-1-5-21-246749117-2054088174-1189330396-1105_Classes\\CLSID\\{82CA8DE3-01AD-4CEA-9D75-BE4C51810A9E}\\InprocServer32\\(Default)\r\nDetails: C:\\Users\\user-01\\AppData\\Local\\Microsoft\\OneDrive\\19.043.0304.0013\\amd64\\FileSyncShell64.dll\r\nUser: miacsdomain\\user-01","OpCode":"Info","ProcessGuid":"{3f87e246-2b28-6a8c-a600-000000001000}","ProcessId":"5072","RecordNumber":"14424","RuleName":"T1122","Sid":"S-1-5-18","SidType":"0","SourceName":"Microsoft-Windows-Sysmon","TargetObject":"HKU\\S-1-5-21-246749117-2054088174-1189330396-1105_Classes\\CLSID\\{82CA8DE3-01AD-4CEA-9D75-BE4C51810A9E}\\InprocServer32\\(Default)","TaskCategory":"Registry value set (rule: RegistryEvent)","Type":"Information","User":["NOT_TRANSLATED","miacsdomain\\user-01"],"UtcTime":"2026-08-24 11:29:45.388","_raw":"08/24/2026 01:29:45.412 PM\nLogName=Microsoft-Windows-Sysmon/Operational\nEventCode=13\nEventType=4\nComputerName=Win-10.miacsdomain.com\nUser=NOT_TRANSLATED\nSid=S-1-5-18\nSidType=0\nSourceName=Microsoft-Windows-Sysmon\nType=Information\nRecordNumber=14424\nKeywords=None\nTaskCategory=Registry value set (rule: RegistryEvent)\nOpCode=Info\nMessage=Registry value set:\r\nRuleName: T1122\r\nEventType: SetValue\r\nUtcTime: 2026-08-24 11:29:45.388\r\nProcessGuid: {3f87e246-2b28-6a8c-a600-000000001000}\r\nProcessId: 5072\r\nImage: C:\\Users\\user-01\\AppData\\Local\\Microsoft\\OneDrive\\OneDrive.exe\r\nTargetObject: HKU\\S-1-5-21-246749117-2054088174-1189330396-1105_Classes\\CLSID\\{82CA8DE3-01AD-4CEA-9D75-BE4C51810A9E}\\InprocServer32\\(Default)\r\nDetails: C:\\Users\\user-01\\AppData\\Local\\Microsoft\\OneDrive\\19.043.0304.0013\\amd64\\FileSyncShell64.dll\r\nUser: miacsdomain\\user-01","_time":"2026-08-24T13:29:45.412+0200","host":"Win-10","index":"main","linecount":"24","punct":"//_::._=--/===-..==---==--====___(:_)==__:\\r:_\\r:_\\r:","source":"WinEventLog:Microsoft-Windows-Sysmon/Operational","sourcetype":"WinEventLog:Microsoft-Windows-Sysmon/Operational","splunk_server":"splunk-virtual-machine"}}
{"preview":false,"result":{"ComputerName":"Win-10.miacsdomain.com","Details":"C:\\Users\\user-01\\AppData\\Local\\Microsoft\\OneDrive\\19.043.0304.0013\\FileSyncShell.dll","EventCode":"13","EventType":["4","SetValue"],"Image":"C:\\Users\\user-01\\AppData\\Local\\Microsoft\\OneDrive\\OneDrive.exe","Keywords":"None","LogName":"Microsoft-Windows-Sysmon/Operational","Message":"Registry value set:\r\nRuleName: T1122\r\nEventType: SetValue\r\nUtcTime: 2026-08-24 11:29:45.388\r\nProcessGuid: {3f87e246-2b28-6a8c-a600-000000001000}\r\nProcessId: 5072\r\nImage: C:\\Users\\user-01\\AppData\\Local\\Microsoft\\OneDrive\\OneDrive.exe\r\nTargetObject: HKU\\S-1-5-21-246749117-2054088174-1189330396-1105_Classes\\WOW6432Node\\CLSID\\{7AFDFDDB-F914-11E4-8377-6C3BE50D980C}\\InprocServer32\\(Default)\r\nDetails: C:\\Users\\user-01\\AppData\\Local\\Microsoft\\OneDrive\\19.043.0304.0013\\FileSyncShell.dll\r\nUser: miacsdomain\\user-01","OpCode":"Info","ProcessGuid":"{3f87e246-2b28-6a8c-a600-000000001000}","ProcessId":"5072","RecordNumber":"14423","RuleName":"T1122","Sid":"S-1-5-18","SidType":"0","SourceName":"Microsoft-Windows-Sysmon","TargetObject":"HKU\\S-1-5-21-246749117-2054088174-1189330396-1105_Classes\\WOW6432Node\\CLSID\\{7AFDFDDB-F914-11E4-8377-6C3BE50D980C}\\InprocServer32\\(Default)","TaskCategory":"Registry value set (rule: RegistryEvent)","Type":"Information","User":["NOT_TRANSLATED","miacsdomain\\user-01"],"UtcTime":"2026-08-24 11:29:45.388","_raw":"08/24/2026 01:29:45.412 PM\nLogName=Microsoft-Windows-Sysmon/Operational\nEventCode=13\nEventType=4\nComputerName=Win-10.miacsdomain.com\nUser=NOT_TRANSLATED\nSid=S-1-5-18\nSidType=0\nSourceName=Microsoft-Windows-Sysmon\nType=Information\nRecordNumber=14423\nKeywords=None\nTaskCategory=Registry value set (rule: RegistryEvent)\nOpCode=Info\nMessage=Registry value set:\r\nRuleName: T1122\r\nEventType: SetValue\r\nUtcTime: 2026-08-24 11:29:45.388\r\nProcessGuid: {3f87e246-2b28-6a8c-a600-000000001000}\r\nProcessId: 5072\r\nImage: C:\\Users\\user-01\\AppData\\Local\\Microsoft\\OneDrive\\OneDrive.exe\r\nTargetObject: HKU\\S-1-5-21-246749117-2054088174-1189330396-1105_Classes\\WOW6432Node\\CLSID\\{7AFDFDDB-F914-11E4-8377-6C3BE50D980C}\\InprocServer32\\(Default)\r\nDetails: C:\\Users\\user-01\\AppData\\Local\\Microsoft\\OneDrive\\19.043.0304.0013\\FileSyncShell.dll\r\nUser: miacsdomain\\user-01","_time":"2026-08-24T13:29:45.412+0200","host":"Win-10","index":"main","linecount":"24","punct":"//_::._=--/===-..==---==--====___(:_)==__:\\r:_\\r:_\\r:","source":"WinEventLog:Microsoft-Windows-Sysmon/Operational","sourcetype":"WinEventLog:Microsoft-Windows-Sysmon/Operational","splunk_server":"splunk-virtual-machine"}}
{"preview":false,"result":{"ComputerName":"Win-10.miacsdomain.com","Details":"C:\\Users\\user-01\\AppData\\Local\\Microsoft\\OneDrive\\19.043.0304.0013\\amd64\\FileSyncShell64.dll","EventCode":"13","EventType":["4","SetValue"],"Image":"C:\\Users\\user-01\\AppData\\Local\\Microsoft\\OneDrive\\OneDrive.exe","Keywords":"None","LogName":"Microsoft-Windows-Sysmon/Operational","Message":"Registry value set:\r\nRuleName: T1122\r\nEventType: SetValue\r\nUtcTime: 2026-08-24 11:29:45.388\r\nProcessGuid: {3f87e246-2b28-6a8c-a600-000000001000}\r\nProcessId: 5072\r\nImage: C:\\Users\\user-01\\AppData\\Local\\Microsoft\\OneDrive\\OneDrive.exe\r\nTargetObject: HKU\\S-1-5-21-246749117-2054088174-1189330396-1105_Classes\\CLSID\\{7AFDFDDB-F914-11E4-8377-6C3BE50D980C}\\InprocServer32\\(Default)\r\nDetails: C:\\Users\\user-01\\AppData\\Local\\Microsoft\\OneDrive\\19.043.0304.0013\\amd64\\FileSyncShell64.dll\r\nUser: miacsdomain\\user-01","OpCode":"Info","ProcessGuid":"{3f87e246-2b28-6a8c-a600-000000001000}","ProcessId":"5072","RecordNumber":"14422","RuleName":"T1122","Sid":"S-1-5-18","SidType":"0","SourceName":"Microsoft-Windows-Sysmon","TargetObject":"HKU\\S-1-5-21-246749117-2054088174-1189330396-1105_Classes\\CLSID\\{7AFDFDDB-F914-11E4-8377-6C3BE50D980C}\\InprocServer32\\(Default)","TaskCategory":"Registry value set (rule: RegistryEvent)","Type":"Information","User":["NOT_TRANSLATED","miacsdomain\\user-01"],"UtcTime":"2026-08-24 11:29:45.388","_raw":"08/24/2026 01:29:45.412 PM\nLogName=Microsoft-Windows-Sysmon/Operational\nEventCode=13\nEventType=4\nComputerName=Win-10.miacsdomain.com\nUser=NOT_TRANSLATED\nSid=S-1-5-18\nSidType=0\nSourceName=Microsoft-Windows-Sysmon\nType=Information\nRecordNumber=14422\nKeywords=None\nTaskCategory=Registry value set (rule: RegistryEvent)\nOpCode=Info\nMessage=Registry value set:\r\nRuleName: T1122\r\nEventType: SetValue\r\nUtcTime: 2026-08-24 11:29:45.388\r\nProcessGuid: {3f87e246-2b28-6a8c-a600-000000001000}\r\nProcessId: 5072\r\nImage: C:\\Users\\user-01\\AppData\\Local\\Microsoft\\OneDrive\\OneDrive.exe\r\nTargetObject: HKU\\S-1-5-21-246749117-2054088174-1189330396-1105_Classes\\CLSID\\{7AFDFDDB-F914-11E4-8377-6C3BE50D980C}\\InprocServer32\\(Default)\r\nDetails: C:\\Users\\user-01\\AppData\\Local\\Microsoft\\OneDrive\\19.043.0304.0013\\amd64\\FileSyncShell64.dll\r\nUser: miacsdomain\\user-01","_time":"2026-08-24T13:29:45.412+0200","host":"Win-10","index":"main","linecount":"24","punct":"//_::._=--/===-..==---==--====___(:_)==__:\\r:_\\r:_\\r:","source":"WinEventLog:Microsoft-Windows-Sysmon/Operational","sourcetype":"WinEventLog:Microsoft-Windows-Sysmon/Operational","splunk_server":"splunk-virtual-machine"}}
{"preview":false,"result":{"ComputerName":"Win-10.miacsdomain.com","Details":"C:\\Users\\user-01\\AppData\\Local\\Microsoft\\OneDrive\\19.043.0304.0013\\FileSyncShell.dll","EventCode":"13","EventType":["4","SetValue"],"Image":"C:\\Users\\user-01\\AppData\\Local\\Microsoft\\OneDrive\\OneDrive.exe","Keywords":"None","LogName":"Microsoft-Windows-Sysmon/Operational","Message":"Registry value set:\r\nRuleName: T1122\r\nEventType: SetValue\r\nUtcTime: 2026-08-24 11:29:45.388\r\nProcessGuid: {3f87e246-2b28-6a8c-a600-000000001000}\r\nProcessId: 5072\r\nImage: C:\\Users\\user-01\\AppData\\Local\\Microsoft\\OneDrive\\OneDrive.exe\r\nTargetObject: HKU\\S-1-5-21-246749117-2054088174-1189330396-1105_Classes\\WOW6432Node\\CLSID\\{C5FF006E-2AE9-408C-B85B-2DFDD5449D9C}\\InprocServer32\\(Default)\r\nDetails: C:\\Users\\user-01\\AppData\\Local\\Microsoft\\OneDrive\\19.043.0304.0013\\FileSyncShell.dll\r\nUser: miacsdomain\\user-01","OpCode":"Info","ProcessGuid":"{3f87e246-2b28-6a8c-a600-000000001000}","ProcessId":"5072","RecordNumber":"14421","RuleName":"T1122","Sid":"S-1-5-18","SidType":"0","SourceName":"Microsoft-Windows-Sysmon","TargetObject":"HKU\\S-1-5-21-246749117-2054088174-1189330396-1105_Classes\\WOW6432Node\\CLSID\\{C5FF006E-2AE9-408C-B85B-2DFDD5449D9C}\\InprocServer32\\(Default)","TaskCategory":"Registry value set (rule: RegistryEvent)","Type":"Information","User":["NOT_TRANSLATED","miacsdomain\\user-01"],"UtcTime":"2026-08-24 11:29:45.388","_raw":"08/24/2026 01:29:45.412 PM\nLogName=Microsoft-Windows-Sysmon/Operational\nEventCode=13\nEventType=4\nComputerName=Win-10.miacsdomain.com\nUser=NOT_TRANSLATED\nSid=S-1-5-18\nSidType=0\nSourceName=Microsoft-Windows-Sysmon\nType=Information\nRecordNumber=14421\nKeywords=None\nTaskCategory=Registry value set (rule: RegistryEvent)\nOpCode=Info\nMessage=Registry value set:\r\nRuleName: T1122\r\nEventType: SetValue\r\nUtcTime: 2026-08-24 11:29:45.388\r\nProcessGuid: {3f87e246-2b28-6a8c-a600-000000001000}\r\nProcessId: 5072\r\nImage: C:\\Users\\user-01\\AppData\\Local\\Microsoft\\OneDrive\\OneDrive.exe\r\nTargetObject: HKU\\S-1-5-21-246749117-2054088174-1189330396-1105_Classes\\WOW6432Node\\CLSID\\{C5FF006E-2AE9-408C-B85B-2DFDD5449D9C}\\InprocServer32\\(Default)\r\nDetails: C:\\Users\\user-01\\AppData\\Local\\Microsoft\\OneDrive\\19.043.0304.0013\\FileSyncShell.dll\r\nUser: miacsdomain\\user-01","_time":"2026-08-24T13:29:45.412+0200","host":"Win-10","index":"main","linecount":"24","punct":"//_::._=--/===-..==---==--====___(:_)==__:\\r:_\\r:_\\r:","source":"WinEventLog:Microsoft-Windows-Sysmon/Operational","sourcetype":"WinEventLog:Microsoft-Windows-Sysmon/Operational","splunk_server":"splunk-virtual-machine"}}
{"preview":false,"result":{"ComputerName":"Win-10.miacsdomain.com","Details":"C:\\Users\\user-01\\AppData\\Local\\Microsoft\\OneDrive\\19.043.0304.0013\\amd64\\FileSyncShell64.dll","EventCode":"13","EventType":["4","SetValue"],"Image":"C:\\Users\\user-01\\AppData\\Local\\Microsoft\\OneDrive\\OneDrive.exe","Keywords":"None","LogName":"Microsoft-Windows-Sysmon/Operational","Message":"Registry value set:\r\nRuleName: T1122\r\nEventType: SetValue\r\nUtcTime: 2026-08-24 11:29:45.388\r\nProcessGuid: {3f87e246-2b28-6a8c-a600-000000001000}\r\nProcessId: 5072\r\nImage: C:\\Users\\user-01\\AppData\\Local\\Microsoft\\OneDrive\\OneDrive.exe\r\nTargetObject: HKU\\S-1-5-21-246749117-2054088174-1189330396-1105_Classes\\CLSID\\{C5FF006E-2AE9-408C-B85B-2DFDD5449D9C}\\InprocServer32\\(Default)\r\nDetails: C:\\Users\\user-01\\AppData\\Local\\Microsoft\\OneDrive\\19.043.0304.0013\\amd64\\FileSyncShell64.dll\r\nUser: miacsdomain\\user-01","OpCode":"Info","ProcessGuid":"{3f87e246-2b28-6a8c-a600-000000001000}","ProcessId":"5072","RecordNumber":"14420","RuleName":"T1122","Sid":"S-1-5-18","SidType":"0","SourceName":"Microsoft-Windows-Sysmon","TargetObject":"HKU\\S-1-5-21-246749117-2054088174-1189330396-1105_Classes\\CLSID\\{C5FF006E-2AE9-408C-B85B-2DFDD5449D9C}\\InprocServer32\\(Default)","TaskCategory":"Registry value set (rule: RegistryEvent)","Type":"Information","User":["NOT_TRANSLATED","miacsdomain\\user-01"],"UtcTime":"2026-08-24 11:29:45.388","_raw":"08/24/2026 01:29:45.412 PM\nLogName=Microsoft-Windows-Sysmon/Operational\nEventCode=13\nEventType=4\nComputerName=Win-10.miacsdomain.com\nUser=NOT_TRANSLATED\nSid=S-1-5-18\nSidType=0\nSourceName=Microsoft-Windows-Sysmon\nType=Information\nRecordNumber=14420\nKeywords=None\nTaskCategory=Registry value set (rule: RegistryEvent)\nOpCode=Info\nMessage=Registry value set:\r\nRuleName: T1122\r\nEventType: SetValue\r\nUtcTime: 2026-08-24 11:29:45.388\r\nProcessGuid: {3f87e246-2b28-6a8c-a600-000000001000}\r\nProcessId: 5072\r\nImage: C:\\Users\\user-01\\AppData\\Local\\Microsoft\\OneDrive\\OneDrive.exe\r\nTargetObject: HKU\\S-1-5-21-246749117-2054088174-1189330396-1105_Classes\\CLSID\\{C5FF006E-2AE9-408C-B85B-2DFDD5449D9C}\\InprocServer32\\(Default)\r\nDetails: C:\\Users\\user-01\\AppData\\Local\\Microsoft\\OneDrive\\19.043.0304.0013\\amd64\\FileSyncShell64.dll\r\nUser: miacsdomain\\user-01","_time":"2026-08-24T13:29:45.412+0200","host":"Win-10","index":"main","linecount":"24","punct":"//_::._=--/===-..==---==--====___(:_)==__:\\r:_\\r:_\\r:","source":"WinEventLog:Microsoft-Windows-Sysmon/Operational","sourcetype":"WinEventLog:Microsoft-Windows-Sysmon/Operational","splunk_server":"splunk-virtual-machine"}}
{"preview":false,"result":{"ComputerName":"Win-10.miacsdomain.com","Details":"C:\\Users\\user-01\\AppData\\Local\\Microsoft\\OneDrive\\19.043.0304.0013\\FileSyncShell.dll","EventCode":"13","EventType":["4","SetValue"],"Image":"C:\\Users\\user-01\\AppData\\Local\\Microsoft\\OneDrive\\OneDrive.exe","Keywords":"None","LogName":"Microsoft-Windows-Sysmon/Operational","Message":"Registry value set:\r\nRuleName: T1122\r\nEventType: SetValue\r\nUtcTime: 2026-08-24 11:29:45.388\r\nProcessGuid: {3f87e246-2b28-6a8c-a600-000000001000}\r\nProcessId: 5072\r\nImage: C:\\Users\\user-01\\AppData\\Local\\Microsoft\\OneDrive\\OneDrive.exe\r\nTargetObject: HKU\\S-1-5-21-246749117-2054088174-1189330396-1105_Classes\\WOW6432Node\\CLSID\\{9AA2F32D-362A-42D9-9328-24A483E2CCC3}\\InprocServer32\\(Default)\r\nDetails: C:\\Users\\user-01\\AppData\\Local\\Microsoft\\OneDrive\\19.043.0304.0013\\FileSyncShell.dll\r\nUser: miacsdomain\\user-01","OpCode":"Info","ProcessGuid":"{3f87e246-2b28-6a8c-a600-000000001000}","ProcessId":"5072","RecordNumber":"14419","RuleName":"T1122","Sid":"S-1-5-18","SidType":"0","SourceName":"Microsoft-Windows-Sysmon","TargetObject":"HKU\\S-1-5-21-246749117-2054088174-1189330396-1105_Classes\\WOW6432Node\\CLSID\\{9AA2F32D-362A-42D9-9328-24A483E2CCC3}\\InprocServer32\\(Default)","TaskCategory":"Registry value set (rule: RegistryEvent)","Type":"Information","User":["NOT_TRANSLATED","miacsdomain\\user-01"],"UtcTime":"2026-08-24 11:29:45.388","_raw":"08/24/2026 01:29:45.412 PM\nLogName=Microsoft-Windows-Sysmon/Operational\nEventCode=13\nEventType=4\nComputerName=Win-10.miacsdomain.com\nUser=NOT_TRANSLATED\nSid=S-1-5-18\nSidType=0\nSourceName=Microsoft-Windows-Sysmon\nType=Information\nRecordNumber=14419\nKeywords=None\nTaskCategory=Registry value set (rule: RegistryEvent)\nOpCode=Info\nMessage=Registry value set:\r\nRuleName: T1122\r\nEventType: SetValue\r\nUtcTime: 2026-08-24 11:29:45.388\r\nProcessGuid: {3f87e246-2b28-6a8c-a600-000000001000}\r\nProcessId: 5072\r\nImage: C:\\Users\\user-01\\AppData\\Local\\Microsoft\\OneDrive\\OneDrive.exe\r\nTargetObject: HKU\\S-1-5-21-246749117-2054088174-1189330396-1105_Classes\\WOW6432Node\\CLSID\\{9AA2F32D-362A-42D9-9328-24A483E2CCC3}\\InprocServer32\\(Default)\r\nDetails: C:\\Users\\user-01\\AppData\\Local\\Microsoft\\OneDrive\\19.043.0304.0013\\FileSyncShell.dll\r\nUser: miacsdomain\\user-01","_time":"2026-08-24T13:29:45.412+0200","host":"Win-10","index":"main","linecount":"24","punct":"//_::._=--/===-..==---==--====___(:_)==__:\\r:_\\r:_\\r:","source":"WinEventLog:Microsoft-Windows-Sysmon/Operational","sourcetype":"WinEventLog:Microsoft-Windows-Sysmon/Operational","splunk_server":"splunk-virtual-machine"}}
{"preview":false,"result":{"ComputerName":"Win-10.miacsdomain.com","Details":"C:\\Users\\user-01\\AppData\\Local\\Microsoft\\OneDrive\\19.043.0304.0013\\amd64\\FileSyncShell64.dll","EventCode":"13","EventType":["4","SetValue"],"Image":"C:\\Users\\user-01\\AppData\\Local\\Microsoft\\OneDrive\\OneDrive.exe","Keywords":"None","LogName":"Microsoft-Windows-Sysmon/Operational","Message":"Registry value set:\r\nRuleName: T1122\r\nEventType: SetValue\r\nUtcTime: 2026-08-24 11:29:45.388\r\nProcessGuid: {3f87e246-2b28-6a8c-a600-000000001000}\r\nProcessId: 5072\r\nImage: C:\\Users\\user-01\\AppData\\Local\\Microsoft\\OneDrive\\OneDrive.exe\r\nTargetObject: HKU\\S-1-5-21-246749117-2054088174-1189330396-1105_Classes\\CLSID\\{9AA2F32D-362A-42D9-9328-24A483E2CCC3}\\InprocServer32\\(Default)\r\nDetails: C:\\Users\\user-01\\AppData\\Local\\Microsoft\\OneDrive\\19.043.0304.0013\\amd64\\FileSyncShell64.dll\r\nUser: miacsdomain\\user-01","OpCode":"Info","ProcessGuid":"{3f87e246-2b28-6a8c-a600-000000001000}","ProcessId":"5072","RecordNumber":"14418","RuleName":"T1122","Sid":"S-1-5-18","SidType":"0","SourceName":"Microsoft-Windows-Sysmon","TargetObject":"HKU\\S-1-5-21-246749117-2054088174-1189330396-1105_Classes\\CLSID\\{9AA2F32D-362A-42D9-9328-24A483E2CCC3}\\InprocServer32\\(Default)","TaskCategory":"Registry value set (rule: RegistryEvent)","Type":"Information","User":["NOT_TRANSLATED","miacsdomain\\user-01"],"UtcTime":"2026-08-24 11:29:45.388","_raw":"08/24/2026 01:29:45.412 PM\nLogName=Microsoft-Windows-Sysmon/Operational\nEventCode=13\nEventType=4\nComputerName=Win-10.miacsdomain.com\nUser=NOT_TRANSLATED\nSid=S-1-5-18\nSidType=0\nSourceName=Microsoft-Windows-Sysmon\nType=Information\nRecordNumber=14418\nKeywords=None\nTaskCategory=Registry value set (rule: RegistryEvent)\nOpCode=Info\nMessage=Registry value set:\r\nRuleName: T1122\r\nEventType: SetValue\r\nUtcTime: 2026-08-24 11:29:45.388\r\nProcessGuid: {3f87e246-2b28-6a8c-a600-000000001000}\r\nProcessId: 5072\r\nImage: C:\\Users\\user-01\\AppData\\Local\\Microsoft\\OneDrive\\OneDrive.exe\r\nTargetObject: HKU\\S-1-5-21-246749117-2054088174-1189330396-1105_Classes\\CLSID\\{9AA2F32D-362A-42D9-9328-24A483E2CCC3}\\InprocServer32\\(Default)\r\nDetails: C:\\Users\\user-01\\AppData\\Local\\Microsoft\\OneDrive\\19.043.0304.0013\\amd64\\FileSyncShell64.dll\r\nUser: miacsdomain\\user-01","_time":"2026-08-24T13:29:45.412+0200","host":"Win-10","index":"main","linecount":"24","punct":"//_::._=--/===-..==---==--====___(:_)==__:\\r:_\\r:_\\r:","source":"WinEventLog:Microsoft-Windows-Sysmon/Operational","sourcetype":"WinEventLog:Microsoft-Windows-Sysmon/Operational","splunk_server":"splunk-virtual-machine"}}
