{"preview":false,"result":{"Account_Domain":"miacsdomain","Account_Name":"WIN-10$","ComputerName":"Win-10.miacsdomain.com","EventCode":"5379","EventType":"0","Keywords":"Audit Success","LogName":"Security","Logon_ID":"0x3E7","Message":"Credential Manager credentials were read.\r\n\r\nSubject:\r\n\tSecurity ID:\t\tS-1-5-18\r\n\tAccount Name:\t\tWIN-10$\r\n\tAccount Domain:\t\tmiacsdomain\r\n\tLogon ID:\t\t0x3E7\r\n\tRead Operation:\t\tEnumerate Credentials\r\n\r\nThis event occurs when a user performs a read operation on stored credentials in Credential Manager.","OpCode":"Info","Read_Operation":"Enumerate Credentials","RecordNumber":"9457","Security_ID":"S-1-5-18","SourceName":"Microsoft Windows security auditing.","TaskCategory":"User Account Management","Type":"Information","_raw":"08/24/2026 01:31:59.080 PM\nLogName=Security\nEventCode=5379\nEventType=0\nComputerName=Win-10.miacsdomain.com\nSourceName=Microsoft Windows security auditing.\nType=Information\nRecordNumber=9457\nKeywords=Audit Success\nTaskCategory=User Account Management\nOpCode=Info\nMessage=Credential Manager credentials were read.\r\n\r\nSubject:\r\n\tSecurity ID:\t\tS-1-5-18\r\n\tAccount Name:\t\tWIN-10$\r\n\tAccount Domain:\t\tmiacsdomain\r\n\tLogon ID:\t\t0x3E7\r\n\tRead Operation:\t\tEnumerate Credentials\r\n\r\nThis event occurs when a user performs a read operation on stored credentials in Credential Manager.","_time":"2026-08-24T13:31:59.080+0200","host":"Win-10","index":"main","linecount":"21","punct":"//_::._====-..=___.===_=__==____.\\r\\r:\\rt_:tt---\\rt_:t","source":"WinEventLog:Security","sourcetype":"WinEventLog:Security","splunk_server":"splunk-virtual-machine"}}
{"preview":false,"result":{"Account_Domain":"miacsdomain","Account_Name":"WIN-10$","ComputerName":"Win-10.miacsdomain.com","EventCode":"5379","EventType":"0","Keywords":"Audit Success","LogName":"Security","Logon_ID":"0x3E7","Message":"Credential Manager credentials were read.\r\n\r\nSubject:\r\n\tSecurity ID:\t\tS-1-5-18\r\n\tAccount Name:\t\tWIN-10$\r\n\tAccount Domain:\t\tmiacsdomain\r\n\tLogon ID:\t\t0x3E7\r\n\tRead Operation:\t\tEnumerate Credentials\r\n\r\nThis event occurs when a user performs a read operation on stored credentials in Credential Manager.","OpCode":"Info","Read_Operation":"Enumerate Credentials","RecordNumber":"9456","Security_ID":"S-1-5-18","SourceName":"Microsoft Windows security auditing.","TaskCategory":"User Account Management","Type":"Information","_raw":"08/24/2026 01:31:59.077 PM\nLogName=Security\nEventCode=5379\nEventType=0\nComputerName=Win-10.miacsdomain.com\nSourceName=Microsoft Windows security auditing.\nType=Information\nRecordNumber=9456\nKeywords=Audit Success\nTaskCategory=User Account Management\nOpCode=Info\nMessage=Credential Manager credentials were read.\r\n\r\nSubject:\r\n\tSecurity ID:\t\tS-1-5-18\r\n\tAccount Name:\t\tWIN-10$\r\n\tAccount Domain:\t\tmiacsdomain\r\n\tLogon ID:\t\t0x3E7\r\n\tRead Operation:\t\tEnumerate Credentials\r\n\r\nThis event occurs when a user performs a read operation on stored credentials in Credential Manager.","_time":"2026-08-24T13:31:59.077+0200","host":"Win-10","index":"main","linecount":"21","punct":"//_::._====-..=___.===_=__==____.\\r\\r:\\rt_:tt---\\rt_:t","source":"WinEventLog:Security","sourcetype":"WinEventLog:Security","splunk_server":"splunk-virtual-machine"}}
{"preview":false,"result":{"Account_Domain":"miacsdomain","Account_Name":"WIN-10$","ComputerName":"Win-10.miacsdomain.com","EventCode":"5379","EventType":"0","Keywords":"Audit Success","LogName":"Security","Logon_ID":"0x3E7","Message":"Credential Manager credentials were read.\r\n\r\nSubject:\r\n\tSecurity ID:\t\tS-1-5-18\r\n\tAccount Name:\t\tWIN-10$\r\n\tAccount Domain:\t\tmiacsdomain\r\n\tLogon ID:\t\t0x3E7\r\n\tRead Operation:\t\tEnumerate Credentials\r\n\r\nThis event occurs when a user performs a read operation on stored credentials in Credential Manager.","OpCode":"Info","Read_Operation":"Enumerate Credentials","RecordNumber":"9455","Security_ID":"S-1-5-18","SourceName":"Microsoft Windows security auditing.","TaskCategory":"User Account Management","Type":"Information","_raw":"08/24/2026 01:31:59.077 PM\nLogName=Security\nEventCode=5379\nEventType=0\nComputerName=Win-10.miacsdomain.com\nSourceName=Microsoft Windows security auditing.\nType=Information\nRecordNumber=9455\nKeywords=Audit Success\nTaskCategory=User Account Management\nOpCode=Info\nMessage=Credential Manager credentials were read.\r\n\r\nSubject:\r\n\tSecurity ID:\t\tS-1-5-18\r\n\tAccount Name:\t\tWIN-10$\r\n\tAccount Domain:\t\tmiacsdomain\r\n\tLogon ID:\t\t0x3E7\r\n\tRead Operation:\t\tEnumerate Credentials\r\n\r\nThis event occurs when a user performs a read operation on stored credentials in Credential Manager.","_time":"2026-08-24T13:31:59.077+0200","host":"Win-10","index":"main","linecount":"21","punct":"//_::._====-..=___.===_=__==____.\\r\\r:\\rt_:tt---\\rt_:t","source":"WinEventLog:Security","sourcetype":"WinEventLog:Security","splunk_server":"splunk-virtual-machine"}}
{"preview":false,"result":{"Account_Domain":"miacsdomain","Account_Name":"WIN-10$","ComputerName":"Win-10.miacsdomain.com","EventCode":"5379","EventType":"0","Keywords":"Audit Success","LogName":"Security","Logon_ID":"0x3E7","Message":"Credential Manager credentials were read.\r\n\r\nSubject:\r\n\tSecurity ID:\t\tS-1-5-18\r\n\tAccount Name:\t\tWIN-10$\r\n\tAccount Domain:\t\tmiacsdomain\r\n\tLogon ID:\t\t0x3E7\r\n\tRead Operation:\t\tEnumerate Credentials\r\n\r\nThis event occurs when a user performs a read operation on stored credentials in Credential Manager.","OpCode":"Info","Read_Operation":"Enumerate Credentials","RecordNumber":"9454","Security_ID":"S-1-5-18","SourceName":"Microsoft Windows security auditing.","TaskCategory":"User Account Management","Type":"Information","_raw":"08/24/2026 01:31:59.077 PM\nLogName=Security\nEventCode=5379\nEventType=0\nComputerName=Win-10.miacsdomain.com\nSourceName=Microsoft Windows security auditing.\nType=Information\nRecordNumber=9454\nKeywords=Audit Success\nTaskCategory=User Account Management\nOpCode=Info\nMessage=Credential Manager credentials were read.\r\n\r\nSubject:\r\n\tSecurity ID:\t\tS-1-5-18\r\n\tAccount Name:\t\tWIN-10$\r\n\tAccount Domain:\t\tmiacsdomain\r\n\tLogon ID:\t\t0x3E7\r\n\tRead Operation:\t\tEnumerate Credentials\r\n\r\nThis event occurs when a user performs a read operation on stored credentials in Credential Manager.","_time":"2026-08-24T13:31:59.077+0200","host":"Win-10","index":"main","linecount":"21","punct":"//_::._====-..=___.===_=__==____.\\r\\r:\\rt_:tt---\\rt_:t","source":"WinEventLog:Security","sourcetype":"WinEventLog:Security","splunk_server":"splunk-virtual-machine"}}
{"preview":false,"result":{"Account_Domain":"miacsdomain","Account_Name":"WIN-10$","ComputerName":"Win-10.miacsdomain.com","EventCode":"5379","EventType":"0","Keywords":"Audit Success","LogName":"Security","Logon_ID":"0x3E7","Message":"Credential Manager credentials were read.\r\n\r\nSubject:\r\n\tSecurity ID:\t\tS-1-5-18\r\n\tAccount Name:\t\tWIN-10$\r\n\tAccount Domain:\t\tmiacsdomain\r\n\tLogon ID:\t\t0x3E7\r\n\tRead Operation:\t\tEnumerate Credentials\r\n\r\nThis event occurs when a user performs a read operation on stored credentials in Credential Manager.","OpCode":"Info","Read_Operation":"Enumerate Credentials","RecordNumber":"9453","Security_ID":"S-1-5-18","SourceName":"Microsoft Windows security auditing.","TaskCategory":"User Account Management","Type":"Information","_raw":"08/24/2026 01:31:59.059 PM\nLogName=Security\nEventCode=5379\nEventType=0\nComputerName=Win-10.miacsdomain.com\nSourceName=Microsoft Windows security auditing.\nType=Information\nRecordNumber=9453\nKeywords=Audit Success\nTaskCategory=User Account Management\nOpCode=Info\nMessage=Credential Manager credentials were read.\r\n\r\nSubject:\r\n\tSecurity ID:\t\tS-1-5-18\r\n\tAccount Name:\t\tWIN-10$\r\n\tAccount Domain:\t\tmiacsdomain\r\n\tLogon ID:\t\t0x3E7\r\n\tRead Operation:\t\tEnumerate Credentials\r\n\r\nThis event occurs when a user performs a read operation on stored credentials in Credential Manager.","_time":"2026-08-24T13:31:59.059+0200","host":"Win-10","index":"main","linecount":"21","punct":"//_::._====-..=___.===_=__==____.\\r\\r:\\rt_:tt---\\rt_:t","source":"WinEventLog:Security","sourcetype":"WinEventLog:Security","splunk_server":"splunk-virtual-machine"}}
{"preview":false,"result":{"Account_Domain":"miacsdomain","Account_Name":"WIN-10$","ComputerName":"Win-10.miacsdomain.com","EventCode":"5379","EventType":"0","Keywords":"Audit Success","LogName":"Security","Logon_ID":"0x3E7","Message":"Credential Manager credentials were read.\r\n\r\nSubject:\r\n\tSecurity ID:\t\tS-1-5-18\r\n\tAccount Name:\t\tWIN-10$\r\n\tAccount Domain:\t\tmiacsdomain\r\n\tLogon ID:\t\t0x3E7\r\n\tRead Operation:\t\tEnumerate Credentials\r\n\r\nThis event occurs when a user performs a read operation on stored credentials in Credential Manager.","OpCode":"Info","Read_Operation":"Enumerate Credentials","RecordNumber":"9452","Security_ID":"S-1-5-18","SourceName":"Microsoft Windows security auditing.","TaskCategory":"User Account Management","Type":"Information","_raw":"08/24/2026 01:31:59.056 PM\nLogName=Security\nEventCode=5379\nEventType=0\nComputerName=Win-10.miacsdomain.com\nSourceName=Microsoft Windows security auditing.\nType=Information\nRecordNumber=9452\nKeywords=Audit Success\nTaskCategory=User Account Management\nOpCode=Info\nMessage=Credential Manager credentials were read.\r\n\r\nSubject:\r\n\tSecurity ID:\t\tS-1-5-18\r\n\tAccount Name:\t\tWIN-10$\r\n\tAccount Domain:\t\tmiacsdomain\r\n\tLogon ID:\t\t0x3E7\r\n\tRead Operation:\t\tEnumerate Credentials\r\n\r\nThis event occurs when a user performs a read operation on stored credentials in Credential Manager.","_time":"2026-08-24T13:31:59.056+0200","host":"Win-10","index":"main","linecount":"21","punct":"//_::._====-..=___.===_=__==____.\\r\\r:\\rt_:tt---\\rt_:t","source":"WinEventLog:Security","sourcetype":"WinEventLog:Security","splunk_server":"splunk-virtual-machine"}}
{"preview":false,"result":{"Account_Domain":"miacsdomain","Account_Name":"WIN-10$","ComputerName":"Win-10.miacsdomain.com","EventCode":"5379","EventType":"0","Keywords":"Audit Success","LogName":"Security","Logon_ID":"0x3E7","Message":"Credential Manager credentials were read.\r\n\r\nSubject:\r\n\tSecurity ID:\t\tS-1-5-18\r\n\tAccount Name:\t\tWIN-10$\r\n\tAccount Domain:\t\tmiacsdomain\r\n\tLogon ID:\t\t0x3E7\r\n\tRead Operation:\t\tEnumerate Credentials\r\n\r\nThis event occurs when a user performs a read operation on stored credentials in Credential Manager.","OpCode":"Info","Read_Operation":"Enumerate Credentials","RecordNumber":"9451","Security_ID":"S-1-5-18","SourceName":"Microsoft Windows security auditing.","TaskCategory":"User Account Management","Type":"Information","_raw":"08/24/2026 01:31:59.055 PM\nLogName=Security\nEventCode=5379\nEventType=0\nComputerName=Win-10.miacsdomain.com\nSourceName=Microsoft Windows security auditing.\nType=Information\nRecordNumber=9451\nKeywords=Audit Success\nTaskCategory=User Account Management\nOpCode=Info\nMessage=Credential Manager credentials were read.\r\n\r\nSubject:\r\n\tSecurity ID:\t\tS-1-5-18\r\n\tAccount Name:\t\tWIN-10$\r\n\tAccount Domain:\t\tmiacsdomain\r\n\tLogon ID:\t\t0x3E7\r\n\tRead Operation:\t\tEnumerate Credentials\r\n\r\nThis event occurs when a user performs a read operation on stored credentials in Credential Manager.","_time":"2026-08-24T13:31:59.055+0200","host":"Win-10","index":"main","linecount":"21","punct":"//_::._====-..=___.===_=__==____.\\r\\r:\\rt_:tt---\\rt_:t","source":"WinEventLog:Security","sourcetype":"WinEventLog:Security","splunk_server":"splunk-virtual-machine"}}
{"preview":false,"result":{"Account_Domain":"miacsdomain","Account_Name":"WIN-10$","ComputerName":"Win-10.miacsdomain.com","EventCode":"5379","EventType":"0","Keywords":"Audit Success","LogName":"Security","Logon_ID":"0x3E7","Message":"Credential Manager credentials were read.\r\n\r\nSubject:\r\n\tSecurity ID:\t\tS-1-5-18\r\n\tAccount Name:\t\tWIN-10$\r\n\tAccount Domain:\t\tmiacsdomain\r\n\tLogon ID:\t\t0x3E7\r\n\tRead Operation:\t\tEnumerate Credentials\r\n\r\nThis event occurs when a user performs a read operation on stored credentials in Credential Manager.","OpCode":"Info","Read_Operation":"Enumerate Credentials","RecordNumber":"9450","Security_ID":"S-1-5-18","SourceName":"Microsoft Windows security auditing.","TaskCategory":"User Account Management","Type":"Information","_raw":"08/24/2026 01:31:59.055 PM\nLogName=Security\nEventCode=5379\nEventType=0\nComputerName=Win-10.miacsdomain.com\nSourceName=Microsoft Windows security auditing.\nType=Information\nRecordNumber=9450\nKeywords=Audit Success\nTaskCategory=User Account Management\nOpCode=Info\nMessage=Credential Manager credentials were read.\r\n\r\nSubject:\r\n\tSecurity ID:\t\tS-1-5-18\r\n\tAccount Name:\t\tWIN-10$\r\n\tAccount Domain:\t\tmiacsdomain\r\n\tLogon ID:\t\t0x3E7\r\n\tRead Operation:\t\tEnumerate Credentials\r\n\r\nThis event occurs when a user performs a read operation on stored credentials in Credential Manager.","_time":"2026-08-24T13:31:59.055+0200","host":"Win-10","index":"main","linecount":"21","punct":"//_::._====-..=___.===_=__==____.\\r\\r:\\rt_:tt---\\rt_:t","source":"WinEventLog:Security","sourcetype":"WinEventLog:Security","splunk_server":"splunk-virtual-machine"}}
{"preview":false,"result":{"Account_Domain":"miacsdomain","Account_Name":"user-01","Caller_Workstation":"WIN-10","ComputerName":"Win-10.miacsdomain.com","EventCode":"4797","EventType":"0","Keywords":"Audit Success","LogName":"Security","Logon_ID":"0x706CD","Message":"An attempt was made to query the existence of a blank password for an account.\r\n\r\nSubject:\r\n\tSecurity ID:\t\tS-1-5-21-246749117-2054088174-1189330396-1105\r\n\tAccount Name:\t\tuser-01\r\n\tAccount Domain:\t\tmiacsdomain\r\n\tLogon ID:\t\t0x706CD\r\n\r\nAdditional Information:\r\n\tCaller Workstation:\tWIN-10\r\n\tTarget Account Name:\tAdministrator\r\n\tTarget Account Domain:\tWIN-10","OpCode":"Info","RecordNumber":"9449","Security_ID":"S-1-5-21-246749117-2054088174-1189330396-1105","SourceName":"Microsoft Windows security auditing.","Target_Account_Domain":"WIN-10","Target_Account_Name":"Administrator","TaskCategory":"User Account Management","Type":"Information","_raw":"08/24/2026 01:31:57.588 PM\nLogName=Security\nEventCode=4797\nEventType=0\nComputerName=Win-10.miacsdomain.com\nSourceName=Microsoft Windows security auditing.\nType=Information\nRecordNumber=9449\nKeywords=Audit Success\nTaskCategory=User Account Management\nOpCode=Info\nMessage=An attempt was made to query the existence of a blank password for an account.\r\n\r\nSubject:\r\n\tSecurity ID:\t\tS-1-5-21-246749117-2054088174-1189330396-1105\r\n\tAccount Name:\t\tuser-01\r\n\tAccount Domain:\t\tmiacsdomain\r\n\tLogon ID:\t\t0x706CD\r\n\r\nAdditional Information:\r\n\tCaller Workstation:\tWIN-10\r\n\tTarget Account Name:\tAdministrator\r\n\tTarget Account Domain:\tWIN-10","_time":"2026-08-24T13:31:57.588+0200","host":"Win-10","index":"main","linecount":"23","punct":"//_::._====-..=___.===_=__==______________.\\r\\r:\\rt_:","source":"WinEventLog:Security","sourcetype":"WinEventLog:Security","splunk_server":"splunk-virtual-machine"}}
{"preview":false,"result":{"Account_Domain":"miacsdomain","Account_Name":"user-01","Caller_Workstation":"WIN-10","ComputerName":"Win-10.miacsdomain.com","EventCode":"4797","EventType":"0","Keywords":"Audit Success","LogName":"Security","Logon_ID":"0x706CD","Message":"An attempt was made to query the existence of a blank password for an account.\r\n\r\nSubject:\r\n\tSecurity ID:\t\tS-1-5-21-246749117-2054088174-1189330396-1105\r\n\tAccount Name:\t\tuser-01\r\n\tAccount Domain:\t\tmiacsdomain\r\n\tLogon ID:\t\t0x706CD\r\n\r\nAdditional Information:\r\n\tCaller Workstation:\tWIN-10\r\n\tTarget Account Name:\tGuest\r\n\tTarget Account Domain:\tWIN-10","OpCode":"Info","RecordNumber":"9448","Security_ID":"S-1-5-21-246749117-2054088174-1189330396-1105","SourceName":"Microsoft Windows security auditing.","Target_Account_Domain":"WIN-10","Target_Account_Name":"Guest","TaskCategory":"User Account Management","Type":"Information","_raw":"08/24/2026 01:31:57.581 PM\nLogName=Security\nEventCode=4797\nEventType=0\nComputerName=Win-10.miacsdomain.com\nSourceName=Microsoft Windows security auditing.\nType=Information\nRecordNumber=9448\nKeywords=Audit Success\nTaskCategory=User Account Management\nOpCode=Info\nMessage=An attempt was made to query the existence of a blank password for an account.\r\n\r\nSubject:\r\n\tSecurity ID:\t\tS-1-5-21-246749117-2054088174-1189330396-1105\r\n\tAccount Name:\t\tuser-01\r\n\tAccount Domain:\t\tmiacsdomain\r\n\tLogon ID:\t\t0x706CD\r\n\r\nAdditional Information:\r\n\tCaller Workstation:\tWIN-10\r\n\tTarget Account Name:\tGuest\r\n\tTarget Account Domain:\tWIN-10","_time":"2026-08-24T13:31:57.581+0200","host":"Win-10","index":"main","linecount":"23","punct":"//_::._====-..=___.===_=__==______________.\\r\\r:\\rt_:","source":"WinEventLog:Security","sourcetype":"WinEventLog:Security","splunk_server":"splunk-virtual-machine"}}
{"preview":false,"result":{"Account_Domain":"miacsdomain","Account_Name":"user-01","Caller_Workstation":"WIN-10","ComputerName":"Win-10.miacsdomain.com","EventCode":"4797","EventType":"0","Keywords":"Audit Success","LogName":"Security","Logon_ID":"0x706CD","Message":"An attempt was made to query the existence of a blank password for an account.\r\n\r\nSubject:\r\n\tSecurity ID:\t\tS-1-5-21-246749117-2054088174-1189330396-1105\r\n\tAccount Name:\t\tuser-01\r\n\tAccount Domain:\t\tmiacsdomain\r\n\tLogon ID:\t\t0x706CD\r\n\r\nAdditional Information:\r\n\tCaller Workstation:\tWIN-10\r\n\tTarget Account Name:\tWDAGUtilityAccount\r\n\tTarget Account Domain:\tWIN-10","OpCode":"Info","RecordNumber":"9447","Security_ID":"S-1-5-21-246749117-2054088174-1189330396-1105","SourceName":"Microsoft Windows security auditing.","Target_Account_Domain":"WIN-10","Target_Account_Name":"WDAGUtilityAccount","TaskCategory":"User Account Management","Type":"Information","_raw":"08/24/2026 01:31:57.580 PM\nLogName=Security\nEventCode=4797\nEventType=0\nComputerName=Win-10.miacsdomain.com\nSourceName=Microsoft Windows security auditing.\nType=Information\nRecordNumber=9447\nKeywords=Audit Success\nTaskCategory=User Account Management\nOpCode=Info\nMessage=An attempt was made to query the existence of a blank password for an account.\r\n\r\nSubject:\r\n\tSecurity ID:\t\tS-1-5-21-246749117-2054088174-1189330396-1105\r\n\tAccount Name:\t\tuser-01\r\n\tAccount Domain:\t\tmiacsdomain\r\n\tLogon ID:\t\t0x706CD\r\n\r\nAdditional Information:\r\n\tCaller Workstation:\tWIN-10\r\n\tTarget Account Name:\tWDAGUtilityAccount\r\n\tTarget Account Domain:\tWIN-10","_time":"2026-08-24T13:31:57.580+0200","host":"Win-10","index":"main","linecount":"23","punct":"//_::._====-..=___.===_=__==______________.\\r\\r:\\rt_:","source":"WinEventLog:Security","sourcetype":"WinEventLog:Security","splunk_server":"splunk-virtual-machine"}}
{"preview":false,"result":{"Account_Domain":"miacsdomain","Account_Name":"user-01","Caller_Workstation":"WIN-10","ComputerName":"Win-10.miacsdomain.com","EventCode":"4797","EventType":"0","Keywords":"Audit Success","LogName":"Security","Logon_ID":"0x706CD","Message":"An attempt was made to query the existence of a blank password for an account.\r\n\r\nSubject:\r\n\tSecurity ID:\t\tS-1-5-21-246749117-2054088174-1189330396-1105\r\n\tAccount Name:\t\tuser-01\r\n\tAccount Domain:\t\tmiacsdomain\r\n\tLogon ID:\t\t0x706CD\r\n\r\nAdditional Information:\r\n\tCaller Workstation:\tWIN-10\r\n\tTarget Account Name:\tsvc_update$\r\n\tTarget Account Domain:\tWIN-10","OpCode":"Info","RecordNumber":"9446","Security_ID":"S-1-5-21-246749117-2054088174-1189330396-1105","SourceName":"Microsoft Windows security auditing.","Target_Account_Domain":"WIN-10","Target_Account_Name":"svc_update$","TaskCategory":"User Account Management","Type":"Information","_raw":"08/24/2026 01:31:57.578 PM\nLogName=Security\nEventCode=4797\nEventType=0\nComputerName=Win-10.miacsdomain.com\nSourceName=Microsoft Windows security auditing.\nType=Information\nRecordNumber=9446\nKeywords=Audit Success\nTaskCategory=User Account Management\nOpCode=Info\nMessage=An attempt was made to query the existence of a blank password for an account.\r\n\r\nSubject:\r\n\tSecurity ID:\t\tS-1-5-21-246749117-2054088174-1189330396-1105\r\n\tAccount Name:\t\tuser-01\r\n\tAccount Domain:\t\tmiacsdomain\r\n\tLogon ID:\t\t0x706CD\r\n\r\nAdditional Information:\r\n\tCaller Workstation:\tWIN-10\r\n\tTarget Account Name:\tsvc_update$\r\n\tTarget Account Domain:\tWIN-10","_time":"2026-08-24T13:31:57.578+0200","host":"Win-10","index":"main","linecount":"23","punct":"//_::._====-..=___.===_=__==______________.\\r\\r:\\rt_:","source":"WinEventLog:Security","sourcetype":"WinEventLog:Security","splunk_server":"splunk-virtual-machine"}}
{"preview":false,"result":{"Account_Domain":"miacsdomain","Account_Name":"user-01","Caller_Workstation":"WIN-10","ComputerName":"Win-10.miacsdomain.com","EventCode":"4797","EventType":"0","Keywords":"Audit Success","LogName":"Security","Logon_ID":"0x706CD","Message":"An attempt was made to query the existence of a blank password for an account.\r\n\r\nSubject:\r\n\tSecurity ID:\t\tS-1-5-21-246749117-2054088174-1189330396-1105\r\n\tAccount Name:\t\tuser-01\r\n\tAccount Domain:\t\tmiacsdomain\r\n\tLogon ID:\t\t0x706CD\r\n\r\nAdditional Information:\r\n\tCaller Workstation:\tWIN-10\r\n\tTarget Account Name:\tDefaultAccount\r\n\tTarget Account Domain:\tWIN-10","OpCode":"Info","RecordNumber":"9445","Security_ID":"S-1-5-21-246749117-2054088174-1189330396-1105","SourceName":"Microsoft Windows security auditing.","Target_Account_Domain":"WIN-10","Target_Account_Name":"DefaultAccount","TaskCategory":"User Account Management","Type":"Information","_raw":"08/24/2026 01:31:57.576 PM\nLogName=Security\nEventCode=4797\nEventType=0\nComputerName=Win-10.miacsdomain.com\nSourceName=Microsoft Windows security auditing.\nType=Information\nRecordNumber=9445\nKeywords=Audit Success\nTaskCategory=User Account Management\nOpCode=Info\nMessage=An attempt was made to query the existence of a blank password for an account.\r\n\r\nSubject:\r\n\tSecurity ID:\t\tS-1-5-21-246749117-2054088174-1189330396-1105\r\n\tAccount Name:\t\tuser-01\r\n\tAccount Domain:\t\tmiacsdomain\r\n\tLogon ID:\t\t0x706CD\r\n\r\nAdditional Information:\r\n\tCaller Workstation:\tWIN-10\r\n\tTarget Account Name:\tDefaultAccount\r\n\tTarget Account Domain:\tWIN-10","_time":"2026-08-24T13:31:57.576+0200","host":"Win-10","index":"main","linecount":"23","punct":"//_::._====-..=___.===_=__==______________.\\r\\r:\\rt_:","source":"WinEventLog:Security","sourcetype":"WinEventLog:Security","splunk_server":"splunk-virtual-machine"}}
{"preview":false,"result":{"Account_Domain":"miacsdomain","Account_Name":"user-01","Caller_Workstation":"WIN-10","ComputerName":"Win-10.miacsdomain.com","EventCode":"4797","EventType":"0","Keywords":"Audit Success","LogName":"Security","Logon_ID":"0x706CD","Message":"An attempt was made to query the existence of a blank password for an account.\r\n\r\nSubject:\r\n\tSecurity ID:\t\tS-1-5-21-246749117-2054088174-1189330396-1105\r\n\tAccount Name:\t\tuser-01\r\n\tAccount Domain:\t\tmiacsdomain\r\n\tLogon ID:\t\t0x706CD\r\n\r\nAdditional Information:\r\n\tCaller Workstation:\tWIN-10\r\n\tTarget Account Name:\talice\r\n\tTarget Account Domain:\tWIN-10","OpCode":"Info","RecordNumber":"9444","Security_ID":"S-1-5-21-246749117-2054088174-1189330396-1105","SourceName":"Microsoft Windows security auditing.","Target_Account_Domain":"WIN-10","Target_Account_Name":"alice","TaskCategory":"User Account Management","Type":"Information","_raw":"08/24/2026 01:31:57.574 PM\nLogName=Security\nEventCode=4797\nEventType=0\nComputerName=Win-10.miacsdomain.com\nSourceName=Microsoft Windows security auditing.\nType=Information\nRecordNumber=9444\nKeywords=Audit Success\nTaskCategory=User Account Management\nOpCode=Info\nMessage=An attempt was made to query the existence of a blank password for an account.\r\n\r\nSubject:\r\n\tSecurity ID:\t\tS-1-5-21-246749117-2054088174-1189330396-1105\r\n\tAccount Name:\t\tuser-01\r\n\tAccount Domain:\t\tmiacsdomain\r\n\tLogon ID:\t\t0x706CD\r\n\r\nAdditional Information:\r\n\tCaller Workstation:\tWIN-10\r\n\tTarget Account Name:\talice\r\n\tTarget Account Domain:\tWIN-10","_time":"2026-08-24T13:31:57.574+0200","host":"Win-10","index":"main","linecount":"23","punct":"//_::._====-..=___.===_=__==______________.\\r\\r:\\rt_:","source":"WinEventLog:Security","sourcetype":"WinEventLog:Security","splunk_server":"splunk-virtual-machine"}}
{"preview":false,"result":{"Account_Domain":"miacsdomain","Account_Name":"user-01","Caller_Workstation":"WIN-10","ComputerName":"Win-10.miacsdomain.com","EventCode":"4797","EventType":"0","Keywords":"Audit Success","LogName":"Security","Logon_ID":"0x706CD","Message":"An attempt was made to query the existence of a blank password for an account.\r\n\r\nSubject:\r\n\tSecurity ID:\t\tS-1-5-21-246749117-2054088174-1189330396-1105\r\n\tAccount Name:\t\tuser-01\r\n\tAccount Domain:\t\tmiacsdomain\r\n\tLogon ID:\t\t0x706CD\r\n\r\nAdditional Information:\r\n\tCaller Workstation:\tWIN-10\r\n\tTarget Account Name:\tadminlocal\r\n\tTarget Account Domain:\tWIN-10","OpCode":"Info","RecordNumber":"9443","Security_ID":"S-1-5-21-246749117-2054088174-1189330396-1105","SourceName":"Microsoft Windows security auditing.","Target_Account_Domain":"WIN-10","Target_Account_Name":"adminlocal","TaskCategory":"User Account Management","Type":"Information","_raw":"08/24/2026 01:31:57.572 PM\nLogName=Security\nEventCode=4797\nEventType=0\nComputerName=Win-10.miacsdomain.com\nSourceName=Microsoft Windows security auditing.\nType=Information\nRecordNumber=9443\nKeywords=Audit Success\nTaskCategory=User Account Management\nOpCode=Info\nMessage=An attempt was made to query the existence of a blank password for an account.\r\n\r\nSubject:\r\n\tSecurity ID:\t\tS-1-5-21-246749117-2054088174-1189330396-1105\r\n\tAccount Name:\t\tuser-01\r\n\tAccount Domain:\t\tmiacsdomain\r\n\tLogon ID:\t\t0x706CD\r\n\r\nAdditional Information:\r\n\tCaller Workstation:\tWIN-10\r\n\tTarget Account Name:\tadminlocal\r\n\tTarget Account Domain:\tWIN-10","_time":"2026-08-24T13:31:57.572+0200","host":"Win-10","index":"main","linecount":"23","punct":"//_::._====-..=___.===_=__==______________.\\r\\r:\\rt_:","source":"WinEventLog:Security","sourcetype":"WinEventLog:Security","splunk_server":"splunk-virtual-machine"}}
{"preview":false,"result":{"Account_Domain":"miacsdomain","Account_Name":"user-01","Caller_Workstation":"WIN-10","ComputerName":"Win-10.miacsdomain.com","EventCode":"4797","EventType":"0","Keywords":"Audit Success","LogName":"Security","Logon_ID":"0x706CD","Message":"An attempt was made to query the existence of a blank password for an account.\r\n\r\nSubject:\r\n\tSecurity ID:\t\tS-1-5-21-246749117-2054088174-1189330396-1105\r\n\tAccount Name:\t\tuser-01\r\n\tAccount Domain:\t\tmiacsdomain\r\n\tLogon ID:\t\t0x706CD\r\n\r\nAdditional Information:\r\n\tCaller Workstation:\tWIN-10\r\n\tTarget Account Name:\tAdministrator\r\n\tTarget Account Domain:\tWIN-10","OpCode":"Info","RecordNumber":"9442","Security_ID":"S-1-5-21-246749117-2054088174-1189330396-1105","SourceName":"Microsoft Windows security auditing.","Target_Account_Domain":"WIN-10","Target_Account_Name":"Administrator","TaskCategory":"User Account Management","Type":"Information","_raw":"08/24/2026 01:31:57.566 PM\nLogName=Security\nEventCode=4797\nEventType=0\nComputerName=Win-10.miacsdomain.com\nSourceName=Microsoft Windows security auditing.\nType=Information\nRecordNumber=9442\nKeywords=Audit Success\nTaskCategory=User Account Management\nOpCode=Info\nMessage=An attempt was made to query the existence of a blank password for an account.\r\n\r\nSubject:\r\n\tSecurity ID:\t\tS-1-5-21-246749117-2054088174-1189330396-1105\r\n\tAccount Name:\t\tuser-01\r\n\tAccount Domain:\t\tmiacsdomain\r\n\tLogon ID:\t\t0x706CD\r\n\r\nAdditional Information:\r\n\tCaller Workstation:\tWIN-10\r\n\tTarget Account Name:\tAdministrator\r\n\tTarget Account Domain:\tWIN-10","_time":"2026-08-24T13:31:57.566+0200","host":"Win-10","index":"main","linecount":"23","punct":"//_::._====-..=___.===_=__==______________.\\r\\r:\\rt_:","source":"WinEventLog:Security","sourcetype":"WinEventLog:Security","splunk_server":"splunk-virtual-machine"}}
{"preview":false,"result":{"Account_Domain":"miacsdomain","Account_Name":"user-01","Caller_Workstation":"WIN-10","ComputerName":"Win-10.miacsdomain.com","EventCode":"4797","EventType":"0","Keywords":"Audit Success","LogName":"Security","Logon_ID":"0x706CD","Message":"An attempt was made to query the existence of a blank password for an account.\r\n\r\nSubject:\r\n\tSecurity ID:\t\tS-1-5-21-246749117-2054088174-1189330396-1105\r\n\tAccount Name:\t\tuser-01\r\n\tAccount Domain:\t\tmiacsdomain\r\n\tLogon ID:\t\t0x706CD\r\n\r\nAdditional Information:\r\n\tCaller Workstation:\tWIN-10\r\n\tTarget Account Name:\tWDAGUtilityAccount\r\n\tTarget Account Domain:\tWIN-10","OpCode":"Info","RecordNumber":"9441","Security_ID":"S-1-5-21-246749117-2054088174-1189330396-1105","SourceName":"Microsoft Windows security auditing.","Target_Account_Domain":"WIN-10","Target_Account_Name":"WDAGUtilityAccount","TaskCategory":"User Account Management","Type":"Information","_raw":"08/24/2026 01:31:57.565 PM\nLogName=Security\nEventCode=4797\nEventType=0\nComputerName=Win-10.miacsdomain.com\nSourceName=Microsoft Windows security auditing.\nType=Information\nRecordNumber=9441\nKeywords=Audit Success\nTaskCategory=User Account Management\nOpCode=Info\nMessage=An attempt was made to query the existence of a blank password for an account.\r\n\r\nSubject:\r\n\tSecurity ID:\t\tS-1-5-21-246749117-2054088174-1189330396-1105\r\n\tAccount Name:\t\tuser-01\r\n\tAccount Domain:\t\tmiacsdomain\r\n\tLogon ID:\t\t0x706CD\r\n\r\nAdditional Information:\r\n\tCaller Workstation:\tWIN-10\r\n\tTarget Account Name:\tWDAGUtilityAccount\r\n\tTarget Account Domain:\tWIN-10","_time":"2026-08-24T13:31:57.565+0200","host":"Win-10","index":"main","linecount":"23","punct":"//_::._====-..=___.===_=__==______________.\\r\\r:\\rt_:","source":"WinEventLog:Security","sourcetype":"WinEventLog:Security","splunk_server":"splunk-virtual-machine"}}
{"preview":false,"result":{"Account_Domain":"miacsdomain","Account_Name":"user-01","Caller_Workstation":"WIN-10","ComputerName":"Win-10.miacsdomain.com","EventCode":"4797","EventType":"0","Keywords":"Audit Success","LogName":"Security","Logon_ID":"0x706CD","Message":"An attempt was made to query the existence of a blank password for an account.\r\n\r\nSubject:\r\n\tSecurity ID:\t\tS-1-5-21-246749117-2054088174-1189330396-1105\r\n\tAccount Name:\t\tuser-01\r\n\tAccount Domain:\t\tmiacsdomain\r\n\tLogon ID:\t\t0x706CD\r\n\r\nAdditional Information:\r\n\tCaller Workstation:\tWIN-10\r\n\tTarget Account Name:\tsvc_update$\r\n\tTarget Account Domain:\tWIN-10","OpCode":"Info","RecordNumber":"9440","Security_ID":"S-1-5-21-246749117-2054088174-1189330396-1105","SourceName":"Microsoft Windows security auditing.","Target_Account_Domain":"WIN-10","Target_Account_Name":"svc_update$","TaskCategory":"User Account Management","Type":"Information","_raw":"08/24/2026 01:31:57.564 PM\nLogName=Security\nEventCode=4797\nEventType=0\nComputerName=Win-10.miacsdomain.com\nSourceName=Microsoft Windows security auditing.\nType=Information\nRecordNumber=9440\nKeywords=Audit Success\nTaskCategory=User Account Management\nOpCode=Info\nMessage=An attempt was made to query the existence of a blank password for an account.\r\n\r\nSubject:\r\n\tSecurity ID:\t\tS-1-5-21-246749117-2054088174-1189330396-1105\r\n\tAccount Name:\t\tuser-01\r\n\tAccount Domain:\t\tmiacsdomain\r\n\tLogon ID:\t\t0x706CD\r\n\r\nAdditional Information:\r\n\tCaller Workstation:\tWIN-10\r\n\tTarget Account Name:\tsvc_update$\r\n\tTarget Account Domain:\tWIN-10","_time":"2026-08-24T13:31:57.564+0200","host":"Win-10","index":"main","linecount":"23","punct":"//_::._====-..=___.===_=__==______________.\\r\\r:\\rt_:","source":"WinEventLog:Security","sourcetype":"WinEventLog:Security","splunk_server":"splunk-virtual-machine"}}
{"preview":false,"result":{"Account_Domain":"miacsdomain","Account_Name":"user-01","Caller_Workstation":"WIN-10","ComputerName":"Win-10.miacsdomain.com","EventCode":"4797","EventType":"0","Keywords":"Audit Success","LogName":"Security","Logon_ID":"0x706CD","Message":"An attempt was made to query the existence of a blank password for an account.\r\n\r\nSubject:\r\n\tSecurity ID:\t\tS-1-5-21-246749117-2054088174-1189330396-1105\r\n\tAccount Name:\t\tuser-01\r\n\tAccount Domain:\t\tmiacsdomain\r\n\tLogon ID:\t\t0x706CD\r\n\r\nAdditional Information:\r\n\tCaller Workstation:\tWIN-10\r\n\tTarget Account Name:\tGuest\r\n\tTarget Account Domain:\tWIN-10","OpCode":"Info","RecordNumber":"9439","Security_ID":"S-1-5-21-246749117-2054088174-1189330396-1105","SourceName":"Microsoft Windows security auditing.","Target_Account_Domain":"WIN-10","Target_Account_Name":"Guest","TaskCategory":"User Account Management","Type":"Information","_raw":"08/24/2026 01:31:57.563 PM\nLogName=Security\nEventCode=4797\nEventType=0\nComputerName=Win-10.miacsdomain.com\nSourceName=Microsoft Windows security auditing.\nType=Information\nRecordNumber=9439\nKeywords=Audit Success\nTaskCategory=User Account Management\nOpCode=Info\nMessage=An attempt was made to query the existence of a blank password for an account.\r\n\r\nSubject:\r\n\tSecurity ID:\t\tS-1-5-21-246749117-2054088174-1189330396-1105\r\n\tAccount Name:\t\tuser-01\r\n\tAccount Domain:\t\tmiacsdomain\r\n\tLogon ID:\t\t0x706CD\r\n\r\nAdditional Information:\r\n\tCaller Workstation:\tWIN-10\r\n\tTarget Account Name:\tGuest\r\n\tTarget Account Domain:\tWIN-10","_time":"2026-08-24T13:31:57.563+0200","host":"Win-10","index":"main","linecount":"23","punct":"//_::._====-..=___.===_=__==______________.\\r\\r:\\rt_:","source":"WinEventLog:Security","sourcetype":"WinEventLog:Security","splunk_server":"splunk-virtual-machine"}}
{"preview":false,"result":{"Account_Domain":"miacsdomain","Account_Name":"user-01","Caller_Workstation":"WIN-10","ComputerName":"Win-10.miacsdomain.com","EventCode":"4797","EventType":"0","Keywords":"Audit Success","LogName":"Security","Logon_ID":"0x706CD","Message":"An attempt was made to query the existence of a blank password for an account.\r\n\r\nSubject:\r\n\tSecurity ID:\t\tS-1-5-21-246749117-2054088174-1189330396-1105\r\n\tAccount Name:\t\tuser-01\r\n\tAccount Domain:\t\tmiacsdomain\r\n\tLogon ID:\t\t0x706CD\r\n\r\nAdditional Information:\r\n\tCaller Workstation:\tWIN-10\r\n\tTarget Account Name:\tDefaultAccount\r\n\tTarget Account Domain:\tWIN-10","OpCode":"Info","RecordNumber":"9438","Security_ID":"S-1-5-21-246749117-2054088174-1189330396-1105","SourceName":"Microsoft Windows security auditing.","Target_Account_Domain":"WIN-10","Target_Account_Name":"DefaultAccount","TaskCategory":"User Account Management","Type":"Information","_raw":"08/24/2026 01:31:57.562 PM\nLogName=Security\nEventCode=4797\nEventType=0\nComputerName=Win-10.miacsdomain.com\nSourceName=Microsoft Windows security auditing.\nType=Information\nRecordNumber=9438\nKeywords=Audit Success\nTaskCategory=User Account Management\nOpCode=Info\nMessage=An attempt was made to query the existence of a blank password for an account.\r\n\r\nSubject:\r\n\tSecurity ID:\t\tS-1-5-21-246749117-2054088174-1189330396-1105\r\n\tAccount Name:\t\tuser-01\r\n\tAccount Domain:\t\tmiacsdomain\r\n\tLogon ID:\t\t0x706CD\r\n\r\nAdditional Information:\r\n\tCaller Workstation:\tWIN-10\r\n\tTarget Account Name:\tDefaultAccount\r\n\tTarget Account Domain:\tWIN-10","_time":"2026-08-24T13:31:57.562+0200","host":"Win-10","index":"main","linecount":"23","punct":"//_::._====-..=___.===_=__==______________.\\r\\r:\\rt_:","source":"WinEventLog:Security","sourcetype":"WinEventLog:Security","splunk_server":"splunk-virtual-machine"}}
{"preview":false,"result":{"Account_Domain":"miacsdomain","Account_Name":"user-01","Caller_Workstation":"WIN-10","ComputerName":"Win-10.miacsdomain.com","EventCode":"4797","EventType":"0","Keywords":"Audit Success","LogName":"Security","Logon_ID":"0x706CD","Message":"An attempt was made to query the existence of a blank password for an account.\r\n\r\nSubject:\r\n\tSecurity ID:\t\tS-1-5-21-246749117-2054088174-1189330396-1105\r\n\tAccount Name:\t\tuser-01\r\n\tAccount Domain:\t\tmiacsdomain\r\n\tLogon ID:\t\t0x706CD\r\n\r\nAdditional Information:\r\n\tCaller Workstation:\tWIN-10\r\n\tTarget Account Name:\talice\r\n\tTarget Account Domain:\tWIN-10","OpCode":"Info","RecordNumber":"9437","Security_ID":"S-1-5-21-246749117-2054088174-1189330396-1105","SourceName":"Microsoft Windows security auditing.","Target_Account_Domain":"WIN-10","Target_Account_Name":"alice","TaskCategory":"User Account Management","Type":"Information","_raw":"08/24/2026 01:31:57.561 PM\nLogName=Security\nEventCode=4797\nEventType=0\nComputerName=Win-10.miacsdomain.com\nSourceName=Microsoft Windows security auditing.\nType=Information\nRecordNumber=9437\nKeywords=Audit Success\nTaskCategory=User Account Management\nOpCode=Info\nMessage=An attempt was made to query the existence of a blank password for an account.\r\n\r\nSubject:\r\n\tSecurity ID:\t\tS-1-5-21-246749117-2054088174-1189330396-1105\r\n\tAccount Name:\t\tuser-01\r\n\tAccount Domain:\t\tmiacsdomain\r\n\tLogon ID:\t\t0x706CD\r\n\r\nAdditional Information:\r\n\tCaller Workstation:\tWIN-10\r\n\tTarget Account Name:\talice\r\n\tTarget Account Domain:\tWIN-10","_time":"2026-08-24T13:31:57.561+0200","host":"Win-10","index":"main","linecount":"23","punct":"//_::._====-..=___.===_=__==______________.\\r\\r:\\rt_:","source":"WinEventLog:Security","sourcetype":"WinEventLog:Security","splunk_server":"splunk-virtual-machine"}}
{"preview":false,"result":{"Account_Domain":"miacsdomain","Account_Name":"user-01","Caller_Workstation":"WIN-10","ComputerName":"Win-10.miacsdomain.com","EventCode":"4797","EventType":"0","Keywords":"Audit Success","LogName":"Security","Logon_ID":"0x706CD","Message":"An attempt was made to query the existence of a blank password for an account.\r\n\r\nSubject:\r\n\tSecurity ID:\t\tS-1-5-21-246749117-2054088174-1189330396-1105\r\n\tAccount Name:\t\tuser-01\r\n\tAccount Domain:\t\tmiacsdomain\r\n\tLogon ID:\t\t0x706CD\r\n\r\nAdditional Information:\r\n\tCaller Workstation:\tWIN-10\r\n\tTarget Account Name:\tadminlocal\r\n\tTarget Account Domain:\tWIN-10","OpCode":"Info","RecordNumber":"9436","Security_ID":"S-1-5-21-246749117-2054088174-1189330396-1105","SourceName":"Microsoft Windows security auditing.","Target_Account_Domain":"WIN-10","Target_Account_Name":"adminlocal","TaskCategory":"User Account Management","Type":"Information","_raw":"08/24/2026 01:31:57.560 PM\nLogName=Security\nEventCode=4797\nEventType=0\nComputerName=Win-10.miacsdomain.com\nSourceName=Microsoft Windows security auditing.\nType=Information\nRecordNumber=9436\nKeywords=Audit Success\nTaskCategory=User Account Management\nOpCode=Info\nMessage=An attempt was made to query the existence of a blank password for an account.\r\n\r\nSubject:\r\n\tSecurity ID:\t\tS-1-5-21-246749117-2054088174-1189330396-1105\r\n\tAccount Name:\t\tuser-01\r\n\tAccount Domain:\t\tmiacsdomain\r\n\tLogon ID:\t\t0x706CD\r\n\r\nAdditional Information:\r\n\tCaller Workstation:\tWIN-10\r\n\tTarget Account Name:\tadminlocal\r\n\tTarget Account Domain:\tWIN-10","_time":"2026-08-24T13:31:57.560+0200","host":"Win-10","index":"main","linecount":"23","punct":"//_::._====-..=___.===_=__==______________.\\r\\r:\\rt_:","source":"WinEventLog:Security","sourcetype":"WinEventLog:Security","splunk_server":"splunk-virtual-machine"}}
{"preview":false,"result":{"Account_Domain":"miacsdomain","Account_Name":"user-01","Caller_Workstation":"WIN-10","ComputerName":"Win-10.miacsdomain.com","EventCode":"4797","EventType":"0","Keywords":"Audit Success","LogName":"Security","Logon_ID":"0x706CD","Message":"An attempt was made to query the existence of a blank password for an account.\r\n\r\nSubject:\r\n\tSecurity ID:\t\tS-1-5-21-246749117-2054088174-1189330396-1105\r\n\tAccount Name:\t\tuser-01\r\n\tAccount Domain:\t\tmiacsdomain\r\n\tLogon ID:\t\t0x706CD\r\n\r\nAdditional Information:\r\n\tCaller Workstation:\tWIN-10\r\n\tTarget Account Name:\tAdministrator\r\n\tTarget Account Domain:\tWIN-10","OpCode":"Info","RecordNumber":"9435","Security_ID":"S-1-5-21-246749117-2054088174-1189330396-1105","SourceName":"Microsoft Windows security auditing.","Target_Account_Domain":"WIN-10","Target_Account_Name":"Administrator","TaskCategory":"User Account Management","Type":"Information","_raw":"08/24/2026 01:31:57.558 PM\nLogName=Security\nEventCode=4797\nEventType=0\nComputerName=Win-10.miacsdomain.com\nSourceName=Microsoft Windows security auditing.\nType=Information\nRecordNumber=9435\nKeywords=Audit Success\nTaskCategory=User Account Management\nOpCode=Info\nMessage=An attempt was made to query the existence of a blank password for an account.\r\n\r\nSubject:\r\n\tSecurity ID:\t\tS-1-5-21-246749117-2054088174-1189330396-1105\r\n\tAccount Name:\t\tuser-01\r\n\tAccount Domain:\t\tmiacsdomain\r\n\tLogon ID:\t\t0x706CD\r\n\r\nAdditional Information:\r\n\tCaller Workstation:\tWIN-10\r\n\tTarget Account Name:\tAdministrator\r\n\tTarget Account Domain:\tWIN-10","_time":"2026-08-24T13:31:57.558+0200","host":"Win-10","index":"main","linecount":"23","punct":"//_::._====-..=___.===_=__==______________.\\r\\r:\\rt_:","source":"WinEventLog:Security","sourcetype":"WinEventLog:Security","splunk_server":"splunk-virtual-machine"}}
{"preview":false,"result":{"Archived":"true","ComputerName":"Win-10.miacsdomain.com","EventCode":"23","EventType":"4","Hashes":"MD5=DA578C4265BA520E958A9D1B49F0F884,SHA256=989298354283A6D5408DC7F1E13D7C1E0B5877CD9A36550AF221855D5E53075B,IMPHASH=00000000000000000000000000000000","Image":"C:\\Windows\\SystemApps\\Microsoft.Windows.Search_cw5n1h2txyewy\\SearchApp.exe","IsExecutable":"false","Keywords":"None","LogName":"Microsoft-Windows-Sysmon/Operational","Message":"File Delete archived:\r\nRuleName: -\r\nUtcTime: 2026-08-24 11:31:56.560\r\nProcessGuid: {3f87e246-2b1e-6a8c-9900-000000001000}\r\nProcessId: 4400\r\nUser: miacsdomain\\user-01\r\nImage: C:\\Windows\\SystemApps\\Microsoft.Windows.Search_cw5n1h2txyewy\\SearchApp.exe\r\nTargetFilename: C:\\Users\\user-01\\AppData\\Local\\Packages\\Microsoft.Windows.Search_cw5n1h2txyewy\\AC\\Microsoft\\Internet Explorer\\DOMStore\\DR173E8D\\www.bing[1].xml\r\nHashes: MD5=DA578C4265BA520E958A9D1B49F0F884,SHA256=989298354283A6D5408DC7F1E13D7C1E0B5877CD9A36550AF221855D5E53075B,IMPHASH=00000000000000000000000000000000\r\nIsExecutable: false\r\nArchived: true","OpCode":"Info","ProcessGuid":"{3f87e246-2b1e-6a8c-9900-000000001000}","ProcessId":"4400","RecordNumber":"14511","RuleName":"-","Sid":"S-1-5-18","SidType":"0","SourceName":"Microsoft-Windows-Sysmon","TargetFilename":"C:\\Users\\user-01\\AppData\\Local\\Packages\\Microsoft.Windows.Search_cw5n1h2txyewy\\AC\\Microsoft\\Internet Explorer\\DOMStore\\DR173E8D\\www.bing[1].xml","TaskCategory":"File Delete archived (rule: FileDelete)","Type":"Information","User":["NOT_TRANSLATED","miacsdomain\\user-01"],"UtcTime":"2026-08-24 11:31:56.560","_raw":"08/24/2026 01:31:56.563 PM\nLogName=Microsoft-Windows-Sysmon/Operational\nEventCode=23\nEventType=4\nComputerName=Win-10.miacsdomain.com\nUser=NOT_TRANSLATED\nSid=S-1-5-18\nSidType=0\nSourceName=Microsoft-Windows-Sysmon\nType=Information\nRecordNumber=14511\nKeywords=None\nTaskCategory=File Delete archived (rule: FileDelete)\nOpCode=Info\nMessage=File Delete archived:\r\nRuleName: -\r\nUtcTime: 2026-08-24 11:31:56.560\r\nProcessGuid: {3f87e246-2b1e-6a8c-9900-000000001000}\r\nProcessId: 4400\r\nUser: miacsdomain\\user-01\r\nImage: C:\\Windows\\SystemApps\\Microsoft.Windows.Search_cw5n1h2txyewy\\SearchApp.exe\r\nTargetFilename: C:\\Users\\user-01\\AppData\\Local\\Packages\\Microsoft.Windows.Search_cw5n1h2txyewy\\AC\\Microsoft\\Internet Explorer\\DOMStore\\DR173E8D\\www.bing[1].xml\r\nHashes: MD5=DA578C4265BA520E958A9D1B49F0F884,SHA256=989298354283A6D5408DC7F1E13D7C1E0B5877CD9A36550AF221855D5E53075B,IMPHASH=00000000000000000000000000000000\r\nIsExecutable: false\r\nArchived: true","_time":"2026-08-24T13:31:56.563+0200","host":"Win-10","index":"main","linecount":"25","punct":"//_::._=--/===-..==---==--====___(:_)==__:\\r:_-\\r:_-","source":"WinEventLog:Microsoft-Windows-Sysmon/Operational","sourcetype":"WinEventLog:Microsoft-Windows-Sysmon/Operational","splunk_server":"splunk-virtual-machine"}}
{"preview":false,"result":{"Archived":"true","ComputerName":"Win-10.miacsdomain.com","EventCode":"23","EventType":"4","Hashes":"MD5=9C4BA1FCEED8DEDF08C2E5137B9D53DD,SHA256=9BEE93B3E7FE5CE7A50E3A288649B5BFBA0DA09BA8BF757BE63D89E9F6154DB2,IMPHASH=00000000000000000000000000000000","Image":"C:\\Windows\\SystemApps\\Microsoft.Windows.Search_cw5n1h2txyewy\\SearchApp.exe","IsExecutable":"false","Keywords":"None","LogName":"Microsoft-Windows-Sysmon/Operational","Message":"File Delete archived:\r\nRuleName: -\r\nUtcTime: 2026-08-24 11:31:55.966\r\nProcessGuid: {3f87e246-2b1e-6a8c-9900-000000001000}\r\nProcessId: 4400\r\nUser: miacsdomain\\user-01\r\nImage: C:\\Windows\\SystemApps\\Microsoft.Windows.Search_cw5n1h2txyewy\\SearchApp.exe\r\nTargetFilename: C:\\Users\\user-01\\AppData\\Local\\Packages\\Microsoft.Windows.Search_cw5n1h2txyewy\\AC\\BackgroundTransferApi\\74b46253-abb1-4f15-ba88-6e96ac3e5615.up_meta_secure\r\nHashes: MD5=9C4BA1FCEED8DEDF08C2E5137B9D53DD,SHA256=9BEE93B3E7FE5CE7A50E3A288649B5BFBA0DA09BA8BF757BE63D89E9F6154DB2,IMPHASH=00000000000000000000000000000000\r\nIsExecutable: false\r\nArchived: true","OpCode":"Info","ProcessGuid":"{3f87e246-2b1e-6a8c-9900-000000001000}","ProcessId":"4400","RecordNumber":"14509","RuleName":"-","Sid":"S-1-5-18","SidType":"0","SourceName":"Microsoft-Windows-Sysmon","TargetFilename":"C:\\Users\\user-01\\AppData\\Local\\Packages\\Microsoft.Windows.Search_cw5n1h2txyewy\\AC\\BackgroundTransferApi\\74b46253-abb1-4f15-ba88-6e96ac3e5615.up_meta_secure","TaskCategory":"File Delete archived (rule: FileDelete)","Type":"Information","User":["NOT_TRANSLATED","miacsdomain\\user-01"],"UtcTime":"2026-08-24 11:31:55.966","_raw":"08/24/2026 01:31:55.974 PM\nLogName=Microsoft-Windows-Sysmon/Operational\nEventCode=23\nEventType=4\nComputerName=Win-10.miacsdomain.com\nUser=NOT_TRANSLATED\nSid=S-1-5-18\nSidType=0\nSourceName=Microsoft-Windows-Sysmon\nType=Information\nRecordNumber=14509\nKeywords=None\nTaskCategory=File Delete archived (rule: FileDelete)\nOpCode=Info\nMessage=File Delete archived:\r\nRuleName: -\r\nUtcTime: 2026-08-24 11:31:55.966\r\nProcessGuid: {3f87e246-2b1e-6a8c-9900-000000001000}\r\nProcessId: 4400\r\nUser: miacsdomain\\user-01\r\nImage: C:\\Windows\\SystemApps\\Microsoft.Windows.Search_cw5n1h2txyewy\\SearchApp.exe\r\nTargetFilename: C:\\Users\\user-01\\AppData\\Local\\Packages\\Microsoft.Windows.Search_cw5n1h2txyewy\\AC\\BackgroundTransferApi\\74b46253-abb1-4f15-ba88-6e96ac3e5615.up_meta_secure\r\nHashes: MD5=9C4BA1FCEED8DEDF08C2E5137B9D53DD,SHA256=9BEE93B3E7FE5CE7A50E3A288649B5BFBA0DA09BA8BF757BE63D89E9F6154DB2,IMPHASH=00000000000000000000000000000000\r\nIsExecutable: false\r\nArchived: true","_time":"2026-08-24T13:31:55.974+0200","host":"Win-10","index":"main","linecount":"25","punct":"//_::._=--/===-..==---==--====___(:_)==__:\\r:_-\\r:_-","source":"WinEventLog:Microsoft-Windows-Sysmon/Operational","sourcetype":"WinEventLog:Microsoft-Windows-Sysmon/Operational","splunk_server":"splunk-virtual-machine"}}
