{"preview":false,"result":{"ComputerName":"Win-10.miacsdomain.com","EventCode":"4103","EventType":"4","Keywords":"None","LogName":"Microsoft-Windows-PowerShell/Operational","Message":"CommandInvocation(Get-ChildItem): \"Get-ChildItem\"\r\nParameterBinding(Get-ChildItem): name=\"ErrorAction\"; value=\"Ignore\"\r\nParameterBinding(Get-ChildItem): name=\"WarningAction\"; value=\"Ignore\"\r\nParameterBinding(Get-ChildItem): name=\"InformationAction\"; value=\"Ignore\"\r\nParameterBinding(Get-ChildItem): name=\"Verbose\"; value=\"False\"\r\nParameterBinding(Get-ChildItem): name=\"Debug\"; value=\"False\"\r\nParameterBinding(Get-ChildItem): name=\"Path\"; value=\"powersh*\"\r\nParameterBinding(Get-ChildItem): name=\"Hidden\"; value=\"True\"\r\n\r\n\r\nContext:\r\n        Severity = Informational\r\n        Host Name = ConsoleHost\r\n        Host Version = 5.1.19041.3803\r\n        Host ID = b367531c-324f-4cfd-9671-b7158caebd11\r\n        Host Application = C:\\Windows\\System32\\WindowsPowerShell\\v1.0\\powershell.exe\r\n        Engine Version = 5.1.19041.3803\r\n        Runspace ID = cbc99a42-d19e-49ac-9ed4-d584b7919551\r\n        Pipeline ID = 33\r\n        Command Name = Get-ChildItem\r\n        Command Type = Cmdlet\r\n        Script Name = \r\n        Command Path = \r\n        Sequence Number = 74\r\n        User = miacsdomain\\user-01\r\n        Connected User = \r\n        Shell ID = Microsoft.PowerShell\r\n\r\n\r\nUser Data:","OpCode":"To be used when operation is just executing a method","ParameterBinding_Get_ChildItem_":["name=\"ErrorAction\"; value=\"Ignore\"","name=\"WarningAction\"; value=\"Ignore\"","name=\"InformationAction\"; value=\"Ignore\"","name=\"Verbose\"; value=\"False\"","name=\"Debug\"; value=\"False\"","name=\"Path\"; value=\"powersh*\"","name=\"Hidden\"; value=\"True\""],"RecordNumber":"6788","Sid":"S-1-5-21-246749117-2054088174-1189330396-1105","SidType":"0","SourceName":"Microsoft-Windows-PowerShell","TaskCategory":"Executing Pipeline","Type":"Information","User":"NOT_TRANSLATED","_raw":"08/24/2026 01:31:30.155 PM\nLogName=Microsoft-Windows-PowerShell/Operational\nEventCode=4103\nEventType=4\nComputerName=Win-10.miacsdomain.com\nUser=NOT_TRANSLATED\nSid=S-1-5-21-246749117-2054088174-1189330396-1105\nSidType=0\nSourceName=Microsoft-Windows-PowerShell\nType=Information\nRecordNumber=6788\nKeywords=None\nTaskCategory=Executing Pipeline\nOpCode=To be used when operation is just executing a method\nMessage=CommandInvocation(Get-ChildItem): \"Get-ChildItem\"\r\nParameterBinding(Get-ChildItem): name=\"ErrorAction\"; value=\"Ignore\"\r\nParameterBinding(Get-ChildItem): name=\"WarningAction\"; value=\"Ignore\"\r\nParameterBinding(Get-ChildItem): name=\"InformationAction\"; value=\"Ignore\"\r\nParameterBinding(Get-ChildItem): name=\"Verbose\"; value=\"False\"\r\nParameterBinding(Get-ChildItem): name=\"Debug\"; value=\"False\"\r\nParameterBinding(Get-ChildItem): name=\"Path\"; value=\"powersh*\"\r\nParameterBinding(Get-ChildItem): name=\"Hidden\"; value=\"True\"\r\n\r\n\r\nContext:\r\n        Severity = Informational\r\n        Host Name = ConsoleHost\r\n        Host Version = 5.1.19041.3803\r\n        Host ID = b367531c-324f-4cfd-9671-b7158caebd11\r\n        Host Application = C:\\Windows\\System32\\WindowsPowerShell\\v1.0\\powershell.exe\r\n        Engine Version = 5.1.19041.3803\r\n        Runspace ID = cbc99a42-d19e-49ac-9ed4-d584b7919551\r\n        Pipeline ID = 33\r\n        Command Name = Get-ChildItem\r\n        Command Type = Cmdlet\r\n        Script Name = \r\n        Command Path = \r\n        Sequence Number = 74\r\n        User = miacsdomain\\user-01\r\n        Connected User = \r\n        Shell ID = Microsoft.PowerShell\r\n\r\n\r\nUser Data:","_time":"2026-08-24T13:31:30.155+0200","host":"Win-10","index":"main","linecount":"44","punct":"//_::._=--/===-..==-------==--====_=_________=(-):","source":"WinEventLog:Microsoft-Windows-PowerShell/Operational","sourcetype":"WinEventLog:Microsoft-Windows-PowerShell/Operational","splunk_server":"splunk-virtual-machine"}}
{"preview":false,"result":{"ComputerName":"Win-10.miacsdomain.com","EventCode":"4103","EventType":"4","Keywords":"None","LogName":"Microsoft-Windows-PowerShell/Operational","Message":"CommandInvocation(Resolve-Path): \"Resolve-Path\"\r\nParameterBinding(Resolve-Path): name=\"ErrorAction\"; value=\"Ignore\"\r\nParameterBinding(Resolve-Path): name=\"WarningAction\"; value=\"Ignore\"\r\nParameterBinding(Resolve-Path): name=\"InformationAction\"; value=\"Ignore\"\r\nParameterBinding(Resolve-Path): name=\"Verbose\"; value=\"False\"\r\nParameterBinding(Resolve-Path): name=\"Debug\"; value=\"False\"\r\nParameterBinding(Resolve-Path): name=\"Path\"; value=\"powersh*\"\r\n\r\n\r\nContext:\r\n        Severity = Informational\r\n        Host Name = ConsoleHost\r\n        Host Version = 5.1.19041.3803\r\n        Host ID = b367531c-324f-4cfd-9671-b7158caebd11\r\n        Host Application = C:\\Windows\\System32\\WindowsPowerShell\\v1.0\\powershell.exe\r\n        Engine Version = 5.1.19041.3803\r\n        Runspace ID = cbc99a42-d19e-49ac-9ed4-d584b7919551\r\n        Pipeline ID = 32\r\n        Command Name = Resolve-Path\r\n        Command Type = Cmdlet\r\n        Script Name = \r\n        Command Path = \r\n        Sequence Number = 72\r\n        User = miacsdomain\\user-01\r\n        Connected User = \r\n        Shell ID = Microsoft.PowerShell\r\n\r\n\r\nUser Data:","OpCode":"To be used when operation is just executing a method","ParameterBinding_Resolve_Path_":["name=\"ErrorAction\"; value=\"Ignore\"","name=\"WarningAction\"; value=\"Ignore\"","name=\"InformationAction\"; value=\"Ignore\"","name=\"Verbose\"; value=\"False\"","name=\"Debug\"; value=\"False\"","name=\"Path\"; value=\"powersh*\""],"RecordNumber":"6787","Sid":"S-1-5-21-246749117-2054088174-1189330396-1105","SidType":"0","SourceName":"Microsoft-Windows-PowerShell","TaskCategory":"Executing Pipeline","Type":"Information","User":"NOT_TRANSLATED","_raw":"08/24/2026 01:31:30.153 PM\nLogName=Microsoft-Windows-PowerShell/Operational\nEventCode=4103\nEventType=4\nComputerName=Win-10.miacsdomain.com\nUser=NOT_TRANSLATED\nSid=S-1-5-21-246749117-2054088174-1189330396-1105\nSidType=0\nSourceName=Microsoft-Windows-PowerShell\nType=Information\nRecordNumber=6787\nKeywords=None\nTaskCategory=Executing Pipeline\nOpCode=To be used when operation is just executing a method\nMessage=CommandInvocation(Resolve-Path): \"Resolve-Path\"\r\nParameterBinding(Resolve-Path): name=\"ErrorAction\"; value=\"Ignore\"\r\nParameterBinding(Resolve-Path): name=\"WarningAction\"; value=\"Ignore\"\r\nParameterBinding(Resolve-Path): name=\"InformationAction\"; value=\"Ignore\"\r\nParameterBinding(Resolve-Path): name=\"Verbose\"; value=\"False\"\r\nParameterBinding(Resolve-Path): name=\"Debug\"; value=\"False\"\r\nParameterBinding(Resolve-Path): name=\"Path\"; value=\"powersh*\"\r\n\r\n\r\nContext:\r\n        Severity = Informational\r\n        Host Name = ConsoleHost\r\n        Host Version = 5.1.19041.3803\r\n        Host ID = b367531c-324f-4cfd-9671-b7158caebd11\r\n        Host Application = C:\\Windows\\System32\\WindowsPowerShell\\v1.0\\powershell.exe\r\n        Engine Version = 5.1.19041.3803\r\n        Runspace ID = cbc99a42-d19e-49ac-9ed4-d584b7919551\r\n        Pipeline ID = 32\r\n        Command Name = Resolve-Path\r\n        Command Type = Cmdlet\r\n        Script Name = \r\n        Command Path = \r\n        Sequence Number = 72\r\n        User = miacsdomain\\user-01\r\n        Connected User = \r\n        Shell ID = Microsoft.PowerShell\r\n\r\n\r\nUser Data:","_time":"2026-08-24T13:31:30.153+0200","host":"Win-10","index":"main","linecount":"43","punct":"//_::._=--/===-..==-------==--====_=_________=(-):","source":"WinEventLog:Microsoft-Windows-PowerShell/Operational","sourcetype":"WinEventLog:Microsoft-Windows-PowerShell/Operational","splunk_server":"splunk-virtual-machine"}}
{"preview":false,"result":{"Account_Domain":"miacsdomain","Account_Name":"DC-01$","ComputerName":"DC-01.miacsdomain.com","EventCode":"4634","EventType":"0","Keywords":"Audit Success","LogName":"Security","Logon_ID":"0x7E9B87","Logon_Type":"3","Message":"An account was logged off.\r\n\r\nSubject:\r\n\tSecurity ID:\t\tS-1-5-18\r\n\tAccount Name:\t\tDC-01$\r\n\tAccount Domain:\t\tmiacsdomain\r\n\tLogon ID:\t\t0x7E9B87\r\n\r\nLogon Type:\t\t\t3\r\n\r\nThis event is generated when a logon session is destroyed. It may be positively correlated with a logon event using the Logon ID value. Logon IDs are only unique between reboots on the same computer.","OpCode":"Info","RecordNumber":"16798","Security_ID":"S-1-5-18","SourceName":"Microsoft Windows security auditing.","TaskCategory":"Logoff","Type":"Information","_raw":"08/24/2026 01:31:26.143 PM\nLogName=Security\nEventCode=4634\nEventType=0\nComputerName=DC-01.miacsdomain.com\nSourceName=Microsoft Windows security auditing.\nType=Information\nRecordNumber=16798\nKeywords=Audit Success\nTaskCategory=Logoff\nOpCode=Info\nMessage=An account was logged off.\r\n\r\nSubject:\r\n\tSecurity ID:\t\tS-1-5-18\r\n\tAccount Name:\t\tDC-01$\r\n\tAccount Domain:\t\tmiacsdomain\r\n\tLogon ID:\t\t0x7E9B87\r\n\r\nLogon Type:\t\t\t3\r\n\r\nThis event is generated when a logon session is destroyed. It may be positively correlated with a logon event using the Logon ID value. Logon IDs are only unique between reboots on the same computer.","_time":"2026-08-24T13:31:26.143+0200","host":"DC-01","index":"main","linecount":"22","punct":"//_::._====-..=___.===_===____.\\r\\r:\\rt_:tt---\\rt_:tt-","source":"WinEventLog:Security","sourcetype":"WinEventLog:Security","splunk_server":"splunk-virtual-machine"}}
{"preview":false,"result":{"Account_Domain":["-","MIACSDOMAIN.COM"],"Account_Name":["-","DC-01$"],"Authentication_Package":"Kerberos","ComputerName":"DC-01.miacsdomain.com","Elevated_Token":"Yes","EventCode":"4624","EventType":"0","Impersonation_Level":"Impersonation","Key_Length":"0","Keywords":"Audit Success","Linked_Logon_ID":"0x0","LogName":"Security","Logon_GUID":"{0146fef9-d459-8358-d6f3-392c850706b7}","Logon_ID":["0x0","0x7E9B87"],"Logon_Process":"Kerberos","Logon_Type":"3","Message":"An account was successfully logged on.\r\n\r\nSubject:\r\n\tSecurity ID:\t\tS-1-0-0\r\n\tAccount Name:\t\t-\r\n\tAccount Domain:\t\t-\r\n\tLogon ID:\t\t0x0\r\n\r\nLogon Information:\r\n\tLogon Type:\t\t3\r\n\tRestricted Admin Mode:\t-\r\n\tVirtual Account:\t\tNo\r\n\tElevated Token:\t\tYes\r\n\r\nImpersonation Level:\t\tImpersonation\r\n\r\nNew Logon:\r\n\tSecurity ID:\t\tS-1-5-18\r\n\tAccount Name:\t\tDC-01$\r\n\tAccount Domain:\t\tMIACSDOMAIN.COM\r\n\tLogon ID:\t\t0x7E9B87\r\n\tLinked Logon ID:\t\t0x0\r\n\tNetwork Account Name:\t-\r\n\tNetwork Account Domain:\t-\r\n\tLogon GUID:\t\t{0146fef9-d459-8358-d6f3-392c850706b7}\r\n\r\nProcess Information:\r\n\tProcess ID:\t\t0x0\r\n\tProcess Name:\t\t-\r\n\r\nNetwork Information:\r\n\tWorkstation Name:\t-\r\n\tSource Network Address:\t::1\r\n\tSource Port:\t\t65084\r\n\r\nDetailed Authentication Information:\r\n\tLogon Process:\t\tKerberos\r\n\tAuthentication Package:\tKerberos\r\n\tTransited Services:\t-\r\n\tPackage Name (NTLM only):\t-\r\n\tKey Length:\t\t0\r\n\r\nThis event is generated when a logon session is created. It is generated on the computer that was accessed.\r\n\r\nThe subject fields indicate the account on the local system which requested the logon. This is most commonly a service such as the Server service, or a local process such as Winlogon.exe or Services.exe.\r\n\r\nThe logon type field indicates the kind of logon that occurred. The most common types are 2 (interactive) and 3 (network).\r\n\r\nThe New Logon fields indicate the account for whom the new logon was created, i.e. the account that was logged on.\r\n\r\nThe network fields indicate where a remote logon request originated. Workstation name is not always available and may be left blank in some cases.\r\n\r\nThe impersonation level field indicates the extent to which a process in the logon session can impersonate.\r\n\r\nThe authentication information fields provide detailed information about this specific logon request.\r\n\t- Logon GUID is a unique identifier that can be used to correlate this event with a KDC event.\r\n\t- Transited services indicate which intermediate services have participated in this logon request.\r\n\t- Package name indicates which sub-protocol was used among the NTLM protocols.\r\n\t- Key length indicates the length of the generated session key. This will be 0 if no session key was requested.","Network_Account_Domain":"-","Network_Account_Name":"-","OpCode":"Info","Package_Name__NTLM_only_":"-","Process_ID":"0x0","Process_Name":"-","RecordNumber":"16797","Restricted_Admin_Mode":"-","Security_ID":["S-1-0-0","S-1-5-18"],"SourceName":"Microsoft Windows security auditing.","Source_Network_Address":"::1","Source_Port":"65084","TaskCategory":"Logon","Transited_Services":"-","Type":"Information","Virtual_Account":"No","Workstation_Name":"-","_raw":"08/24/2026 01:31:26.142 PM\nLogName=Security\nEventCode=4624\nEventType=0\nComputerName=DC-01.miacsdomain.com\nSourceName=Microsoft Windows security auditing.\nType=Information\nRecordNumber=16797\nKeywords=Audit Success\nTaskCategory=Logon\nOpCode=Info\nMessage=An account was successfully logged on.\r\n\r\nSubject:\r\n\tSecurity ID:\t\tS-1-0-0\r\n\tAccount Name:\t\t-\r\n\tAccount Domain:\t\t-\r\n\tLogon ID:\t\t0x0\r\n\r\nLogon Information:\r\n\tLogon Type:\t\t3\r\n\tRestricted Admin Mode:\t-\r\n\tVirtual Account:\t\tNo\r\n\tElevated Token:\t\tYes\r\n\r\nImpersonation Level:\t\tImpersonation\r\n\r\nNew Logon:\r\n\tSecurity ID:\t\tS-1-5-18\r\n\tAccount Name:\t\tDC-01$\r\n\tAccount Domain:\t\tMIACSDOMAIN.COM\r\n\tLogon ID:\t\t0x7E9B87\r\n\tLinked Logon ID:\t\t0x0\r\n\tNetwork Account Name:\t-\r\n\tNetwork Account Domain:\t-\r\n\tLogon GUID:\t\t{0146fef9-d459-8358-d6f3-392c850706b7}\r\n\r\nProcess Information:\r\n\tProcess ID:\t\t0x0\r\n\tProcess Name:\t\t-\r\n\r\nNetwork Information:\r\n\tWorkstation Name:\t-\r\n\tSource Network Address:\t::1\r\n\tSource Port:\t\t65084\r\n\r\nDetailed Authentication Information:\r\n\tLogon Process:\t\tKerberos\r\n\tAuthentication Package:\tKerberos\r\n\tTransited Services:\t-\r\n\tPackage Name (NTLM only):\t-\r\n\tKey Length:\t\t0\r\n\r\nThis event is generated when a logon session is created. It is generated on the computer that was accessed.\r\n\r\nThe subject fields indicate the account on the local system which requested the logon. This is most commonly a service such as the Server service, or a local process such as Winlogon.exe or Services.exe.\r\n\r\nThe logon type field indicates the kind of logon that occurred. The most common types are 2 (interactive) and 3 (network).\r\n\r\nThe New Logon fields indicate the account for whom the new logon was created, i.e. the account that was logged on.\r\n\r\nThe network fields indicate where a remote logon request originated. Workstation name is not always available and may be left blank in some cases.\r\n\r\nThe impersonation level field indicates the extent to which a process in the logon session can impersonate.\r\n\r\nThe authentication information fields provide detailed information about this specific logon request.\r\n\t- Logon GUID is a unique identifier that can be used to correlate this event with a KDC event.\r\n\t- Transited services indicate which intermediate services have participated in this logon request.\r\n\t- Package name indicates which sub-protocol was used among the NTLM protocols.\r\n\t- Key length indicates the length of the generated session key. This will be 0 if no session key was requested.","_time":"2026-08-24T13:31:26.142+0200","host":"DC-01","index":"main","linecount":"70","punct":"//_::._====-..=___.===_===_____.\\r\\r:\\rt_:tt---\\rt_:tt","source":"WinEventLog:Security","sourcetype":"WinEventLog:Security","splunk_server":"splunk-virtual-machine"}}
{"preview":false,"result":{"Account_Domain":"miacsdomain","Account_Name":"DC-01$","ComputerName":"DC-01.miacsdomain.com","EventCode":"4672","EventType":"0","Keywords":"Audit Success","LogName":"Security","Logon_ID":"0x7E9B87","Message":"Special privileges assigned to new logon.\r\n\r\nSubject:\r\n\tSecurity ID:\t\tS-1-5-18\r\n\tAccount Name:\t\tDC-01$\r\n\tAccount Domain:\t\tmiacsdomain\r\n\tLogon ID:\t\t0x7E9B87\r\n\r\nPrivileges:\t\tSeSecurityPrivilege\r\n\t\t\tSeBackupPrivilege\r\n\t\t\tSeRestorePrivilege\r\n\t\t\tSeTakeOwnershipPrivilege\r\n\t\t\tSeDebugPrivilege\r\n\t\t\tSeSystemEnvironmentPrivilege\r\n\t\t\tSeLoadDriverPrivilege\r\n\t\t\tSeImpersonatePrivilege\r\n\t\t\tSeDelegateSessionUserImpersonatePrivilege\r\n\t\t\tSeEnableDelegationPrivilege","OpCode":"Info","Privileges":"SeSecurityPrivilege","RecordNumber":"16796","Security_ID":"S-1-5-18","SourceName":"Microsoft Windows security auditing.","TaskCategory":"Special Logon","Type":"Information","_raw":"08/24/2026 01:31:26.142 PM\nLogName=Security\nEventCode=4672\nEventType=0\nComputerName=DC-01.miacsdomain.com\nSourceName=Microsoft Windows security auditing.\nType=Information\nRecordNumber=16796\nKeywords=Audit Success\nTaskCategory=Special Logon\nOpCode=Info\nMessage=Special privileges assigned to new logon.\r\n\r\nSubject:\r\n\tSecurity ID:\t\tS-1-5-18\r\n\tAccount Name:\t\tDC-01$\r\n\tAccount Domain:\t\tmiacsdomain\r\n\tLogon ID:\t\t0x7E9B87\r\n\r\nPrivileges:\t\tSeSecurityPrivilege\r\n\t\t\tSeBackupPrivilege\r\n\t\t\tSeRestorePrivilege\r\n\t\t\tSeTakeOwnershipPrivilege\r\n\t\t\tSeDebugPrivilege\r\n\t\t\tSeSystemEnvironmentPrivilege\r\n\t\t\tSeLoadDriverPrivilege\r\n\t\t\tSeImpersonatePrivilege\r\n\t\t\tSeDelegateSessionUserImpersonatePrivilege\r\n\t\t\tSeEnableDelegationPrivilege","_time":"2026-08-24T13:31:26.142+0200","host":"DC-01","index":"main","linecount":"29","punct":"//_::._====-..=___.===_=_==_____.\\r\\r:\\rt_:tt---\\rt_:t","source":"WinEventLog:Security","sourcetype":"WinEventLog:Security","splunk_server":"splunk-virtual-machine"}}
{"preview":false,"result":{"ComputerName":"Win-10.miacsdomain.com","EventCode":"4103","EventType":"4","Keywords":"None","LogName":"Microsoft-Windows-PowerShell/Operational","Message":"CommandInvocation(Set-StrictMode): \"Set-StrictMode\"\r\nParameterBinding(Set-StrictMode): name=\"Off\"; value=\"True\"\r\n\r\n\r\nContext:\r\n        Severity = Informational\r\n        Host Name = ConsoleHost\r\n        Host Version = 5.1.19041.3803\r\n        Host ID = b367531c-324f-4cfd-9671-b7158caebd11\r\n        Host Application = C:\\Windows\\System32\\WindowsPowerShell\\v1.0\\powershell.exe\r\n        Engine Version = 5.1.19041.3803\r\n        Runspace ID = cbc99a42-d19e-49ac-9ed4-d584b7919551\r\n        Pipeline ID = 30\r\n        Command Name = Set-StrictMode\r\n        Command Type = Cmdlet\r\n        Script Name = C:\\Program Files\\WindowsPowerShell\\Modules\\PSReadline\\2.0.0\\PSReadLine.psm1\r\n        Command Path = \r\n        Sequence Number = 70\r\n        User = miacsdomain\\user-01\r\n        Connected User = \r\n        Shell ID = Microsoft.PowerShell\r\n\r\n\r\nUser Data:","OpCode":"To be used when operation is just executing a method","ParameterBinding_Set_StrictMode_":"name=\"Off\"; value=\"True\"","RecordNumber":"6786","Sid":"S-1-5-21-246749117-2054088174-1189330396-1105","SidType":"0","SourceName":"Microsoft-Windows-PowerShell","TaskCategory":"Executing Pipeline","Type":"Information","User":"NOT_TRANSLATED","_raw":"08/24/2026 01:31:25.789 PM\nLogName=Microsoft-Windows-PowerShell/Operational\nEventCode=4103\nEventType=4\nComputerName=Win-10.miacsdomain.com\nUser=NOT_TRANSLATED\nSid=S-1-5-21-246749117-2054088174-1189330396-1105\nSidType=0\nSourceName=Microsoft-Windows-PowerShell\nType=Information\nRecordNumber=6786\nKeywords=None\nTaskCategory=Executing Pipeline\nOpCode=To be used when operation is just executing a method\nMessage=CommandInvocation(Set-StrictMode): \"Set-StrictMode\"\r\nParameterBinding(Set-StrictMode): name=\"Off\"; value=\"True\"\r\n\r\n\r\nContext:\r\n        Severity = Informational\r\n        Host Name = ConsoleHost\r\n        Host Version = 5.1.19041.3803\r\n        Host ID = b367531c-324f-4cfd-9671-b7158caebd11\r\n        Host Application = C:\\Windows\\System32\\WindowsPowerShell\\v1.0\\powershell.exe\r\n        Engine Version = 5.1.19041.3803\r\n        Runspace ID = cbc99a42-d19e-49ac-9ed4-d584b7919551\r\n        Pipeline ID = 30\r\n        Command Name = Set-StrictMode\r\n        Command Type = Cmdlet\r\n        Script Name = C:\\Program Files\\WindowsPowerShell\\Modules\\PSReadline\\2.0.0\\PSReadLine.psm1\r\n        Command Path = \r\n        Sequence Number = 70\r\n        User = miacsdomain\\user-01\r\n        Connected User = \r\n        Shell ID = Microsoft.PowerShell\r\n\r\n\r\nUser Data:","_time":"2026-08-24T13:31:25.789+0200","host":"Win-10","index":"main","linecount":"38","punct":"//_::._=--/===-..==-------==--====_=_________=(-):","source":"WinEventLog:Microsoft-Windows-PowerShell/Operational","sourcetype":"WinEventLog:Microsoft-Windows-PowerShell/Operational","splunk_server":"splunk-virtual-machine"}}
{"preview":false,"result":{"ComputerName":"Win-10.miacsdomain.com","EventCode":"4104","EventType":"5","Keywords":"None","LogName":"Microsoft-Windows-PowerShell/Operational","Message":"Creating Scriptblock text (1 of 1):\r\nprompt\r\n\r\nScriptBlock ID: 4d746534-9801-4dda-8acb-237e65b6e299\r\nPath:","OpCode":"On create calls","RecordNumber":"6785","ScriptBlock_ID":"4d746534-9801-4dda-8acb-237e65b6e299","Sid":"S-1-5-21-246749117-2054088174-1189330396-1105","SidType":"0","SourceName":"Microsoft-Windows-PowerShell","TaskCategory":"Execute a Remote Command","Type":"Verbose","User":"NOT_TRANSLATED","_raw":"08/24/2026 01:31:25.788 PM\nLogName=Microsoft-Windows-PowerShell/Operational\nEventCode=4104\nEventType=5\nComputerName=Win-10.miacsdomain.com\nUser=NOT_TRANSLATED\nSid=S-1-5-21-246749117-2054088174-1189330396-1105\nSidType=0\nSourceName=Microsoft-Windows-PowerShell\nType=Verbose\nRecordNumber=6785\nKeywords=None\nTaskCategory=Execute a Remote Command\nOpCode=On create calls\nMessage=Creating Scriptblock text (1 of 1):\r\nprompt\r\n\r\nScriptBlock ID: 4d746534-9801-4dda-8acb-237e65b6e299\r\nPath:","_time":"2026-08-24T13:31:25.788+0200","host":"Win-10","index":"main","linecount":"19","punct":"//_::._=--/===-..==-------==--====___=__=___(__):\\r","source":"WinEventLog:Microsoft-Windows-PowerShell/Operational","sourcetype":"WinEventLog:Microsoft-Windows-PowerShell/Operational","splunk_server":"splunk-virtual-machine"}}
{"preview":false,"result":{"ComputerName":"Win-10.miacsdomain.com","EventCode":"4103","EventType":"4","Keywords":"None","LogName":"Microsoft-Windows-PowerShell/Operational","Message":"CommandInvocation(Out-Default): \"Out-Default\"\r\n\r\n\r\nContext:\r\n        Severity = Informational\r\n        Host Name = ConsoleHost\r\n        Host Version = 5.1.19041.3803\r\n        Host ID = b367531c-324f-4cfd-9671-b7158caebd11\r\n        Host Application = C:\\Windows\\System32\\WindowsPowerShell\\v1.0\\powershell.exe\r\n        Engine Version = 5.1.19041.3803\r\n        Runspace ID = cbc99a42-d19e-49ac-9ed4-d584b7919551\r\n        Pipeline ID = 28\r\n        Command Name = \r\n        Command Type = Script\r\n        Script Name = \r\n        Command Path = \r\n        Sequence Number = 68\r\n        User = miacsdomain\\user-01\r\n        Connected User = \r\n        Shell ID = Microsoft.PowerShell\r\n\r\n\r\nUser Data:","OpCode":"To be used when operation is just executing a method","RecordNumber":"6784","Sid":"S-1-5-21-246749117-2054088174-1189330396-1105","SidType":"0","SourceName":"Microsoft-Windows-PowerShell","TaskCategory":"Executing Pipeline","Type":"Information","User":"NOT_TRANSLATED","_raw":"08/24/2026 01:31:25.787 PM\nLogName=Microsoft-Windows-PowerShell/Operational\nEventCode=4103\nEventType=4\nComputerName=Win-10.miacsdomain.com\nUser=NOT_TRANSLATED\nSid=S-1-5-21-246749117-2054088174-1189330396-1105\nSidType=0\nSourceName=Microsoft-Windows-PowerShell\nType=Information\nRecordNumber=6784\nKeywords=None\nTaskCategory=Executing Pipeline\nOpCode=To be used when operation is just executing a method\nMessage=CommandInvocation(Out-Default): \"Out-Default\"\r\n\r\n\r\nContext:\r\n        Severity = Informational\r\n        Host Name = ConsoleHost\r\n        Host Version = 5.1.19041.3803\r\n        Host ID = b367531c-324f-4cfd-9671-b7158caebd11\r\n        Host Application = C:\\Windows\\System32\\WindowsPowerShell\\v1.0\\powershell.exe\r\n        Engine Version = 5.1.19041.3803\r\n        Runspace ID = cbc99a42-d19e-49ac-9ed4-d584b7919551\r\n        Pipeline ID = 28\r\n        Command Name = \r\n        Command Type = Script\r\n        Script Name = \r\n        Command Path = \r\n        Sequence Number = 68\r\n        User = miacsdomain\\user-01\r\n        Connected User = \r\n        Shell ID = Microsoft.PowerShell\r\n\r\n\r\nUser Data:","_time":"2026-08-24T13:31:25.787+0200","host":"Win-10","index":"main","linecount":"37","punct":"//_::._=--/===-..==-------==--====_=_________=(-):","source":"WinEventLog:Microsoft-Windows-PowerShell/Operational","sourcetype":"WinEventLog:Microsoft-Windows-PowerShell/Operational","splunk_server":"splunk-virtual-machine"}}
{"preview":false,"result":{"ComputerName":"Win-10.miacsdomain.com","EventCode":"4103","EventType":"4","Keywords":"None","LogName":"Microsoft-Windows-PowerShell/Operational","Message":"CommandInvocation(Copy-Item): \"Copy-Item\"\r\nParameterBinding(Copy-Item): name=\"Path\"; value=\"\\\\DC-01\\Scripts\\test.ps1\"\r\nParameterBinding(Copy-Item): name=\"Destination\"; value=\"C:\\Temp\\\"\r\n\r\n\r\nContext:\r\n        Severity = Informational\r\n        Host Name = ConsoleHost\r\n        Host Version = 5.1.19041.3803\r\n        Host ID = b367531c-324f-4cfd-9671-b7158caebd11\r\n        Host Application = C:\\Windows\\System32\\WindowsPowerShell\\v1.0\\powershell.exe\r\n        Engine Version = 5.1.19041.3803\r\n        Runspace ID = cbc99a42-d19e-49ac-9ed4-d584b7919551\r\n        Pipeline ID = 28\r\n        Command Name = Copy-Item\r\n        Command Type = Cmdlet\r\n        Script Name = \r\n        Command Path = \r\n        Sequence Number = 66\r\n        User = miacsdomain\\user-01\r\n        Connected User = \r\n        Shell ID = Microsoft.PowerShell\r\n\r\n\r\nUser Data:","OpCode":"To be used when operation is just executing a method","ParameterBinding_Copy_Item_":["name=\"Path\"; value=\"\\\\DC-01\\Scripts\\test.ps1\"","name=\"Destination\"; value=\"C:\\Temp\\\""],"RecordNumber":"6783","Sid":"S-1-5-21-246749117-2054088174-1189330396-1105","SidType":"0","SourceName":"Microsoft-Windows-PowerShell","TaskCategory":"Executing Pipeline","Type":"Information","User":"NOT_TRANSLATED","_raw":"08/24/2026 01:31:25.787 PM\nLogName=Microsoft-Windows-PowerShell/Operational\nEventCode=4103\nEventType=4\nComputerName=Win-10.miacsdomain.com\nUser=NOT_TRANSLATED\nSid=S-1-5-21-246749117-2054088174-1189330396-1105\nSidType=0\nSourceName=Microsoft-Windows-PowerShell\nType=Information\nRecordNumber=6783\nKeywords=None\nTaskCategory=Executing Pipeline\nOpCode=To be used when operation is just executing a method\nMessage=CommandInvocation(Copy-Item): \"Copy-Item\"\r\nParameterBinding(Copy-Item): name=\"Path\"; value=\"\\\\DC-01\\Scripts\\test.ps1\"\r\nParameterBinding(Copy-Item): name=\"Destination\"; value=\"C:\\Temp\\\"\r\n\r\n\r\nContext:\r\n        Severity = Informational\r\n        Host Name = ConsoleHost\r\n        Host Version = 5.1.19041.3803\r\n        Host ID = b367531c-324f-4cfd-9671-b7158caebd11\r\n        Host Application = C:\\Windows\\System32\\WindowsPowerShell\\v1.0\\powershell.exe\r\n        Engine Version = 5.1.19041.3803\r\n        Runspace ID = cbc99a42-d19e-49ac-9ed4-d584b7919551\r\n        Pipeline ID = 28\r\n        Command Name = Copy-Item\r\n        Command Type = Cmdlet\r\n        Script Name = \r\n        Command Path = \r\n        Sequence Number = 66\r\n        User = miacsdomain\\user-01\r\n        Connected User = \r\n        Shell ID = Microsoft.PowerShell\r\n\r\n\r\nUser Data:","_time":"2026-08-24T13:31:25.787+0200","host":"Win-10","index":"main","linecount":"39","punct":"//_::._=--/===-..==-------==--====_=_________=(-):","source":"WinEventLog:Microsoft-Windows-PowerShell/Operational","sourcetype":"WinEventLog:Microsoft-Windows-PowerShell/Operational","splunk_server":"splunk-virtual-machine"}}
{"preview":false,"result":{"ComputerName":"Win-10.miacsdomain.com","CreationUtcTime":"2026-08-24 11:31:25.778","EventCode":"11","EventType":"4","Image":"C:\\Windows\\System32\\WindowsPowerShell\\v1.0\\powershell.exe","Keywords":"None","LogName":"Microsoft-Windows-Sysmon/Operational","Message":"File created:\r\nRuleName: -\r\nUtcTime: 2026-08-24 11:31:25.778\r\nProcessGuid: {3f87e246-2b2a-6a8c-a700-000000001000}\r\nProcessId: 5300\r\nImage: C:\\Windows\\System32\\WindowsPowerShell\\v1.0\\powershell.exe\r\nTargetFilename: C:\\Temp\\test.ps1\r\nCreationUtcTime: 2026-08-24 11:31:25.778\r\nUser: miacsdomain\\user-01","OpCode":"Info","ProcessGuid":"{3f87e246-2b2a-6a8c-a700-000000001000}","ProcessId":"5300","RecordNumber":"14489","RuleName":"-","Sid":"S-1-5-18","SidType":"0","SourceName":"Microsoft-Windows-Sysmon","TargetFilename":"C:\\Temp\\test.ps1","TaskCategory":"File created (rule: FileCreate)","Type":"Information","User":["NOT_TRANSLATED","miacsdomain\\user-01"],"UtcTime":"2026-08-24 11:31:25.778","_raw":"08/24/2026 01:31:25.786 PM\nLogName=Microsoft-Windows-Sysmon/Operational\nEventCode=11\nEventType=4\nComputerName=Win-10.miacsdomain.com\nUser=NOT_TRANSLATED\nSid=S-1-5-18\nSidType=0\nSourceName=Microsoft-Windows-Sysmon\nType=Information\nRecordNumber=14489\nKeywords=None\nTaskCategory=File created (rule: FileCreate)\nOpCode=Info\nMessage=File created:\r\nRuleName: -\r\nUtcTime: 2026-08-24 11:31:25.778\r\nProcessGuid: {3f87e246-2b2a-6a8c-a700-000000001000}\r\nProcessId: 5300\r\nImage: C:\\Windows\\System32\\WindowsPowerShell\\v1.0\\powershell.exe\r\nTargetFilename: C:\\Temp\\test.ps1\r\nCreationUtcTime: 2026-08-24 11:31:25.778\r\nUser: miacsdomain\\user-01","_time":"2026-08-24T13:31:25.786+0200","host":"Win-10","index":"main","linecount":"23","punct":"//_::._=--/===-..==---==--====__(:_)==_:\\r:_-\\r:_--_","source":"WinEventLog:Microsoft-Windows-Sysmon/Operational","sourcetype":"WinEventLog:Microsoft-Windows-Sysmon/Operational","splunk_server":"splunk-virtual-machine"}}
{"preview":false,"result":{"ComputerName":"Win-10.miacsdomain.com","EventCode":"4104","EventType":"5","Keywords":"None","LogName":"Microsoft-Windows-PowerShell/Operational","Message":"Creating Scriptblock text (1 of 1):\r\ncopy \\\\DC-01\\Scripts\\test.ps1 C:\\Temp\\\r\n\r\nScriptBlock ID: f2aaa1fc-5966-4696-8226-ed9f94d47677\r\nPath:","OpCode":"On create calls","RecordNumber":"6782","ScriptBlock_ID":"f2aaa1fc-5966-4696-8226-ed9f94d47677","Sid":"S-1-5-21-246749117-2054088174-1189330396-1105","SidType":"0","SourceName":"Microsoft-Windows-PowerShell","TaskCategory":"Execute a Remote Command","Type":"Verbose","User":"NOT_TRANSLATED","_raw":"08/24/2026 01:31:25.781 PM\nLogName=Microsoft-Windows-PowerShell/Operational\nEventCode=4104\nEventType=5\nComputerName=Win-10.miacsdomain.com\nUser=NOT_TRANSLATED\nSid=S-1-5-21-246749117-2054088174-1189330396-1105\nSidType=0\nSourceName=Microsoft-Windows-PowerShell\nType=Verbose\nRecordNumber=6782\nKeywords=None\nTaskCategory=Execute a Remote Command\nOpCode=On create calls\nMessage=Creating Scriptblock text (1 of 1):\r\ncopy \\\\DC-01\\Scripts\\test.ps1 C:\\Temp\\\r\n\r\nScriptBlock ID: f2aaa1fc-5966-4696-8226-ed9f94d47677\r\nPath:","_time":"2026-08-24T13:31:25.781+0200","host":"Win-10","index":"main","linecount":"19","punct":"//_::._=--/===-..==-------==--====___=__=___(__):\\r","source":"WinEventLog:Microsoft-Windows-PowerShell/Operational","sourcetype":"WinEventLog:Microsoft-Windows-PowerShell/Operational","splunk_server":"splunk-virtual-machine"}}
{"preview":false,"result":{"ComputerName":"Win-10.miacsdomain.com","EventCode":"4103","EventType":"4","Keywords":"None","LogName":"Microsoft-Windows-PowerShell/Operational","Message":"CommandInvocation(PSConsoleHostReadLine): \"PSConsoleHostReadLine\"\r\n\r\n\r\nContext:\r\n        Severity = Informational\r\n        Host Name = ConsoleHost\r\n        Host Version = 5.1.19041.3803\r\n        Host ID = b367531c-324f-4cfd-9671-b7158caebd11\r\n        Host Application = C:\\Windows\\System32\\WindowsPowerShell\\v1.0\\powershell.exe\r\n        Engine Version = 5.1.19041.3803\r\n        Runspace ID = cbc99a42-d19e-49ac-9ed4-d584b7919551\r\n        Pipeline ID = 27\r\n        Command Name = PSConsoleHostReadLine\r\n        Command Type = Function\r\n        Script Name = \r\n        Command Path = \r\n        Sequence Number = 64\r\n        User = miacsdomain\\user-01\r\n        Connected User = \r\n        Shell ID = Microsoft.PowerShell\r\n\r\n\r\nUser Data:","OpCode":"To be used when operation is just executing a method","RecordNumber":"6781","Sid":"S-1-5-21-246749117-2054088174-1189330396-1105","SidType":"0","SourceName":"Microsoft-Windows-PowerShell","TaskCategory":"Executing Pipeline","Type":"Information","User":"NOT_TRANSLATED","_raw":"08/24/2026 01:31:25.780 PM\nLogName=Microsoft-Windows-PowerShell/Operational\nEventCode=4103\nEventType=4\nComputerName=Win-10.miacsdomain.com\nUser=NOT_TRANSLATED\nSid=S-1-5-21-246749117-2054088174-1189330396-1105\nSidType=0\nSourceName=Microsoft-Windows-PowerShell\nType=Information\nRecordNumber=6781\nKeywords=None\nTaskCategory=Executing Pipeline\nOpCode=To be used when operation is just executing a method\nMessage=CommandInvocation(PSConsoleHostReadLine): \"PSConsoleHostReadLine\"\r\n\r\n\r\nContext:\r\n        Severity = Informational\r\n        Host Name = ConsoleHost\r\n        Host Version = 5.1.19041.3803\r\n        Host ID = b367531c-324f-4cfd-9671-b7158caebd11\r\n        Host Application = C:\\Windows\\System32\\WindowsPowerShell\\v1.0\\powershell.exe\r\n        Engine Version = 5.1.19041.3803\r\n        Runspace ID = cbc99a42-d19e-49ac-9ed4-d584b7919551\r\n        Pipeline ID = 27\r\n        Command Name = PSConsoleHostReadLine\r\n        Command Type = Function\r\n        Script Name = \r\n        Command Path = \r\n        Sequence Number = 64\r\n        User = miacsdomain\\user-01\r\n        Connected User = \r\n        Shell ID = Microsoft.PowerShell\r\n\r\n\r\nUser Data:","_time":"2026-08-24T13:31:25.780+0200","host":"Win-10","index":"main","linecount":"37","punct":"//_::._=--/===-..==-------==--====_=_________=():_","source":"WinEventLog:Microsoft-Windows-PowerShell/Operational","sourcetype":"WinEventLog:Microsoft-Windows-PowerShell/Operational","splunk_server":"splunk-virtual-machine"}}
{"preview":false,"result":{"Account_Domain":"miacsdomain","Account_Name":"user-01","ComputerName":"DC-01.miacsdomain.com","EventCode":"4634","EventType":"0","Keywords":"Audit Success","LogName":"Security","Logon_ID":"0x7DC7BA","Logon_Type":"3","Message":"An account was logged off.\r\n\r\nSubject:\r\n\tSecurity ID:\t\tS-1-5-21-246749117-2054088174-1189330396-1105\r\n\tAccount Name:\t\tuser-01\r\n\tAccount Domain:\t\tmiacsdomain\r\n\tLogon ID:\t\t0x7DC7BA\r\n\r\nLogon Type:\t\t\t3\r\n\r\nThis event is generated when a logon session is destroyed. It may be positively correlated with a logon event using the Logon ID value. Logon IDs are only unique between reboots on the same computer.","OpCode":"Info","RecordNumber":"16795","Security_ID":"S-1-5-21-246749117-2054088174-1189330396-1105","SourceName":"Microsoft Windows security auditing.","TaskCategory":"Logoff","Type":"Information","_raw":"08/24/2026 01:31:17.849 PM\nLogName=Security\nEventCode=4634\nEventType=0\nComputerName=DC-01.miacsdomain.com\nSourceName=Microsoft Windows security auditing.\nType=Information\nRecordNumber=16795\nKeywords=Audit Success\nTaskCategory=Logoff\nOpCode=Info\nMessage=An account was logged off.\r\n\r\nSubject:\r\n\tSecurity ID:\t\tS-1-5-21-246749117-2054088174-1189330396-1105\r\n\tAccount Name:\t\tuser-01\r\n\tAccount Domain:\t\tmiacsdomain\r\n\tLogon ID:\t\t0x7DC7BA\r\n\r\nLogon Type:\t\t\t3\r\n\r\nThis event is generated when a logon session is destroyed. It may be positively correlated with a logon event using the Logon ID value. Logon IDs are only unique between reboots on the same computer.","_time":"2026-08-24T13:31:17.849+0200","host":"DC-01","index":"main","linecount":"22","punct":"//_::._====-..=___.===_===____.\\r\\r:\\rt_:tt-------\\rt_","source":"WinEventLog:Security","sourcetype":"WinEventLog:Security","splunk_server":"splunk-virtual-machine"}}
{"preview":false,"result":{"Account_Domain":"miacsdomain","Account_Name":"WIN-10$","ComputerName":"DC-01.miacsdomain.com","EventCode":"4634","EventType":"0","Keywords":"Audit Success","LogName":"Security","Logon_ID":"0x7D735A","Logon_Type":"3","Message":"An account was logged off.\r\n\r\nSubject:\r\n\tSecurity ID:\t\tS-1-5-21-246749117-2054088174-1189330396-1104\r\n\tAccount Name:\t\tWIN-10$\r\n\tAccount Domain:\t\tmiacsdomain\r\n\tLogon ID:\t\t0x7D735A\r\n\r\nLogon Type:\t\t\t3\r\n\r\nThis event is generated when a logon session is destroyed. It may be positively correlated with a logon event using the Logon ID value. Logon IDs are only unique between reboots on the same computer.","OpCode":"Info","RecordNumber":"16794","Security_ID":"S-1-5-21-246749117-2054088174-1189330396-1104","SourceName":"Microsoft Windows security auditing.","TaskCategory":"Logoff","Type":"Information","_raw":"08/24/2026 01:31:17.849 PM\nLogName=Security\nEventCode=4634\nEventType=0\nComputerName=DC-01.miacsdomain.com\nSourceName=Microsoft Windows security auditing.\nType=Information\nRecordNumber=16794\nKeywords=Audit Success\nTaskCategory=Logoff\nOpCode=Info\nMessage=An account was logged off.\r\n\r\nSubject:\r\n\tSecurity ID:\t\tS-1-5-21-246749117-2054088174-1189330396-1104\r\n\tAccount Name:\t\tWIN-10$\r\n\tAccount Domain:\t\tmiacsdomain\r\n\tLogon ID:\t\t0x7D735A\r\n\r\nLogon Type:\t\t\t3\r\n\r\nThis event is generated when a logon session is destroyed. It may be positively correlated with a logon event using the Logon ID value. Logon IDs are only unique between reboots on the same computer.","_time":"2026-08-24T13:31:17.849+0200","host":"DC-01","index":"main","linecount":"22","punct":"//_::._====-..=___.===_===____.\\r\\r:\\rt_:tt-------\\rt_","source":"WinEventLog:Security","sourcetype":"WinEventLog:Security","splunk_server":"splunk-virtual-machine"}}
{"preview":false,"result":{"Account_Domain":"miacsdomain","Account_Name":"WIN-10$","ComputerName":"Win-10.miacsdomain.com","EventCode":"5379","EventType":"0","Keywords":"Audit Success","LogName":"Security","Logon_ID":"0x3E7","Message":"Credential Manager credentials were read.\r\n\r\nSubject:\r\n\tSecurity ID:\t\tS-1-5-18\r\n\tAccount Name:\t\tWIN-10$\r\n\tAccount Domain:\t\tmiacsdomain\r\n\tLogon ID:\t\t0x3E7\r\n\tRead Operation:\t\tEnumerate Credentials\r\n\r\nThis event occurs when a user performs a read operation on stored credentials in Credential Manager.","OpCode":"Info","Read_Operation":"Enumerate Credentials","RecordNumber":"9430","Security_ID":"S-1-5-18","SourceName":"Microsoft Windows security auditing.","TaskCategory":"User Account Management","Type":"Information","_raw":"08/24/2026 01:31:14.411 PM\nLogName=Security\nEventCode=5379\nEventType=0\nComputerName=Win-10.miacsdomain.com\nSourceName=Microsoft Windows security auditing.\nType=Information\nRecordNumber=9430\nKeywords=Audit Success\nTaskCategory=User Account Management\nOpCode=Info\nMessage=Credential Manager credentials were read.\r\n\r\nSubject:\r\n\tSecurity ID:\t\tS-1-5-18\r\n\tAccount Name:\t\tWIN-10$\r\n\tAccount Domain:\t\tmiacsdomain\r\n\tLogon ID:\t\t0x3E7\r\n\tRead Operation:\t\tEnumerate Credentials\r\n\r\nThis event occurs when a user performs a read operation on stored credentials in Credential Manager.","_time":"2026-08-24T13:31:14.411+0200","host":"Win-10","index":"main","linecount":"21","punct":"//_::._====-..=___.===_=__==____.\\r\\r:\\rt_:tt---\\rt_:t","source":"WinEventLog:Security","sourcetype":"WinEventLog:Security","splunk_server":"splunk-virtual-machine"}}
{"preview":false,"result":{"Account_Domain":"miacsdomain","Account_Name":"WIN-10$","ComputerName":"Win-10.miacsdomain.com","EventCode":"5379","EventType":"0","Keywords":"Audit Success","LogName":"Security","Logon_ID":"0x3E7","Message":"Credential Manager credentials were read.\r\n\r\nSubject:\r\n\tSecurity ID:\t\tS-1-5-18\r\n\tAccount Name:\t\tWIN-10$\r\n\tAccount Domain:\t\tmiacsdomain\r\n\tLogon ID:\t\t0x3E7\r\n\tRead Operation:\t\tEnumerate Credentials\r\n\r\nThis event occurs when a user performs a read operation on stored credentials in Credential Manager.","OpCode":"Info","Read_Operation":"Enumerate Credentials","RecordNumber":"9429","Security_ID":"S-1-5-18","SourceName":"Microsoft Windows security auditing.","TaskCategory":"User Account Management","Type":"Information","_raw":"08/24/2026 01:31:14.408 PM\nLogName=Security\nEventCode=5379\nEventType=0\nComputerName=Win-10.miacsdomain.com\nSourceName=Microsoft Windows security auditing.\nType=Information\nRecordNumber=9429\nKeywords=Audit Success\nTaskCategory=User Account Management\nOpCode=Info\nMessage=Credential Manager credentials were read.\r\n\r\nSubject:\r\n\tSecurity ID:\t\tS-1-5-18\r\n\tAccount Name:\t\tWIN-10$\r\n\tAccount Domain:\t\tmiacsdomain\r\n\tLogon ID:\t\t0x3E7\r\n\tRead Operation:\t\tEnumerate Credentials\r\n\r\nThis event occurs when a user performs a read operation on stored credentials in Credential Manager.","_time":"2026-08-24T13:31:14.408+0200","host":"Win-10","index":"main","linecount":"21","punct":"//_::._====-..=___.===_=__==____.\\r\\r:\\rt_:tt---\\rt_:t","source":"WinEventLog:Security","sourcetype":"WinEventLog:Security","splunk_server":"splunk-virtual-machine"}}
{"preview":false,"result":{"Account_Domain":"miacsdomain","Account_Name":"WIN-10$","ComputerName":"Win-10.miacsdomain.com","EventCode":"5379","EventType":"0","Keywords":"Audit Success","LogName":"Security","Logon_ID":"0x3E7","Message":"Credential Manager credentials were read.\r\n\r\nSubject:\r\n\tSecurity ID:\t\tS-1-5-18\r\n\tAccount Name:\t\tWIN-10$\r\n\tAccount Domain:\t\tmiacsdomain\r\n\tLogon ID:\t\t0x3E7\r\n\tRead Operation:\t\tEnumerate Credentials\r\n\r\nThis event occurs when a user performs a read operation on stored credentials in Credential Manager.","OpCode":"Info","Read_Operation":"Enumerate Credentials","RecordNumber":"9428","Security_ID":"S-1-5-18","SourceName":"Microsoft Windows security auditing.","TaskCategory":"User Account Management","Type":"Information","_raw":"08/24/2026 01:31:14.407 PM\nLogName=Security\nEventCode=5379\nEventType=0\nComputerName=Win-10.miacsdomain.com\nSourceName=Microsoft Windows security auditing.\nType=Information\nRecordNumber=9428\nKeywords=Audit Success\nTaskCategory=User Account Management\nOpCode=Info\nMessage=Credential Manager credentials were read.\r\n\r\nSubject:\r\n\tSecurity ID:\t\tS-1-5-18\r\n\tAccount Name:\t\tWIN-10$\r\n\tAccount Domain:\t\tmiacsdomain\r\n\tLogon ID:\t\t0x3E7\r\n\tRead Operation:\t\tEnumerate Credentials\r\n\r\nThis event occurs when a user performs a read operation on stored credentials in Credential Manager.","_time":"2026-08-24T13:31:14.407+0200","host":"Win-10","index":"main","linecount":"21","punct":"//_::._====-..=___.===_=__==____.\\r\\r:\\rt_:tt---\\rt_:t","source":"WinEventLog:Security","sourcetype":"WinEventLog:Security","splunk_server":"splunk-virtual-machine"}}
{"preview":false,"result":{"Account_Domain":"miacsdomain","Account_Name":"WIN-10$","ComputerName":"Win-10.miacsdomain.com","EventCode":"5379","EventType":"0","Keywords":"Audit Success","LogName":"Security","Logon_ID":"0x3E7","Message":"Credential Manager credentials were read.\r\n\r\nSubject:\r\n\tSecurity ID:\t\tS-1-5-18\r\n\tAccount Name:\t\tWIN-10$\r\n\tAccount Domain:\t\tmiacsdomain\r\n\tLogon ID:\t\t0x3E7\r\n\tRead Operation:\t\tEnumerate Credentials\r\n\r\nThis event occurs when a user performs a read operation on stored credentials in Credential Manager.","OpCode":"Info","Read_Operation":"Enumerate Credentials","RecordNumber":"9427","Security_ID":"S-1-5-18","SourceName":"Microsoft Windows security auditing.","TaskCategory":"User Account Management","Type":"Information","_raw":"08/24/2026 01:31:14.407 PM\nLogName=Security\nEventCode=5379\nEventType=0\nComputerName=Win-10.miacsdomain.com\nSourceName=Microsoft Windows security auditing.\nType=Information\nRecordNumber=9427\nKeywords=Audit Success\nTaskCategory=User Account Management\nOpCode=Info\nMessage=Credential Manager credentials were read.\r\n\r\nSubject:\r\n\tSecurity ID:\t\tS-1-5-18\r\n\tAccount Name:\t\tWIN-10$\r\n\tAccount Domain:\t\tmiacsdomain\r\n\tLogon ID:\t\t0x3E7\r\n\tRead Operation:\t\tEnumerate Credentials\r\n\r\nThis event occurs when a user performs a read operation on stored credentials in Credential Manager.","_time":"2026-08-24T13:31:14.407+0200","host":"Win-10","index":"main","linecount":"21","punct":"//_::._====-..=___.===_=__==____.\\r\\r:\\rt_:tt---\\rt_:t","source":"WinEventLog:Security","sourcetype":"WinEventLog:Security","splunk_server":"splunk-virtual-machine"}}
{"preview":false,"result":{"ComputerName":"Win-10.miacsdomain.com","EventCode":"4103","EventType":"4","Keywords":"None","LogName":"Microsoft-Windows-PowerShell/Operational","Message":"CommandInvocation(Set-StrictMode): \"Set-StrictMode\"\r\nParameterBinding(Set-StrictMode): name=\"Off\"; value=\"True\"\r\n\r\n\r\nContext:\r\n        Severity = Informational\r\n        Host Name = ConsoleHost\r\n        Host Version = 5.1.19041.3803\r\n        Host ID = b367531c-324f-4cfd-9671-b7158caebd11\r\n        Host Application = C:\\Windows\\System32\\WindowsPowerShell\\v1.0\\powershell.exe\r\n        Engine Version = 5.1.19041.3803\r\n        Runspace ID = cbc99a42-d19e-49ac-9ed4-d584b7919551\r\n        Pipeline ID = 27\r\n        Command Name = Set-StrictMode\r\n        Command Type = Cmdlet\r\n        Script Name = C:\\Program Files\\WindowsPowerShell\\Modules\\PSReadline\\2.0.0\\PSReadLine.psm1\r\n        Command Path = \r\n        Sequence Number = 62\r\n        User = miacsdomain\\user-01\r\n        Connected User = \r\n        Shell ID = Microsoft.PowerShell\r\n\r\n\r\nUser Data:","OpCode":"To be used when operation is just executing a method","ParameterBinding_Set_StrictMode_":"name=\"Off\"; value=\"True\"","RecordNumber":"6780","Sid":"S-1-5-21-246749117-2054088174-1189330396-1105","SidType":"0","SourceName":"Microsoft-Windows-PowerShell","TaskCategory":"Executing Pipeline","Type":"Information","User":"NOT_TRANSLATED","_raw":"08/24/2026 01:31:09.791 PM\nLogName=Microsoft-Windows-PowerShell/Operational\nEventCode=4103\nEventType=4\nComputerName=Win-10.miacsdomain.com\nUser=NOT_TRANSLATED\nSid=S-1-5-21-246749117-2054088174-1189330396-1105\nSidType=0\nSourceName=Microsoft-Windows-PowerShell\nType=Information\nRecordNumber=6780\nKeywords=None\nTaskCategory=Executing Pipeline\nOpCode=To be used when operation is just executing a method\nMessage=CommandInvocation(Set-StrictMode): \"Set-StrictMode\"\r\nParameterBinding(Set-StrictMode): name=\"Off\"; value=\"True\"\r\n\r\n\r\nContext:\r\n        Severity = Informational\r\n        Host Name = ConsoleHost\r\n        Host Version = 5.1.19041.3803\r\n        Host ID = b367531c-324f-4cfd-9671-b7158caebd11\r\n        Host Application = C:\\Windows\\System32\\WindowsPowerShell\\v1.0\\powershell.exe\r\n        Engine Version = 5.1.19041.3803\r\n        Runspace ID = cbc99a42-d19e-49ac-9ed4-d584b7919551\r\n        Pipeline ID = 27\r\n        Command Name = Set-StrictMode\r\n        Command Type = Cmdlet\r\n        Script Name = C:\\Program Files\\WindowsPowerShell\\Modules\\PSReadline\\2.0.0\\PSReadLine.psm1\r\n        Command Path = \r\n        Sequence Number = 62\r\n        User = miacsdomain\\user-01\r\n        Connected User = \r\n        Shell ID = Microsoft.PowerShell\r\n\r\n\r\nUser Data:","_time":"2026-08-24T13:31:09.791+0200","host":"Win-10","index":"main","linecount":"38","punct":"//_::._=--/===-..==-------==--====_=_________=(-):","source":"WinEventLog:Microsoft-Windows-PowerShell/Operational","sourcetype":"WinEventLog:Microsoft-Windows-PowerShell/Operational","splunk_server":"splunk-virtual-machine"}}
{"preview":false,"result":{"ComputerName":"Win-10.miacsdomain.com","EventCode":"4104","EventType":"5","Keywords":"None","LogName":"Microsoft-Windows-PowerShell/Operational","Message":"Creating Scriptblock text (1 of 1):\r\nprompt\r\n\r\nScriptBlock ID: bddb746d-651b-412b-93cc-71949735aa7e\r\nPath:","OpCode":"On create calls","RecordNumber":"6779","ScriptBlock_ID":"bddb746d-651b-412b-93cc-71949735aa7e","Sid":"S-1-5-21-246749117-2054088174-1189330396-1105","SidType":"0","SourceName":"Microsoft-Windows-PowerShell","TaskCategory":"Execute a Remote Command","Type":"Verbose","User":"NOT_TRANSLATED","_raw":"08/24/2026 01:31:09.791 PM\nLogName=Microsoft-Windows-PowerShell/Operational\nEventCode=4104\nEventType=5\nComputerName=Win-10.miacsdomain.com\nUser=NOT_TRANSLATED\nSid=S-1-5-21-246749117-2054088174-1189330396-1105\nSidType=0\nSourceName=Microsoft-Windows-PowerShell\nType=Verbose\nRecordNumber=6779\nKeywords=None\nTaskCategory=Execute a Remote Command\nOpCode=On create calls\nMessage=Creating Scriptblock text (1 of 1):\r\nprompt\r\n\r\nScriptBlock ID: bddb746d-651b-412b-93cc-71949735aa7e\r\nPath:","_time":"2026-08-24T13:31:09.791+0200","host":"Win-10","index":"main","linecount":"19","punct":"//_::._=--/===-..==-------==--====___=__=___(__):\\r","source":"WinEventLog:Microsoft-Windows-PowerShell/Operational","sourcetype":"WinEventLog:Microsoft-Windows-PowerShell/Operational","splunk_server":"splunk-virtual-machine"}}
