{"preview":false,"result":{"Account_Domain":"miacsdomain","Account_Name":"WIN-10$","ComputerName":"Win-10.miacsdomain.com","EventCode":"5379","EventType":"0","Keywords":"Audit Success","LogName":"Security","Logon_ID":"0x3E7","Message":"Credential Manager credentials were read.\r\n\r\nSubject:\r\n\tSecurity ID:\t\tS-1-5-18\r\n\tAccount Name:\t\tWIN-10$\r\n\tAccount Domain:\t\tmiacsdomain\r\n\tLogon ID:\t\t0x3E7\r\n\tRead Operation:\t\tEnumerate Credentials\r\n\r\nThis event occurs when a user performs a read operation on stored credentials in Credential Manager.","OpCode":"Info","Read_Operation":"Enumerate Credentials","RecordNumber":"9367","Security_ID":"S-1-5-18","SourceName":"Microsoft Windows security auditing.","TaskCategory":"User Account Management","Type":"Information","_raw":"08/24/2026 01:29:04.423 PM\nLogName=Security\nEventCode=5379\nEventType=0\nComputerName=Win-10.miacsdomain.com\nSourceName=Microsoft Windows security auditing.\nType=Information\nRecordNumber=9367\nKeywords=Audit Success\nTaskCategory=User Account Management\nOpCode=Info\nMessage=Credential Manager credentials were read.\r\n\r\nSubject:\r\n\tSecurity ID:\t\tS-1-5-18\r\n\tAccount Name:\t\tWIN-10$\r\n\tAccount Domain:\t\tmiacsdomain\r\n\tLogon ID:\t\t0x3E7\r\n\tRead Operation:\t\tEnumerate Credentials\r\n\r\nThis event occurs when a user performs a read operation on stored credentials in Credential Manager.","_time":"2026-08-24T13:29:04.423+0200","host":"Win-10","index":"main","linecount":"21","punct":"//_::._====-..=___.===_=__==____.\\r\\r:\\rt_:tt---\\rt_:t","source":"WinEventLog:Security","sourcetype":"WinEventLog:Security","splunk_server":"splunk-virtual-machine"}}
{"preview":false,"result":{"Account_Domain":"miacsdomain","Account_Name":"WIN-10$","ComputerName":"Win-10.miacsdomain.com","EventCode":"5379","EventType":"0","Keywords":"Audit Success","LogName":"Security","Logon_ID":"0x3E7","Message":"Credential Manager credentials were read.\r\n\r\nSubject:\r\n\tSecurity ID:\t\tS-1-5-18\r\n\tAccount Name:\t\tWIN-10$\r\n\tAccount Domain:\t\tmiacsdomain\r\n\tLogon ID:\t\t0x3E7\r\n\tRead Operation:\t\tEnumerate Credentials\r\n\r\nThis event occurs when a user performs a read operation on stored credentials in Credential Manager.","OpCode":"Info","Read_Operation":"Enumerate Credentials","RecordNumber":"9366","Security_ID":"S-1-5-18","SourceName":"Microsoft Windows security auditing.","TaskCategory":"User Account Management","Type":"Information","_raw":"08/24/2026 01:29:04.423 PM\nLogName=Security\nEventCode=5379\nEventType=0\nComputerName=Win-10.miacsdomain.com\nSourceName=Microsoft Windows security auditing.\nType=Information\nRecordNumber=9366\nKeywords=Audit Success\nTaskCategory=User Account Management\nOpCode=Info\nMessage=Credential Manager credentials were read.\r\n\r\nSubject:\r\n\tSecurity ID:\t\tS-1-5-18\r\n\tAccount Name:\t\tWIN-10$\r\n\tAccount Domain:\t\tmiacsdomain\r\n\tLogon ID:\t\t0x3E7\r\n\tRead Operation:\t\tEnumerate Credentials\r\n\r\nThis event occurs when a user performs a read operation on stored credentials in Credential Manager.","_time":"2026-08-24T13:29:04.423+0200","host":"Win-10","index":"main","linecount":"21","punct":"//_::._====-..=___.===_=__==____.\\r\\r:\\rt_:tt---\\rt_:t","source":"WinEventLog:Security","sourcetype":"WinEventLog:Security","splunk_server":"splunk-virtual-machine"}}
{"preview":false,"result":{"Account_Domain":"miacsdomain","Account_Name":"WIN-10$","ComputerName":"DC-01.miacsdomain.com","EventCode":"4634","EventType":"0","Keywords":"Audit Success","LogName":"Security","Logon_ID":"0x7D7399","Logon_Type":"3","Message":"An account was logged off.\r\n\r\nSubject:\r\n\tSecurity ID:\t\tS-1-5-21-246749117-2054088174-1189330396-1104\r\n\tAccount Name:\t\tWIN-10$\r\n\tAccount Domain:\t\tmiacsdomain\r\n\tLogon ID:\t\t0x7D7399\r\n\r\nLogon Type:\t\t\t3\r\n\r\nThis event is generated when a logon session is destroyed. It may be positively correlated with a logon event using the Logon ID value. Logon IDs are only unique between reboots on the same computer.","OpCode":"Info","RecordNumber":"16760","Security_ID":"S-1-5-21-246749117-2054088174-1189330396-1104","SourceName":"Microsoft Windows security auditing.","TaskCategory":"Logoff","Type":"Information","_raw":"08/24/2026 01:29:01.989 PM\nLogName=Security\nEventCode=4634\nEventType=0\nComputerName=DC-01.miacsdomain.com\nSourceName=Microsoft Windows security auditing.\nType=Information\nRecordNumber=16760\nKeywords=Audit Success\nTaskCategory=Logoff\nOpCode=Info\nMessage=An account was logged off.\r\n\r\nSubject:\r\n\tSecurity ID:\t\tS-1-5-21-246749117-2054088174-1189330396-1104\r\n\tAccount Name:\t\tWIN-10$\r\n\tAccount Domain:\t\tmiacsdomain\r\n\tLogon ID:\t\t0x7D7399\r\n\r\nLogon Type:\t\t\t3\r\n\r\nThis event is generated when a logon session is destroyed. It may be positively correlated with a logon event using the Logon ID value. Logon IDs are only unique between reboots on the same computer.","_time":"2026-08-24T13:29:01.989+0200","host":"DC-01","index":"main","linecount":"22","punct":"//_::._====-..=___.===_===____.\\r\\r:\\rt_:tt-------\\rt_","source":"WinEventLog:Security","sourcetype":"WinEventLog:Security","splunk_server":"splunk-virtual-machine"}}
{"preview":false,"result":{"ComputerName":"Win-10.miacsdomain.com","EventCode":"22","EventType":"4","Image":"C:\\Windows\\System32\\svchost.exe","Keywords":"None","LogName":"Microsoft-Windows-Sysmon/Operational","Message":"Dns query:\r\nRuleName: -\r\nUtcTime: 2026-08-24 11:29:01.401\r\nProcessGuid: {3f87e246-2af0-6a8c-1900-000000001000}\r\nProcessId: 1124\r\nQueryName: www.msftconnecttest.com\r\nQueryStatus: 9002\r\nQueryResults: -\r\nImage: C:\\Windows\\System32\\svchost.exe\r\nUser: NT AUTHORITY\\NETWORK SERVICE","OpCode":"Info","ProcessGuid":"{3f87e246-2af0-6a8c-1900-000000001000}","ProcessId":"1124","QueryName":"www.msftconnecttest.com","QueryResults":"-","QueryStatus":"9002","RecordNumber":"14311","RuleName":"-","Sid":"S-1-5-18","SidType":"0","SourceName":"Microsoft-Windows-Sysmon","TaskCategory":"Dns query (rule: DnsQuery)","Type":"Information","User":["NOT_TRANSLATED","NT AUTHORITY\\NETWORK SERVICE"],"UtcTime":"2026-08-24 11:29:01.401","_raw":"08/24/2026 01:29:01.529 PM\nLogName=Microsoft-Windows-Sysmon/Operational\nEventCode=22\nEventType=4\nComputerName=Win-10.miacsdomain.com\nUser=NOT_TRANSLATED\nSid=S-1-5-18\nSidType=0\nSourceName=Microsoft-Windows-Sysmon\nType=Information\nRecordNumber=14311\nKeywords=None\nTaskCategory=Dns query (rule: DnsQuery)\nOpCode=Info\nMessage=Dns query:\r\nRuleName: -\r\nUtcTime: 2026-08-24 11:29:01.401\r\nProcessGuid: {3f87e246-2af0-6a8c-1900-000000001000}\r\nProcessId: 1124\r\nQueryName: www.msftconnecttest.com\r\nQueryStatus: 9002\r\nQueryResults: -\r\nImage: C:\\Windows\\System32\\svchost.exe\r\nUser: NT AUTHORITY\\NETWORK SERVICE","_time":"2026-08-24T13:29:01.529+0200","host":"Win-10","index":"main","linecount":"24","punct":"//_::._=--/===-..==---==--====__(:_)==_:\\r:_-\\r:_--_","source":"WinEventLog:Microsoft-Windows-Sysmon/Operational","sourcetype":"WinEventLog:Microsoft-Windows-Sysmon/Operational","splunk_server":"splunk-virtual-machine"}}
{"preview":false,"result":{"ComputerName":"Win-10.miacsdomain.com","EventCode":"22","EventType":"4","Image":"C:\\Windows\\System32\\taskhostw.exe","Keywords":"None","LogName":"Microsoft-Windows-Sysmon/Operational","Message":"Dns query:\r\nRuleName: -\r\nUtcTime: 2026-08-24 11:28:59.528\r\nProcessGuid: {3f87e246-2afb-6a8c-8200-000000001000}\r\nProcessId: 3628\r\nQueryName: DC-01.miacsdomain.com\r\nQueryStatus: 0\r\nQueryResults: ::ffff:192.168.100.20;\r\nImage: C:\\Windows\\System32\\taskhostw.exe\r\nUser: NT AUTHORITY\\SYSTEM","OpCode":"Info","ProcessGuid":"{3f87e246-2afb-6a8c-8200-000000001000}","ProcessId":"3628","QueryName":"DC-01.miacsdomain.com","QueryResults":"::ffff:192.168.100.20;","QueryStatus":"0","RecordNumber":"14309","RuleName":"-","Sid":"S-1-5-18","SidType":"0","SourceName":"Microsoft-Windows-Sysmon","TaskCategory":"Dns query (rule: DnsQuery)","Type":"Information","User":["NOT_TRANSLATED","NT AUTHORITY\\SYSTEM"],"UtcTime":"2026-08-24 11:28:59.528","_raw":"08/24/2026 01:29:00.513 PM\nLogName=Microsoft-Windows-Sysmon/Operational\nEventCode=22\nEventType=4\nComputerName=Win-10.miacsdomain.com\nUser=NOT_TRANSLATED\nSid=S-1-5-18\nSidType=0\nSourceName=Microsoft-Windows-Sysmon\nType=Information\nRecordNumber=14309\nKeywords=None\nTaskCategory=Dns query (rule: DnsQuery)\nOpCode=Info\nMessage=Dns query:\r\nRuleName: -\r\nUtcTime: 2026-08-24 11:28:59.528\r\nProcessGuid: {3f87e246-2afb-6a8c-8200-000000001000}\r\nProcessId: 3628\r\nQueryName: DC-01.miacsdomain.com\r\nQueryStatus: 0\r\nQueryResults: ::ffff:192.168.100.20;\r\nImage: C:\\Windows\\System32\\taskhostw.exe\r\nUser: NT AUTHORITY\\SYSTEM","_time":"2026-08-24T13:29:00.513+0200","host":"Win-10","index":"main","linecount":"24","punct":"//_::._=--/===-..==---==--====__(:_)==_:\\r:_-\\r:_--_","source":"WinEventLog:Microsoft-Windows-Sysmon/Operational","sourcetype":"WinEventLog:Microsoft-Windows-Sysmon/Operational","splunk_server":"splunk-virtual-machine"}}
{"preview":false,"result":{"ComputerName":"Win-10.miacsdomain.com","EventCode":"22","EventType":"4","Image":"C:\\Windows\\System32\\svchost.exe","Keywords":"None","LogName":"Microsoft-Windows-Sysmon/Operational","Message":"Dns query:\r\nRuleName: -\r\nUtcTime: 2026-08-24 11:28:58.835\r\nProcessGuid: {3f87e246-2af0-6a8c-1700-000000001000}\r\nProcessId: 1060\r\nQueryName: DC-01.miacsdomain.com\r\nQueryStatus: 0\r\nQueryResults: ::ffff:192.168.100.20;\r\nImage: C:\\Windows\\System32\\svchost.exe\r\nUser: NT AUTHORITY\\LOCAL SERVICE","OpCode":"Info","ProcessGuid":"{3f87e246-2af0-6a8c-1700-000000001000}","ProcessId":"1060","QueryName":"DC-01.miacsdomain.com","QueryResults":"::ffff:192.168.100.20;","QueryStatus":"0","RecordNumber":"14308","RuleName":"-","Sid":"S-1-5-18","SidType":"0","SourceName":"Microsoft-Windows-Sysmon","TaskCategory":"Dns query (rule: DnsQuery)","Type":"Information","User":["NOT_TRANSLATED","NT AUTHORITY\\LOCAL SERVICE"],"UtcTime":"2026-08-24 11:28:58.835","_raw":"08/24/2026 01:29:00.513 PM\nLogName=Microsoft-Windows-Sysmon/Operational\nEventCode=22\nEventType=4\nComputerName=Win-10.miacsdomain.com\nUser=NOT_TRANSLATED\nSid=S-1-5-18\nSidType=0\nSourceName=Microsoft-Windows-Sysmon\nType=Information\nRecordNumber=14308\nKeywords=None\nTaskCategory=Dns query (rule: DnsQuery)\nOpCode=Info\nMessage=Dns query:\r\nRuleName: -\r\nUtcTime: 2026-08-24 11:28:58.835\r\nProcessGuid: {3f87e246-2af0-6a8c-1700-000000001000}\r\nProcessId: 1060\r\nQueryName: DC-01.miacsdomain.com\r\nQueryStatus: 0\r\nQueryResults: ::ffff:192.168.100.20;\r\nImage: C:\\Windows\\System32\\svchost.exe\r\nUser: NT AUTHORITY\\LOCAL SERVICE","_time":"2026-08-24T13:29:00.513+0200","host":"Win-10","index":"main","linecount":"24","punct":"//_::._=--/===-..==---==--====__(:_)==_:\\r:_-\\r:_--_","source":"WinEventLog:Microsoft-Windows-Sysmon/Operational","sourcetype":"WinEventLog:Microsoft-Windows-Sysmon/Operational","splunk_server":"splunk-virtual-machine"}}
