{"preview":false,"result":{"CommandLine":"C:\\Windows\\system32\\SecurityHealthService.exe","Company":"Microsoft Corporation","ComputerName":"Win-10.miacsdomain.com","CurrentDirectory":"C:\\Windows\\system32\\","Description":"Windows Security Health Service","EventCode":"1","EventType":"4","FileVersion":"4.18.1907.16384 (WinBuild.160101.0800)","Hashes":"MD5=F373D188607DA79E3CDC307B339A7C87,SHA256=232326A368B0D5A47C6170FD6044B07A3191E5887ABEA6312FA7E77C2FD85058,IMPHASH=7DFC7478D6668760D96E18604ED6AB6E","Image":"C:\\Windows\\System32\\SecurityHealthService.exe","IntegrityLevel":"System","Keywords":"None","LogName":"Microsoft-Windows-Sysmon/Operational","LogonGuid":"{3f87e246-2af0-6a8c-e703-000000000000}","LogonId":"0x3E7","Message":"Process Create:\r\nRuleName: -\r\nUtcTime: 2026-08-24 11:29:44.544\r\nProcessGuid: {3f87e246-2b28-6a8c-a500-000000001000}\r\nProcessId: 5040\r\nImage: C:\\Windows\\System32\\SecurityHealthService.exe\r\nFileVersion: 4.18.1907.16384 (WinBuild.160101.0800)\r\nDescription: Windows Security Health Service\r\nProduct: Microsoft® Windows® Operating System\r\nCompany: Microsoft Corporation\r\nOriginalFileName: SecurityHealthService.exe\r\nCommandLine: C:\\Windows\\system32\\SecurityHealthService.exe\r\nCurrentDirectory: C:\\Windows\\system32\\\r\nUser: NT AUTHORITY\\SYSTEM\r\nLogonGuid: {3f87e246-2af0-6a8c-e703-000000000000}\r\nLogonId: 0x3E7\r\nTerminalSessionId: 0\r\nIntegrityLevel: System\r\nHashes: MD5=F373D188607DA79E3CDC307B339A7C87,SHA256=232326A368B0D5A47C6170FD6044B07A3191E5887ABEA6312FA7E77C2FD85058,IMPHASH=7DFC7478D6668760D96E18604ED6AB6E\r\nParentProcessGuid: {3f87e246-2af0-6a8c-0b00-000000001000}\r\nParentProcessId: 612\r\nParentImage: C:\\Windows\\System32\\services.exe\r\nParentCommandLine: C:\\Windows\\system32\\services.exe\r\nParentUser: NT AUTHORITY\\SYSTEM","OpCode":"Info","OriginalFileName":"SecurityHealthService.exe","ParentCommandLine":"C:\\Windows\\system32\\services.exe","ParentImage":"C:\\Windows\\System32\\services.exe","ParentProcessGuid":"{3f87e246-2af0-6a8c-0b00-000000001000}","ParentProcessId":"612","ParentUser":"NT AUTHORITY\\SYSTEM","ProcessGuid":"{3f87e246-2b28-6a8c-a500-000000001000}","ProcessId":"5040","Product":"Microsoft® Windows® Operating System","RecordNumber":"14400","RuleName":"-","Sid":"S-1-5-18","SidType":"0","SourceName":"Microsoft-Windows-Sysmon","TaskCategory":"Process Create (rule: ProcessCreate)","TerminalSessionId":"0","Type":"Information","User":["NOT_TRANSLATED","NT AUTHORITY\\SYSTEM"],"UtcTime":"2026-08-24 11:29:44.544","_raw":"08/24/2026 01:29:44.552 PM\nLogName=Microsoft-Windows-Sysmon/Operational\nEventCode=1\nEventType=4\nComputerName=Win-10.miacsdomain.com\nUser=NOT_TRANSLATED\nSid=S-1-5-18\nSidType=0\nSourceName=Microsoft-Windows-Sysmon\nType=Information\nRecordNumber=14400\nKeywords=None\nTaskCategory=Process Create (rule: ProcessCreate)\nOpCode=Info\nMessage=Process Create:\r\nRuleName: -\r\nUtcTime: 2026-08-24 11:29:44.544\r\nProcessGuid: {3f87e246-2b28-6a8c-a500-000000001000}\r\nProcessId: 5040\r\nImage: C:\\Windows\\System32\\SecurityHealthService.exe\r\nFileVersion: 4.18.1907.16384 (WinBuild.160101.0800)\r\nDescription: Windows Security Health Service\r\nProduct: Microsoft® Windows® Operating System\r\nCompany: Microsoft Corporation\r\nOriginalFileName: SecurityHealthService.exe\r\nCommandLine: C:\\Windows\\system32\\SecurityHealthService.exe\r\nCurrentDirectory: C:\\Windows\\system32\\\r\nUser: NT AUTHORITY\\SYSTEM\r\nLogonGuid: {3f87e246-2af0-6a8c-e703-000000000000}\r\nLogonId: 0x3E7\r\nTerminalSessionId: 0\r\nIntegrityLevel: System\r\nHashes: MD5=F373D188607DA79E3CDC307B339A7C87,SHA256=232326A368B0D5A47C6170FD6044B07A3191E5887ABEA6312FA7E77C2FD85058,IMPHASH=7DFC7478D6668760D96E18604ED6AB6E\r\nParentProcessGuid: {3f87e246-2af0-6a8c-0b00-000000001000}\r\nParentProcessId: 612\r\nParentImage: C:\\Windows\\System32\\services.exe\r\nParentCommandLine: C:\\Windows\\system32\\services.exe\r\nParentUser: NT AUTHORITY\\SYSTEM","_time":"2026-08-24T13:29:44.552+0200","host":"Win-10","index":"main","linecount":"38","punct":"//_::._=--/===-..==---==--====__(:_)==_:\\r:_-\\r:_--_","source":"WinEventLog:Microsoft-Windows-Sysmon/Operational","sourcetype":"WinEventLog:Microsoft-Windows-Sysmon/Operational","splunk_server":"splunk-virtual-machine"}}
{"preview":false,"result":{"Account_Domain":"NT AUTHORITY","Account_Name":"SYSTEM","ComputerName":"Win-10.miacsdomain.com","EventCode":"4672","EventType":"0","Keywords":"Audit Success","LogName":"Security","Logon_ID":"0x3E7","Message":"Special privileges assigned to new logon.\r\n\r\nSubject:\r\n\tSecurity ID:\t\tS-1-5-18\r\n\tAccount Name:\t\tSYSTEM\r\n\tAccount Domain:\t\tNT AUTHORITY\r\n\tLogon ID:\t\t0x3E7\r\n\r\nPrivileges:\t\tSeAssignPrimaryTokenPrivilege\r\n\t\t\tSeTcbPrivilege\r\n\t\t\tSeSecurityPrivilege\r\n\t\t\tSeTakeOwnershipPrivilege\r\n\t\t\tSeLoadDriverPrivilege\r\n\t\t\tSeBackupPrivilege\r\n\t\t\tSeRestorePrivilege\r\n\t\t\tSeDebugPrivilege\r\n\t\t\tSeAuditPrivilege\r\n\t\t\tSeSystemEnvironmentPrivilege\r\n\t\t\tSeImpersonatePrivilege\r\n\t\t\tSeDelegateSessionUserImpersonatePrivilege","OpCode":"Info","Privileges":"SeAssignPrimaryTokenPrivilege","RecordNumber":"9415","Security_ID":"S-1-5-18","SourceName":"Microsoft Windows security auditing.","TaskCategory":"Special Logon","Type":"Information","_raw":"08/24/2026 01:29:44.542 PM\nLogName=Security\nEventCode=4672\nEventType=0\nComputerName=Win-10.miacsdomain.com\nSourceName=Microsoft Windows security auditing.\nType=Information\nRecordNumber=9415\nKeywords=Audit Success\nTaskCategory=Special Logon\nOpCode=Info\nMessage=Special privileges assigned to new logon.\r\n\r\nSubject:\r\n\tSecurity ID:\t\tS-1-5-18\r\n\tAccount Name:\t\tSYSTEM\r\n\tAccount Domain:\t\tNT AUTHORITY\r\n\tLogon ID:\t\t0x3E7\r\n\r\nPrivileges:\t\tSeAssignPrimaryTokenPrivilege\r\n\t\t\tSeTcbPrivilege\r\n\t\t\tSeSecurityPrivilege\r\n\t\t\tSeTakeOwnershipPrivilege\r\n\t\t\tSeLoadDriverPrivilege\r\n\t\t\tSeBackupPrivilege\r\n\t\t\tSeRestorePrivilege\r\n\t\t\tSeDebugPrivilege\r\n\t\t\tSeAuditPrivilege\r\n\t\t\tSeSystemEnvironmentPrivilege\r\n\t\t\tSeImpersonatePrivilege\r\n\t\t\tSeDelegateSessionUserImpersonatePrivilege","_time":"2026-08-24T13:29:44.542+0200","host":"Win-10","index":"main","linecount":"31","punct":"//_::._====-..=___.===_=_==_____.\\r\\r:\\rt_:tt---\\rt_:t","source":"WinEventLog:Security","sourcetype":"WinEventLog:Security","splunk_server":"splunk-virtual-machine"}}
{"preview":false,"result":{"Account_Domain":["miacsdomain","NT AUTHORITY"],"Account_Name":["WIN-10$","SYSTEM"],"Authentication_Package":"Negotiate","ComputerName":"Win-10.miacsdomain.com","Elevated_Token":"Yes","EventCode":"4624","EventType":"0","Impersonation_Level":"Impersonation","Key_Length":"0","Keywords":"Audit Success","Linked_Logon_ID":"0x0","LogName":"Security","Logon_GUID":"{00000000-0000-0000-0000-000000000000}","Logon_ID":["0x3E7","0x3E7"],"Logon_Process":"Advapi","Logon_Type":"5","Message":"An account was successfully logged on.\r\n\r\nSubject:\r\n\tSecurity ID:\t\tS-1-5-18\r\n\tAccount Name:\t\tWIN-10$\r\n\tAccount Domain:\t\tmiacsdomain\r\n\tLogon ID:\t\t0x3E7\r\n\r\nLogon Information:\r\n\tLogon Type:\t\t5\r\n\tRestricted Admin Mode:\t-\r\n\tVirtual Account:\t\tNo\r\n\tElevated Token:\t\tYes\r\n\r\nImpersonation Level:\t\tImpersonation\r\n\r\nNew Logon:\r\n\tSecurity ID:\t\tS-1-5-18\r\n\tAccount Name:\t\tSYSTEM\r\n\tAccount Domain:\t\tNT AUTHORITY\r\n\tLogon ID:\t\t0x3E7\r\n\tLinked Logon ID:\t\t0x0\r\n\tNetwork Account Name:\t-\r\n\tNetwork Account Domain:\t-\r\n\tLogon GUID:\t\t{00000000-0000-0000-0000-000000000000}\r\n\r\nProcess Information:\r\n\tProcess ID:\t\t0x264\r\n\tProcess Name:\t\tC:\\Windows\\System32\\services.exe\r\n\r\nNetwork Information:\r\n\tWorkstation Name:\t-\r\n\tSource Network Address:\t-\r\n\tSource Port:\t\t-\r\n\r\nDetailed Authentication Information:\r\n\tLogon Process:\t\tAdvapi  \r\n\tAuthentication Package:\tNegotiate\r\n\tTransited Services:\t-\r\n\tPackage Name (NTLM only):\t-\r\n\tKey Length:\t\t0\r\n\r\nThis event is generated when a logon session is created. It is generated on the computer that was accessed.\r\n\r\nThe subject fields indicate the account on the local system which requested the logon. This is most commonly a service such as the Server service, or a local process such as Winlogon.exe or Services.exe.\r\n\r\nThe logon type field indicates the kind of logon that occurred. The most common types are 2 (interactive) and 3 (network).\r\n\r\nThe New Logon fields indicate the account for whom the new logon was created, i.e. the account that was logged on.\r\n\r\nThe network fields indicate where a remote logon request originated. Workstation name is not always available and may be left blank in some cases.\r\n\r\nThe impersonation level field indicates the extent to which a process in the logon session can impersonate.\r\n\r\nThe authentication information fields provide detailed information about this specific logon request.\r\n\t- Logon GUID is a unique identifier that can be used to correlate this event with a KDC event.\r\n\t- Transited services indicate which intermediate services have participated in this logon request.\r\n\t- Package name indicates which sub-protocol was used among the NTLM protocols.\r\n\t- Key length indicates the length of the generated session key. This will be 0 if no session key was requested.","Network_Account_Domain":"-","Network_Account_Name":"-","OpCode":"Info","Package_Name__NTLM_only_":"-","Process_ID":"0x264","Process_Name":"C:\\Windows\\System32\\services.exe","RecordNumber":"9414","Restricted_Admin_Mode":"-","Security_ID":["S-1-5-18","S-1-5-18"],"SourceName":"Microsoft Windows security auditing.","Source_Network_Address":"-","Source_Port":"-","TaskCategory":"Logon","Transited_Services":"-","Type":"Information","Virtual_Account":"No","Workstation_Name":"-","_raw":"08/24/2026 01:29:44.542 PM\nLogName=Security\nEventCode=4624\nEventType=0\nComputerName=Win-10.miacsdomain.com\nSourceName=Microsoft Windows security auditing.\nType=Information\nRecordNumber=9414\nKeywords=Audit Success\nTaskCategory=Logon\nOpCode=Info\nMessage=An account was successfully logged on.\r\n\r\nSubject:\r\n\tSecurity ID:\t\tS-1-5-18\r\n\tAccount Name:\t\tWIN-10$\r\n\tAccount Domain:\t\tmiacsdomain\r\n\tLogon ID:\t\t0x3E7\r\n\r\nLogon Information:\r\n\tLogon Type:\t\t5\r\n\tRestricted Admin Mode:\t-\r\n\tVirtual Account:\t\tNo\r\n\tElevated Token:\t\tYes\r\n\r\nImpersonation Level:\t\tImpersonation\r\n\r\nNew Logon:\r\n\tSecurity ID:\t\tS-1-5-18\r\n\tAccount Name:\t\tSYSTEM\r\n\tAccount Domain:\t\tNT AUTHORITY\r\n\tLogon ID:\t\t0x3E7\r\n\tLinked Logon ID:\t\t0x0\r\n\tNetwork Account Name:\t-\r\n\tNetwork Account Domain:\t-\r\n\tLogon GUID:\t\t{00000000-0000-0000-0000-000000000000}\r\n\r\nProcess Information:\r\n\tProcess ID:\t\t0x264\r\n\tProcess Name:\t\tC:\\Windows\\System32\\services.exe\r\n\r\nNetwork Information:\r\n\tWorkstation Name:\t-\r\n\tSource Network Address:\t-\r\n\tSource Port:\t\t-\r\n\r\nDetailed Authentication Information:\r\n\tLogon Process:\t\tAdvapi  \r\n\tAuthentication Package:\tNegotiate\r\n\tTransited Services:\t-\r\n\tPackage Name (NTLM only):\t-\r\n\tKey Length:\t\t0\r\n\r\nThis event is generated when a logon session is created. It is generated on the computer that was accessed.\r\n\r\nThe subject fields indicate the account on the local system which requested the logon. This is most commonly a service such as the Server service, or a local process such as Winlogon.exe or Services.exe.\r\n\r\nThe logon type field indicates the kind of logon that occurred. The most common types are 2 (interactive) and 3 (network).\r\n\r\nThe New Logon fields indicate the account for whom the new logon was created, i.e. the account that was logged on.\r\n\r\nThe network fields indicate where a remote logon request originated. Workstation name is not always available and may be left blank in some cases.\r\n\r\nThe impersonation level field indicates the extent to which a process in the logon session can impersonate.\r\n\r\nThe authentication information fields provide detailed information about this specific logon request.\r\n\t- Logon GUID is a unique identifier that can be used to correlate this event with a KDC event.\r\n\t- Transited services indicate which intermediate services have participated in this logon request.\r\n\t- Package name indicates which sub-protocol was used among the NTLM protocols.\r\n\t- Key length indicates the length of the generated session key. This will be 0 if no session key was requested.","_time":"2026-08-24T13:29:44.542+0200","host":"Win-10","index":"main","linecount":"70","punct":"//_::._====-..=___.===_===_____.\\r\\r:\\rt_:tt---\\rt_:tt","source":"WinEventLog:Security","sourcetype":"WinEventLog:Security","splunk_server":"splunk-virtual-machine"}}
{"preview":false,"result":{"CommandLine":"\"C:\\Windows\\System32\\SecurityHealthSystray.exe\"","Company":"Microsoft Corporation","ComputerName":"Win-10.miacsdomain.com","CurrentDirectory":"C:\\Windows\\system32\\","Description":"Windows Security notification icon","EventCode":"1","EventType":"4","FileVersion":"10.0.19041.1 (WinBuild.160101.0800)","Hashes":"MD5=783C99AFD4C2AE6950FA5694389D2CFA,SHA256=570B37A7A3FFDAFCCECCC33CBC1968FEB857B73CA3CB4DFFEDC2E67E9ABD0878,IMPHASH=E6B44B525767F585EB30F35172497CB0","Image":"C:\\Windows\\System32\\SecurityHealthSystray.exe","IntegrityLevel":"Medium","Keywords":"None","LogName":"Microsoft-Windows-Sysmon/Operational","LogonGuid":"{3f87e246-2b1c-6a8c-cd06-070000000000}","LogonId":"0x706CD","Message":"Process Create:\r\nRuleName: -\r\nUtcTime: 2026-08-24 11:29:44.523\r\nProcessGuid: {3f87e246-2b28-6a8c-a400-000000001000}\r\nProcessId: 3128\r\nImage: C:\\Windows\\System32\\SecurityHealthSystray.exe\r\nFileVersion: 10.0.19041.1 (WinBuild.160101.0800)\r\nDescription: Windows Security notification icon\r\nProduct: Microsoft® Windows® Operating System\r\nCompany: Microsoft Corporation\r\nOriginalFileName: SecurityHealthSystray.exe\r\nCommandLine: \"C:\\Windows\\System32\\SecurityHealthSystray.exe\" \r\nCurrentDirectory: C:\\Windows\\system32\\\r\nUser: miacsdomain\\user-01\r\nLogonGuid: {3f87e246-2b1c-6a8c-cd06-070000000000}\r\nLogonId: 0x706CD\r\nTerminalSessionId: 1\r\nIntegrityLevel: Medium\r\nHashes: MD5=783C99AFD4C2AE6950FA5694389D2CFA,SHA256=570B37A7A3FFDAFCCECCC33CBC1968FEB857B73CA3CB4DFFEDC2E67E9ABD0878,IMPHASH=E6B44B525767F585EB30F35172497CB0\r\nParentProcessGuid: {3f87e246-2b1c-6a8c-8f00-000000001000}\r\nParentProcessId: 2644\r\nParentImage: C:\\Windows\\explorer.exe\r\nParentCommandLine: C:\\Windows\\Explorer.EXE\r\nParentUser: miacsdomain\\user-01","OpCode":"Info","OriginalFileName":"SecurityHealthSystray.exe","ParentCommandLine":"C:\\Windows\\Explorer.EXE","ParentImage":"C:\\Windows\\explorer.exe","ParentProcessGuid":"{3f87e246-2b1c-6a8c-8f00-000000001000}","ParentProcessId":"2644","ParentUser":"miacsdomain\\user-01","ProcessGuid":"{3f87e246-2b28-6a8c-a400-000000001000}","ProcessId":"3128","Product":"Microsoft® Windows® Operating System","RecordNumber":"14399","RuleName":"-","Sid":"S-1-5-18","SidType":"0","SourceName":"Microsoft-Windows-Sysmon","TaskCategory":"Process Create (rule: ProcessCreate)","TerminalSessionId":"1","Type":"Information","User":["NOT_TRANSLATED","miacsdomain\\user-01"],"UtcTime":"2026-08-24 11:29:44.523","_raw":"08/24/2026 01:29:44.524 PM\nLogName=Microsoft-Windows-Sysmon/Operational\nEventCode=1\nEventType=4\nComputerName=Win-10.miacsdomain.com\nUser=NOT_TRANSLATED\nSid=S-1-5-18\nSidType=0\nSourceName=Microsoft-Windows-Sysmon\nType=Information\nRecordNumber=14399\nKeywords=None\nTaskCategory=Process Create (rule: ProcessCreate)\nOpCode=Info\nMessage=Process Create:\r\nRuleName: -\r\nUtcTime: 2026-08-24 11:29:44.523\r\nProcessGuid: {3f87e246-2b28-6a8c-a400-000000001000}\r\nProcessId: 3128\r\nImage: C:\\Windows\\System32\\SecurityHealthSystray.exe\r\nFileVersion: 10.0.19041.1 (WinBuild.160101.0800)\r\nDescription: Windows Security notification icon\r\nProduct: Microsoft® Windows® Operating System\r\nCompany: Microsoft Corporation\r\nOriginalFileName: SecurityHealthSystray.exe\r\nCommandLine: \"C:\\Windows\\System32\\SecurityHealthSystray.exe\" \r\nCurrentDirectory: C:\\Windows\\system32\\\r\nUser: miacsdomain\\user-01\r\nLogonGuid: {3f87e246-2b1c-6a8c-cd06-070000000000}\r\nLogonId: 0x706CD\r\nTerminalSessionId: 1\r\nIntegrityLevel: Medium\r\nHashes: MD5=783C99AFD4C2AE6950FA5694389D2CFA,SHA256=570B37A7A3FFDAFCCECCC33CBC1968FEB857B73CA3CB4DFFEDC2E67E9ABD0878,IMPHASH=E6B44B525767F585EB30F35172497CB0\r\nParentProcessGuid: {3f87e246-2b1c-6a8c-8f00-000000001000}\r\nParentProcessId: 2644\r\nParentImage: C:\\Windows\\explorer.exe\r\nParentCommandLine: C:\\Windows\\Explorer.EXE\r\nParentUser: miacsdomain\\user-01","_time":"2026-08-24T13:29:44.524+0200","host":"Win-10","index":"main","linecount":"38","punct":"//_::._=--/===-..==---==--====__(:_)==_:\\r:_-\\r:_--_","source":"WinEventLog:Microsoft-Windows-Sysmon/Operational","sourcetype":"WinEventLog:Microsoft-Windows-Sysmon/Operational","splunk_server":"splunk-virtual-machine"}}
{"preview":false,"result":{"Account_Domain":"miacsdomain","Account_Name":"user-01","ComputerName":"Win-10.miacsdomain.com","EventCode":"5379","EventType":"0","Keywords":"Audit Success","LogName":"Security","Logon_ID":"0x706CD","Message":"Credential Manager credentials were read.\r\n\r\nSubject:\r\n\tSecurity ID:\t\tS-1-5-21-246749117-2054088174-1189330396-1105\r\n\tAccount Name:\t\tuser-01\r\n\tAccount Domain:\t\tmiacsdomain\r\n\tLogon ID:\t\t0x706CD\r\n\tRead Operation:\t\tEnumerate Credentials\r\n\r\nThis event occurs when a user performs a read operation on stored credentials in Credential Manager.","OpCode":"Info","Read_Operation":"Enumerate Credentials","RecordNumber":"9413","Security_ID":"S-1-5-21-246749117-2054088174-1189330396-1105","SourceName":"Microsoft Windows security auditing.","TaskCategory":"User Account Management","Type":"Information","_raw":"08/24/2026 01:29:44.522 PM\nLogName=Security\nEventCode=5379\nEventType=0\nComputerName=Win-10.miacsdomain.com\nSourceName=Microsoft Windows security auditing.\nType=Information\nRecordNumber=9413\nKeywords=Audit Success\nTaskCategory=User Account Management\nOpCode=Info\nMessage=Credential Manager credentials were read.\r\n\r\nSubject:\r\n\tSecurity ID:\t\tS-1-5-21-246749117-2054088174-1189330396-1105\r\n\tAccount Name:\t\tuser-01\r\n\tAccount Domain:\t\tmiacsdomain\r\n\tLogon ID:\t\t0x706CD\r\n\tRead Operation:\t\tEnumerate Credentials\r\n\r\nThis event occurs when a user performs a read operation on stored credentials in Credential Manager.","_time":"2026-08-24T13:29:44.522+0200","host":"Win-10","index":"main","linecount":"21","punct":"//_::._====-..=___.===_=__==____.\\r\\r:\\rt_:tt-------\\r","source":"WinEventLog:Security","sourcetype":"WinEventLog:Security","splunk_server":"splunk-virtual-machine"}}
{"preview":false,"result":{"Account_Domain":"miacsdomain","Account_Name":"user-01","ComputerName":"Win-10.miacsdomain.com","EventCode":"5379","EventType":"0","Keywords":"Audit Success","LogName":"Security","Logon_ID":"0x706CD","Message":"Credential Manager credentials were read.\r\n\r\nSubject:\r\n\tSecurity ID:\t\tS-1-5-21-246749117-2054088174-1189330396-1105\r\n\tAccount Name:\t\tuser-01\r\n\tAccount Domain:\t\tmiacsdomain\r\n\tLogon ID:\t\t0x706CD\r\n\tRead Operation:\t\tEnumerate Credentials\r\n\r\nThis event occurs when a user performs a read operation on stored credentials in Credential Manager.","OpCode":"Info","Read_Operation":"Enumerate Credentials","RecordNumber":"9412","Security_ID":"S-1-5-21-246749117-2054088174-1189330396-1105","SourceName":"Microsoft Windows security auditing.","TaskCategory":"User Account Management","Type":"Information","_raw":"08/24/2026 01:29:44.520 PM\nLogName=Security\nEventCode=5379\nEventType=0\nComputerName=Win-10.miacsdomain.com\nSourceName=Microsoft Windows security auditing.\nType=Information\nRecordNumber=9412\nKeywords=Audit Success\nTaskCategory=User Account Management\nOpCode=Info\nMessage=Credential Manager credentials were read.\r\n\r\nSubject:\r\n\tSecurity ID:\t\tS-1-5-21-246749117-2054088174-1189330396-1105\r\n\tAccount Name:\t\tuser-01\r\n\tAccount Domain:\t\tmiacsdomain\r\n\tLogon ID:\t\t0x706CD\r\n\tRead Operation:\t\tEnumerate Credentials\r\n\r\nThis event occurs when a user performs a read operation on stored credentials in Credential Manager.","_time":"2026-08-24T13:29:44.520+0200","host":"Win-10","index":"main","linecount":"21","punct":"//_::._====-..=___.===_=__==____.\\r\\r:\\rt_:tt-------\\r","source":"WinEventLog:Security","sourcetype":"WinEventLog:Security","splunk_server":"splunk-virtual-machine"}}
{"preview":false,"result":{"Account_Domain":"miacsdomain","Account_Name":"user-01","ComputerName":"Win-10.miacsdomain.com","EventCode":"5379","EventType":"0","Keywords":"Audit Success","LogName":"Security","Logon_ID":"0x706CD","Message":"Credential Manager credentials were read.\r\n\r\nSubject:\r\n\tSecurity ID:\t\tS-1-5-21-246749117-2054088174-1189330396-1105\r\n\tAccount Name:\t\tuser-01\r\n\tAccount Domain:\t\tmiacsdomain\r\n\tLogon ID:\t\t0x706CD\r\n\tRead Operation:\t\tEnumerate Credentials\r\n\r\nThis event occurs when a user performs a read operation on stored credentials in Credential Manager.","OpCode":"Info","Read_Operation":"Enumerate Credentials","RecordNumber":"9411","Security_ID":"S-1-5-21-246749117-2054088174-1189330396-1105","SourceName":"Microsoft Windows security auditing.","TaskCategory":"User Account Management","Type":"Information","_raw":"08/24/2026 01:29:44.520 PM\nLogName=Security\nEventCode=5379\nEventType=0\nComputerName=Win-10.miacsdomain.com\nSourceName=Microsoft Windows security auditing.\nType=Information\nRecordNumber=9411\nKeywords=Audit Success\nTaskCategory=User Account Management\nOpCode=Info\nMessage=Credential Manager credentials were read.\r\n\r\nSubject:\r\n\tSecurity ID:\t\tS-1-5-21-246749117-2054088174-1189330396-1105\r\n\tAccount Name:\t\tuser-01\r\n\tAccount Domain:\t\tmiacsdomain\r\n\tLogon ID:\t\t0x706CD\r\n\tRead Operation:\t\tEnumerate Credentials\r\n\r\nThis event occurs when a user performs a read operation on stored credentials in Credential Manager.","_time":"2026-08-24T13:29:44.520+0200","host":"Win-10","index":"main","linecount":"21","punct":"//_::._====-..=___.===_=__==____.\\r\\r:\\rt_:tt-------\\r","source":"WinEventLog:Security","sourcetype":"WinEventLog:Security","splunk_server":"splunk-virtual-machine"}}
{"preview":false,"result":{"Account_Domain":"miacsdomain","Account_Name":"user-01","ComputerName":"Win-10.miacsdomain.com","EventCode":"5379","EventType":"0","Keywords":"Audit Success","LogName":"Security","Logon_ID":"0x706CD","Message":"Credential Manager credentials were read.\r\n\r\nSubject:\r\n\tSecurity ID:\t\tS-1-5-21-246749117-2054088174-1189330396-1105\r\n\tAccount Name:\t\tuser-01\r\n\tAccount Domain:\t\tmiacsdomain\r\n\tLogon ID:\t\t0x706CD\r\n\tRead Operation:\t\tEnumerate Credentials\r\n\r\nThis event occurs when a user performs a read operation on stored credentials in Credential Manager.","OpCode":"Info","Read_Operation":"Enumerate Credentials","RecordNumber":"9410","Security_ID":"S-1-5-21-246749117-2054088174-1189330396-1105","SourceName":"Microsoft Windows security auditing.","TaskCategory":"User Account Management","Type":"Information","_raw":"08/24/2026 01:29:44.520 PM\nLogName=Security\nEventCode=5379\nEventType=0\nComputerName=Win-10.miacsdomain.com\nSourceName=Microsoft Windows security auditing.\nType=Information\nRecordNumber=9410\nKeywords=Audit Success\nTaskCategory=User Account Management\nOpCode=Info\nMessage=Credential Manager credentials were read.\r\n\r\nSubject:\r\n\tSecurity ID:\t\tS-1-5-21-246749117-2054088174-1189330396-1105\r\n\tAccount Name:\t\tuser-01\r\n\tAccount Domain:\t\tmiacsdomain\r\n\tLogon ID:\t\t0x706CD\r\n\tRead Operation:\t\tEnumerate Credentials\r\n\r\nThis event occurs when a user performs a read operation on stored credentials in Credential Manager.","_time":"2026-08-24T13:29:44.520+0200","host":"Win-10","index":"main","linecount":"21","punct":"//_::._====-..=___.===_=__==____.\\r\\r:\\rt_:tt-------\\r","source":"WinEventLog:Security","sourcetype":"WinEventLog:Security","splunk_server":"splunk-virtual-machine"}}
{"preview":false,"result":{"CommandLine":"C:\\Windows\\System32\\smartscreen.exe -Embedding","Company":"Microsoft Corporation","ComputerName":"Win-10.miacsdomain.com","CurrentDirectory":"C:\\Windows\\system32\\","Description":"Windows Defender SmartScreen","EventCode":"1","EventType":"4","FileVersion":"10.0.19041.3636 (WinBuild.160101.0800)","Hashes":"MD5=FCEF02A990181FF75D901624C992ACA8,SHA256=AB8D788E0116C9216FCA7E9F40D014E7AE2FE64123FCC81FA98AB2BCC7946B3A,IMPHASH=CE3B5F238DD7A7EBC8F28D4250477A41","Image":"C:\\Windows\\System32\\smartscreen.exe","IntegrityLevel":"Medium","Keywords":"None","LogName":"Microsoft-Windows-Sysmon/Operational","LogonGuid":"{3f87e246-2b1c-6a8c-cd06-070000000000}","LogonId":"0x706CD","Message":"Process Create:\r\nRuleName: -\r\nUtcTime: 2026-08-24 11:29:44.477\r\nProcessGuid: {3f87e246-2b28-6a8c-a300-000000001000}\r\nProcessId: 3904\r\nImage: C:\\Windows\\System32\\smartscreen.exe\r\nFileVersion: 10.0.19041.3636 (WinBuild.160101.0800)\r\nDescription: Windows Defender SmartScreen\r\nProduct: Microsoft® Windows® Operating System\r\nCompany: Microsoft Corporation\r\nOriginalFileName: smartscreen.exe\r\nCommandLine: C:\\Windows\\System32\\smartscreen.exe -Embedding\r\nCurrentDirectory: C:\\Windows\\system32\\\r\nUser: miacsdomain\\user-01\r\nLogonGuid: {3f87e246-2b1c-6a8c-cd06-070000000000}\r\nLogonId: 0x706CD\r\nTerminalSessionId: 1\r\nIntegrityLevel: Medium\r\nHashes: MD5=FCEF02A990181FF75D901624C992ACA8,SHA256=AB8D788E0116C9216FCA7E9F40D014E7AE2FE64123FCC81FA98AB2BCC7946B3A,IMPHASH=CE3B5F238DD7A7EBC8F28D4250477A41\r\nParentProcessGuid: {3f87e246-2af0-6a8c-0d00-000000001000}\r\nParentProcessId: 744\r\nParentImage: C:\\Windows\\System32\\svchost.exe\r\nParentCommandLine: C:\\Windows\\system32\\svchost.exe -k DcomLaunch -p\r\nParentUser: NT AUTHORITY\\SYSTEM","OpCode":"Info","OriginalFileName":"smartscreen.exe","ParentCommandLine":"C:\\Windows\\system32\\svchost.exe -k DcomLaunch -p","ParentImage":"C:\\Windows\\System32\\svchost.exe","ParentProcessGuid":"{3f87e246-2af0-6a8c-0d00-000000001000}","ParentProcessId":"744","ParentUser":"NT AUTHORITY\\SYSTEM","ProcessGuid":"{3f87e246-2b28-6a8c-a300-000000001000}","ProcessId":"3904","Product":"Microsoft® Windows® Operating System","RecordNumber":"14398","RuleName":"-","Sid":"S-1-5-18","SidType":"0","SourceName":"Microsoft-Windows-Sysmon","TaskCategory":"Process Create (rule: ProcessCreate)","TerminalSessionId":"1","Type":"Information","User":["NOT_TRANSLATED","miacsdomain\\user-01"],"UtcTime":"2026-08-24 11:29:44.477","_raw":"08/24/2026 01:29:44.493 PM\nLogName=Microsoft-Windows-Sysmon/Operational\nEventCode=1\nEventType=4\nComputerName=Win-10.miacsdomain.com\nUser=NOT_TRANSLATED\nSid=S-1-5-18\nSidType=0\nSourceName=Microsoft-Windows-Sysmon\nType=Information\nRecordNumber=14398\nKeywords=None\nTaskCategory=Process Create (rule: ProcessCreate)\nOpCode=Info\nMessage=Process Create:\r\nRuleName: -\r\nUtcTime: 2026-08-24 11:29:44.477\r\nProcessGuid: {3f87e246-2b28-6a8c-a300-000000001000}\r\nProcessId: 3904\r\nImage: C:\\Windows\\System32\\smartscreen.exe\r\nFileVersion: 10.0.19041.3636 (WinBuild.160101.0800)\r\nDescription: Windows Defender SmartScreen\r\nProduct: Microsoft® Windows® Operating System\r\nCompany: Microsoft Corporation\r\nOriginalFileName: smartscreen.exe\r\nCommandLine: C:\\Windows\\System32\\smartscreen.exe -Embedding\r\nCurrentDirectory: C:\\Windows\\system32\\\r\nUser: miacsdomain\\user-01\r\nLogonGuid: {3f87e246-2b1c-6a8c-cd06-070000000000}\r\nLogonId: 0x706CD\r\nTerminalSessionId: 1\r\nIntegrityLevel: Medium\r\nHashes: MD5=FCEF02A990181FF75D901624C992ACA8,SHA256=AB8D788E0116C9216FCA7E9F40D014E7AE2FE64123FCC81FA98AB2BCC7946B3A,IMPHASH=CE3B5F238DD7A7EBC8F28D4250477A41\r\nParentProcessGuid: {3f87e246-2af0-6a8c-0d00-000000001000}\r\nParentProcessId: 744\r\nParentImage: C:\\Windows\\System32\\svchost.exe\r\nParentCommandLine: C:\\Windows\\system32\\svchost.exe -k DcomLaunch -p\r\nParentUser: NT AUTHORITY\\SYSTEM","_time":"2026-08-24T13:29:44.493+0200","host":"Win-10","index":"main","linecount":"38","punct":"//_::._=--/===-..==---==--====__(:_)==_:\\r:_-\\r:_--_","source":"WinEventLog:Microsoft-Windows-Sysmon/Operational","sourcetype":"WinEventLog:Microsoft-Windows-Sysmon/Operational","splunk_server":"splunk-virtual-machine"}}
{"preview":false,"result":{"Archived":"true","ComputerName":"Win-10.miacsdomain.com","EventCode":"23","EventType":"4","Hashes":"MD5=A0BF7857509C9BD871B83C370A265E73,SHA256=AECACB2C38B84CEB45714626F1410A07220E3B70043E67984D60FC2BC65BBE8A,IMPHASH=00000000000000000000000000000000","Image":"C:\\Windows\\System32\\RuntimeBroker.exe","IsExecutable":"false","Keywords":"None","LogName":"Microsoft-Windows-Sysmon/Operational","Message":"File Delete archived:\r\nRuleName: -\r\nUtcTime: 2026-08-24 11:29:44.138\r\nProcessGuid: {3f87e246-2b1e-6a8c-9a00-000000001000}\r\nProcessId: 4532\r\nUser: miacsdomain\\user-01\r\nImage: C:\\Windows\\System32\\RuntimeBroker.exe\r\nTargetFilename: C:\\Users\\user-01\\AppData\\Local\\Packages\\Microsoft.Windows.Search_cw5n1h2txyewy\\LocalState\\ConstraintIndex\\Apps_{8e805849-a7a2-4c6f-9587-7a7de6b61eac}\\Apps.index\r\nHashes: MD5=A0BF7857509C9BD871B83C370A265E73,SHA256=AECACB2C38B84CEB45714626F1410A07220E3B70043E67984D60FC2BC65BBE8A,IMPHASH=00000000000000000000000000000000\r\nIsExecutable: false\r\nArchived: true","OpCode":"Info","ProcessGuid":"{3f87e246-2b1e-6a8c-9a00-000000001000}","ProcessId":"4532","RecordNumber":"14397","RuleName":"-","Sid":"S-1-5-18","SidType":"0","SourceName":"Microsoft-Windows-Sysmon","TargetFilename":"C:\\Users\\user-01\\AppData\\Local\\Packages\\Microsoft.Windows.Search_cw5n1h2txyewy\\LocalState\\ConstraintIndex\\Apps_{8e805849-a7a2-4c6f-9587-7a7de6b61eac}\\Apps.index","TaskCategory":"File Delete archived (rule: FileDelete)","Type":"Information","User":["NOT_TRANSLATED","miacsdomain\\user-01"],"UtcTime":"2026-08-24 11:29:44.138","_raw":"08/24/2026 01:29:44.145 PM\nLogName=Microsoft-Windows-Sysmon/Operational\nEventCode=23\nEventType=4\nComputerName=Win-10.miacsdomain.com\nUser=NOT_TRANSLATED\nSid=S-1-5-18\nSidType=0\nSourceName=Microsoft-Windows-Sysmon\nType=Information\nRecordNumber=14397\nKeywords=None\nTaskCategory=File Delete archived (rule: FileDelete)\nOpCode=Info\nMessage=File Delete archived:\r\nRuleName: -\r\nUtcTime: 2026-08-24 11:29:44.138\r\nProcessGuid: {3f87e246-2b1e-6a8c-9a00-000000001000}\r\nProcessId: 4532\r\nUser: miacsdomain\\user-01\r\nImage: C:\\Windows\\System32\\RuntimeBroker.exe\r\nTargetFilename: C:\\Users\\user-01\\AppData\\Local\\Packages\\Microsoft.Windows.Search_cw5n1h2txyewy\\LocalState\\ConstraintIndex\\Apps_{8e805849-a7a2-4c6f-9587-7a7de6b61eac}\\Apps.index\r\nHashes: MD5=A0BF7857509C9BD871B83C370A265E73,SHA256=AECACB2C38B84CEB45714626F1410A07220E3B70043E67984D60FC2BC65BBE8A,IMPHASH=00000000000000000000000000000000\r\nIsExecutable: false\r\nArchived: true","_time":"2026-08-24T13:29:44.145+0200","host":"Win-10","index":"main","linecount":"25","punct":"//_::._=--/===-..==---==--====___(:_)==__:\\r:_-\\r:_-","source":"WinEventLog:Microsoft-Windows-Sysmon/Operational","sourcetype":"WinEventLog:Microsoft-Windows-Sysmon/Operational","splunk_server":"splunk-virtual-machine"}}
{"preview":false,"result":{"Archived":"true","ComputerName":"Win-10.miacsdomain.com","EventCode":"23","EventType":"4","Hashes":"MD5=A0BF7857509C9BD871B83C370A265E73,SHA256=AECACB2C38B84CEB45714626F1410A07220E3B70043E67984D60FC2BC65BBE8A,IMPHASH=00000000000000000000000000000000","Image":"C:\\Windows\\System32\\RuntimeBroker.exe","IsExecutable":"false","Keywords":"None","LogName":"Microsoft-Windows-Sysmon/Operational","Message":"File Delete archived:\r\nRuleName: -\r\nUtcTime: 2026-08-24 11:29:44.138\r\nProcessGuid: {3f87e246-2b1e-6a8c-9a00-000000001000}\r\nProcessId: 4532\r\nUser: miacsdomain\\user-01\r\nImage: C:\\Windows\\System32\\RuntimeBroker.exe\r\nTargetFilename: C:\\Users\\user-01\\AppData\\Local\\Packages\\Microsoft.Windows.Search_cw5n1h2txyewy\\LocalState\\ConstraintIndex\\Apps_{19621a25-5864-4cfd-81eb-50c6bb171ce2}\\Apps.index\r\nHashes: MD5=A0BF7857509C9BD871B83C370A265E73,SHA256=AECACB2C38B84CEB45714626F1410A07220E3B70043E67984D60FC2BC65BBE8A,IMPHASH=00000000000000000000000000000000\r\nIsExecutable: false\r\nArchived: true","OpCode":"Info","ProcessGuid":"{3f87e246-2b1e-6a8c-9a00-000000001000}","ProcessId":"4532","RecordNumber":"14396","RuleName":"-","Sid":"S-1-5-18","SidType":"0","SourceName":"Microsoft-Windows-Sysmon","TargetFilename":"C:\\Users\\user-01\\AppData\\Local\\Packages\\Microsoft.Windows.Search_cw5n1h2txyewy\\LocalState\\ConstraintIndex\\Apps_{19621a25-5864-4cfd-81eb-50c6bb171ce2}\\Apps.index","TaskCategory":"File Delete archived (rule: FileDelete)","Type":"Information","User":["NOT_TRANSLATED","miacsdomain\\user-01"],"UtcTime":"2026-08-24 11:29:44.138","_raw":"08/24/2026 01:29:44.145 PM\nLogName=Microsoft-Windows-Sysmon/Operational\nEventCode=23\nEventType=4\nComputerName=Win-10.miacsdomain.com\nUser=NOT_TRANSLATED\nSid=S-1-5-18\nSidType=0\nSourceName=Microsoft-Windows-Sysmon\nType=Information\nRecordNumber=14396\nKeywords=None\nTaskCategory=File Delete archived (rule: FileDelete)\nOpCode=Info\nMessage=File Delete archived:\r\nRuleName: -\r\nUtcTime: 2026-08-24 11:29:44.138\r\nProcessGuid: {3f87e246-2b1e-6a8c-9a00-000000001000}\r\nProcessId: 4532\r\nUser: miacsdomain\\user-01\r\nImage: C:\\Windows\\System32\\RuntimeBroker.exe\r\nTargetFilename: C:\\Users\\user-01\\AppData\\Local\\Packages\\Microsoft.Windows.Search_cw5n1h2txyewy\\LocalState\\ConstraintIndex\\Apps_{19621a25-5864-4cfd-81eb-50c6bb171ce2}\\Apps.index\r\nHashes: MD5=A0BF7857509C9BD871B83C370A265E73,SHA256=AECACB2C38B84CEB45714626F1410A07220E3B70043E67984D60FC2BC65BBE8A,IMPHASH=00000000000000000000000000000000\r\nIsExecutable: false\r\nArchived: true","_time":"2026-08-24T13:29:44.145+0200","host":"Win-10","index":"main","linecount":"25","punct":"//_::._=--/===-..==---==--====___(:_)==__:\\r:_-\\r:_-","source":"WinEventLog:Microsoft-Windows-Sysmon/Operational","sourcetype":"WinEventLog:Microsoft-Windows-Sysmon/Operational","splunk_server":"splunk-virtual-machine"}}
{"preview":false,"result":{"Archived":"true","ComputerName":"Win-10.miacsdomain.com","EventCode":"23","EventType":"4","Hashes":"MD5=322CD42C6B2E3A2643DC92114A66972B,SHA256=A27968B5AF5023E52BC36F0A8953464BDCD7CB010317FA56AFB943A3814788F7,IMPHASH=00000000000000000000000000000000","Image":"C:\\Windows\\System32\\RuntimeBroker.exe","IsExecutable":"false","Keywords":"None","LogName":"Microsoft-Windows-Sysmon/Operational","Message":"File Delete archived:\r\nRuleName: -\r\nUtcTime: 2026-08-24 11:29:44.122\r\nProcessGuid: {3f87e246-2b1e-6a8c-9a00-000000001000}\r\nProcessId: 4532\r\nUser: miacsdomain\\user-01\r\nImage: C:\\Windows\\System32\\RuntimeBroker.exe\r\nTargetFilename: C:\\Users\\user-01\\AppData\\Local\\Packages\\Microsoft.Windows.Search_cw5n1h2txyewy\\LocalState\\ConstraintIndex\\Apps_{8e805849-a7a2-4c6f-9587-7a7de6b61eac}\\Apps.ft\r\nHashes: MD5=322CD42C6B2E3A2643DC92114A66972B,SHA256=A27968B5AF5023E52BC36F0A8953464BDCD7CB010317FA56AFB943A3814788F7,IMPHASH=00000000000000000000000000000000\r\nIsExecutable: false\r\nArchived: true","OpCode":"Info","ProcessGuid":"{3f87e246-2b1e-6a8c-9a00-000000001000}","ProcessId":"4532","RecordNumber":"14395","RuleName":"-","Sid":"S-1-5-18","SidType":"0","SourceName":"Microsoft-Windows-Sysmon","TargetFilename":"C:\\Users\\user-01\\AppData\\Local\\Packages\\Microsoft.Windows.Search_cw5n1h2txyewy\\LocalState\\ConstraintIndex\\Apps_{8e805849-a7a2-4c6f-9587-7a7de6b61eac}\\Apps.ft","TaskCategory":"File Delete archived (rule: FileDelete)","Type":"Information","User":["NOT_TRANSLATED","miacsdomain\\user-01"],"UtcTime":"2026-08-24 11:29:44.122","_raw":"08/24/2026 01:29:44.137 PM\nLogName=Microsoft-Windows-Sysmon/Operational\nEventCode=23\nEventType=4\nComputerName=Win-10.miacsdomain.com\nUser=NOT_TRANSLATED\nSid=S-1-5-18\nSidType=0\nSourceName=Microsoft-Windows-Sysmon\nType=Information\nRecordNumber=14395\nKeywords=None\nTaskCategory=File Delete archived (rule: FileDelete)\nOpCode=Info\nMessage=File Delete archived:\r\nRuleName: -\r\nUtcTime: 2026-08-24 11:29:44.122\r\nProcessGuid: {3f87e246-2b1e-6a8c-9a00-000000001000}\r\nProcessId: 4532\r\nUser: miacsdomain\\user-01\r\nImage: C:\\Windows\\System32\\RuntimeBroker.exe\r\nTargetFilename: C:\\Users\\user-01\\AppData\\Local\\Packages\\Microsoft.Windows.Search_cw5n1h2txyewy\\LocalState\\ConstraintIndex\\Apps_{8e805849-a7a2-4c6f-9587-7a7de6b61eac}\\Apps.ft\r\nHashes: MD5=322CD42C6B2E3A2643DC92114A66972B,SHA256=A27968B5AF5023E52BC36F0A8953464BDCD7CB010317FA56AFB943A3814788F7,IMPHASH=00000000000000000000000000000000\r\nIsExecutable: false\r\nArchived: true","_time":"2026-08-24T13:29:44.137+0200","host":"Win-10","index":"main","linecount":"25","punct":"//_::._=--/===-..==---==--====___(:_)==__:\\r:_-\\r:_-","source":"WinEventLog:Microsoft-Windows-Sysmon/Operational","sourcetype":"WinEventLog:Microsoft-Windows-Sysmon/Operational","splunk_server":"splunk-virtual-machine"}}
{"preview":false,"result":{"Archived":"true","ComputerName":"Win-10.miacsdomain.com","EventCode":"23","EventType":"4","Hashes":"MD5=322CD42C6B2E3A2643DC92114A66972B,SHA256=A27968B5AF5023E52BC36F0A8953464BDCD7CB010317FA56AFB943A3814788F7,IMPHASH=00000000000000000000000000000000","Image":"C:\\Windows\\System32\\RuntimeBroker.exe","IsExecutable":"false","Keywords":"None","LogName":"Microsoft-Windows-Sysmon/Operational","Message":"File Delete archived:\r\nRuleName: -\r\nUtcTime: 2026-08-24 11:29:44.122\r\nProcessGuid: {3f87e246-2b1e-6a8c-9a00-000000001000}\r\nProcessId: 4532\r\nUser: miacsdomain\\user-01\r\nImage: C:\\Windows\\System32\\RuntimeBroker.exe\r\nTargetFilename: C:\\Users\\user-01\\AppData\\Local\\Packages\\Microsoft.Windows.Search_cw5n1h2txyewy\\LocalState\\ConstraintIndex\\Apps_{19621a25-5864-4cfd-81eb-50c6bb171ce2}\\Apps.ft\r\nHashes: MD5=322CD42C6B2E3A2643DC92114A66972B,SHA256=A27968B5AF5023E52BC36F0A8953464BDCD7CB010317FA56AFB943A3814788F7,IMPHASH=00000000000000000000000000000000\r\nIsExecutable: false\r\nArchived: true","OpCode":"Info","ProcessGuid":"{3f87e246-2b1e-6a8c-9a00-000000001000}","ProcessId":"4532","RecordNumber":"14394","RuleName":"-","Sid":"S-1-5-18","SidType":"0","SourceName":"Microsoft-Windows-Sysmon","TargetFilename":"C:\\Users\\user-01\\AppData\\Local\\Packages\\Microsoft.Windows.Search_cw5n1h2txyewy\\LocalState\\ConstraintIndex\\Apps_{19621a25-5864-4cfd-81eb-50c6bb171ce2}\\Apps.ft","TaskCategory":"File Delete archived (rule: FileDelete)","Type":"Information","User":["NOT_TRANSLATED","miacsdomain\\user-01"],"UtcTime":"2026-08-24 11:29:44.122","_raw":"08/24/2026 01:29:44.136 PM\nLogName=Microsoft-Windows-Sysmon/Operational\nEventCode=23\nEventType=4\nComputerName=Win-10.miacsdomain.com\nUser=NOT_TRANSLATED\nSid=S-1-5-18\nSidType=0\nSourceName=Microsoft-Windows-Sysmon\nType=Information\nRecordNumber=14394\nKeywords=None\nTaskCategory=File Delete archived (rule: FileDelete)\nOpCode=Info\nMessage=File Delete archived:\r\nRuleName: -\r\nUtcTime: 2026-08-24 11:29:44.122\r\nProcessGuid: {3f87e246-2b1e-6a8c-9a00-000000001000}\r\nProcessId: 4532\r\nUser: miacsdomain\\user-01\r\nImage: C:\\Windows\\System32\\RuntimeBroker.exe\r\nTargetFilename: C:\\Users\\user-01\\AppData\\Local\\Packages\\Microsoft.Windows.Search_cw5n1h2txyewy\\LocalState\\ConstraintIndex\\Apps_{19621a25-5864-4cfd-81eb-50c6bb171ce2}\\Apps.ft\r\nHashes: MD5=322CD42C6B2E3A2643DC92114A66972B,SHA256=A27968B5AF5023E52BC36F0A8953464BDCD7CB010317FA56AFB943A3814788F7,IMPHASH=00000000000000000000000000000000\r\nIsExecutable: false\r\nArchived: true","_time":"2026-08-24T13:29:44.136+0200","host":"Win-10","index":"main","linecount":"25","punct":"//_::._=--/===-..==---==--====___(:_)==__:\\r:_-\\r:_-","source":"WinEventLog:Microsoft-Windows-Sysmon/Operational","sourcetype":"WinEventLog:Microsoft-Windows-Sysmon/Operational","splunk_server":"splunk-virtual-machine"}}
{"preview":false,"result":{"Archived":"true","ComputerName":"Win-10.miacsdomain.com","EventCode":"23","EventType":"4","Hashes":"MD5=C204E9FAAF8565AD333828BEFF2D786E,SHA256=D65B6A3BF11A27A1CED1F7E98082246E40CF01289FD47FE4A5ED46C221F2F73F,IMPHASH=00000000000000000000000000000000","Image":"C:\\Windows\\System32\\RuntimeBroker.exe","IsExecutable":"false","Keywords":"None","LogName":"Microsoft-Windows-Sysmon/Operational","Message":"File Delete archived:\r\nRuleName: -\r\nUtcTime: 2026-08-24 11:29:44.122\r\nProcessGuid: {3f87e246-2b1e-6a8c-9a00-000000001000}\r\nProcessId: 4532\r\nUser: miacsdomain\\user-01\r\nImage: C:\\Windows\\System32\\RuntimeBroker.exe\r\nTargetFilename: C:\\Users\\user-01\\AppData\\Local\\Packages\\Microsoft.Windows.Search_cw5n1h2txyewy\\LocalState\\ConstraintIndex\\Apps_{8e805849-a7a2-4c6f-9587-7a7de6b61eac}\\0.2.filtertrie.intermediate.txt\r\nHashes: MD5=C204E9FAAF8565AD333828BEFF2D786E,SHA256=D65B6A3BF11A27A1CED1F7E98082246E40CF01289FD47FE4A5ED46C221F2F73F,IMPHASH=00000000000000000000000000000000\r\nIsExecutable: false\r\nArchived: true","OpCode":"Info","ProcessGuid":"{3f87e246-2b1e-6a8c-9a00-000000001000}","ProcessId":"4532","RecordNumber":"14393","RuleName":"-","Sid":"S-1-5-18","SidType":"0","SourceName":"Microsoft-Windows-Sysmon","TargetFilename":"C:\\Users\\user-01\\AppData\\Local\\Packages\\Microsoft.Windows.Search_cw5n1h2txyewy\\LocalState\\ConstraintIndex\\Apps_{8e805849-a7a2-4c6f-9587-7a7de6b61eac}\\0.2.filtertrie.intermediate.txt","TaskCategory":"File Delete archived (rule: FileDelete)","Type":"Information","User":["NOT_TRANSLATED","miacsdomain\\user-01"],"UtcTime":"2026-08-24 11:29:44.122","_raw":"08/24/2026 01:29:44.133 PM\nLogName=Microsoft-Windows-Sysmon/Operational\nEventCode=23\nEventType=4\nComputerName=Win-10.miacsdomain.com\nUser=NOT_TRANSLATED\nSid=S-1-5-18\nSidType=0\nSourceName=Microsoft-Windows-Sysmon\nType=Information\nRecordNumber=14393\nKeywords=None\nTaskCategory=File Delete archived (rule: FileDelete)\nOpCode=Info\nMessage=File Delete archived:\r\nRuleName: -\r\nUtcTime: 2026-08-24 11:29:44.122\r\nProcessGuid: {3f87e246-2b1e-6a8c-9a00-000000001000}\r\nProcessId: 4532\r\nUser: miacsdomain\\user-01\r\nImage: C:\\Windows\\System32\\RuntimeBroker.exe\r\nTargetFilename: C:\\Users\\user-01\\AppData\\Local\\Packages\\Microsoft.Windows.Search_cw5n1h2txyewy\\LocalState\\ConstraintIndex\\Apps_{8e805849-a7a2-4c6f-9587-7a7de6b61eac}\\0.2.filtertrie.intermediate.txt\r\nHashes: MD5=C204E9FAAF8565AD333828BEFF2D786E,SHA256=D65B6A3BF11A27A1CED1F7E98082246E40CF01289FD47FE4A5ED46C221F2F73F,IMPHASH=00000000000000000000000000000000\r\nIsExecutable: false\r\nArchived: true","_time":"2026-08-24T13:29:44.133+0200","host":"Win-10","index":"main","linecount":"25","punct":"//_::._=--/===-..==---==--====___(:_)==__:\\r:_-\\r:_-","source":"WinEventLog:Microsoft-Windows-Sysmon/Operational","sourcetype":"WinEventLog:Microsoft-Windows-Sysmon/Operational","splunk_server":"splunk-virtual-machine"}}
{"preview":false,"result":{"Archived":"true","ComputerName":"Win-10.miacsdomain.com","EventCode":"23","EventType":"4","Hashes":"MD5=C204E9FAAF8565AD333828BEFF2D786E,SHA256=D65B6A3BF11A27A1CED1F7E98082246E40CF01289FD47FE4A5ED46C221F2F73F,IMPHASH=00000000000000000000000000000000","Image":"C:\\Windows\\System32\\RuntimeBroker.exe","IsExecutable":"false","Keywords":"None","LogName":"Microsoft-Windows-Sysmon/Operational","Message":"File Delete archived:\r\nRuleName: -\r\nUtcTime: 2026-08-24 11:29:44.122\r\nProcessGuid: {3f87e246-2b1e-6a8c-9a00-000000001000}\r\nProcessId: 4532\r\nUser: miacsdomain\\user-01\r\nImage: C:\\Windows\\System32\\RuntimeBroker.exe\r\nTargetFilename: C:\\Users\\user-01\\AppData\\Local\\Packages\\Microsoft.Windows.Search_cw5n1h2txyewy\\LocalState\\ConstraintIndex\\Apps_{19621a25-5864-4cfd-81eb-50c6bb171ce2}\\0.2.filtertrie.intermediate.txt\r\nHashes: MD5=C204E9FAAF8565AD333828BEFF2D786E,SHA256=D65B6A3BF11A27A1CED1F7E98082246E40CF01289FD47FE4A5ED46C221F2F73F,IMPHASH=00000000000000000000000000000000\r\nIsExecutable: false\r\nArchived: true","OpCode":"Info","ProcessGuid":"{3f87e246-2b1e-6a8c-9a00-000000001000}","ProcessId":"4532","RecordNumber":"14392","RuleName":"-","Sid":"S-1-5-18","SidType":"0","SourceName":"Microsoft-Windows-Sysmon","TargetFilename":"C:\\Users\\user-01\\AppData\\Local\\Packages\\Microsoft.Windows.Search_cw5n1h2txyewy\\LocalState\\ConstraintIndex\\Apps_{19621a25-5864-4cfd-81eb-50c6bb171ce2}\\0.2.filtertrie.intermediate.txt","TaskCategory":"File Delete archived (rule: FileDelete)","Type":"Information","User":["NOT_TRANSLATED","miacsdomain\\user-01"],"UtcTime":"2026-08-24 11:29:44.122","_raw":"08/24/2026 01:29:44.133 PM\nLogName=Microsoft-Windows-Sysmon/Operational\nEventCode=23\nEventType=4\nComputerName=Win-10.miacsdomain.com\nUser=NOT_TRANSLATED\nSid=S-1-5-18\nSidType=0\nSourceName=Microsoft-Windows-Sysmon\nType=Information\nRecordNumber=14392\nKeywords=None\nTaskCategory=File Delete archived (rule: FileDelete)\nOpCode=Info\nMessage=File Delete archived:\r\nRuleName: -\r\nUtcTime: 2026-08-24 11:29:44.122\r\nProcessGuid: {3f87e246-2b1e-6a8c-9a00-000000001000}\r\nProcessId: 4532\r\nUser: miacsdomain\\user-01\r\nImage: C:\\Windows\\System32\\RuntimeBroker.exe\r\nTargetFilename: C:\\Users\\user-01\\AppData\\Local\\Packages\\Microsoft.Windows.Search_cw5n1h2txyewy\\LocalState\\ConstraintIndex\\Apps_{19621a25-5864-4cfd-81eb-50c6bb171ce2}\\0.2.filtertrie.intermediate.txt\r\nHashes: MD5=C204E9FAAF8565AD333828BEFF2D786E,SHA256=D65B6A3BF11A27A1CED1F7E98082246E40CF01289FD47FE4A5ED46C221F2F73F,IMPHASH=00000000000000000000000000000000\r\nIsExecutable: false\r\nArchived: true","_time":"2026-08-24T13:29:44.133+0200","host":"Win-10","index":"main","linecount":"25","punct":"//_::._=--/===-..==---==--====___(:_)==__:\\r:_-\\r:_-","source":"WinEventLog:Microsoft-Windows-Sysmon/Operational","sourcetype":"WinEventLog:Microsoft-Windows-Sysmon/Operational","splunk_server":"splunk-virtual-machine"}}
{"preview":false,"result":{"Archived":"true","ComputerName":"Win-10.miacsdomain.com","EventCode":"23","EventType":"4","Hashes":"MD5=34BD1DFB9F72CF4F86E6DF6DA0A9E49A,SHA256=8E1E6A3D56796A245D0C7B0849548932FEE803BBDB03F6E289495830E017F14C,IMPHASH=00000000000000000000000000000000","Image":"C:\\Windows\\System32\\RuntimeBroker.exe","IsExecutable":"false","Keywords":"None","LogName":"Microsoft-Windows-Sysmon/Operational","Message":"File Delete archived:\r\nRuleName: -\r\nUtcTime: 2026-08-24 11:29:44.122\r\nProcessGuid: {3f87e246-2b1e-6a8c-9a00-000000001000}\r\nProcessId: 4532\r\nUser: miacsdomain\\user-01\r\nImage: C:\\Windows\\System32\\RuntimeBroker.exe\r\nTargetFilename: C:\\Users\\user-01\\AppData\\Local\\Packages\\Microsoft.Windows.Search_cw5n1h2txyewy\\LocalState\\ConstraintIndex\\Apps_{8e805849-a7a2-4c6f-9587-7a7de6b61eac}\\0.1.filtertrie.intermediate.txt\r\nHashes: MD5=34BD1DFB9F72CF4F86E6DF6DA0A9E49A,SHA256=8E1E6A3D56796A245D0C7B0849548932FEE803BBDB03F6E289495830E017F14C,IMPHASH=00000000000000000000000000000000\r\nIsExecutable: false\r\nArchived: true","OpCode":"Info","ProcessGuid":"{3f87e246-2b1e-6a8c-9a00-000000001000}","ProcessId":"4532","RecordNumber":"14391","RuleName":"-","Sid":"S-1-5-18","SidType":"0","SourceName":"Microsoft-Windows-Sysmon","TargetFilename":"C:\\Users\\user-01\\AppData\\Local\\Packages\\Microsoft.Windows.Search_cw5n1h2txyewy\\LocalState\\ConstraintIndex\\Apps_{8e805849-a7a2-4c6f-9587-7a7de6b61eac}\\0.1.filtertrie.intermediate.txt","TaskCategory":"File Delete archived (rule: FileDelete)","Type":"Information","User":["NOT_TRANSLATED","miacsdomain\\user-01"],"UtcTime":"2026-08-24 11:29:44.122","_raw":"08/24/2026 01:29:44.130 PM\nLogName=Microsoft-Windows-Sysmon/Operational\nEventCode=23\nEventType=4\nComputerName=Win-10.miacsdomain.com\nUser=NOT_TRANSLATED\nSid=S-1-5-18\nSidType=0\nSourceName=Microsoft-Windows-Sysmon\nType=Information\nRecordNumber=14391\nKeywords=None\nTaskCategory=File Delete archived (rule: FileDelete)\nOpCode=Info\nMessage=File Delete archived:\r\nRuleName: -\r\nUtcTime: 2026-08-24 11:29:44.122\r\nProcessGuid: {3f87e246-2b1e-6a8c-9a00-000000001000}\r\nProcessId: 4532\r\nUser: miacsdomain\\user-01\r\nImage: C:\\Windows\\System32\\RuntimeBroker.exe\r\nTargetFilename: C:\\Users\\user-01\\AppData\\Local\\Packages\\Microsoft.Windows.Search_cw5n1h2txyewy\\LocalState\\ConstraintIndex\\Apps_{8e805849-a7a2-4c6f-9587-7a7de6b61eac}\\0.1.filtertrie.intermediate.txt\r\nHashes: MD5=34BD1DFB9F72CF4F86E6DF6DA0A9E49A,SHA256=8E1E6A3D56796A245D0C7B0849548932FEE803BBDB03F6E289495830E017F14C,IMPHASH=00000000000000000000000000000000\r\nIsExecutable: false\r\nArchived: true","_time":"2026-08-24T13:29:44.130+0200","host":"Win-10","index":"main","linecount":"25","punct":"//_::._=--/===-..==---==--====___(:_)==__:\\r:_-\\r:_-","source":"WinEventLog:Microsoft-Windows-Sysmon/Operational","sourcetype":"WinEventLog:Microsoft-Windows-Sysmon/Operational","splunk_server":"splunk-virtual-machine"}}
