{"preview":false,"result":{"ComputerName":"Win-10.miacsdomain.com","Details":"C:\\Users\\user-01\\AppData\\Local\\Microsoft\\OneDrive\\19.043.0304.0013\\FileSyncShell.dll","EventCode":"13","EventType":["4","SetValue"],"Image":"C:\\Users\\user-01\\AppData\\Local\\Microsoft\\OneDrive\\OneDrive.exe","Keywords":"None","LogName":"Microsoft-Windows-Sysmon/Operational","Message":"Registry value set:\r\nRuleName: T1122\r\nEventType: SetValue\r\nUtcTime: 2026-08-24 11:29:45.388\r\nProcessGuid: {3f87e246-2b28-6a8c-a600-000000001000}\r\nProcessId: 5072\r\nImage: C:\\Users\\user-01\\AppData\\Local\\Microsoft\\OneDrive\\OneDrive.exe\r\nTargetObject: HKU\\S-1-5-21-246749117-2054088174-1189330396-1105_Classes\\WOW6432Node\\CLSID\\{F241C880-6982-4CE5-8CF7-7085BA96DA5A}\\InprocServer32\\(Default)\r\nDetails: C:\\Users\\user-01\\AppData\\Local\\Microsoft\\OneDrive\\19.043.0304.0013\\FileSyncShell.dll\r\nUser: miacsdomain\\user-01","OpCode":"Info","ProcessGuid":"{3f87e246-2b28-6a8c-a600-000000001000}","ProcessId":"5072","RecordNumber":"14417","RuleName":"T1122","Sid":"S-1-5-18","SidType":"0","SourceName":"Microsoft-Windows-Sysmon","TargetObject":"HKU\\S-1-5-21-246749117-2054088174-1189330396-1105_Classes\\WOW6432Node\\CLSID\\{F241C880-6982-4CE5-8CF7-7085BA96DA5A}\\InprocServer32\\(Default)","TaskCategory":"Registry value set (rule: RegistryEvent)","Type":"Information","User":["NOT_TRANSLATED","miacsdomain\\user-01"],"UtcTime":"2026-08-24 11:29:45.388","_raw":"08/24/2026 01:29:45.412 PM\nLogName=Microsoft-Windows-Sysmon/Operational\nEventCode=13\nEventType=4\nComputerName=Win-10.miacsdomain.com\nUser=NOT_TRANSLATED\nSid=S-1-5-18\nSidType=0\nSourceName=Microsoft-Windows-Sysmon\nType=Information\nRecordNumber=14417\nKeywords=None\nTaskCategory=Registry value set (rule: RegistryEvent)\nOpCode=Info\nMessage=Registry value set:\r\nRuleName: T1122\r\nEventType: SetValue\r\nUtcTime: 2026-08-24 11:29:45.388\r\nProcessGuid: {3f87e246-2b28-6a8c-a600-000000001000}\r\nProcessId: 5072\r\nImage: C:\\Users\\user-01\\AppData\\Local\\Microsoft\\OneDrive\\OneDrive.exe\r\nTargetObject: HKU\\S-1-5-21-246749117-2054088174-1189330396-1105_Classes\\WOW6432Node\\CLSID\\{F241C880-6982-4CE5-8CF7-7085BA96DA5A}\\InprocServer32\\(Default)\r\nDetails: C:\\Users\\user-01\\AppData\\Local\\Microsoft\\OneDrive\\19.043.0304.0013\\FileSyncShell.dll\r\nUser: miacsdomain\\user-01","_time":"2026-08-24T13:29:45.412+0200","host":"Win-10","index":"main","linecount":"24","punct":"//_::._=--/===-..==---==--====___(:_)==__:\\r:_\\r:_\\r:","source":"WinEventLog:Microsoft-Windows-Sysmon/Operational","sourcetype":"WinEventLog:Microsoft-Windows-Sysmon/Operational","splunk_server":"splunk-virtual-machine"}}
{"preview":false,"result":{"ComputerName":"Win-10.miacsdomain.com","Details":"C:\\Users\\user-01\\AppData\\Local\\Microsoft\\OneDrive\\19.043.0304.0013\\amd64\\FileSyncShell64.dll","EventCode":"13","EventType":["4","SetValue"],"Image":"C:\\Users\\user-01\\AppData\\Local\\Microsoft\\OneDrive\\OneDrive.exe","Keywords":"None","LogName":"Microsoft-Windows-Sysmon/Operational","Message":"Registry value set:\r\nRuleName: T1122\r\nEventType: SetValue\r\nUtcTime: 2026-08-24 11:29:45.388\r\nProcessGuid: {3f87e246-2b28-6a8c-a600-000000001000}\r\nProcessId: 5072\r\nImage: C:\\Users\\user-01\\AppData\\Local\\Microsoft\\OneDrive\\OneDrive.exe\r\nTargetObject: HKU\\S-1-5-21-246749117-2054088174-1189330396-1105_Classes\\CLSID\\{F241C880-6982-4CE5-8CF7-7085BA96DA5A}\\InprocServer32\\(Default)\r\nDetails: C:\\Users\\user-01\\AppData\\Local\\Microsoft\\OneDrive\\19.043.0304.0013\\amd64\\FileSyncShell64.dll\r\nUser: miacsdomain\\user-01","OpCode":"Info","ProcessGuid":"{3f87e246-2b28-6a8c-a600-000000001000}","ProcessId":"5072","RecordNumber":"14416","RuleName":"T1122","Sid":"S-1-5-18","SidType":"0","SourceName":"Microsoft-Windows-Sysmon","TargetObject":"HKU\\S-1-5-21-246749117-2054088174-1189330396-1105_Classes\\CLSID\\{F241C880-6982-4CE5-8CF7-7085BA96DA5A}\\InprocServer32\\(Default)","TaskCategory":"Registry value set (rule: RegistryEvent)","Type":"Information","User":["NOT_TRANSLATED","miacsdomain\\user-01"],"UtcTime":"2026-08-24 11:29:45.388","_raw":"08/24/2026 01:29:45.412 PM\nLogName=Microsoft-Windows-Sysmon/Operational\nEventCode=13\nEventType=4\nComputerName=Win-10.miacsdomain.com\nUser=NOT_TRANSLATED\nSid=S-1-5-18\nSidType=0\nSourceName=Microsoft-Windows-Sysmon\nType=Information\nRecordNumber=14416\nKeywords=None\nTaskCategory=Registry value set (rule: RegistryEvent)\nOpCode=Info\nMessage=Registry value set:\r\nRuleName: T1122\r\nEventType: SetValue\r\nUtcTime: 2026-08-24 11:29:45.388\r\nProcessGuid: {3f87e246-2b28-6a8c-a600-000000001000}\r\nProcessId: 5072\r\nImage: C:\\Users\\user-01\\AppData\\Local\\Microsoft\\OneDrive\\OneDrive.exe\r\nTargetObject: HKU\\S-1-5-21-246749117-2054088174-1189330396-1105_Classes\\CLSID\\{F241C880-6982-4CE5-8CF7-7085BA96DA5A}\\InprocServer32\\(Default)\r\nDetails: C:\\Users\\user-01\\AppData\\Local\\Microsoft\\OneDrive\\19.043.0304.0013\\amd64\\FileSyncShell64.dll\r\nUser: miacsdomain\\user-01","_time":"2026-08-24T13:29:45.412+0200","host":"Win-10","index":"main","linecount":"24","punct":"//_::._=--/===-..==---==--====___(:_)==__:\\r:_\\r:_\\r:","source":"WinEventLog:Microsoft-Windows-Sysmon/Operational","sourcetype":"WinEventLog:Microsoft-Windows-Sysmon/Operational","splunk_server":"splunk-virtual-machine"}}
{"preview":false,"result":{"ComputerName":"Win-10.miacsdomain.com","Details":"C:\\Users\\user-01\\AppData\\Local\\Microsoft\\OneDrive\\19.043.0304.0013\\FileSyncShell.dll","EventCode":"13","EventType":["4","SetValue"],"Image":"C:\\Users\\user-01\\AppData\\Local\\Microsoft\\OneDrive\\OneDrive.exe","Keywords":"None","LogName":"Microsoft-Windows-Sysmon/Operational","Message":"Registry value set:\r\nRuleName: T1122\r\nEventType: SetValue\r\nUtcTime: 2026-08-24 11:29:45.388\r\nProcessGuid: {3f87e246-2b28-6a8c-a600-000000001000}\r\nProcessId: 5072\r\nImage: C:\\Users\\user-01\\AppData\\Local\\Microsoft\\OneDrive\\OneDrive.exe\r\nTargetObject: HKU\\S-1-5-21-246749117-2054088174-1189330396-1105_Classes\\WOW6432Node\\CLSID\\{A0396A93-DC06-4AEF-BEE9-95FFCCAEF20E}\\InprocServer32\\(Default)\r\nDetails: C:\\Users\\user-01\\AppData\\Local\\Microsoft\\OneDrive\\19.043.0304.0013\\FileSyncShell.dll\r\nUser: miacsdomain\\user-01","OpCode":"Info","ProcessGuid":"{3f87e246-2b28-6a8c-a600-000000001000}","ProcessId":"5072","RecordNumber":"14415","RuleName":"T1122","Sid":"S-1-5-18","SidType":"0","SourceName":"Microsoft-Windows-Sysmon","TargetObject":"HKU\\S-1-5-21-246749117-2054088174-1189330396-1105_Classes\\WOW6432Node\\CLSID\\{A0396A93-DC06-4AEF-BEE9-95FFCCAEF20E}\\InprocServer32\\(Default)","TaskCategory":"Registry value set (rule: RegistryEvent)","Type":"Information","User":["NOT_TRANSLATED","miacsdomain\\user-01"],"UtcTime":"2026-08-24 11:29:45.388","_raw":"08/24/2026 01:29:45.412 PM\nLogName=Microsoft-Windows-Sysmon/Operational\nEventCode=13\nEventType=4\nComputerName=Win-10.miacsdomain.com\nUser=NOT_TRANSLATED\nSid=S-1-5-18\nSidType=0\nSourceName=Microsoft-Windows-Sysmon\nType=Information\nRecordNumber=14415\nKeywords=None\nTaskCategory=Registry value set (rule: RegistryEvent)\nOpCode=Info\nMessage=Registry value set:\r\nRuleName: T1122\r\nEventType: SetValue\r\nUtcTime: 2026-08-24 11:29:45.388\r\nProcessGuid: {3f87e246-2b28-6a8c-a600-000000001000}\r\nProcessId: 5072\r\nImage: C:\\Users\\user-01\\AppData\\Local\\Microsoft\\OneDrive\\OneDrive.exe\r\nTargetObject: HKU\\S-1-5-21-246749117-2054088174-1189330396-1105_Classes\\WOW6432Node\\CLSID\\{A0396A93-DC06-4AEF-BEE9-95FFCCAEF20E}\\InprocServer32\\(Default)\r\nDetails: C:\\Users\\user-01\\AppData\\Local\\Microsoft\\OneDrive\\19.043.0304.0013\\FileSyncShell.dll\r\nUser: miacsdomain\\user-01","_time":"2026-08-24T13:29:45.412+0200","host":"Win-10","index":"main","linecount":"24","punct":"//_::._=--/===-..==---==--====___(:_)==__:\\r:_\\r:_\\r:","source":"WinEventLog:Microsoft-Windows-Sysmon/Operational","sourcetype":"WinEventLog:Microsoft-Windows-Sysmon/Operational","splunk_server":"splunk-virtual-machine"}}
{"preview":false,"result":{"ComputerName":"Win-10.miacsdomain.com","Details":"C:\\Users\\user-01\\AppData\\Local\\Microsoft\\OneDrive\\19.043.0304.0013\\amd64\\FileSyncShell64.dll","EventCode":"13","EventType":["4","SetValue"],"Image":"C:\\Users\\user-01\\AppData\\Local\\Microsoft\\OneDrive\\OneDrive.exe","Keywords":"None","LogName":"Microsoft-Windows-Sysmon/Operational","Message":"Registry value set:\r\nRuleName: T1122\r\nEventType: SetValue\r\nUtcTime: 2026-08-24 11:29:45.388\r\nProcessGuid: {3f87e246-2b28-6a8c-a600-000000001000}\r\nProcessId: 5072\r\nImage: C:\\Users\\user-01\\AppData\\Local\\Microsoft\\OneDrive\\OneDrive.exe\r\nTargetObject: HKU\\S-1-5-21-246749117-2054088174-1189330396-1105_Classes\\CLSID\\{A0396A93-DC06-4AEF-BEE9-95FFCCAEF20E}\\InprocServer32\\(Default)\r\nDetails: C:\\Users\\user-01\\AppData\\Local\\Microsoft\\OneDrive\\19.043.0304.0013\\amd64\\FileSyncShell64.dll\r\nUser: miacsdomain\\user-01","OpCode":"Info","ProcessGuid":"{3f87e246-2b28-6a8c-a600-000000001000}","ProcessId":"5072","RecordNumber":"14414","RuleName":"T1122","Sid":"S-1-5-18","SidType":"0","SourceName":"Microsoft-Windows-Sysmon","TargetObject":"HKU\\S-1-5-21-246749117-2054088174-1189330396-1105_Classes\\CLSID\\{A0396A93-DC06-4AEF-BEE9-95FFCCAEF20E}\\InprocServer32\\(Default)","TaskCategory":"Registry value set (rule: RegistryEvent)","Type":"Information","User":["NOT_TRANSLATED","miacsdomain\\user-01"],"UtcTime":"2026-08-24 11:29:45.388","_raw":"08/24/2026 01:29:45.412 PM\nLogName=Microsoft-Windows-Sysmon/Operational\nEventCode=13\nEventType=4\nComputerName=Win-10.miacsdomain.com\nUser=NOT_TRANSLATED\nSid=S-1-5-18\nSidType=0\nSourceName=Microsoft-Windows-Sysmon\nType=Information\nRecordNumber=14414\nKeywords=None\nTaskCategory=Registry value set (rule: RegistryEvent)\nOpCode=Info\nMessage=Registry value set:\r\nRuleName: T1122\r\nEventType: SetValue\r\nUtcTime: 2026-08-24 11:29:45.388\r\nProcessGuid: {3f87e246-2b28-6a8c-a600-000000001000}\r\nProcessId: 5072\r\nImage: C:\\Users\\user-01\\AppData\\Local\\Microsoft\\OneDrive\\OneDrive.exe\r\nTargetObject: HKU\\S-1-5-21-246749117-2054088174-1189330396-1105_Classes\\CLSID\\{A0396A93-DC06-4AEF-BEE9-95FFCCAEF20E}\\InprocServer32\\(Default)\r\nDetails: C:\\Users\\user-01\\AppData\\Local\\Microsoft\\OneDrive\\19.043.0304.0013\\amd64\\FileSyncShell64.dll\r\nUser: miacsdomain\\user-01","_time":"2026-08-24T13:29:45.412+0200","host":"Win-10","index":"main","linecount":"24","punct":"//_::._=--/===-..==---==--====___(:_)==__:\\r:_\\r:_\\r:","source":"WinEventLog:Microsoft-Windows-Sysmon/Operational","sourcetype":"WinEventLog:Microsoft-Windows-Sysmon/Operational","splunk_server":"splunk-virtual-machine"}}
{"preview":false,"result":{"ComputerName":"Win-10.miacsdomain.com","Details":"C:\\Users\\user-01\\AppData\\Local\\Microsoft\\OneDrive\\19.043.0304.0013\\FileSyncShell.dll","EventCode":"13","EventType":["4","SetValue"],"Image":"C:\\Users\\user-01\\AppData\\Local\\Microsoft\\OneDrive\\OneDrive.exe","Keywords":"None","LogName":"Microsoft-Windows-Sysmon/Operational","Message":"Registry value set:\r\nRuleName: T1122\r\nEventType: SetValue\r\nUtcTime: 2026-08-24 11:29:45.388\r\nProcessGuid: {3f87e246-2b28-6a8c-a600-000000001000}\r\nProcessId: 5072\r\nImage: C:\\Users\\user-01\\AppData\\Local\\Microsoft\\OneDrive\\OneDrive.exe\r\nTargetObject: HKU\\S-1-5-21-246749117-2054088174-1189330396-1105_Classes\\WOW6432Node\\CLSID\\{A78ED123-AB77-406B-9962-2A5D9D2F7F30}\\InprocServer32\\(Default)\r\nDetails: C:\\Users\\user-01\\AppData\\Local\\Microsoft\\OneDrive\\19.043.0304.0013\\FileSyncShell.dll\r\nUser: miacsdomain\\user-01","OpCode":"Info","ProcessGuid":"{3f87e246-2b28-6a8c-a600-000000001000}","ProcessId":"5072","RecordNumber":"14413","RuleName":"T1122","Sid":"S-1-5-18","SidType":"0","SourceName":"Microsoft-Windows-Sysmon","TargetObject":"HKU\\S-1-5-21-246749117-2054088174-1189330396-1105_Classes\\WOW6432Node\\CLSID\\{A78ED123-AB77-406B-9962-2A5D9D2F7F30}\\InprocServer32\\(Default)","TaskCategory":"Registry value set (rule: RegistryEvent)","Type":"Information","User":["NOT_TRANSLATED","miacsdomain\\user-01"],"UtcTime":"2026-08-24 11:29:45.388","_raw":"08/24/2026 01:29:45.412 PM\nLogName=Microsoft-Windows-Sysmon/Operational\nEventCode=13\nEventType=4\nComputerName=Win-10.miacsdomain.com\nUser=NOT_TRANSLATED\nSid=S-1-5-18\nSidType=0\nSourceName=Microsoft-Windows-Sysmon\nType=Information\nRecordNumber=14413\nKeywords=None\nTaskCategory=Registry value set (rule: RegistryEvent)\nOpCode=Info\nMessage=Registry value set:\r\nRuleName: T1122\r\nEventType: SetValue\r\nUtcTime: 2026-08-24 11:29:45.388\r\nProcessGuid: {3f87e246-2b28-6a8c-a600-000000001000}\r\nProcessId: 5072\r\nImage: C:\\Users\\user-01\\AppData\\Local\\Microsoft\\OneDrive\\OneDrive.exe\r\nTargetObject: HKU\\S-1-5-21-246749117-2054088174-1189330396-1105_Classes\\WOW6432Node\\CLSID\\{A78ED123-AB77-406B-9962-2A5D9D2F7F30}\\InprocServer32\\(Default)\r\nDetails: C:\\Users\\user-01\\AppData\\Local\\Microsoft\\OneDrive\\19.043.0304.0013\\FileSyncShell.dll\r\nUser: miacsdomain\\user-01","_time":"2026-08-24T13:29:45.412+0200","host":"Win-10","index":"main","linecount":"24","punct":"//_::._=--/===-..==---==--====___(:_)==__:\\r:_\\r:_\\r:","source":"WinEventLog:Microsoft-Windows-Sysmon/Operational","sourcetype":"WinEventLog:Microsoft-Windows-Sysmon/Operational","splunk_server":"splunk-virtual-machine"}}
{"preview":false,"result":{"ComputerName":"Win-10.miacsdomain.com","Details":"C:\\Users\\user-01\\AppData\\Local\\Microsoft\\OneDrive\\19.043.0304.0013\\amd64\\FileSyncShell64.dll","EventCode":"13","EventType":["4","SetValue"],"Image":"C:\\Users\\user-01\\AppData\\Local\\Microsoft\\OneDrive\\OneDrive.exe","Keywords":"None","LogName":"Microsoft-Windows-Sysmon/Operational","Message":"Registry value set:\r\nRuleName: T1122\r\nEventType: SetValue\r\nUtcTime: 2026-08-24 11:29:45.388\r\nProcessGuid: {3f87e246-2b28-6a8c-a600-000000001000}\r\nProcessId: 5072\r\nImage: C:\\Users\\user-01\\AppData\\Local\\Microsoft\\OneDrive\\OneDrive.exe\r\nTargetObject: HKU\\S-1-5-21-246749117-2054088174-1189330396-1105_Classes\\CLSID\\{A78ED123-AB77-406B-9962-2A5D9D2F7F30}\\InprocServer32\\(Default)\r\nDetails: C:\\Users\\user-01\\AppData\\Local\\Microsoft\\OneDrive\\19.043.0304.0013\\amd64\\FileSyncShell64.dll\r\nUser: miacsdomain\\user-01","OpCode":"Info","ProcessGuid":"{3f87e246-2b28-6a8c-a600-000000001000}","ProcessId":"5072","RecordNumber":"14412","RuleName":"T1122","Sid":"S-1-5-18","SidType":"0","SourceName":"Microsoft-Windows-Sysmon","TargetObject":"HKU\\S-1-5-21-246749117-2054088174-1189330396-1105_Classes\\CLSID\\{A78ED123-AB77-406B-9962-2A5D9D2F7F30}\\InprocServer32\\(Default)","TaskCategory":"Registry value set (rule: RegistryEvent)","Type":"Information","User":["NOT_TRANSLATED","miacsdomain\\user-01"],"UtcTime":"2026-08-24 11:29:45.388","_raw":"08/24/2026 01:29:45.411 PM\nLogName=Microsoft-Windows-Sysmon/Operational\nEventCode=13\nEventType=4\nComputerName=Win-10.miacsdomain.com\nUser=NOT_TRANSLATED\nSid=S-1-5-18\nSidType=0\nSourceName=Microsoft-Windows-Sysmon\nType=Information\nRecordNumber=14412\nKeywords=None\nTaskCategory=Registry value set (rule: RegistryEvent)\nOpCode=Info\nMessage=Registry value set:\r\nRuleName: T1122\r\nEventType: SetValue\r\nUtcTime: 2026-08-24 11:29:45.388\r\nProcessGuid: {3f87e246-2b28-6a8c-a600-000000001000}\r\nProcessId: 5072\r\nImage: C:\\Users\\user-01\\AppData\\Local\\Microsoft\\OneDrive\\OneDrive.exe\r\nTargetObject: HKU\\S-1-5-21-246749117-2054088174-1189330396-1105_Classes\\CLSID\\{A78ED123-AB77-406B-9962-2A5D9D2F7F30}\\InprocServer32\\(Default)\r\nDetails: C:\\Users\\user-01\\AppData\\Local\\Microsoft\\OneDrive\\19.043.0304.0013\\amd64\\FileSyncShell64.dll\r\nUser: miacsdomain\\user-01","_time":"2026-08-24T13:29:45.411+0200","host":"Win-10","index":"main","linecount":"24","punct":"//_::._=--/===-..==---==--====___(:_)==__:\\r:_\\r:_\\r:","source":"WinEventLog:Microsoft-Windows-Sysmon/Operational","sourcetype":"WinEventLog:Microsoft-Windows-Sysmon/Operational","splunk_server":"splunk-virtual-machine"}}
{"preview":false,"result":{"ComputerName":"Win-10.miacsdomain.com","Details":"C:\\Users\\user-01\\AppData\\Local\\Microsoft\\OneDrive\\19.043.0304.0013\\FileSyncShell.dll","EventCode":"13","EventType":["4","SetValue"],"Image":"C:\\Users\\user-01\\AppData\\Local\\Microsoft\\OneDrive\\OneDrive.exe","Keywords":"None","LogName":"Microsoft-Windows-Sysmon/Operational","Message":"Registry value set:\r\nRuleName: T1122\r\nEventType: SetValue\r\nUtcTime: 2026-08-24 11:29:45.388\r\nProcessGuid: {3f87e246-2b28-6a8c-a600-000000001000}\r\nProcessId: 5072\r\nImage: C:\\Users\\user-01\\AppData\\Local\\Microsoft\\OneDrive\\OneDrive.exe\r\nTargetObject: HKU\\S-1-5-21-246749117-2054088174-1189330396-1105_Classes\\WOW6432Node\\CLSID\\{5AB7172C-9C11-405C-8DD5-AF20F3606282}\\InprocServer32\\(Default)\r\nDetails: C:\\Users\\user-01\\AppData\\Local\\Microsoft\\OneDrive\\19.043.0304.0013\\FileSyncShell.dll\r\nUser: miacsdomain\\user-01","OpCode":"Info","ProcessGuid":"{3f87e246-2b28-6a8c-a600-000000001000}","ProcessId":"5072","RecordNumber":"14411","RuleName":"T1122","Sid":"S-1-5-18","SidType":"0","SourceName":"Microsoft-Windows-Sysmon","TargetObject":"HKU\\S-1-5-21-246749117-2054088174-1189330396-1105_Classes\\WOW6432Node\\CLSID\\{5AB7172C-9C11-405C-8DD5-AF20F3606282}\\InprocServer32\\(Default)","TaskCategory":"Registry value set (rule: RegistryEvent)","Type":"Information","User":["NOT_TRANSLATED","miacsdomain\\user-01"],"UtcTime":"2026-08-24 11:29:45.388","_raw":"08/24/2026 01:29:45.411 PM\nLogName=Microsoft-Windows-Sysmon/Operational\nEventCode=13\nEventType=4\nComputerName=Win-10.miacsdomain.com\nUser=NOT_TRANSLATED\nSid=S-1-5-18\nSidType=0\nSourceName=Microsoft-Windows-Sysmon\nType=Information\nRecordNumber=14411\nKeywords=None\nTaskCategory=Registry value set (rule: RegistryEvent)\nOpCode=Info\nMessage=Registry value set:\r\nRuleName: T1122\r\nEventType: SetValue\r\nUtcTime: 2026-08-24 11:29:45.388\r\nProcessGuid: {3f87e246-2b28-6a8c-a600-000000001000}\r\nProcessId: 5072\r\nImage: C:\\Users\\user-01\\AppData\\Local\\Microsoft\\OneDrive\\OneDrive.exe\r\nTargetObject: HKU\\S-1-5-21-246749117-2054088174-1189330396-1105_Classes\\WOW6432Node\\CLSID\\{5AB7172C-9C11-405C-8DD5-AF20F3606282}\\InprocServer32\\(Default)\r\nDetails: C:\\Users\\user-01\\AppData\\Local\\Microsoft\\OneDrive\\19.043.0304.0013\\FileSyncShell.dll\r\nUser: miacsdomain\\user-01","_time":"2026-08-24T13:29:45.411+0200","host":"Win-10","index":"main","linecount":"24","punct":"//_::._=--/===-..==---==--====___(:_)==__:\\r:_\\r:_\\r:","source":"WinEventLog:Microsoft-Windows-Sysmon/Operational","sourcetype":"WinEventLog:Microsoft-Windows-Sysmon/Operational","splunk_server":"splunk-virtual-machine"}}
{"preview":false,"result":{"ComputerName":"Win-10.miacsdomain.com","Details":"C:\\Users\\user-01\\AppData\\Local\\Microsoft\\OneDrive\\19.043.0304.0013\\amd64\\FileSyncShell64.dll","EventCode":"13","EventType":["4","SetValue"],"Image":"C:\\Users\\user-01\\AppData\\Local\\Microsoft\\OneDrive\\OneDrive.exe","Keywords":"None","LogName":"Microsoft-Windows-Sysmon/Operational","Message":"Registry value set:\r\nRuleName: T1122\r\nEventType: SetValue\r\nUtcTime: 2026-08-24 11:29:45.388\r\nProcessGuid: {3f87e246-2b28-6a8c-a600-000000001000}\r\nProcessId: 5072\r\nImage: C:\\Users\\user-01\\AppData\\Local\\Microsoft\\OneDrive\\OneDrive.exe\r\nTargetObject: HKU\\S-1-5-21-246749117-2054088174-1189330396-1105_Classes\\CLSID\\{5AB7172C-9C11-405C-8DD5-AF20F3606282}\\InprocServer32\\(Default)\r\nDetails: C:\\Users\\user-01\\AppData\\Local\\Microsoft\\OneDrive\\19.043.0304.0013\\amd64\\FileSyncShell64.dll\r\nUser: miacsdomain\\user-01","OpCode":"Info","ProcessGuid":"{3f87e246-2b28-6a8c-a600-000000001000}","ProcessId":"5072","RecordNumber":"14410","RuleName":"T1122","Sid":"S-1-5-18","SidType":"0","SourceName":"Microsoft-Windows-Sysmon","TargetObject":"HKU\\S-1-5-21-246749117-2054088174-1189330396-1105_Classes\\CLSID\\{5AB7172C-9C11-405C-8DD5-AF20F3606282}\\InprocServer32\\(Default)","TaskCategory":"Registry value set (rule: RegistryEvent)","Type":"Information","User":["NOT_TRANSLATED","miacsdomain\\user-01"],"UtcTime":"2026-08-24 11:29:45.388","_raw":"08/24/2026 01:29:45.411 PM\nLogName=Microsoft-Windows-Sysmon/Operational\nEventCode=13\nEventType=4\nComputerName=Win-10.miacsdomain.com\nUser=NOT_TRANSLATED\nSid=S-1-5-18\nSidType=0\nSourceName=Microsoft-Windows-Sysmon\nType=Information\nRecordNumber=14410\nKeywords=None\nTaskCategory=Registry value set (rule: RegistryEvent)\nOpCode=Info\nMessage=Registry value set:\r\nRuleName: T1122\r\nEventType: SetValue\r\nUtcTime: 2026-08-24 11:29:45.388\r\nProcessGuid: {3f87e246-2b28-6a8c-a600-000000001000}\r\nProcessId: 5072\r\nImage: C:\\Users\\user-01\\AppData\\Local\\Microsoft\\OneDrive\\OneDrive.exe\r\nTargetObject: HKU\\S-1-5-21-246749117-2054088174-1189330396-1105_Classes\\CLSID\\{5AB7172C-9C11-405C-8DD5-AF20F3606282}\\InprocServer32\\(Default)\r\nDetails: C:\\Users\\user-01\\AppData\\Local\\Microsoft\\OneDrive\\19.043.0304.0013\\amd64\\FileSyncShell64.dll\r\nUser: miacsdomain\\user-01","_time":"2026-08-24T13:29:45.411+0200","host":"Win-10","index":"main","linecount":"24","punct":"//_::._=--/===-..==---==--====___(:_)==__:\\r:_\\r:_\\r:","source":"WinEventLog:Microsoft-Windows-Sysmon/Operational","sourcetype":"WinEventLog:Microsoft-Windows-Sysmon/Operational","splunk_server":"splunk-virtual-machine"}}
{"preview":false,"result":{"ComputerName":"Win-10.miacsdomain.com","Details":"C:\\Users\\user-01\\AppData\\Local\\Microsoft\\OneDrive\\19.043.0304.0013\\FileSyncShell.dll","EventCode":"13","EventType":["4","SetValue"],"Image":"C:\\Users\\user-01\\AppData\\Local\\Microsoft\\OneDrive\\OneDrive.exe","Keywords":"None","LogName":"Microsoft-Windows-Sysmon/Operational","Message":"Registry value set:\r\nRuleName: T1122\r\nEventType: SetValue\r\nUtcTime: 2026-08-24 11:29:45.388\r\nProcessGuid: {3f87e246-2b28-6a8c-a600-000000001000}\r\nProcessId: 5072\r\nImage: C:\\Users\\user-01\\AppData\\Local\\Microsoft\\OneDrive\\OneDrive.exe\r\nTargetObject: HKU\\S-1-5-21-246749117-2054088174-1189330396-1105_Classes\\WOW6432Node\\CLSID\\{BBACC218-34EA-4666-9D7A-C78F2274A524}\\InprocServer32\\(Default)\r\nDetails: C:\\Users\\user-01\\AppData\\Local\\Microsoft\\OneDrive\\19.043.0304.0013\\FileSyncShell.dll\r\nUser: miacsdomain\\user-01","OpCode":"Info","ProcessGuid":"{3f87e246-2b28-6a8c-a600-000000001000}","ProcessId":"5072","RecordNumber":"14409","RuleName":"T1122","Sid":"S-1-5-18","SidType":"0","SourceName":"Microsoft-Windows-Sysmon","TargetObject":"HKU\\S-1-5-21-246749117-2054088174-1189330396-1105_Classes\\WOW6432Node\\CLSID\\{BBACC218-34EA-4666-9D7A-C78F2274A524}\\InprocServer32\\(Default)","TaskCategory":"Registry value set (rule: RegistryEvent)","Type":"Information","User":["NOT_TRANSLATED","miacsdomain\\user-01"],"UtcTime":"2026-08-24 11:29:45.388","_raw":"08/24/2026 01:29:45.411 PM\nLogName=Microsoft-Windows-Sysmon/Operational\nEventCode=13\nEventType=4\nComputerName=Win-10.miacsdomain.com\nUser=NOT_TRANSLATED\nSid=S-1-5-18\nSidType=0\nSourceName=Microsoft-Windows-Sysmon\nType=Information\nRecordNumber=14409\nKeywords=None\nTaskCategory=Registry value set (rule: RegistryEvent)\nOpCode=Info\nMessage=Registry value set:\r\nRuleName: T1122\r\nEventType: SetValue\r\nUtcTime: 2026-08-24 11:29:45.388\r\nProcessGuid: {3f87e246-2b28-6a8c-a600-000000001000}\r\nProcessId: 5072\r\nImage: C:\\Users\\user-01\\AppData\\Local\\Microsoft\\OneDrive\\OneDrive.exe\r\nTargetObject: HKU\\S-1-5-21-246749117-2054088174-1189330396-1105_Classes\\WOW6432Node\\CLSID\\{BBACC218-34EA-4666-9D7A-C78F2274A524}\\InprocServer32\\(Default)\r\nDetails: C:\\Users\\user-01\\AppData\\Local\\Microsoft\\OneDrive\\19.043.0304.0013\\FileSyncShell.dll\r\nUser: miacsdomain\\user-01","_time":"2026-08-24T13:29:45.411+0200","host":"Win-10","index":"main","linecount":"24","punct":"//_::._=--/===-..==---==--====___(:_)==__:\\r:_\\r:_\\r:","source":"WinEventLog:Microsoft-Windows-Sysmon/Operational","sourcetype":"WinEventLog:Microsoft-Windows-Sysmon/Operational","splunk_server":"splunk-virtual-machine"}}
{"preview":false,"result":{"ComputerName":"Win-10.miacsdomain.com","Details":"C:\\Users\\user-01\\AppData\\Local\\Microsoft\\OneDrive\\19.043.0304.0013\\amd64\\FileSyncShell64.dll","EventCode":"13","EventType":["4","SetValue"],"Image":"C:\\Users\\user-01\\AppData\\Local\\Microsoft\\OneDrive\\OneDrive.exe","Keywords":"None","LogName":"Microsoft-Windows-Sysmon/Operational","Message":"Registry value set:\r\nRuleName: T1122\r\nEventType: SetValue\r\nUtcTime: 2026-08-24 11:29:45.388\r\nProcessGuid: {3f87e246-2b28-6a8c-a600-000000001000}\r\nProcessId: 5072\r\nImage: C:\\Users\\user-01\\AppData\\Local\\Microsoft\\OneDrive\\OneDrive.exe\r\nTargetObject: HKU\\S-1-5-21-246749117-2054088174-1189330396-1105_Classes\\CLSID\\{BBACC218-34EA-4666-9D7A-C78F2274A524}\\InprocServer32\\(Default)\r\nDetails: C:\\Users\\user-01\\AppData\\Local\\Microsoft\\OneDrive\\19.043.0304.0013\\amd64\\FileSyncShell64.dll\r\nUser: miacsdomain\\user-01","OpCode":"Info","ProcessGuid":"{3f87e246-2b28-6a8c-a600-000000001000}","ProcessId":"5072","RecordNumber":"14408","RuleName":"T1122","Sid":"S-1-5-18","SidType":"0","SourceName":"Microsoft-Windows-Sysmon","TargetObject":"HKU\\S-1-5-21-246749117-2054088174-1189330396-1105_Classes\\CLSID\\{BBACC218-34EA-4666-9D7A-C78F2274A524}\\InprocServer32\\(Default)","TaskCategory":"Registry value set (rule: RegistryEvent)","Type":"Information","User":["NOT_TRANSLATED","miacsdomain\\user-01"],"UtcTime":"2026-08-24 11:29:45.388","_raw":"08/24/2026 01:29:45.411 PM\nLogName=Microsoft-Windows-Sysmon/Operational\nEventCode=13\nEventType=4\nComputerName=Win-10.miacsdomain.com\nUser=NOT_TRANSLATED\nSid=S-1-5-18\nSidType=0\nSourceName=Microsoft-Windows-Sysmon\nType=Information\nRecordNumber=14408\nKeywords=None\nTaskCategory=Registry value set (rule: RegistryEvent)\nOpCode=Info\nMessage=Registry value set:\r\nRuleName: T1122\r\nEventType: SetValue\r\nUtcTime: 2026-08-24 11:29:45.388\r\nProcessGuid: {3f87e246-2b28-6a8c-a600-000000001000}\r\nProcessId: 5072\r\nImage: C:\\Users\\user-01\\AppData\\Local\\Microsoft\\OneDrive\\OneDrive.exe\r\nTargetObject: HKU\\S-1-5-21-246749117-2054088174-1189330396-1105_Classes\\CLSID\\{BBACC218-34EA-4666-9D7A-C78F2274A524}\\InprocServer32\\(Default)\r\nDetails: C:\\Users\\user-01\\AppData\\Local\\Microsoft\\OneDrive\\19.043.0304.0013\\amd64\\FileSyncShell64.dll\r\nUser: miacsdomain\\user-01","_time":"2026-08-24T13:29:45.411+0200","host":"Win-10","index":"main","linecount":"24","punct":"//_::._=--/===-..==---==--====___(:_)==__:\\r:_\\r:_\\r:","source":"WinEventLog:Microsoft-Windows-Sysmon/Operational","sourcetype":"WinEventLog:Microsoft-Windows-Sysmon/Operational","splunk_server":"splunk-virtual-machine"}}
{"preview":false,"result":{"Archived":"true","ComputerName":"Win-10.miacsdomain.com","EventCode":"23","EventType":"4","Hashes":"MD5=0FB14EFD78FD69B376C6B50E20FE6093,SHA256=FF1E3C74F6BAF93CA81B850B20B76A53FBB195309545492F8E2937BF54AE3543,IMPHASH=00000000000000000000000000000000","Image":"C:\\Users\\user-01\\AppData\\Local\\Microsoft\\OneDrive\\OneDrive.exe","IsExecutable":"false","Keywords":"None","LogName":"Microsoft-Windows-Sysmon/Operational","Message":"File Delete archived:\r\nRuleName: -\r\nUtcTime: 2026-08-24 11:29:45.357\r\nProcessGuid: {3f87e246-2b28-6a8c-a600-000000001000}\r\nProcessId: 5072\r\nUser: miacsdomain\\user-01\r\nImage: C:\\Users\\user-01\\AppData\\Local\\Microsoft\\OneDrive\\OneDrive.exe\r\nTargetFilename: C:\\Users\\user-01\\AppData\\Local\\Microsoft\\OneDrive\\logs\\Personal\\TraceArchive.0304.0013-7.etl\r\nHashes: MD5=0FB14EFD78FD69B376C6B50E20FE6093,SHA256=FF1E3C74F6BAF93CA81B850B20B76A53FBB195309545492F8E2937BF54AE3543,IMPHASH=00000000000000000000000000000000\r\nIsExecutable: false\r\nArchived: true","OpCode":"Info","ProcessGuid":"{3f87e246-2b28-6a8c-a600-000000001000}","ProcessId":"5072","RecordNumber":"14407","RuleName":"-","Sid":"S-1-5-18","SidType":"0","SourceName":"Microsoft-Windows-Sysmon","TargetFilename":"C:\\Users\\user-01\\AppData\\Local\\Microsoft\\OneDrive\\logs\\Personal\\TraceArchive.0304.0013-7.etl","TaskCategory":"File Delete archived (rule: FileDelete)","Type":"Information","User":["NOT_TRANSLATED","miacsdomain\\user-01"],"UtcTime":"2026-08-24 11:29:45.357","_raw":"08/24/2026 01:29:45.387 PM\nLogName=Microsoft-Windows-Sysmon/Operational\nEventCode=23\nEventType=4\nComputerName=Win-10.miacsdomain.com\nUser=NOT_TRANSLATED\nSid=S-1-5-18\nSidType=0\nSourceName=Microsoft-Windows-Sysmon\nType=Information\nRecordNumber=14407\nKeywords=None\nTaskCategory=File Delete archived (rule: FileDelete)\nOpCode=Info\nMessage=File Delete archived:\r\nRuleName: -\r\nUtcTime: 2026-08-24 11:29:45.357\r\nProcessGuid: {3f87e246-2b28-6a8c-a600-000000001000}\r\nProcessId: 5072\r\nUser: miacsdomain\\user-01\r\nImage: C:\\Users\\user-01\\AppData\\Local\\Microsoft\\OneDrive\\OneDrive.exe\r\nTargetFilename: C:\\Users\\user-01\\AppData\\Local\\Microsoft\\OneDrive\\logs\\Personal\\TraceArchive.0304.0013-7.etl\r\nHashes: MD5=0FB14EFD78FD69B376C6B50E20FE6093,SHA256=FF1E3C74F6BAF93CA81B850B20B76A53FBB195309545492F8E2937BF54AE3543,IMPHASH=00000000000000000000000000000000\r\nIsExecutable: false\r\nArchived: true","_time":"2026-08-24T13:29:45.387+0200","host":"Win-10","index":"main","linecount":"25","punct":"//_::._=--/===-..==---==--====___(:_)==__:\\r:_-\\r:_-","source":"WinEventLog:Microsoft-Windows-Sysmon/Operational","sourcetype":"WinEventLog:Microsoft-Windows-Sysmon/Operational","splunk_server":"splunk-virtual-machine"}}
{"preview":false,"result":{"Archived":"true","ComputerName":"Win-10.miacsdomain.com","EventCode":"23","EventType":"4","Hashes":"MD5=2D10D504E68C3F85E341E3521E4B97B2,SHA256=FD15237BA0334A95854DD8B0155BE250B8E893C4B347B8A312F239645B0D4E96,IMPHASH=00000000000000000000000000000000","Image":"C:\\Users\\user-01\\AppData\\Local\\Microsoft\\OneDrive\\OneDrive.exe","IsExecutable":"false","Keywords":"None","LogName":"Microsoft-Windows-Sysmon/Operational","Message":"File Delete archived:\r\nRuleName: -\r\nUtcTime: 2026-08-24 11:29:45.279\r\nProcessGuid: {3f87e246-2b28-6a8c-a600-000000001000}\r\nProcessId: 5072\r\nUser: miacsdomain\\user-01\r\nImage: C:\\Users\\user-01\\AppData\\Local\\Microsoft\\OneDrive\\OneDrive.exe\r\nTargetFilename: C:\\Users\\user-01\\AppData\\Local\\Microsoft\\OneDrive\\logs\\Personal\\telemetryCache.otc.session-journal\r\nHashes: MD5=2D10D504E68C3F85E341E3521E4B97B2,SHA256=FD15237BA0334A95854DD8B0155BE250B8E893C4B347B8A312F239645B0D4E96,IMPHASH=00000000000000000000000000000000\r\nIsExecutable: false\r\nArchived: true","OpCode":"Info","ProcessGuid":"{3f87e246-2b28-6a8c-a600-000000001000}","ProcessId":"5072","RecordNumber":"14406","RuleName":"-","Sid":"S-1-5-18","SidType":"0","SourceName":"Microsoft-Windows-Sysmon","TargetFilename":"C:\\Users\\user-01\\AppData\\Local\\Microsoft\\OneDrive\\logs\\Personal\\telemetryCache.otc.session-journal","TaskCategory":"File Delete archived (rule: FileDelete)","Type":"Information","User":["NOT_TRANSLATED","miacsdomain\\user-01"],"UtcTime":"2026-08-24 11:29:45.279","_raw":"08/24/2026 01:29:45.293 PM\nLogName=Microsoft-Windows-Sysmon/Operational\nEventCode=23\nEventType=4\nComputerName=Win-10.miacsdomain.com\nUser=NOT_TRANSLATED\nSid=S-1-5-18\nSidType=0\nSourceName=Microsoft-Windows-Sysmon\nType=Information\nRecordNumber=14406\nKeywords=None\nTaskCategory=File Delete archived (rule: FileDelete)\nOpCode=Info\nMessage=File Delete archived:\r\nRuleName: -\r\nUtcTime: 2026-08-24 11:29:45.279\r\nProcessGuid: {3f87e246-2b28-6a8c-a600-000000001000}\r\nProcessId: 5072\r\nUser: miacsdomain\\user-01\r\nImage: C:\\Users\\user-01\\AppData\\Local\\Microsoft\\OneDrive\\OneDrive.exe\r\nTargetFilename: C:\\Users\\user-01\\AppData\\Local\\Microsoft\\OneDrive\\logs\\Personal\\telemetryCache.otc.session-journal\r\nHashes: MD5=2D10D504E68C3F85E341E3521E4B97B2,SHA256=FD15237BA0334A95854DD8B0155BE250B8E893C4B347B8A312F239645B0D4E96,IMPHASH=00000000000000000000000000000000\r\nIsExecutable: false\r\nArchived: true","_time":"2026-08-24T13:29:45.293+0200","host":"Win-10","index":"main","linecount":"25","punct":"//_::._=--/===-..==---==--====___(:_)==__:\\r:_-\\r:_-","source":"WinEventLog:Microsoft-Windows-Sysmon/Operational","sourcetype":"WinEventLog:Microsoft-Windows-Sysmon/Operational","splunk_server":"splunk-virtual-machine"}}
{"preview":false,"result":{"Archived":"true","ComputerName":"Win-10.miacsdomain.com","EventCode":"23","EventType":"4","Hashes":"MD5=3B682B3D3178594604FE729BFC862810,SHA256=6824EAAE876EC3D6AC7876E8C5B62C1167F1769345084A7DB88919B41D3F0F93,IMPHASH=00000000000000000000000000000000","Image":"C:\\Users\\user-01\\AppData\\Local\\Microsoft\\OneDrive\\OneDrive.exe","IsExecutable":"false","Keywords":"None","LogName":"Microsoft-Windows-Sysmon/Operational","Message":"File Delete archived:\r\nRuleName: -\r\nUtcTime: 2026-08-24 11:29:45.279\r\nProcessGuid: {3f87e246-2b28-6a8c-a600-000000001000}\r\nProcessId: 5072\r\nUser: miacsdomain\\user-01\r\nImage: C:\\Users\\user-01\\AppData\\Local\\Microsoft\\OneDrive\\OneDrive.exe\r\nTargetFilename: C:\\Users\\user-01\\AppData\\Local\\Microsoft\\OneDrive\\logs\\Personal\\telemetryCache.otc.session-journal\r\nHashes: MD5=3B682B3D3178594604FE729BFC862810,SHA256=6824EAAE876EC3D6AC7876E8C5B62C1167F1769345084A7DB88919B41D3F0F93,IMPHASH=00000000000000000000000000000000\r\nIsExecutable: false\r\nArchived: true","OpCode":"Info","ProcessGuid":"{3f87e246-2b28-6a8c-a600-000000001000}","ProcessId":"5072","RecordNumber":"14405","RuleName":"-","Sid":"S-1-5-18","SidType":"0","SourceName":"Microsoft-Windows-Sysmon","TargetFilename":"C:\\Users\\user-01\\AppData\\Local\\Microsoft\\OneDrive\\logs\\Personal\\telemetryCache.otc.session-journal","TaskCategory":"File Delete archived (rule: FileDelete)","Type":"Information","User":["NOT_TRANSLATED","miacsdomain\\user-01"],"UtcTime":"2026-08-24 11:29:45.279","_raw":"08/24/2026 01:29:45.285 PM\nLogName=Microsoft-Windows-Sysmon/Operational\nEventCode=23\nEventType=4\nComputerName=Win-10.miacsdomain.com\nUser=NOT_TRANSLATED\nSid=S-1-5-18\nSidType=0\nSourceName=Microsoft-Windows-Sysmon\nType=Information\nRecordNumber=14405\nKeywords=None\nTaskCategory=File Delete archived (rule: FileDelete)\nOpCode=Info\nMessage=File Delete archived:\r\nRuleName: -\r\nUtcTime: 2026-08-24 11:29:45.279\r\nProcessGuid: {3f87e246-2b28-6a8c-a600-000000001000}\r\nProcessId: 5072\r\nUser: miacsdomain\\user-01\r\nImage: C:\\Users\\user-01\\AppData\\Local\\Microsoft\\OneDrive\\OneDrive.exe\r\nTargetFilename: C:\\Users\\user-01\\AppData\\Local\\Microsoft\\OneDrive\\logs\\Personal\\telemetryCache.otc.session-journal\r\nHashes: MD5=3B682B3D3178594604FE729BFC862810,SHA256=6824EAAE876EC3D6AC7876E8C5B62C1167F1769345084A7DB88919B41D3F0F93,IMPHASH=00000000000000000000000000000000\r\nIsExecutable: false\r\nArchived: true","_time":"2026-08-24T13:29:45.285+0200","host":"Win-10","index":"main","linecount":"25","punct":"//_::._=--/===-..==---==--====___(:_)==__:\\r:_-\\r:_-","source":"WinEventLog:Microsoft-Windows-Sysmon/Operational","sourcetype":"WinEventLog:Microsoft-Windows-Sysmon/Operational","splunk_server":"splunk-virtual-machine"}}
{"preview":false,"result":{"Archived":"true","ComputerName":"Win-10.miacsdomain.com","EventCode":"23","EventType":"4","Hashes":"MD5=BD78EB0FDDA464EF2EBC5494A0B7194D,SHA256=0B1823DBC7DC9632A923173598463A577680EA8287316ACDA2982C920C37EF6C,IMPHASH=00000000000000000000000000000000","Image":"C:\\Users\\user-01\\AppData\\Local\\Microsoft\\OneDrive\\OneDrive.exe","IsExecutable":"false","Keywords":"None","LogName":"Microsoft-Windows-Sysmon/Operational","Message":"File Delete archived:\r\nRuleName: -\r\nUtcTime: 2026-08-24 11:29:45.227\r\nProcessGuid: {3f87e246-2b28-6a8c-a600-000000001000}\r\nProcessId: 5072\r\nUser: miacsdomain\\user-01\r\nImage: C:\\Users\\user-01\\AppData\\Local\\Microsoft\\OneDrive\\OneDrive.exe\r\nTargetFilename: C:\\Users\\user-01\\AppData\\Local\\Temp\\aria-debug-1440.log\r\nHashes: MD5=BD78EB0FDDA464EF2EBC5494A0B7194D,SHA256=0B1823DBC7DC9632A923173598463A577680EA8287316ACDA2982C920C37EF6C,IMPHASH=00000000000000000000000000000000\r\nIsExecutable: false\r\nArchived: true","OpCode":"Info","ProcessGuid":"{3f87e246-2b28-6a8c-a600-000000001000}","ProcessId":"5072","RecordNumber":"14404","RuleName":"-","Sid":"S-1-5-18","SidType":"0","SourceName":"Microsoft-Windows-Sysmon","TargetFilename":"C:\\Users\\user-01\\AppData\\Local\\Temp\\aria-debug-1440.log","TaskCategory":"File Delete archived (rule: FileDelete)","Type":"Information","User":["NOT_TRANSLATED","miacsdomain\\user-01"],"UtcTime":"2026-08-24 11:29:45.227","_raw":"08/24/2026 01:29:45.245 PM\nLogName=Microsoft-Windows-Sysmon/Operational\nEventCode=23\nEventType=4\nComputerName=Win-10.miacsdomain.com\nUser=NOT_TRANSLATED\nSid=S-1-5-18\nSidType=0\nSourceName=Microsoft-Windows-Sysmon\nType=Information\nRecordNumber=14404\nKeywords=None\nTaskCategory=File Delete archived (rule: FileDelete)\nOpCode=Info\nMessage=File Delete archived:\r\nRuleName: -\r\nUtcTime: 2026-08-24 11:29:45.227\r\nProcessGuid: {3f87e246-2b28-6a8c-a600-000000001000}\r\nProcessId: 5072\r\nUser: miacsdomain\\user-01\r\nImage: C:\\Users\\user-01\\AppData\\Local\\Microsoft\\OneDrive\\OneDrive.exe\r\nTargetFilename: C:\\Users\\user-01\\AppData\\Local\\Temp\\aria-debug-1440.log\r\nHashes: MD5=BD78EB0FDDA464EF2EBC5494A0B7194D,SHA256=0B1823DBC7DC9632A923173598463A577680EA8287316ACDA2982C920C37EF6C,IMPHASH=00000000000000000000000000000000\r\nIsExecutable: false\r\nArchived: true","_time":"2026-08-24T13:29:45.245+0200","host":"Win-10","index":"main","linecount":"25","punct":"//_::._=--/===-..==---==--====___(:_)==__:\\r:_-\\r:_-","source":"WinEventLog:Microsoft-Windows-Sysmon/Operational","sourcetype":"WinEventLog:Microsoft-Windows-Sysmon/Operational","splunk_server":"splunk-virtual-machine"}}
{"preview":false,"result":{"Account_Domain":"miacsdomain","Account_Name":"WIN-10$","ComputerName":"Win-10.miacsdomain.com","EventCode":"5382","EventType":"0","Keywords":"Audit Success","LogName":"Security","Logon_ID":"0x3E7","Message":"Vault credentials were read.\r\n\r\nSubject:\r\n\tSecurity ID:\t\tS-1-5-18\r\n\tAccount Name:\t\tWIN-10$\r\n\tAccount Domain:\t\tmiacsdomain\r\n\tLogon ID:\t\t0x3E7\r\n\r\nThis event occurs when a user reads a stored vault credential.","OpCode":"Info","RecordNumber":"9416","Security_ID":"S-1-5-18","SourceName":"Microsoft Windows security auditing.","TaskCategory":"User Account Management","Type":"Information","_raw":"08/24/2026 01:29:45.244 PM\nLogName=Security\nEventCode=5382\nEventType=0\nComputerName=Win-10.miacsdomain.com\nSourceName=Microsoft Windows security auditing.\nType=Information\nRecordNumber=9416\nKeywords=Audit Success\nTaskCategory=User Account Management\nOpCode=Info\nMessage=Vault credentials were read.\r\n\r\nSubject:\r\n\tSecurity ID:\t\tS-1-5-18\r\n\tAccount Name:\t\tWIN-10$\r\n\tAccount Domain:\t\tmiacsdomain\r\n\tLogon ID:\t\t0x3E7\r\n\r\nThis event occurs when a user reads a stored vault credential.","_time":"2026-08-24T13:29:45.244+0200","host":"Win-10","index":"main","linecount":"20","punct":"//_::._====-..=___.===_=__==___.\\r\\r:\\rt_:tt---\\rt_:tt","source":"WinEventLog:Security","sourcetype":"WinEventLog:Security","splunk_server":"splunk-virtual-machine"}}
{"preview":false,"result":{"CommandLine":"\"C:\\Users\\user-01\\AppData\\Local\\Microsoft\\OneDrive\\OneDrive.exe\" /background","Company":"Microsoft Corporation","ComputerName":"Win-10.miacsdomain.com","CurrentDirectory":"C:\\Windows\\system32\\","Description":"Microsoft OneDrive","EventCode":"1","EventType":"4","FileVersion":"19.043.0304.0013","Hashes":"MD5=CF1A1B2A6F227D5B06AB0B3C8B88618B,SHA256=1FD250A499B2912B1ACEC31A03CAA32F1B328F2861E1383E94F23386F724FB36,IMPHASH=2A395AA09AEC6C9EF61ECFF3C1D576D8","Image":"C:\\Users\\user-01\\AppData\\Local\\Microsoft\\OneDrive\\OneDrive.exe","IntegrityLevel":"Medium","Keywords":"None","LogName":"Microsoft-Windows-Sysmon/Operational","LogonGuid":"{3f87e246-2b1c-6a8c-cd06-070000000000}","LogonId":"0x706CD","Message":"Process Create:\r\nRuleName: -\r\nUtcTime: 2026-08-24 11:29:44.977\r\nProcessGuid: {3f87e246-2b28-6a8c-a600-000000001000}\r\nProcessId: 5072\r\nImage: C:\\Users\\user-01\\AppData\\Local\\Microsoft\\OneDrive\\OneDrive.exe\r\nFileVersion: 19.043.0304.0013\r\nDescription: Microsoft OneDrive\r\nProduct: Microsoft OneDrive\r\nCompany: Microsoft Corporation\r\nOriginalFileName: OneDrive.exe\r\nCommandLine: \"C:\\Users\\user-01\\AppData\\Local\\Microsoft\\OneDrive\\OneDrive.exe\" /background\r\nCurrentDirectory: C:\\Windows\\system32\\\r\nUser: miacsdomain\\user-01\r\nLogonGuid: {3f87e246-2b1c-6a8c-cd06-070000000000}\r\nLogonId: 0x706CD\r\nTerminalSessionId: 1\r\nIntegrityLevel: Medium\r\nHashes: MD5=CF1A1B2A6F227D5B06AB0B3C8B88618B,SHA256=1FD250A499B2912B1ACEC31A03CAA32F1B328F2861E1383E94F23386F724FB36,IMPHASH=2A395AA09AEC6C9EF61ECFF3C1D576D8\r\nParentProcessGuid: {3f87e246-2b1c-6a8c-8f00-000000001000}\r\nParentProcessId: 2644\r\nParentImage: C:\\Windows\\explorer.exe\r\nParentCommandLine: C:\\Windows\\Explorer.EXE\r\nParentUser: miacsdomain\\user-01","OpCode":"Info","OriginalFileName":"OneDrive.exe","ParentCommandLine":"C:\\Windows\\Explorer.EXE","ParentImage":"C:\\Windows\\explorer.exe","ParentProcessGuid":"{3f87e246-2b1c-6a8c-8f00-000000001000}","ParentProcessId":"2644","ParentUser":"miacsdomain\\user-01","ProcessGuid":"{3f87e246-2b28-6a8c-a600-000000001000}","ProcessId":"5072","Product":"Microsoft OneDrive","RecordNumber":"14403","RuleName":"-","Sid":"S-1-5-18","SidType":"0","SourceName":"Microsoft-Windows-Sysmon","TaskCategory":"Process Create (rule: ProcessCreate)","TerminalSessionId":"1","Type":"Information","User":["NOT_TRANSLATED","miacsdomain\\user-01"],"UtcTime":"2026-08-24 11:29:44.977","_raw":"08/24/2026 01:29:44.997 PM\nLogName=Microsoft-Windows-Sysmon/Operational\nEventCode=1\nEventType=4\nComputerName=Win-10.miacsdomain.com\nUser=NOT_TRANSLATED\nSid=S-1-5-18\nSidType=0\nSourceName=Microsoft-Windows-Sysmon\nType=Information\nRecordNumber=14403\nKeywords=None\nTaskCategory=Process Create (rule: ProcessCreate)\nOpCode=Info\nMessage=Process Create:\r\nRuleName: -\r\nUtcTime: 2026-08-24 11:29:44.977\r\nProcessGuid: {3f87e246-2b28-6a8c-a600-000000001000}\r\nProcessId: 5072\r\nImage: C:\\Users\\user-01\\AppData\\Local\\Microsoft\\OneDrive\\OneDrive.exe\r\nFileVersion: 19.043.0304.0013\r\nDescription: Microsoft OneDrive\r\nProduct: Microsoft OneDrive\r\nCompany: Microsoft Corporation\r\nOriginalFileName: OneDrive.exe\r\nCommandLine: \"C:\\Users\\user-01\\AppData\\Local\\Microsoft\\OneDrive\\OneDrive.exe\" /background\r\nCurrentDirectory: C:\\Windows\\system32\\\r\nUser: miacsdomain\\user-01\r\nLogonGuid: {3f87e246-2b1c-6a8c-cd06-070000000000}\r\nLogonId: 0x706CD\r\nTerminalSessionId: 1\r\nIntegrityLevel: Medium\r\nHashes: MD5=CF1A1B2A6F227D5B06AB0B3C8B88618B,SHA256=1FD250A499B2912B1ACEC31A03CAA32F1B328F2861E1383E94F23386F724FB36,IMPHASH=2A395AA09AEC6C9EF61ECFF3C1D576D8\r\nParentProcessGuid: {3f87e246-2b1c-6a8c-8f00-000000001000}\r\nParentProcessId: 2644\r\nParentImage: C:\\Windows\\explorer.exe\r\nParentCommandLine: C:\\Windows\\Explorer.EXE\r\nParentUser: miacsdomain\\user-01","_time":"2026-08-24T13:29:44.997+0200","host":"Win-10","index":"main","linecount":"38","punct":"//_::._=--/===-..==---==--====__(:_)==_:\\r:_-\\r:_--_","source":"WinEventLog:Microsoft-Windows-Sysmon/Operational","sourcetype":"WinEventLog:Microsoft-Windows-Sysmon/Operational","splunk_server":"splunk-virtual-machine"}}
{"preview":false,"result":{"Archived":"true","ComputerName":"Win-10.miacsdomain.com","EventCode":"23","EventType":"4","Hashes":"MD5=F009FCF90938FE828C8C013DBD88D41D,SHA256=80FEE08D65E02C82ED6DCF854854531C955B0A9291C67AF073219C1CEDD4B37B,IMPHASH=00000000000000000000000000000000","Image":"C:\\Windows\\SystemApps\\Microsoft.Windows.Search_cw5n1h2txyewy\\SearchApp.exe","IsExecutable":"false","Keywords":"None","LogName":"Microsoft-Windows-Sysmon/Operational","Message":"File Delete archived:\r\nRuleName: -\r\nUtcTime: 2026-08-24 11:29:44.934\r\nProcessGuid: {3f87e246-2b1e-6a8c-9900-000000001000}\r\nProcessId: 4400\r\nUser: miacsdomain\\user-01\r\nImage: C:\\Windows\\SystemApps\\Microsoft.Windows.Search_cw5n1h2txyewy\\SearchApp.exe\r\nTargetFilename: C:\\Users\\user-01\\AppData\\Local\\Packages\\Microsoft.Windows.Search_cw5n1h2txyewy\\AC\\Microsoft\\Internet Explorer\\DOMStore\\DR173E8D\\www.bing[1].xml\r\nHashes: MD5=F009FCF90938FE828C8C013DBD88D41D,SHA256=80FEE08D65E02C82ED6DCF854854531C955B0A9291C67AF073219C1CEDD4B37B,IMPHASH=00000000000000000000000000000000\r\nIsExecutable: false\r\nArchived: true","OpCode":"Info","ProcessGuid":"{3f87e246-2b1e-6a8c-9900-000000001000}","ProcessId":"4400","RecordNumber":"14402","RuleName":"-","Sid":"S-1-5-18","SidType":"0","SourceName":"Microsoft-Windows-Sysmon","TargetFilename":"C:\\Users\\user-01\\AppData\\Local\\Packages\\Microsoft.Windows.Search_cw5n1h2txyewy\\AC\\Microsoft\\Internet Explorer\\DOMStore\\DR173E8D\\www.bing[1].xml","TaskCategory":"File Delete archived (rule: FileDelete)","Type":"Information","User":["NOT_TRANSLATED","miacsdomain\\user-01"],"UtcTime":"2026-08-24 11:29:44.934","_raw":"08/24/2026 01:29:44.941 PM\nLogName=Microsoft-Windows-Sysmon/Operational\nEventCode=23\nEventType=4\nComputerName=Win-10.miacsdomain.com\nUser=NOT_TRANSLATED\nSid=S-1-5-18\nSidType=0\nSourceName=Microsoft-Windows-Sysmon\nType=Information\nRecordNumber=14402\nKeywords=None\nTaskCategory=File Delete archived (rule: FileDelete)\nOpCode=Info\nMessage=File Delete archived:\r\nRuleName: -\r\nUtcTime: 2026-08-24 11:29:44.934\r\nProcessGuid: {3f87e246-2b1e-6a8c-9900-000000001000}\r\nProcessId: 4400\r\nUser: miacsdomain\\user-01\r\nImage: C:\\Windows\\SystemApps\\Microsoft.Windows.Search_cw5n1h2txyewy\\SearchApp.exe\r\nTargetFilename: C:\\Users\\user-01\\AppData\\Local\\Packages\\Microsoft.Windows.Search_cw5n1h2txyewy\\AC\\Microsoft\\Internet Explorer\\DOMStore\\DR173E8D\\www.bing[1].xml\r\nHashes: MD5=F009FCF90938FE828C8C013DBD88D41D,SHA256=80FEE08D65E02C82ED6DCF854854531C955B0A9291C67AF073219C1CEDD4B37B,IMPHASH=00000000000000000000000000000000\r\nIsExecutable: false\r\nArchived: true","_time":"2026-08-24T13:29:44.941+0200","host":"Win-10","index":"main","linecount":"25","punct":"//_::._=--/===-..==---==--====___(:_)==__:\\r:_-\\r:_-","source":"WinEventLog:Microsoft-Windows-Sysmon/Operational","sourcetype":"WinEventLog:Microsoft-Windows-Sysmon/Operational","splunk_server":"splunk-virtual-machine"}}
{"preview":false,"result":{"Archived":"true","ComputerName":"Win-10.miacsdomain.com","EventCode":"23","EventType":"4","Hashes":"MD5=84DB156DC77E179F78525341940F0903,SHA256=32526FFC1871FBC5E9A655975E9676184BCC8C32509C16E1C379C8B6A8D8B2C7,IMPHASH=00000000000000000000000000000000","Image":"C:\\Windows\\SystemApps\\Microsoft.Windows.Search_cw5n1h2txyewy\\SearchApp.exe","IsExecutable":"false","Keywords":"None","LogName":"Microsoft-Windows-Sysmon/Operational","Message":"File Delete archived:\r\nRuleName: -\r\nUtcTime: 2026-08-24 11:29:44.622\r\nProcessGuid: {3f87e246-2b1e-6a8c-9900-000000001000}\r\nProcessId: 4400\r\nUser: miacsdomain\\user-01\r\nImage: C:\\Windows\\SystemApps\\Microsoft.Windows.Search_cw5n1h2txyewy\\SearchApp.exe\r\nTargetFilename: C:\\Users\\user-01\\AppData\\Local\\Packages\\Microsoft.Windows.Search_cw5n1h2txyewy\\AC\\Microsoft\\Internet Explorer\\DOMStore\\DR173E8D\\www.bing[1].xml\r\nHashes: MD5=84DB156DC77E179F78525341940F0903,SHA256=32526FFC1871FBC5E9A655975E9676184BCC8C32509C16E1C379C8B6A8D8B2C7,IMPHASH=00000000000000000000000000000000\r\nIsExecutable: false\r\nArchived: true","OpCode":"Info","ProcessGuid":"{3f87e246-2b1e-6a8c-9900-000000001000}","ProcessId":"4400","RecordNumber":"14401","RuleName":"-","Sid":"S-1-5-18","SidType":"0","SourceName":"Microsoft-Windows-Sysmon","TargetFilename":"C:\\Users\\user-01\\AppData\\Local\\Packages\\Microsoft.Windows.Search_cw5n1h2txyewy\\AC\\Microsoft\\Internet Explorer\\DOMStore\\DR173E8D\\www.bing[1].xml","TaskCategory":"File Delete archived (rule: FileDelete)","Type":"Information","User":["NOT_TRANSLATED","miacsdomain\\user-01"],"UtcTime":"2026-08-24 11:29:44.622","_raw":"08/24/2026 01:29:44.636 PM\nLogName=Microsoft-Windows-Sysmon/Operational\nEventCode=23\nEventType=4\nComputerName=Win-10.miacsdomain.com\nUser=NOT_TRANSLATED\nSid=S-1-5-18\nSidType=0\nSourceName=Microsoft-Windows-Sysmon\nType=Information\nRecordNumber=14401\nKeywords=None\nTaskCategory=File Delete archived (rule: FileDelete)\nOpCode=Info\nMessage=File Delete archived:\r\nRuleName: -\r\nUtcTime: 2026-08-24 11:29:44.622\r\nProcessGuid: {3f87e246-2b1e-6a8c-9900-000000001000}\r\nProcessId: 4400\r\nUser: miacsdomain\\user-01\r\nImage: C:\\Windows\\SystemApps\\Microsoft.Windows.Search_cw5n1h2txyewy\\SearchApp.exe\r\nTargetFilename: C:\\Users\\user-01\\AppData\\Local\\Packages\\Microsoft.Windows.Search_cw5n1h2txyewy\\AC\\Microsoft\\Internet Explorer\\DOMStore\\DR173E8D\\www.bing[1].xml\r\nHashes: MD5=84DB156DC77E179F78525341940F0903,SHA256=32526FFC1871FBC5E9A655975E9676184BCC8C32509C16E1C379C8B6A8D8B2C7,IMPHASH=00000000000000000000000000000000\r\nIsExecutable: false\r\nArchived: true","_time":"2026-08-24T13:29:44.636+0200","host":"Win-10","index":"main","linecount":"25","punct":"//_::._=--/===-..==---==--====___(:_)==__:\\r:_-\\r:_-","source":"WinEventLog:Microsoft-Windows-Sysmon/Operational","sourcetype":"WinEventLog:Microsoft-Windows-Sysmon/Operational","splunk_server":"splunk-virtual-machine"}}
