{"preview":false,"result":{"Account_Domain":"miacsdomain","Account_Name":"user-01","ComputerName":"Win-10.miacsdomain.com","EventCode":"5379","EventType":"0","Keywords":"Audit Success","LogName":"Security","Logon_ID":"0x706CD","Message":"Credential Manager credentials were read.\r\n\r\nSubject:\r\n\tSecurity ID:\t\tS-1-5-21-246749117-2054088174-1189330396-1105\r\n\tAccount Name:\t\tuser-01\r\n\tAccount Domain:\t\tmiacsdomain\r\n\tLogon ID:\t\t0x706CD\r\n\tRead Operation:\t\tEnumerate Credentials\r\n\r\nThis event occurs when a user performs a read operation on stored credentials in Credential Manager.","OpCode":"Info","Read_Operation":"Enumerate Credentials","RecordNumber":"9401","Security_ID":"S-1-5-21-246749117-2054088174-1189330396-1105","SourceName":"Microsoft Windows security auditing.","TaskCategory":"User Account Management","Type":"Information","_raw":"08/24/2026 01:29:33.650 PM\nLogName=Security\nEventCode=5379\nEventType=0\nComputerName=Win-10.miacsdomain.com\nSourceName=Microsoft Windows security auditing.\nType=Information\nRecordNumber=9401\nKeywords=Audit Success\nTaskCategory=User Account Management\nOpCode=Info\nMessage=Credential Manager credentials were read.\r\n\r\nSubject:\r\n\tSecurity ID:\t\tS-1-5-21-246749117-2054088174-1189330396-1105\r\n\tAccount Name:\t\tuser-01\r\n\tAccount Domain:\t\tmiacsdomain\r\n\tLogon ID:\t\t0x706CD\r\n\tRead Operation:\t\tEnumerate Credentials\r\n\r\nThis event occurs when a user performs a read operation on stored credentials in Credential Manager.","_time":"2026-08-24T13:29:33.650+0200","host":"Win-10","index":"main","linecount":"21","punct":"//_::._====-..=___.===_=__==____.\\r\\r:\\rt_:tt-------\\r","source":"WinEventLog:Security","sourcetype":"WinEventLog:Security","splunk_server":"splunk-virtual-machine"}}
{"preview":false,"result":{"Account_Domain":"miacsdomain","Account_Name":"user-01","ComputerName":"Win-10.miacsdomain.com","EventCode":"5379","EventType":"0","Keywords":"Audit Success","LogName":"Security","Logon_ID":"0x706CD","Message":"Credential Manager credentials were read.\r\n\r\nSubject:\r\n\tSecurity ID:\t\tS-1-5-21-246749117-2054088174-1189330396-1105\r\n\tAccount Name:\t\tuser-01\r\n\tAccount Domain:\t\tmiacsdomain\r\n\tLogon ID:\t\t0x706CD\r\n\tRead Operation:\t\tEnumerate Credentials\r\n\r\nThis event occurs when a user performs a read operation on stored credentials in Credential Manager.","OpCode":"Info","Read_Operation":"Enumerate Credentials","RecordNumber":"9400","Security_ID":"S-1-5-21-246749117-2054088174-1189330396-1105","SourceName":"Microsoft Windows security auditing.","TaskCategory":"User Account Management","Type":"Information","_raw":"08/24/2026 01:29:33.648 PM\nLogName=Security\nEventCode=5379\nEventType=0\nComputerName=Win-10.miacsdomain.com\nSourceName=Microsoft Windows security auditing.\nType=Information\nRecordNumber=9400\nKeywords=Audit Success\nTaskCategory=User Account Management\nOpCode=Info\nMessage=Credential Manager credentials were read.\r\n\r\nSubject:\r\n\tSecurity ID:\t\tS-1-5-21-246749117-2054088174-1189330396-1105\r\n\tAccount Name:\t\tuser-01\r\n\tAccount Domain:\t\tmiacsdomain\r\n\tLogon ID:\t\t0x706CD\r\n\tRead Operation:\t\tEnumerate Credentials\r\n\r\nThis event occurs when a user performs a read operation on stored credentials in Credential Manager.","_time":"2026-08-24T13:29:33.648+0200","host":"Win-10","index":"main","linecount":"21","punct":"//_::._====-..=___.===_=__==____.\\r\\r:\\rt_:tt-------\\r","source":"WinEventLog:Security","sourcetype":"WinEventLog:Security","splunk_server":"splunk-virtual-machine"}}
{"preview":false,"result":{"Account_Domain":"miacsdomain","Account_Name":"user-01","ComputerName":"Win-10.miacsdomain.com","EventCode":"5379","EventType":"0","Keywords":"Audit Success","LogName":"Security","Logon_ID":"0x706CD","Message":"Credential Manager credentials were read.\r\n\r\nSubject:\r\n\tSecurity ID:\t\tS-1-5-21-246749117-2054088174-1189330396-1105\r\n\tAccount Name:\t\tuser-01\r\n\tAccount Domain:\t\tmiacsdomain\r\n\tLogon ID:\t\t0x706CD\r\n\tRead Operation:\t\tEnumerate Credentials\r\n\r\nThis event occurs when a user performs a read operation on stored credentials in Credential Manager.","OpCode":"Info","Read_Operation":"Enumerate Credentials","RecordNumber":"9399","Security_ID":"S-1-5-21-246749117-2054088174-1189330396-1105","SourceName":"Microsoft Windows security auditing.","TaskCategory":"User Account Management","Type":"Information","_raw":"08/24/2026 01:29:33.648 PM\nLogName=Security\nEventCode=5379\nEventType=0\nComputerName=Win-10.miacsdomain.com\nSourceName=Microsoft Windows security auditing.\nType=Information\nRecordNumber=9399\nKeywords=Audit Success\nTaskCategory=User Account Management\nOpCode=Info\nMessage=Credential Manager credentials were read.\r\n\r\nSubject:\r\n\tSecurity ID:\t\tS-1-5-21-246749117-2054088174-1189330396-1105\r\n\tAccount Name:\t\tuser-01\r\n\tAccount Domain:\t\tmiacsdomain\r\n\tLogon ID:\t\t0x706CD\r\n\tRead Operation:\t\tEnumerate Credentials\r\n\r\nThis event occurs when a user performs a read operation on stored credentials in Credential Manager.","_time":"2026-08-24T13:29:33.648+0200","host":"Win-10","index":"main","linecount":"21","punct":"//_::._====-..=___.===_=__==____.\\r\\r:\\rt_:tt-------\\r","source":"WinEventLog:Security","sourcetype":"WinEventLog:Security","splunk_server":"splunk-virtual-machine"}}
{"preview":false,"result":{"Account_Domain":"miacsdomain","Account_Name":"user-01","ComputerName":"Win-10.miacsdomain.com","EventCode":"5379","EventType":"0","Keywords":"Audit Success","LogName":"Security","Logon_ID":"0x706CD","Message":"Credential Manager credentials were read.\r\n\r\nSubject:\r\n\tSecurity ID:\t\tS-1-5-21-246749117-2054088174-1189330396-1105\r\n\tAccount Name:\t\tuser-01\r\n\tAccount Domain:\t\tmiacsdomain\r\n\tLogon ID:\t\t0x706CD\r\n\tRead Operation:\t\tEnumerate Credentials\r\n\r\nThis event occurs when a user performs a read operation on stored credentials in Credential Manager.","OpCode":"Info","Read_Operation":"Enumerate Credentials","RecordNumber":"9398","Security_ID":"S-1-5-21-246749117-2054088174-1189330396-1105","SourceName":"Microsoft Windows security auditing.","TaskCategory":"User Account Management","Type":"Information","_raw":"08/24/2026 01:29:33.648 PM\nLogName=Security\nEventCode=5379\nEventType=0\nComputerName=Win-10.miacsdomain.com\nSourceName=Microsoft Windows security auditing.\nType=Information\nRecordNumber=9398\nKeywords=Audit Success\nTaskCategory=User Account Management\nOpCode=Info\nMessage=Credential Manager credentials were read.\r\n\r\nSubject:\r\n\tSecurity ID:\t\tS-1-5-21-246749117-2054088174-1189330396-1105\r\n\tAccount Name:\t\tuser-01\r\n\tAccount Domain:\t\tmiacsdomain\r\n\tLogon ID:\t\t0x706CD\r\n\tRead Operation:\t\tEnumerate Credentials\r\n\r\nThis event occurs when a user performs a read operation on stored credentials in Credential Manager.","_time":"2026-08-24T13:29:33.648+0200","host":"Win-10","index":"main","linecount":"21","punct":"//_::._====-..=___.===_=__==____.\\r\\r:\\rt_:tt-------\\r","source":"WinEventLog:Security","sourcetype":"WinEventLog:Security","splunk_server":"splunk-virtual-machine"}}
{"preview":false,"result":{"Account_Domain":"NT AUTHORITY","Account_Name":"LOCAL SERVICE","ComputerName":"Win-10.miacsdomain.com","EventCode":"5379","EventType":"0","Keywords":"Audit Success","LogName":"Security","Logon_ID":"0x3E5","Message":"Credential Manager credentials were read.\r\n\r\nSubject:\r\n\tSecurity ID:\t\tS-1-5-19\r\n\tAccount Name:\t\tLOCAL SERVICE\r\n\tAccount Domain:\t\tNT AUTHORITY\r\n\tLogon ID:\t\t0x3E5\r\n\tRead Operation:\t\tEnumerate Credentials\r\n\r\nThis event occurs when a user performs a read operation on stored credentials in Credential Manager.","OpCode":"Info","Read_Operation":"Enumerate Credentials","RecordNumber":"9397","Security_ID":"S-1-5-19","SourceName":"Microsoft Windows security auditing.","TaskCategory":"User Account Management","Type":"Information","_raw":"08/24/2026 01:29:33.647 PM\nLogName=Security\nEventCode=5379\nEventType=0\nComputerName=Win-10.miacsdomain.com\nSourceName=Microsoft Windows security auditing.\nType=Information\nRecordNumber=9397\nKeywords=Audit Success\nTaskCategory=User Account Management\nOpCode=Info\nMessage=Credential Manager credentials were read.\r\n\r\nSubject:\r\n\tSecurity ID:\t\tS-1-5-19\r\n\tAccount Name:\t\tLOCAL SERVICE\r\n\tAccount Domain:\t\tNT AUTHORITY\r\n\tLogon ID:\t\t0x3E5\r\n\tRead Operation:\t\tEnumerate Credentials\r\n\r\nThis event occurs when a user performs a read operation on stored credentials in Credential Manager.","_time":"2026-08-24T13:29:33.647+0200","host":"Win-10","index":"main","linecount":"21","punct":"//_::._====-..=___.===_=__==____.\\r\\r:\\rt_:tt---\\rt_:t","source":"WinEventLog:Security","sourcetype":"WinEventLog:Security","splunk_server":"splunk-virtual-machine"}}
{"preview":false,"result":{"Account_Domain":"NT AUTHORITY","Account_Name":"LOCAL SERVICE","ComputerName":"Win-10.miacsdomain.com","EventCode":"5379","EventType":"0","Keywords":"Audit Success","LogName":"Security","Logon_ID":"0x3E5","Message":"Credential Manager credentials were read.\r\n\r\nSubject:\r\n\tSecurity ID:\t\tS-1-5-19\r\n\tAccount Name:\t\tLOCAL SERVICE\r\n\tAccount Domain:\t\tNT AUTHORITY\r\n\tLogon ID:\t\t0x3E5\r\n\tRead Operation:\t\tEnumerate Credentials\r\n\r\nThis event occurs when a user performs a read operation on stored credentials in Credential Manager.","OpCode":"Info","Read_Operation":"Enumerate Credentials","RecordNumber":"9396","Security_ID":"S-1-5-19","SourceName":"Microsoft Windows security auditing.","TaskCategory":"User Account Management","Type":"Information","_raw":"08/24/2026 01:29:33.645 PM\nLogName=Security\nEventCode=5379\nEventType=0\nComputerName=Win-10.miacsdomain.com\nSourceName=Microsoft Windows security auditing.\nType=Information\nRecordNumber=9396\nKeywords=Audit Success\nTaskCategory=User Account Management\nOpCode=Info\nMessage=Credential Manager credentials were read.\r\n\r\nSubject:\r\n\tSecurity ID:\t\tS-1-5-19\r\n\tAccount Name:\t\tLOCAL SERVICE\r\n\tAccount Domain:\t\tNT AUTHORITY\r\n\tLogon ID:\t\t0x3E5\r\n\tRead Operation:\t\tEnumerate Credentials\r\n\r\nThis event occurs when a user performs a read operation on stored credentials in Credential Manager.","_time":"2026-08-24T13:29:33.645+0200","host":"Win-10","index":"main","linecount":"21","punct":"//_::._====-..=___.===_=__==____.\\r\\r:\\rt_:tt---\\rt_:t","source":"WinEventLog:Security","sourcetype":"WinEventLog:Security","splunk_server":"splunk-virtual-machine"}}
{"preview":false,"result":{"Account_Domain":"NT AUTHORITY","Account_Name":"LOCAL SERVICE","ComputerName":"Win-10.miacsdomain.com","EventCode":"5379","EventType":"0","Keywords":"Audit Success","LogName":"Security","Logon_ID":"0x3E5","Message":"Credential Manager credentials were read.\r\n\r\nSubject:\r\n\tSecurity ID:\t\tS-1-5-19\r\n\tAccount Name:\t\tLOCAL SERVICE\r\n\tAccount Domain:\t\tNT AUTHORITY\r\n\tLogon ID:\t\t0x3E5\r\n\tRead Operation:\t\tEnumerate Credentials\r\n\r\nThis event occurs when a user performs a read operation on stored credentials in Credential Manager.","OpCode":"Info","Read_Operation":"Enumerate Credentials","RecordNumber":"9395","Security_ID":"S-1-5-19","SourceName":"Microsoft Windows security auditing.","TaskCategory":"User Account Management","Type":"Information","_raw":"08/24/2026 01:29:33.644 PM\nLogName=Security\nEventCode=5379\nEventType=0\nComputerName=Win-10.miacsdomain.com\nSourceName=Microsoft Windows security auditing.\nType=Information\nRecordNumber=9395\nKeywords=Audit Success\nTaskCategory=User Account Management\nOpCode=Info\nMessage=Credential Manager credentials were read.\r\n\r\nSubject:\r\n\tSecurity ID:\t\tS-1-5-19\r\n\tAccount Name:\t\tLOCAL SERVICE\r\n\tAccount Domain:\t\tNT AUTHORITY\r\n\tLogon ID:\t\t0x3E5\r\n\tRead Operation:\t\tEnumerate Credentials\r\n\r\nThis event occurs when a user performs a read operation on stored credentials in Credential Manager.","_time":"2026-08-24T13:29:33.644+0200","host":"Win-10","index":"main","linecount":"21","punct":"//_::._====-..=___.===_=__==____.\\r\\r:\\rt_:tt---\\rt_:t","source":"WinEventLog:Security","sourcetype":"WinEventLog:Security","splunk_server":"splunk-virtual-machine"}}
{"preview":false,"result":{"Account_Domain":"NT AUTHORITY","Account_Name":"LOCAL SERVICE","ComputerName":"Win-10.miacsdomain.com","EventCode":"5379","EventType":"0","Keywords":"Audit Success","LogName":"Security","Logon_ID":"0x3E5","Message":"Credential Manager credentials were read.\r\n\r\nSubject:\r\n\tSecurity ID:\t\tS-1-5-19\r\n\tAccount Name:\t\tLOCAL SERVICE\r\n\tAccount Domain:\t\tNT AUTHORITY\r\n\tLogon ID:\t\t0x3E5\r\n\tRead Operation:\t\tEnumerate Credentials\r\n\r\nThis event occurs when a user performs a read operation on stored credentials in Credential Manager.","OpCode":"Info","Read_Operation":"Enumerate Credentials","RecordNumber":"9394","Security_ID":"S-1-5-19","SourceName":"Microsoft Windows security auditing.","TaskCategory":"User Account Management","Type":"Information","_raw":"08/24/2026 01:29:33.644 PM\nLogName=Security\nEventCode=5379\nEventType=0\nComputerName=Win-10.miacsdomain.com\nSourceName=Microsoft Windows security auditing.\nType=Information\nRecordNumber=9394\nKeywords=Audit Success\nTaskCategory=User Account Management\nOpCode=Info\nMessage=Credential Manager credentials were read.\r\n\r\nSubject:\r\n\tSecurity ID:\t\tS-1-5-19\r\n\tAccount Name:\t\tLOCAL SERVICE\r\n\tAccount Domain:\t\tNT AUTHORITY\r\n\tLogon ID:\t\t0x3E5\r\n\tRead Operation:\t\tEnumerate Credentials\r\n\r\nThis event occurs when a user performs a read operation on stored credentials in Credential Manager.","_time":"2026-08-24T13:29:33.644+0200","host":"Win-10","index":"main","linecount":"21","punct":"//_::._====-..=___.===_=__==____.\\r\\r:\\rt_:tt---\\rt_:t","source":"WinEventLog:Security","sourcetype":"WinEventLog:Security","splunk_server":"splunk-virtual-machine"}}
{"preview":false,"result":{"CommandLine":"\"C:\\Program Files (x86)\\Microsoft\\EdgeUpdate\\MicrosoftEdgeUpdate.exe\" /ua /installsource core","Company":"Microsoft Corporation","ComputerName":"Win-10.miacsdomain.com","CurrentDirectory":"C:\\Program Files (x86)\\Microsoft\\EdgeUpdate\\1.3.249.3\\","Description":"Microsoft Edge Update","EventCode":"1","EventType":"4","FileVersion":"1.3.249.3","Hashes":"MD5=6BEF3D772E2E21F738A0C5745B8AE89D,SHA256=4EDD55E3788FCDBFDE74E728F3D0F1AAD1E408E83391910904D2A34B38A3E9D4,IMPHASH=CD3B2D99C6655A5D4A14E30E380F5BF9","Image":"C:\\Program Files (x86)\\Microsoft\\EdgeUpdate\\MicrosoftEdgeUpdate.exe","IntegrityLevel":"System","Keywords":"None","LogName":"Microsoft-Windows-Sysmon/Operational","LogonGuid":"{3f87e246-2af0-6a8c-e703-000000000000}","LogonId":"0x3E7","Message":"Process Create:\r\nRuleName: -\r\nUtcTime: 2026-08-24 11:29:33.579\r\nProcessGuid: {3f87e246-2b1d-6a8c-9600-000000001000}\r\nProcessId: 4120\r\nImage: C:\\Program Files (x86)\\Microsoft\\EdgeUpdate\\MicrosoftEdgeUpdate.exe\r\nFileVersion: 1.3.249.3\r\nDescription: Microsoft Edge Update\r\nProduct: Microsoft Edge Update\r\nCompany: Microsoft Corporation\r\nOriginalFileName: MicrosoftEdgeUpdate.exe\r\nCommandLine: \"C:\\Program Files (x86)\\Microsoft\\EdgeUpdate\\MicrosoftEdgeUpdate.exe\" /ua /installsource core\r\nCurrentDirectory: C:\\Program Files (x86)\\Microsoft\\EdgeUpdate\\1.3.249.3\\\r\nUser: NT AUTHORITY\\SYSTEM\r\nLogonGuid: {3f87e246-2af0-6a8c-e703-000000000000}\r\nLogonId: 0x3E7\r\nTerminalSessionId: 0\r\nIntegrityLevel: System\r\nHashes: MD5=6BEF3D772E2E21F738A0C5745B8AE89D,SHA256=4EDD55E3788FCDBFDE74E728F3D0F1AAD1E408E83391910904D2A34B38A3E9D4,IMPHASH=CD3B2D99C6655A5D4A14E30E380F5BF9\r\nParentProcessGuid: {3f87e246-2b1c-6a8c-8b00-000000001000}\r\nParentProcessId: 64\r\nParentImage: C:\\Program Files (x86)\\Microsoft\\EdgeUpdate\\MicrosoftEdgeUpdate.exe\r\nParentCommandLine: \"C:\\Program Files (x86)\\Microsoft\\EdgeUpdate\\MicrosoftEdgeUpdate.exe\" /c\r\nParentUser: NT AUTHORITY\\SYSTEM","OpCode":"Info","OriginalFileName":"MicrosoftEdgeUpdate.exe","ParentCommandLine":"\"C:\\Program Files (x86)\\Microsoft\\EdgeUpdate\\MicrosoftEdgeUpdate.exe\" /c","ParentImage":"C:\\Program Files (x86)\\Microsoft\\EdgeUpdate\\MicrosoftEdgeUpdate.exe","ParentProcessGuid":"{3f87e246-2b1c-6a8c-8b00-000000001000}","ParentProcessId":"64","ParentUser":"NT AUTHORITY\\SYSTEM","ProcessGuid":"{3f87e246-2b1d-6a8c-9600-000000001000}","ProcessId":"4120","Product":"Microsoft Edge Update","RecordNumber":"14378","RuleName":"-","Sid":"S-1-5-18","SidType":"0","SourceName":"Microsoft-Windows-Sysmon","TaskCategory":"Process Create (rule: ProcessCreate)","TerminalSessionId":"0","Type":"Information","User":["NOT_TRANSLATED","NT AUTHORITY\\SYSTEM"],"UtcTime":"2026-08-24 11:29:33.579","_raw":"08/24/2026 01:29:33.579 PM\nLogName=Microsoft-Windows-Sysmon/Operational\nEventCode=1\nEventType=4\nComputerName=Win-10.miacsdomain.com\nUser=NOT_TRANSLATED\nSid=S-1-5-18\nSidType=0\nSourceName=Microsoft-Windows-Sysmon\nType=Information\nRecordNumber=14378\nKeywords=None\nTaskCategory=Process Create (rule: ProcessCreate)\nOpCode=Info\nMessage=Process Create:\r\nRuleName: -\r\nUtcTime: 2026-08-24 11:29:33.579\r\nProcessGuid: {3f87e246-2b1d-6a8c-9600-000000001000}\r\nProcessId: 4120\r\nImage: C:\\Program Files (x86)\\Microsoft\\EdgeUpdate\\MicrosoftEdgeUpdate.exe\r\nFileVersion: 1.3.249.3\r\nDescription: Microsoft Edge Update\r\nProduct: Microsoft Edge Update\r\nCompany: Microsoft Corporation\r\nOriginalFileName: MicrosoftEdgeUpdate.exe\r\nCommandLine: \"C:\\Program Files (x86)\\Microsoft\\EdgeUpdate\\MicrosoftEdgeUpdate.exe\" /ua /installsource core\r\nCurrentDirectory: C:\\Program Files (x86)\\Microsoft\\EdgeUpdate\\1.3.249.3\\\r\nUser: NT AUTHORITY\\SYSTEM\r\nLogonGuid: {3f87e246-2af0-6a8c-e703-000000000000}\r\nLogonId: 0x3E7\r\nTerminalSessionId: 0\r\nIntegrityLevel: System\r\nHashes: MD5=6BEF3D772E2E21F738A0C5745B8AE89D,SHA256=4EDD55E3788FCDBFDE74E728F3D0F1AAD1E408E83391910904D2A34B38A3E9D4,IMPHASH=CD3B2D99C6655A5D4A14E30E380F5BF9\r\nParentProcessGuid: {3f87e246-2b1c-6a8c-8b00-000000001000}\r\nParentProcessId: 64\r\nParentImage: C:\\Program Files (x86)\\Microsoft\\EdgeUpdate\\MicrosoftEdgeUpdate.exe\r\nParentCommandLine: \"C:\\Program Files (x86)\\Microsoft\\EdgeUpdate\\MicrosoftEdgeUpdate.exe\" /c\r\nParentUser: NT AUTHORITY\\SYSTEM","_time":"2026-08-24T13:29:33.579+0200","host":"Win-10","index":"main","linecount":"38","punct":"//_::._=--/===-..==---==--====__(:_)==_:\\r:_-\\r:_--_","source":"WinEventLog:Microsoft-Windows-Sysmon/Operational","sourcetype":"WinEventLog:Microsoft-Windows-Sysmon/Operational","splunk_server":"splunk-virtual-machine"}}
{"preview":false,"result":{"CommandLine":"C:\\Windows\\System32\\slui.exe -Embedding","Company":"Microsoft Corporation","ComputerName":"Win-10.miacsdomain.com","CurrentDirectory":"C:\\Windows\\system32\\","Description":"Windows Activation Client","EventCode":"1","EventType":"4","FileVersion":"10.0.19041.3636 (WinBuild.160101.0800)","Hashes":"MD5=D46E8D1455C8CB43555F76FB77BF7E99,SHA256=E8AEDE3B2E70E058FF15091FFC5C9694A0B5AB0A83D9E1EE31FF3A1DB2D1DB21,IMPHASH=F2014F5555EEFEC494A169DEEBA0FEE5","Image":"C:\\Windows\\System32\\slui.exe","IntegrityLevel":"Medium","Keywords":"None","LogName":"Microsoft-Windows-Sysmon/Operational","LogonGuid":"{3f87e246-2b1c-6a8c-cd06-070000000000}","LogonId":"0x706CD","Message":"Process Create:\r\nRuleName: -\r\nUtcTime: 2026-08-24 11:29:33.543\r\nProcessGuid: {3f87e246-2b1d-6a8c-9500-000000001000}\r\nProcessId: 3500\r\nImage: C:\\Windows\\System32\\slui.exe\r\nFileVersion: 10.0.19041.3636 (WinBuild.160101.0800)\r\nDescription: Windows Activation Client\r\nProduct: Microsoft® Windows® Operating System\r\nCompany: Microsoft Corporation\r\nOriginalFileName: slui.exe\r\nCommandLine: C:\\Windows\\System32\\slui.exe -Embedding\r\nCurrentDirectory: C:\\Windows\\system32\\\r\nUser: miacsdomain\\user-01\r\nLogonGuid: {3f87e246-2b1c-6a8c-cd06-070000000000}\r\nLogonId: 0x706CD\r\nTerminalSessionId: 1\r\nIntegrityLevel: Medium\r\nHashes: MD5=D46E8D1455C8CB43555F76FB77BF7E99,SHA256=E8AEDE3B2E70E058FF15091FFC5C9694A0B5AB0A83D9E1EE31FF3A1DB2D1DB21,IMPHASH=F2014F5555EEFEC494A169DEEBA0FEE5\r\nParentProcessGuid: {3f87e246-2af0-6a8c-0d00-000000001000}\r\nParentProcessId: 744\r\nParentImage: C:\\Windows\\System32\\svchost.exe\r\nParentCommandLine: C:\\Windows\\system32\\svchost.exe -k DcomLaunch -p\r\nParentUser: NT AUTHORITY\\SYSTEM","OpCode":"Info","OriginalFileName":"slui.exe","ParentCommandLine":"C:\\Windows\\system32\\svchost.exe -k DcomLaunch -p","ParentImage":"C:\\Windows\\System32\\svchost.exe","ParentProcessGuid":"{3f87e246-2af0-6a8c-0d00-000000001000}","ParentProcessId":"744","ParentUser":"NT AUTHORITY\\SYSTEM","ProcessGuid":"{3f87e246-2b1d-6a8c-9500-000000001000}","ProcessId":"3500","Product":"Microsoft® Windows® Operating System","RecordNumber":"14377","RuleName":"-","Sid":"S-1-5-18","SidType":"0","SourceName":"Microsoft-Windows-Sysmon","TaskCategory":"Process Create (rule: ProcessCreate)","TerminalSessionId":"1","Type":"Information","User":["NOT_TRANSLATED","miacsdomain\\user-01"],"UtcTime":"2026-08-24 11:29:33.543","_raw":"08/24/2026 01:29:33.546 PM\nLogName=Microsoft-Windows-Sysmon/Operational\nEventCode=1\nEventType=4\nComputerName=Win-10.miacsdomain.com\nUser=NOT_TRANSLATED\nSid=S-1-5-18\nSidType=0\nSourceName=Microsoft-Windows-Sysmon\nType=Information\nRecordNumber=14377\nKeywords=None\nTaskCategory=Process Create (rule: ProcessCreate)\nOpCode=Info\nMessage=Process Create:\r\nRuleName: -\r\nUtcTime: 2026-08-24 11:29:33.543\r\nProcessGuid: {3f87e246-2b1d-6a8c-9500-000000001000}\r\nProcessId: 3500\r\nImage: C:\\Windows\\System32\\slui.exe\r\nFileVersion: 10.0.19041.3636 (WinBuild.160101.0800)\r\nDescription: Windows Activation Client\r\nProduct: Microsoft® Windows® Operating System\r\nCompany: Microsoft Corporation\r\nOriginalFileName: slui.exe\r\nCommandLine: C:\\Windows\\System32\\slui.exe -Embedding\r\nCurrentDirectory: C:\\Windows\\system32\\\r\nUser: miacsdomain\\user-01\r\nLogonGuid: {3f87e246-2b1c-6a8c-cd06-070000000000}\r\nLogonId: 0x706CD\r\nTerminalSessionId: 1\r\nIntegrityLevel: Medium\r\nHashes: MD5=D46E8D1455C8CB43555F76FB77BF7E99,SHA256=E8AEDE3B2E70E058FF15091FFC5C9694A0B5AB0A83D9E1EE31FF3A1DB2D1DB21,IMPHASH=F2014F5555EEFEC494A169DEEBA0FEE5\r\nParentProcessGuid: {3f87e246-2af0-6a8c-0d00-000000001000}\r\nParentProcessId: 744\r\nParentImage: C:\\Windows\\System32\\svchost.exe\r\nParentCommandLine: C:\\Windows\\system32\\svchost.exe -k DcomLaunch -p\r\nParentUser: NT AUTHORITY\\SYSTEM","_time":"2026-08-24T13:29:33.546+0200","host":"Win-10","index":"main","linecount":"38","punct":"//_::._=--/===-..==---==--====__(:_)==_:\\r:_-\\r:_--_","source":"WinEventLog:Microsoft-Windows-Sysmon/Operational","sourcetype":"WinEventLog:Microsoft-Windows-Sysmon/Operational","splunk_server":"splunk-virtual-machine"}}
{"preview":false,"result":{"CommandLine":"\"C:\\Windows\\System32\\SLUI.exe\" RuleId=31e71c49-8da7-4a2f-ad92-45d98a1c79ba;Action=AutoActivate;AppId=55c92734-d682-4d71-983e-d6ec3f16059f;SkuId=4de7cb65-cdf1-4de9-8ae8-e3cce27b9f2c;NotificationInterval=1440;Trigger=UserLogon;SessionId=1","Company":"Microsoft Corporation","ComputerName":"Win-10.miacsdomain.com","CurrentDirectory":"C:\\Windows\\system32\\","Description":"Windows Activation Client","EventCode":"1","EventType":"4","FileVersion":"10.0.19041.3636 (WinBuild.160101.0800)","Hashes":"MD5=D46E8D1455C8CB43555F76FB77BF7E99,SHA256=E8AEDE3B2E70E058FF15091FFC5C9694A0B5AB0A83D9E1EE31FF3A1DB2D1DB21,IMPHASH=F2014F5555EEFEC494A169DEEBA0FEE5","Image":"C:\\Windows\\System32\\slui.exe","IntegrityLevel":"System","Keywords":"None","LogName":"Microsoft-Windows-Sysmon/Operational","LogonGuid":"{3f87e246-2af0-6a8c-e403-000000000000}","LogonId":"0x3E4","Message":"Process Create:\r\nRuleName: -\r\nUtcTime: 2026-08-24 11:29:33.524\r\nProcessGuid: {3f87e246-2b1d-6a8c-9400-000000001000}\r\nProcessId: 3592\r\nImage: C:\\Windows\\System32\\slui.exe\r\nFileVersion: 10.0.19041.3636 (WinBuild.160101.0800)\r\nDescription: Windows Activation Client\r\nProduct: Microsoft® Windows® Operating System\r\nCompany: Microsoft Corporation\r\nOriginalFileName: slui.exe\r\nCommandLine: \"C:\\Windows\\System32\\SLUI.exe\" RuleId=31e71c49-8da7-4a2f-ad92-45d98a1c79ba;Action=AutoActivate;AppId=55c92734-d682-4d71-983e-d6ec3f16059f;SkuId=4de7cb65-cdf1-4de9-8ae8-e3cce27b9f2c;NotificationInterval=1440;Trigger=UserLogon;SessionId=1\r\nCurrentDirectory: C:\\Windows\\system32\\\r\nUser: NT AUTHORITY\\NETWORK SERVICE\r\nLogonGuid: {3f87e246-2af0-6a8c-e403-000000000000}\r\nLogonId: 0x3E4\r\nTerminalSessionId: 0\r\nIntegrityLevel: System\r\nHashes: MD5=D46E8D1455C8CB43555F76FB77BF7E99,SHA256=E8AEDE3B2E70E058FF15091FFC5C9694A0B5AB0A83D9E1EE31FF3A1DB2D1DB21,IMPHASH=F2014F5555EEFEC494A169DEEBA0FEE5\r\nParentProcessGuid: {3f87e246-2b1d-6a8c-9300-000000001000}\r\nParentProcessId: 3828\r\nParentImage: C:\\Windows\\System32\\SppExtComObj.Exe\r\nParentCommandLine: C:\\Windows\\system32\\SppExtComObj.exe -Embedding\r\nParentUser: NT AUTHORITY\\NETWORK SERVICE","OpCode":"Info","OriginalFileName":"slui.exe","ParentCommandLine":"C:\\Windows\\system32\\SppExtComObj.exe -Embedding","ParentImage":"C:\\Windows\\System32\\SppExtComObj.Exe","ParentProcessGuid":"{3f87e246-2b1d-6a8c-9300-000000001000}","ParentProcessId":"3828","ParentUser":"NT AUTHORITY\\NETWORK SERVICE","ProcessGuid":"{3f87e246-2b1d-6a8c-9400-000000001000}","ProcessId":"3592","Product":"Microsoft® Windows® Operating System","RecordNumber":"14376","RuleName":"-","Sid":"S-1-5-18","SidType":"0","SourceName":"Microsoft-Windows-Sysmon","TaskCategory":"Process Create (rule: ProcessCreate)","TerminalSessionId":"0","Type":"Information","User":["NOT_TRANSLATED","NT AUTHORITY\\NETWORK SERVICE"],"UtcTime":"2026-08-24 11:29:33.524","_raw":"08/24/2026 01:29:33.524 PM\nLogName=Microsoft-Windows-Sysmon/Operational\nEventCode=1\nEventType=4\nComputerName=Win-10.miacsdomain.com\nUser=NOT_TRANSLATED\nSid=S-1-5-18\nSidType=0\nSourceName=Microsoft-Windows-Sysmon\nType=Information\nRecordNumber=14376\nKeywords=None\nTaskCategory=Process Create (rule: ProcessCreate)\nOpCode=Info\nMessage=Process Create:\r\nRuleName: -\r\nUtcTime: 2026-08-24 11:29:33.524\r\nProcessGuid: {3f87e246-2b1d-6a8c-9400-000000001000}\r\nProcessId: 3592\r\nImage: C:\\Windows\\System32\\slui.exe\r\nFileVersion: 10.0.19041.3636 (WinBuild.160101.0800)\r\nDescription: Windows Activation Client\r\nProduct: Microsoft® Windows® Operating System\r\nCompany: Microsoft Corporation\r\nOriginalFileName: slui.exe\r\nCommandLine: \"C:\\Windows\\System32\\SLUI.exe\" RuleId=31e71c49-8da7-4a2f-ad92-45d98a1c79ba;Action=AutoActivate;AppId=55c92734-d682-4d71-983e-d6ec3f16059f;SkuId=4de7cb65-cdf1-4de9-8ae8-e3cce27b9f2c;NotificationInterval=1440;Trigger=UserLogon;SessionId=1\r\nCurrentDirectory: C:\\Windows\\system32\\\r\nUser: NT AUTHORITY\\NETWORK SERVICE\r\nLogonGuid: {3f87e246-2af0-6a8c-e403-000000000000}\r\nLogonId: 0x3E4\r\nTerminalSessionId: 0\r\nIntegrityLevel: System\r\nHashes: MD5=D46E8D1455C8CB43555F76FB77BF7E99,SHA256=E8AEDE3B2E70E058FF15091FFC5C9694A0B5AB0A83D9E1EE31FF3A1DB2D1DB21,IMPHASH=F2014F5555EEFEC494A169DEEBA0FEE5\r\nParentProcessGuid: {3f87e246-2b1d-6a8c-9300-000000001000}\r\nParentProcessId: 3828\r\nParentImage: C:\\Windows\\System32\\SppExtComObj.Exe\r\nParentCommandLine: C:\\Windows\\system32\\SppExtComObj.exe -Embedding\r\nParentUser: NT AUTHORITY\\NETWORK SERVICE","_time":"2026-08-24T13:29:33.524+0200","host":"Win-10","index":"main","linecount":"38","punct":"//_::._=--/===-..==---==--====__(:_)==_:\\r:_-\\r:_--_","source":"WinEventLog:Microsoft-Windows-Sysmon/Operational","sourcetype":"WinEventLog:Microsoft-Windows-Sysmon/Operational","splunk_server":"splunk-virtual-machine"}}
{"preview":false,"result":{"CommandLine":"C:\\Windows\\system32\\svchost.exe -k ClipboardSvcGroup -p","Company":"Microsoft Corporation","ComputerName":"Win-10.miacsdomain.com","CurrentDirectory":"C:\\Windows\\system32\\","Description":"Host Process for Windows Services","EventCode":"1","EventType":"4","FileVersion":"10.0.19041.3636 (WinBuild.160101.0800)","Hashes":"MD5=145DCF6706EEEA5B066885EE17964C09,SHA256=F13DE58416730D210DAB465B242E9C949FB0A0245EEF45B07C381F0C6C8A43C3,IMPHASH=247B9220E5D9B720A82B2C8B5069AD69","Image":"C:\\Windows\\System32\\svchost.exe","IntegrityLevel":"Medium","Keywords":"None","LogName":"Microsoft-Windows-Sysmon/Operational","LogonGuid":"{3f87e246-2b1c-6a8c-cd06-070000000000}","LogonId":"0x706CD","Message":"Process Create:\r\nRuleName: -\r\nUtcTime: 2026-08-24 11:29:33.129\r\nProcessGuid: {3f87e246-2b1d-6a8c-9100-000000001000}\r\nProcessId: 2848\r\nImage: C:\\Windows\\System32\\svchost.exe\r\nFileVersion: 10.0.19041.3636 (WinBuild.160101.0800)\r\nDescription: Host Process for Windows Services\r\nProduct: Microsoft® Windows® Operating System\r\nCompany: Microsoft Corporation\r\nOriginalFileName: svchost.exe\r\nCommandLine: C:\\Windows\\system32\\svchost.exe -k ClipboardSvcGroup -p\r\nCurrentDirectory: C:\\Windows\\system32\\\r\nUser: miacsdomain\\user-01\r\nLogonGuid: {3f87e246-2b1c-6a8c-cd06-070000000000}\r\nLogonId: 0x706CD\r\nTerminalSessionId: 1\r\nIntegrityLevel: Medium\r\nHashes: MD5=145DCF6706EEEA5B066885EE17964C09,SHA256=F13DE58416730D210DAB465B242E9C949FB0A0245EEF45B07C381F0C6C8A43C3,IMPHASH=247B9220E5D9B720A82B2C8B5069AD69\r\nParentProcessGuid: {3f87e246-2af0-6a8c-0b00-000000001000}\r\nParentProcessId: 612\r\nParentImage: C:\\Windows\\System32\\services.exe\r\nParentCommandLine: C:\\Windows\\system32\\services.exe\r\nParentUser: NT AUTHORITY\\SYSTEM","OpCode":"Info","OriginalFileName":"svchost.exe","ParentCommandLine":"C:\\Windows\\system32\\services.exe","ParentImage":"C:\\Windows\\System32\\services.exe","ParentProcessGuid":"{3f87e246-2af0-6a8c-0b00-000000001000}","ParentProcessId":"612","ParentUser":"NT AUTHORITY\\SYSTEM","ProcessGuid":"{3f87e246-2b1d-6a8c-9100-000000001000}","ProcessId":"2848","Product":"Microsoft® Windows® Operating System","RecordNumber":"14375","RuleName":"-","Sid":"S-1-5-18","SidType":"0","SourceName":"Microsoft-Windows-Sysmon","TaskCategory":"Process Create (rule: ProcessCreate)","TerminalSessionId":"1","Type":"Information","User":["NOT_TRANSLATED","miacsdomain\\user-01"],"UtcTime":"2026-08-24 11:29:33.129","_raw":"08/24/2026 01:29:33.143 PM\nLogName=Microsoft-Windows-Sysmon/Operational\nEventCode=1\nEventType=4\nComputerName=Win-10.miacsdomain.com\nUser=NOT_TRANSLATED\nSid=S-1-5-18\nSidType=0\nSourceName=Microsoft-Windows-Sysmon\nType=Information\nRecordNumber=14375\nKeywords=None\nTaskCategory=Process Create (rule: ProcessCreate)\nOpCode=Info\nMessage=Process Create:\r\nRuleName: -\r\nUtcTime: 2026-08-24 11:29:33.129\r\nProcessGuid: {3f87e246-2b1d-6a8c-9100-000000001000}\r\nProcessId: 2848\r\nImage: C:\\Windows\\System32\\svchost.exe\r\nFileVersion: 10.0.19041.3636 (WinBuild.160101.0800)\r\nDescription: Host Process for Windows Services\r\nProduct: Microsoft® Windows® Operating System\r\nCompany: Microsoft Corporation\r\nOriginalFileName: svchost.exe\r\nCommandLine: C:\\Windows\\system32\\svchost.exe -k ClipboardSvcGroup -p\r\nCurrentDirectory: C:\\Windows\\system32\\\r\nUser: miacsdomain\\user-01\r\nLogonGuid: {3f87e246-2b1c-6a8c-cd06-070000000000}\r\nLogonId: 0x706CD\r\nTerminalSessionId: 1\r\nIntegrityLevel: Medium\r\nHashes: MD5=145DCF6706EEEA5B066885EE17964C09,SHA256=F13DE58416730D210DAB465B242E9C949FB0A0245EEF45B07C381F0C6C8A43C3,IMPHASH=247B9220E5D9B720A82B2C8B5069AD69\r\nParentProcessGuid: {3f87e246-2af0-6a8c-0b00-000000001000}\r\nParentProcessId: 612\r\nParentImage: C:\\Windows\\System32\\services.exe\r\nParentCommandLine: C:\\Windows\\system32\\services.exe\r\nParentUser: NT AUTHORITY\\SYSTEM","_time":"2026-08-24T13:29:33.143+0200","host":"Win-10","index":"main","linecount":"38","punct":"//_::._=--/===-..==---==--====__(:_)==_:\\r:_-\\r:_--_","source":"WinEventLog:Microsoft-Windows-Sysmon/Operational","sourcetype":"WinEventLog:Microsoft-Windows-Sysmon/Operational","splunk_server":"splunk-virtual-machine"}}
{"preview":false,"result":{"ComputerName":"Win-10.miacsdomain.com","EventCode":"22","EventType":"4","Image":"C:\\Windows\\System32\\spoolsv.exe","Keywords":"None","LogName":"Microsoft-Windows-Sysmon/Operational","Message":"Dns query:\r\nRuleName: -\r\nUtcTime: 2026-08-24 11:29:32.647\r\nProcessGuid: {3f87e246-2af1-6a8c-2600-000000001000}\r\nProcessId: 1372\r\nQueryName: WIN-10\r\nQueryStatus: 0\r\nQueryResults: fe80::b2b1:c033:af13:a2a;::ffff:192.168.100.10;\r\nImage: C:\\Windows\\System32\\spoolsv.exe\r\nUser: NT AUTHORITY\\SYSTEM","OpCode":"Info","ProcessGuid":"{3f87e246-2af1-6a8c-2600-000000001000}","ProcessId":"1372","QueryName":"WIN-10","QueryResults":"fe80::b2b1:c033:af13:a2a;::ffff:192.168.100.10;","QueryStatus":"0","RecordNumber":"14374","RuleName":"-","Sid":"S-1-5-18","SidType":"0","SourceName":"Microsoft-Windows-Sysmon","TaskCategory":"Dns query (rule: DnsQuery)","Type":"Information","User":["NOT_TRANSLATED","NT AUTHORITY\\SYSTEM"],"UtcTime":"2026-08-24 11:29:32.647","_raw":"08/24/2026 01:29:33.067 PM\nLogName=Microsoft-Windows-Sysmon/Operational\nEventCode=22\nEventType=4\nComputerName=Win-10.miacsdomain.com\nUser=NOT_TRANSLATED\nSid=S-1-5-18\nSidType=0\nSourceName=Microsoft-Windows-Sysmon\nType=Information\nRecordNumber=14374\nKeywords=None\nTaskCategory=Dns query (rule: DnsQuery)\nOpCode=Info\nMessage=Dns query:\r\nRuleName: -\r\nUtcTime: 2026-08-24 11:29:32.647\r\nProcessGuid: {3f87e246-2af1-6a8c-2600-000000001000}\r\nProcessId: 1372\r\nQueryName: WIN-10\r\nQueryStatus: 0\r\nQueryResults: fe80::b2b1:c033:af13:a2a;::ffff:192.168.100.10;\r\nImage: C:\\Windows\\System32\\spoolsv.exe\r\nUser: NT AUTHORITY\\SYSTEM","_time":"2026-08-24T13:29:33.067+0200","host":"Win-10","index":"main","linecount":"24","punct":"//_::._=--/===-..==---==--====__(:_)==_:\\r:_-\\r:_--_","source":"WinEventLog:Microsoft-Windows-Sysmon/Operational","sourcetype":"WinEventLog:Microsoft-Windows-Sysmon/Operational","splunk_server":"splunk-virtual-machine"}}
{"preview":false,"result":{"CommandLine":"C:\\Windows\\Explorer.EXE","Company":"Microsoft Corporation","ComputerName":"Win-10.miacsdomain.com","CurrentDirectory":"C:\\Windows\\system32\\","Description":"Windows Explorer","EventCode":"1","EventType":"4","FileVersion":"10.0.19041.3758 (WinBuild.160101.0800)","Hashes":"MD5=02280F4613E3D8EB6579D79AB7A182CA,SHA256=81D8EA67D17BF48524C82D576F8DDADDB37A218D0566FD7F0AAB8B8FBD03F193,IMPHASH=D9331DE21D79B248BBFDF28F82FE85E1","Image":"C:\\Windows\\explorer.exe","IntegrityLevel":"Medium","Keywords":"None","LogName":"Microsoft-Windows-Sysmon/Operational","LogonGuid":"{3f87e246-2b1c-6a8c-cd06-070000000000}","LogonId":"0x706CD","Message":"Process Create:\r\nRuleName: -\r\nUtcTime: 2026-08-24 11:29:32.866\r\nProcessGuid: {3f87e246-2b1c-6a8c-8f00-000000001000}\r\nProcessId: 2644\r\nImage: C:\\Windows\\explorer.exe\r\nFileVersion: 10.0.19041.3758 (WinBuild.160101.0800)\r\nDescription: Windows Explorer\r\nProduct: Microsoft® Windows® Operating System\r\nCompany: Microsoft Corporation\r\nOriginalFileName: EXPLORER.EXE\r\nCommandLine: C:\\Windows\\Explorer.EXE\r\nCurrentDirectory: C:\\Windows\\system32\\\r\nUser: miacsdomain\\user-01\r\nLogonGuid: {3f87e246-2b1c-6a8c-cd06-070000000000}\r\nLogonId: 0x706CD\r\nTerminalSessionId: 1\r\nIntegrityLevel: Medium\r\nHashes: MD5=02280F4613E3D8EB6579D79AB7A182CA,SHA256=81D8EA67D17BF48524C82D576F8DDADDB37A218D0566FD7F0AAB8B8FBD03F193,IMPHASH=D9331DE21D79B248BBFDF28F82FE85E1\r\nParentProcessGuid: {3f87e246-2b1c-6a8c-8e00-000000001000}\r\nParentProcessId: 2668\r\nParentImage: C:\\Windows\\System32\\userinit.exe\r\nParentCommandLine: C:\\Windows\\system32\\userinit.exe\r\nParentUser: miacsdomain\\user-01","OpCode":"Info","OriginalFileName":"EXPLORER.EXE","ParentCommandLine":"C:\\Windows\\system32\\userinit.exe","ParentImage":"C:\\Windows\\System32\\userinit.exe","ParentProcessGuid":"{3f87e246-2b1c-6a8c-8e00-000000001000}","ParentProcessId":"2668","ParentUser":"miacsdomain\\user-01","ProcessGuid":"{3f87e246-2b1c-6a8c-8f00-000000001000}","ProcessId":"2644","Product":"Microsoft® Windows® Operating System","RecordNumber":"14373","RuleName":"-","Sid":"S-1-5-18","SidType":"0","SourceName":"Microsoft-Windows-Sysmon","TaskCategory":"Process Create (rule: ProcessCreate)","TerminalSessionId":"1","Type":"Information","User":["NOT_TRANSLATED","miacsdomain\\user-01"],"UtcTime":"2026-08-24 11:29:32.866","_raw":"08/24/2026 01:29:32.882 PM\nLogName=Microsoft-Windows-Sysmon/Operational\nEventCode=1\nEventType=4\nComputerName=Win-10.miacsdomain.com\nUser=NOT_TRANSLATED\nSid=S-1-5-18\nSidType=0\nSourceName=Microsoft-Windows-Sysmon\nType=Information\nRecordNumber=14373\nKeywords=None\nTaskCategory=Process Create (rule: ProcessCreate)\nOpCode=Info\nMessage=Process Create:\r\nRuleName: -\r\nUtcTime: 2026-08-24 11:29:32.866\r\nProcessGuid: {3f87e246-2b1c-6a8c-8f00-000000001000}\r\nProcessId: 2644\r\nImage: C:\\Windows\\explorer.exe\r\nFileVersion: 10.0.19041.3758 (WinBuild.160101.0800)\r\nDescription: Windows Explorer\r\nProduct: Microsoft® Windows® Operating System\r\nCompany: Microsoft Corporation\r\nOriginalFileName: EXPLORER.EXE\r\nCommandLine: C:\\Windows\\Explorer.EXE\r\nCurrentDirectory: C:\\Windows\\system32\\\r\nUser: miacsdomain\\user-01\r\nLogonGuid: {3f87e246-2b1c-6a8c-cd06-070000000000}\r\nLogonId: 0x706CD\r\nTerminalSessionId: 1\r\nIntegrityLevel: Medium\r\nHashes: MD5=02280F4613E3D8EB6579D79AB7A182CA,SHA256=81D8EA67D17BF48524C82D576F8DDADDB37A218D0566FD7F0AAB8B8FBD03F193,IMPHASH=D9331DE21D79B248BBFDF28F82FE85E1\r\nParentProcessGuid: {3f87e246-2b1c-6a8c-8e00-000000001000}\r\nParentProcessId: 2668\r\nParentImage: C:\\Windows\\System32\\userinit.exe\r\nParentCommandLine: C:\\Windows\\system32\\userinit.exe\r\nParentUser: miacsdomain\\user-01","_time":"2026-08-24T13:29:32.882+0200","host":"Win-10","index":"main","linecount":"38","punct":"//_::._=--/===-..==---==--====__(:_)==_:\\r:_-\\r:_--_","source":"WinEventLog:Microsoft-Windows-Sysmon/Operational","sourcetype":"WinEventLog:Microsoft-Windows-Sysmon/Operational","splunk_server":"splunk-virtual-machine"}}
{"preview":false,"result":{"CommandLine":"C:\\Windows\\system32\\userinit.exe","Company":"Microsoft Corporation","ComputerName":"Win-10.miacsdomain.com","CurrentDirectory":"C:\\Windows\\system32\\","Description":"Userinit Logon Application","EventCode":"1","EventType":"4","FileVersion":"10.0.19041.3636 (WinBuild.160101.0800)","Hashes":"MD5=961093C2AA93542221884B14EC103899,SHA256=33D0F627A62DED9A4CF0D6E2A59AB3777BBECF7D794373B8052D9CC9253A4C74,IMPHASH=06A4C8BBCAD2F5A646BCF9B4DFC6CA43","Image":"C:\\Windows\\System32\\userinit.exe","IntegrityLevel":"Medium","Keywords":"None","LogName":"Microsoft-Windows-Sysmon/Operational","LogonGuid":"{3f87e246-2b1c-6a8c-cd06-070000000000}","LogonId":"0x706CD","Message":"Process Create:\r\nRuleName: -\r\nUtcTime: 2026-08-24 11:29:32.846\r\nProcessGuid: {3f87e246-2b1c-6a8c-8e00-000000001000}\r\nProcessId: 2668\r\nImage: C:\\Windows\\System32\\userinit.exe\r\nFileVersion: 10.0.19041.3636 (WinBuild.160101.0800)\r\nDescription: Userinit Logon Application\r\nProduct: Microsoft® Windows® Operating System\r\nCompany: Microsoft Corporation\r\nOriginalFileName: USERINIT.EXE\r\nCommandLine: C:\\Windows\\system32\\userinit.exe\r\nCurrentDirectory: C:\\Windows\\system32\\\r\nUser: miacsdomain\\user-01\r\nLogonGuid: {3f87e246-2b1c-6a8c-cd06-070000000000}\r\nLogonId: 0x706CD\r\nTerminalSessionId: 1\r\nIntegrityLevel: Medium\r\nHashes: MD5=961093C2AA93542221884B14EC103899,SHA256=33D0F627A62DED9A4CF0D6E2A59AB3777BBECF7D794373B8052D9CC9253A4C74,IMPHASH=06A4C8BBCAD2F5A646BCF9B4DFC6CA43\r\nParentProcessGuid: {3f87e246-2af0-6a8c-0a00-000000001000}\r\nParentProcessId: 584\r\nParentImage: C:\\Windows\\System32\\winlogon.exe\r\nParentCommandLine: winlogon.exe\r\nParentUser: NT AUTHORITY\\SYSTEM","OpCode":"Info","OriginalFileName":"USERINIT.EXE","ParentCommandLine":"winlogon.exe","ParentImage":"C:\\Windows\\System32\\winlogon.exe","ParentProcessGuid":"{3f87e246-2af0-6a8c-0a00-000000001000}","ParentProcessId":"584","ParentUser":"NT AUTHORITY\\SYSTEM","ProcessGuid":"{3f87e246-2b1c-6a8c-8e00-000000001000}","ProcessId":"2668","Product":"Microsoft® Windows® Operating System","RecordNumber":"14372","RuleName":"-","Sid":"S-1-5-18","SidType":"0","SourceName":"Microsoft-Windows-Sysmon","TaskCategory":"Process Create (rule: ProcessCreate)","TerminalSessionId":"1","Type":"Information","User":["NOT_TRANSLATED","miacsdomain\\user-01"],"UtcTime":"2026-08-24 11:29:32.846","_raw":"08/24/2026 01:29:32.851 PM\nLogName=Microsoft-Windows-Sysmon/Operational\nEventCode=1\nEventType=4\nComputerName=Win-10.miacsdomain.com\nUser=NOT_TRANSLATED\nSid=S-1-5-18\nSidType=0\nSourceName=Microsoft-Windows-Sysmon\nType=Information\nRecordNumber=14372\nKeywords=None\nTaskCategory=Process Create (rule: ProcessCreate)\nOpCode=Info\nMessage=Process Create:\r\nRuleName: -\r\nUtcTime: 2026-08-24 11:29:32.846\r\nProcessGuid: {3f87e246-2b1c-6a8c-8e00-000000001000}\r\nProcessId: 2668\r\nImage: C:\\Windows\\System32\\userinit.exe\r\nFileVersion: 10.0.19041.3636 (WinBuild.160101.0800)\r\nDescription: Userinit Logon Application\r\nProduct: Microsoft® Windows® Operating System\r\nCompany: Microsoft Corporation\r\nOriginalFileName: USERINIT.EXE\r\nCommandLine: C:\\Windows\\system32\\userinit.exe\r\nCurrentDirectory: C:\\Windows\\system32\\\r\nUser: miacsdomain\\user-01\r\nLogonGuid: {3f87e246-2b1c-6a8c-cd06-070000000000}\r\nLogonId: 0x706CD\r\nTerminalSessionId: 1\r\nIntegrityLevel: Medium\r\nHashes: MD5=961093C2AA93542221884B14EC103899,SHA256=33D0F627A62DED9A4CF0D6E2A59AB3777BBECF7D794373B8052D9CC9253A4C74,IMPHASH=06A4C8BBCAD2F5A646BCF9B4DFC6CA43\r\nParentProcessGuid: {3f87e246-2af0-6a8c-0a00-000000001000}\r\nParentProcessId: 584\r\nParentImage: C:\\Windows\\System32\\winlogon.exe\r\nParentCommandLine: winlogon.exe\r\nParentUser: NT AUTHORITY\\SYSTEM","_time":"2026-08-24T13:29:32.851+0200","host":"Win-10","index":"main","linecount":"38","punct":"//_::._=--/===-..==---==--====__(:_)==_:\\r:_-\\r:_--_","source":"WinEventLog:Microsoft-Windows-Sysmon/Operational","sourcetype":"WinEventLog:Microsoft-Windows-Sysmon/Operational","splunk_server":"splunk-virtual-machine"}}
{"preview":false,"result":{"Account_Domain":"NT AUTHORITY","Account_Name":"LOCAL SERVICE","Algorithm_Name":"ECDSA_P256","ComputerName":"Win-10.miacsdomain.com","EventCode":"5059","EventType":"0","Key_Name":"Microsoft Connected Devices Platform device certificate","Key_Type":"User key.","Keywords":"Audit Success","LogName":"Security","Logon_ID":"0x3E5","Message":"Key migration operation.\r\n\r\nSubject:\r\n\tSecurity ID:\t\tS-1-5-19\r\n\tAccount Name:\t\tLOCAL SERVICE\r\n\tAccount Domain:\t\tNT AUTHORITY\r\n\tLogon ID:\t\t0x3E5\r\n\r\nProcess Information:\r\n\tProcess ID:\t\t560\r\n\tProcess Creation Time:\t‎2026‎-‎08‎-‎24T11:28:48.604149300Z\r\n\r\nCryptographic Parameters:\r\n\tProvider Name:\tMicrosoft Software Key Storage Provider\r\n\tAlgorithm Name:\tECDSA_P256\r\n\tKey Name:\tMicrosoft Connected Devices Platform device certificate\r\n\tKey Type:\tUser key.\r\n\r\nAdditional Information:\r\n\tOperation:\tExport of persistent cryptographic key.\r\n\tReturn Code:\t0x0","OpCode":"Info","Operation":"Export of persistent cryptographic key.","Process_Creation_Time":"‎2026‎-‎08‎-‎24T11:28:48.604149300Z","Process_ID":"560","Provider_Name":"Microsoft Software Key Storage Provider","RecordNumber":"9393","Return_Code":"0x0","Security_ID":"S-1-5-19","SourceName":"Microsoft Windows security auditing.","TaskCategory":"Other System Events","Type":"Information","_raw":"08/24/2026 01:29:32.679 PM\nLogName=Security\nEventCode=5059\nEventType=0\nComputerName=Win-10.miacsdomain.com\nSourceName=Microsoft Windows security auditing.\nType=Information\nRecordNumber=9393\nKeywords=Audit Success\nTaskCategory=Other System Events\nOpCode=Info\nMessage=Key migration operation.\r\n\r\nSubject:\r\n\tSecurity ID:\t\tS-1-5-19\r\n\tAccount Name:\t\tLOCAL SERVICE\r\n\tAccount Domain:\t\tNT AUTHORITY\r\n\tLogon ID:\t\t0x3E5\r\n\r\nProcess Information:\r\n\tProcess ID:\t\t560\r\n\tProcess Creation Time:\t‎2026‎-‎08‎-‎24T11:28:48.604149300Z\r\n\r\nCryptographic Parameters:\r\n\tProvider Name:\tMicrosoft Software Key Storage Provider\r\n\tAlgorithm Name:\tECDSA_P256\r\n\tKey Name:\tMicrosoft Connected Devices Platform device certificate\r\n\tKey Type:\tUser key.\r\n\r\nAdditional Information:\r\n\tOperation:\tExport of persistent cryptographic key.\r\n\tReturn Code:\t0x0","_time":"2026-08-24T13:29:32.679+0200","host":"Win-10","index":"main","linecount":"32","punct":"//_::._====-..=___.===_=__==__.\\r\\r:\\rt_:tt---\\rt_:tt_","source":"WinEventLog:Security","sourcetype":"WinEventLog:Security","splunk_server":"splunk-virtual-machine"}}
{"preview":false,"result":{"Account_Domain":"NT AUTHORITY","Account_Name":"LOCAL SERVICE","Algorithm_Name":"ECDSA_P256","ComputerName":"Win-10.miacsdomain.com","EventCode":"5061","EventType":"0","Key_Name":"Microsoft Connected Devices Platform device certificate","Key_Type":"User key.","Keywords":"Audit Success","LogName":"Security","Logon_ID":"0x3E5","Message":"Cryptographic operation.\r\n\r\nSubject:\r\n\tSecurity ID:\t\tS-1-5-19\r\n\tAccount Name:\t\tLOCAL SERVICE\r\n\tAccount Domain:\t\tNT AUTHORITY\r\n\tLogon ID:\t\t0x3E5\r\n\r\nCryptographic Parameters:\r\n\tProvider Name:\tMicrosoft Software Key Storage Provider\r\n\tAlgorithm Name:\tECDSA_P256\r\n\tKey Name:\tMicrosoft Connected Devices Platform device certificate\r\n\tKey Type:\tUser key.\r\n\r\nCryptographic Operation:\r\n\tOperation:\tOpen Key.\r\n\tReturn Code:\t0x0","OpCode":"Info","Operation":"Open Key.","Provider_Name":"Microsoft Software Key Storage Provider","RecordNumber":"9392","Return_Code":"0x0","Security_ID":"S-1-5-19","SourceName":"Microsoft Windows security auditing.","TaskCategory":"System Integrity","Type":"Information","_raw":"08/24/2026 01:29:32.679 PM\nLogName=Security\nEventCode=5061\nEventType=0\nComputerName=Win-10.miacsdomain.com\nSourceName=Microsoft Windows security auditing.\nType=Information\nRecordNumber=9392\nKeywords=Audit Success\nTaskCategory=System Integrity\nOpCode=Info\nMessage=Cryptographic operation.\r\n\r\nSubject:\r\n\tSecurity ID:\t\tS-1-5-19\r\n\tAccount Name:\t\tLOCAL SERVICE\r\n\tAccount Domain:\t\tNT AUTHORITY\r\n\tLogon ID:\t\t0x3E5\r\n\r\nCryptographic Parameters:\r\n\tProvider Name:\tMicrosoft Software Key Storage Provider\r\n\tAlgorithm Name:\tECDSA_P256\r\n\tKey Name:\tMicrosoft Connected Devices Platform device certificate\r\n\tKey Type:\tUser key.\r\n\r\nCryptographic Operation:\r\n\tOperation:\tOpen Key.\r\n\tReturn Code:\t0x0","_time":"2026-08-24T13:29:32.679+0200","host":"Win-10","index":"main","linecount":"28","punct":"//_::._====-..=___.===_=_==_.\\r\\r:\\rt_:tt---\\rt_:tt_\\rt","source":"WinEventLog:Security","sourcetype":"WinEventLog:Security","splunk_server":"splunk-virtual-machine"}}
{"preview":false,"result":{"Account_Domain":"NT AUTHORITY","Account_Name":"LOCAL SERVICE","Algorithm_Name":"UNKNOWN","ComputerName":"Win-10.miacsdomain.com","EventCode":"5058","EventType":"0","File_Path":"C:\\Windows\\ServiceProfiles\\LocalService\\AppData\\Roaming\\Microsoft\\Crypto\\Keys\\de7cf8a7901d2ad13e5c67c29e5d1662_3f87e246-0893-444e-829e-d4c88c966794","Key_Name":"Microsoft Connected Devices Platform device certificate","Key_Type":"User key.","Keywords":"Audit Success","LogName":"Security","Logon_ID":"0x3E5","Message":"Key file operation.\r\n\r\nSubject:\r\n\tSecurity ID:\t\tS-1-5-19\r\n\tAccount Name:\t\tLOCAL SERVICE\r\n\tAccount Domain:\t\tNT AUTHORITY\r\n\tLogon ID:\t\t0x3E5\r\n\r\nProcess Information:\r\n\tProcess ID:\t\t560\r\n\tProcess Creation Time:\t‎2026‎-‎08‎-‎24T11:28:48.604149300Z\r\n\r\nCryptographic Parameters:\r\n\tProvider Name:\tMicrosoft Software Key Storage Provider\r\n\tAlgorithm Name:\tUNKNOWN\r\n\tKey Name:\tMicrosoft Connected Devices Platform device certificate\r\n\tKey Type:\tUser key.\r\n\r\nKey File Operation Information:\r\n\tFile Path:\tC:\\Windows\\ServiceProfiles\\LocalService\\AppData\\Roaming\\Microsoft\\Crypto\\Keys\\de7cf8a7901d2ad13e5c67c29e5d1662_3f87e246-0893-444e-829e-d4c88c966794\r\n\tOperation:\tRead persisted key from file.\r\n\tReturn Code:\t0x0","OpCode":"Info","Operation":"Read persisted key from file.","Process_Creation_Time":"‎2026‎-‎08‎-‎24T11:28:48.604149300Z","Process_ID":"560","Provider_Name":"Microsoft Software Key Storage Provider","RecordNumber":"9391","Return_Code":"0x0","Security_ID":"S-1-5-19","SourceName":"Microsoft Windows security auditing.","TaskCategory":"Other System Events","Type":"Information","_raw":"08/24/2026 01:29:32.679 PM\nLogName=Security\nEventCode=5058\nEventType=0\nComputerName=Win-10.miacsdomain.com\nSourceName=Microsoft Windows security auditing.\nType=Information\nRecordNumber=9391\nKeywords=Audit Success\nTaskCategory=Other System Events\nOpCode=Info\nMessage=Key file operation.\r\n\r\nSubject:\r\n\tSecurity ID:\t\tS-1-5-19\r\n\tAccount Name:\t\tLOCAL SERVICE\r\n\tAccount Domain:\t\tNT AUTHORITY\r\n\tLogon ID:\t\t0x3E5\r\n\r\nProcess Information:\r\n\tProcess ID:\t\t560\r\n\tProcess Creation Time:\t‎2026‎-‎08‎-‎24T11:28:48.604149300Z\r\n\r\nCryptographic Parameters:\r\n\tProvider Name:\tMicrosoft Software Key Storage Provider\r\n\tAlgorithm Name:\tUNKNOWN\r\n\tKey Name:\tMicrosoft Connected Devices Platform device certificate\r\n\tKey Type:\tUser key.\r\n\r\nKey File Operation Information:\r\n\tFile Path:\tC:\\Windows\\ServiceProfiles\\LocalService\\AppData\\Roaming\\Microsoft\\Crypto\\Keys\\de7cf8a7901d2ad13e5c67c29e5d1662_3f87e246-0893-444e-829e-d4c88c966794\r\n\tOperation:\tRead persisted key from file.\r\n\tReturn Code:\t0x0","_time":"2026-08-24T13:29:32.679+0200","host":"Win-10","index":"main","linecount":"33","punct":"//_::._====-..=___.===_=__==__.\\r\\r:\\rt_:tt---\\rt_:tt_","source":"WinEventLog:Security","sourcetype":"WinEventLog:Security","splunk_server":"splunk-virtual-machine"}}
