{"preview":false,"result":{"ComputerName":"Win-10.miacsdomain.com","Details":"DWORD (0x00000003)","EventCode":"13","EventType":["4","SetValue"],"Image":"C:\\Windows\\system32\\services.exe","Keywords":"None","LogName":"Microsoft-Windows-Sysmon/Operational","Message":"Registry value set:\r\nRuleName: T1031,T1050\r\nEventType: SetValue\r\nUtcTime: 2026-08-24 11:29:32.419\r\nProcessGuid: {3f87e246-2af0-6a8c-0b00-000000001000}\r\nProcessId: 612\r\nImage: C:\\Windows\\system32\\services.exe\r\nTargetObject: HKLM\\System\\CurrentControlSet\\Services\\UnistoreSvc_73218\\Start\r\nDetails: DWORD (0x00000003)\r\nUser: NT AUTHORITY\\SYSTEM","OpCode":"Info","ProcessGuid":"{3f87e246-2af0-6a8c-0b00-000000001000}","ProcessId":"612","RecordNumber":"14359","RuleName":"T1031,T1050","Sid":"S-1-5-18","SidType":"0","SourceName":"Microsoft-Windows-Sysmon","TargetObject":"HKLM\\System\\CurrentControlSet\\Services\\UnistoreSvc_73218\\Start","TaskCategory":"Registry value set (rule: RegistryEvent)","Type":"Information","User":["NOT_TRANSLATED","NT AUTHORITY\\SYSTEM"],"UtcTime":"2026-08-24 11:29:32.419","_raw":"08/24/2026 01:29:32.424 PM\nLogName=Microsoft-Windows-Sysmon/Operational\nEventCode=13\nEventType=4\nComputerName=Win-10.miacsdomain.com\nUser=NOT_TRANSLATED\nSid=S-1-5-18\nSidType=0\nSourceName=Microsoft-Windows-Sysmon\nType=Information\nRecordNumber=14359\nKeywords=None\nTaskCategory=Registry value set (rule: RegistryEvent)\nOpCode=Info\nMessage=Registry value set:\r\nRuleName: T1031,T1050\r\nEventType: SetValue\r\nUtcTime: 2026-08-24 11:29:32.419\r\nProcessGuid: {3f87e246-2af0-6a8c-0b00-000000001000}\r\nProcessId: 612\r\nImage: C:\\Windows\\system32\\services.exe\r\nTargetObject: HKLM\\System\\CurrentControlSet\\Services\\UnistoreSvc_73218\\Start\r\nDetails: DWORD (0x00000003)\r\nUser: NT AUTHORITY\\SYSTEM","_time":"2026-08-24T13:29:32.424+0200","host":"Win-10","index":"main","linecount":"24","punct":"//_::._=--/===-..==---==--====___(:_)==__:\\r:_,\\r:_\\r","source":"WinEventLog:Microsoft-Windows-Sysmon/Operational","sourcetype":"WinEventLog:Microsoft-Windows-Sysmon/Operational","splunk_server":"splunk-virtual-machine"}}
{"preview":false,"result":{"ComputerName":"Win-10.miacsdomain.com","Details":"C:\\Windows\\system32\\svchost.exe -k UdkSvcGroup","EventCode":"13","EventType":["4","SetValue"],"Image":"C:\\Windows\\system32\\services.exe","Keywords":"None","LogName":"Microsoft-Windows-Sysmon/Operational","Message":"Registry value set:\r\nRuleName: T1031,T1050\r\nEventType: SetValue\r\nUtcTime: 2026-08-24 11:29:32.419\r\nProcessGuid: {3f87e246-2af0-6a8c-0b00-000000001000}\r\nProcessId: 612\r\nImage: C:\\Windows\\system32\\services.exe\r\nTargetObject: HKLM\\System\\CurrentControlSet\\Services\\UdkUserSvc_73218\\ImagePath\r\nDetails: C:\\Windows\\system32\\svchost.exe -k UdkSvcGroup\r\nUser: NT AUTHORITY\\SYSTEM","OpCode":"Info","ProcessGuid":"{3f87e246-2af0-6a8c-0b00-000000001000}","ProcessId":"612","RecordNumber":"14358","RuleName":"T1031,T1050","Sid":"S-1-5-18","SidType":"0","SourceName":"Microsoft-Windows-Sysmon","TargetObject":"HKLM\\System\\CurrentControlSet\\Services\\UdkUserSvc_73218\\ImagePath","TaskCategory":"Registry value set (rule: RegistryEvent)","Type":"Information","User":["NOT_TRANSLATED","NT AUTHORITY\\SYSTEM"],"UtcTime":"2026-08-24 11:29:32.419","_raw":"08/24/2026 01:29:32.423 PM\nLogName=Microsoft-Windows-Sysmon/Operational\nEventCode=13\nEventType=4\nComputerName=Win-10.miacsdomain.com\nUser=NOT_TRANSLATED\nSid=S-1-5-18\nSidType=0\nSourceName=Microsoft-Windows-Sysmon\nType=Information\nRecordNumber=14358\nKeywords=None\nTaskCategory=Registry value set (rule: RegistryEvent)\nOpCode=Info\nMessage=Registry value set:\r\nRuleName: T1031,T1050\r\nEventType: SetValue\r\nUtcTime: 2026-08-24 11:29:32.419\r\nProcessGuid: {3f87e246-2af0-6a8c-0b00-000000001000}\r\nProcessId: 612\r\nImage: C:\\Windows\\system32\\services.exe\r\nTargetObject: HKLM\\System\\CurrentControlSet\\Services\\UdkUserSvc_73218\\ImagePath\r\nDetails: C:\\Windows\\system32\\svchost.exe -k UdkSvcGroup\r\nUser: NT AUTHORITY\\SYSTEM","_time":"2026-08-24T13:29:32.423+0200","host":"Win-10","index":"main","linecount":"24","punct":"//_::._=--/===-..==---==--====___(:_)==__:\\r:_,\\r:_\\r","source":"WinEventLog:Microsoft-Windows-Sysmon/Operational","sourcetype":"WinEventLog:Microsoft-Windows-Sysmon/Operational","splunk_server":"splunk-virtual-machine"}}
{"preview":false,"result":{"ComputerName":"Win-10.miacsdomain.com","Details":"DWORD (0x00000003)","EventCode":"13","EventType":["4","SetValue"],"Image":"C:\\Windows\\system32\\services.exe","Keywords":"None","LogName":"Microsoft-Windows-Sysmon/Operational","Message":"Registry value set:\r\nRuleName: T1031,T1050\r\nEventType: SetValue\r\nUtcTime: 2026-08-24 11:29:32.419\r\nProcessGuid: {3f87e246-2af0-6a8c-0b00-000000001000}\r\nProcessId: 612\r\nImage: C:\\Windows\\system32\\services.exe\r\nTargetObject: HKLM\\System\\CurrentControlSet\\Services\\UdkUserSvc_73218\\Start\r\nDetails: DWORD (0x00000003)\r\nUser: NT AUTHORITY\\SYSTEM","OpCode":"Info","ProcessGuid":"{3f87e246-2af0-6a8c-0b00-000000001000}","ProcessId":"612","RecordNumber":"14357","RuleName":"T1031,T1050","Sid":"S-1-5-18","SidType":"0","SourceName":"Microsoft-Windows-Sysmon","TargetObject":"HKLM\\System\\CurrentControlSet\\Services\\UdkUserSvc_73218\\Start","TaskCategory":"Registry value set (rule: RegistryEvent)","Type":"Information","User":["NOT_TRANSLATED","NT AUTHORITY\\SYSTEM"],"UtcTime":"2026-08-24 11:29:32.419","_raw":"08/24/2026 01:29:32.422 PM\nLogName=Microsoft-Windows-Sysmon/Operational\nEventCode=13\nEventType=4\nComputerName=Win-10.miacsdomain.com\nUser=NOT_TRANSLATED\nSid=S-1-5-18\nSidType=0\nSourceName=Microsoft-Windows-Sysmon\nType=Information\nRecordNumber=14357\nKeywords=None\nTaskCategory=Registry value set (rule: RegistryEvent)\nOpCode=Info\nMessage=Registry value set:\r\nRuleName: T1031,T1050\r\nEventType: SetValue\r\nUtcTime: 2026-08-24 11:29:32.419\r\nProcessGuid: {3f87e246-2af0-6a8c-0b00-000000001000}\r\nProcessId: 612\r\nImage: C:\\Windows\\system32\\services.exe\r\nTargetObject: HKLM\\System\\CurrentControlSet\\Services\\UdkUserSvc_73218\\Start\r\nDetails: DWORD (0x00000003)\r\nUser: NT AUTHORITY\\SYSTEM","_time":"2026-08-24T13:29:32.422+0200","host":"Win-10","index":"main","linecount":"24","punct":"//_::._=--/===-..==---==--====___(:_)==__:\\r:_,\\r:_\\r","source":"WinEventLog:Microsoft-Windows-Sysmon/Operational","sourcetype":"WinEventLog:Microsoft-Windows-Sysmon/Operational","splunk_server":"splunk-virtual-machine"}}
{"preview":false,"result":{"ComputerName":"Win-10.miacsdomain.com","Details":"C:\\Windows\\system32\\svchost.exe -k PrintWorkflow","EventCode":"13","EventType":["4","SetValue"],"Image":"C:\\Windows\\system32\\services.exe","Keywords":"None","LogName":"Microsoft-Windows-Sysmon/Operational","Message":"Registry value set:\r\nRuleName: T1031,T1050\r\nEventType: SetValue\r\nUtcTime: 2026-08-24 11:29:32.419\r\nProcessGuid: {3f87e246-2af0-6a8c-0b00-000000001000}\r\nProcessId: 612\r\nImage: C:\\Windows\\system32\\services.exe\r\nTargetObject: HKLM\\System\\CurrentControlSet\\Services\\PrintWorkflowUserSvc_73218\\ImagePath\r\nDetails: C:\\Windows\\system32\\svchost.exe -k PrintWorkflow\r\nUser: NT AUTHORITY\\SYSTEM","OpCode":"Info","ProcessGuid":"{3f87e246-2af0-6a8c-0b00-000000001000}","ProcessId":"612","RecordNumber":"14356","RuleName":"T1031,T1050","Sid":"S-1-5-18","SidType":"0","SourceName":"Microsoft-Windows-Sysmon","TargetObject":"HKLM\\System\\CurrentControlSet\\Services\\PrintWorkflowUserSvc_73218\\ImagePath","TaskCategory":"Registry value set (rule: RegistryEvent)","Type":"Information","User":["NOT_TRANSLATED","NT AUTHORITY\\SYSTEM"],"UtcTime":"2026-08-24 11:29:32.419","_raw":"08/24/2026 01:29:32.421 PM\nLogName=Microsoft-Windows-Sysmon/Operational\nEventCode=13\nEventType=4\nComputerName=Win-10.miacsdomain.com\nUser=NOT_TRANSLATED\nSid=S-1-5-18\nSidType=0\nSourceName=Microsoft-Windows-Sysmon\nType=Information\nRecordNumber=14356\nKeywords=None\nTaskCategory=Registry value set (rule: RegistryEvent)\nOpCode=Info\nMessage=Registry value set:\r\nRuleName: T1031,T1050\r\nEventType: SetValue\r\nUtcTime: 2026-08-24 11:29:32.419\r\nProcessGuid: {3f87e246-2af0-6a8c-0b00-000000001000}\r\nProcessId: 612\r\nImage: C:\\Windows\\system32\\services.exe\r\nTargetObject: HKLM\\System\\CurrentControlSet\\Services\\PrintWorkflowUserSvc_73218\\ImagePath\r\nDetails: C:\\Windows\\system32\\svchost.exe -k PrintWorkflow\r\nUser: NT AUTHORITY\\SYSTEM","_time":"2026-08-24T13:29:32.421+0200","host":"Win-10","index":"main","linecount":"24","punct":"//_::._=--/===-..==---==--====___(:_)==__:\\r:_,\\r:_\\r","source":"WinEventLog:Microsoft-Windows-Sysmon/Operational","sourcetype":"WinEventLog:Microsoft-Windows-Sysmon/Operational","splunk_server":"splunk-virtual-machine"}}
{"preview":false,"result":{"ComputerName":"Win-10.miacsdomain.com","Details":"DWORD (0x00000003)","EventCode":"13","EventType":["4","SetValue"],"Image":"C:\\Windows\\system32\\services.exe","Keywords":"None","LogName":"Microsoft-Windows-Sysmon/Operational","Message":"Registry value set:\r\nRuleName: T1031,T1050\r\nEventType: SetValue\r\nUtcTime: 2026-08-24 11:29:32.419\r\nProcessGuid: {3f87e246-2af0-6a8c-0b00-000000001000}\r\nProcessId: 612\r\nImage: C:\\Windows\\system32\\services.exe\r\nTargetObject: HKLM\\System\\CurrentControlSet\\Services\\PrintWorkflowUserSvc_73218\\Start\r\nDetails: DWORD (0x00000003)\r\nUser: NT AUTHORITY\\SYSTEM","OpCode":"Info","ProcessGuid":"{3f87e246-2af0-6a8c-0b00-000000001000}","ProcessId":"612","RecordNumber":"14355","RuleName":"T1031,T1050","Sid":"S-1-5-18","SidType":"0","SourceName":"Microsoft-Windows-Sysmon","TargetObject":"HKLM\\System\\CurrentControlSet\\Services\\PrintWorkflowUserSvc_73218\\Start","TaskCategory":"Registry value set (rule: RegistryEvent)","Type":"Information","User":["NOT_TRANSLATED","NT AUTHORITY\\SYSTEM"],"UtcTime":"2026-08-24 11:29:32.419","_raw":"08/24/2026 01:29:32.421 PM\nLogName=Microsoft-Windows-Sysmon/Operational\nEventCode=13\nEventType=4\nComputerName=Win-10.miacsdomain.com\nUser=NOT_TRANSLATED\nSid=S-1-5-18\nSidType=0\nSourceName=Microsoft-Windows-Sysmon\nType=Information\nRecordNumber=14355\nKeywords=None\nTaskCategory=Registry value set (rule: RegistryEvent)\nOpCode=Info\nMessage=Registry value set:\r\nRuleName: T1031,T1050\r\nEventType: SetValue\r\nUtcTime: 2026-08-24 11:29:32.419\r\nProcessGuid: {3f87e246-2af0-6a8c-0b00-000000001000}\r\nProcessId: 612\r\nImage: C:\\Windows\\system32\\services.exe\r\nTargetObject: HKLM\\System\\CurrentControlSet\\Services\\PrintWorkflowUserSvc_73218\\Start\r\nDetails: DWORD (0x00000003)\r\nUser: NT AUTHORITY\\SYSTEM","_time":"2026-08-24T13:29:32.421+0200","host":"Win-10","index":"main","linecount":"24","punct":"//_::._=--/===-..==---==--====___(:_)==__:\\r:_,\\r:_\\r","source":"WinEventLog:Microsoft-Windows-Sysmon/Operational","sourcetype":"WinEventLog:Microsoft-Windows-Sysmon/Operational","splunk_server":"splunk-virtual-machine"}}
{"preview":false,"result":{"ComputerName":"Win-10.miacsdomain.com","Details":"C:\\Windows\\system32\\svchost.exe -k UnistackSvcGroup","EventCode":"13","EventType":["4","SetValue"],"Image":"C:\\Windows\\system32\\services.exe","Keywords":"None","LogName":"Microsoft-Windows-Sysmon/Operational","Message":"Registry value set:\r\nRuleName: T1031,T1050\r\nEventType: SetValue\r\nUtcTime: 2026-08-24 11:29:32.419\r\nProcessGuid: {3f87e246-2af0-6a8c-0b00-000000001000}\r\nProcessId: 612\r\nImage: C:\\Windows\\system32\\services.exe\r\nTargetObject: HKLM\\System\\CurrentControlSet\\Services\\PimIndexMaintenanceSvc_73218\\ImagePath\r\nDetails: C:\\Windows\\system32\\svchost.exe -k UnistackSvcGroup\r\nUser: NT AUTHORITY\\SYSTEM","OpCode":"Info","ProcessGuid":"{3f87e246-2af0-6a8c-0b00-000000001000}","ProcessId":"612","RecordNumber":"14354","RuleName":"T1031,T1050","Sid":"S-1-5-18","SidType":"0","SourceName":"Microsoft-Windows-Sysmon","TargetObject":"HKLM\\System\\CurrentControlSet\\Services\\PimIndexMaintenanceSvc_73218\\ImagePath","TaskCategory":"Registry value set (rule: RegistryEvent)","Type":"Information","User":["NOT_TRANSLATED","NT AUTHORITY\\SYSTEM"],"UtcTime":"2026-08-24 11:29:32.419","_raw":"08/24/2026 01:29:32.420 PM\nLogName=Microsoft-Windows-Sysmon/Operational\nEventCode=13\nEventType=4\nComputerName=Win-10.miacsdomain.com\nUser=NOT_TRANSLATED\nSid=S-1-5-18\nSidType=0\nSourceName=Microsoft-Windows-Sysmon\nType=Information\nRecordNumber=14354\nKeywords=None\nTaskCategory=Registry value set (rule: RegistryEvent)\nOpCode=Info\nMessage=Registry value set:\r\nRuleName: T1031,T1050\r\nEventType: SetValue\r\nUtcTime: 2026-08-24 11:29:32.419\r\nProcessGuid: {3f87e246-2af0-6a8c-0b00-000000001000}\r\nProcessId: 612\r\nImage: C:\\Windows\\system32\\services.exe\r\nTargetObject: HKLM\\System\\CurrentControlSet\\Services\\PimIndexMaintenanceSvc_73218\\ImagePath\r\nDetails: C:\\Windows\\system32\\svchost.exe -k UnistackSvcGroup\r\nUser: NT AUTHORITY\\SYSTEM","_time":"2026-08-24T13:29:32.420+0200","host":"Win-10","index":"main","linecount":"24","punct":"//_::._=--/===-..==---==--====___(:_)==__:\\r:_,\\r:_\\r","source":"WinEventLog:Microsoft-Windows-Sysmon/Operational","sourcetype":"WinEventLog:Microsoft-Windows-Sysmon/Operational","splunk_server":"splunk-virtual-machine"}}
{"preview":false,"result":{"ComputerName":"Win-10.miacsdomain.com","Details":"DWORD (0x00000003)","EventCode":"13","EventType":["4","SetValue"],"Image":"C:\\Windows\\system32\\services.exe","Keywords":"None","LogName":"Microsoft-Windows-Sysmon/Operational","Message":"Registry value set:\r\nRuleName: T1031,T1050\r\nEventType: SetValue\r\nUtcTime: 2026-08-24 11:29:32.419\r\nProcessGuid: {3f87e246-2af0-6a8c-0b00-000000001000}\r\nProcessId: 612\r\nImage: C:\\Windows\\system32\\services.exe\r\nTargetObject: HKLM\\System\\CurrentControlSet\\Services\\PimIndexMaintenanceSvc_73218\\Start\r\nDetails: DWORD (0x00000003)\r\nUser: NT AUTHORITY\\SYSTEM","OpCode":"Info","ProcessGuid":"{3f87e246-2af0-6a8c-0b00-000000001000}","ProcessId":"612","RecordNumber":"14353","RuleName":"T1031,T1050","Sid":"S-1-5-18","SidType":"0","SourceName":"Microsoft-Windows-Sysmon","TargetObject":"HKLM\\System\\CurrentControlSet\\Services\\PimIndexMaintenanceSvc_73218\\Start","TaskCategory":"Registry value set (rule: RegistryEvent)","Type":"Information","User":["NOT_TRANSLATED","NT AUTHORITY\\SYSTEM"],"UtcTime":"2026-08-24 11:29:32.419","_raw":"08/24/2026 01:29:32.420 PM\nLogName=Microsoft-Windows-Sysmon/Operational\nEventCode=13\nEventType=4\nComputerName=Win-10.miacsdomain.com\nUser=NOT_TRANSLATED\nSid=S-1-5-18\nSidType=0\nSourceName=Microsoft-Windows-Sysmon\nType=Information\nRecordNumber=14353\nKeywords=None\nTaskCategory=Registry value set (rule: RegistryEvent)\nOpCode=Info\nMessage=Registry value set:\r\nRuleName: T1031,T1050\r\nEventType: SetValue\r\nUtcTime: 2026-08-24 11:29:32.419\r\nProcessGuid: {3f87e246-2af0-6a8c-0b00-000000001000}\r\nProcessId: 612\r\nImage: C:\\Windows\\system32\\services.exe\r\nTargetObject: HKLM\\System\\CurrentControlSet\\Services\\PimIndexMaintenanceSvc_73218\\Start\r\nDetails: DWORD (0x00000003)\r\nUser: NT AUTHORITY\\SYSTEM","_time":"2026-08-24T13:29:32.420+0200","host":"Win-10","index":"main","linecount":"24","punct":"//_::._=--/===-..==---==--====___(:_)==__:\\r:_,\\r:_\\r","source":"WinEventLog:Microsoft-Windows-Sysmon/Operational","sourcetype":"WinEventLog:Microsoft-Windows-Sysmon/Operational","splunk_server":"splunk-virtual-machine"}}
{"preview":false,"result":{"ComputerName":"Win-10.miacsdomain.com","Details":"C:\\Windows\\system32\\svchost.exe -k UnistackSvcGroup","EventCode":"13","EventType":["4","SetValue"],"Image":"C:\\Windows\\system32\\services.exe","Keywords":"None","LogName":"Microsoft-Windows-Sysmon/Operational","Message":"Registry value set:\r\nRuleName: T1031,T1050\r\nEventType: SetValue\r\nUtcTime: 2026-08-24 11:29:32.419\r\nProcessGuid: {3f87e246-2af0-6a8c-0b00-000000001000}\r\nProcessId: 612\r\nImage: C:\\Windows\\system32\\services.exe\r\nTargetObject: HKLM\\System\\CurrentControlSet\\Services\\OneSyncSvc_73218\\ImagePath\r\nDetails: C:\\Windows\\system32\\svchost.exe -k UnistackSvcGroup\r\nUser: NT AUTHORITY\\SYSTEM","OpCode":"Info","ProcessGuid":"{3f87e246-2af0-6a8c-0b00-000000001000}","ProcessId":"612","RecordNumber":"14352","RuleName":"T1031,T1050","Sid":"S-1-5-18","SidType":"0","SourceName":"Microsoft-Windows-Sysmon","TargetObject":"HKLM\\System\\CurrentControlSet\\Services\\OneSyncSvc_73218\\ImagePath","TaskCategory":"Registry value set (rule: RegistryEvent)","Type":"Information","User":["NOT_TRANSLATED","NT AUTHORITY\\SYSTEM"],"UtcTime":"2026-08-24 11:29:32.419","_raw":"08/24/2026 01:29:32.420 PM\nLogName=Microsoft-Windows-Sysmon/Operational\nEventCode=13\nEventType=4\nComputerName=Win-10.miacsdomain.com\nUser=NOT_TRANSLATED\nSid=S-1-5-18\nSidType=0\nSourceName=Microsoft-Windows-Sysmon\nType=Information\nRecordNumber=14352\nKeywords=None\nTaskCategory=Registry value set (rule: RegistryEvent)\nOpCode=Info\nMessage=Registry value set:\r\nRuleName: T1031,T1050\r\nEventType: SetValue\r\nUtcTime: 2026-08-24 11:29:32.419\r\nProcessGuid: {3f87e246-2af0-6a8c-0b00-000000001000}\r\nProcessId: 612\r\nImage: C:\\Windows\\system32\\services.exe\r\nTargetObject: HKLM\\System\\CurrentControlSet\\Services\\OneSyncSvc_73218\\ImagePath\r\nDetails: C:\\Windows\\system32\\svchost.exe -k UnistackSvcGroup\r\nUser: NT AUTHORITY\\SYSTEM","_time":"2026-08-24T13:29:32.420+0200","host":"Win-10","index":"main","linecount":"24","punct":"//_::._=--/===-..==---==--====___(:_)==__:\\r:_,\\r:_\\r","source":"WinEventLog:Microsoft-Windows-Sysmon/Operational","sourcetype":"WinEventLog:Microsoft-Windows-Sysmon/Operational","splunk_server":"splunk-virtual-machine"}}
{"preview":false,"result":{"ComputerName":"Win-10.miacsdomain.com","Details":"DWORD (0x00000002)","EventCode":"13","EventType":["4","SetValue"],"Image":"C:\\Windows\\system32\\services.exe","Keywords":"None","LogName":"Microsoft-Windows-Sysmon/Operational","Message":"Registry value set:\r\nRuleName: T1031,T1050\r\nEventType: SetValue\r\nUtcTime: 2026-08-24 11:29:32.419\r\nProcessGuid: {3f87e246-2af0-6a8c-0b00-000000001000}\r\nProcessId: 612\r\nImage: C:\\Windows\\system32\\services.exe\r\nTargetObject: HKLM\\System\\CurrentControlSet\\Services\\OneSyncSvc_73218\\Start\r\nDetails: DWORD (0x00000002)\r\nUser: NT AUTHORITY\\SYSTEM","OpCode":"Info","ProcessGuid":"{3f87e246-2af0-6a8c-0b00-000000001000}","ProcessId":"612","RecordNumber":"14351","RuleName":"T1031,T1050","Sid":"S-1-5-18","SidType":"0","SourceName":"Microsoft-Windows-Sysmon","TargetObject":"HKLM\\System\\CurrentControlSet\\Services\\OneSyncSvc_73218\\Start","TaskCategory":"Registry value set (rule: RegistryEvent)","Type":"Information","User":["NOT_TRANSLATED","NT AUTHORITY\\SYSTEM"],"UtcTime":"2026-08-24 11:29:32.419","_raw":"08/24/2026 01:29:32.420 PM\nLogName=Microsoft-Windows-Sysmon/Operational\nEventCode=13\nEventType=4\nComputerName=Win-10.miacsdomain.com\nUser=NOT_TRANSLATED\nSid=S-1-5-18\nSidType=0\nSourceName=Microsoft-Windows-Sysmon\nType=Information\nRecordNumber=14351\nKeywords=None\nTaskCategory=Registry value set (rule: RegistryEvent)\nOpCode=Info\nMessage=Registry value set:\r\nRuleName: T1031,T1050\r\nEventType: SetValue\r\nUtcTime: 2026-08-24 11:29:32.419\r\nProcessGuid: {3f87e246-2af0-6a8c-0b00-000000001000}\r\nProcessId: 612\r\nImage: C:\\Windows\\system32\\services.exe\r\nTargetObject: HKLM\\System\\CurrentControlSet\\Services\\OneSyncSvc_73218\\Start\r\nDetails: DWORD (0x00000002)\r\nUser: NT AUTHORITY\\SYSTEM","_time":"2026-08-24T13:29:32.420+0200","host":"Win-10","index":"main","linecount":"24","punct":"//_::._=--/===-..==---==--====___(:_)==__:\\r:_,\\r:_\\r","source":"WinEventLog:Microsoft-Windows-Sysmon/Operational","sourcetype":"WinEventLog:Microsoft-Windows-Sysmon/Operational","splunk_server":"splunk-virtual-machine"}}
{"preview":false,"result":{"ComputerName":"Win-10.miacsdomain.com","Details":"C:\\Windows\\system32\\svchost.exe -k UnistackSvcGroup","EventCode":"13","EventType":["4","SetValue"],"Image":"C:\\Windows\\system32\\services.exe","Keywords":"None","LogName":"Microsoft-Windows-Sysmon/Operational","Message":"Registry value set:\r\nRuleName: T1031,T1050\r\nEventType: SetValue\r\nUtcTime: 2026-08-24 11:29:32.403\r\nProcessGuid: {3f87e246-2af0-6a8c-0b00-000000001000}\r\nProcessId: 612\r\nImage: C:\\Windows\\system32\\services.exe\r\nTargetObject: HKLM\\System\\CurrentControlSet\\Services\\MessagingService_73218\\ImagePath\r\nDetails: C:\\Windows\\system32\\svchost.exe -k UnistackSvcGroup\r\nUser: NT AUTHORITY\\SYSTEM","OpCode":"Info","ProcessGuid":"{3f87e246-2af0-6a8c-0b00-000000001000}","ProcessId":"612","RecordNumber":"14350","RuleName":"T1031,T1050","Sid":"S-1-5-18","SidType":"0","SourceName":"Microsoft-Windows-Sysmon","TargetObject":"HKLM\\System\\CurrentControlSet\\Services\\MessagingService_73218\\ImagePath","TaskCategory":"Registry value set (rule: RegistryEvent)","Type":"Information","User":["NOT_TRANSLATED","NT AUTHORITY\\SYSTEM"],"UtcTime":"2026-08-24 11:29:32.403","_raw":"08/24/2026 01:29:32.418 PM\nLogName=Microsoft-Windows-Sysmon/Operational\nEventCode=13\nEventType=4\nComputerName=Win-10.miacsdomain.com\nUser=NOT_TRANSLATED\nSid=S-1-5-18\nSidType=0\nSourceName=Microsoft-Windows-Sysmon\nType=Information\nRecordNumber=14350\nKeywords=None\nTaskCategory=Registry value set (rule: RegistryEvent)\nOpCode=Info\nMessage=Registry value set:\r\nRuleName: T1031,T1050\r\nEventType: SetValue\r\nUtcTime: 2026-08-24 11:29:32.403\r\nProcessGuid: {3f87e246-2af0-6a8c-0b00-000000001000}\r\nProcessId: 612\r\nImage: C:\\Windows\\system32\\services.exe\r\nTargetObject: HKLM\\System\\CurrentControlSet\\Services\\MessagingService_73218\\ImagePath\r\nDetails: C:\\Windows\\system32\\svchost.exe -k UnistackSvcGroup\r\nUser: NT AUTHORITY\\SYSTEM","_time":"2026-08-24T13:29:32.418+0200","host":"Win-10","index":"main","linecount":"24","punct":"//_::._=--/===-..==---==--====___(:_)==__:\\r:_,\\r:_\\r","source":"WinEventLog:Microsoft-Windows-Sysmon/Operational","sourcetype":"WinEventLog:Microsoft-Windows-Sysmon/Operational","splunk_server":"splunk-virtual-machine"}}
{"preview":false,"result":{"ComputerName":"Win-10.miacsdomain.com","Details":"DWORD (0x00000003)","EventCode":"13","EventType":["4","SetValue"],"Image":"C:\\Windows\\system32\\services.exe","Keywords":"None","LogName":"Microsoft-Windows-Sysmon/Operational","Message":"Registry value set:\r\nRuleName: T1031,T1050\r\nEventType: SetValue\r\nUtcTime: 2026-08-24 11:29:32.403\r\nProcessGuid: {3f87e246-2af0-6a8c-0b00-000000001000}\r\nProcessId: 612\r\nImage: C:\\Windows\\system32\\services.exe\r\nTargetObject: HKLM\\System\\CurrentControlSet\\Services\\MessagingService_73218\\Start\r\nDetails: DWORD (0x00000003)\r\nUser: NT AUTHORITY\\SYSTEM","OpCode":"Info","ProcessGuid":"{3f87e246-2af0-6a8c-0b00-000000001000}","ProcessId":"612","RecordNumber":"14349","RuleName":"T1031,T1050","Sid":"S-1-5-18","SidType":"0","SourceName":"Microsoft-Windows-Sysmon","TargetObject":"HKLM\\System\\CurrentControlSet\\Services\\MessagingService_73218\\Start","TaskCategory":"Registry value set (rule: RegistryEvent)","Type":"Information","User":["NOT_TRANSLATED","NT AUTHORITY\\SYSTEM"],"UtcTime":"2026-08-24 11:29:32.403","_raw":"08/24/2026 01:29:32.418 PM\nLogName=Microsoft-Windows-Sysmon/Operational\nEventCode=13\nEventType=4\nComputerName=Win-10.miacsdomain.com\nUser=NOT_TRANSLATED\nSid=S-1-5-18\nSidType=0\nSourceName=Microsoft-Windows-Sysmon\nType=Information\nRecordNumber=14349\nKeywords=None\nTaskCategory=Registry value set (rule: RegistryEvent)\nOpCode=Info\nMessage=Registry value set:\r\nRuleName: T1031,T1050\r\nEventType: SetValue\r\nUtcTime: 2026-08-24 11:29:32.403\r\nProcessGuid: {3f87e246-2af0-6a8c-0b00-000000001000}\r\nProcessId: 612\r\nImage: C:\\Windows\\system32\\services.exe\r\nTargetObject: HKLM\\System\\CurrentControlSet\\Services\\MessagingService_73218\\Start\r\nDetails: DWORD (0x00000003)\r\nUser: NT AUTHORITY\\SYSTEM","_time":"2026-08-24T13:29:32.418+0200","host":"Win-10","index":"main","linecount":"24","punct":"//_::._=--/===-..==---==--====___(:_)==__:\\r:_,\\r:_\\r","source":"WinEventLog:Microsoft-Windows-Sysmon/Operational","sourcetype":"WinEventLog:Microsoft-Windows-Sysmon/Operational","splunk_server":"splunk-virtual-machine"}}
{"preview":false,"result":{"ComputerName":"Win-10.miacsdomain.com","Details":"C:\\Windows\\system32\\svchost.exe -k DevicesFlow","EventCode":"13","EventType":["4","SetValue"],"Image":"C:\\Windows\\system32\\services.exe","Keywords":"None","LogName":"Microsoft-Windows-Sysmon/Operational","Message":"Registry value set:\r\nRuleName: T1031,T1050\r\nEventType: SetValue\r\nUtcTime: 2026-08-24 11:29:32.403\r\nProcessGuid: {3f87e246-2af0-6a8c-0b00-000000001000}\r\nProcessId: 612\r\nImage: C:\\Windows\\system32\\services.exe\r\nTargetObject: HKLM\\System\\CurrentControlSet\\Services\\DevicesFlowUserSvc_73218\\ImagePath\r\nDetails: C:\\Windows\\system32\\svchost.exe -k DevicesFlow\r\nUser: NT AUTHORITY\\SYSTEM","OpCode":"Info","ProcessGuid":"{3f87e246-2af0-6a8c-0b00-000000001000}","ProcessId":"612","RecordNumber":"14348","RuleName":"T1031,T1050","Sid":"S-1-5-18","SidType":"0","SourceName":"Microsoft-Windows-Sysmon","TargetObject":"HKLM\\System\\CurrentControlSet\\Services\\DevicesFlowUserSvc_73218\\ImagePath","TaskCategory":"Registry value set (rule: RegistryEvent)","Type":"Information","User":["NOT_TRANSLATED","NT AUTHORITY\\SYSTEM"],"UtcTime":"2026-08-24 11:29:32.403","_raw":"08/24/2026 01:29:32.418 PM\nLogName=Microsoft-Windows-Sysmon/Operational\nEventCode=13\nEventType=4\nComputerName=Win-10.miacsdomain.com\nUser=NOT_TRANSLATED\nSid=S-1-5-18\nSidType=0\nSourceName=Microsoft-Windows-Sysmon\nType=Information\nRecordNumber=14348\nKeywords=None\nTaskCategory=Registry value set (rule: RegistryEvent)\nOpCode=Info\nMessage=Registry value set:\r\nRuleName: T1031,T1050\r\nEventType: SetValue\r\nUtcTime: 2026-08-24 11:29:32.403\r\nProcessGuid: {3f87e246-2af0-6a8c-0b00-000000001000}\r\nProcessId: 612\r\nImage: C:\\Windows\\system32\\services.exe\r\nTargetObject: HKLM\\System\\CurrentControlSet\\Services\\DevicesFlowUserSvc_73218\\ImagePath\r\nDetails: C:\\Windows\\system32\\svchost.exe -k DevicesFlow\r\nUser: NT AUTHORITY\\SYSTEM","_time":"2026-08-24T13:29:32.418+0200","host":"Win-10","index":"main","linecount":"24","punct":"//_::._=--/===-..==---==--====___(:_)==__:\\r:_,\\r:_\\r","source":"WinEventLog:Microsoft-Windows-Sysmon/Operational","sourcetype":"WinEventLog:Microsoft-Windows-Sysmon/Operational","splunk_server":"splunk-virtual-machine"}}
{"preview":false,"result":{"ComputerName":"Win-10.miacsdomain.com","Details":"DWORD (0x00000003)","EventCode":"13","EventType":["4","SetValue"],"Image":"C:\\Windows\\system32\\services.exe","Keywords":"None","LogName":"Microsoft-Windows-Sysmon/Operational","Message":"Registry value set:\r\nRuleName: T1031,T1050\r\nEventType: SetValue\r\nUtcTime: 2026-08-24 11:29:32.403\r\nProcessGuid: {3f87e246-2af0-6a8c-0b00-000000001000}\r\nProcessId: 612\r\nImage: C:\\Windows\\system32\\services.exe\r\nTargetObject: HKLM\\System\\CurrentControlSet\\Services\\DevicesFlowUserSvc_73218\\Start\r\nDetails: DWORD (0x00000003)\r\nUser: NT AUTHORITY\\SYSTEM","OpCode":"Info","ProcessGuid":"{3f87e246-2af0-6a8c-0b00-000000001000}","ProcessId":"612","RecordNumber":"14347","RuleName":"T1031,T1050","Sid":"S-1-5-18","SidType":"0","SourceName":"Microsoft-Windows-Sysmon","TargetObject":"HKLM\\System\\CurrentControlSet\\Services\\DevicesFlowUserSvc_73218\\Start","TaskCategory":"Registry value set (rule: RegistryEvent)","Type":"Information","User":["NOT_TRANSLATED","NT AUTHORITY\\SYSTEM"],"UtcTime":"2026-08-24 11:29:32.403","_raw":"08/24/2026 01:29:32.418 PM\nLogName=Microsoft-Windows-Sysmon/Operational\nEventCode=13\nEventType=4\nComputerName=Win-10.miacsdomain.com\nUser=NOT_TRANSLATED\nSid=S-1-5-18\nSidType=0\nSourceName=Microsoft-Windows-Sysmon\nType=Information\nRecordNumber=14347\nKeywords=None\nTaskCategory=Registry value set (rule: RegistryEvent)\nOpCode=Info\nMessage=Registry value set:\r\nRuleName: T1031,T1050\r\nEventType: SetValue\r\nUtcTime: 2026-08-24 11:29:32.403\r\nProcessGuid: {3f87e246-2af0-6a8c-0b00-000000001000}\r\nProcessId: 612\r\nImage: C:\\Windows\\system32\\services.exe\r\nTargetObject: HKLM\\System\\CurrentControlSet\\Services\\DevicesFlowUserSvc_73218\\Start\r\nDetails: DWORD (0x00000003)\r\nUser: NT AUTHORITY\\SYSTEM","_time":"2026-08-24T13:29:32.418+0200","host":"Win-10","index":"main","linecount":"24","punct":"//_::._=--/===-..==---==--====___(:_)==__:\\r:_,\\r:_\\r","source":"WinEventLog:Microsoft-Windows-Sysmon/Operational","sourcetype":"WinEventLog:Microsoft-Windows-Sysmon/Operational","splunk_server":"splunk-virtual-machine"}}
{"preview":false,"result":{"ComputerName":"Win-10.miacsdomain.com","Details":"C:\\Windows\\system32\\svchost.exe -k DevicesFlow","EventCode":"13","EventType":["4","SetValue"],"Image":"C:\\Windows\\system32\\services.exe","Keywords":"None","LogName":"Microsoft-Windows-Sysmon/Operational","Message":"Registry value set:\r\nRuleName: T1031,T1050\r\nEventType: SetValue\r\nUtcTime: 2026-08-24 11:29:32.403\r\nProcessGuid: {3f87e246-2af0-6a8c-0b00-000000001000}\r\nProcessId: 612\r\nImage: C:\\Windows\\system32\\services.exe\r\nTargetObject: HKLM\\System\\CurrentControlSet\\Services\\DevicePickerUserSvc_73218\\ImagePath\r\nDetails: C:\\Windows\\system32\\svchost.exe -k DevicesFlow\r\nUser: NT AUTHORITY\\SYSTEM","OpCode":"Info","ProcessGuid":"{3f87e246-2af0-6a8c-0b00-000000001000}","ProcessId":"612","RecordNumber":"14346","RuleName":"T1031,T1050","Sid":"S-1-5-18","SidType":"0","SourceName":"Microsoft-Windows-Sysmon","TargetObject":"HKLM\\System\\CurrentControlSet\\Services\\DevicePickerUserSvc_73218\\ImagePath","TaskCategory":"Registry value set (rule: RegistryEvent)","Type":"Information","User":["NOT_TRANSLATED","NT AUTHORITY\\SYSTEM"],"UtcTime":"2026-08-24 11:29:32.403","_raw":"08/24/2026 01:29:32.418 PM\nLogName=Microsoft-Windows-Sysmon/Operational\nEventCode=13\nEventType=4\nComputerName=Win-10.miacsdomain.com\nUser=NOT_TRANSLATED\nSid=S-1-5-18\nSidType=0\nSourceName=Microsoft-Windows-Sysmon\nType=Information\nRecordNumber=14346\nKeywords=None\nTaskCategory=Registry value set (rule: RegistryEvent)\nOpCode=Info\nMessage=Registry value set:\r\nRuleName: T1031,T1050\r\nEventType: SetValue\r\nUtcTime: 2026-08-24 11:29:32.403\r\nProcessGuid: {3f87e246-2af0-6a8c-0b00-000000001000}\r\nProcessId: 612\r\nImage: C:\\Windows\\system32\\services.exe\r\nTargetObject: HKLM\\System\\CurrentControlSet\\Services\\DevicePickerUserSvc_73218\\ImagePath\r\nDetails: C:\\Windows\\system32\\svchost.exe -k DevicesFlow\r\nUser: NT AUTHORITY\\SYSTEM","_time":"2026-08-24T13:29:32.418+0200","host":"Win-10","index":"main","linecount":"24","punct":"//_::._=--/===-..==---==--====___(:_)==__:\\r:_,\\r:_\\r","source":"WinEventLog:Microsoft-Windows-Sysmon/Operational","sourcetype":"WinEventLog:Microsoft-Windows-Sysmon/Operational","splunk_server":"splunk-virtual-machine"}}
{"preview":false,"result":{"ComputerName":"Win-10.miacsdomain.com","Details":"DWORD (0x00000003)","EventCode":"13","EventType":["4","SetValue"],"Image":"C:\\Windows\\system32\\services.exe","Keywords":"None","LogName":"Microsoft-Windows-Sysmon/Operational","Message":"Registry value set:\r\nRuleName: T1031,T1050\r\nEventType: SetValue\r\nUtcTime: 2026-08-24 11:29:32.403\r\nProcessGuid: {3f87e246-2af0-6a8c-0b00-000000001000}\r\nProcessId: 612\r\nImage: C:\\Windows\\system32\\services.exe\r\nTargetObject: HKLM\\System\\CurrentControlSet\\Services\\DevicePickerUserSvc_73218\\Start\r\nDetails: DWORD (0x00000003)\r\nUser: NT AUTHORITY\\SYSTEM","OpCode":"Info","ProcessGuid":"{3f87e246-2af0-6a8c-0b00-000000001000}","ProcessId":"612","RecordNumber":"14345","RuleName":"T1031,T1050","Sid":"S-1-5-18","SidType":"0","SourceName":"Microsoft-Windows-Sysmon","TargetObject":"HKLM\\System\\CurrentControlSet\\Services\\DevicePickerUserSvc_73218\\Start","TaskCategory":"Registry value set (rule: RegistryEvent)","Type":"Information","User":["NOT_TRANSLATED","NT AUTHORITY\\SYSTEM"],"UtcTime":"2026-08-24 11:29:32.403","_raw":"08/24/2026 01:29:32.418 PM\nLogName=Microsoft-Windows-Sysmon/Operational\nEventCode=13\nEventType=4\nComputerName=Win-10.miacsdomain.com\nUser=NOT_TRANSLATED\nSid=S-1-5-18\nSidType=0\nSourceName=Microsoft-Windows-Sysmon\nType=Information\nRecordNumber=14345\nKeywords=None\nTaskCategory=Registry value set (rule: RegistryEvent)\nOpCode=Info\nMessage=Registry value set:\r\nRuleName: T1031,T1050\r\nEventType: SetValue\r\nUtcTime: 2026-08-24 11:29:32.403\r\nProcessGuid: {3f87e246-2af0-6a8c-0b00-000000001000}\r\nProcessId: 612\r\nImage: C:\\Windows\\system32\\services.exe\r\nTargetObject: HKLM\\System\\CurrentControlSet\\Services\\DevicePickerUserSvc_73218\\Start\r\nDetails: DWORD (0x00000003)\r\nUser: NT AUTHORITY\\SYSTEM","_time":"2026-08-24T13:29:32.418+0200","host":"Win-10","index":"main","linecount":"24","punct":"//_::._=--/===-..==---==--====___(:_)==__:\\r:_,\\r:_\\r","source":"WinEventLog:Microsoft-Windows-Sysmon/Operational","sourcetype":"WinEventLog:Microsoft-Windows-Sysmon/Operational","splunk_server":"splunk-virtual-machine"}}
{"preview":false,"result":{"ComputerName":"Win-10.miacsdomain.com","Details":"C:\\Windows\\system32\\svchost.exe -k DevicesFlow -p","EventCode":"13","EventType":["4","SetValue"],"Image":"C:\\Windows\\system32\\services.exe","Keywords":"None","LogName":"Microsoft-Windows-Sysmon/Operational","Message":"Registry value set:\r\nRuleName: T1031,T1050\r\nEventType: SetValue\r\nUtcTime: 2026-08-24 11:29:32.403\r\nProcessGuid: {3f87e246-2af0-6a8c-0b00-000000001000}\r\nProcessId: 612\r\nImage: C:\\Windows\\system32\\services.exe\r\nTargetObject: HKLM\\System\\CurrentControlSet\\Services\\DeviceAssociationBrokerSvc_73218\\ImagePath\r\nDetails: C:\\Windows\\system32\\svchost.exe -k DevicesFlow -p\r\nUser: NT AUTHORITY\\SYSTEM","OpCode":"Info","ProcessGuid":"{3f87e246-2af0-6a8c-0b00-000000001000}","ProcessId":"612","RecordNumber":"14344","RuleName":"T1031,T1050","Sid":"S-1-5-18","SidType":"0","SourceName":"Microsoft-Windows-Sysmon","TargetObject":"HKLM\\System\\CurrentControlSet\\Services\\DeviceAssociationBrokerSvc_73218\\ImagePath","TaskCategory":"Registry value set (rule: RegistryEvent)","Type":"Information","User":["NOT_TRANSLATED","NT AUTHORITY\\SYSTEM"],"UtcTime":"2026-08-24 11:29:32.403","_raw":"08/24/2026 01:29:32.418 PM\nLogName=Microsoft-Windows-Sysmon/Operational\nEventCode=13\nEventType=4\nComputerName=Win-10.miacsdomain.com\nUser=NOT_TRANSLATED\nSid=S-1-5-18\nSidType=0\nSourceName=Microsoft-Windows-Sysmon\nType=Information\nRecordNumber=14344\nKeywords=None\nTaskCategory=Registry value set (rule: RegistryEvent)\nOpCode=Info\nMessage=Registry value set:\r\nRuleName: T1031,T1050\r\nEventType: SetValue\r\nUtcTime: 2026-08-24 11:29:32.403\r\nProcessGuid: {3f87e246-2af0-6a8c-0b00-000000001000}\r\nProcessId: 612\r\nImage: C:\\Windows\\system32\\services.exe\r\nTargetObject: HKLM\\System\\CurrentControlSet\\Services\\DeviceAssociationBrokerSvc_73218\\ImagePath\r\nDetails: C:\\Windows\\system32\\svchost.exe -k DevicesFlow -p\r\nUser: NT AUTHORITY\\SYSTEM","_time":"2026-08-24T13:29:32.418+0200","host":"Win-10","index":"main","linecount":"24","punct":"//_::._=--/===-..==---==--====___(:_)==__:\\r:_,\\r:_\\r","source":"WinEventLog:Microsoft-Windows-Sysmon/Operational","sourcetype":"WinEventLog:Microsoft-Windows-Sysmon/Operational","splunk_server":"splunk-virtual-machine"}}
{"preview":false,"result":{"ComputerName":"Win-10.miacsdomain.com","Details":"DWORD (0x00000003)","EventCode":"13","EventType":["4","SetValue"],"Image":"C:\\Windows\\system32\\services.exe","Keywords":"None","LogName":"Microsoft-Windows-Sysmon/Operational","Message":"Registry value set:\r\nRuleName: T1031,T1050\r\nEventType: SetValue\r\nUtcTime: 2026-08-24 11:29:32.403\r\nProcessGuid: {3f87e246-2af0-6a8c-0b00-000000001000}\r\nProcessId: 612\r\nImage: C:\\Windows\\system32\\services.exe\r\nTargetObject: HKLM\\System\\CurrentControlSet\\Services\\DeviceAssociationBrokerSvc_73218\\Start\r\nDetails: DWORD (0x00000003)\r\nUser: NT AUTHORITY\\SYSTEM","OpCode":"Info","ProcessGuid":"{3f87e246-2af0-6a8c-0b00-000000001000}","ProcessId":"612","RecordNumber":"14343","RuleName":"T1031,T1050","Sid":"S-1-5-18","SidType":"0","SourceName":"Microsoft-Windows-Sysmon","TargetObject":"HKLM\\System\\CurrentControlSet\\Services\\DeviceAssociationBrokerSvc_73218\\Start","TaskCategory":"Registry value set (rule: RegistryEvent)","Type":"Information","User":["NOT_TRANSLATED","NT AUTHORITY\\SYSTEM"],"UtcTime":"2026-08-24 11:29:32.403","_raw":"08/24/2026 01:29:32.417 PM\nLogName=Microsoft-Windows-Sysmon/Operational\nEventCode=13\nEventType=4\nComputerName=Win-10.miacsdomain.com\nUser=NOT_TRANSLATED\nSid=S-1-5-18\nSidType=0\nSourceName=Microsoft-Windows-Sysmon\nType=Information\nRecordNumber=14343\nKeywords=None\nTaskCategory=Registry value set (rule: RegistryEvent)\nOpCode=Info\nMessage=Registry value set:\r\nRuleName: T1031,T1050\r\nEventType: SetValue\r\nUtcTime: 2026-08-24 11:29:32.403\r\nProcessGuid: {3f87e246-2af0-6a8c-0b00-000000001000}\r\nProcessId: 612\r\nImage: C:\\Windows\\system32\\services.exe\r\nTargetObject: HKLM\\System\\CurrentControlSet\\Services\\DeviceAssociationBrokerSvc_73218\\Start\r\nDetails: DWORD (0x00000003)\r\nUser: NT AUTHORITY\\SYSTEM","_time":"2026-08-24T13:29:32.417+0200","host":"Win-10","index":"main","linecount":"24","punct":"//_::._=--/===-..==---==--====___(:_)==__:\\r:_,\\r:_\\r","source":"WinEventLog:Microsoft-Windows-Sysmon/Operational","sourcetype":"WinEventLog:Microsoft-Windows-Sysmon/Operational","splunk_server":"splunk-virtual-machine"}}
{"preview":false,"result":{"ComputerName":"Win-10.miacsdomain.com","Details":"C:\\Windows\\system32\\CredentialEnrollmentManager.exe","EventCode":"13","EventType":["4","SetValue"],"Image":"C:\\Windows\\system32\\services.exe","Keywords":"None","LogName":"Microsoft-Windows-Sysmon/Operational","Message":"Registry value set:\r\nRuleName: T1031,T1050\r\nEventType: SetValue\r\nUtcTime: 2026-08-24 11:29:32.403\r\nProcessGuid: {3f87e246-2af0-6a8c-0b00-000000001000}\r\nProcessId: 612\r\nImage: C:\\Windows\\system32\\services.exe\r\nTargetObject: HKLM\\System\\CurrentControlSet\\Services\\CredentialEnrollmentManagerUserSvc_73218\\ImagePath\r\nDetails: C:\\Windows\\system32\\CredentialEnrollmentManager.exe\r\nUser: NT AUTHORITY\\SYSTEM","OpCode":"Info","ProcessGuid":"{3f87e246-2af0-6a8c-0b00-000000001000}","ProcessId":"612","RecordNumber":"14342","RuleName":"T1031,T1050","Sid":"S-1-5-18","SidType":"0","SourceName":"Microsoft-Windows-Sysmon","TargetObject":"HKLM\\System\\CurrentControlSet\\Services\\CredentialEnrollmentManagerUserSvc_73218\\ImagePath","TaskCategory":"Registry value set (rule: RegistryEvent)","Type":"Information","User":["NOT_TRANSLATED","NT AUTHORITY\\SYSTEM"],"UtcTime":"2026-08-24 11:29:32.403","_raw":"08/24/2026 01:29:32.416 PM\nLogName=Microsoft-Windows-Sysmon/Operational\nEventCode=13\nEventType=4\nComputerName=Win-10.miacsdomain.com\nUser=NOT_TRANSLATED\nSid=S-1-5-18\nSidType=0\nSourceName=Microsoft-Windows-Sysmon\nType=Information\nRecordNumber=14342\nKeywords=None\nTaskCategory=Registry value set (rule: RegistryEvent)\nOpCode=Info\nMessage=Registry value set:\r\nRuleName: T1031,T1050\r\nEventType: SetValue\r\nUtcTime: 2026-08-24 11:29:32.403\r\nProcessGuid: {3f87e246-2af0-6a8c-0b00-000000001000}\r\nProcessId: 612\r\nImage: C:\\Windows\\system32\\services.exe\r\nTargetObject: HKLM\\System\\CurrentControlSet\\Services\\CredentialEnrollmentManagerUserSvc_73218\\ImagePath\r\nDetails: C:\\Windows\\system32\\CredentialEnrollmentManager.exe\r\nUser: NT AUTHORITY\\SYSTEM","_time":"2026-08-24T13:29:32.416+0200","host":"Win-10","index":"main","linecount":"24","punct":"//_::._=--/===-..==---==--====___(:_)==__:\\r:_,\\r:_\\r","source":"WinEventLog:Microsoft-Windows-Sysmon/Operational","sourcetype":"WinEventLog:Microsoft-Windows-Sysmon/Operational","splunk_server":"splunk-virtual-machine"}}
{"preview":false,"result":{"ComputerName":"Win-10.miacsdomain.com","Details":"DWORD (0x00000003)","EventCode":"13","EventType":["4","SetValue"],"Image":"C:\\Windows\\system32\\services.exe","Keywords":"None","LogName":"Microsoft-Windows-Sysmon/Operational","Message":"Registry value set:\r\nRuleName: T1031,T1050\r\nEventType: SetValue\r\nUtcTime: 2026-08-24 11:29:32.403\r\nProcessGuid: {3f87e246-2af0-6a8c-0b00-000000001000}\r\nProcessId: 612\r\nImage: C:\\Windows\\system32\\services.exe\r\nTargetObject: HKLM\\System\\CurrentControlSet\\Services\\CredentialEnrollmentManagerUserSvc_73218\\Start\r\nDetails: DWORD (0x00000003)\r\nUser: NT AUTHORITY\\SYSTEM","OpCode":"Info","ProcessGuid":"{3f87e246-2af0-6a8c-0b00-000000001000}","ProcessId":"612","RecordNumber":"14341","RuleName":"T1031,T1050","Sid":"S-1-5-18","SidType":"0","SourceName":"Microsoft-Windows-Sysmon","TargetObject":"HKLM\\System\\CurrentControlSet\\Services\\CredentialEnrollmentManagerUserSvc_73218\\Start","TaskCategory":"Registry value set (rule: RegistryEvent)","Type":"Information","User":["NOT_TRANSLATED","NT AUTHORITY\\SYSTEM"],"UtcTime":"2026-08-24 11:29:32.403","_raw":"08/24/2026 01:29:32.416 PM\nLogName=Microsoft-Windows-Sysmon/Operational\nEventCode=13\nEventType=4\nComputerName=Win-10.miacsdomain.com\nUser=NOT_TRANSLATED\nSid=S-1-5-18\nSidType=0\nSourceName=Microsoft-Windows-Sysmon\nType=Information\nRecordNumber=14341\nKeywords=None\nTaskCategory=Registry value set (rule: RegistryEvent)\nOpCode=Info\nMessage=Registry value set:\r\nRuleName: T1031,T1050\r\nEventType: SetValue\r\nUtcTime: 2026-08-24 11:29:32.403\r\nProcessGuid: {3f87e246-2af0-6a8c-0b00-000000001000}\r\nProcessId: 612\r\nImage: C:\\Windows\\system32\\services.exe\r\nTargetObject: HKLM\\System\\CurrentControlSet\\Services\\CredentialEnrollmentManagerUserSvc_73218\\Start\r\nDetails: DWORD (0x00000003)\r\nUser: NT AUTHORITY\\SYSTEM","_time":"2026-08-24T13:29:32.416+0200","host":"Win-10","index":"main","linecount":"24","punct":"//_::._=--/===-..==---==--====___(:_)==__:\\r:_,\\r:_\\r","source":"WinEventLog:Microsoft-Windows-Sysmon/Operational","sourcetype":"WinEventLog:Microsoft-Windows-Sysmon/Operational","splunk_server":"splunk-virtual-machine"}}
{"preview":false,"result":{"ComputerName":"Win-10.miacsdomain.com","Details":"C:\\Windows\\system32\\svchost.exe -k DevicesFlow","EventCode":"13","EventType":["4","SetValue"],"Image":"C:\\Windows\\system32\\services.exe","Keywords":"None","LogName":"Microsoft-Windows-Sysmon/Operational","Message":"Registry value set:\r\nRuleName: T1031,T1050\r\nEventType: SetValue\r\nUtcTime: 2026-08-24 11:29:32.403\r\nProcessGuid: {3f87e246-2af0-6a8c-0b00-000000001000}\r\nProcessId: 612\r\nImage: C:\\Windows\\system32\\services.exe\r\nTargetObject: HKLM\\System\\CurrentControlSet\\Services\\ConsentUxUserSvc_73218\\ImagePath\r\nDetails: C:\\Windows\\system32\\svchost.exe -k DevicesFlow\r\nUser: NT AUTHORITY\\SYSTEM","OpCode":"Info","ProcessGuid":"{3f87e246-2af0-6a8c-0b00-000000001000}","ProcessId":"612","RecordNumber":"14340","RuleName":"T1031,T1050","Sid":"S-1-5-18","SidType":"0","SourceName":"Microsoft-Windows-Sysmon","TargetObject":"HKLM\\System\\CurrentControlSet\\Services\\ConsentUxUserSvc_73218\\ImagePath","TaskCategory":"Registry value set (rule: RegistryEvent)","Type":"Information","User":["NOT_TRANSLATED","NT AUTHORITY\\SYSTEM"],"UtcTime":"2026-08-24 11:29:32.403","_raw":"08/24/2026 01:29:32.416 PM\nLogName=Microsoft-Windows-Sysmon/Operational\nEventCode=13\nEventType=4\nComputerName=Win-10.miacsdomain.com\nUser=NOT_TRANSLATED\nSid=S-1-5-18\nSidType=0\nSourceName=Microsoft-Windows-Sysmon\nType=Information\nRecordNumber=14340\nKeywords=None\nTaskCategory=Registry value set (rule: RegistryEvent)\nOpCode=Info\nMessage=Registry value set:\r\nRuleName: T1031,T1050\r\nEventType: SetValue\r\nUtcTime: 2026-08-24 11:29:32.403\r\nProcessGuid: {3f87e246-2af0-6a8c-0b00-000000001000}\r\nProcessId: 612\r\nImage: C:\\Windows\\system32\\services.exe\r\nTargetObject: HKLM\\System\\CurrentControlSet\\Services\\ConsentUxUserSvc_73218\\ImagePath\r\nDetails: C:\\Windows\\system32\\svchost.exe -k DevicesFlow\r\nUser: NT AUTHORITY\\SYSTEM","_time":"2026-08-24T13:29:32.416+0200","host":"Win-10","index":"main","linecount":"24","punct":"//_::._=--/===-..==---==--====___(:_)==__:\\r:_,\\r:_\\r","source":"WinEventLog:Microsoft-Windows-Sysmon/Operational","sourcetype":"WinEventLog:Microsoft-Windows-Sysmon/Operational","splunk_server":"splunk-virtual-machine"}}
{"preview":false,"result":{"ComputerName":"Win-10.miacsdomain.com","Details":"DWORD (0x00000003)","EventCode":"13","EventType":["4","SetValue"],"Image":"C:\\Windows\\system32\\services.exe","Keywords":"None","LogName":"Microsoft-Windows-Sysmon/Operational","Message":"Registry value set:\r\nRuleName: T1031,T1050\r\nEventType: SetValue\r\nUtcTime: 2026-08-24 11:29:32.403\r\nProcessGuid: {3f87e246-2af0-6a8c-0b00-000000001000}\r\nProcessId: 612\r\nImage: C:\\Windows\\system32\\services.exe\r\nTargetObject: HKLM\\System\\CurrentControlSet\\Services\\ConsentUxUserSvc_73218\\Start\r\nDetails: DWORD (0x00000003)\r\nUser: NT AUTHORITY\\SYSTEM","OpCode":"Info","ProcessGuid":"{3f87e246-2af0-6a8c-0b00-000000001000}","ProcessId":"612","RecordNumber":"14339","RuleName":"T1031,T1050","Sid":"S-1-5-18","SidType":"0","SourceName":"Microsoft-Windows-Sysmon","TargetObject":"HKLM\\System\\CurrentControlSet\\Services\\ConsentUxUserSvc_73218\\Start","TaskCategory":"Registry value set (rule: RegistryEvent)","Type":"Information","User":["NOT_TRANSLATED","NT AUTHORITY\\SYSTEM"],"UtcTime":"2026-08-24 11:29:32.403","_raw":"08/24/2026 01:29:32.416 PM\nLogName=Microsoft-Windows-Sysmon/Operational\nEventCode=13\nEventType=4\nComputerName=Win-10.miacsdomain.com\nUser=NOT_TRANSLATED\nSid=S-1-5-18\nSidType=0\nSourceName=Microsoft-Windows-Sysmon\nType=Information\nRecordNumber=14339\nKeywords=None\nTaskCategory=Registry value set (rule: RegistryEvent)\nOpCode=Info\nMessage=Registry value set:\r\nRuleName: T1031,T1050\r\nEventType: SetValue\r\nUtcTime: 2026-08-24 11:29:32.403\r\nProcessGuid: {3f87e246-2af0-6a8c-0b00-000000001000}\r\nProcessId: 612\r\nImage: C:\\Windows\\system32\\services.exe\r\nTargetObject: HKLM\\System\\CurrentControlSet\\Services\\ConsentUxUserSvc_73218\\Start\r\nDetails: DWORD (0x00000003)\r\nUser: NT AUTHORITY\\SYSTEM","_time":"2026-08-24T13:29:32.416+0200","host":"Win-10","index":"main","linecount":"24","punct":"//_::._=--/===-..==---==--====___(:_)==__:\\r:_,\\r:_\\r","source":"WinEventLog:Microsoft-Windows-Sysmon/Operational","sourcetype":"WinEventLog:Microsoft-Windows-Sysmon/Operational","splunk_server":"splunk-virtual-machine"}}
{"preview":false,"result":{"ComputerName":"Win-10.miacsdomain.com","Details":"C:\\Windows\\system32\\svchost.exe -k UnistackSvcGroup","EventCode":"13","EventType":["4","SetValue"],"Image":"C:\\Windows\\system32\\services.exe","Keywords":"None","LogName":"Microsoft-Windows-Sysmon/Operational","Message":"Registry value set:\r\nRuleName: T1031,T1050\r\nEventType: SetValue\r\nUtcTime: 2026-08-24 11:29:32.403\r\nProcessGuid: {3f87e246-2af0-6a8c-0b00-000000001000}\r\nProcessId: 612\r\nImage: C:\\Windows\\system32\\services.exe\r\nTargetObject: HKLM\\System\\CurrentControlSet\\Services\\CDPUserSvc_73218\\ImagePath\r\nDetails: C:\\Windows\\system32\\svchost.exe -k UnistackSvcGroup\r\nUser: NT AUTHORITY\\SYSTEM","OpCode":"Info","ProcessGuid":"{3f87e246-2af0-6a8c-0b00-000000001000}","ProcessId":"612","RecordNumber":"14338","RuleName":"T1031,T1050","Sid":"S-1-5-18","SidType":"0","SourceName":"Microsoft-Windows-Sysmon","TargetObject":"HKLM\\System\\CurrentControlSet\\Services\\CDPUserSvc_73218\\ImagePath","TaskCategory":"Registry value set (rule: RegistryEvent)","Type":"Information","User":["NOT_TRANSLATED","NT AUTHORITY\\SYSTEM"],"UtcTime":"2026-08-24 11:29:32.403","_raw":"08/24/2026 01:29:32.415 PM\nLogName=Microsoft-Windows-Sysmon/Operational\nEventCode=13\nEventType=4\nComputerName=Win-10.miacsdomain.com\nUser=NOT_TRANSLATED\nSid=S-1-5-18\nSidType=0\nSourceName=Microsoft-Windows-Sysmon\nType=Information\nRecordNumber=14338\nKeywords=None\nTaskCategory=Registry value set (rule: RegistryEvent)\nOpCode=Info\nMessage=Registry value set:\r\nRuleName: T1031,T1050\r\nEventType: SetValue\r\nUtcTime: 2026-08-24 11:29:32.403\r\nProcessGuid: {3f87e246-2af0-6a8c-0b00-000000001000}\r\nProcessId: 612\r\nImage: C:\\Windows\\system32\\services.exe\r\nTargetObject: HKLM\\System\\CurrentControlSet\\Services\\CDPUserSvc_73218\\ImagePath\r\nDetails: C:\\Windows\\system32\\svchost.exe -k UnistackSvcGroup\r\nUser: NT AUTHORITY\\SYSTEM","_time":"2026-08-24T13:29:32.415+0200","host":"Win-10","index":"main","linecount":"24","punct":"//_::._=--/===-..==---==--====___(:_)==__:\\r:_,\\r:_\\r","source":"WinEventLog:Microsoft-Windows-Sysmon/Operational","sourcetype":"WinEventLog:Microsoft-Windows-Sysmon/Operational","splunk_server":"splunk-virtual-machine"}}
