{"preview":false,"result":{"Account_Domain":"miacsdomain","Account_Name":"user-01","Algorithm_Name":"ECDSA_P256","ComputerName":"Win-10.miacsdomain.com","EventCode":"5059","EventType":"0","Key_Name":"Microsoft Connected Devices Platform device certificate","Key_Type":"User key.","Keywords":"Audit Success","LogName":"Security","Logon_ID":"0x706CD","Message":"Key migration operation.\r\n\r\nSubject:\r\n\tSecurity ID:\t\tS-1-5-21-246749117-2054088174-1189330396-1105\r\n\tAccount Name:\t\tuser-01\r\n\tAccount Domain:\t\tmiacsdomain\r\n\tLogon ID:\t\t0x706CD\r\n\r\nProcess Information:\r\n\tProcess ID:\t\t1728\r\n\tProcess Creation Time:\t‎2026‎-‎08‎-‎24T11:29:32.423601400Z\r\n\r\nCryptographic Parameters:\r\n\tProvider Name:\tMicrosoft Software Key Storage Provider\r\n\tAlgorithm Name:\tECDSA_P256\r\n\tKey Name:\tMicrosoft Connected Devices Platform device certificate\r\n\tKey Type:\tUser key.\r\n\r\nAdditional Information:\r\n\tOperation:\tExport of persistent cryptographic key.\r\n\tReturn Code:\t0x0","OpCode":"Info","Operation":"Export of persistent cryptographic key.","Process_Creation_Time":"‎2026‎-‎08‎-‎24T11:29:32.423601400Z","Process_ID":"1728","Provider_Name":"Microsoft Software Key Storage Provider","RecordNumber":"9390","Return_Code":"0x0","Security_ID":"S-1-5-21-246749117-2054088174-1189330396-1105","SourceName":"Microsoft Windows security auditing.","TaskCategory":"Other System Events","Type":"Information","_raw":"08/24/2026 01:29:32.654 PM\nLogName=Security\nEventCode=5059\nEventType=0\nComputerName=Win-10.miacsdomain.com\nSourceName=Microsoft Windows security auditing.\nType=Information\nRecordNumber=9390\nKeywords=Audit Success\nTaskCategory=Other System Events\nOpCode=Info\nMessage=Key migration operation.\r\n\r\nSubject:\r\n\tSecurity ID:\t\tS-1-5-21-246749117-2054088174-1189330396-1105\r\n\tAccount Name:\t\tuser-01\r\n\tAccount Domain:\t\tmiacsdomain\r\n\tLogon ID:\t\t0x706CD\r\n\r\nProcess Information:\r\n\tProcess ID:\t\t1728\r\n\tProcess Creation Time:\t‎2026‎-‎08‎-‎24T11:29:32.423601400Z\r\n\r\nCryptographic Parameters:\r\n\tProvider Name:\tMicrosoft Software Key Storage Provider\r\n\tAlgorithm Name:\tECDSA_P256\r\n\tKey Name:\tMicrosoft Connected Devices Platform device certificate\r\n\tKey Type:\tUser key.\r\n\r\nAdditional Information:\r\n\tOperation:\tExport of persistent cryptographic key.\r\n\tReturn Code:\t0x0","_time":"2026-08-24T13:29:32.654+0200","host":"Win-10","index":"main","linecount":"32","punct":"//_::._====-..=___.===_=__==__.\\r\\r:\\rt_:tt-------\\rt_","source":"WinEventLog:Security","sourcetype":"WinEventLog:Security","splunk_server":"splunk-virtual-machine"}}
{"preview":false,"result":{"Account_Domain":"miacsdomain","Account_Name":"user-01","Algorithm_Name":"ECDSA_P256","ComputerName":"Win-10.miacsdomain.com","EventCode":"5061","EventType":"0","Key_Name":"Microsoft Connected Devices Platform device certificate","Key_Type":"User key.","Keywords":"Audit Success","LogName":"Security","Logon_ID":"0x706CD","Message":"Cryptographic operation.\r\n\r\nSubject:\r\n\tSecurity ID:\t\tS-1-5-21-246749117-2054088174-1189330396-1105\r\n\tAccount Name:\t\tuser-01\r\n\tAccount Domain:\t\tmiacsdomain\r\n\tLogon ID:\t\t0x706CD\r\n\r\nCryptographic Parameters:\r\n\tProvider Name:\tMicrosoft Software Key Storage Provider\r\n\tAlgorithm Name:\tECDSA_P256\r\n\tKey Name:\tMicrosoft Connected Devices Platform device certificate\r\n\tKey Type:\tUser key.\r\n\r\nCryptographic Operation:\r\n\tOperation:\tOpen Key.\r\n\tReturn Code:\t0x0","OpCode":"Info","Operation":"Open Key.","Provider_Name":"Microsoft Software Key Storage Provider","RecordNumber":"9389","Return_Code":"0x0","Security_ID":"S-1-5-21-246749117-2054088174-1189330396-1105","SourceName":"Microsoft Windows security auditing.","TaskCategory":"System Integrity","Type":"Information","_raw":"08/24/2026 01:29:32.654 PM\nLogName=Security\nEventCode=5061\nEventType=0\nComputerName=Win-10.miacsdomain.com\nSourceName=Microsoft Windows security auditing.\nType=Information\nRecordNumber=9389\nKeywords=Audit Success\nTaskCategory=System Integrity\nOpCode=Info\nMessage=Cryptographic operation.\r\n\r\nSubject:\r\n\tSecurity ID:\t\tS-1-5-21-246749117-2054088174-1189330396-1105\r\n\tAccount Name:\t\tuser-01\r\n\tAccount Domain:\t\tmiacsdomain\r\n\tLogon ID:\t\t0x706CD\r\n\r\nCryptographic Parameters:\r\n\tProvider Name:\tMicrosoft Software Key Storage Provider\r\n\tAlgorithm Name:\tECDSA_P256\r\n\tKey Name:\tMicrosoft Connected Devices Platform device certificate\r\n\tKey Type:\tUser key.\r\n\r\nCryptographic Operation:\r\n\tOperation:\tOpen Key.\r\n\tReturn Code:\t0x0","_time":"2026-08-24T13:29:32.654+0200","host":"Win-10","index":"main","linecount":"28","punct":"//_::._====-..=___.===_=_==_.\\r\\r:\\rt_:tt-------\\rt_:t","source":"WinEventLog:Security","sourcetype":"WinEventLog:Security","splunk_server":"splunk-virtual-machine"}}
{"preview":false,"result":{"Account_Domain":"miacsdomain","Account_Name":"user-01","Algorithm_Name":"UNKNOWN","ComputerName":"Win-10.miacsdomain.com","EventCode":"5058","EventType":"0","File_Path":"C:\\Users\\user-01\\AppData\\Roaming\\Microsoft\\Crypto\\Keys\\de7cf8a7901d2ad13e5c67c29e5d1662_3f87e246-0893-444e-829e-d4c88c966794","Key_Name":"Microsoft Connected Devices Platform device certificate","Key_Type":"User key.","Keywords":"Audit Success","LogName":"Security","Logon_ID":"0x706CD","Message":"Key file operation.\r\n\r\nSubject:\r\n\tSecurity ID:\t\tS-1-5-21-246749117-2054088174-1189330396-1105\r\n\tAccount Name:\t\tuser-01\r\n\tAccount Domain:\t\tmiacsdomain\r\n\tLogon ID:\t\t0x706CD\r\n\r\nProcess Information:\r\n\tProcess ID:\t\t1728\r\n\tProcess Creation Time:\t‎2026‎-‎08‎-‎24T11:29:32.423601400Z\r\n\r\nCryptographic Parameters:\r\n\tProvider Name:\tMicrosoft Software Key Storage Provider\r\n\tAlgorithm Name:\tUNKNOWN\r\n\tKey Name:\tMicrosoft Connected Devices Platform device certificate\r\n\tKey Type:\tUser key.\r\n\r\nKey File Operation Information:\r\n\tFile Path:\tC:\\Users\\user-01\\AppData\\Roaming\\Microsoft\\Crypto\\Keys\\de7cf8a7901d2ad13e5c67c29e5d1662_3f87e246-0893-444e-829e-d4c88c966794\r\n\tOperation:\tRead persisted key from file.\r\n\tReturn Code:\t0x0","OpCode":"Info","Operation":"Read persisted key from file.","Process_Creation_Time":"‎2026‎-‎08‎-‎24T11:29:32.423601400Z","Process_ID":"1728","Provider_Name":"Microsoft Software Key Storage Provider","RecordNumber":"9388","Return_Code":"0x0","Security_ID":"S-1-5-21-246749117-2054088174-1189330396-1105","SourceName":"Microsoft Windows security auditing.","TaskCategory":"Other System Events","Type":"Information","_raw":"08/24/2026 01:29:32.648 PM\nLogName=Security\nEventCode=5058\nEventType=0\nComputerName=Win-10.miacsdomain.com\nSourceName=Microsoft Windows security auditing.\nType=Information\nRecordNumber=9388\nKeywords=Audit Success\nTaskCategory=Other System Events\nOpCode=Info\nMessage=Key file operation.\r\n\r\nSubject:\r\n\tSecurity ID:\t\tS-1-5-21-246749117-2054088174-1189330396-1105\r\n\tAccount Name:\t\tuser-01\r\n\tAccount Domain:\t\tmiacsdomain\r\n\tLogon ID:\t\t0x706CD\r\n\r\nProcess Information:\r\n\tProcess ID:\t\t1728\r\n\tProcess Creation Time:\t‎2026‎-‎08‎-‎24T11:29:32.423601400Z\r\n\r\nCryptographic Parameters:\r\n\tProvider Name:\tMicrosoft Software Key Storage Provider\r\n\tAlgorithm Name:\tUNKNOWN\r\n\tKey Name:\tMicrosoft Connected Devices Platform device certificate\r\n\tKey Type:\tUser key.\r\n\r\nKey File Operation Information:\r\n\tFile Path:\tC:\\Users\\user-01\\AppData\\Roaming\\Microsoft\\Crypto\\Keys\\de7cf8a7901d2ad13e5c67c29e5d1662_3f87e246-0893-444e-829e-d4c88c966794\r\n\tOperation:\tRead persisted key from file.\r\n\tReturn Code:\t0x0","_time":"2026-08-24T13:29:32.648+0200","host":"Win-10","index":"main","linecount":"33","punct":"//_::._====-..=___.===_=__==__.\\r\\r:\\rt_:tt-------\\rt_","source":"WinEventLog:Security","sourcetype":"WinEventLog:Security","splunk_server":"splunk-virtual-machine"}}
{"preview":false,"result":{"Archived":"true","ComputerName":"Win-10.miacsdomain.com","EventCode":"23","EventType":"4","Hashes":"MD5=D41D8CD98F00B204E9800998ECF8427E,SHA256=E3B0C44298FC1C149AFBF4C8996FB92427AE41E4649B934CA495991B7852B855,IMPHASH=00000000000000000000000000000000","Image":"C:\\Windows\\system32\\svchost.exe","IsExecutable":"false","Keywords":"None","LogName":"Microsoft-Windows-Sysmon/Operational","Message":"File Delete archived:\r\nRuleName: -\r\nUtcTime: 2026-08-24 11:29:32.544\r\nProcessGuid: {3f87e246-2b1c-6a8c-8800-000000001000}\r\nProcessId: 1728\r\nUser: miacsdomain\\user-01\r\nImage: C:\\Windows\\system32\\svchost.exe\r\nTargetFilename: C:\\Users\\user-01\\AppData\\Local\\Microsoft\\Windows\\Notifications\\WPNPRMRY.tmp\r\nHashes: MD5=D41D8CD98F00B204E9800998ECF8427E,SHA256=E3B0C44298FC1C149AFBF4C8996FB92427AE41E4649B934CA495991B7852B855,IMPHASH=00000000000000000000000000000000\r\nIsExecutable: false\r\nArchived: true","OpCode":"Info","ProcessGuid":"{3f87e246-2b1c-6a8c-8800-000000001000}","ProcessId":"1728","RecordNumber":"14371","RuleName":"-","Sid":"S-1-5-18","SidType":"0","SourceName":"Microsoft-Windows-Sysmon","TargetFilename":"C:\\Users\\user-01\\AppData\\Local\\Microsoft\\Windows\\Notifications\\WPNPRMRY.tmp","TaskCategory":"File Delete archived (rule: FileDelete)","Type":"Information","User":["NOT_TRANSLATED","miacsdomain\\user-01"],"UtcTime":"2026-08-24 11:29:32.544","_raw":"08/24/2026 01:29:32.554 PM\nLogName=Microsoft-Windows-Sysmon/Operational\nEventCode=23\nEventType=4\nComputerName=Win-10.miacsdomain.com\nUser=NOT_TRANSLATED\nSid=S-1-5-18\nSidType=0\nSourceName=Microsoft-Windows-Sysmon\nType=Information\nRecordNumber=14371\nKeywords=None\nTaskCategory=File Delete archived (rule: FileDelete)\nOpCode=Info\nMessage=File Delete archived:\r\nRuleName: -\r\nUtcTime: 2026-08-24 11:29:32.544\r\nProcessGuid: {3f87e246-2b1c-6a8c-8800-000000001000}\r\nProcessId: 1728\r\nUser: miacsdomain\\user-01\r\nImage: C:\\Windows\\system32\\svchost.exe\r\nTargetFilename: C:\\Users\\user-01\\AppData\\Local\\Microsoft\\Windows\\Notifications\\WPNPRMRY.tmp\r\nHashes: MD5=D41D8CD98F00B204E9800998ECF8427E,SHA256=E3B0C44298FC1C149AFBF4C8996FB92427AE41E4649B934CA495991B7852B855,IMPHASH=00000000000000000000000000000000\r\nIsExecutable: false\r\nArchived: true","_time":"2026-08-24T13:29:32.554+0200","host":"Win-10","index":"main","linecount":"25","punct":"//_::._=--/===-..==---==--====___(:_)==__:\\r:_-\\r:_-","source":"WinEventLog:Microsoft-Windows-Sysmon/Operational","sourcetype":"WinEventLog:Microsoft-Windows-Sysmon/Operational","splunk_server":"splunk-virtual-machine"}}
{"preview":false,"result":{"ComputerName":"Win-10.miacsdomain.com","Details":"DWORD (0x00000003)","EventCode":"13","EventType":["4","SetValue"],"Image":"C:\\Windows\\system32\\services.exe","Keywords":"None","LogName":"Microsoft-Windows-Sysmon/Operational","Message":"Registry value set:\r\nRuleName: T1031,T1050\r\nEventType: SetValue\r\nUtcTime: 2026-08-24 11:29:32.544\r\nProcessGuid: {3f87e246-2af0-6a8c-0b00-000000001000}\r\nProcessId: 612\r\nImage: C:\\Windows\\system32\\services.exe\r\nTargetObject: HKLM\\System\\CurrentControlSet\\Services\\TabletInputService\\Start\r\nDetails: DWORD (0x00000003)\r\nUser: NT AUTHORITY\\SYSTEM","OpCode":"Info","ProcessGuid":"{3f87e246-2af0-6a8c-0b00-000000001000}","ProcessId":"612","RecordNumber":"14370","RuleName":"T1031,T1050","Sid":"S-1-5-18","SidType":"0","SourceName":"Microsoft-Windows-Sysmon","TargetObject":"HKLM\\System\\CurrentControlSet\\Services\\TabletInputService\\Start","TaskCategory":"Registry value set (rule: RegistryEvent)","Type":"Information","User":["NOT_TRANSLATED","NT AUTHORITY\\SYSTEM"],"UtcTime":"2026-08-24 11:29:32.544","_raw":"08/24/2026 01:29:32.552 PM\nLogName=Microsoft-Windows-Sysmon/Operational\nEventCode=13\nEventType=4\nComputerName=Win-10.miacsdomain.com\nUser=NOT_TRANSLATED\nSid=S-1-5-18\nSidType=0\nSourceName=Microsoft-Windows-Sysmon\nType=Information\nRecordNumber=14370\nKeywords=None\nTaskCategory=Registry value set (rule: RegistryEvent)\nOpCode=Info\nMessage=Registry value set:\r\nRuleName: T1031,T1050\r\nEventType: SetValue\r\nUtcTime: 2026-08-24 11:29:32.544\r\nProcessGuid: {3f87e246-2af0-6a8c-0b00-000000001000}\r\nProcessId: 612\r\nImage: C:\\Windows\\system32\\services.exe\r\nTargetObject: HKLM\\System\\CurrentControlSet\\Services\\TabletInputService\\Start\r\nDetails: DWORD (0x00000003)\r\nUser: NT AUTHORITY\\SYSTEM","_time":"2026-08-24T13:29:32.552+0200","host":"Win-10","index":"main","linecount":"24","punct":"//_::._=--/===-..==---==--====___(:_)==__:\\r:_,\\r:_\\r","source":"WinEventLog:Microsoft-Windows-Sysmon/Operational","sourcetype":"WinEventLog:Microsoft-Windows-Sysmon/Operational","splunk_server":"splunk-virtual-machine"}}
{"preview":false,"result":{"CommandLine":"\"ctfmon.exe\"","Company":"Microsoft Corporation","ComputerName":"Win-10.miacsdomain.com","CurrentDirectory":"C:\\Windows\\system32\\","Description":"CTF Loader","EventCode":"1","EventType":"4","FileVersion":"10.0.19041.1 (WinBuild.160101.0800)","Hashes":"MD5=B625C18E177D5BEB5A6F6432CCF46FB3,SHA256=484FED5F039F429ED933931BA607B7EFDA7D1A343D79CFAB60910E1843147012,IMPHASH=6FD43544FB51C12382CAD7C88F550240","Image":"C:\\Windows\\System32\\ctfmon.exe","IntegrityLevel":"Medium","Keywords":"None","LogName":"Microsoft-Windows-Sysmon/Operational","LogonGuid":"{3f87e246-2b1c-6a8c-cd06-070000000000}","LogonId":"0x706CD","Message":"Process Create:\r\nRuleName: -\r\nUtcTime: 2026-08-24 11:29:32.539\r\nProcessGuid: {3f87e246-2b1c-6a8c-8d00-000000001000}\r\nProcessId: 3432\r\nImage: C:\\Windows\\System32\\ctfmon.exe\r\nFileVersion: 10.0.19041.1 (WinBuild.160101.0800)\r\nDescription: CTF Loader\r\nProduct: Microsoft® Windows® Operating System\r\nCompany: Microsoft Corporation\r\nOriginalFileName: CTFMON.EXE\r\nCommandLine: \"ctfmon.exe\"\r\nCurrentDirectory: C:\\Windows\\system32\\\r\nUser: miacsdomain\\user-01\r\nLogonGuid: {3f87e246-2b1c-6a8c-cd06-070000000000}\r\nLogonId: 0x706CD\r\nTerminalSessionId: 1\r\nIntegrityLevel: Medium\r\nHashes: MD5=B625C18E177D5BEB5A6F6432CCF46FB3,SHA256=484FED5F039F429ED933931BA607B7EFDA7D1A343D79CFAB60910E1843147012,IMPHASH=6FD43544FB51C12382CAD7C88F550240\r\nParentProcessGuid: {3f87e246-2af0-6a8c-1800-000000001000}\r\nParentProcessId: 1068\r\nParentImage: C:\\Windows\\System32\\svchost.exe\r\nParentCommandLine: C:\\Windows\\System32\\svchost.exe -k LocalSystemNetworkRestricted -p\r\nParentUser: NT AUTHORITY\\SYSTEM","OpCode":"Info","OriginalFileName":"CTFMON.EXE","ParentCommandLine":"C:\\Windows\\System32\\svchost.exe -k LocalSystemNetworkRestricted -p","ParentImage":"C:\\Windows\\System32\\svchost.exe","ParentProcessGuid":"{3f87e246-2af0-6a8c-1800-000000001000}","ParentProcessId":"1068","ParentUser":"NT AUTHORITY\\SYSTEM","ProcessGuid":"{3f87e246-2b1c-6a8c-8d00-000000001000}","ProcessId":"3432","Product":"Microsoft® Windows® Operating System","RecordNumber":"14369","RuleName":"-","Sid":"S-1-5-18","SidType":"0","SourceName":"Microsoft-Windows-Sysmon","TaskCategory":"Process Create (rule: ProcessCreate)","TerminalSessionId":"1","Type":"Information","User":["NOT_TRANSLATED","miacsdomain\\user-01"],"UtcTime":"2026-08-24 11:29:32.539","_raw":"08/24/2026 01:29:32.540 PM\nLogName=Microsoft-Windows-Sysmon/Operational\nEventCode=1\nEventType=4\nComputerName=Win-10.miacsdomain.com\nUser=NOT_TRANSLATED\nSid=S-1-5-18\nSidType=0\nSourceName=Microsoft-Windows-Sysmon\nType=Information\nRecordNumber=14369\nKeywords=None\nTaskCategory=Process Create (rule: ProcessCreate)\nOpCode=Info\nMessage=Process Create:\r\nRuleName: -\r\nUtcTime: 2026-08-24 11:29:32.539\r\nProcessGuid: {3f87e246-2b1c-6a8c-8d00-000000001000}\r\nProcessId: 3432\r\nImage: C:\\Windows\\System32\\ctfmon.exe\r\nFileVersion: 10.0.19041.1 (WinBuild.160101.0800)\r\nDescription: CTF Loader\r\nProduct: Microsoft® Windows® Operating System\r\nCompany: Microsoft Corporation\r\nOriginalFileName: CTFMON.EXE\r\nCommandLine: \"ctfmon.exe\"\r\nCurrentDirectory: C:\\Windows\\system32\\\r\nUser: miacsdomain\\user-01\r\nLogonGuid: {3f87e246-2b1c-6a8c-cd06-070000000000}\r\nLogonId: 0x706CD\r\nTerminalSessionId: 1\r\nIntegrityLevel: Medium\r\nHashes: MD5=B625C18E177D5BEB5A6F6432CCF46FB3,SHA256=484FED5F039F429ED933931BA607B7EFDA7D1A343D79CFAB60910E1843147012,IMPHASH=6FD43544FB51C12382CAD7C88F550240\r\nParentProcessGuid: {3f87e246-2af0-6a8c-1800-000000001000}\r\nParentProcessId: 1068\r\nParentImage: C:\\Windows\\System32\\svchost.exe\r\nParentCommandLine: C:\\Windows\\System32\\svchost.exe -k LocalSystemNetworkRestricted -p\r\nParentUser: NT AUTHORITY\\SYSTEM","_time":"2026-08-24T13:29:32.540+0200","host":"Win-10","index":"main","linecount":"38","punct":"//_::._=--/===-..==---==--====__(:_)==_:\\r:_-\\r:_--_","source":"WinEventLog:Microsoft-Windows-Sysmon/Operational","sourcetype":"WinEventLog:Microsoft-Windows-Sysmon/Operational","splunk_server":"splunk-virtual-machine"}}
{"preview":false,"result":{"Account_Domain":"miacsdomain","Account_Name":"WIN-10$","ComputerName":"DC-01.miacsdomain.com","EventCode":"4634","EventType":"0","Keywords":"Audit Success","LogName":"Security","Logon_ID":"0x7DC7DC","Logon_Type":"3","Message":"An account was logged off.\r\n\r\nSubject:\r\n\tSecurity ID:\t\tS-1-5-21-246749117-2054088174-1189330396-1104\r\n\tAccount Name:\t\tWIN-10$\r\n\tAccount Domain:\t\tmiacsdomain\r\n\tLogon ID:\t\t0x7DC7DC\r\n\r\nLogon Type:\t\t\t3\r\n\r\nThis event is generated when a logon session is destroyed. It may be positively correlated with a logon event using the Logon ID value. Logon IDs are only unique between reboots on the same computer.","OpCode":"Info","RecordNumber":"16771","Security_ID":"S-1-5-21-246749117-2054088174-1189330396-1104","SourceName":"Microsoft Windows security auditing.","TaskCategory":"Logoff","Type":"Information","_raw":"08/24/2026 01:29:32.478 PM\nLogName=Security\nEventCode=4634\nEventType=0\nComputerName=DC-01.miacsdomain.com\nSourceName=Microsoft Windows security auditing.\nType=Information\nRecordNumber=16771\nKeywords=Audit Success\nTaskCategory=Logoff\nOpCode=Info\nMessage=An account was logged off.\r\n\r\nSubject:\r\n\tSecurity ID:\t\tS-1-5-21-246749117-2054088174-1189330396-1104\r\n\tAccount Name:\t\tWIN-10$\r\n\tAccount Domain:\t\tmiacsdomain\r\n\tLogon ID:\t\t0x7DC7DC\r\n\r\nLogon Type:\t\t\t3\r\n\r\nThis event is generated when a logon session is destroyed. It may be positively correlated with a logon event using the Logon ID value. Logon IDs are only unique between reboots on the same computer.","_time":"2026-08-24T13:29:32.478+0200","host":"DC-01","index":"main","linecount":"22","punct":"//_::._====-..=___.===_===____.\\r\\r:\\rt_:tt-------\\rt_","source":"WinEventLog:Security","sourcetype":"WinEventLog:Security","splunk_server":"splunk-virtual-machine"}}
{"preview":false,"result":{"Account_Domain":"miacsdomain","Account_Name":"user-01","ComputerName":"DC-01.miacsdomain.com","EventCode":"4634","EventType":"0","Keywords":"Audit Success","LogName":"Security","Logon_ID":"0x7DC7EE","Logon_Type":"3","Message":"An account was logged off.\r\n\r\nSubject:\r\n\tSecurity ID:\t\tS-1-5-21-246749117-2054088174-1189330396-1105\r\n\tAccount Name:\t\tuser-01\r\n\tAccount Domain:\t\tmiacsdomain\r\n\tLogon ID:\t\t0x7DC7EE\r\n\r\nLogon Type:\t\t\t3\r\n\r\nThis event is generated when a logon session is destroyed. It may be positively correlated with a logon event using the Logon ID value. Logon IDs are only unique between reboots on the same computer.","OpCode":"Info","RecordNumber":"16770","Security_ID":"S-1-5-21-246749117-2054088174-1189330396-1105","SourceName":"Microsoft Windows security auditing.","TaskCategory":"Logoff","Type":"Information","_raw":"08/24/2026 01:29:32.469 PM\nLogName=Security\nEventCode=4634\nEventType=0\nComputerName=DC-01.miacsdomain.com\nSourceName=Microsoft Windows security auditing.\nType=Information\nRecordNumber=16770\nKeywords=Audit Success\nTaskCategory=Logoff\nOpCode=Info\nMessage=An account was logged off.\r\n\r\nSubject:\r\n\tSecurity ID:\t\tS-1-5-21-246749117-2054088174-1189330396-1105\r\n\tAccount Name:\t\tuser-01\r\n\tAccount Domain:\t\tmiacsdomain\r\n\tLogon ID:\t\t0x7DC7EE\r\n\r\nLogon Type:\t\t\t3\r\n\r\nThis event is generated when a logon session is destroyed. It may be positively correlated with a logon event using the Logon ID value. Logon IDs are only unique between reboots on the same computer.","_time":"2026-08-24T13:29:32.469+0200","host":"DC-01","index":"main","linecount":"22","punct":"//_::._====-..=___.===_===____.\\r\\r:\\rt_:tt-------\\rt_","source":"WinEventLog:Security","sourcetype":"WinEventLog:Security","splunk_server":"splunk-virtual-machine"}}
{"preview":false,"result":{"CommandLine":"taskhostw.exe {222A245B-E637-4AE9-A93F-A59CA119A75E}","Company":"Microsoft Corporation","ComputerName":"Win-10.miacsdomain.com","CurrentDirectory":"C:\\Windows\\system32\\","Description":"Host Process for Windows Tasks","EventCode":"1","EventType":"4","FileVersion":"10.0.19041.3636 (WinBuild.160101.0800)","Hashes":"MD5=9D68EEF2D82A328F0ECE1B641E5728CC,SHA256=976BB3FB062818E9643EC7F65BE2F267B90F63BD9F8BE0E6212D131183136140,IMPHASH=3A0C6863CDE566AF997DB2DEFFF9D924","Image":"C:\\Windows\\System32\\taskhostw.exe","IntegrityLevel":"Medium","Keywords":"None","LogName":"Microsoft-Windows-Sysmon/Operational","LogonGuid":"{3f87e246-2b1c-6a8c-cd06-070000000000}","LogonId":"0x706CD","Message":"Process Create:\r\nRuleName: -\r\nUtcTime: 2026-08-24 11:29:32.465\r\nProcessGuid: {3f87e246-2b1c-6a8c-8c00-000000001000}\r\nProcessId: 3596\r\nImage: C:\\Windows\\System32\\taskhostw.exe\r\nFileVersion: 10.0.19041.3636 (WinBuild.160101.0800)\r\nDescription: Host Process for Windows Tasks\r\nProduct: Microsoft® Windows® Operating System\r\nCompany: Microsoft Corporation\r\nOriginalFileName: taskhostw.exe\r\nCommandLine: taskhostw.exe {222A245B-E637-4AE9-A93F-A59CA119A75E}\r\nCurrentDirectory: C:\\Windows\\system32\\\r\nUser: miacsdomain\\user-01\r\nLogonGuid: {3f87e246-2b1c-6a8c-cd06-070000000000}\r\nLogonId: 0x706CD\r\nTerminalSessionId: 1\r\nIntegrityLevel: Medium\r\nHashes: MD5=9D68EEF2D82A328F0ECE1B641E5728CC,SHA256=976BB3FB062818E9643EC7F65BE2F267B90F63BD9F8BE0E6212D131183136140,IMPHASH=3A0C6863CDE566AF997DB2DEFFF9D924\r\nParentProcessGuid: {3f87e246-2af0-6a8c-1400-000000001000}\r\nParentProcessId: 412\r\nParentImage: C:\\Windows\\System32\\svchost.exe\r\nParentCommandLine: C:\\Windows\\system32\\svchost.exe -k netsvcs -p\r\nParentUser: NT AUTHORITY\\SYSTEM","OpCode":"Info","OriginalFileName":"taskhostw.exe","ParentCommandLine":"C:\\Windows\\system32\\svchost.exe -k netsvcs -p","ParentImage":"C:\\Windows\\System32\\svchost.exe","ParentProcessGuid":"{3f87e246-2af0-6a8c-1400-000000001000}","ParentProcessId":"412","ParentUser":"NT AUTHORITY\\SYSTEM","ProcessGuid":"{3f87e246-2b1c-6a8c-8c00-000000001000}","ProcessId":"3596","Product":"Microsoft® Windows® Operating System","RecordNumber":"14368","RuleName":"-","Sid":"S-1-5-18","SidType":"0","SourceName":"Microsoft-Windows-Sysmon","TaskCategory":"Process Create (rule: ProcessCreate)","TerminalSessionId":"1","Type":"Information","User":["NOT_TRANSLATED","miacsdomain\\user-01"],"UtcTime":"2026-08-24 11:29:32.465","_raw":"08/24/2026 01:29:32.466 PM\nLogName=Microsoft-Windows-Sysmon/Operational\nEventCode=1\nEventType=4\nComputerName=Win-10.miacsdomain.com\nUser=NOT_TRANSLATED\nSid=S-1-5-18\nSidType=0\nSourceName=Microsoft-Windows-Sysmon\nType=Information\nRecordNumber=14368\nKeywords=None\nTaskCategory=Process Create (rule: ProcessCreate)\nOpCode=Info\nMessage=Process Create:\r\nRuleName: -\r\nUtcTime: 2026-08-24 11:29:32.465\r\nProcessGuid: {3f87e246-2b1c-6a8c-8c00-000000001000}\r\nProcessId: 3596\r\nImage: C:\\Windows\\System32\\taskhostw.exe\r\nFileVersion: 10.0.19041.3636 (WinBuild.160101.0800)\r\nDescription: Host Process for Windows Tasks\r\nProduct: Microsoft® Windows® Operating System\r\nCompany: Microsoft Corporation\r\nOriginalFileName: taskhostw.exe\r\nCommandLine: taskhostw.exe {222A245B-E637-4AE9-A93F-A59CA119A75E}\r\nCurrentDirectory: C:\\Windows\\system32\\\r\nUser: miacsdomain\\user-01\r\nLogonGuid: {3f87e246-2b1c-6a8c-cd06-070000000000}\r\nLogonId: 0x706CD\r\nTerminalSessionId: 1\r\nIntegrityLevel: Medium\r\nHashes: MD5=9D68EEF2D82A328F0ECE1B641E5728CC,SHA256=976BB3FB062818E9643EC7F65BE2F267B90F63BD9F8BE0E6212D131183136140,IMPHASH=3A0C6863CDE566AF997DB2DEFFF9D924\r\nParentProcessGuid: {3f87e246-2af0-6a8c-1400-000000001000}\r\nParentProcessId: 412\r\nParentImage: C:\\Windows\\System32\\svchost.exe\r\nParentCommandLine: C:\\Windows\\system32\\svchost.exe -k netsvcs -p\r\nParentUser: NT AUTHORITY\\SYSTEM","_time":"2026-08-24T13:29:32.466+0200","host":"Win-10","index":"main","linecount":"38","punct":"//_::._=--/===-..==---==--====__(:_)==_:\\r:_-\\r:_--_","source":"WinEventLog:Microsoft-Windows-Sysmon/Operational","sourcetype":"WinEventLog:Microsoft-Windows-Sysmon/Operational","splunk_server":"splunk-virtual-machine"}}
{"preview":false,"result":{"CommandLine":"\"C:\\Program Files (x86)\\Microsoft\\EdgeUpdate\\MicrosoftEdgeUpdate.exe\" /c","Company":"Microsoft Corporation","ComputerName":"Win-10.miacsdomain.com","CurrentDirectory":"C:\\Windows\\system32\\","Description":"Microsoft Edge Update","EventCode":"1","EventType":"4","FileVersion":"1.3.249.3","Hashes":"MD5=6BEF3D772E2E21F738A0C5745B8AE89D,SHA256=4EDD55E3788FCDBFDE74E728F3D0F1AAD1E408E83391910904D2A34B38A3E9D4,IMPHASH=CD3B2D99C6655A5D4A14E30E380F5BF9","Image":"C:\\Program Files (x86)\\Microsoft\\EdgeUpdate\\MicrosoftEdgeUpdate.exe","IntegrityLevel":"System","Keywords":"None","LogName":"Microsoft-Windows-Sysmon/Operational","LogonGuid":"{3f87e246-2af0-6a8c-e703-000000000000}","LogonId":"0x3E7","Message":"Process Create:\r\nRuleName: -\r\nUtcTime: 2026-08-24 11:29:32.463\r\nProcessGuid: {3f87e246-2b1c-6a8c-8b00-000000001000}\r\nProcessId: 64\r\nImage: C:\\Program Files (x86)\\Microsoft\\EdgeUpdate\\MicrosoftEdgeUpdate.exe\r\nFileVersion: 1.3.249.3\r\nDescription: Microsoft Edge Update\r\nProduct: Microsoft Edge Update\r\nCompany: Microsoft Corporation\r\nOriginalFileName: MicrosoftEdgeUpdate.exe\r\nCommandLine: \"C:\\Program Files (x86)\\Microsoft\\EdgeUpdate\\MicrosoftEdgeUpdate.exe\" /c\r\nCurrentDirectory: C:\\Windows\\system32\\\r\nUser: NT AUTHORITY\\SYSTEM\r\nLogonGuid: {3f87e246-2af0-6a8c-e703-000000000000}\r\nLogonId: 0x3E7\r\nTerminalSessionId: 0\r\nIntegrityLevel: System\r\nHashes: MD5=6BEF3D772E2E21F738A0C5745B8AE89D,SHA256=4EDD55E3788FCDBFDE74E728F3D0F1AAD1E408E83391910904D2A34B38A3E9D4,IMPHASH=CD3B2D99C6655A5D4A14E30E380F5BF9\r\nParentProcessGuid: {3f87e246-2af0-6a8c-1400-000000001000}\r\nParentProcessId: 412\r\nParentImage: C:\\Windows\\System32\\svchost.exe\r\nParentCommandLine: C:\\Windows\\system32\\svchost.exe -k netsvcs -p\r\nParentUser: NT AUTHORITY\\SYSTEM","OpCode":"Info","OriginalFileName":"MicrosoftEdgeUpdate.exe","ParentCommandLine":"C:\\Windows\\system32\\svchost.exe -k netsvcs -p","ParentImage":"C:\\Windows\\System32\\svchost.exe","ParentProcessGuid":"{3f87e246-2af0-6a8c-1400-000000001000}","ParentProcessId":"412","ParentUser":"NT AUTHORITY\\SYSTEM","ProcessGuid":"{3f87e246-2b1c-6a8c-8b00-000000001000}","ProcessId":"64","Product":"Microsoft Edge Update","RecordNumber":"14367","RuleName":"-","Sid":"S-1-5-18","SidType":"0","SourceName":"Microsoft-Windows-Sysmon","TaskCategory":"Process Create (rule: ProcessCreate)","TerminalSessionId":"0","Type":"Information","User":["NOT_TRANSLATED","NT AUTHORITY\\SYSTEM"],"UtcTime":"2026-08-24 11:29:32.463","_raw":"08/24/2026 01:29:32.465 PM\nLogName=Microsoft-Windows-Sysmon/Operational\nEventCode=1\nEventType=4\nComputerName=Win-10.miacsdomain.com\nUser=NOT_TRANSLATED\nSid=S-1-5-18\nSidType=0\nSourceName=Microsoft-Windows-Sysmon\nType=Information\nRecordNumber=14367\nKeywords=None\nTaskCategory=Process Create (rule: ProcessCreate)\nOpCode=Info\nMessage=Process Create:\r\nRuleName: -\r\nUtcTime: 2026-08-24 11:29:32.463\r\nProcessGuid: {3f87e246-2b1c-6a8c-8b00-000000001000}\r\nProcessId: 64\r\nImage: C:\\Program Files (x86)\\Microsoft\\EdgeUpdate\\MicrosoftEdgeUpdate.exe\r\nFileVersion: 1.3.249.3\r\nDescription: Microsoft Edge Update\r\nProduct: Microsoft Edge Update\r\nCompany: Microsoft Corporation\r\nOriginalFileName: MicrosoftEdgeUpdate.exe\r\nCommandLine: \"C:\\Program Files (x86)\\Microsoft\\EdgeUpdate\\MicrosoftEdgeUpdate.exe\" /c\r\nCurrentDirectory: C:\\Windows\\system32\\\r\nUser: NT AUTHORITY\\SYSTEM\r\nLogonGuid: {3f87e246-2af0-6a8c-e703-000000000000}\r\nLogonId: 0x3E7\r\nTerminalSessionId: 0\r\nIntegrityLevel: System\r\nHashes: MD5=6BEF3D772E2E21F738A0C5745B8AE89D,SHA256=4EDD55E3788FCDBFDE74E728F3D0F1AAD1E408E83391910904D2A34B38A3E9D4,IMPHASH=CD3B2D99C6655A5D4A14E30E380F5BF9\r\nParentProcessGuid: {3f87e246-2af0-6a8c-1400-000000001000}\r\nParentProcessId: 412\r\nParentImage: C:\\Windows\\System32\\svchost.exe\r\nParentCommandLine: C:\\Windows\\system32\\svchost.exe -k netsvcs -p\r\nParentUser: NT AUTHORITY\\SYSTEM","_time":"2026-08-24T13:29:32.465+0200","host":"Win-10","index":"main","linecount":"38","punct":"//_::._=--/===-..==---==--====__(:_)==_:\\r:_-\\r:_--_","source":"WinEventLog:Microsoft-Windows-Sysmon/Operational","sourcetype":"WinEventLog:Microsoft-Windows-Sysmon/Operational","splunk_server":"splunk-virtual-machine"}}
{"preview":false,"result":{"CommandLine":"taskhostw.exe","Company":"Microsoft Corporation","ComputerName":"Win-10.miacsdomain.com","CurrentDirectory":"C:\\Windows\\system32\\","Description":"Host Process for Windows Tasks","EventCode":"1","EventType":"4","FileVersion":"10.0.19041.3636 (WinBuild.160101.0800)","Hashes":"MD5=9D68EEF2D82A328F0ECE1B641E5728CC,SHA256=976BB3FB062818E9643EC7F65BE2F267B90F63BD9F8BE0E6212D131183136140,IMPHASH=3A0C6863CDE566AF997DB2DEFFF9D924","Image":"C:\\Windows\\System32\\taskhostw.exe","IntegrityLevel":"Medium","Keywords":"None","LogName":"Microsoft-Windows-Sysmon/Operational","LogonGuid":"{3f87e246-2b1c-6a8c-cd06-070000000000}","LogonId":"0x706CD","Message":"Process Create:\r\nRuleName: -\r\nUtcTime: 2026-08-24 11:29:32.458\r\nProcessGuid: {3f87e246-2b1c-6a8c-8a00-000000001000}\r\nProcessId: 3508\r\nImage: C:\\Windows\\System32\\taskhostw.exe\r\nFileVersion: 10.0.19041.3636 (WinBuild.160101.0800)\r\nDescription: Host Process for Windows Tasks\r\nProduct: Microsoft® Windows® Operating System\r\nCompany: Microsoft Corporation\r\nOriginalFileName: taskhostw.exe\r\nCommandLine: taskhostw.exe\r\nCurrentDirectory: C:\\Windows\\system32\\\r\nUser: miacsdomain\\user-01\r\nLogonGuid: {3f87e246-2b1c-6a8c-cd06-070000000000}\r\nLogonId: 0x706CD\r\nTerminalSessionId: 1\r\nIntegrityLevel: Medium\r\nHashes: MD5=9D68EEF2D82A328F0ECE1B641E5728CC,SHA256=976BB3FB062818E9643EC7F65BE2F267B90F63BD9F8BE0E6212D131183136140,IMPHASH=3A0C6863CDE566AF997DB2DEFFF9D924\r\nParentProcessGuid: {3f87e246-2af0-6a8c-1400-000000001000}\r\nParentProcessId: 412\r\nParentImage: C:\\Windows\\System32\\svchost.exe\r\nParentCommandLine: C:\\Windows\\system32\\svchost.exe -k netsvcs -p\r\nParentUser: NT AUTHORITY\\SYSTEM","OpCode":"Info","OriginalFileName":"taskhostw.exe","ParentCommandLine":"C:\\Windows\\system32\\svchost.exe -k netsvcs -p","ParentImage":"C:\\Windows\\System32\\svchost.exe","ParentProcessGuid":"{3f87e246-2af0-6a8c-1400-000000001000}","ParentProcessId":"412","ParentUser":"NT AUTHORITY\\SYSTEM","ProcessGuid":"{3f87e246-2b1c-6a8c-8a00-000000001000}","ProcessId":"3508","Product":"Microsoft® Windows® Operating System","RecordNumber":"14366","RuleName":"-","Sid":"S-1-5-18","SidType":"0","SourceName":"Microsoft-Windows-Sysmon","TaskCategory":"Process Create (rule: ProcessCreate)","TerminalSessionId":"1","Type":"Information","User":["NOT_TRANSLATED","miacsdomain\\user-01"],"UtcTime":"2026-08-24 11:29:32.458","_raw":"08/24/2026 01:29:32.459 PM\nLogName=Microsoft-Windows-Sysmon/Operational\nEventCode=1\nEventType=4\nComputerName=Win-10.miacsdomain.com\nUser=NOT_TRANSLATED\nSid=S-1-5-18\nSidType=0\nSourceName=Microsoft-Windows-Sysmon\nType=Information\nRecordNumber=14366\nKeywords=None\nTaskCategory=Process Create (rule: ProcessCreate)\nOpCode=Info\nMessage=Process Create:\r\nRuleName: -\r\nUtcTime: 2026-08-24 11:29:32.458\r\nProcessGuid: {3f87e246-2b1c-6a8c-8a00-000000001000}\r\nProcessId: 3508\r\nImage: C:\\Windows\\System32\\taskhostw.exe\r\nFileVersion: 10.0.19041.3636 (WinBuild.160101.0800)\r\nDescription: Host Process for Windows Tasks\r\nProduct: Microsoft® Windows® Operating System\r\nCompany: Microsoft Corporation\r\nOriginalFileName: taskhostw.exe\r\nCommandLine: taskhostw.exe\r\nCurrentDirectory: C:\\Windows\\system32\\\r\nUser: miacsdomain\\user-01\r\nLogonGuid: {3f87e246-2b1c-6a8c-cd06-070000000000}\r\nLogonId: 0x706CD\r\nTerminalSessionId: 1\r\nIntegrityLevel: Medium\r\nHashes: MD5=9D68EEF2D82A328F0ECE1B641E5728CC,SHA256=976BB3FB062818E9643EC7F65BE2F267B90F63BD9F8BE0E6212D131183136140,IMPHASH=3A0C6863CDE566AF997DB2DEFFF9D924\r\nParentProcessGuid: {3f87e246-2af0-6a8c-1400-000000001000}\r\nParentProcessId: 412\r\nParentImage: C:\\Windows\\System32\\svchost.exe\r\nParentCommandLine: C:\\Windows\\system32\\svchost.exe -k netsvcs -p\r\nParentUser: NT AUTHORITY\\SYSTEM","_time":"2026-08-24T13:29:32.459+0200","host":"Win-10","index":"main","linecount":"38","punct":"//_::._=--/===-..==---==--====__(:_)==_:\\r:_-\\r:_--_","source":"WinEventLog:Microsoft-Windows-Sysmon/Operational","sourcetype":"WinEventLog:Microsoft-Windows-Sysmon/Operational","splunk_server":"splunk-virtual-machine"}}
{"preview":false,"result":{"CommandLine":"taskhostw.exe USER","Company":"Microsoft Corporation","ComputerName":"Win-10.miacsdomain.com","CurrentDirectory":"C:\\Windows\\system32\\","Description":"Host Process for Windows Tasks","EventCode":"1","EventType":"4","FileVersion":"10.0.19041.3636 (WinBuild.160101.0800)","Hashes":"MD5=9D68EEF2D82A328F0ECE1B641E5728CC,SHA256=976BB3FB062818E9643EC7F65BE2F267B90F63BD9F8BE0E6212D131183136140,IMPHASH=3A0C6863CDE566AF997DB2DEFFF9D924","Image":"C:\\Windows\\System32\\taskhostw.exe","IntegrityLevel":"Medium","Keywords":"None","LogName":"Microsoft-Windows-Sysmon/Operational","LogonGuid":"{3f87e246-2b1c-6a8c-cd06-070000000000}","LogonId":"0x706CD","Message":"Process Create:\r\nRuleName: -\r\nUtcTime: 2026-08-24 11:29:32.443\r\nProcessGuid: {3f87e246-2b1c-6a8c-8900-000000001000}\r\nProcessId: 3932\r\nImage: C:\\Windows\\System32\\taskhostw.exe\r\nFileVersion: 10.0.19041.3636 (WinBuild.160101.0800)\r\nDescription: Host Process for Windows Tasks\r\nProduct: Microsoft® Windows® Operating System\r\nCompany: Microsoft Corporation\r\nOriginalFileName: taskhostw.exe\r\nCommandLine: taskhostw.exe USER\r\nCurrentDirectory: C:\\Windows\\system32\\\r\nUser: miacsdomain\\user-01\r\nLogonGuid: {3f87e246-2b1c-6a8c-cd06-070000000000}\r\nLogonId: 0x706CD\r\nTerminalSessionId: 1\r\nIntegrityLevel: Medium\r\nHashes: MD5=9D68EEF2D82A328F0ECE1B641E5728CC,SHA256=976BB3FB062818E9643EC7F65BE2F267B90F63BD9F8BE0E6212D131183136140,IMPHASH=3A0C6863CDE566AF997DB2DEFFF9D924\r\nParentProcessGuid: {3f87e246-2af0-6a8c-1400-000000001000}\r\nParentProcessId: 412\r\nParentImage: C:\\Windows\\System32\\svchost.exe\r\nParentCommandLine: C:\\Windows\\system32\\svchost.exe -k netsvcs -p\r\nParentUser: NT AUTHORITY\\SYSTEM","OpCode":"Info","OriginalFileName":"taskhostw.exe","ParentCommandLine":"C:\\Windows\\system32\\svchost.exe -k netsvcs -p","ParentImage":"C:\\Windows\\System32\\svchost.exe","ParentProcessGuid":"{3f87e246-2af0-6a8c-1400-000000001000}","ParentProcessId":"412","ParentUser":"NT AUTHORITY\\SYSTEM","ProcessGuid":"{3f87e246-2b1c-6a8c-8900-000000001000}","ProcessId":"3932","Product":"Microsoft® Windows® Operating System","RecordNumber":"14365","RuleName":"-","Sid":"S-1-5-18","SidType":"0","SourceName":"Microsoft-Windows-Sysmon","TaskCategory":"Process Create (rule: ProcessCreate)","TerminalSessionId":"1","Type":"Information","User":["NOT_TRANSLATED","miacsdomain\\user-01"],"UtcTime":"2026-08-24 11:29:32.443","_raw":"08/24/2026 01:29:32.445 PM\nLogName=Microsoft-Windows-Sysmon/Operational\nEventCode=1\nEventType=4\nComputerName=Win-10.miacsdomain.com\nUser=NOT_TRANSLATED\nSid=S-1-5-18\nSidType=0\nSourceName=Microsoft-Windows-Sysmon\nType=Information\nRecordNumber=14365\nKeywords=None\nTaskCategory=Process Create (rule: ProcessCreate)\nOpCode=Info\nMessage=Process Create:\r\nRuleName: -\r\nUtcTime: 2026-08-24 11:29:32.443\r\nProcessGuid: {3f87e246-2b1c-6a8c-8900-000000001000}\r\nProcessId: 3932\r\nImage: C:\\Windows\\System32\\taskhostw.exe\r\nFileVersion: 10.0.19041.3636 (WinBuild.160101.0800)\r\nDescription: Host Process for Windows Tasks\r\nProduct: Microsoft® Windows® Operating System\r\nCompany: Microsoft Corporation\r\nOriginalFileName: taskhostw.exe\r\nCommandLine: taskhostw.exe USER\r\nCurrentDirectory: C:\\Windows\\system32\\\r\nUser: miacsdomain\\user-01\r\nLogonGuid: {3f87e246-2b1c-6a8c-cd06-070000000000}\r\nLogonId: 0x706CD\r\nTerminalSessionId: 1\r\nIntegrityLevel: Medium\r\nHashes: MD5=9D68EEF2D82A328F0ECE1B641E5728CC,SHA256=976BB3FB062818E9643EC7F65BE2F267B90F63BD9F8BE0E6212D131183136140,IMPHASH=3A0C6863CDE566AF997DB2DEFFF9D924\r\nParentProcessGuid: {3f87e246-2af0-6a8c-1400-000000001000}\r\nParentProcessId: 412\r\nParentImage: C:\\Windows\\System32\\svchost.exe\r\nParentCommandLine: C:\\Windows\\system32\\svchost.exe -k netsvcs -p\r\nParentUser: NT AUTHORITY\\SYSTEM","_time":"2026-08-24T13:29:32.445+0200","host":"Win-10","index":"main","linecount":"38","punct":"//_::._=--/===-..==---==--====__(:_)==_:\\r:_-\\r:_--_","source":"WinEventLog:Microsoft-Windows-Sysmon/Operational","sourcetype":"WinEventLog:Microsoft-Windows-Sysmon/Operational","splunk_server":"splunk-virtual-machine"}}
{"preview":false,"result":{"ComputerName":"Win-10.miacsdomain.com","Details":"C:\\Windows\\system32\\svchost.exe -k UnistackSvcGroup","EventCode":"13","EventType":["4","SetValue"],"Image":"C:\\Windows\\system32\\services.exe","Keywords":"None","LogName":"Microsoft-Windows-Sysmon/Operational","Message":"Registry value set:\r\nRuleName: T1031,T1050\r\nEventType: SetValue\r\nUtcTime: 2026-08-24 11:29:32.419\r\nProcessGuid: {3f87e246-2af0-6a8c-0b00-000000001000}\r\nProcessId: 612\r\nImage: C:\\Windows\\system32\\services.exe\r\nTargetObject: HKLM\\System\\CurrentControlSet\\Services\\WpnUserService_73218\\ImagePath\r\nDetails: C:\\Windows\\system32\\svchost.exe -k UnistackSvcGroup\r\nUser: NT AUTHORITY\\SYSTEM","OpCode":"Info","ProcessGuid":"{3f87e246-2af0-6a8c-0b00-000000001000}","ProcessId":"612","RecordNumber":"14364","RuleName":"T1031,T1050","Sid":"S-1-5-18","SidType":"0","SourceName":"Microsoft-Windows-Sysmon","TargetObject":"HKLM\\System\\CurrentControlSet\\Services\\WpnUserService_73218\\ImagePath","TaskCategory":"Registry value set (rule: RegistryEvent)","Type":"Information","User":["NOT_TRANSLATED","NT AUTHORITY\\SYSTEM"],"UtcTime":"2026-08-24 11:29:32.419","_raw":"08/24/2026 01:29:32.424 PM\nLogName=Microsoft-Windows-Sysmon/Operational\nEventCode=13\nEventType=4\nComputerName=Win-10.miacsdomain.com\nUser=NOT_TRANSLATED\nSid=S-1-5-18\nSidType=0\nSourceName=Microsoft-Windows-Sysmon\nType=Information\nRecordNumber=14364\nKeywords=None\nTaskCategory=Registry value set (rule: RegistryEvent)\nOpCode=Info\nMessage=Registry value set:\r\nRuleName: T1031,T1050\r\nEventType: SetValue\r\nUtcTime: 2026-08-24 11:29:32.419\r\nProcessGuid: {3f87e246-2af0-6a8c-0b00-000000001000}\r\nProcessId: 612\r\nImage: C:\\Windows\\system32\\services.exe\r\nTargetObject: HKLM\\System\\CurrentControlSet\\Services\\WpnUserService_73218\\ImagePath\r\nDetails: C:\\Windows\\system32\\svchost.exe -k UnistackSvcGroup\r\nUser: NT AUTHORITY\\SYSTEM","_time":"2026-08-24T13:29:32.424+0200","host":"Win-10","index":"main","linecount":"24","punct":"//_::._=--/===-..==---==--====___(:_)==__:\\r:_,\\r:_\\r","source":"WinEventLog:Microsoft-Windows-Sysmon/Operational","sourcetype":"WinEventLog:Microsoft-Windows-Sysmon/Operational","splunk_server":"splunk-virtual-machine"}}
{"preview":false,"result":{"ComputerName":"Win-10.miacsdomain.com","Details":"DWORD (0x00000002)","EventCode":"13","EventType":["4","SetValue"],"Image":"C:\\Windows\\system32\\services.exe","Keywords":"None","LogName":"Microsoft-Windows-Sysmon/Operational","Message":"Registry value set:\r\nRuleName: T1031,T1050\r\nEventType: SetValue\r\nUtcTime: 2026-08-24 11:29:32.419\r\nProcessGuid: {3f87e246-2af0-6a8c-0b00-000000001000}\r\nProcessId: 612\r\nImage: C:\\Windows\\system32\\services.exe\r\nTargetObject: HKLM\\System\\CurrentControlSet\\Services\\WpnUserService_73218\\Start\r\nDetails: DWORD (0x00000002)\r\nUser: NT AUTHORITY\\SYSTEM","OpCode":"Info","ProcessGuid":"{3f87e246-2af0-6a8c-0b00-000000001000}","ProcessId":"612","RecordNumber":"14363","RuleName":"T1031,T1050","Sid":"S-1-5-18","SidType":"0","SourceName":"Microsoft-Windows-Sysmon","TargetObject":"HKLM\\System\\CurrentControlSet\\Services\\WpnUserService_73218\\Start","TaskCategory":"Registry value set (rule: RegistryEvent)","Type":"Information","User":["NOT_TRANSLATED","NT AUTHORITY\\SYSTEM"],"UtcTime":"2026-08-24 11:29:32.419","_raw":"08/24/2026 01:29:32.424 PM\nLogName=Microsoft-Windows-Sysmon/Operational\nEventCode=13\nEventType=4\nComputerName=Win-10.miacsdomain.com\nUser=NOT_TRANSLATED\nSid=S-1-5-18\nSidType=0\nSourceName=Microsoft-Windows-Sysmon\nType=Information\nRecordNumber=14363\nKeywords=None\nTaskCategory=Registry value set (rule: RegistryEvent)\nOpCode=Info\nMessage=Registry value set:\r\nRuleName: T1031,T1050\r\nEventType: SetValue\r\nUtcTime: 2026-08-24 11:29:32.419\r\nProcessGuid: {3f87e246-2af0-6a8c-0b00-000000001000}\r\nProcessId: 612\r\nImage: C:\\Windows\\system32\\services.exe\r\nTargetObject: HKLM\\System\\CurrentControlSet\\Services\\WpnUserService_73218\\Start\r\nDetails: DWORD (0x00000002)\r\nUser: NT AUTHORITY\\SYSTEM","_time":"2026-08-24T13:29:32.424+0200","host":"Win-10","index":"main","linecount":"24","punct":"//_::._=--/===-..==---==--====___(:_)==__:\\r:_,\\r:_\\r","source":"WinEventLog:Microsoft-Windows-Sysmon/Operational","sourcetype":"WinEventLog:Microsoft-Windows-Sysmon/Operational","splunk_server":"splunk-virtual-machine"}}
{"preview":false,"result":{"ComputerName":"Win-10.miacsdomain.com","Details":"C:\\Windows\\system32\\svchost.exe -k UnistackSvcGroup","EventCode":"13","EventType":["4","SetValue"],"Image":"C:\\Windows\\system32\\services.exe","Keywords":"None","LogName":"Microsoft-Windows-Sysmon/Operational","Message":"Registry value set:\r\nRuleName: T1031,T1050\r\nEventType: SetValue\r\nUtcTime: 2026-08-24 11:29:32.419\r\nProcessGuid: {3f87e246-2af0-6a8c-0b00-000000001000}\r\nProcessId: 612\r\nImage: C:\\Windows\\system32\\services.exe\r\nTargetObject: HKLM\\System\\CurrentControlSet\\Services\\UserDataSvc_73218\\ImagePath\r\nDetails: C:\\Windows\\system32\\svchost.exe -k UnistackSvcGroup\r\nUser: NT AUTHORITY\\SYSTEM","OpCode":"Info","ProcessGuid":"{3f87e246-2af0-6a8c-0b00-000000001000}","ProcessId":"612","RecordNumber":"14362","RuleName":"T1031,T1050","Sid":"S-1-5-18","SidType":"0","SourceName":"Microsoft-Windows-Sysmon","TargetObject":"HKLM\\System\\CurrentControlSet\\Services\\UserDataSvc_73218\\ImagePath","TaskCategory":"Registry value set (rule: RegistryEvent)","Type":"Information","User":["NOT_TRANSLATED","NT AUTHORITY\\SYSTEM"],"UtcTime":"2026-08-24 11:29:32.419","_raw":"08/24/2026 01:29:32.424 PM\nLogName=Microsoft-Windows-Sysmon/Operational\nEventCode=13\nEventType=4\nComputerName=Win-10.miacsdomain.com\nUser=NOT_TRANSLATED\nSid=S-1-5-18\nSidType=0\nSourceName=Microsoft-Windows-Sysmon\nType=Information\nRecordNumber=14362\nKeywords=None\nTaskCategory=Registry value set (rule: RegistryEvent)\nOpCode=Info\nMessage=Registry value set:\r\nRuleName: T1031,T1050\r\nEventType: SetValue\r\nUtcTime: 2026-08-24 11:29:32.419\r\nProcessGuid: {3f87e246-2af0-6a8c-0b00-000000001000}\r\nProcessId: 612\r\nImage: C:\\Windows\\system32\\services.exe\r\nTargetObject: HKLM\\System\\CurrentControlSet\\Services\\UserDataSvc_73218\\ImagePath\r\nDetails: C:\\Windows\\system32\\svchost.exe -k UnistackSvcGroup\r\nUser: NT AUTHORITY\\SYSTEM","_time":"2026-08-24T13:29:32.424+0200","host":"Win-10","index":"main","linecount":"24","punct":"//_::._=--/===-..==---==--====___(:_)==__:\\r:_,\\r:_\\r","source":"WinEventLog:Microsoft-Windows-Sysmon/Operational","sourcetype":"WinEventLog:Microsoft-Windows-Sysmon/Operational","splunk_server":"splunk-virtual-machine"}}
{"preview":false,"result":{"ComputerName":"Win-10.miacsdomain.com","Details":"DWORD (0x00000003)","EventCode":"13","EventType":["4","SetValue"],"Image":"C:\\Windows\\system32\\services.exe","Keywords":"None","LogName":"Microsoft-Windows-Sysmon/Operational","Message":"Registry value set:\r\nRuleName: T1031,T1050\r\nEventType: SetValue\r\nUtcTime: 2026-08-24 11:29:32.419\r\nProcessGuid: {3f87e246-2af0-6a8c-0b00-000000001000}\r\nProcessId: 612\r\nImage: C:\\Windows\\system32\\services.exe\r\nTargetObject: HKLM\\System\\CurrentControlSet\\Services\\UserDataSvc_73218\\Start\r\nDetails: DWORD (0x00000003)\r\nUser: NT AUTHORITY\\SYSTEM","OpCode":"Info","ProcessGuid":"{3f87e246-2af0-6a8c-0b00-000000001000}","ProcessId":"612","RecordNumber":"14361","RuleName":"T1031,T1050","Sid":"S-1-5-18","SidType":"0","SourceName":"Microsoft-Windows-Sysmon","TargetObject":"HKLM\\System\\CurrentControlSet\\Services\\UserDataSvc_73218\\Start","TaskCategory":"Registry value set (rule: RegistryEvent)","Type":"Information","User":["NOT_TRANSLATED","NT AUTHORITY\\SYSTEM"],"UtcTime":"2026-08-24 11:29:32.419","_raw":"08/24/2026 01:29:32.424 PM\nLogName=Microsoft-Windows-Sysmon/Operational\nEventCode=13\nEventType=4\nComputerName=Win-10.miacsdomain.com\nUser=NOT_TRANSLATED\nSid=S-1-5-18\nSidType=0\nSourceName=Microsoft-Windows-Sysmon\nType=Information\nRecordNumber=14361\nKeywords=None\nTaskCategory=Registry value set (rule: RegistryEvent)\nOpCode=Info\nMessage=Registry value set:\r\nRuleName: T1031,T1050\r\nEventType: SetValue\r\nUtcTime: 2026-08-24 11:29:32.419\r\nProcessGuid: {3f87e246-2af0-6a8c-0b00-000000001000}\r\nProcessId: 612\r\nImage: C:\\Windows\\system32\\services.exe\r\nTargetObject: HKLM\\System\\CurrentControlSet\\Services\\UserDataSvc_73218\\Start\r\nDetails: DWORD (0x00000003)\r\nUser: NT AUTHORITY\\SYSTEM","_time":"2026-08-24T13:29:32.424+0200","host":"Win-10","index":"main","linecount":"24","punct":"//_::._=--/===-..==---==--====___(:_)==__:\\r:_,\\r:_\\r","source":"WinEventLog:Microsoft-Windows-Sysmon/Operational","sourcetype":"WinEventLog:Microsoft-Windows-Sysmon/Operational","splunk_server":"splunk-virtual-machine"}}
{"preview":false,"result":{"ComputerName":"Win-10.miacsdomain.com","Details":"C:\\Windows\\System32\\svchost.exe -k UnistackSvcGroup","EventCode":"13","EventType":["4","SetValue"],"Image":"C:\\Windows\\system32\\services.exe","Keywords":"None","LogName":"Microsoft-Windows-Sysmon/Operational","Message":"Registry value set:\r\nRuleName: T1031,T1050\r\nEventType: SetValue\r\nUtcTime: 2026-08-24 11:29:32.419\r\nProcessGuid: {3f87e246-2af0-6a8c-0b00-000000001000}\r\nProcessId: 612\r\nImage: C:\\Windows\\system32\\services.exe\r\nTargetObject: HKLM\\System\\CurrentControlSet\\Services\\UnistoreSvc_73218\\ImagePath\r\nDetails: C:\\Windows\\System32\\svchost.exe -k UnistackSvcGroup\r\nUser: NT AUTHORITY\\SYSTEM","OpCode":"Info","ProcessGuid":"{3f87e246-2af0-6a8c-0b00-000000001000}","ProcessId":"612","RecordNumber":"14360","RuleName":"T1031,T1050","Sid":"S-1-5-18","SidType":"0","SourceName":"Microsoft-Windows-Sysmon","TargetObject":"HKLM\\System\\CurrentControlSet\\Services\\UnistoreSvc_73218\\ImagePath","TaskCategory":"Registry value set (rule: RegistryEvent)","Type":"Information","User":["NOT_TRANSLATED","NT AUTHORITY\\SYSTEM"],"UtcTime":"2026-08-24 11:29:32.419","_raw":"08/24/2026 01:29:32.424 PM\nLogName=Microsoft-Windows-Sysmon/Operational\nEventCode=13\nEventType=4\nComputerName=Win-10.miacsdomain.com\nUser=NOT_TRANSLATED\nSid=S-1-5-18\nSidType=0\nSourceName=Microsoft-Windows-Sysmon\nType=Information\nRecordNumber=14360\nKeywords=None\nTaskCategory=Registry value set (rule: RegistryEvent)\nOpCode=Info\nMessage=Registry value set:\r\nRuleName: T1031,T1050\r\nEventType: SetValue\r\nUtcTime: 2026-08-24 11:29:32.419\r\nProcessGuid: {3f87e246-2af0-6a8c-0b00-000000001000}\r\nProcessId: 612\r\nImage: C:\\Windows\\system32\\services.exe\r\nTargetObject: HKLM\\System\\CurrentControlSet\\Services\\UnistoreSvc_73218\\ImagePath\r\nDetails: C:\\Windows\\System32\\svchost.exe -k UnistackSvcGroup\r\nUser: NT AUTHORITY\\SYSTEM","_time":"2026-08-24T13:29:32.424+0200","host":"Win-10","index":"main","linecount":"24","punct":"//_::._=--/===-..==---==--====___(:_)==__:\\r:_,\\r:_\\r","source":"WinEventLog:Microsoft-Windows-Sysmon/Operational","sourcetype":"WinEventLog:Microsoft-Windows-Sysmon/Operational","splunk_server":"splunk-virtual-machine"}}
