{"preview":false,"result":{"ComputerName":"Win-10.miacsdomain.com","EventCode":"4100","EventType":"3","Keywords":"None","LogName":"Microsoft-Windows-PowerShell/Operational","Message":"Error Message = System error.\r\n\r\n\r\nContext:\r\n        Severity = Warning\r\n        Host Name = ConsoleHost\r\n        Host Version = 5.1.19041.3803\r\n        Host ID = 2a1797fc-7031-4379-ad5c-6e9144dbd7ac\r\n        Host Application = C:\\Windows\\System32\\WindowsPowerShell\\v1.0\\powershell.exe -ep bypass -file C:\\Users\\user-01\\AppData\\Local\\Temp\\tool.ps1\r\n        Engine Version = 5.1.19041.3803\r\n        Runspace ID = d1d5498d-55ee-4b93-8b5f-3dda0233db06\r\n        Pipeline ID = 1\r\n        Command Name = \r\n        Command Type = \r\n        Script Name = \r\n        Command Path = \r\n        Sequence Number = 15\r\n        User = miacsdomain\\user-01\r\n        Connected User = \r\n        Shell ID = Microsoft.PowerShell\r\n\r\n\r\nUser Data:","OpCode":"To be used when an exception is raised","RecordNumber":"14604","Sid":"S-1-5-21-246749117-2054088174-1189330396-1105","SidType":"0","SourceName":"Microsoft-Windows-PowerShell","TaskCategory":"Executing Pipeline","Type":"Warning","User":"NOT_TRANSLATED","_raw":"08/27/2026 06:04:08.463 AM\nLogName=Microsoft-Windows-PowerShell/Operational\nEventCode=4100\nEventType=3\nComputerName=Win-10.miacsdomain.com\nUser=NOT_TRANSLATED\nSid=S-1-5-21-246749117-2054088174-1189330396-1105\nSidType=0\nSourceName=Microsoft-Windows-PowerShell\nType=Warning\nRecordNumber=14604\nKeywords=None\nTaskCategory=Executing Pipeline\nOpCode=To be used when an exception is raised\nMessage=Error Message = System error.\r\n\r\n\r\nContext:\r\n        Severity = Warning\r\n        Host Name = ConsoleHost\r\n        Host Version = 5.1.19041.3803\r\n        Host ID = 2a1797fc-7031-4379-ad5c-6e9144dbd7ac\r\n        Host Application = C:\\Windows\\System32\\WindowsPowerShell\\v1.0\\powershell.exe -ep bypass -file C:\\Users\\user-01\\AppData\\Local\\Temp\\tool.ps1\r\n        Engine Version = 5.1.19041.3803\r\n        Runspace ID = d1d5498d-55ee-4b93-8b5f-3dda0233db06\r\n        Pipeline ID = 1\r\n        Command Name = \r\n        Command Type = \r\n        Script Name = \r\n        Command Path = \r\n        Sequence Number = 15\r\n        User = miacsdomain\\user-01\r\n        Connected User = \r\n        Shell ID = Microsoft.PowerShell\r\n\r\n\r\nUser Data:","_time":"2026-08-27T06:04:08.463+0200","host":"Win-10","index":"main","linecount":"37","punct":"//_::._=--/===-..==-------==--====_=_______=__=__.","source":"WinEventLog:Microsoft-Windows-PowerShell/Operational","sourcetype":"WinEventLog:Microsoft-Windows-PowerShell/Operational","splunk_server":"splunk-virtual-machine"}}
{"preview":false,"result":{"CommandLine":"\"C:\\Windows\\system32\\ipconfig.exe\" /all","Company":"Microsoft Corporation","ComputerName":"Win-10.miacsdomain.com","CurrentDirectory":"C:\\Users\\user-01\\","Description":"IP Configuration Utility","EventCode":"1","EventType":"4","FileVersion":"10.0.19041.1 (WinBuild.160101.0800)","Hashes":"MD5=62F170FB07FDBB79CEB7147101406EB8,SHA256=53E000F5AA9B3A00934319DB8080BB99CB323BF48FC628A64F75D7847C265606,IMPHASH=1002D523645A81BC52877D82D9E88417","Image":"C:\\Windows\\System32\\ipconfig.exe","IntegrityLevel":"Medium","Keywords":"None","LogName":"Microsoft-Windows-Sysmon/Operational","LogonGuid":"{3f87e246-b6bf-6a8f-1c76-4c0000000000}","LogonId":"0x4C761C","Message":"Process Create:\r\nRuleName: -\r\nUtcTime: 2026-08-27 04:04:08.269\r\nProcessGuid: {3f87e246-b738-6a8f-e003-000000001600}\r\nProcessId: 3376\r\nImage: C:\\Windows\\System32\\ipconfig.exe\r\nFileVersion: 10.0.19041.1 (WinBuild.160101.0800)\r\nDescription: IP Configuration Utility\r\nProduct: Microsoft® Windows® Operating System\r\nCompany: Microsoft Corporation\r\nOriginalFileName: ipconfig.exe\r\nCommandLine: \"C:\\Windows\\system32\\ipconfig.exe\" /all\r\nCurrentDirectory: C:\\Users\\user-01\\\r\nUser: miacsdomain\\user-01\r\nLogonGuid: {3f87e246-b6bf-6a8f-1c76-4c0000000000}\r\nLogonId: 0x4C761C\r\nTerminalSessionId: 5\r\nIntegrityLevel: Medium\r\nHashes: MD5=62F170FB07FDBB79CEB7147101406EB8,SHA256=53E000F5AA9B3A00934319DB8080BB99CB323BF48FC628A64F75D7847C265606,IMPHASH=1002D523645A81BC52877D82D9E88417\r\nParentProcessGuid: {3f87e246-b738-6a8f-dd03-000000001600}\r\nParentProcessId: 2840\r\nParentImage: C:\\Windows\\System32\\WindowsPowerShell\\v1.0\\powershell.exe\r\nParentCommandLine: \"C:\\Windows\\System32\\WindowsPowerShell\\v1.0\\powershell.exe\" -ep bypass -file C:\\Users\\user-01\\AppData\\Local\\Temp\\tool.ps1\r\nParentUser: miacsdomain\\user-01","OpCode":"Info","OriginalFileName":"ipconfig.exe","ParentCommandLine":"\"C:\\Windows\\System32\\WindowsPowerShell\\v1.0\\powershell.exe\" -ep bypass -file C:\\Users\\user-01\\AppData\\Local\\Temp\\tool.ps1","ParentImage":"C:\\Windows\\System32\\WindowsPowerShell\\v1.0\\powershell.exe","ParentProcessGuid":"{3f87e246-b738-6a8f-dd03-000000001600}","ParentProcessId":"2840","ParentUser":"miacsdomain\\user-01","ProcessGuid":"{3f87e246-b738-6a8f-e003-000000001600}","ProcessId":"3376","Product":"Microsoft® Windows® Operating System","RecordNumber":"33165","RuleName":"-","Sid":"S-1-5-18","SidType":"0","SourceName":"Microsoft-Windows-Sysmon","TaskCategory":"Process Create (rule: ProcessCreate)","TerminalSessionId":"5","Type":"Information","User":["NOT_TRANSLATED","miacsdomain\\user-01"],"UtcTime":"2026-08-27 04:04:08.269","_raw":"08/27/2026 06:04:08.270 AM\nLogName=Microsoft-Windows-Sysmon/Operational\nEventCode=1\nEventType=4\nComputerName=Win-10.miacsdomain.com\nUser=NOT_TRANSLATED\nSid=S-1-5-18\nSidType=0\nSourceName=Microsoft-Windows-Sysmon\nType=Information\nRecordNumber=33165\nKeywords=None\nTaskCategory=Process Create (rule: ProcessCreate)\nOpCode=Info\nMessage=Process Create:\r\nRuleName: -\r\nUtcTime: 2026-08-27 04:04:08.269\r\nProcessGuid: {3f87e246-b738-6a8f-e003-000000001600}\r\nProcessId: 3376\r\nImage: C:\\Windows\\System32\\ipconfig.exe\r\nFileVersion: 10.0.19041.1 (WinBuild.160101.0800)\r\nDescription: IP Configuration Utility\r\nProduct: Microsoft® Windows® Operating System\r\nCompany: Microsoft Corporation\r\nOriginalFileName: ipconfig.exe\r\nCommandLine: \"C:\\Windows\\system32\\ipconfig.exe\" /all\r\nCurrentDirectory: C:\\Users\\user-01\\\r\nUser: miacsdomain\\user-01\r\nLogonGuid: {3f87e246-b6bf-6a8f-1c76-4c0000000000}\r\nLogonId: 0x4C761C\r\nTerminalSessionId: 5\r\nIntegrityLevel: Medium\r\nHashes: MD5=62F170FB07FDBB79CEB7147101406EB8,SHA256=53E000F5AA9B3A00934319DB8080BB99CB323BF48FC628A64F75D7847C265606,IMPHASH=1002D523645A81BC52877D82D9E88417\r\nParentProcessGuid: {3f87e246-b738-6a8f-dd03-000000001600}\r\nParentProcessId: 2840\r\nParentImage: C:\\Windows\\System32\\WindowsPowerShell\\v1.0\\powershell.exe\r\nParentCommandLine: \"C:\\Windows\\System32\\WindowsPowerShell\\v1.0\\powershell.exe\" -ep bypass -file C:\\Users\\user-01\\AppData\\Local\\Temp\\tool.ps1\r\nParentUser: miacsdomain\\user-01","_time":"2026-08-27T06:04:08.270+0200","host":"Win-10","index":"main","linecount":"38","punct":"//_::._=--/===-..==---==--====__(:_)==_:\\r:_-\\r:_--_","source":"WinEventLog:Microsoft-Windows-Sysmon/Operational","sourcetype":"WinEventLog:Microsoft-Windows-Sysmon/Operational","splunk_server":"splunk-virtual-machine"}}
{"preview":false,"result":{"CommandLine":"\"C:\\Windows\\system32\\HOSTNAME.EXE\"","Company":"Microsoft Corporation","ComputerName":"Win-10.miacsdomain.com","CurrentDirectory":"C:\\Users\\user-01\\","Description":"Hostname APP","EventCode":"1","EventType":"4","FileVersion":"10.0.19041.1 (WinBuild.160101.0800)","Hashes":"MD5=33AFAA43B84BDEAB12E02F9DBD2B2EE0,SHA256=A90C3FB350A11C6F6A6EFA9607987D924D1DE65E09CA9FAF2E0E0E00531EE335,IMPHASH=5CD891320C666621E9783444DB8CBA78","Image":"C:\\Windows\\System32\\HOSTNAME.EXE","IntegrityLevel":"Medium","Keywords":"None","LogName":"Microsoft-Windows-Sysmon/Operational","LogonGuid":"{3f87e246-b6bf-6a8f-1c76-4c0000000000}","LogonId":"0x4C761C","Message":"Process Create:\r\nRuleName: -\r\nUtcTime: 2026-08-27 04:04:08.257\r\nProcessGuid: {3f87e246-b738-6a8f-df03-000000001600}\r\nProcessId: 4424\r\nImage: C:\\Windows\\System32\\HOSTNAME.EXE\r\nFileVersion: 10.0.19041.1 (WinBuild.160101.0800)\r\nDescription: Hostname APP\r\nProduct: Microsoft® Windows® Operating System\r\nCompany: Microsoft Corporation\r\nOriginalFileName: hostname.exe\r\nCommandLine: \"C:\\Windows\\system32\\HOSTNAME.EXE\"\r\nCurrentDirectory: C:\\Users\\user-01\\\r\nUser: miacsdomain\\user-01\r\nLogonGuid: {3f87e246-b6bf-6a8f-1c76-4c0000000000}\r\nLogonId: 0x4C761C\r\nTerminalSessionId: 5\r\nIntegrityLevel: Medium\r\nHashes: MD5=33AFAA43B84BDEAB12E02F9DBD2B2EE0,SHA256=A90C3FB350A11C6F6A6EFA9607987D924D1DE65E09CA9FAF2E0E0E00531EE335,IMPHASH=5CD891320C666621E9783444DB8CBA78\r\nParentProcessGuid: {3f87e246-b738-6a8f-dd03-000000001600}\r\nParentProcessId: 2840\r\nParentImage: C:\\Windows\\System32\\WindowsPowerShell\\v1.0\\powershell.exe\r\nParentCommandLine: \"C:\\Windows\\System32\\WindowsPowerShell\\v1.0\\powershell.exe\" -ep bypass -file C:\\Users\\user-01\\AppData\\Local\\Temp\\tool.ps1\r\nParentUser: miacsdomain\\user-01","OpCode":"Info","OriginalFileName":"hostname.exe","ParentCommandLine":"\"C:\\Windows\\System32\\WindowsPowerShell\\v1.0\\powershell.exe\" -ep bypass -file C:\\Users\\user-01\\AppData\\Local\\Temp\\tool.ps1","ParentImage":"C:\\Windows\\System32\\WindowsPowerShell\\v1.0\\powershell.exe","ParentProcessGuid":"{3f87e246-b738-6a8f-dd03-000000001600}","ParentProcessId":"2840","ParentUser":"miacsdomain\\user-01","ProcessGuid":"{3f87e246-b738-6a8f-df03-000000001600}","ProcessId":"4424","Product":"Microsoft® Windows® Operating System","RecordNumber":"33164","RuleName":"-","Sid":"S-1-5-18","SidType":"0","SourceName":"Microsoft-Windows-Sysmon","TaskCategory":"Process Create (rule: ProcessCreate)","TerminalSessionId":"5","Type":"Information","User":["NOT_TRANSLATED","miacsdomain\\user-01"],"UtcTime":"2026-08-27 04:04:08.257","_raw":"08/27/2026 06:04:08.258 AM\nLogName=Microsoft-Windows-Sysmon/Operational\nEventCode=1\nEventType=4\nComputerName=Win-10.miacsdomain.com\nUser=NOT_TRANSLATED\nSid=S-1-5-18\nSidType=0\nSourceName=Microsoft-Windows-Sysmon\nType=Information\nRecordNumber=33164\nKeywords=None\nTaskCategory=Process Create (rule: ProcessCreate)\nOpCode=Info\nMessage=Process Create:\r\nRuleName: -\r\nUtcTime: 2026-08-27 04:04:08.257\r\nProcessGuid: {3f87e246-b738-6a8f-df03-000000001600}\r\nProcessId: 4424\r\nImage: C:\\Windows\\System32\\HOSTNAME.EXE\r\nFileVersion: 10.0.19041.1 (WinBuild.160101.0800)\r\nDescription: Hostname APP\r\nProduct: Microsoft® Windows® Operating System\r\nCompany: Microsoft Corporation\r\nOriginalFileName: hostname.exe\r\nCommandLine: \"C:\\Windows\\system32\\HOSTNAME.EXE\"\r\nCurrentDirectory: C:\\Users\\user-01\\\r\nUser: miacsdomain\\user-01\r\nLogonGuid: {3f87e246-b6bf-6a8f-1c76-4c0000000000}\r\nLogonId: 0x4C761C\r\nTerminalSessionId: 5\r\nIntegrityLevel: Medium\r\nHashes: MD5=33AFAA43B84BDEAB12E02F9DBD2B2EE0,SHA256=A90C3FB350A11C6F6A6EFA9607987D924D1DE65E09CA9FAF2E0E0E00531EE335,IMPHASH=5CD891320C666621E9783444DB8CBA78\r\nParentProcessGuid: {3f87e246-b738-6a8f-dd03-000000001600}\r\nParentProcessId: 2840\r\nParentImage: C:\\Windows\\System32\\WindowsPowerShell\\v1.0\\powershell.exe\r\nParentCommandLine: \"C:\\Windows\\System32\\WindowsPowerShell\\v1.0\\powershell.exe\" -ep bypass -file C:\\Users\\user-01\\AppData\\Local\\Temp\\tool.ps1\r\nParentUser: miacsdomain\\user-01","_time":"2026-08-27T06:04:08.258+0200","host":"Win-10","index":"main","linecount":"38","punct":"//_::._=--/===-..==---==--====__(:_)==_:\\r:_-\\r:_--_","source":"WinEventLog:Microsoft-Windows-Sysmon/Operational","sourcetype":"WinEventLog:Microsoft-Windows-Sysmon/Operational","splunk_server":"splunk-virtual-machine"}}
{"preview":false,"result":{"CommandLine":"\"C:\\Windows\\system32\\whoami.exe\"","Company":"Microsoft Corporation","ComputerName":"Win-10.miacsdomain.com","CurrentDirectory":"C:\\Users\\user-01\\","Description":"whoami - displays logged on user information","EventCode":"1","EventType":"4","FileVersion":"10.0.19041.1 (WinBuild.160101.0800)","Hashes":"MD5=A4A6924F3EAF97981323703D38FD99C4,SHA256=1D4902A04D99E8CCBFE7085E63155955FEE397449D386453F6C452AE407B8743,IMPHASH=7FF0758B766F747CE57DFAC70743FB88","Image":"C:\\Windows\\System32\\whoami.exe","IntegrityLevel":"Medium","Keywords":"None","LogName":"Microsoft-Windows-Sysmon/Operational","LogonGuid":"{3f87e246-b6bf-6a8f-1c76-4c0000000000}","LogonId":"0x4C761C","Message":"Process Create:\r\nRuleName: -\r\nUtcTime: 2026-08-27 04:04:08.246\r\nProcessGuid: {3f87e246-b738-6a8f-de03-000000001600}\r\nProcessId: 2624\r\nImage: C:\\Windows\\System32\\whoami.exe\r\nFileVersion: 10.0.19041.1 (WinBuild.160101.0800)\r\nDescription: whoami - displays logged on user information\r\nProduct: Microsoft® Windows® Operating System\r\nCompany: Microsoft Corporation\r\nOriginalFileName: whoami.exe\r\nCommandLine: \"C:\\Windows\\system32\\whoami.exe\"\r\nCurrentDirectory: C:\\Users\\user-01\\\r\nUser: miacsdomain\\user-01\r\nLogonGuid: {3f87e246-b6bf-6a8f-1c76-4c0000000000}\r\nLogonId: 0x4C761C\r\nTerminalSessionId: 5\r\nIntegrityLevel: Medium\r\nHashes: MD5=A4A6924F3EAF97981323703D38FD99C4,SHA256=1D4902A04D99E8CCBFE7085E63155955FEE397449D386453F6C452AE407B8743,IMPHASH=7FF0758B766F747CE57DFAC70743FB88\r\nParentProcessGuid: {3f87e246-b738-6a8f-dd03-000000001600}\r\nParentProcessId: 2840\r\nParentImage: C:\\Windows\\System32\\WindowsPowerShell\\v1.0\\powershell.exe\r\nParentCommandLine: \"C:\\Windows\\System32\\WindowsPowerShell\\v1.0\\powershell.exe\" -ep bypass -file C:\\Users\\user-01\\AppData\\Local\\Temp\\tool.ps1\r\nParentUser: miacsdomain\\user-01","OpCode":"Info","OriginalFileName":"whoami.exe","ParentCommandLine":"\"C:\\Windows\\System32\\WindowsPowerShell\\v1.0\\powershell.exe\" -ep bypass -file C:\\Users\\user-01\\AppData\\Local\\Temp\\tool.ps1","ParentImage":"C:\\Windows\\System32\\WindowsPowerShell\\v1.0\\powershell.exe","ParentProcessGuid":"{3f87e246-b738-6a8f-dd03-000000001600}","ParentProcessId":"2840","ParentUser":"miacsdomain\\user-01","ProcessGuid":"{3f87e246-b738-6a8f-de03-000000001600}","ProcessId":"2624","Product":"Microsoft® Windows® Operating System","RecordNumber":"33163","RuleName":"-","Sid":"S-1-5-18","SidType":"0","SourceName":"Microsoft-Windows-Sysmon","TaskCategory":"Process Create (rule: ProcessCreate)","TerminalSessionId":"5","Type":"Information","User":["NOT_TRANSLATED","miacsdomain\\user-01"],"UtcTime":"2026-08-27 04:04:08.246","_raw":"08/27/2026 06:04:08.247 AM\nLogName=Microsoft-Windows-Sysmon/Operational\nEventCode=1\nEventType=4\nComputerName=Win-10.miacsdomain.com\nUser=NOT_TRANSLATED\nSid=S-1-5-18\nSidType=0\nSourceName=Microsoft-Windows-Sysmon\nType=Information\nRecordNumber=33163\nKeywords=None\nTaskCategory=Process Create (rule: ProcessCreate)\nOpCode=Info\nMessage=Process Create:\r\nRuleName: -\r\nUtcTime: 2026-08-27 04:04:08.246\r\nProcessGuid: {3f87e246-b738-6a8f-de03-000000001600}\r\nProcessId: 2624\r\nImage: C:\\Windows\\System32\\whoami.exe\r\nFileVersion: 10.0.19041.1 (WinBuild.160101.0800)\r\nDescription: whoami - displays logged on user information\r\nProduct: Microsoft® Windows® Operating System\r\nCompany: Microsoft Corporation\r\nOriginalFileName: whoami.exe\r\nCommandLine: \"C:\\Windows\\system32\\whoami.exe\"\r\nCurrentDirectory: C:\\Users\\user-01\\\r\nUser: miacsdomain\\user-01\r\nLogonGuid: {3f87e246-b6bf-6a8f-1c76-4c0000000000}\r\nLogonId: 0x4C761C\r\nTerminalSessionId: 5\r\nIntegrityLevel: Medium\r\nHashes: MD5=A4A6924F3EAF97981323703D38FD99C4,SHA256=1D4902A04D99E8CCBFE7085E63155955FEE397449D386453F6C452AE407B8743,IMPHASH=7FF0758B766F747CE57DFAC70743FB88\r\nParentProcessGuid: {3f87e246-b738-6a8f-dd03-000000001600}\r\nParentProcessId: 2840\r\nParentImage: C:\\Windows\\System32\\WindowsPowerShell\\v1.0\\powershell.exe\r\nParentCommandLine: \"C:\\Windows\\System32\\WindowsPowerShell\\v1.0\\powershell.exe\" -ep bypass -file C:\\Users\\user-01\\AppData\\Local\\Temp\\tool.ps1\r\nParentUser: miacsdomain\\user-01","_time":"2026-08-27T06:04:08.247+0200","host":"Win-10","index":"main","linecount":"38","punct":"//_::._=--/===-..==---==--====__(:_)==_:\\r:_-\\r:_--_","source":"WinEventLog:Microsoft-Windows-Sysmon/Operational","sourcetype":"WinEventLog:Microsoft-Windows-Sysmon/Operational","splunk_server":"splunk-virtual-machine"}}
{"preview":false,"result":{"ComputerName":"Win-10.miacsdomain.com","EventCode":"4104","EventType":"5","Keywords":"None","LogName":"Microsoft-Windows-PowerShell/Operational","Message":"Creating Scriptblock text (1 of 1):\r\nwhoami\nhostname\nipconfig /all\nGet-Process | Select-Object -First 10\n\r\n\r\nScriptBlock ID: 48eae395-967a-45b2-88cd-38eaf1f23fc8\r\nPath: C:\\Users\\user-01\\AppData\\Local\\Temp\\tool.ps1","OpCode":"On create calls","Path":"C:\\Users\\user-01\\AppData\\Local\\Temp\\tool.ps1","RecordNumber":"14603","ScriptBlock_ID":"48eae395-967a-45b2-88cd-38eaf1f23fc8","Sid":"S-1-5-21-246749117-2054088174-1189330396-1105","SidType":"0","SourceName":"Microsoft-Windows-PowerShell","TaskCategory":"Execute a Remote Command","Type":"Verbose","User":"NOT_TRANSLATED","_raw":"08/27/2026 06:04:08.243 AM\nLogName=Microsoft-Windows-PowerShell/Operational\nEventCode=4104\nEventType=5\nComputerName=Win-10.miacsdomain.com\nUser=NOT_TRANSLATED\nSid=S-1-5-21-246749117-2054088174-1189330396-1105\nSidType=0\nSourceName=Microsoft-Windows-PowerShell\nType=Verbose\nRecordNumber=14603\nKeywords=None\nTaskCategory=Execute a Remote Command\nOpCode=On create calls\nMessage=Creating Scriptblock text (1 of 1):\r\nwhoami\nhostname\nipconfig /all\nGet-Process | Select-Object -First 10\n\r\n\r\nScriptBlock ID: 48eae395-967a-45b2-88cd-38eaf1f23fc8\r\nPath: C:\\Users\\user-01\\AppData\\Local\\Temp\\tool.ps1","_time":"2026-08-27T06:04:08.243+0200","host":"Win-10","index":"main","linecount":"23","punct":"//_::._=--/===-..==-------==--====___=__=___(__):\\r","source":"WinEventLog:Microsoft-Windows-PowerShell/Operational","sourcetype":"WinEventLog:Microsoft-Windows-PowerShell/Operational","splunk_server":"splunk-virtual-machine"}}
{"preview":false,"result":{"ComputerName":"Win-10.miacsdomain.com","EventCode":"40962","EventType":"4","Keywords":"None","LogName":"Microsoft-Windows-PowerShell/Operational","Message":"PowerShell console is ready for user input","OpCode":"Stop","RecordNumber":"14602","Sid":"S-1-5-21-246749117-2054088174-1189330396-1105","SidType":"0","SourceName":"Microsoft-Windows-PowerShell","TaskCategory":"PowerShell Console Startup","Type":"Information","User":"NOT_TRANSLATED","_raw":"08/27/2026 06:04:08.216 AM\nLogName=Microsoft-Windows-PowerShell/Operational\nEventCode=40962\nEventType=4\nComputerName=Win-10.miacsdomain.com\nUser=NOT_TRANSLATED\nSid=S-1-5-21-246749117-2054088174-1189330396-1105\nSidType=0\nSourceName=Microsoft-Windows-PowerShell\nType=Information\nRecordNumber=14602\nKeywords=None\nTaskCategory=PowerShell Console Startup\nOpCode=Stop\nMessage=PowerShell console is ready for user input","_time":"2026-08-27T06:04:08.216+0200","host":"Win-10","index":"main","linecount":"15","punct":"//_::._=--/===-..==-------==--====__==______","source":"WinEventLog:Microsoft-Windows-PowerShell/Operational","sourcetype":"WinEventLog:Microsoft-Windows-PowerShell/Operational","splunk_server":"splunk-virtual-machine"}}
{"preview":false,"result":{"ComputerName":"Win-10.miacsdomain.com","EventCode":"53504","EventType":"4","Keywords":"None","LogName":"Microsoft-Windows-PowerShell/Operational","Message":"Windows PowerShell has started an IPC listening thread on process: 2840 in AppDomain: DefaultAppDomain.","OpCode":"Open (async)","RecordNumber":"14601","Sid":"S-1-5-21-246749117-2054088174-1189330396-1105","SidType":"0","SourceName":"Microsoft-Windows-PowerShell","TaskCategory":"PowerShell Named Pipe IPC","Type":"Information","User":"NOT_TRANSLATED","_raw":"08/27/2026 06:04:08.188 AM\nLogName=Microsoft-Windows-PowerShell/Operational\nEventCode=53504\nEventType=4\nComputerName=Win-10.miacsdomain.com\nUser=NOT_TRANSLATED\nSid=S-1-5-21-246749117-2054088174-1189330396-1105\nSidType=0\nSourceName=Microsoft-Windows-PowerShell\nType=Information\nRecordNumber=14601\nKeywords=None\nTaskCategory=PowerShell Named Pipe IPC\nOpCode=Open (async)\nMessage=Windows PowerShell has started an IPC listening thread on process: 2840 in AppDomain: DefaultAppDomain.","_time":"2026-08-27T06:04:08.188+0200","host":"Win-10","index":"main","linecount":"15","punct":"//_::._=--/===-..==-------==--====___=_()=________","source":"WinEventLog:Microsoft-Windows-PowerShell/Operational","sourcetype":"WinEventLog:Microsoft-Windows-PowerShell/Operational","splunk_server":"splunk-virtual-machine"}}
{"preview":false,"result":{"Archived":"true","ComputerName":"Win-10.miacsdomain.com","EventCode":"23","EventType":"4","Hashes":"MD5=D17FE0A3F47BE24A6453E9EF58C94641,SHA256=96AD1146EB96877EAB5942AE0736B82D8B5E2039A80D3D6932665C1A4C87DCF7,IMPHASH=00000000000000000000000000000000","Image":"C:\\Windows\\System32\\WindowsPowerShell\\v1.0\\powershell.exe","IsExecutable":"false","Keywords":"None","LogName":"Microsoft-Windows-Sysmon/Operational","Message":"File Delete archived:\r\nRuleName: -\r\nUtcTime: 2026-08-27 04:04:08.170\r\nProcessGuid: {3f87e246-b738-6a8f-dd03-000000001600}\r\nProcessId: 2840\r\nUser: miacsdomain\\user-01\r\nImage: C:\\Windows\\System32\\WindowsPowerShell\\v1.0\\powershell.exe\r\nTargetFilename: C:\\Users\\user-01\\AppData\\Local\\Temp\\__PSScriptPolicyTest_2u10rrol.qkk.psm1\r\nHashes: MD5=D17FE0A3F47BE24A6453E9EF58C94641,SHA256=96AD1146EB96877EAB5942AE0736B82D8B5E2039A80D3D6932665C1A4C87DCF7,IMPHASH=00000000000000000000000000000000\r\nIsExecutable: false\r\nArchived: true","OpCode":"Info","ProcessGuid":"{3f87e246-b738-6a8f-dd03-000000001600}","ProcessId":"2840","RecordNumber":"33162","RuleName":"-","Sid":"S-1-5-18","SidType":"0","SourceName":"Microsoft-Windows-Sysmon","TargetFilename":"C:\\Users\\user-01\\AppData\\Local\\Temp\\__PSScriptPolicyTest_2u10rrol.qkk.psm1","TaskCategory":"File Delete archived (rule: FileDelete)","Type":"Information","User":["NOT_TRANSLATED","miacsdomain\\user-01"],"UtcTime":"2026-08-27 04:04:08.170","_raw":"08/27/2026 06:04:08.177 AM\nLogName=Microsoft-Windows-Sysmon/Operational\nEventCode=23\nEventType=4\nComputerName=Win-10.miacsdomain.com\nUser=NOT_TRANSLATED\nSid=S-1-5-18\nSidType=0\nSourceName=Microsoft-Windows-Sysmon\nType=Information\nRecordNumber=33162\nKeywords=None\nTaskCategory=File Delete archived (rule: FileDelete)\nOpCode=Info\nMessage=File Delete archived:\r\nRuleName: -\r\nUtcTime: 2026-08-27 04:04:08.170\r\nProcessGuid: {3f87e246-b738-6a8f-dd03-000000001600}\r\nProcessId: 2840\r\nUser: miacsdomain\\user-01\r\nImage: C:\\Windows\\System32\\WindowsPowerShell\\v1.0\\powershell.exe\r\nTargetFilename: C:\\Users\\user-01\\AppData\\Local\\Temp\\__PSScriptPolicyTest_2u10rrol.qkk.psm1\r\nHashes: MD5=D17FE0A3F47BE24A6453E9EF58C94641,SHA256=96AD1146EB96877EAB5942AE0736B82D8B5E2039A80D3D6932665C1A4C87DCF7,IMPHASH=00000000000000000000000000000000\r\nIsExecutable: false\r\nArchived: true","_time":"2026-08-27T06:04:08.177+0200","host":"Win-10","index":"main","linecount":"25","punct":"//_::._=--/===-..==---==--====___(:_)==__:\\r:_-\\r:_-","source":"WinEventLog:Microsoft-Windows-Sysmon/Operational","sourcetype":"WinEventLog:Microsoft-Windows-Sysmon/Operational","splunk_server":"splunk-virtual-machine"}}
{"preview":false,"result":{"Archived":"true","ComputerName":"Win-10.miacsdomain.com","EventCode":"23","EventType":"4","Hashes":"MD5=D17FE0A3F47BE24A6453E9EF58C94641,SHA256=96AD1146EB96877EAB5942AE0736B82D8B5E2039A80D3D6932665C1A4C87DCF7,IMPHASH=00000000000000000000000000000000","Image":"C:\\Windows\\System32\\WindowsPowerShell\\v1.0\\powershell.exe","IsExecutable":"false","Keywords":"None","LogName":"Microsoft-Windows-Sysmon/Operational","Message":"File Delete archived:\r\nRuleName: -\r\nUtcTime: 2026-08-27 04:04:08.170\r\nProcessGuid: {3f87e246-b738-6a8f-dd03-000000001600}\r\nProcessId: 2840\r\nUser: miacsdomain\\user-01\r\nImage: C:\\Windows\\System32\\WindowsPowerShell\\v1.0\\powershell.exe\r\nTargetFilename: C:\\Users\\user-01\\AppData\\Local\\Temp\\__PSScriptPolicyTest_2ggokk5f.wwu.ps1\r\nHashes: MD5=D17FE0A3F47BE24A6453E9EF58C94641,SHA256=96AD1146EB96877EAB5942AE0736B82D8B5E2039A80D3D6932665C1A4C87DCF7,IMPHASH=00000000000000000000000000000000\r\nIsExecutable: false\r\nArchived: true","OpCode":"Info","ProcessGuid":"{3f87e246-b738-6a8f-dd03-000000001600}","ProcessId":"2840","RecordNumber":"33161","RuleName":"-","Sid":"S-1-5-18","SidType":"0","SourceName":"Microsoft-Windows-Sysmon","TargetFilename":"C:\\Users\\user-01\\AppData\\Local\\Temp\\__PSScriptPolicyTest_2ggokk5f.wwu.ps1","TaskCategory":"File Delete archived (rule: FileDelete)","Type":"Information","User":["NOT_TRANSLATED","miacsdomain\\user-01"],"UtcTime":"2026-08-27 04:04:08.170","_raw":"08/27/2026 06:04:08.176 AM\nLogName=Microsoft-Windows-Sysmon/Operational\nEventCode=23\nEventType=4\nComputerName=Win-10.miacsdomain.com\nUser=NOT_TRANSLATED\nSid=S-1-5-18\nSidType=0\nSourceName=Microsoft-Windows-Sysmon\nType=Information\nRecordNumber=33161\nKeywords=None\nTaskCategory=File Delete archived (rule: FileDelete)\nOpCode=Info\nMessage=File Delete archived:\r\nRuleName: -\r\nUtcTime: 2026-08-27 04:04:08.170\r\nProcessGuid: {3f87e246-b738-6a8f-dd03-000000001600}\r\nProcessId: 2840\r\nUser: miacsdomain\\user-01\r\nImage: C:\\Windows\\System32\\WindowsPowerShell\\v1.0\\powershell.exe\r\nTargetFilename: C:\\Users\\user-01\\AppData\\Local\\Temp\\__PSScriptPolicyTest_2ggokk5f.wwu.ps1\r\nHashes: MD5=D17FE0A3F47BE24A6453E9EF58C94641,SHA256=96AD1146EB96877EAB5942AE0736B82D8B5E2039A80D3D6932665C1A4C87DCF7,IMPHASH=00000000000000000000000000000000\r\nIsExecutable: false\r\nArchived: true","_time":"2026-08-27T06:04:08.176+0200","host":"Win-10","index":"main","linecount":"25","punct":"//_::._=--/===-..==---==--====___(:_)==__:\\r:_-\\r:_-","source":"WinEventLog:Microsoft-Windows-Sysmon/Operational","sourcetype":"WinEventLog:Microsoft-Windows-Sysmon/Operational","splunk_server":"splunk-virtual-machine"}}
{"preview":false,"result":{"ComputerName":"Win-10.miacsdomain.com","CreationUtcTime":"2026-08-27 04:04:08.170","EventCode":"11","EventType":"4","Image":"C:\\Windows\\System32\\WindowsPowerShell\\v1.0\\powershell.exe","Keywords":"None","LogName":"Microsoft-Windows-Sysmon/Operational","Message":"File created:\r\nRuleName: -\r\nUtcTime: 2026-08-27 04:04:08.170\r\nProcessGuid: {3f87e246-b738-6a8f-dd03-000000001600}\r\nProcessId: 2840\r\nImage: C:\\Windows\\System32\\WindowsPowerShell\\v1.0\\powershell.exe\r\nTargetFilename: C:\\Users\\user-01\\AppData\\Local\\Temp\\__PSScriptPolicyTest_2ggokk5f.wwu.ps1\r\nCreationUtcTime: 2026-08-27 04:04:08.170\r\nUser: miacsdomain\\user-01","OpCode":"Info","ProcessGuid":"{3f87e246-b738-6a8f-dd03-000000001600}","ProcessId":"2840","RecordNumber":"33160","RuleName":"-","Sid":"S-1-5-18","SidType":"0","SourceName":"Microsoft-Windows-Sysmon","TargetFilename":"C:\\Users\\user-01\\AppData\\Local\\Temp\\__PSScriptPolicyTest_2ggokk5f.wwu.ps1","TaskCategory":"File created (rule: FileCreate)","Type":"Information","User":["NOT_TRANSLATED","miacsdomain\\user-01"],"UtcTime":"2026-08-27 04:04:08.170","_raw":"08/27/2026 06:04:08.173 AM\nLogName=Microsoft-Windows-Sysmon/Operational\nEventCode=11\nEventType=4\nComputerName=Win-10.miacsdomain.com\nUser=NOT_TRANSLATED\nSid=S-1-5-18\nSidType=0\nSourceName=Microsoft-Windows-Sysmon\nType=Information\nRecordNumber=33160\nKeywords=None\nTaskCategory=File created (rule: FileCreate)\nOpCode=Info\nMessage=File created:\r\nRuleName: -\r\nUtcTime: 2026-08-27 04:04:08.170\r\nProcessGuid: {3f87e246-b738-6a8f-dd03-000000001600}\r\nProcessId: 2840\r\nImage: C:\\Windows\\System32\\WindowsPowerShell\\v1.0\\powershell.exe\r\nTargetFilename: C:\\Users\\user-01\\AppData\\Local\\Temp\\__PSScriptPolicyTest_2ggokk5f.wwu.ps1\r\nCreationUtcTime: 2026-08-27 04:04:08.170\r\nUser: miacsdomain\\user-01","_time":"2026-08-27T06:04:08.173+0200","host":"Win-10","index":"main","linecount":"23","punct":"//_::._=--/===-..==---==--====__(:_)==_:\\r:_-\\r:_--_","source":"WinEventLog:Microsoft-Windows-Sysmon/Operational","sourcetype":"WinEventLog:Microsoft-Windows-Sysmon/Operational","splunk_server":"splunk-virtual-machine"}}
{"preview":false,"result":{"ComputerName":"Win-10.miacsdomain.com","EventCode":"40961","EventType":"4","Keywords":"None","LogName":"Microsoft-Windows-PowerShell/Operational","Message":"PowerShell console is starting up","OpCode":"Start","RecordNumber":"14600","Sid":"S-1-5-21-246749117-2054088174-1189330396-1105","SidType":"0","SourceName":"Microsoft-Windows-PowerShell","TaskCategory":"PowerShell Console Startup","Type":"Information","User":"NOT_TRANSLATED","_raw":"08/27/2026 06:04:08.156 AM\nLogName=Microsoft-Windows-PowerShell/Operational\nEventCode=40961\nEventType=4\nComputerName=Win-10.miacsdomain.com\nUser=NOT_TRANSLATED\nSid=S-1-5-21-246749117-2054088174-1189330396-1105\nSidType=0\nSourceName=Microsoft-Windows-PowerShell\nType=Information\nRecordNumber=14600\nKeywords=None\nTaskCategory=PowerShell Console Startup\nOpCode=Start\nMessage=PowerShell console is starting up","_time":"2026-08-27T06:04:08.156+0200","host":"Win-10","index":"main","linecount":"15","punct":"//_::._=--/===-..==-------==--====__==____","source":"WinEventLog:Microsoft-Windows-PowerShell/Operational","sourcetype":"WinEventLog:Microsoft-Windows-PowerShell/Operational","splunk_server":"splunk-virtual-machine"}}
{"preview":false,"result":{"CommandLine":"\"C:\\Windows\\System32\\WindowsPowerShell\\v1.0\\powershell.exe\" -ep bypass -file C:\\Users\\user-01\\AppData\\Local\\Temp\\tool.ps1","Company":"Microsoft Corporation","ComputerName":"Win-10.miacsdomain.com","CurrentDirectory":"C:\\Users\\user-01\\","Description":"Windows PowerShell","EventCode":"1","EventType":"4","FileVersion":"10.0.19041.3636 (WinBuild.160101.0800)","Hashes":"MD5=6726185B70B5ADF05E8A1A1DF82EBF30,SHA256=64DD55E1C2373DEED25C2776F553C632E58C45E56A0E4639DFD54EE97EAB9C19,IMPHASH=E3007C8E0098D06ABF617EEE6F0C5ABD","Image":"C:\\Windows\\System32\\WindowsPowerShell\\v1.0\\powershell.exe","IntegrityLevel":"Medium","Keywords":"None","LogName":"Microsoft-Windows-Sysmon/Operational","LogonGuid":"{3f87e246-b6bf-6a8f-1c76-4c0000000000}","LogonId":"0x4C761C","Message":"Process Create:\r\nRuleName: -\r\nUtcTime: 2026-08-27 04:04:08.127\r\nProcessGuid: {3f87e246-b738-6a8f-dd03-000000001600}\r\nProcessId: 2840\r\nImage: C:\\Windows\\System32\\WindowsPowerShell\\v1.0\\powershell.exe\r\nFileVersion: 10.0.19041.3636 (WinBuild.160101.0800)\r\nDescription: Windows PowerShell\r\nProduct: Microsoft® Windows® Operating System\r\nCompany: Microsoft Corporation\r\nOriginalFileName: PowerShell.EXE\r\nCommandLine: \"C:\\Windows\\System32\\WindowsPowerShell\\v1.0\\powershell.exe\" -ep bypass -file C:\\Users\\user-01\\AppData\\Local\\Temp\\tool.ps1\r\nCurrentDirectory: C:\\Users\\user-01\\\r\nUser: miacsdomain\\user-01\r\nLogonGuid: {3f87e246-b6bf-6a8f-1c76-4c0000000000}\r\nLogonId: 0x4C761C\r\nTerminalSessionId: 5\r\nIntegrityLevel: Medium\r\nHashes: MD5=6726185B70B5ADF05E8A1A1DF82EBF30,SHA256=64DD55E1C2373DEED25C2776F553C632E58C45E56A0E4639DFD54EE97EAB9C19,IMPHASH=E3007C8E0098D06ABF617EEE6F0C5ABD\r\nParentProcessGuid: {3f87e246-b6d2-6a8f-cf03-000000001600}\r\nParentProcessId: 5960\r\nParentImage: C:\\Windows\\System32\\WindowsPowerShell\\v1.0\\powershell.exe\r\nParentCommandLine: \"C:\\Windows\\System32\\WindowsPowerShell\\v1.0\\powershell.exe\" \r\nParentUser: miacsdomain\\user-01","OpCode":"Info","OriginalFileName":"PowerShell.EXE","ParentCommandLine":"\"C:\\Windows\\System32\\WindowsPowerShell\\v1.0\\powershell.exe\"","ParentImage":"C:\\Windows\\System32\\WindowsPowerShell\\v1.0\\powershell.exe","ParentProcessGuid":"{3f87e246-b6d2-6a8f-cf03-000000001600}","ParentProcessId":"5960","ParentUser":"miacsdomain\\user-01","ProcessGuid":"{3f87e246-b738-6a8f-dd03-000000001600}","ProcessId":"2840","Product":"Microsoft® Windows® Operating System","RecordNumber":"33159","RuleName":"-","Sid":"S-1-5-18","SidType":"0","SourceName":"Microsoft-Windows-Sysmon","TaskCategory":"Process Create (rule: ProcessCreate)","TerminalSessionId":"5","Type":"Information","User":["NOT_TRANSLATED","miacsdomain\\user-01"],"UtcTime":"2026-08-27 04:04:08.127","_raw":"08/27/2026 06:04:08.128 AM\nLogName=Microsoft-Windows-Sysmon/Operational\nEventCode=1\nEventType=4\nComputerName=Win-10.miacsdomain.com\nUser=NOT_TRANSLATED\nSid=S-1-5-18\nSidType=0\nSourceName=Microsoft-Windows-Sysmon\nType=Information\nRecordNumber=33159\nKeywords=None\nTaskCategory=Process Create (rule: ProcessCreate)\nOpCode=Info\nMessage=Process Create:\r\nRuleName: -\r\nUtcTime: 2026-08-27 04:04:08.127\r\nProcessGuid: {3f87e246-b738-6a8f-dd03-000000001600}\r\nProcessId: 2840\r\nImage: C:\\Windows\\System32\\WindowsPowerShell\\v1.0\\powershell.exe\r\nFileVersion: 10.0.19041.3636 (WinBuild.160101.0800)\r\nDescription: Windows PowerShell\r\nProduct: Microsoft® Windows® Operating System\r\nCompany: Microsoft Corporation\r\nOriginalFileName: PowerShell.EXE\r\nCommandLine: \"C:\\Windows\\System32\\WindowsPowerShell\\v1.0\\powershell.exe\" -ep bypass -file C:\\Users\\user-01\\AppData\\Local\\Temp\\tool.ps1\r\nCurrentDirectory: C:\\Users\\user-01\\\r\nUser: miacsdomain\\user-01\r\nLogonGuid: {3f87e246-b6bf-6a8f-1c76-4c0000000000}\r\nLogonId: 0x4C761C\r\nTerminalSessionId: 5\r\nIntegrityLevel: Medium\r\nHashes: MD5=6726185B70B5ADF05E8A1A1DF82EBF30,SHA256=64DD55E1C2373DEED25C2776F553C632E58C45E56A0E4639DFD54EE97EAB9C19,IMPHASH=E3007C8E0098D06ABF617EEE6F0C5ABD\r\nParentProcessGuid: {3f87e246-b6d2-6a8f-cf03-000000001600}\r\nParentProcessId: 5960\r\nParentImage: C:\\Windows\\System32\\WindowsPowerShell\\v1.0\\powershell.exe\r\nParentCommandLine: \"C:\\Windows\\System32\\WindowsPowerShell\\v1.0\\powershell.exe\" \r\nParentUser: miacsdomain\\user-01","_time":"2026-08-27T06:04:08.128+0200","host":"Win-10","index":"main","linecount":"38","punct":"//_::._=--/===-..==---==--====__(:_)==_:\\r:_-\\r:_--_","source":"WinEventLog:Microsoft-Windows-Sysmon/Operational","sourcetype":"WinEventLog:Microsoft-Windows-Sysmon/Operational","splunk_server":"splunk-virtual-machine"}}
{"preview":false,"result":{"ComputerName":"Win-10.miacsdomain.com","EventCode":"4104","EventType":"3","Keywords":"None","LogName":"Microsoft-Windows-PowerShell/Operational","Message":"Creating Scriptblock text (1 of 1):\r\npowershell.exe -ep bypass -file $env:TEMP\\tool.ps1\r\n\r\nScriptBlock ID: 1de716d2-9a3e-422a-a6e6-a005e33c65f9\r\nPath:","OpCode":"On create calls","RecordNumber":"14599","ScriptBlock_ID":"1de716d2-9a3e-422a-a6e6-a005e33c65f9","Sid":"S-1-5-21-246749117-2054088174-1189330396-1105","SidType":"0","SourceName":"Microsoft-Windows-PowerShell","TaskCategory":"Execute a Remote Command","Type":"Warning","User":"NOT_TRANSLATED","_raw":"08/27/2026 06:04:08.126 AM\nLogName=Microsoft-Windows-PowerShell/Operational\nEventCode=4104\nEventType=3\nComputerName=Win-10.miacsdomain.com\nUser=NOT_TRANSLATED\nSid=S-1-5-21-246749117-2054088174-1189330396-1105\nSidType=0\nSourceName=Microsoft-Windows-PowerShell\nType=Warning\nRecordNumber=14599\nKeywords=None\nTaskCategory=Execute a Remote Command\nOpCode=On create calls\nMessage=Creating Scriptblock text (1 of 1):\r\npowershell.exe -ep bypass -file $env:TEMP\\tool.ps1\r\n\r\nScriptBlock ID: 1de716d2-9a3e-422a-a6e6-a005e33c65f9\r\nPath:","_time":"2026-08-27T06:04:08.126+0200","host":"Win-10","index":"main","linecount":"19","punct":"//_::._=--/===-..==-------==--====___=__=___(__):\\r","source":"WinEventLog:Microsoft-Windows-PowerShell/Operational","sourcetype":"WinEventLog:Microsoft-Windows-PowerShell/Operational","splunk_server":"splunk-virtual-machine"}}
{"preview":false,"result":{"ComputerName":"Win-10.miacsdomain.com","EventCode":"4103","EventType":"4","Keywords":"None","LogName":"Microsoft-Windows-PowerShell/Operational","Message":"CommandInvocation(PSConsoleHostReadLine): \"PSConsoleHostReadLine\"\r\n\r\n\r\nContext:\r\n        Severity = Informational\r\n        Host Name = ConsoleHost\r\n        Host Version = 5.1.19041.3803\r\n        Host ID = 8f693702-2541-4680-83a6-daf8bc4a60d2\r\n        Host Application = C:\\Windows\\System32\\WindowsPowerShell\\v1.0\\powershell.exe\r\n        Engine Version = 5.1.19041.3803\r\n        Runspace ID = 5fba7f50-ac8b-435e-927c-715d2c2d9aa6\r\n        Pipeline ID = 14\r\n        Command Name = PSConsoleHostReadLine\r\n        Command Type = Function\r\n        Script Name = \r\n        Command Path = \r\n        Sequence Number = 40\r\n        User = miacsdomain\\user-01\r\n        Connected User = \r\n        Shell ID = Microsoft.PowerShell\r\n\r\n\r\nUser Data:","OpCode":"To be used when operation is just executing a method","RecordNumber":"14598","Sid":"S-1-5-21-246749117-2054088174-1189330396-1105","SidType":"0","SourceName":"Microsoft-Windows-PowerShell","TaskCategory":"Executing Pipeline","Type":"Information","User":"NOT_TRANSLATED","_raw":"08/27/2026 06:04:08.125 AM\nLogName=Microsoft-Windows-PowerShell/Operational\nEventCode=4103\nEventType=4\nComputerName=Win-10.miacsdomain.com\nUser=NOT_TRANSLATED\nSid=S-1-5-21-246749117-2054088174-1189330396-1105\nSidType=0\nSourceName=Microsoft-Windows-PowerShell\nType=Information\nRecordNumber=14598\nKeywords=None\nTaskCategory=Executing Pipeline\nOpCode=To be used when operation is just executing a method\nMessage=CommandInvocation(PSConsoleHostReadLine): \"PSConsoleHostReadLine\"\r\n\r\n\r\nContext:\r\n        Severity = Informational\r\n        Host Name = ConsoleHost\r\n        Host Version = 5.1.19041.3803\r\n        Host ID = 8f693702-2541-4680-83a6-daf8bc4a60d2\r\n        Host Application = C:\\Windows\\System32\\WindowsPowerShell\\v1.0\\powershell.exe\r\n        Engine Version = 5.1.19041.3803\r\n        Runspace ID = 5fba7f50-ac8b-435e-927c-715d2c2d9aa6\r\n        Pipeline ID = 14\r\n        Command Name = PSConsoleHostReadLine\r\n        Command Type = Function\r\n        Script Name = \r\n        Command Path = \r\n        Sequence Number = 40\r\n        User = miacsdomain\\user-01\r\n        Connected User = \r\n        Shell ID = Microsoft.PowerShell\r\n\r\n\r\nUser Data:","_time":"2026-08-27T06:04:08.125+0200","host":"Win-10","index":"main","linecount":"37","punct":"//_::._=--/===-..==-------==--====_=_________=():_","source":"WinEventLog:Microsoft-Windows-PowerShell/Operational","sourcetype":"WinEventLog:Microsoft-Windows-PowerShell/Operational","splunk_server":"splunk-virtual-machine"}}
{"preview":false,"result":{"ComputerName":"Win-10.miacsdomain.com","EventCode":"4103","EventType":"4","Keywords":"None","LogName":"Microsoft-Windows-PowerShell/Operational","Message":"CommandInvocation(Resolve-Path): \"Resolve-Path\"\r\nParameterBinding(Resolve-Path): name=\"ErrorAction\"; value=\"Ignore\"\r\nParameterBinding(Resolve-Path): name=\"WarningAction\"; value=\"Ignore\"\r\nParameterBinding(Resolve-Path): name=\"InformationAction\"; value=\"Ignore\"\r\nParameterBinding(Resolve-Path): name=\"Verbose\"; value=\"False\"\r\nParameterBinding(Resolve-Path): name=\"Debug\"; value=\"False\"\r\nParameterBinding(Resolve-Path): name=\"Path\"; value=\"C:\\Users\\user-01\\AppData\\Local\\Temp\\to*\"\r\n\r\n\r\nContext:\r\n        Severity = Informational\r\n        Host Name = ConsoleHost\r\n        Host Version = 5.1.19041.3803\r\n        Host ID = 8f693702-2541-4680-83a6-daf8bc4a60d2\r\n        Host Application = C:\\Windows\\System32\\WindowsPowerShell\\v1.0\\powershell.exe\r\n        Engine Version = 5.1.19041.3803\r\n        Runspace ID = 5fba7f50-ac8b-435e-927c-715d2c2d9aa6\r\n        Pipeline ID = 24\r\n        Command Name = Resolve-Path\r\n        Command Type = Cmdlet\r\n        Script Name = \r\n        Command Path = \r\n        Sequence Number = 38\r\n        User = miacsdomain\\user-01\r\n        Connected User = \r\n        Shell ID = Microsoft.PowerShell\r\n\r\n\r\nUser Data:","OpCode":"To be used when operation is just executing a method","ParameterBinding_Resolve_Path_":["name=\"ErrorAction\"; value=\"Ignore\"","name=\"WarningAction\"; value=\"Ignore\"","name=\"InformationAction\"; value=\"Ignore\"","name=\"Verbose\"; value=\"False\"","name=\"Debug\"; value=\"False\"","name=\"Path\"; value=\"C:\\Users\\user-01\\AppData\\Local\\Temp\\to*\""],"RecordNumber":"14597","Sid":"S-1-5-21-246749117-2054088174-1189330396-1105","SidType":"0","SourceName":"Microsoft-Windows-PowerShell","TaskCategory":"Executing Pipeline","Type":"Information","User":"NOT_TRANSLATED","_raw":"08/27/2026 06:03:59.425 AM\nLogName=Microsoft-Windows-PowerShell/Operational\nEventCode=4103\nEventType=4\nComputerName=Win-10.miacsdomain.com\nUser=NOT_TRANSLATED\nSid=S-1-5-21-246749117-2054088174-1189330396-1105\nSidType=0\nSourceName=Microsoft-Windows-PowerShell\nType=Information\nRecordNumber=14597\nKeywords=None\nTaskCategory=Executing Pipeline\nOpCode=To be used when operation is just executing a method\nMessage=CommandInvocation(Resolve-Path): \"Resolve-Path\"\r\nParameterBinding(Resolve-Path): name=\"ErrorAction\"; value=\"Ignore\"\r\nParameterBinding(Resolve-Path): name=\"WarningAction\"; value=\"Ignore\"\r\nParameterBinding(Resolve-Path): name=\"InformationAction\"; value=\"Ignore\"\r\nParameterBinding(Resolve-Path): name=\"Verbose\"; value=\"False\"\r\nParameterBinding(Resolve-Path): name=\"Debug\"; value=\"False\"\r\nParameterBinding(Resolve-Path): name=\"Path\"; value=\"C:\\Users\\user-01\\AppData\\Local\\Temp\\to*\"\r\n\r\n\r\nContext:\r\n        Severity = Informational\r\n        Host Name = ConsoleHost\r\n        Host Version = 5.1.19041.3803\r\n        Host ID = 8f693702-2541-4680-83a6-daf8bc4a60d2\r\n        Host Application = C:\\Windows\\System32\\WindowsPowerShell\\v1.0\\powershell.exe\r\n        Engine Version = 5.1.19041.3803\r\n        Runspace ID = 5fba7f50-ac8b-435e-927c-715d2c2d9aa6\r\n        Pipeline ID = 24\r\n        Command Name = Resolve-Path\r\n        Command Type = Cmdlet\r\n        Script Name = \r\n        Command Path = \r\n        Sequence Number = 38\r\n        User = miacsdomain\\user-01\r\n        Connected User = \r\n        Shell ID = Microsoft.PowerShell\r\n\r\n\r\nUser Data:","_time":"2026-08-27T06:03:59.425+0200","host":"Win-10","index":"main","linecount":"43","punct":"//_::._=--/===-..==-------==--====_=_________=(-):","source":"WinEventLog:Microsoft-Windows-PowerShell/Operational","sourcetype":"WinEventLog:Microsoft-Windows-PowerShell/Operational","splunk_server":"splunk-virtual-machine"}}
{"preview":false,"result":{"CommandInvocation_Sort_Object_":"\"Sort-Object\"","ComputerName":"Win-10.miacsdomain.com","EventCode":"4103","EventType":"4","Keywords":"None","LogName":"Microsoft-Windows-PowerShell/Operational","Message":"CommandInvocation(Get-Item): \"Get-Item\"\r\nParameterBinding(Get-Item): name=\"ErrorAction\"; value=\"Ignore\"\r\nParameterBinding(Get-Item): name=\"WarningAction\"; value=\"Ignore\"\r\nParameterBinding(Get-Item): name=\"InformationAction\"; value=\"Ignore\"\r\nParameterBinding(Get-Item): name=\"Verbose\"; value=\"False\"\r\nParameterBinding(Get-Item): name=\"Debug\"; value=\"False\"\r\nParameterBinding(Get-Item): name=\"Path\"; value=\"env:TEMPºto*\"\r\nCommandInvocation(Sort-Object): \"Sort-Object\"\r\nParameterBinding(Sort-Object): name=\"ErrorAction\"; value=\"Ignore\"\r\nParameterBinding(Sort-Object): name=\"WarningAction\"; value=\"Ignore\"\r\nParameterBinding(Sort-Object): name=\"InformationAction\"; value=\"Ignore\"\r\nParameterBinding(Sort-Object): name=\"Verbose\"; value=\"False\"\r\nParameterBinding(Sort-Object): name=\"Debug\"; value=\"False\"\r\nParameterBinding(Sort-Object): name=\"Property\"; value=\"Name\"\r\n\r\n\r\nContext:\r\n        Severity = Informational\r\n        Host Name = ConsoleHost\r\n        Host Version = 5.1.19041.3803\r\n        Host ID = 8f693702-2541-4680-83a6-daf8bc4a60d2\r\n        Host Application = C:\\Windows\\System32\\WindowsPowerShell\\v1.0\\powershell.exe\r\n        Engine Version = 5.1.19041.3803\r\n        Runspace ID = 5fba7f50-ac8b-435e-927c-715d2c2d9aa6\r\n        Pipeline ID = 22\r\n        Command Name = Get-Item\r\n        Command Type = Cmdlet\r\n        Script Name = \r\n        Command Path = \r\n        Sequence Number = 36\r\n        User = miacsdomain\\user-01\r\n        Connected User = \r\n        Shell ID = Microsoft.PowerShell\r\n\r\n\r\nUser Data:","OpCode":"To be used when operation is just executing a method","ParameterBinding_Get_Item_":["name=\"ErrorAction\"; value=\"Ignore\"","name=\"WarningAction\"; value=\"Ignore\"","name=\"InformationAction\"; value=\"Ignore\"","name=\"Verbose\"; value=\"False\"","name=\"Debug\"; value=\"False\"","name=\"Path\"; value=\"env:TEMPºto*\""],"ParameterBinding_Sort_Object_":["name=\"ErrorAction\"; value=\"Ignore\"","name=\"WarningAction\"; value=\"Ignore\"","name=\"InformationAction\"; value=\"Ignore\"","name=\"Verbose\"; value=\"False\"","name=\"Debug\"; value=\"False\"","name=\"Property\"; value=\"Name\""],"RecordNumber":"14596","Sid":"S-1-5-21-246749117-2054088174-1189330396-1105","SidType":"0","SourceName":"Microsoft-Windows-PowerShell","TaskCategory":"Executing Pipeline","Type":"Information","User":"NOT_TRANSLATED","_raw":"08/27/2026 06:03:56.930 AM\nLogName=Microsoft-Windows-PowerShell/Operational\nEventCode=4103\nEventType=4\nComputerName=Win-10.miacsdomain.com\nUser=NOT_TRANSLATED\nSid=S-1-5-21-246749117-2054088174-1189330396-1105\nSidType=0\nSourceName=Microsoft-Windows-PowerShell\nType=Information\nRecordNumber=14596\nKeywords=None\nTaskCategory=Executing Pipeline\nOpCode=To be used when operation is just executing a method\nMessage=CommandInvocation(Get-Item): \"Get-Item\"\r\nParameterBinding(Get-Item): name=\"ErrorAction\"; value=\"Ignore\"\r\nParameterBinding(Get-Item): name=\"WarningAction\"; value=\"Ignore\"\r\nParameterBinding(Get-Item): name=\"InformationAction\"; value=\"Ignore\"\r\nParameterBinding(Get-Item): name=\"Verbose\"; value=\"False\"\r\nParameterBinding(Get-Item): name=\"Debug\"; value=\"False\"\r\nParameterBinding(Get-Item): name=\"Path\"; value=\"env:TEMPºto*\"\r\nCommandInvocation(Sort-Object): \"Sort-Object\"\r\nParameterBinding(Sort-Object): name=\"ErrorAction\"; value=\"Ignore\"\r\nParameterBinding(Sort-Object): name=\"WarningAction\"; value=\"Ignore\"\r\nParameterBinding(Sort-Object): name=\"InformationAction\"; value=\"Ignore\"\r\nParameterBinding(Sort-Object): name=\"Verbose\"; value=\"False\"\r\nParameterBinding(Sort-Object): name=\"Debug\"; value=\"False\"\r\nParameterBinding(Sort-Object): name=\"Property\"; value=\"Name\"\r\n\r\n\r\nContext:\r\n        Severity = Informational\r\n        Host Name = ConsoleHost\r\n        Host Version = 5.1.19041.3803\r\n        Host ID = 8f693702-2541-4680-83a6-daf8bc4a60d2\r\n        Host Application = C:\\Windows\\System32\\WindowsPowerShell\\v1.0\\powershell.exe\r\n        Engine Version = 5.1.19041.3803\r\n        Runspace ID = 5fba7f50-ac8b-435e-927c-715d2c2d9aa6\r\n        Pipeline ID = 22\r\n        Command Name = Get-Item\r\n        Command Type = Cmdlet\r\n        Script Name = \r\n        Command Path = \r\n        Sequence Number = 36\r\n        User = miacsdomain\\user-01\r\n        Connected User = \r\n        Shell ID = Microsoft.PowerShell\r\n\r\n\r\nUser Data:","_time":"2026-08-27T06:03:56.930+0200","host":"Win-10","index":"main","linecount":"50","punct":"//_::._=--/===-..==-------==--====_=_________=(-):","source":"WinEventLog:Microsoft-Windows-PowerShell/Operational","sourcetype":"WinEventLog:Microsoft-Windows-PowerShell/Operational","splunk_server":"splunk-virtual-machine"}}
