{"preview":false,"result":{"CommandLine":"\"C:\\Program Files (x86)\\Microsoft\\Edge\\Application\\150.0.4078.83\\identity_helper.exe\" --type=utility --utility-sub-type=winrt_app_id.mojom.WinrtAppIdService --lang=en-US --service-sandbox-type=windows_package_identity --video-capture-use-gpu-memory-buffer --ram-no-pressure-read-main-dll --metrics-shmem-handle=5060,i,16905335261020736319,11000678762040047684,524288 --field-trial-handle=2388,i,5400736327197714738,335574812556295080,262144 --variations-seed-version --pseudonymization-salt-handle=2392,i,936120937100423643,14611091321473090956,4 --trace-process-track-uuid=3190708990997080739 --mojo-platform-channel-handle=5108 /prefetch:8","Company":"Microsoft Corporation","ComputerName":"Win-10.miacsdomain.com","CurrentDirectory":"C:\\Program Files (x86)\\Microsoft\\Edge\\Application\\150.0.4078.83\\","Description":"PWA Identity Proxy Host","EventCode":"1","EventType":"4","FileVersion":"150.0.4078.83","Hashes":"MD5=D0889F04F0E27FFFA9D2A889649F416B,SHA256=03E2652B5B24ADB7DB4EC7DB6667ECBD2C03BD54333411566E575375C72F41C8,IMPHASH=0EA533955A38110F2644F05199C1791C","Image":"C:\\Program Files (x86)\\Microsoft\\Edge\\Application\\150.0.4078.83\\identity_helper.exe","IntegrityLevel":"Medium","Keywords":"None","LogName":"Microsoft-Windows-Sysmon/Operational","LogonGuid":"{3f87e246-b6bf-6a8f-1c76-4c0000000000}","LogonId":"0x4C761C","Message":"Process Create:\r\nRuleName: -\r\nUtcTime: 2026-08-27 04:02:21.118\r\nProcessGuid: {3f87e246-b6cd-6a8f-c503-000000001600}\r\nProcessId: 4564\r\nImage: C:\\Program Files (x86)\\Microsoft\\Edge\\Application\\150.0.4078.83\\identity_helper.exe\r\nFileVersion: 150.0.4078.83\r\nDescription: PWA Identity Proxy Host\r\nProduct: Microsoft Edge\r\nCompany: Microsoft Corporation\r\nOriginalFileName: identity_helper.exe\r\nCommandLine: \"C:\\Program Files (x86)\\Microsoft\\Edge\\Application\\150.0.4078.83\\identity_helper.exe\" --type=utility --utility-sub-type=winrt_app_id.mojom.WinrtAppIdService --lang=en-US --service-sandbox-type=windows_package_identity --video-capture-use-gpu-memory-buffer --ram-no-pressure-read-main-dll --metrics-shmem-handle=5060,i,16905335261020736319,11000678762040047684,524288 --field-trial-handle=2388,i,5400736327197714738,335574812556295080,262144 --variations-seed-version --pseudonymization-salt-handle=2392,i,936120937100423643,14611091321473090956,4 --trace-process-track-uuid=3190708990997080739 --mojo-platform-channel-handle=5108 /prefetch:8\r\nCurrentDirectory: C:\\Program Files (x86)\\Microsoft\\Edge\\Application\\150.0.4078.83\\\r\nUser: miacsdomain\\user-01\r\nLogonGuid: {3f87e246-b6bf-6a8f-1c76-4c0000000000}\r\nLogonId: 0x4C761C\r\nTerminalSessionId: 5\r\nIntegrityLevel: Medium\r\nHashes: MD5=D0889F04F0E27FFFA9D2A889649F416B,SHA256=03E2652B5B24ADB7DB4EC7DB6667ECBD2C03BD54333411566E575375C72F41C8,IMPHASH=0EA533955A38110F2644F05199C1791C\r\nParentProcessGuid: {3f87e246-b6cc-6a8f-bd03-000000001600}\r\nParentProcessId: 5136\r\nParentImage: C:\\Program Files (x86)\\Microsoft\\Edge\\Application\\msedge.exe\r\nParentCommandLine: \"C:\\Program Files (x86)\\Microsoft\\Edge\\Application\\msedge.exe\" --no-startup-window --win-session-start\r\nParentUser: miacsdomain\\user-01","OpCode":"Info","OriginalFileName":"identity_helper.exe","ParentCommandLine":"\"C:\\Program Files (x86)\\Microsoft\\Edge\\Application\\msedge.exe\" --no-startup-window --win-session-start","ParentImage":"C:\\Program Files (x86)\\Microsoft\\Edge\\Application\\msedge.exe","ParentProcessGuid":"{3f87e246-b6cc-6a8f-bd03-000000001600}","ParentProcessId":"5136","ParentUser":"miacsdomain\\user-01","ProcessGuid":"{3f87e246-b6cd-6a8f-c503-000000001600}","ProcessId":"4564","Product":"Microsoft Edge","RecordNumber":"33106","RuleName":"-","Sid":"S-1-5-18","SidType":"0","SourceName":"Microsoft-Windows-Sysmon","TaskCategory":"Process Create (rule: ProcessCreate)","TerminalSessionId":"5","Type":"Information","User":["NOT_TRANSLATED","miacsdomain\\user-01"],"UtcTime":"2026-08-27 04:02:21.118","_raw":"08/27/2026 06:02:21.119 AM\nLogName=Microsoft-Windows-Sysmon/Operational\nEventCode=1\nEventType=4\nComputerName=Win-10.miacsdomain.com\nUser=NOT_TRANSLATED\nSid=S-1-5-18\nSidType=0\nSourceName=Microsoft-Windows-Sysmon\nType=Information\nRecordNumber=33106\nKeywords=None\nTaskCategory=Process Create (rule: ProcessCreate)\nOpCode=Info\nMessage=Process Create:\r\nRuleName: -\r\nUtcTime: 2026-08-27 04:02:21.118\r\nProcessGuid: {3f87e246-b6cd-6a8f-c503-000000001600}\r\nProcessId: 4564\r\nImage: C:\\Program Files (x86)\\Microsoft\\Edge\\Application\\150.0.4078.83\\identity_helper.exe\r\nFileVersion: 150.0.4078.83\r\nDescription: PWA Identity Proxy Host\r\nProduct: Microsoft Edge\r\nCompany: Microsoft Corporation\r\nOriginalFileName: identity_helper.exe\r\nCommandLine: \"C:\\Program Files (x86)\\Microsoft\\Edge\\Application\\150.0.4078.83\\identity_helper.exe\" --type=utility --utility-sub-type=winrt_app_id.mojom.WinrtAppIdService --lang=en-US --service-sandbox-type=windows_package_identity --video-capture-use-gpu-memory-buffer --ram-no-pressure-read-main-dll --metrics-shmem-handle=5060,i,16905335261020736319,11000678762040047684,524288 --field-trial-handle=2388,i,5400736327197714738,335574812556295080,262144 --variations-seed-version --pseudonymization-salt-handle=2392,i,936120937100423643,14611091321473090956,4 --trace-process-track-uuid=3190708990997080739 --mojo-platform-channel-handle=5108 /prefetch:8\r\nCurrentDirectory: C:\\Program Files (x86)\\Microsoft\\Edge\\Application\\150.0.4078.83\\\r\nUser: miacsdomain\\user-01\r\nLogonGuid: {3f87e246-b6bf-6a8f-1c76-4c0000000000}\r\nLogonId: 0x4C761C\r\nTerminalSessionId: 5\r\nIntegrityLevel: Medium\r\nHashes: MD5=D0889F04F0E27FFFA9D2A889649F416B,SHA256=03E2652B5B24ADB7DB4EC7DB6667ECBD2C03BD54333411566E575375C72F41C8,IMPHASH=0EA533955A38110F2644F05199C1791C\r\nParentProcessGuid: {3f87e246-b6cc-6a8f-bd03-000000001600}\r\nParentProcessId: 5136\r\nParentImage: C:\\Program Files (x86)\\Microsoft\\Edge\\Application\\msedge.exe\r\nParentCommandLine: \"C:\\Program Files (x86)\\Microsoft\\Edge\\Application\\msedge.exe\" --no-startup-window --win-session-start\r\nParentUser: miacsdomain\\user-01","_time":"2026-08-27T06:02:21.119+0200","host":"Win-10","index":"main","linecount":"38","punct":"//_::._=--/===-..==---==--====__(:_)==_:\\r:_-\\r:_--_","source":"WinEventLog:Microsoft-Windows-Sysmon/Operational","sourcetype":"WinEventLog:Microsoft-Windows-Sysmon/Operational","splunk_server":"splunk-virtual-machine"}}
{"preview":false,"result":{"Archived":"true","ComputerName":"Win-10.miacsdomain.com","EventCode":"23","EventType":"4","Hashes":"MD5=A397E5983D4A1619E36143B4D804B870,SHA256=9C70F766D3B84FC2BB298EFA37CC9191F28BEC336329CC11468CFADBC3B137F4,IMPHASH=00000000000000000000000000000000","Image":"C:\\Program Files (x86)\\Microsoft\\Edge\\Application\\msedge.exe","IsExecutable":"false","Keywords":"None","LogName":"Microsoft-Windows-Sysmon/Operational","Message":"File Delete archived:\r\nRuleName: -\r\nUtcTime: 2026-08-27 04:02:21.107\r\nProcessGuid: {3f87e246-b6cc-6a8f-bd03-000000001600}\r\nProcessId: 5136\r\nUser: miacsdomain\\user-01\r\nImage: C:\\Program Files (x86)\\Microsoft\\Edge\\Application\\msedge.exe\r\nTargetFilename: C:\\Users\\user-01\\AppData\\Local\\Microsoft\\Edge\\User Data\\Last Browser\r\nHashes: MD5=A397E5983D4A1619E36143B4D804B870,SHA256=9C70F766D3B84FC2BB298EFA37CC9191F28BEC336329CC11468CFADBC3B137F4,IMPHASH=00000000000000000000000000000000\r\nIsExecutable: false\r\nArchived: true","OpCode":"Info","ProcessGuid":"{3f87e246-b6cc-6a8f-bd03-000000001600}","ProcessId":"5136","RecordNumber":"33105","RuleName":"-","Sid":"S-1-5-18","SidType":"0","SourceName":"Microsoft-Windows-Sysmon","TargetFilename":"C:\\Users\\user-01\\AppData\\Local\\Microsoft\\Edge\\User Data\\Last Browser","TaskCategory":"File Delete archived (rule: FileDelete)","Type":"Information","User":["NOT_TRANSLATED","miacsdomain\\user-01"],"UtcTime":"2026-08-27 04:02:21.107","_raw":"08/27/2026 06:02:21.116 AM\nLogName=Microsoft-Windows-Sysmon/Operational\nEventCode=23\nEventType=4\nComputerName=Win-10.miacsdomain.com\nUser=NOT_TRANSLATED\nSid=S-1-5-18\nSidType=0\nSourceName=Microsoft-Windows-Sysmon\nType=Information\nRecordNumber=33105\nKeywords=None\nTaskCategory=File Delete archived (rule: FileDelete)\nOpCode=Info\nMessage=File Delete archived:\r\nRuleName: -\r\nUtcTime: 2026-08-27 04:02:21.107\r\nProcessGuid: {3f87e246-b6cc-6a8f-bd03-000000001600}\r\nProcessId: 5136\r\nUser: miacsdomain\\user-01\r\nImage: C:\\Program Files (x86)\\Microsoft\\Edge\\Application\\msedge.exe\r\nTargetFilename: C:\\Users\\user-01\\AppData\\Local\\Microsoft\\Edge\\User Data\\Last Browser\r\nHashes: MD5=A397E5983D4A1619E36143B4D804B870,SHA256=9C70F766D3B84FC2BB298EFA37CC9191F28BEC336329CC11468CFADBC3B137F4,IMPHASH=00000000000000000000000000000000\r\nIsExecutable: false\r\nArchived: true","_time":"2026-08-27T06:02:21.116+0200","host":"Win-10","index":"main","linecount":"25","punct":"//_::._=--/===-..==---==--====___(:_)==__:\\r:_-\\r:_-","source":"WinEventLog:Microsoft-Windows-Sysmon/Operational","sourcetype":"WinEventLog:Microsoft-Windows-Sysmon/Operational","splunk_server":"splunk-virtual-machine"}}
{"preview":false,"result":{"Archived":"true","ComputerName":"Win-10.miacsdomain.com","EventCode":"23","EventType":"4","Hashes":"MD5=6942B6197BCF9C0E52EF8844C404D49F,SHA256=A47D31F7BF11FD6242172225B56CC56F06FFD60C786453185DB8E3F40C38FF16,IMPHASH=00000000000000000000000000000000","Image":"C:\\Program Files (x86)\\Microsoft\\Edge\\Application\\msedge.exe","IsExecutable":"false","Keywords":"None","LogName":"Microsoft-Windows-Sysmon/Operational","Message":"File Delete archived:\r\nRuleName: -\r\nUtcTime: 2026-08-27 04:02:21.107\r\nProcessGuid: {3f87e246-b6cc-6a8f-bd03-000000001600}\r\nProcessId: 5136\r\nUser: miacsdomain\\user-01\r\nImage: C:\\Program Files (x86)\\Microsoft\\Edge\\Application\\msedge.exe\r\nTargetFilename: C:\\Users\\user-01\\AppData\\Local\\Microsoft\\Edge\\User Data\\Default\\EdgeCoupons\\coupons_data.db\\8b4d66d5-0fe6-43d9-a1f4-490155bade03.tmp\r\nHashes: MD5=6942B6197BCF9C0E52EF8844C404D49F,SHA256=A47D31F7BF11FD6242172225B56CC56F06FFD60C786453185DB8E3F40C38FF16,IMPHASH=00000000000000000000000000000000\r\nIsExecutable: false\r\nArchived: true","OpCode":"Info","ProcessGuid":"{3f87e246-b6cc-6a8f-bd03-000000001600}","ProcessId":"5136","RecordNumber":"33104","RuleName":"-","Sid":"S-1-5-18","SidType":"0","SourceName":"Microsoft-Windows-Sysmon","TargetFilename":"C:\\Users\\user-01\\AppData\\Local\\Microsoft\\Edge\\User Data\\Default\\EdgeCoupons\\coupons_data.db\\8b4d66d5-0fe6-43d9-a1f4-490155bade03.tmp","TaskCategory":"File Delete archived (rule: FileDelete)","Type":"Information","User":["NOT_TRANSLATED","miacsdomain\\user-01"],"UtcTime":"2026-08-27 04:02:21.107","_raw":"08/27/2026 06:02:21.115 AM\nLogName=Microsoft-Windows-Sysmon/Operational\nEventCode=23\nEventType=4\nComputerName=Win-10.miacsdomain.com\nUser=NOT_TRANSLATED\nSid=S-1-5-18\nSidType=0\nSourceName=Microsoft-Windows-Sysmon\nType=Information\nRecordNumber=33104\nKeywords=None\nTaskCategory=File Delete archived (rule: FileDelete)\nOpCode=Info\nMessage=File Delete archived:\r\nRuleName: -\r\nUtcTime: 2026-08-27 04:02:21.107\r\nProcessGuid: {3f87e246-b6cc-6a8f-bd03-000000001600}\r\nProcessId: 5136\r\nUser: miacsdomain\\user-01\r\nImage: C:\\Program Files (x86)\\Microsoft\\Edge\\Application\\msedge.exe\r\nTargetFilename: C:\\Users\\user-01\\AppData\\Local\\Microsoft\\Edge\\User Data\\Default\\EdgeCoupons\\coupons_data.db\\8b4d66d5-0fe6-43d9-a1f4-490155bade03.tmp\r\nHashes: MD5=6942B6197BCF9C0E52EF8844C404D49F,SHA256=A47D31F7BF11FD6242172225B56CC56F06FFD60C786453185DB8E3F40C38FF16,IMPHASH=00000000000000000000000000000000\r\nIsExecutable: false\r\nArchived: true","_time":"2026-08-27T06:02:21.115+0200","host":"Win-10","index":"main","linecount":"25","punct":"//_::._=--/===-..==---==--====___(:_)==__:\\r:_-\\r:_-","source":"WinEventLog:Microsoft-Windows-Sysmon/Operational","sourcetype":"WinEventLog:Microsoft-Windows-Sysmon/Operational","splunk_server":"splunk-virtual-machine"}}
{"preview":false,"result":{"Archived":"true","ComputerName":"Win-10.miacsdomain.com","EventCode":"23","EventType":"4","Hashes":"MD5=C90B8D229C91F89B0B469E247701DE13,SHA256=CEA059B6505271270961F874186BEB3B369C7DE3785CB7E1B2B309910CB871B4,IMPHASH=00000000000000000000000000000000","Image":"C:\\Program Files (x86)\\Microsoft\\Edge\\Application\\msedge.exe","IsExecutable":"false","Keywords":"None","LogName":"Microsoft-Windows-Sysmon/Operational","Message":"File Delete archived:\r\nRuleName: -\r\nUtcTime: 2026-08-27 04:02:21.107\r\nProcessGuid: {3f87e246-b6cc-6a8f-bd03-000000001600}\r\nProcessId: 5136\r\nUser: miacsdomain\\user-01\r\nImage: C:\\Program Files (x86)\\Microsoft\\Edge\\Application\\msedge.exe\r\nTargetFilename: C:\\Users\\user-01\\AppData\\Local\\Microsoft\\Edge\\User Data\\CrashpadMetrics.pma\r\nHashes: MD5=C90B8D229C91F89B0B469E247701DE13,SHA256=CEA059B6505271270961F874186BEB3B369C7DE3785CB7E1B2B309910CB871B4,IMPHASH=00000000000000000000000000000000\r\nIsExecutable: false\r\nArchived: true","OpCode":"Info","ProcessGuid":"{3f87e246-b6cc-6a8f-bd03-000000001600}","ProcessId":"5136","RecordNumber":"33103","RuleName":"-","Sid":"S-1-5-18","SidType":"0","SourceName":"Microsoft-Windows-Sysmon","TargetFilename":"C:\\Users\\user-01\\AppData\\Local\\Microsoft\\Edge\\User Data\\CrashpadMetrics.pma","TaskCategory":"File Delete archived (rule: FileDelete)","Type":"Information","User":["NOT_TRANSLATED","miacsdomain\\user-01"],"UtcTime":"2026-08-27 04:02:21.107","_raw":"08/27/2026 06:02:21.113 AM\nLogName=Microsoft-Windows-Sysmon/Operational\nEventCode=23\nEventType=4\nComputerName=Win-10.miacsdomain.com\nUser=NOT_TRANSLATED\nSid=S-1-5-18\nSidType=0\nSourceName=Microsoft-Windows-Sysmon\nType=Information\nRecordNumber=33103\nKeywords=None\nTaskCategory=File Delete archived (rule: FileDelete)\nOpCode=Info\nMessage=File Delete archived:\r\nRuleName: -\r\nUtcTime: 2026-08-27 04:02:21.107\r\nProcessGuid: {3f87e246-b6cc-6a8f-bd03-000000001600}\r\nProcessId: 5136\r\nUser: miacsdomain\\user-01\r\nImage: C:\\Program Files (x86)\\Microsoft\\Edge\\Application\\msedge.exe\r\nTargetFilename: C:\\Users\\user-01\\AppData\\Local\\Microsoft\\Edge\\User Data\\CrashpadMetrics.pma\r\nHashes: MD5=C90B8D229C91F89B0B469E247701DE13,SHA256=CEA059B6505271270961F874186BEB3B369C7DE3785CB7E1B2B309910CB871B4,IMPHASH=00000000000000000000000000000000\r\nIsExecutable: false\r\nArchived: true","_time":"2026-08-27T06:02:21.113+0200","host":"Win-10","index":"main","linecount":"25","punct":"//_::._=--/===-..==---==--====___(:_)==__:\\r:_-\\r:_-","source":"WinEventLog:Microsoft-Windows-Sysmon/Operational","sourcetype":"WinEventLog:Microsoft-Windows-Sysmon/Operational","splunk_server":"splunk-virtual-machine"}}
{"preview":false,"result":{"Archived":"true","ComputerName":"Win-10.miacsdomain.com","EventCode":"23","EventType":"4","Hashes":"MD5=D751713988987E9331980363E24189CE,SHA256=4F53CDA18C2BAA0C0354BB5F9A3ECBE5ED12AB4D8E11BA873C2F11161202B945,IMPHASH=00000000000000000000000000000000","Image":"C:\\Program Files (x86)\\Microsoft\\Edge\\Application\\msedge.exe","IsExecutable":"false","Keywords":"None","LogName":"Microsoft-Windows-Sysmon/Operational","Message":"File Delete archived:\r\nRuleName: -\r\nUtcTime: 2026-08-27 04:02:21.107\r\nProcessGuid: {3f87e246-b6cc-6a8f-bf03-000000001600}\r\nProcessId: 5732\r\nUser: miacsdomain\\user-01\r\nImage: C:\\Program Files (x86)\\Microsoft\\Edge\\Application\\msedge.exe\r\nTargetFilename: C:\\Users\\user-01\\AppData\\Local\\Microsoft\\Edge\\User Data\\Default\\Network\\c1f87f3b-5192-4ecc-a94b-2420e49ee408.tmp\r\nHashes: MD5=D751713988987E9331980363E24189CE,SHA256=4F53CDA18C2BAA0C0354BB5F9A3ECBE5ED12AB4D8E11BA873C2F11161202B945,IMPHASH=00000000000000000000000000000000\r\nIsExecutable: false\r\nArchived: true","OpCode":"Info","ProcessGuid":"{3f87e246-b6cc-6a8f-bf03-000000001600}","ProcessId":"5732","RecordNumber":"33102","RuleName":"-","Sid":"S-1-5-18","SidType":"0","SourceName":"Microsoft-Windows-Sysmon","TargetFilename":"C:\\Users\\user-01\\AppData\\Local\\Microsoft\\Edge\\User Data\\Default\\Network\\c1f87f3b-5192-4ecc-a94b-2420e49ee408.tmp","TaskCategory":"File Delete archived (rule: FileDelete)","Type":"Information","User":["NOT_TRANSLATED","miacsdomain\\user-01"],"UtcTime":"2026-08-27 04:02:21.107","_raw":"08/27/2026 06:02:21.112 AM\nLogName=Microsoft-Windows-Sysmon/Operational\nEventCode=23\nEventType=4\nComputerName=Win-10.miacsdomain.com\nUser=NOT_TRANSLATED\nSid=S-1-5-18\nSidType=0\nSourceName=Microsoft-Windows-Sysmon\nType=Information\nRecordNumber=33102\nKeywords=None\nTaskCategory=File Delete archived (rule: FileDelete)\nOpCode=Info\nMessage=File Delete archived:\r\nRuleName: -\r\nUtcTime: 2026-08-27 04:02:21.107\r\nProcessGuid: {3f87e246-b6cc-6a8f-bf03-000000001600}\r\nProcessId: 5732\r\nUser: miacsdomain\\user-01\r\nImage: C:\\Program Files (x86)\\Microsoft\\Edge\\Application\\msedge.exe\r\nTargetFilename: C:\\Users\\user-01\\AppData\\Local\\Microsoft\\Edge\\User Data\\Default\\Network\\c1f87f3b-5192-4ecc-a94b-2420e49ee408.tmp\r\nHashes: MD5=D751713988987E9331980363E24189CE,SHA256=4F53CDA18C2BAA0C0354BB5F9A3ECBE5ED12AB4D8E11BA873C2F11161202B945,IMPHASH=00000000000000000000000000000000\r\nIsExecutable: false\r\nArchived: true","_time":"2026-08-27T06:02:21.112+0200","host":"Win-10","index":"main","linecount":"25","punct":"//_::._=--/===-..==---==--====___(:_)==__:\\r:_-\\r:_-","source":"WinEventLog:Microsoft-Windows-Sysmon/Operational","sourcetype":"WinEventLog:Microsoft-Windows-Sysmon/Operational","splunk_server":"splunk-virtual-machine"}}
{"preview":false,"result":{"Archived":"true","ComputerName":"Win-10.miacsdomain.com","EventCode":"23","EventType":"4","Hashes":"MD5=D751713988987E9331980363E24189CE,SHA256=4F53CDA18C2BAA0C0354BB5F9A3ECBE5ED12AB4D8E11BA873C2F11161202B945,IMPHASH=00000000000000000000000000000000","Image":"C:\\Program Files (x86)\\Microsoft\\Edge\\Application\\msedge.exe","IsExecutable":"false","Keywords":"None","LogName":"Microsoft-Windows-Sysmon/Operational","Message":"File Delete archived:\r\nRuleName: -\r\nUtcTime: 2026-08-27 04:02:21.107\r\nProcessGuid: {3f87e246-b6cc-6a8f-bf03-000000001600}\r\nProcessId: 5732\r\nUser: miacsdomain\\user-01\r\nImage: C:\\Program Files (x86)\\Microsoft\\Edge\\Application\\msedge.exe\r\nTargetFilename: C:\\Users\\user-01\\AppData\\Local\\Microsoft\\Edge\\User Data\\Default\\Network\\0146b792-ba12-4e30-b48e-38c98557c6ec.tmp\r\nHashes: MD5=D751713988987E9331980363E24189CE,SHA256=4F53CDA18C2BAA0C0354BB5F9A3ECBE5ED12AB4D8E11BA873C2F11161202B945,IMPHASH=00000000000000000000000000000000\r\nIsExecutable: false\r\nArchived: true","OpCode":"Info","ProcessGuid":"{3f87e246-b6cc-6a8f-bf03-000000001600}","ProcessId":"5732","RecordNumber":"33101","RuleName":"-","Sid":"S-1-5-18","SidType":"0","SourceName":"Microsoft-Windows-Sysmon","TargetFilename":"C:\\Users\\user-01\\AppData\\Local\\Microsoft\\Edge\\User Data\\Default\\Network\\0146b792-ba12-4e30-b48e-38c98557c6ec.tmp","TaskCategory":"File Delete archived (rule: FileDelete)","Type":"Information","User":["NOT_TRANSLATED","miacsdomain\\user-01"],"UtcTime":"2026-08-27 04:02:21.107","_raw":"08/27/2026 06:02:21.107 AM\nLogName=Microsoft-Windows-Sysmon/Operational\nEventCode=23\nEventType=4\nComputerName=Win-10.miacsdomain.com\nUser=NOT_TRANSLATED\nSid=S-1-5-18\nSidType=0\nSourceName=Microsoft-Windows-Sysmon\nType=Information\nRecordNumber=33101\nKeywords=None\nTaskCategory=File Delete archived (rule: FileDelete)\nOpCode=Info\nMessage=File Delete archived:\r\nRuleName: -\r\nUtcTime: 2026-08-27 04:02:21.107\r\nProcessGuid: {3f87e246-b6cc-6a8f-bf03-000000001600}\r\nProcessId: 5732\r\nUser: miacsdomain\\user-01\r\nImage: C:\\Program Files (x86)\\Microsoft\\Edge\\Application\\msedge.exe\r\nTargetFilename: C:\\Users\\user-01\\AppData\\Local\\Microsoft\\Edge\\User Data\\Default\\Network\\0146b792-ba12-4e30-b48e-38c98557c6ec.tmp\r\nHashes: MD5=D751713988987E9331980363E24189CE,SHA256=4F53CDA18C2BAA0C0354BB5F9A3ECBE5ED12AB4D8E11BA873C2F11161202B945,IMPHASH=00000000000000000000000000000000\r\nIsExecutable: false\r\nArchived: true","_time":"2026-08-27T06:02:21.107+0200","host":"Win-10","index":"main","linecount":"25","punct":"//_::._=--/===-..==---==--====___(:_)==__:\\r:_-\\r:_-","source":"WinEventLog:Microsoft-Windows-Sysmon/Operational","sourcetype":"WinEventLog:Microsoft-Windows-Sysmon/Operational","splunk_server":"splunk-virtual-machine"}}
{"preview":false,"result":{"Archived":"false - shredded file with pattern 0x67e4624","ComputerName":"Win-10.miacsdomain.com","EventCode":"23","EventType":"4","Hashes":"MD5=11DAAC1CFFA071D4E1FFDDCB865AA73A,SHA256=9C169428D852E25BD59B27652ED533D2A1F09F96E4C329FA5E06F47E16731543,IMPHASH=00000000000000000000000000000000","Image":"C:\\Program Files (x86)\\Microsoft\\Edge\\Application\\msedge.exe","IsExecutable":"false","Keywords":"None","LogName":"Microsoft-Windows-Sysmon/Operational","Message":"File Delete archived:\r\nRuleName: -\r\nUtcTime: 2026-08-27 04:02:21.091\r\nProcessGuid: {3f87e246-b6cc-6a8f-bf03-000000001600}\r\nProcessId: 5732\r\nUser: miacsdomain\\user-01\r\nImage: C:\\Program Files (x86)\\Microsoft\\Edge\\Application\\msedge.exe\r\nTargetFilename: C:\\Users\\user-01\\AppData\\Local\\Microsoft\\Edge\\User Data\\Default\\Cache\\No_Vary_Search\\journal.baj\r\nHashes: MD5=11DAAC1CFFA071D4E1FFDDCB865AA73A,SHA256=9C169428D852E25BD59B27652ED533D2A1F09F96E4C329FA5E06F47E16731543,IMPHASH=00000000000000000000000000000000\r\nIsExecutable: false\r\nArchived: false - shredded file with pattern 0x67e4624","OpCode":"Info","ProcessGuid":"{3f87e246-b6cc-6a8f-bf03-000000001600}","ProcessId":"5732","RecordNumber":"33100","RuleName":"-","Sid":"S-1-5-18","SidType":"0","SourceName":"Microsoft-Windows-Sysmon","TargetFilename":"C:\\Users\\user-01\\AppData\\Local\\Microsoft\\Edge\\User Data\\Default\\Cache\\No_Vary_Search\\journal.baj","TaskCategory":"File Delete archived (rule: FileDelete)","Type":"Information","User":["NOT_TRANSLATED","miacsdomain\\user-01"],"UtcTime":"2026-08-27 04:02:21.091","_raw":"08/27/2026 06:02:21.102 AM\nLogName=Microsoft-Windows-Sysmon/Operational\nEventCode=23\nEventType=4\nComputerName=Win-10.miacsdomain.com\nUser=NOT_TRANSLATED\nSid=S-1-5-18\nSidType=0\nSourceName=Microsoft-Windows-Sysmon\nType=Information\nRecordNumber=33100\nKeywords=None\nTaskCategory=File Delete archived (rule: FileDelete)\nOpCode=Info\nMessage=File Delete archived:\r\nRuleName: -\r\nUtcTime: 2026-08-27 04:02:21.091\r\nProcessGuid: {3f87e246-b6cc-6a8f-bf03-000000001600}\r\nProcessId: 5732\r\nUser: miacsdomain\\user-01\r\nImage: C:\\Program Files (x86)\\Microsoft\\Edge\\Application\\msedge.exe\r\nTargetFilename: C:\\Users\\user-01\\AppData\\Local\\Microsoft\\Edge\\User Data\\Default\\Cache\\No_Vary_Search\\journal.baj\r\nHashes: MD5=11DAAC1CFFA071D4E1FFDDCB865AA73A,SHA256=9C169428D852E25BD59B27652ED533D2A1F09F96E4C329FA5E06F47E16731543,IMPHASH=00000000000000000000000000000000\r\nIsExecutable: false\r\nArchived: false - shredded file with pattern 0x67e4624","_time":"2026-08-27T06:02:21.102+0200","host":"Win-10","index":"main","linecount":"25","punct":"//_::._=--/===-..==---==--====___(:_)==__:\\r:_-\\r:_-","source":"WinEventLog:Microsoft-Windows-Sysmon/Operational","sourcetype":"WinEventLog:Microsoft-Windows-Sysmon/Operational","splunk_server":"splunk-virtual-machine"}}
{"preview":false,"result":{"Archived":"true","ComputerName":"Win-10.miacsdomain.com","EventCode":"23","EventType":"4","Hashes":"MD5=31DBC0A0A41E5A3313CEBACD3C43A91B,SHA256=CDCD999039369D65A613320A69B08F43EC76A4D2206A2EE6A5444866EAE56527,IMPHASH=00000000000000000000000000000000","Image":"C:\\Program Files (x86)\\Microsoft\\Edge\\Application\\msedge.exe","IsExecutable":"false","Keywords":"None","LogName":"Microsoft-Windows-Sysmon/Operational","Message":"File Delete archived:\r\nRuleName: -\r\nUtcTime: 2026-08-27 04:02:21.076\r\nProcessGuid: {3f87e246-b6cc-6a8f-bd03-000000001600}\r\nProcessId: 5136\r\nUser: miacsdomain\\user-01\r\nImage: C:\\Program Files (x86)\\Microsoft\\Edge\\Application\\msedge.exe\r\nTargetFilename: C:\\Users\\user-01\\AppData\\Local\\Microsoft\\TokenBroker\\Cache\\8ae9f0c30ea1668425d0f7d6255d597ead710776.tbres\r\nHashes: MD5=31DBC0A0A41E5A3313CEBACD3C43A91B,SHA256=CDCD999039369D65A613320A69B08F43EC76A4D2206A2EE6A5444866EAE56527,IMPHASH=00000000000000000000000000000000\r\nIsExecutable: false\r\nArchived: true","OpCode":"Info","ProcessGuid":"{3f87e246-b6cc-6a8f-bd03-000000001600}","ProcessId":"5136","RecordNumber":"33099","RuleName":"-","Sid":"S-1-5-18","SidType":"0","SourceName":"Microsoft-Windows-Sysmon","TargetFilename":"C:\\Users\\user-01\\AppData\\Local\\Microsoft\\TokenBroker\\Cache\\8ae9f0c30ea1668425d0f7d6255d597ead710776.tbres","TaskCategory":"File Delete archived (rule: FileDelete)","Type":"Information","User":["NOT_TRANSLATED","miacsdomain\\user-01"],"UtcTime":"2026-08-27 04:02:21.076","_raw":"08/27/2026 06:02:21.086 AM\nLogName=Microsoft-Windows-Sysmon/Operational\nEventCode=23\nEventType=4\nComputerName=Win-10.miacsdomain.com\nUser=NOT_TRANSLATED\nSid=S-1-5-18\nSidType=0\nSourceName=Microsoft-Windows-Sysmon\nType=Information\nRecordNumber=33099\nKeywords=None\nTaskCategory=File Delete archived (rule: FileDelete)\nOpCode=Info\nMessage=File Delete archived:\r\nRuleName: -\r\nUtcTime: 2026-08-27 04:02:21.076\r\nProcessGuid: {3f87e246-b6cc-6a8f-bd03-000000001600}\r\nProcessId: 5136\r\nUser: miacsdomain\\user-01\r\nImage: C:\\Program Files (x86)\\Microsoft\\Edge\\Application\\msedge.exe\r\nTargetFilename: C:\\Users\\user-01\\AppData\\Local\\Microsoft\\TokenBroker\\Cache\\8ae9f0c30ea1668425d0f7d6255d597ead710776.tbres\r\nHashes: MD5=31DBC0A0A41E5A3313CEBACD3C43A91B,SHA256=CDCD999039369D65A613320A69B08F43EC76A4D2206A2EE6A5444866EAE56527,IMPHASH=00000000000000000000000000000000\r\nIsExecutable: false\r\nArchived: true","_time":"2026-08-27T06:02:21.086+0200","host":"Win-10","index":"main","linecount":"25","punct":"//_::._=--/===-..==---==--====___(:_)==__:\\r:_-\\r:_-","source":"WinEventLog:Microsoft-Windows-Sysmon/Operational","sourcetype":"WinEventLog:Microsoft-Windows-Sysmon/Operational","splunk_server":"splunk-virtual-machine"}}
{"preview":false,"result":{"ComputerName":"Win-10.miacsdomain.com","EventCode":"12","EventType":["4","DeleteValue"],"Image":"C:\\Program Files (x86)\\Microsoft\\Edge\\Application\\msedge.exe","Keywords":"None","LogName":"Microsoft-Windows-Sysmon/Operational","Message":"Registry object added or deleted:\r\nRuleName: T1060,RunKey\r\nEventType: DeleteValue\r\nUtcTime: 2026-08-27 04:02:21.044\r\nProcessGuid: {3f87e246-b6cc-6a8f-bd03-000000001600}\r\nProcessId: 5136\r\nImage: C:\\Program Files (x86)\\Microsoft\\Edge\\Application\\msedge.exe\r\nTargetObject: HKU\\S-1-5-21-246749117-2054088174-1189330396-1105\\SOFTWARE\\Microsoft\\Windows\\CurrentVersion\\Run\\MicrosoftEdgeAutoLaunch_B16D1FBF8141F937C82180C3E7E23F90\r\nUser: miacsdomain\\user-01","OpCode":"Info","ProcessGuid":"{3f87e246-b6cc-6a8f-bd03-000000001600}","ProcessId":"5136","RecordNumber":"33098","RuleName":"T1060,RunKey","Sid":"S-1-5-18","SidType":"0","SourceName":"Microsoft-Windows-Sysmon","TargetObject":"HKU\\S-1-5-21-246749117-2054088174-1189330396-1105\\SOFTWARE\\Microsoft\\Windows\\CurrentVersion\\Run\\MicrosoftEdgeAutoLaunch_B16D1FBF8141F937C82180C3E7E23F90","TaskCategory":"Registry object added or deleted (rule: RegistryEvent)","Type":"Information","User":["NOT_TRANSLATED","miacsdomain\\user-01"],"UtcTime":"2026-08-27 04:02:21.044","_raw":"08/27/2026 06:02:21.047 AM\nLogName=Microsoft-Windows-Sysmon/Operational\nEventCode=12\nEventType=4\nComputerName=Win-10.miacsdomain.com\nUser=NOT_TRANSLATED\nSid=S-1-5-18\nSidType=0\nSourceName=Microsoft-Windows-Sysmon\nType=Information\nRecordNumber=33098\nKeywords=None\nTaskCategory=Registry object added or deleted (rule: RegistryEvent)\nOpCode=Info\nMessage=Registry object added or deleted:\r\nRuleName: T1060,RunKey\r\nEventType: DeleteValue\r\nUtcTime: 2026-08-27 04:02:21.044\r\nProcessGuid: {3f87e246-b6cc-6a8f-bd03-000000001600}\r\nProcessId: 5136\r\nImage: C:\\Program Files (x86)\\Microsoft\\Edge\\Application\\msedge.exe\r\nTargetObject: HKU\\S-1-5-21-246749117-2054088174-1189330396-1105\\SOFTWARE\\Microsoft\\Windows\\CurrentVersion\\Run\\MicrosoftEdgeAutoLaunch_B16D1FBF8141F937C82180C3E7E23F90\r\nUser: miacsdomain\\user-01","_time":"2026-08-27T06:02:21.047+0200","host":"Win-10","index":"main","linecount":"23","punct":"//_::._=--/===-..==---==--====_____(:_)==____:\\r:_,","source":"WinEventLog:Microsoft-Windows-Sysmon/Operational","sourcetype":"WinEventLog:Microsoft-Windows-Sysmon/Operational","splunk_server":"splunk-virtual-machine"}}
{"preview":false,"result":{"Archived":"true","ComputerName":"Win-10.miacsdomain.com","EventCode":"23","EventType":"4","Hashes":"MD5=EBFE95542946882B5B80FF8F03D19180,SHA256=6EA8CDB0388CD24D50AF5A6702C91F9C6FCF14543E5490923E1BD19AA9051E56,IMPHASH=00000000000000000000000000000000","Image":"C:\\Program Files (x86)\\Microsoft\\Edge\\Application\\msedge.exe","IsExecutable":"false","Keywords":"None","LogName":"Microsoft-Windows-Sysmon/Operational","Message":"File Delete archived:\r\nRuleName: -\r\nUtcTime: 2026-08-27 04:02:21.013\r\nProcessGuid: {3f87e246-b6cc-6a8f-bd03-000000001600}\r\nProcessId: 5136\r\nUser: miacsdomain\\user-01\r\nImage: C:\\Program Files (x86)\\Microsoft\\Edge\\Application\\msedge.exe\r\nTargetFilename: C:\\Users\\user-01\\AppData\\Local\\Microsoft\\Edge\\User Data\\Default\\Local Storage\\leveldb\\MANIFEST-000081\r\nHashes: MD5=EBFE95542946882B5B80FF8F03D19180,SHA256=6EA8CDB0388CD24D50AF5A6702C91F9C6FCF14543E5490923E1BD19AA9051E56,IMPHASH=00000000000000000000000000000000\r\nIsExecutable: false\r\nArchived: true","OpCode":"Info","ProcessGuid":"{3f87e246-b6cc-6a8f-bd03-000000001600}","ProcessId":"5136","RecordNumber":"33097","RuleName":"-","Sid":"S-1-5-18","SidType":"0","SourceName":"Microsoft-Windows-Sysmon","TargetFilename":"C:\\Users\\user-01\\AppData\\Local\\Microsoft\\Edge\\User Data\\Default\\Local Storage\\leveldb\\MANIFEST-000081","TaskCategory":"File Delete archived (rule: FileDelete)","Type":"Information","User":["NOT_TRANSLATED","miacsdomain\\user-01"],"UtcTime":"2026-08-27 04:02:21.013","_raw":"08/27/2026 06:02:21.022 AM\nLogName=Microsoft-Windows-Sysmon/Operational\nEventCode=23\nEventType=4\nComputerName=Win-10.miacsdomain.com\nUser=NOT_TRANSLATED\nSid=S-1-5-18\nSidType=0\nSourceName=Microsoft-Windows-Sysmon\nType=Information\nRecordNumber=33097\nKeywords=None\nTaskCategory=File Delete archived (rule: FileDelete)\nOpCode=Info\nMessage=File Delete archived:\r\nRuleName: -\r\nUtcTime: 2026-08-27 04:02:21.013\r\nProcessGuid: {3f87e246-b6cc-6a8f-bd03-000000001600}\r\nProcessId: 5136\r\nUser: miacsdomain\\user-01\r\nImage: C:\\Program Files (x86)\\Microsoft\\Edge\\Application\\msedge.exe\r\nTargetFilename: C:\\Users\\user-01\\AppData\\Local\\Microsoft\\Edge\\User Data\\Default\\Local Storage\\leveldb\\MANIFEST-000081\r\nHashes: MD5=EBFE95542946882B5B80FF8F03D19180,SHA256=6EA8CDB0388CD24D50AF5A6702C91F9C6FCF14543E5490923E1BD19AA9051E56,IMPHASH=00000000000000000000000000000000\r\nIsExecutable: false\r\nArchived: true","_time":"2026-08-27T06:02:21.022+0200","host":"Win-10","index":"main","linecount":"25","punct":"//_::._=--/===-..==---==--====___(:_)==__:\\r:_-\\r:_-","source":"WinEventLog:Microsoft-Windows-Sysmon/Operational","sourcetype":"WinEventLog:Microsoft-Windows-Sysmon/Operational","splunk_server":"splunk-virtual-machine"}}
{"preview":false,"result":{"Archived":"true","ComputerName":"Win-10.miacsdomain.com","EventCode":"23","EventType":"4","Hashes":"MD5=13ED8A9AF949F32C3E334EC16CBC79A5,SHA256=43CA77B0C9F3B6E49291008B7DB6EC19D282911D1D57D421382E2770AF37C530,IMPHASH=00000000000000000000000000000000","Image":"C:\\Program Files (x86)\\Microsoft\\Edge\\Application\\msedge.exe","IsExecutable":"false","Keywords":"None","LogName":"Microsoft-Windows-Sysmon/Operational","Message":"File Delete archived:\r\nRuleName: -\r\nUtcTime: 2026-08-27 04:02:21.013\r\nProcessGuid: {3f87e246-b6cc-6a8f-bd03-000000001600}\r\nProcessId: 5136\r\nUser: miacsdomain\\user-01\r\nImage: C:\\Program Files (x86)\\Microsoft\\Edge\\Application\\msedge.exe\r\nTargetFilename: C:\\Users\\user-01\\AppData\\Local\\Microsoft\\Edge\\User Data\\Default\\Local Storage\\leveldb\\000082.log\r\nHashes: MD5=13ED8A9AF949F32C3E334EC16CBC79A5,SHA256=43CA77B0C9F3B6E49291008B7DB6EC19D282911D1D57D421382E2770AF37C530,IMPHASH=00000000000000000000000000000000\r\nIsExecutable: false\r\nArchived: true","OpCode":"Info","ProcessGuid":"{3f87e246-b6cc-6a8f-bd03-000000001600}","ProcessId":"5136","RecordNumber":"33096","RuleName":"-","Sid":"S-1-5-18","SidType":"0","SourceName":"Microsoft-Windows-Sysmon","TargetFilename":"C:\\Users\\user-01\\AppData\\Local\\Microsoft\\Edge\\User Data\\Default\\Local Storage\\leveldb\\000082.log","TaskCategory":"File Delete archived (rule: FileDelete)","Type":"Information","User":["NOT_TRANSLATED","miacsdomain\\user-01"],"UtcTime":"2026-08-27 04:02:21.013","_raw":"08/27/2026 06:02:21.020 AM\nLogName=Microsoft-Windows-Sysmon/Operational\nEventCode=23\nEventType=4\nComputerName=Win-10.miacsdomain.com\nUser=NOT_TRANSLATED\nSid=S-1-5-18\nSidType=0\nSourceName=Microsoft-Windows-Sysmon\nType=Information\nRecordNumber=33096\nKeywords=None\nTaskCategory=File Delete archived (rule: FileDelete)\nOpCode=Info\nMessage=File Delete archived:\r\nRuleName: -\r\nUtcTime: 2026-08-27 04:02:21.013\r\nProcessGuid: {3f87e246-b6cc-6a8f-bd03-000000001600}\r\nProcessId: 5136\r\nUser: miacsdomain\\user-01\r\nImage: C:\\Program Files (x86)\\Microsoft\\Edge\\Application\\msedge.exe\r\nTargetFilename: C:\\Users\\user-01\\AppData\\Local\\Microsoft\\Edge\\User Data\\Default\\Local Storage\\leveldb\\000082.log\r\nHashes: MD5=13ED8A9AF949F32C3E334EC16CBC79A5,SHA256=43CA77B0C9F3B6E49291008B7DB6EC19D282911D1D57D421382E2770AF37C530,IMPHASH=00000000000000000000000000000000\r\nIsExecutable: false\r\nArchived: true","_time":"2026-08-27T06:02:21.020+0200","host":"Win-10","index":"main","linecount":"25","punct":"//_::._=--/===-..==---==--====___(:_)==__:\\r:_-\\r:_-","source":"WinEventLog:Microsoft-Windows-Sysmon/Operational","sourcetype":"WinEventLog:Microsoft-Windows-Sysmon/Operational","splunk_server":"splunk-virtual-machine"}}
{"preview":false,"result":{"Archived":"true","ComputerName":"Win-10.miacsdomain.com","EventCode":"23","EventType":"4","Hashes":"MD5=C77C675B1A3D092EF5206F1BF0C063F8,SHA256=3C9C6A3AF632A4C8DDBC508E9B5EA5EC27B5A9FAD85D2D40CF693FE82F367E38,IMPHASH=00000000000000000000000000000000","Image":"C:\\Program Files (x86)\\Microsoft\\Edge\\Application\\msedge.exe","IsExecutable":"false","Keywords":"None","LogName":"Microsoft-Windows-Sysmon/Operational","Message":"File Delete archived:\r\nRuleName: -\r\nUtcTime: 2026-08-27 04:02:21.013\r\nProcessGuid: {3f87e246-b6cc-6a8f-bd03-000000001600}\r\nProcessId: 5136\r\nUser: miacsdomain\\user-01\r\nImage: C:\\Program Files (x86)\\Microsoft\\Edge\\Application\\msedge.exe\r\nTargetFilename: C:\\Users\\user-01\\AppData\\Local\\Microsoft\\Edge\\User Data\\Default\\Local Storage\\leveldb\\2ca02eb7-206b-40b1-810d-8c88579a0304.tmp\r\nHashes: MD5=C77C675B1A3D092EF5206F1BF0C063F8,SHA256=3C9C6A3AF632A4C8DDBC508E9B5EA5EC27B5A9FAD85D2D40CF693FE82F367E38,IMPHASH=00000000000000000000000000000000\r\nIsExecutable: false\r\nArchived: true","OpCode":"Info","ProcessGuid":"{3f87e246-b6cc-6a8f-bd03-000000001600}","ProcessId":"5136","RecordNumber":"33095","RuleName":"-","Sid":"S-1-5-18","SidType":"0","SourceName":"Microsoft-Windows-Sysmon","TargetFilename":"C:\\Users\\user-01\\AppData\\Local\\Microsoft\\Edge\\User Data\\Default\\Local Storage\\leveldb\\2ca02eb7-206b-40b1-810d-8c88579a0304.tmp","TaskCategory":"File Delete archived (rule: FileDelete)","Type":"Information","User":["NOT_TRANSLATED","miacsdomain\\user-01"],"UtcTime":"2026-08-27 04:02:21.013","_raw":"08/27/2026 06:02:21.019 AM\nLogName=Microsoft-Windows-Sysmon/Operational\nEventCode=23\nEventType=4\nComputerName=Win-10.miacsdomain.com\nUser=NOT_TRANSLATED\nSid=S-1-5-18\nSidType=0\nSourceName=Microsoft-Windows-Sysmon\nType=Information\nRecordNumber=33095\nKeywords=None\nTaskCategory=File Delete archived (rule: FileDelete)\nOpCode=Info\nMessage=File Delete archived:\r\nRuleName: -\r\nUtcTime: 2026-08-27 04:02:21.013\r\nProcessGuid: {3f87e246-b6cc-6a8f-bd03-000000001600}\r\nProcessId: 5136\r\nUser: miacsdomain\\user-01\r\nImage: C:\\Program Files (x86)\\Microsoft\\Edge\\Application\\msedge.exe\r\nTargetFilename: C:\\Users\\user-01\\AppData\\Local\\Microsoft\\Edge\\User Data\\Default\\Local Storage\\leveldb\\2ca02eb7-206b-40b1-810d-8c88579a0304.tmp\r\nHashes: MD5=C77C675B1A3D092EF5206F1BF0C063F8,SHA256=3C9C6A3AF632A4C8DDBC508E9B5EA5EC27B5A9FAD85D2D40CF693FE82F367E38,IMPHASH=00000000000000000000000000000000\r\nIsExecutable: false\r\nArchived: true","_time":"2026-08-27T06:02:21.019+0200","host":"Win-10","index":"main","linecount":"25","punct":"//_::._=--/===-..==---==--====___(:_)==__:\\r:_-\\r:_-","source":"WinEventLog:Microsoft-Windows-Sysmon/Operational","sourcetype":"WinEventLog:Microsoft-Windows-Sysmon/Operational","splunk_server":"splunk-virtual-machine"}}
{"preview":false,"result":{"ComputerName":"Win-10.miacsdomain.com","EventCode":"22","EventType":"4","Image":"C:\\Program Files (x86)\\Microsoft\\Edge\\Application\\msedge.exe","Keywords":"None","LogName":"Microsoft-Windows-Sysmon/Operational","Message":"Dns query:\r\nRuleName: -\r\nUtcTime: 2026-08-27 04:02:21.223\r\nProcessGuid: {3f87e246-b6cc-6a8f-bf03-000000001600}\r\nProcessId: 5732\r\nQueryName: wpad\r\nQueryStatus: 9003\r\nQueryResults: -\r\nImage: C:\\Program Files (x86)\\Microsoft\\Edge\\Application\\msedge.exe\r\nUser: miacsdomain\\user-01","OpCode":"Info","ProcessGuid":"{3f87e246-b6cc-6a8f-bf03-000000001600}","ProcessId":"5732","QueryName":"wpad","QueryResults":"-","QueryStatus":"9003","RecordNumber":"33094","RuleName":"-","Sid":"S-1-5-18","SidType":"0","SourceName":"Microsoft-Windows-Sysmon","TaskCategory":"Dns query (rule: DnsQuery)","Type":"Information","User":["NOT_TRANSLATED","miacsdomain\\user-01"],"UtcTime":"2026-08-27 04:02:21.223","_raw":"08/27/2026 06:02:21.018 AM\nLogName=Microsoft-Windows-Sysmon/Operational\nEventCode=22\nEventType=4\nComputerName=Win-10.miacsdomain.com\nUser=NOT_TRANSLATED\nSid=S-1-5-18\nSidType=0\nSourceName=Microsoft-Windows-Sysmon\nType=Information\nRecordNumber=33094\nKeywords=None\nTaskCategory=Dns query (rule: DnsQuery)\nOpCode=Info\nMessage=Dns query:\r\nRuleName: -\r\nUtcTime: 2026-08-27 04:02:21.223\r\nProcessGuid: {3f87e246-b6cc-6a8f-bf03-000000001600}\r\nProcessId: 5732\r\nQueryName: wpad\r\nQueryStatus: 9003\r\nQueryResults: -\r\nImage: C:\\Program Files (x86)\\Microsoft\\Edge\\Application\\msedge.exe\r\nUser: miacsdomain\\user-01","_time":"2026-08-27T06:02:21.018+0200","host":"Win-10","index":"main","linecount":"24","punct":"//_::._=--/===-..==---==--====__(:_)==_:\\r:_-\\r:_--_","source":"WinEventLog:Microsoft-Windows-Sysmon/Operational","sourcetype":"WinEventLog:Microsoft-Windows-Sysmon/Operational","splunk_server":"splunk-virtual-machine"}}
{"preview":false,"result":{"CommandLine":"\"C:\\Program Files (x86)\\Microsoft\\Edge\\Application\\150.0.4078.83\\elevation_service.exe\"","Company":"Microsoft Corporation","ComputerName":"Win-10.miacsdomain.com","CurrentDirectory":"C:\\Windows\\system32\\","Description":"Microsoft Edge","EventCode":"1","EventType":"4","FileVersion":"150.0.4078.83","Hashes":"MD5=64E4BE9470D74873D967D578FDEC538F,SHA256=DFB579B0AD9FCBAD2C234DCF56F71FCF8F95DD624B00BF1AB602DA0277F57B76,IMPHASH=BDDE57058B98B702790F254A48122E95","Image":"C:\\Program Files (x86)\\Microsoft\\Edge\\Application\\150.0.4078.83\\elevation_service.exe","IntegrityLevel":"System","Keywords":"None","LogName":"Microsoft-Windows-Sysmon/Operational","LogonGuid":"{3f87e246-a659-6a8f-e703-000000000000}","LogonId":"0x3E7","Message":"Process Create:\r\nRuleName: -\r\nUtcTime: 2026-08-27 04:02:21.010\r\nProcessGuid: {3f87e246-b6cd-6a8f-c303-000000001600}\r\nProcessId: 3856\r\nImage: C:\\Program Files (x86)\\Microsoft\\Edge\\Application\\150.0.4078.83\\elevation_service.exe\r\nFileVersion: 150.0.4078.83\r\nDescription: Microsoft Edge\r\nProduct: Microsoft Edge\r\nCompany: Microsoft Corporation\r\nOriginalFileName: elevation_service.exe\r\nCommandLine: \"C:\\Program Files (x86)\\Microsoft\\Edge\\Application\\150.0.4078.83\\elevation_service.exe\"\r\nCurrentDirectory: C:\\Windows\\system32\\\r\nUser: NT AUTHORITY\\SYSTEM\r\nLogonGuid: {3f87e246-a659-6a8f-e703-000000000000}\r\nLogonId: 0x3E7\r\nTerminalSessionId: 0\r\nIntegrityLevel: System\r\nHashes: MD5=64E4BE9470D74873D967D578FDEC538F,SHA256=DFB579B0AD9FCBAD2C234DCF56F71FCF8F95DD624B00BF1AB602DA0277F57B76,IMPHASH=BDDE57058B98B702790F254A48122E95\r\nParentProcessGuid: {3f87e246-a659-6a8f-0b00-000000001600}\r\nParentProcessId: 608\r\nParentImage: C:\\Windows\\System32\\services.exe\r\nParentCommandLine: C:\\Windows\\system32\\services.exe\r\nParentUser: NT AUTHORITY\\SYSTEM","OpCode":"Info","OriginalFileName":"elevation_service.exe","ParentCommandLine":"C:\\Windows\\system32\\services.exe","ParentImage":"C:\\Windows\\System32\\services.exe","ParentProcessGuid":"{3f87e246-a659-6a8f-0b00-000000001600}","ParentProcessId":"608","ParentUser":"NT AUTHORITY\\SYSTEM","ProcessGuid":"{3f87e246-b6cd-6a8f-c303-000000001600}","ProcessId":"3856","Product":"Microsoft Edge","RecordNumber":"33093","RuleName":"-","Sid":"S-1-5-18","SidType":"0","SourceName":"Microsoft-Windows-Sysmon","TaskCategory":"Process Create (rule: ProcessCreate)","TerminalSessionId":"0","Type":"Information","User":["NOT_TRANSLATED","NT AUTHORITY\\SYSTEM"],"UtcTime":"2026-08-27 04:02:21.010","_raw":"08/27/2026 06:02:21.011 AM\nLogName=Microsoft-Windows-Sysmon/Operational\nEventCode=1\nEventType=4\nComputerName=Win-10.miacsdomain.com\nUser=NOT_TRANSLATED\nSid=S-1-5-18\nSidType=0\nSourceName=Microsoft-Windows-Sysmon\nType=Information\nRecordNumber=33093\nKeywords=None\nTaskCategory=Process Create (rule: ProcessCreate)\nOpCode=Info\nMessage=Process Create:\r\nRuleName: -\r\nUtcTime: 2026-08-27 04:02:21.010\r\nProcessGuid: {3f87e246-b6cd-6a8f-c303-000000001600}\r\nProcessId: 3856\r\nImage: C:\\Program Files (x86)\\Microsoft\\Edge\\Application\\150.0.4078.83\\elevation_service.exe\r\nFileVersion: 150.0.4078.83\r\nDescription: Microsoft Edge\r\nProduct: Microsoft Edge\r\nCompany: Microsoft Corporation\r\nOriginalFileName: elevation_service.exe\r\nCommandLine: \"C:\\Program Files (x86)\\Microsoft\\Edge\\Application\\150.0.4078.83\\elevation_service.exe\"\r\nCurrentDirectory: C:\\Windows\\system32\\\r\nUser: NT AUTHORITY\\SYSTEM\r\nLogonGuid: {3f87e246-a659-6a8f-e703-000000000000}\r\nLogonId: 0x3E7\r\nTerminalSessionId: 0\r\nIntegrityLevel: System\r\nHashes: MD5=64E4BE9470D74873D967D578FDEC538F,SHA256=DFB579B0AD9FCBAD2C234DCF56F71FCF8F95DD624B00BF1AB602DA0277F57B76,IMPHASH=BDDE57058B98B702790F254A48122E95\r\nParentProcessGuid: {3f87e246-a659-6a8f-0b00-000000001600}\r\nParentProcessId: 608\r\nParentImage: C:\\Windows\\System32\\services.exe\r\nParentCommandLine: C:\\Windows\\system32\\services.exe\r\nParentUser: NT AUTHORITY\\SYSTEM","_time":"2026-08-27T06:02:21.011+0200","host":"Win-10","index":"main","linecount":"38","punct":"//_::._=--/===-..==---==--====__(:_)==_:\\r:_-\\r:_--_","source":"WinEventLog:Microsoft-Windows-Sysmon/Operational","sourcetype":"WinEventLog:Microsoft-Windows-Sysmon/Operational","splunk_server":"splunk-virtual-machine"}}
{"preview":false,"result":{"Archived":"true","ComputerName":"Win-10.miacsdomain.com","EventCode":"23","EventType":"4","Hashes":"MD5=79289A50B25C671C6224A35F30B6097F,SHA256=A540AE0F98D97E1007257C95D7E09582C60E26C6EFDE0BAB2B1C7EC316BBFC50,IMPHASH=00000000000000000000000000000000","Image":"C:\\Program Files (x86)\\Microsoft\\Edge\\Application\\msedge.exe","IsExecutable":"false","Keywords":"None","LogName":"Microsoft-Windows-Sysmon/Operational","Message":"File Delete archived:\r\nRuleName: -\r\nUtcTime: 2026-08-27 04:02:20.997\r\nProcessGuid: {3f87e246-b6cc-6a8f-bd03-000000001600}\r\nProcessId: 5136\r\nUser: miacsdomain\\user-01\r\nImage: C:\\Program Files (x86)\\Microsoft\\Edge\\Application\\msedge.exe\r\nTargetFilename: C:\\Users\\user-01\\AppData\\Local\\Microsoft\\Edge\\User Data\\Default\\Local Storage\\leveldb\\488161ff-f156-40b0-a611-1792a14a0a45.tmp\r\nHashes: MD5=79289A50B25C671C6224A35F30B6097F,SHA256=A540AE0F98D97E1007257C95D7E09582C60E26C6EFDE0BAB2B1C7EC316BBFC50,IMPHASH=00000000000000000000000000000000\r\nIsExecutable: false\r\nArchived: true","OpCode":"Info","ProcessGuid":"{3f87e246-b6cc-6a8f-bd03-000000001600}","ProcessId":"5136","RecordNumber":"33092","RuleName":"-","Sid":"S-1-5-18","SidType":"0","SourceName":"Microsoft-Windows-Sysmon","TargetFilename":"C:\\Users\\user-01\\AppData\\Local\\Microsoft\\Edge\\User Data\\Default\\Local Storage\\leveldb\\488161ff-f156-40b0-a611-1792a14a0a45.tmp","TaskCategory":"File Delete archived (rule: FileDelete)","Type":"Information","User":["NOT_TRANSLATED","miacsdomain\\user-01"],"UtcTime":"2026-08-27 04:02:20.997","_raw":"08/27/2026 06:02:21.009 AM\nLogName=Microsoft-Windows-Sysmon/Operational\nEventCode=23\nEventType=4\nComputerName=Win-10.miacsdomain.com\nUser=NOT_TRANSLATED\nSid=S-1-5-18\nSidType=0\nSourceName=Microsoft-Windows-Sysmon\nType=Information\nRecordNumber=33092\nKeywords=None\nTaskCategory=File Delete archived (rule: FileDelete)\nOpCode=Info\nMessage=File Delete archived:\r\nRuleName: -\r\nUtcTime: 2026-08-27 04:02:20.997\r\nProcessGuid: {3f87e246-b6cc-6a8f-bd03-000000001600}\r\nProcessId: 5136\r\nUser: miacsdomain\\user-01\r\nImage: C:\\Program Files (x86)\\Microsoft\\Edge\\Application\\msedge.exe\r\nTargetFilename: C:\\Users\\user-01\\AppData\\Local\\Microsoft\\Edge\\User Data\\Default\\Local Storage\\leveldb\\488161ff-f156-40b0-a611-1792a14a0a45.tmp\r\nHashes: MD5=79289A50B25C671C6224A35F30B6097F,SHA256=A540AE0F98D97E1007257C95D7E09582C60E26C6EFDE0BAB2B1C7EC316BBFC50,IMPHASH=00000000000000000000000000000000\r\nIsExecutable: false\r\nArchived: true","_time":"2026-08-27T06:02:21.009+0200","host":"Win-10","index":"main","linecount":"25","punct":"//_::._=--/===-..==---==--====___(:_)==__:\\r:_-\\r:_-","source":"WinEventLog:Microsoft-Windows-Sysmon/Operational","sourcetype":"WinEventLog:Microsoft-Windows-Sysmon/Operational","splunk_server":"splunk-virtual-machine"}}
{"preview":false,"result":{"Archived":"true","ComputerName":"Win-10.miacsdomain.com","EventCode":"23","EventType":"4","Hashes":"MD5=3C70300FDE3F9F6DFE0DB9746446BB58,SHA256=CE94C37FA9FA5BB664868BCDE196D0A84B8ED1BB21F7E9F58044C51BB068A953,IMPHASH=00000000000000000000000000000000","Image":"C:\\Program Files (x86)\\Microsoft\\Edge\\Application\\msedge.exe","IsExecutable":"false","Keywords":"None","LogName":"Microsoft-Windows-Sysmon/Operational","Message":"File Delete archived:\r\nRuleName: -\r\nUtcTime: 2026-08-27 04:02:20.997\r\nProcessGuid: {3f87e246-b6cc-6a8f-bd03-000000001600}\r\nProcessId: 5136\r\nUser: miacsdomain\\user-01\r\nImage: C:\\Program Files (x86)\\Microsoft\\Edge\\Application\\msedge.exe\r\nTargetFilename: C:\\Users\\user-01\\AppData\\Local\\Microsoft\\Edge\\User Data\\Default\\shared_proto_db\\MANIFEST-000093\r\nHashes: MD5=3C70300FDE3F9F6DFE0DB9746446BB58,SHA256=CE94C37FA9FA5BB664868BCDE196D0A84B8ED1BB21F7E9F58044C51BB068A953,IMPHASH=00000000000000000000000000000000\r\nIsExecutable: false\r\nArchived: true","OpCode":"Info","ProcessGuid":"{3f87e246-b6cc-6a8f-bd03-000000001600}","ProcessId":"5136","RecordNumber":"33091","RuleName":"-","Sid":"S-1-5-18","SidType":"0","SourceName":"Microsoft-Windows-Sysmon","TargetFilename":"C:\\Users\\user-01\\AppData\\Local\\Microsoft\\Edge\\User Data\\Default\\shared_proto_db\\MANIFEST-000093","TaskCategory":"File Delete archived (rule: FileDelete)","Type":"Information","User":["NOT_TRANSLATED","miacsdomain\\user-01"],"UtcTime":"2026-08-27 04:02:20.997","_raw":"08/27/2026 06:02:21.002 AM\nLogName=Microsoft-Windows-Sysmon/Operational\nEventCode=23\nEventType=4\nComputerName=Win-10.miacsdomain.com\nUser=NOT_TRANSLATED\nSid=S-1-5-18\nSidType=0\nSourceName=Microsoft-Windows-Sysmon\nType=Information\nRecordNumber=33091\nKeywords=None\nTaskCategory=File Delete archived (rule: FileDelete)\nOpCode=Info\nMessage=File Delete archived:\r\nRuleName: -\r\nUtcTime: 2026-08-27 04:02:20.997\r\nProcessGuid: {3f87e246-b6cc-6a8f-bd03-000000001600}\r\nProcessId: 5136\r\nUser: miacsdomain\\user-01\r\nImage: C:\\Program Files (x86)\\Microsoft\\Edge\\Application\\msedge.exe\r\nTargetFilename: C:\\Users\\user-01\\AppData\\Local\\Microsoft\\Edge\\User Data\\Default\\shared_proto_db\\MANIFEST-000093\r\nHashes: MD5=3C70300FDE3F9F6DFE0DB9746446BB58,SHA256=CE94C37FA9FA5BB664868BCDE196D0A84B8ED1BB21F7E9F58044C51BB068A953,IMPHASH=00000000000000000000000000000000\r\nIsExecutable: false\r\nArchived: true","_time":"2026-08-27T06:02:21.002+0200","host":"Win-10","index":"main","linecount":"25","punct":"//_::._=--/===-..==---==--====___(:_)==__:\\r:_-\\r:_-","source":"WinEventLog:Microsoft-Windows-Sysmon/Operational","sourcetype":"WinEventLog:Microsoft-Windows-Sysmon/Operational","splunk_server":"splunk-virtual-machine"}}
