{"preview":false,"result":{"ComputerName":"Win-10.miacsdomain.com","EventCode":"12","EventType":["4","DeleteValue"],"Image":"C:\\Windows\\system32\\LogonUI.exe","Keywords":"None","LogName":"Microsoft-Windows-Sysmon/Operational","Message":"Registry object added or deleted:\r\nRuleName: -\r\nEventType: DeleteValue\r\nUtcTime: 2026-08-27 04:02:07.920\r\nProcessGuid: {3f87e246-b067-6a8f-d902-000000001600}\r\nProcessId: 3892\r\nImage: C:\\Windows\\system32\\LogonUI.exe\r\nTargetObject: HKU\\.DEFAULT\\Keyboard Layout\\Preload\\1\r\nUser: NT AUTHORITY\\SYSTEM","OpCode":"Info","ProcessGuid":"{3f87e246-b067-6a8f-d902-000000001600}","ProcessId":"3892","RecordNumber":"32943","RuleName":"-","Sid":"S-1-5-18","SidType":"0","SourceName":"Microsoft-Windows-Sysmon","TargetObject":"HKU\\.DEFAULT\\Keyboard Layout\\Preload\\1","TaskCategory":"Registry object added or deleted (rule: RegistryEvent)","Type":"Information","User":["NOT_TRANSLATED","NT AUTHORITY\\SYSTEM"],"UtcTime":"2026-08-27 04:02:07.920","_raw":"08/27/2026 06:02:07.932 AM\nLogName=Microsoft-Windows-Sysmon/Operational\nEventCode=12\nEventType=4\nComputerName=Win-10.miacsdomain.com\nUser=NOT_TRANSLATED\nSid=S-1-5-18\nSidType=0\nSourceName=Microsoft-Windows-Sysmon\nType=Information\nRecordNumber=32943\nKeywords=None\nTaskCategory=Registry object added or deleted (rule: RegistryEvent)\nOpCode=Info\nMessage=Registry object added or deleted:\r\nRuleName: -\r\nEventType: DeleteValue\r\nUtcTime: 2026-08-27 04:02:07.920\r\nProcessGuid: {3f87e246-b067-6a8f-d902-000000001600}\r\nProcessId: 3892\r\nImage: C:\\Windows\\system32\\LogonUI.exe\r\nTargetObject: HKU\\.DEFAULT\\Keyboard Layout\\Preload\\1\r\nUser: NT AUTHORITY\\SYSTEM","_time":"2026-08-27T06:02:07.932+0200","host":"Win-10","index":"main","linecount":"23","punct":"//_::._=--/===-..==---==--====_____(:_)==____:\\r:_-","source":"WinEventLog:Microsoft-Windows-Sysmon/Operational","sourcetype":"WinEventLog:Microsoft-Windows-Sysmon/Operational","splunk_server":"splunk-virtual-machine"}}
{"preview":false,"result":{"ComputerName":"Win-10.miacsdomain.com","Details":"miacsdomain\\user-01","EventCode":"13","EventType":["4","SetValue"],"Image":"C:\\Windows\\system32\\LogonUI.exe","Keywords":"None","LogName":"Microsoft-Windows-Sysmon/Operational","Message":"Registry value set:\r\nRuleName: -\r\nEventType: SetValue\r\nUtcTime: 2026-08-27 04:02:07.920\r\nProcessGuid: {3f87e246-b067-6a8f-d902-000000001600}\r\nProcessId: 3892\r\nImage: C:\\Windows\\system32\\LogonUI.exe\r\nTargetObject: HKLM\\SOFTWARE\\Microsoft\\Windows\\CurrentVersion\\Authentication\\LogonUI\\LastLoggedOnUser\r\nDetails: miacsdomain\\user-01\r\nUser: NT AUTHORITY\\SYSTEM","OpCode":"Info","ProcessGuid":"{3f87e246-b067-6a8f-d902-000000001600}","ProcessId":"3892","RecordNumber":"32942","RuleName":"-","Sid":"S-1-5-18","SidType":"0","SourceName":"Microsoft-Windows-Sysmon","TargetObject":"HKLM\\SOFTWARE\\Microsoft\\Windows\\CurrentVersion\\Authentication\\LogonUI\\LastLoggedOnUser","TaskCategory":"Registry value set (rule: RegistryEvent)","Type":"Information","User":["NOT_TRANSLATED","NT AUTHORITY\\SYSTEM"],"UtcTime":"2026-08-27 04:02:07.920","_raw":"08/27/2026 06:02:07.926 AM\nLogName=Microsoft-Windows-Sysmon/Operational\nEventCode=13\nEventType=4\nComputerName=Win-10.miacsdomain.com\nUser=NOT_TRANSLATED\nSid=S-1-5-18\nSidType=0\nSourceName=Microsoft-Windows-Sysmon\nType=Information\nRecordNumber=32942\nKeywords=None\nTaskCategory=Registry value set (rule: RegistryEvent)\nOpCode=Info\nMessage=Registry value set:\r\nRuleName: -\r\nEventType: SetValue\r\nUtcTime: 2026-08-27 04:02:07.920\r\nProcessGuid: {3f87e246-b067-6a8f-d902-000000001600}\r\nProcessId: 3892\r\nImage: C:\\Windows\\system32\\LogonUI.exe\r\nTargetObject: HKLM\\SOFTWARE\\Microsoft\\Windows\\CurrentVersion\\Authentication\\LogonUI\\LastLoggedOnUser\r\nDetails: miacsdomain\\user-01\r\nUser: NT AUTHORITY\\SYSTEM","_time":"2026-08-27T06:02:07.926+0200","host":"Win-10","index":"main","linecount":"24","punct":"//_::._=--/===-..==---==--====___(:_)==__:\\r:_-\\r:_\\r","source":"WinEventLog:Microsoft-Windows-Sysmon/Operational","sourcetype":"WinEventLog:Microsoft-Windows-Sysmon/Operational","splunk_server":"splunk-virtual-machine"}}
{"preview":false,"result":{"Account_Domain":["miacsdomain","miacsdomain"],"Account_Name":["WIN-10$","user-01"],"Authentication_Package":"Negotiate","ComputerName":"Win-10.miacsdomain.com","Elevated_Token":"No","EventCode":"4624","EventType":"0","Impersonation_Level":"Impersonation","Key_Length":"0","Keywords":"Audit Success","Linked_Logon_ID":"0x0","LogName":"Security","Logon_GUID":"{00000000-0000-0000-0000-000000000000}","Logon_ID":["0x3E7","0x4C761C"],"Logon_Process":"User32","Logon_Type":"11","Message":"An account was successfully logged on.\r\n\r\nSubject:\r\n\tSecurity ID:\t\tS-1-5-18\r\n\tAccount Name:\t\tWIN-10$\r\n\tAccount Domain:\t\tmiacsdomain\r\n\tLogon ID:\t\t0x3E7\r\n\r\nLogon Information:\r\n\tLogon Type:\t\t11\r\n\tRestricted Admin Mode:\t-\r\n\tVirtual Account:\t\tNo\r\n\tElevated Token:\t\tNo\r\n\r\nImpersonation Level:\t\tImpersonation\r\n\r\nNew Logon:\r\n\tSecurity ID:\t\tS-1-5-21-246749117-2054088174-1189330396-1105\r\n\tAccount Name:\t\tuser-01\r\n\tAccount Domain:\t\tmiacsdomain\r\n\tLogon ID:\t\t0x4C761C\r\n\tLinked Logon ID:\t\t0x0\r\n\tNetwork Account Name:\t-\r\n\tNetwork Account Domain:\t-\r\n\tLogon GUID:\t\t{00000000-0000-0000-0000-000000000000}\r\n\r\nProcess Information:\r\n\tProcess ID:\t\t0x140\r\n\tProcess Name:\t\tC:\\Windows\\System32\\svchost.exe\r\n\r\nNetwork Information:\r\n\tWorkstation Name:\tWIN-10\r\n\tSource Network Address:\t127.0.0.1\r\n\tSource Port:\t\t0\r\n\r\nDetailed Authentication Information:\r\n\tLogon Process:\t\tUser32 \r\n\tAuthentication Package:\tNegotiate\r\n\tTransited Services:\t-\r\n\tPackage Name (NTLM only):\t-\r\n\tKey Length:\t\t0\r\n\r\nThis event is generated when a logon session is created. It is generated on the computer that was accessed.\r\n\r\nThe subject fields indicate the account on the local system which requested the logon. This is most commonly a service such as the Server service, or a local process such as Winlogon.exe or Services.exe.\r\n\r\nThe logon type field indicates the kind of logon that occurred. The most common types are 2 (interactive) and 3 (network).\r\n\r\nThe New Logon fields indicate the account for whom the new logon was created, i.e. the account that was logged on.\r\n\r\nThe network fields indicate where a remote logon request originated. Workstation name is not always available and may be left blank in some cases.\r\n\r\nThe impersonation level field indicates the extent to which a process in the logon session can impersonate.\r\n\r\nThe authentication information fields provide detailed information about this specific logon request.\r\n\t- Logon GUID is a unique identifier that can be used to correlate this event with a KDC event.\r\n\t- Transited services indicate which intermediate services have participated in this logon request.\r\n\t- Package name indicates which sub-protocol was used among the NTLM protocols.\r\n\t- Key length indicates the length of the generated session key. This will be 0 if no session key was requested.","Network_Account_Domain":"-","Network_Account_Name":"-","OpCode":"Info","Package_Name__NTLM_only_":"-","Process_ID":"0x140","Process_Name":"C:\\Windows\\System32\\svchost.exe","RecordNumber":"17134","Restricted_Admin_Mode":"-","Security_ID":["S-1-5-18","S-1-5-21-246749117-2054088174-1189330396-1105"],"SourceName":"Microsoft Windows security auditing.","Source_Network_Address":"127.0.0.1","Source_Port":"0","TaskCategory":"Logon","Transited_Services":"-","Type":"Information","Virtual_Account":"No","Workstation_Name":"WIN-10","_raw":"08/27/2026 06:02:07.924 AM\nLogName=Security\nEventCode=4624\nEventType=0\nComputerName=Win-10.miacsdomain.com\nSourceName=Microsoft Windows security auditing.\nType=Information\nRecordNumber=17134\nKeywords=Audit Success\nTaskCategory=Logon\nOpCode=Info\nMessage=An account was successfully logged on.\r\n\r\nSubject:\r\n\tSecurity ID:\t\tS-1-5-18\r\n\tAccount Name:\t\tWIN-10$\r\n\tAccount Domain:\t\tmiacsdomain\r\n\tLogon ID:\t\t0x3E7\r\n\r\nLogon Information:\r\n\tLogon Type:\t\t11\r\n\tRestricted Admin Mode:\t-\r\n\tVirtual Account:\t\tNo\r\n\tElevated Token:\t\tNo\r\n\r\nImpersonation Level:\t\tImpersonation\r\n\r\nNew Logon:\r\n\tSecurity ID:\t\tS-1-5-21-246749117-2054088174-1189330396-1105\r\n\tAccount Name:\t\tuser-01\r\n\tAccount Domain:\t\tmiacsdomain\r\n\tLogon ID:\t\t0x4C761C\r\n\tLinked Logon ID:\t\t0x0\r\n\tNetwork Account Name:\t-\r\n\tNetwork Account Domain:\t-\r\n\tLogon GUID:\t\t{00000000-0000-0000-0000-000000000000}\r\n\r\nProcess Information:\r\n\tProcess ID:\t\t0x140\r\n\tProcess Name:\t\tC:\\Windows\\System32\\svchost.exe\r\n\r\nNetwork Information:\r\n\tWorkstation Name:\tWIN-10\r\n\tSource Network Address:\t127.0.0.1\r\n\tSource Port:\t\t0\r\n\r\nDetailed Authentication Information:\r\n\tLogon Process:\t\tUser32 \r\n\tAuthentication Package:\tNegotiate\r\n\tTransited Services:\t-\r\n\tPackage Name (NTLM only):\t-\r\n\tKey Length:\t\t0\r\n\r\nThis event is generated when a logon session is created. It is generated on the computer that was accessed.\r\n\r\nThe subject fields indicate the account on the local system which requested the logon. This is most commonly a service such as the Server service, or a local process such as Winlogon.exe or Services.exe.\r\n\r\nThe logon type field indicates the kind of logon that occurred. The most common types are 2 (interactive) and 3 (network).\r\n\r\nThe New Logon fields indicate the account for whom the new logon was created, i.e. the account that was logged on.\r\n\r\nThe network fields indicate where a remote logon request originated. Workstation name is not always available and may be left blank in some cases.\r\n\r\nThe impersonation level field indicates the extent to which a process in the logon session can impersonate.\r\n\r\nThe authentication information fields provide detailed information about this specific logon request.\r\n\t- Logon GUID is a unique identifier that can be used to correlate this event with a KDC event.\r\n\t- Transited services indicate which intermediate services have participated in this logon request.\r\n\t- Package name indicates which sub-protocol was used among the NTLM protocols.\r\n\t- Key length indicates the length of the generated session key. This will be 0 if no session key was requested.","_time":"2026-08-27T06:02:07.924+0200","host":"Win-10","index":"main","linecount":"70","punct":"//_::._====-..=___.===_===_____.\\r\\r:\\rt_:tt---\\rt_:tt","source":"WinEventLog:Security","sourcetype":"WinEventLog:Security","splunk_server":"splunk-virtual-machine"}}
{"preview":false,"lastrow":true,"result":{"Account_Domain":["miacsdomain","miacsdomain"],"Account_Name":["WIN-10$","user-01"],"Additional_Information":"localhost","ComputerName":"Win-10.miacsdomain.com","EventCode":"4648","EventType":"0","Keywords":"Audit Success","LogName":"Security","Logon_GUID":["{00000000-0000-0000-0000-000000000000}","{00000000-0000-0000-0000-000000000000}"],"Logon_ID":"0x3E7","Message":"A logon was attempted using explicit credentials.\r\n\r\nSubject:\r\n\tSecurity ID:\t\tS-1-5-18\r\n\tAccount Name:\t\tWIN-10$\r\n\tAccount Domain:\t\tmiacsdomain\r\n\tLogon ID:\t\t0x3E7\r\n\tLogon GUID:\t\t{00000000-0000-0000-0000-000000000000}\r\n\r\nAccount Whose Credentials Were Used:\r\n\tAccount Name:\t\tuser-01\r\n\tAccount Domain:\t\tmiacsdomain\r\n\tLogon GUID:\t\t{00000000-0000-0000-0000-000000000000}\r\n\r\nTarget Server:\r\n\tTarget Server Name:\tlocalhost\r\n\tAdditional Information:\tlocalhost\r\n\r\nProcess Information:\r\n\tProcess ID:\t\t0x140\r\n\tProcess Name:\t\tC:\\Windows\\System32\\svchost.exe\r\n\r\nNetwork Information:\r\n\tNetwork Address:\t127.0.0.1\r\n\tPort:\t\t\t0\r\n\r\nThis event is generated when a process attempts to log on an account by explicitly specifying that account’s credentials.  This most commonly occurs in batch-type configurations such as scheduled tasks, or when using the RUNAS command.","Network_Address":"127.0.0.1","OpCode":"Info","Port":"0","Process_ID":"0x140","Process_Name":"C:\\Windows\\System32\\svchost.exe","RecordNumber":"17133","Security_ID":"S-1-5-18","SourceName":"Microsoft Windows security auditing.","Target_Server_Name":"localhost","TaskCategory":"Logon","Type":"Information","_raw":"08/27/2026 06:02:07.924 AM\nLogName=Security\nEventCode=4648\nEventType=0\nComputerName=Win-10.miacsdomain.com\nSourceName=Microsoft Windows security auditing.\nType=Information\nRecordNumber=17133\nKeywords=Audit Success\nTaskCategory=Logon\nOpCode=Info\nMessage=A logon was attempted using explicit credentials.\r\n\r\nSubject:\r\n\tSecurity ID:\t\tS-1-5-18\r\n\tAccount Name:\t\tWIN-10$\r\n\tAccount Domain:\t\tmiacsdomain\r\n\tLogon ID:\t\t0x3E7\r\n\tLogon GUID:\t\t{00000000-0000-0000-0000-000000000000}\r\n\r\nAccount Whose Credentials Were Used:\r\n\tAccount Name:\t\tuser-01\r\n\tAccount Domain:\t\tmiacsdomain\r\n\tLogon GUID:\t\t{00000000-0000-0000-0000-000000000000}\r\n\r\nTarget Server:\r\n\tTarget Server Name:\tlocalhost\r\n\tAdditional Information:\tlocalhost\r\n\r\nProcess Information:\r\n\tProcess ID:\t\t0x140\r\n\tProcess Name:\t\tC:\\Windows\\System32\\svchost.exe\r\n\r\nNetwork Information:\r\n\tNetwork Address:\t127.0.0.1\r\n\tPort:\t\t\t0\r\n\r\nThis event is generated when a process attempts to log on an account by explicitly specifying that account’s credentials.  This most commonly occurs in batch-type configurations such as scheduled tasks, or when using the RUNAS command.","_time":"2026-08-27T06:02:07.924+0200","host":"Win-10","index":"main","linecount":"38","punct":"//_::._====-..=___.===_===______.\\r\\r:\\rt_:tt---\\rt_:t","source":"WinEventLog:Security","sourcetype":"WinEventLog:Security","splunk_server":"splunk-virtual-machine"}}
