{"preview":false,"result":{"ComputerName":"Win-10.miacsdomain.com","EventCode":"4103","EventType":"4","Keywords":"None","LogName":"Microsoft-Windows-PowerShell/Operational","Message":"CommandInvocation(Remove-Item): \"Remove-Item\"\r\nParameterBinding(Remove-Item): name=\"Path\"; value=\"C:\\Users\\user-01\\AppData\\Local\\Temp\\tool.ps1\"\r\n\r\n\r\nContext:\r\n        Severity = Informational\r\n        Host Name = ConsoleHost\r\n        Host Version = 5.1.19041.3803\r\n        Host ID = 8f693702-2541-4680-83a6-daf8bc4a60d2\r\n        Host Application = C:\\Windows\\System32\\WindowsPowerShell\\v1.0\\powershell.exe\r\n        Engine Version = 5.1.19041.3803\r\n        Runspace ID = 5fba7f50-ac8b-435e-927c-715d2c2d9aa6\r\n        Pipeline ID = 28\r\n        Command Name = Remove-Item\r\n        Command Type = Cmdlet\r\n        Script Name = \r\n        Command Path = \r\n        Sequence Number = 48\r\n        User = miacsdomain\\user-01\r\n        Connected User = \r\n        Shell ID = Microsoft.PowerShell\r\n\r\n\r\nUser Data:","OpCode":"To be used when operation is just executing a method","ParameterBinding_Remove_Item_":"name=\"Path\"; value=\"C:\\Users\\user-01\\AppData\\Local\\Temp\\tool.ps1\"","RecordNumber":"14613","Sid":"S-1-5-21-246749117-2054088174-1189330396-1105","SidType":"0","SourceName":"Microsoft-Windows-PowerShell","TaskCategory":"Executing Pipeline","Type":"Information","User":"NOT_TRANSLATED","_raw":"08/27/2026 06:04:27.855 AM\nLogName=Microsoft-Windows-PowerShell/Operational\nEventCode=4103\nEventType=4\nComputerName=Win-10.miacsdomain.com\nUser=NOT_TRANSLATED\nSid=S-1-5-21-246749117-2054088174-1189330396-1105\nSidType=0\nSourceName=Microsoft-Windows-PowerShell\nType=Information\nRecordNumber=14613\nKeywords=None\nTaskCategory=Executing Pipeline\nOpCode=To be used when operation is just executing a method\nMessage=CommandInvocation(Remove-Item): \"Remove-Item\"\r\nParameterBinding(Remove-Item): name=\"Path\"; value=\"C:\\Users\\user-01\\AppData\\Local\\Temp\\tool.ps1\"\r\n\r\n\r\nContext:\r\n        Severity = Informational\r\n        Host Name = ConsoleHost\r\n        Host Version = 5.1.19041.3803\r\n        Host ID = 8f693702-2541-4680-83a6-daf8bc4a60d2\r\n        Host Application = C:\\Windows\\System32\\WindowsPowerShell\\v1.0\\powershell.exe\r\n        Engine Version = 5.1.19041.3803\r\n        Runspace ID = 5fba7f50-ac8b-435e-927c-715d2c2d9aa6\r\n        Pipeline ID = 28\r\n        Command Name = Remove-Item\r\n        Command Type = Cmdlet\r\n        Script Name = \r\n        Command Path = \r\n        Sequence Number = 48\r\n        User = miacsdomain\\user-01\r\n        Connected User = \r\n        Shell ID = Microsoft.PowerShell\r\n\r\n\r\nUser Data:","_time":"2026-08-27T06:04:27.855+0200","host":"Win-10","index":"main","linecount":"38","punct":"//_::._=--/===-..==-------==--====_=_________=(-):","source":"WinEventLog:Microsoft-Windows-PowerShell/Operational","sourcetype":"WinEventLog:Microsoft-Windows-PowerShell/Operational","splunk_server":"splunk-virtual-machine"}}
{"preview":false,"result":{"Archived":"true","ComputerName":"Win-10.miacsdomain.com","EventCode":"23","EventType":"4","Hashes":"MD5=EA148D3B037A0F9C98D20BCB0CFF3053,SHA256=B9FC229BF3DEBFC305E89E57C3580096AA9D8B018E744C50A53D9DC79DAF279F,IMPHASH=00000000000000000000000000000000","Image":"C:\\Windows\\System32\\WindowsPowerShell\\v1.0\\powershell.exe","IsExecutable":"false","Keywords":"None","LogName":"Microsoft-Windows-Sysmon/Operational","Message":"File Delete archived:\r\nRuleName: -\r\nUtcTime: 2026-08-27 04:04:27.841\r\nProcessGuid: {3f87e246-b6d2-6a8f-cf03-000000001600}\r\nProcessId: 5960\r\nUser: miacsdomain\\user-01\r\nImage: C:\\Windows\\System32\\WindowsPowerShell\\v1.0\\powershell.exe\r\nTargetFilename: C:\\Users\\user-01\\AppData\\Local\\Temp\\tool.ps1\r\nHashes: MD5=EA148D3B037A0F9C98D20BCB0CFF3053,SHA256=B9FC229BF3DEBFC305E89E57C3580096AA9D8B018E744C50A53D9DC79DAF279F,IMPHASH=00000000000000000000000000000000\r\nIsExecutable: false\r\nArchived: true","OpCode":"Info","ProcessGuid":"{3f87e246-b6d2-6a8f-cf03-000000001600}","ProcessId":"5960","RecordNumber":"33177","RuleName":"-","Sid":"S-1-5-18","SidType":"0","SourceName":"Microsoft-Windows-Sysmon","TargetFilename":"C:\\Users\\user-01\\AppData\\Local\\Temp\\tool.ps1","TaskCategory":"File Delete archived (rule: FileDelete)","Type":"Information","User":["NOT_TRANSLATED","miacsdomain\\user-01"],"UtcTime":"2026-08-27 04:04:27.841","_raw":"08/27/2026 06:04:27.855 AM\nLogName=Microsoft-Windows-Sysmon/Operational\nEventCode=23\nEventType=4\nComputerName=Win-10.miacsdomain.com\nUser=NOT_TRANSLATED\nSid=S-1-5-18\nSidType=0\nSourceName=Microsoft-Windows-Sysmon\nType=Information\nRecordNumber=33177\nKeywords=None\nTaskCategory=File Delete archived (rule: FileDelete)\nOpCode=Info\nMessage=File Delete archived:\r\nRuleName: -\r\nUtcTime: 2026-08-27 04:04:27.841\r\nProcessGuid: {3f87e246-b6d2-6a8f-cf03-000000001600}\r\nProcessId: 5960\r\nUser: miacsdomain\\user-01\r\nImage: C:\\Windows\\System32\\WindowsPowerShell\\v1.0\\powershell.exe\r\nTargetFilename: C:\\Users\\user-01\\AppData\\Local\\Temp\\tool.ps1\r\nHashes: MD5=EA148D3B037A0F9C98D20BCB0CFF3053,SHA256=B9FC229BF3DEBFC305E89E57C3580096AA9D8B018E744C50A53D9DC79DAF279F,IMPHASH=00000000000000000000000000000000\r\nIsExecutable: false\r\nArchived: true","_time":"2026-08-27T06:04:27.855+0200","host":"Win-10","index":"main","linecount":"25","punct":"//_::._=--/===-..==---==--====___(:_)==__:\\r:_-\\r:_-","source":"WinEventLog:Microsoft-Windows-Sysmon/Operational","sourcetype":"WinEventLog:Microsoft-Windows-Sysmon/Operational","splunk_server":"splunk-virtual-machine"}}
{"preview":false,"result":{"ComputerName":"Win-10.miacsdomain.com","EventCode":"4104","EventType":"5","Keywords":"None","LogName":"Microsoft-Windows-PowerShell/Operational","Message":"Creating Scriptblock text (1 of 1):\r\ndel $env:TEMP\\tool.ps1\r\n\r\nScriptBlock ID: 531244e9-de75-488e-9950-1abee9ef64c5\r\nPath:","OpCode":"On create calls","RecordNumber":"14612","ScriptBlock_ID":"531244e9-de75-488e-9950-1abee9ef64c5","Sid":"S-1-5-21-246749117-2054088174-1189330396-1105","SidType":"0","SourceName":"Microsoft-Windows-PowerShell","TaskCategory":"Execute a Remote Command","Type":"Verbose","User":"NOT_TRANSLATED","_raw":"08/27/2026 06:04:27.852 AM\nLogName=Microsoft-Windows-PowerShell/Operational\nEventCode=4104\nEventType=5\nComputerName=Win-10.miacsdomain.com\nUser=NOT_TRANSLATED\nSid=S-1-5-21-246749117-2054088174-1189330396-1105\nSidType=0\nSourceName=Microsoft-Windows-PowerShell\nType=Verbose\nRecordNumber=14612\nKeywords=None\nTaskCategory=Execute a Remote Command\nOpCode=On create calls\nMessage=Creating Scriptblock text (1 of 1):\r\ndel $env:TEMP\\tool.ps1\r\n\r\nScriptBlock ID: 531244e9-de75-488e-9950-1abee9ef64c5\r\nPath:","_time":"2026-08-27T06:04:27.852+0200","host":"Win-10","index":"main","linecount":"19","punct":"//_::._=--/===-..==-------==--====___=__=___(__):\\r","source":"WinEventLog:Microsoft-Windows-PowerShell/Operational","sourcetype":"WinEventLog:Microsoft-Windows-PowerShell/Operational","splunk_server":"splunk-virtual-machine"}}
{"preview":false,"result":{"ComputerName":"Win-10.miacsdomain.com","EventCode":"4103","EventType":"4","Keywords":"None","LogName":"Microsoft-Windows-PowerShell/Operational","Message":"CommandInvocation(PSConsoleHostReadLine): \"PSConsoleHostReadLine\"\r\n\r\n\r\nContext:\r\n        Severity = Informational\r\n        Host Name = ConsoleHost\r\n        Host Version = 5.1.19041.3803\r\n        Host ID = 8f693702-2541-4680-83a6-daf8bc4a60d2\r\n        Host Application = C:\\Windows\\System32\\WindowsPowerShell\\v1.0\\powershell.exe\r\n        Engine Version = 5.1.19041.3803\r\n        Runspace ID = 5fba7f50-ac8b-435e-927c-715d2c2d9aa6\r\n        Pipeline ID = 27\r\n        Command Name = PSConsoleHostReadLine\r\n        Command Type = Function\r\n        Script Name = \r\n        Command Path = \r\n        Sequence Number = 46\r\n        User = miacsdomain\\user-01\r\n        Connected User = \r\n        Shell ID = Microsoft.PowerShell\r\n\r\n\r\nUser Data:","OpCode":"To be used when operation is just executing a method","RecordNumber":"14611","Sid":"S-1-5-21-246749117-2054088174-1189330396-1105","SidType":"0","SourceName":"Microsoft-Windows-PowerShell","TaskCategory":"Executing Pipeline","Type":"Information","User":"NOT_TRANSLATED","_raw":"08/27/2026 06:04:27.851 AM\nLogName=Microsoft-Windows-PowerShell/Operational\nEventCode=4103\nEventType=4\nComputerName=Win-10.miacsdomain.com\nUser=NOT_TRANSLATED\nSid=S-1-5-21-246749117-2054088174-1189330396-1105\nSidType=0\nSourceName=Microsoft-Windows-PowerShell\nType=Information\nRecordNumber=14611\nKeywords=None\nTaskCategory=Executing Pipeline\nOpCode=To be used when operation is just executing a method\nMessage=CommandInvocation(PSConsoleHostReadLine): \"PSConsoleHostReadLine\"\r\n\r\n\r\nContext:\r\n        Severity = Informational\r\n        Host Name = ConsoleHost\r\n        Host Version = 5.1.19041.3803\r\n        Host ID = 8f693702-2541-4680-83a6-daf8bc4a60d2\r\n        Host Application = C:\\Windows\\System32\\WindowsPowerShell\\v1.0\\powershell.exe\r\n        Engine Version = 5.1.19041.3803\r\n        Runspace ID = 5fba7f50-ac8b-435e-927c-715d2c2d9aa6\r\n        Pipeline ID = 27\r\n        Command Name = PSConsoleHostReadLine\r\n        Command Type = Function\r\n        Script Name = \r\n        Command Path = \r\n        Sequence Number = 46\r\n        User = miacsdomain\\user-01\r\n        Connected User = \r\n        Shell ID = Microsoft.PowerShell\r\n\r\n\r\nUser Data:","_time":"2026-08-27T06:04:27.851+0200","host":"Win-10","index":"main","linecount":"37","punct":"//_::._=--/===-..==-------==--====_=_________=():_","source":"WinEventLog:Microsoft-Windows-PowerShell/Operational","sourcetype":"WinEventLog:Microsoft-Windows-PowerShell/Operational","splunk_server":"splunk-virtual-machine"}}
{"preview":false,"result":{"Archived":"false - shredded file with pattern 0x46524545","ComputerName":"Win-10.miacsdomain.com","EventCode":"23","EventType":"4","Hashes":"MD5=22D47FDE80501801656894BC91506AA6,SHA256=326410334921C9A003CA819820B2F26E6A31201D54A4B7DEC0CF621756E46A94,IMPHASH=00000000000000000000000000000000","Image":"C:\\Program Files (x86)\\Microsoft\\Edge\\Application\\msedge.exe","IsExecutable":"false","Keywords":"None","LogName":"Microsoft-Windows-Sysmon/Operational","Message":"File Delete archived:\r\nRuleName: -\r\nUtcTime: 2026-08-27 04:04:20.873\r\nProcessGuid: {3f87e246-b744-6a8f-e403-000000001600}\r\nProcessId: 432\r\nUser: miacsdomain\\user-01\r\nImage: C:\\Program Files (x86)\\Microsoft\\Edge\\Application\\msedge.exe\r\nTargetFilename: C:\\Users\\user-01\\AppData\\Local\\D3DSCache\\f4d41c5d09ae781\\F4EB2D6C-ED2B-4BDD-AD9D-F913287E6768.lock\r\nHashes: MD5=22D47FDE80501801656894BC91506AA6,SHA256=326410334921C9A003CA819820B2F26E6A31201D54A4B7DEC0CF621756E46A94,IMPHASH=00000000000000000000000000000000\r\nIsExecutable: false\r\nArchived: false - shredded file with pattern 0x46524545","OpCode":"Info","ProcessGuid":"{3f87e246-b744-6a8f-e403-000000001600}","ProcessId":"432","RecordNumber":"33173","RuleName":"-","Sid":"S-1-5-18","SidType":"0","SourceName":"Microsoft-Windows-Sysmon","TargetFilename":"C:\\Users\\user-01\\AppData\\Local\\D3DSCache\\f4d41c5d09ae781\\F4EB2D6C-ED2B-4BDD-AD9D-F913287E6768.lock","TaskCategory":"File Delete archived (rule: FileDelete)","Type":"Information","User":["NOT_TRANSLATED","miacsdomain\\user-01"],"UtcTime":"2026-08-27 04:04:20.873","_raw":"08/27/2026 06:04:20.877 AM\nLogName=Microsoft-Windows-Sysmon/Operational\nEventCode=23\nEventType=4\nComputerName=Win-10.miacsdomain.com\nUser=NOT_TRANSLATED\nSid=S-1-5-18\nSidType=0\nSourceName=Microsoft-Windows-Sysmon\nType=Information\nRecordNumber=33173\nKeywords=None\nTaskCategory=File Delete archived (rule: FileDelete)\nOpCode=Info\nMessage=File Delete archived:\r\nRuleName: -\r\nUtcTime: 2026-08-27 04:04:20.873\r\nProcessGuid: {3f87e246-b744-6a8f-e403-000000001600}\r\nProcessId: 432\r\nUser: miacsdomain\\user-01\r\nImage: C:\\Program Files (x86)\\Microsoft\\Edge\\Application\\msedge.exe\r\nTargetFilename: C:\\Users\\user-01\\AppData\\Local\\D3DSCache\\f4d41c5d09ae781\\F4EB2D6C-ED2B-4BDD-AD9D-F913287E6768.lock\r\nHashes: MD5=22D47FDE80501801656894BC91506AA6,SHA256=326410334921C9A003CA819820B2F26E6A31201D54A4B7DEC0CF621756E46A94,IMPHASH=00000000000000000000000000000000\r\nIsExecutable: false\r\nArchived: false - shredded file with pattern 0x46524545","_time":"2026-08-27T06:04:20.877+0200","host":"Win-10","index":"main","linecount":"25","punct":"//_::._=--/===-..==---==--====___(:_)==__:\\r:_-\\r:_-","source":"WinEventLog:Microsoft-Windows-Sysmon/Operational","sourcetype":"WinEventLog:Microsoft-Windows-Sysmon/Operational","splunk_server":"splunk-virtual-machine"}}
{"preview":false,"result":{"Archived":"false - shredded file with pattern 0x4c4f434b","ComputerName":"Win-10.miacsdomain.com","EventCode":"23","EventType":"4","Hashes":"MD5=F49655F856ACB8884CC0ACE29216F511,SHA256=7852FCE59C67DDF1D6B8B997EAA1ADFAC004A9F3A91C37295DE9223674011FBA,IMPHASH=00000000000000000000000000000000","Image":"C:\\Program Files (x86)\\Microsoft\\Edge\\Application\\msedge.exe","IsExecutable":"false","Keywords":"None","LogName":"Microsoft-Windows-Sysmon/Operational","Message":"File Delete archived:\r\nRuleName: -\r\nUtcTime: 2026-08-27 04:04:20.873\r\nProcessGuid: {3f87e246-b744-6a8f-e403-000000001600}\r\nProcessId: 432\r\nUser: miacsdomain\\user-01\r\nImage: C:\\Program Files (x86)\\Microsoft\\Edge\\Application\\msedge.exe\r\nTargetFilename: C:\\Users\\user-01\\AppData\\Local\\D3DSCache\\f4d41c5d09ae781\\F4EB2D6C-ED2B-4BDD-AD9D-F913287E6768.lock\r\nHashes: MD5=F49655F856ACB8884CC0ACE29216F511,SHA256=7852FCE59C67DDF1D6B8B997EAA1ADFAC004A9F3A91C37295DE9223674011FBA,IMPHASH=00000000000000000000000000000000\r\nIsExecutable: false\r\nArchived: false - shredded file with pattern 0x4c4f434b","OpCode":"Info","ProcessGuid":"{3f87e246-b744-6a8f-e403-000000001600}","ProcessId":"432","RecordNumber":"33172","RuleName":"-","Sid":"S-1-5-18","SidType":"0","SourceName":"Microsoft-Windows-Sysmon","TargetFilename":"C:\\Users\\user-01\\AppData\\Local\\D3DSCache\\f4d41c5d09ae781\\F4EB2D6C-ED2B-4BDD-AD9D-F913287E6768.lock","TaskCategory":"File Delete archived (rule: FileDelete)","Type":"Information","User":["NOT_TRANSLATED","miacsdomain\\user-01"],"UtcTime":"2026-08-27 04:04:20.873","_raw":"08/27/2026 06:04:20.876 AM\nLogName=Microsoft-Windows-Sysmon/Operational\nEventCode=23\nEventType=4\nComputerName=Win-10.miacsdomain.com\nUser=NOT_TRANSLATED\nSid=S-1-5-18\nSidType=0\nSourceName=Microsoft-Windows-Sysmon\nType=Information\nRecordNumber=33172\nKeywords=None\nTaskCategory=File Delete archived (rule: FileDelete)\nOpCode=Info\nMessage=File Delete archived:\r\nRuleName: -\r\nUtcTime: 2026-08-27 04:04:20.873\r\nProcessGuid: {3f87e246-b744-6a8f-e403-000000001600}\r\nProcessId: 432\r\nUser: miacsdomain\\user-01\r\nImage: C:\\Program Files (x86)\\Microsoft\\Edge\\Application\\msedge.exe\r\nTargetFilename: C:\\Users\\user-01\\AppData\\Local\\D3DSCache\\f4d41c5d09ae781\\F4EB2D6C-ED2B-4BDD-AD9D-F913287E6768.lock\r\nHashes: MD5=F49655F856ACB8884CC0ACE29216F511,SHA256=7852FCE59C67DDF1D6B8B997EAA1ADFAC004A9F3A91C37295DE9223674011FBA,IMPHASH=00000000000000000000000000000000\r\nIsExecutable: false\r\nArchived: false - shredded file with pattern 0x4c4f434b","_time":"2026-08-27T06:04:20.876+0200","host":"Win-10","index":"main","linecount":"25","punct":"//_::._=--/===-..==---==--====___(:_)==__:\\r:_-\\r:_-","source":"WinEventLog:Microsoft-Windows-Sysmon/Operational","sourcetype":"WinEventLog:Microsoft-Windows-Sysmon/Operational","splunk_server":"splunk-virtual-machine"}}
{"preview":false,"result":{"Archived":"false - shredded file with pattern 0x4c4f434b","ComputerName":"Win-10.miacsdomain.com","EventCode":"23","EventType":"4","Hashes":"MD5=F49655F856ACB8884CC0ACE29216F511,SHA256=7852FCE59C67DDF1D6B8B997EAA1ADFAC004A9F3A91C37295DE9223674011FBA,IMPHASH=00000000000000000000000000000000","Image":"C:\\Program Files (x86)\\Microsoft\\Edge\\Application\\msedge.exe","IsExecutable":"false","Keywords":"None","LogName":"Microsoft-Windows-Sysmon/Operational","Message":"File Delete archived:\r\nRuleName: -\r\nUtcTime: 2026-08-27 04:04:20.873\r\nProcessGuid: {3f87e246-b744-6a8f-e403-000000001600}\r\nProcessId: 432\r\nUser: miacsdomain\\user-01\r\nImage: C:\\Program Files (x86)\\Microsoft\\Edge\\Application\\msedge.exe\r\nTargetFilename: C:\\Users\\user-01\\AppData\\Local\\D3DSCache\\f4d41c5d09ae781\\F4EB2D6C-ED2B-4BDD-AD9D-F913287E6768.lock\r\nHashes: MD5=F49655F856ACB8884CC0ACE29216F511,SHA256=7852FCE59C67DDF1D6B8B997EAA1ADFAC004A9F3A91C37295DE9223674011FBA,IMPHASH=00000000000000000000000000000000\r\nIsExecutable: false\r\nArchived: false - shredded file with pattern 0x4c4f434b","OpCode":"Info","ProcessGuid":"{3f87e246-b744-6a8f-e403-000000001600}","ProcessId":"432","RecordNumber":"33171","RuleName":"-","Sid":"S-1-5-18","SidType":"0","SourceName":"Microsoft-Windows-Sysmon","TargetFilename":"C:\\Users\\user-01\\AppData\\Local\\D3DSCache\\f4d41c5d09ae781\\F4EB2D6C-ED2B-4BDD-AD9D-F913287E6768.lock","TaskCategory":"File Delete archived (rule: FileDelete)","Type":"Information","User":["NOT_TRANSLATED","miacsdomain\\user-01"],"UtcTime":"2026-08-27 04:04:20.873","_raw":"08/27/2026 06:04:20.876 AM\nLogName=Microsoft-Windows-Sysmon/Operational\nEventCode=23\nEventType=4\nComputerName=Win-10.miacsdomain.com\nUser=NOT_TRANSLATED\nSid=S-1-5-18\nSidType=0\nSourceName=Microsoft-Windows-Sysmon\nType=Information\nRecordNumber=33171\nKeywords=None\nTaskCategory=File Delete archived (rule: FileDelete)\nOpCode=Info\nMessage=File Delete archived:\r\nRuleName: -\r\nUtcTime: 2026-08-27 04:04:20.873\r\nProcessGuid: {3f87e246-b744-6a8f-e403-000000001600}\r\nProcessId: 432\r\nUser: miacsdomain\\user-01\r\nImage: C:\\Program Files (x86)\\Microsoft\\Edge\\Application\\msedge.exe\r\nTargetFilename: C:\\Users\\user-01\\AppData\\Local\\D3DSCache\\f4d41c5d09ae781\\F4EB2D6C-ED2B-4BDD-AD9D-F913287E6768.lock\r\nHashes: MD5=F49655F856ACB8884CC0ACE29216F511,SHA256=7852FCE59C67DDF1D6B8B997EAA1ADFAC004A9F3A91C37295DE9223674011FBA,IMPHASH=00000000000000000000000000000000\r\nIsExecutable: false\r\nArchived: false - shredded file with pattern 0x4c4f434b","_time":"2026-08-27T06:04:20.876+0200","host":"Win-10","index":"main","linecount":"25","punct":"//_::._=--/===-..==---==--====___(:_)==__:\\r:_-\\r:_-","source":"WinEventLog:Microsoft-Windows-Sysmon/Operational","sourcetype":"WinEventLog:Microsoft-Windows-Sysmon/Operational","splunk_server":"splunk-virtual-machine"}}
{"preview":false,"result":{"CommandLine":"\"C:\\Program Files (x86)\\Microsoft\\Edge\\Application\\msedge.exe\" --type=gpu-process --disable-gpu-sandbox --use-gl=disabled --gpu-vendor-id=5140 --gpu-device-id=140 --gpu-sub-system-id=0 --gpu-revision=0 --gpu-driver-version=10.0.19041.3636 --gpu-preferences=UAAAAAAAAADoAAAEAAAAAAAAAAAAAGAAOAAAAAAAAAABAAAAAAAAAAAAAAAAAAAAQgAAAAAAAAAAAAAAAAAAABgAAAAAAAAAGAAAAAAAAAAIAAAAAAAAAAgAAAAAAAAACAAAAAAAAAA= --ram-no-pressure-read-main-dll --metrics-shmem-handle=5364,i,16108408254008154028,16855830071048747453,262144 --field-trial-handle=2388,i,5400736327197714738,335574812556295080,262144 --variations-seed-version --pseudonymization-salt-handle=2392,i,936120937100423643,14611091321473090956,4 --trace-process-track-uuid=3190708992871164437 --mojo-platform-channel-handle=5272 /prefetch:8","Company":"Microsoft Corporation","ComputerName":"Win-10.miacsdomain.com","CurrentDirectory":"C:\\Program Files (x86)\\Microsoft\\Edge\\Application\\150.0.4078.83\\","Description":"Microsoft Edge","EventCode":"1","EventType":"4","FileVersion":"150.0.4078.83","Hashes":"MD5=00CBAD2175B6D3F745E9F851F9BA1AD9,SHA256=F13F03C60B48664B5AB5B294C32FEB1FF2FD632F206EE6732D3DDFFB919A8B57,IMPHASH=86F149434A29395B191F332223EFCBD7","Image":"C:\\Program Files (x86)\\Microsoft\\Edge\\Application\\msedge.exe","IntegrityLevel":"Medium","Keywords":"None","LogName":"Microsoft-Windows-Sysmon/Operational","LogonGuid":"{3f87e246-b6bf-6a8f-1c76-4c0000000000}","LogonId":"0x4C761C","Message":"Process Create:\r\nRuleName: -\r\nUtcTime: 2026-08-27 04:04:20.827\r\nProcessGuid: {3f87e246-b744-6a8f-e403-000000001600}\r\nProcessId: 432\r\nImage: C:\\Program Files (x86)\\Microsoft\\Edge\\Application\\msedge.exe\r\nFileVersion: 150.0.4078.83\r\nDescription: Microsoft Edge\r\nProduct: Microsoft Edge\r\nCompany: Microsoft Corporation\r\nOriginalFileName: msedge.exe\r\nCommandLine: \"C:\\Program Files (x86)\\Microsoft\\Edge\\Application\\msedge.exe\" --type=gpu-process --disable-gpu-sandbox --use-gl=disabled --gpu-vendor-id=5140 --gpu-device-id=140 --gpu-sub-system-id=0 --gpu-revision=0 --gpu-driver-version=10.0.19041.3636 --gpu-preferences=UAAAAAAAAADoAAAEAAAAAAAAAAAAAGAAOAAAAAAAAAABAAAAAAAAAAAAAAAAAAAAQgAAAAAAAAAAAAAAAAAAABgAAAAAAAAAGAAAAAAAAAAIAAAAAAAAAAgAAAAAAAAACAAAAAAAAAA= --ram-no-pressure-read-main-dll --metrics-shmem-handle=5364,i,16108408254008154028,16855830071048747453,262144 --field-trial-handle=2388,i,5400736327197714738,335574812556295080,262144 --variations-seed-version --pseudonymization-salt-handle=2392,i,936120937100423643,14611091321473090956,4 --trace-process-track-uuid=3190708992871164437 --mojo-platform-channel-handle=5272 /prefetch:8\r\nCurrentDirectory: C:\\Program Files (x86)\\Microsoft\\Edge\\Application\\150.0.4078.83\\\r\nUser: miacsdomain\\user-01\r\nLogonGuid: {3f87e246-b6bf-6a8f-1c76-4c0000000000}\r\nLogonId: 0x4C761C\r\nTerminalSessionId: 5\r\nIntegrityLevel: Medium\r\nHashes: MD5=00CBAD2175B6D3F745E9F851F9BA1AD9,SHA256=F13F03C60B48664B5AB5B294C32FEB1FF2FD632F206EE6732D3DDFFB919A8B57,IMPHASH=86F149434A29395B191F332223EFCBD7\r\nParentProcessGuid: {3f87e246-b6cc-6a8f-bd03-000000001600}\r\nParentProcessId: 5136\r\nParentImage: C:\\Program Files (x86)\\Microsoft\\Edge\\Application\\msedge.exe\r\nParentCommandLine: \"C:\\Program Files (x86)\\Microsoft\\Edge\\Application\\msedge.exe\" --no-startup-window --win-session-start\r\nParentUser: miacsdomain\\user-01","OpCode":"Info","OriginalFileName":"msedge.exe","ParentCommandLine":"\"C:\\Program Files (x86)\\Microsoft\\Edge\\Application\\msedge.exe\" --no-startup-window --win-session-start","ParentImage":"C:\\Program Files (x86)\\Microsoft\\Edge\\Application\\msedge.exe","ParentProcessGuid":"{3f87e246-b6cc-6a8f-bd03-000000001600}","ParentProcessId":"5136","ParentUser":"miacsdomain\\user-01","ProcessGuid":"{3f87e246-b744-6a8f-e403-000000001600}","ProcessId":"432","Product":"Microsoft Edge","RecordNumber":"33170","RuleName":"-","Sid":"S-1-5-18","SidType":"0","SourceName":"Microsoft-Windows-Sysmon","TaskCategory":"Process Create (rule: ProcessCreate)","TerminalSessionId":"5","Type":"Information","User":["NOT_TRANSLATED","miacsdomain\\user-01"],"UtcTime":"2026-08-27 04:04:20.827","_raw":"08/27/2026 06:04:20.829 AM\nLogName=Microsoft-Windows-Sysmon/Operational\nEventCode=1\nEventType=4\nComputerName=Win-10.miacsdomain.com\nUser=NOT_TRANSLATED\nSid=S-1-5-18\nSidType=0\nSourceName=Microsoft-Windows-Sysmon\nType=Information\nRecordNumber=33170\nKeywords=None\nTaskCategory=Process Create (rule: ProcessCreate)\nOpCode=Info\nMessage=Process Create:\r\nRuleName: -\r\nUtcTime: 2026-08-27 04:04:20.827\r\nProcessGuid: {3f87e246-b744-6a8f-e403-000000001600}\r\nProcessId: 432\r\nImage: C:\\Program Files (x86)\\Microsoft\\Edge\\Application\\msedge.exe\r\nFileVersion: 150.0.4078.83\r\nDescription: Microsoft Edge\r\nProduct: Microsoft Edge\r\nCompany: Microsoft Corporation\r\nOriginalFileName: msedge.exe\r\nCommandLine: \"C:\\Program Files (x86)\\Microsoft\\Edge\\Application\\msedge.exe\" --type=gpu-process --disable-gpu-sandbox --use-gl=disabled --gpu-vendor-id=5140 --gpu-device-id=140 --gpu-sub-system-id=0 --gpu-revision=0 --gpu-driver-version=10.0.19041.3636 --gpu-preferences=UAAAAAAAAADoAAAEAAAAAAAAAAAAAGAAOAAAAAAAAAABAAAAAAAAAAAAAAAAAAAAQgAAAAAAAAAAAAAAAAAAABgAAAAAAAAAGAAAAAAAAAAIAAAAAAAAAAgAAAAAAAAACAAAAAAAAAA= --ram-no-pressure-read-main-dll --metrics-shmem-handle=5364,i,16108408254008154028,16855830071048747453,262144 --field-trial-handle=2388,i,5400736327197714738,335574812556295080,262144 --variations-seed-version --pseudonymization-salt-handle=2392,i,936120937100423643,14611091321473090956,4 --trace-process-track-uuid=3190708992871164437 --mojo-platform-channel-handle=5272 /prefetch:8\r\nCurrentDirectory: C:\\Program Files (x86)\\Microsoft\\Edge\\Application\\150.0.4078.83\\\r\nUser: miacsdomain\\user-01\r\nLogonGuid: {3f87e246-b6bf-6a8f-1c76-4c0000000000}\r\nLogonId: 0x4C761C\r\nTerminalSessionId: 5\r\nIntegrityLevel: Medium\r\nHashes: MD5=00CBAD2175B6D3F745E9F851F9BA1AD9,SHA256=F13F03C60B48664B5AB5B294C32FEB1FF2FD632F206EE6732D3DDFFB919A8B57,IMPHASH=86F149434A29395B191F332223EFCBD7\r\nParentProcessGuid: {3f87e246-b6cc-6a8f-bd03-000000001600}\r\nParentProcessId: 5136\r\nParentImage: C:\\Program Files (x86)\\Microsoft\\Edge\\Application\\msedge.exe\r\nParentCommandLine: \"C:\\Program Files (x86)\\Microsoft\\Edge\\Application\\msedge.exe\" --no-startup-window --win-session-start\r\nParentUser: miacsdomain\\user-01","_time":"2026-08-27T06:04:20.829+0200","host":"Win-10","index":"main","linecount":"38","punct":"//_::._=--/===-..==---==--====__(:_)==_:\\r:_-\\r:_--_","source":"WinEventLog:Microsoft-Windows-Sysmon/Operational","sourcetype":"WinEventLog:Microsoft-Windows-Sysmon/Operational","splunk_server":"splunk-virtual-machine"}}
{"preview":false,"result":{"ComputerName":"Win-10.miacsdomain.com","EventCode":"4103","EventType":"4","Keywords":"None","LogName":"Microsoft-Windows-PowerShell/Operational","Message":"CommandInvocation(Set-StrictMode): \"Set-StrictMode\"\r\nParameterBinding(Set-StrictMode): name=\"Off\"; value=\"True\"\r\n\r\n\r\nContext:\r\n        Severity = Informational\r\n        Host Name = ConsoleHost\r\n        Host Version = 5.1.19041.3803\r\n        Host ID = 8f693702-2541-4680-83a6-daf8bc4a60d2\r\n        Host Application = C:\\Windows\\System32\\WindowsPowerShell\\v1.0\\powershell.exe\r\n        Engine Version = 5.1.19041.3803\r\n        Runspace ID = 5fba7f50-ac8b-435e-927c-715d2c2d9aa6\r\n        Pipeline ID = 27\r\n        Command Name = Set-StrictMode\r\n        Command Type = Cmdlet\r\n        Script Name = C:\\Program Files\\WindowsPowerShell\\Modules\\PSReadline\\2.0.0\\PSReadLine.psm1\r\n        Command Path = \r\n        Sequence Number = 44\r\n        User = miacsdomain\\user-01\r\n        Connected User = \r\n        Shell ID = Microsoft.PowerShell\r\n\r\n\r\nUser Data:","OpCode":"To be used when operation is just executing a method","ParameterBinding_Set_StrictMode_":"name=\"Off\"; value=\"True\"","RecordNumber":"14610","Sid":"S-1-5-21-246749117-2054088174-1189330396-1105","SidType":"0","SourceName":"Microsoft-Windows-PowerShell","TaskCategory":"Executing Pipeline","Type":"Information","User":"NOT_TRANSLATED","_raw":"08/27/2026 06:04:08.478 AM\nLogName=Microsoft-Windows-PowerShell/Operational\nEventCode=4103\nEventType=4\nComputerName=Win-10.miacsdomain.com\nUser=NOT_TRANSLATED\nSid=S-1-5-21-246749117-2054088174-1189330396-1105\nSidType=0\nSourceName=Microsoft-Windows-PowerShell\nType=Information\nRecordNumber=14610\nKeywords=None\nTaskCategory=Executing Pipeline\nOpCode=To be used when operation is just executing a method\nMessage=CommandInvocation(Set-StrictMode): \"Set-StrictMode\"\r\nParameterBinding(Set-StrictMode): name=\"Off\"; value=\"True\"\r\n\r\n\r\nContext:\r\n        Severity = Informational\r\n        Host Name = ConsoleHost\r\n        Host Version = 5.1.19041.3803\r\n        Host ID = 8f693702-2541-4680-83a6-daf8bc4a60d2\r\n        Host Application = C:\\Windows\\System32\\WindowsPowerShell\\v1.0\\powershell.exe\r\n        Engine Version = 5.1.19041.3803\r\n        Runspace ID = 5fba7f50-ac8b-435e-927c-715d2c2d9aa6\r\n        Pipeline ID = 27\r\n        Command Name = Set-StrictMode\r\n        Command Type = Cmdlet\r\n        Script Name = C:\\Program Files\\WindowsPowerShell\\Modules\\PSReadline\\2.0.0\\PSReadLine.psm1\r\n        Command Path = \r\n        Sequence Number = 44\r\n        User = miacsdomain\\user-01\r\n        Connected User = \r\n        Shell ID = Microsoft.PowerShell\r\n\r\n\r\nUser Data:","_time":"2026-08-27T06:04:08.478+0200","host":"Win-10","index":"main","linecount":"38","punct":"//_::._=--/===-..==-------==--====_=_________=(-):","source":"WinEventLog:Microsoft-Windows-PowerShell/Operational","sourcetype":"WinEventLog:Microsoft-Windows-PowerShell/Operational","splunk_server":"splunk-virtual-machine"}}
{"preview":false,"result":{"ComputerName":"Win-10.miacsdomain.com","EventCode":"4104","EventType":"5","Keywords":"None","LogName":"Microsoft-Windows-PowerShell/Operational","Message":"Creating Scriptblock text (1 of 1):\r\nprompt\r\n\r\nScriptBlock ID: 6201604e-5783-4856-bd4e-7ca306b1c023\r\nPath:","OpCode":"On create calls","RecordNumber":"14609","ScriptBlock_ID":"6201604e-5783-4856-bd4e-7ca306b1c023","Sid":"S-1-5-21-246749117-2054088174-1189330396-1105","SidType":"0","SourceName":"Microsoft-Windows-PowerShell","TaskCategory":"Execute a Remote Command","Type":"Verbose","User":"NOT_TRANSLATED","_raw":"08/27/2026 06:04:08.478 AM\nLogName=Microsoft-Windows-PowerShell/Operational\nEventCode=4104\nEventType=5\nComputerName=Win-10.miacsdomain.com\nUser=NOT_TRANSLATED\nSid=S-1-5-21-246749117-2054088174-1189330396-1105\nSidType=0\nSourceName=Microsoft-Windows-PowerShell\nType=Verbose\nRecordNumber=14609\nKeywords=None\nTaskCategory=Execute a Remote Command\nOpCode=On create calls\nMessage=Creating Scriptblock text (1 of 1):\r\nprompt\r\n\r\nScriptBlock ID: 6201604e-5783-4856-bd4e-7ca306b1c023\r\nPath:","_time":"2026-08-27T06:04:08.478+0200","host":"Win-10","index":"main","linecount":"19","punct":"//_::._=--/===-..==-------==--====___=__=___(__):\\r","source":"WinEventLog:Microsoft-Windows-PowerShell/Operational","sourcetype":"WinEventLog:Microsoft-Windows-PowerShell/Operational","splunk_server":"splunk-virtual-machine"}}
{"preview":false,"result":{"ComputerName":"Win-10.miacsdomain.com","EventCode":"4103","EventType":"4","Keywords":"None","LogName":"Microsoft-Windows-PowerShell/Operational","Message":"CommandInvocation(Out-Default): \"Out-Default\"\r\n\r\n\r\nContext:\r\n        Severity = Informational\r\n        Host Name = ConsoleHost\r\n        Host Version = 5.1.19041.3803\r\n        Host ID = 8f693702-2541-4680-83a6-daf8bc4a60d2\r\n        Host Application = C:\\Windows\\System32\\WindowsPowerShell\\v1.0\\powershell.exe\r\n        Engine Version = 5.1.19041.3803\r\n        Runspace ID = 5fba7f50-ac8b-435e-927c-715d2c2d9aa6\r\n        Pipeline ID = 25\r\n        Command Name = \r\n        Command Type = Script\r\n        Script Name = \r\n        Command Path = \r\n        Sequence Number = 42\r\n        User = miacsdomain\\user-01\r\n        Connected User = \r\n        Shell ID = Microsoft.PowerShell\r\n\r\n\r\nUser Data:","OpCode":"To be used when operation is just executing a method","RecordNumber":"14608","Sid":"S-1-5-21-246749117-2054088174-1189330396-1105","SidType":"0","SourceName":"Microsoft-Windows-PowerShell","TaskCategory":"Executing Pipeline","Type":"Information","User":"NOT_TRANSLATED","_raw":"08/27/2026 06:04:08.477 AM\nLogName=Microsoft-Windows-PowerShell/Operational\nEventCode=4103\nEventType=4\nComputerName=Win-10.miacsdomain.com\nUser=NOT_TRANSLATED\nSid=S-1-5-21-246749117-2054088174-1189330396-1105\nSidType=0\nSourceName=Microsoft-Windows-PowerShell\nType=Information\nRecordNumber=14608\nKeywords=None\nTaskCategory=Executing Pipeline\nOpCode=To be used when operation is just executing a method\nMessage=CommandInvocation(Out-Default): \"Out-Default\"\r\n\r\n\r\nContext:\r\n        Severity = Informational\r\n        Host Name = ConsoleHost\r\n        Host Version = 5.1.19041.3803\r\n        Host ID = 8f693702-2541-4680-83a6-daf8bc4a60d2\r\n        Host Application = C:\\Windows\\System32\\WindowsPowerShell\\v1.0\\powershell.exe\r\n        Engine Version = 5.1.19041.3803\r\n        Runspace ID = 5fba7f50-ac8b-435e-927c-715d2c2d9aa6\r\n        Pipeline ID = 25\r\n        Command Name = \r\n        Command Type = Script\r\n        Script Name = \r\n        Command Path = \r\n        Sequence Number = 42\r\n        User = miacsdomain\\user-01\r\n        Connected User = \r\n        Shell ID = Microsoft.PowerShell\r\n\r\n\r\nUser Data:","_time":"2026-08-27T06:04:08.477+0200","host":"Win-10","index":"main","linecount":"37","punct":"//_::._=--/===-..==-------==--====_=_________=(-):","source":"WinEventLog:Microsoft-Windows-PowerShell/Operational","sourcetype":"WinEventLog:Microsoft-Windows-PowerShell/Operational","splunk_server":"splunk-virtual-machine"}}
{"preview":false,"result":{"Archived":"true","ComputerName":"Win-10.miacsdomain.com","EventCode":"23","EventType":"4","Hashes":"MD5=4DA45603EA3B89228A08F161A86A0A82,SHA256=63BA41CC7DFF0DE17E433A46B6D159FFAF5D1388441ED71E6219E1A543580DE1,IMPHASH=00000000000000000000000000000000","Image":"C:\\Windows\\System32\\WindowsPowerShell\\v1.0\\powershell.exe","IsExecutable":"false","Keywords":"None","LogName":"Microsoft-Windows-Sysmon/Operational","Message":"File Delete archived:\r\nRuleName: -\r\nUtcTime: 2026-08-27 04:04:08.466\r\nProcessGuid: {3f87e246-b738-6a8f-dd03-000000001600}\r\nProcessId: 2840\r\nUser: miacsdomain\\user-01\r\nImage: C:\\Windows\\System32\\WindowsPowerShell\\v1.0\\powershell.exe\r\nTargetFilename: C:\\Users\\user-01\\AppData\\Local\\Microsoft\\Windows\\PowerShell\\StartupProfileData-NonInteractive\r\nHashes: MD5=4DA45603EA3B89228A08F161A86A0A82,SHA256=63BA41CC7DFF0DE17E433A46B6D159FFAF5D1388441ED71E6219E1A543580DE1,IMPHASH=00000000000000000000000000000000\r\nIsExecutable: false\r\nArchived: true","OpCode":"Info","ProcessGuid":"{3f87e246-b738-6a8f-dd03-000000001600}","ProcessId":"2840","RecordNumber":"33166","RuleName":"-","Sid":"S-1-5-18","SidType":"0","SourceName":"Microsoft-Windows-Sysmon","TargetFilename":"C:\\Users\\user-01\\AppData\\Local\\Microsoft\\Windows\\PowerShell\\StartupProfileData-NonInteractive","TaskCategory":"File Delete archived (rule: FileDelete)","Type":"Information","User":["NOT_TRANSLATED","miacsdomain\\user-01"],"UtcTime":"2026-08-27 04:04:08.466","_raw":"08/27/2026 06:04:08.468 AM\nLogName=Microsoft-Windows-Sysmon/Operational\nEventCode=23\nEventType=4\nComputerName=Win-10.miacsdomain.com\nUser=NOT_TRANSLATED\nSid=S-1-5-18\nSidType=0\nSourceName=Microsoft-Windows-Sysmon\nType=Information\nRecordNumber=33166\nKeywords=None\nTaskCategory=File Delete archived (rule: FileDelete)\nOpCode=Info\nMessage=File Delete archived:\r\nRuleName: -\r\nUtcTime: 2026-08-27 04:04:08.466\r\nProcessGuid: {3f87e246-b738-6a8f-dd03-000000001600}\r\nProcessId: 2840\r\nUser: miacsdomain\\user-01\r\nImage: C:\\Windows\\System32\\WindowsPowerShell\\v1.0\\powershell.exe\r\nTargetFilename: C:\\Users\\user-01\\AppData\\Local\\Microsoft\\Windows\\PowerShell\\StartupProfileData-NonInteractive\r\nHashes: MD5=4DA45603EA3B89228A08F161A86A0A82,SHA256=63BA41CC7DFF0DE17E433A46B6D159FFAF5D1388441ED71E6219E1A543580DE1,IMPHASH=00000000000000000000000000000000\r\nIsExecutable: false\r\nArchived: true","_time":"2026-08-27T06:04:08.468+0200","host":"Win-10","index":"main","linecount":"25","punct":"//_::._=--/===-..==---==--====___(:_)==__:\\r:_-\\r:_-","source":"WinEventLog:Microsoft-Windows-Sysmon/Operational","sourcetype":"WinEventLog:Microsoft-Windows-Sysmon/Operational","splunk_server":"splunk-virtual-machine"}}
{"preview":false,"result":{"ComputerName":"Win-10.miacsdomain.com","EventCode":"4104","EventType":"5","Keywords":"None","LogName":"Microsoft-Windows-PowerShell/Operational","Message":"Creating Scriptblock text (1 of 1):\r\n$global:?\r\n\r\nScriptBlock ID: 61033c21-d6b2-4703-b28e-080e88467eaa\r\nPath:","OpCode":"On create calls","RecordNumber":"14607","ScriptBlock_ID":"61033c21-d6b2-4703-b28e-080e88467eaa","Sid":"S-1-5-21-246749117-2054088174-1189330396-1105","SidType":"0","SourceName":"Microsoft-Windows-PowerShell","TaskCategory":"Execute a Remote Command","Type":"Verbose","User":"NOT_TRANSLATED","_raw":"08/27/2026 06:04:08.465 AM\nLogName=Microsoft-Windows-PowerShell/Operational\nEventCode=4104\nEventType=5\nComputerName=Win-10.miacsdomain.com\nUser=NOT_TRANSLATED\nSid=S-1-5-21-246749117-2054088174-1189330396-1105\nSidType=0\nSourceName=Microsoft-Windows-PowerShell\nType=Verbose\nRecordNumber=14607\nKeywords=None\nTaskCategory=Execute a Remote Command\nOpCode=On create calls\nMessage=Creating Scriptblock text (1 of 1):\r\n$global:?\r\n\r\nScriptBlock ID: 61033c21-d6b2-4703-b28e-080e88467eaa\r\nPath:","_time":"2026-08-27T06:04:08.465+0200","host":"Win-10","index":"main","linecount":"19","punct":"//_::._=--/===-..==-------==--====___=__=___(__):\\r","source":"WinEventLog:Microsoft-Windows-PowerShell/Operational","sourcetype":"WinEventLog:Microsoft-Windows-PowerShell/Operational","splunk_server":"splunk-virtual-machine"}}
{"preview":false,"result":{"CommandInvocation_Out_Default_":"\"Out-Default\"","ComputerName":"Win-10.miacsdomain.com","EventCode":"4103","EventType":"4","Keywords":"None","LogName":"Microsoft-Windows-PowerShell/Operational","Message":"CommandInvocation(tool.ps1): \"tool.ps1\"\r\nCommandInvocation(Out-Default): \"Out-Default\"\r\nParameterBinding(Out-Default): name=\"InputObject\"; value=\"System.Diagnostics.Process (ApplicationFrameHost)\"\r\nParameterBinding(Out-Default): name=\"InputObject\"; value=\"System.Diagnostics.Process (conhost)\"\r\nParameterBinding(Out-Default): name=\"InputObject\"; value=\"System.Diagnostics.Process (conhost)\"\r\nParameterBinding(Out-Default): name=\"InputObject\"; value=\"System.Diagnostics.Process (csrss)\"\r\nParameterBinding(Out-Default): name=\"InputObject\"; value=\"System.Diagnostics.Process (csrss)\"\r\nParameterBinding(Out-Default): name=\"InputObject\"; value=\"System.Diagnostics.Process (ctfmon)\"\r\nParameterBinding(Out-Default): name=\"InputObject\"; value=\"System.Diagnostics.Process (dllhost)\"\r\nParameterBinding(Out-Default): name=\"InputObject\"; value=\"System.Diagnostics.Process (dllhost)\"\r\nParameterBinding(Out-Default): name=\"InputObject\"; value=\"System.Diagnostics.Process (dwm)\"\r\nParameterBinding(Out-Default): name=\"InputObject\"; value=\"System.Diagnostics.Process (explorer)\"\r\n\r\n\r\nContext:\r\n        Severity = Informational\r\n        Host Name = ConsoleHost\r\n        Host Version = 5.1.19041.3803\r\n        Host ID = 2a1797fc-7031-4379-ad5c-6e9144dbd7ac\r\n        Host Application = C:\\Windows\\System32\\WindowsPowerShell\\v1.0\\powershell.exe -ep bypass -file C:\\Users\\user-01\\AppData\\Local\\Temp\\tool.ps1\r\n        Engine Version = 5.1.19041.3803\r\n        Runspace ID = d1d5498d-55ee-4b93-8b5f-3dda0233db06\r\n        Pipeline ID = 1\r\n        Command Name = tool.ps1\r\n        Command Type = ExternalScript\r\n        Script Name = \r\n        Command Path = C:\\Users\\user-01\\AppData\\Local\\Temp\\tool.ps1\r\n        Sequence Number = 19\r\n        User = miacsdomain\\user-01\r\n        Connected User = \r\n        Shell ID = Microsoft.PowerShell\r\n\r\n\r\nUser Data:","OpCode":"To be used when operation is just executing a method","ParameterBinding_Out_Default_":["name=\"InputObject\"; value=\"System.Diagnostics.Process (ApplicationFrameHost)\"","name=\"InputObject\"; value=\"System.Diagnostics.Process (conhost)\"","name=\"InputObject\"; value=\"System.Diagnostics.Process (conhost)\"","name=\"InputObject\"; value=\"System.Diagnostics.Process (csrss)\"","name=\"InputObject\"; value=\"System.Diagnostics.Process (csrss)\"","name=\"InputObject\"; value=\"System.Diagnostics.Process (ctfmon)\"","name=\"InputObject\"; value=\"System.Diagnostics.Process (dllhost)\"","name=\"InputObject\"; value=\"System.Diagnostics.Process (dllhost)\"","name=\"InputObject\"; value=\"System.Diagnostics.Process (dwm)\"","name=\"InputObject\"; value=\"System.Diagnostics.Process (explorer)\""],"RecordNumber":"14606","Sid":"S-1-5-21-246749117-2054088174-1189330396-1105","SidType":"0","SourceName":"Microsoft-Windows-PowerShell","TaskCategory":"Executing Pipeline","Type":"Information","User":"NOT_TRANSLATED","_raw":"08/27/2026 06:04:08.465 AM\nLogName=Microsoft-Windows-PowerShell/Operational\nEventCode=4103\nEventType=4\nComputerName=Win-10.miacsdomain.com\nUser=NOT_TRANSLATED\nSid=S-1-5-21-246749117-2054088174-1189330396-1105\nSidType=0\nSourceName=Microsoft-Windows-PowerShell\nType=Information\nRecordNumber=14606\nKeywords=None\nTaskCategory=Executing Pipeline\nOpCode=To be used when operation is just executing a method\nMessage=CommandInvocation(tool.ps1): \"tool.ps1\"\r\nCommandInvocation(Out-Default): \"Out-Default\"\r\nParameterBinding(Out-Default): name=\"InputObject\"; value=\"System.Diagnostics.Process (ApplicationFrameHost)\"\r\nParameterBinding(Out-Default): name=\"InputObject\"; value=\"System.Diagnostics.Process (conhost)\"\r\nParameterBinding(Out-Default): name=\"InputObject\"; value=\"System.Diagnostics.Process (conhost)\"\r\nParameterBinding(Out-Default): name=\"InputObject\"; value=\"System.Diagnostics.Process (csrss)\"\r\nParameterBinding(Out-Default): name=\"InputObject\"; value=\"System.Diagnostics.Process (csrss)\"\r\nParameterBinding(Out-Default): name=\"InputObject\"; value=\"System.Diagnostics.Process (ctfmon)\"\r\nParameterBinding(Out-Default): name=\"InputObject\"; value=\"System.Diagnostics.Process (dllhost)\"\r\nParameterBinding(Out-Default): name=\"InputObject\"; value=\"System.Diagnostics.Process (dllhost)\"\r\nParameterBinding(Out-Default): name=\"InputObject\"; value=\"System.Diagnostics.Process (dwm)\"\r\nParameterBinding(Out-Default): name=\"InputObject\"; value=\"System.Diagnostics.Process (explorer)\"\r\n\r\n\r\nContext:\r\n        Severity = Informational\r\n        Host Name = ConsoleHost\r\n        Host Version = 5.1.19041.3803\r\n        Host ID = 2a1797fc-7031-4379-ad5c-6e9144dbd7ac\r\n        Host Application = C:\\Windows\\System32\\WindowsPowerShell\\v1.0\\powershell.exe -ep bypass -file C:\\Users\\user-01\\AppData\\Local\\Temp\\tool.ps1\r\n        Engine Version = 5.1.19041.3803\r\n        Runspace ID = d1d5498d-55ee-4b93-8b5f-3dda0233db06\r\n        Pipeline ID = 1\r\n        Command Name = tool.ps1\r\n        Command Type = ExternalScript\r\n        Script Name = \r\n        Command Path = C:\\Users\\user-01\\AppData\\Local\\Temp\\tool.ps1\r\n        Sequence Number = 19\r\n        User = miacsdomain\\user-01\r\n        Connected User = \r\n        Shell ID = Microsoft.PowerShell\r\n\r\n\r\nUser Data:","_time":"2026-08-27T06:04:08.465+0200","host":"Win-10","index":"main","linecount":"48","punct":"//_::._=--/===-..==-------==--====_=_________=(.):","source":"WinEventLog:Microsoft-Windows-PowerShell/Operational","sourcetype":"WinEventLog:Microsoft-Windows-PowerShell/Operational","splunk_server":"splunk-virtual-machine"}}
{"preview":false,"result":{"CommandInvocation_Select_Object_":"\"Select-Object\"","ComputerName":"Win-10.miacsdomain.com","EventCode":"4103","EventType":"4","Keywords":"None","LogName":"Microsoft-Windows-PowerShell/Operational","Message":"CommandInvocation(Get-Process): \"Get-Process\"\r\nCommandInvocation(Select-Object): \"Select-Object\"\r\nParameterBinding(Select-Object): name=\"First\"; value=\"10\"\r\nParameterBinding(Select-Object): name=\"InputObject\"; value=\"System.Diagnostics.Process (ApplicationFrameHost)\"\r\nParameterBinding(Select-Object): name=\"InputObject\"; value=\"System.Diagnostics.Process (conhost)\"\r\nParameterBinding(Select-Object): name=\"InputObject\"; value=\"System.Diagnostics.Process (conhost)\"\r\nParameterBinding(Select-Object): name=\"InputObject\"; value=\"System.Diagnostics.Process (csrss)\"\r\nParameterBinding(Select-Object): name=\"InputObject\"; value=\"System.Diagnostics.Process (csrss)\"\r\nParameterBinding(Select-Object): name=\"InputObject\"; value=\"System.Diagnostics.Process (ctfmon)\"\r\nParameterBinding(Select-Object): name=\"InputObject\"; value=\"System.Diagnostics.Process (dllhost)\"\r\nParameterBinding(Select-Object): name=\"InputObject\"; value=\"System.Diagnostics.Process (dllhost)\"\r\nParameterBinding(Select-Object): name=\"InputObject\"; value=\"System.Diagnostics.Process (dwm)\"\r\nParameterBinding(Select-Object): name=\"InputObject\"; value=\"System.Diagnostics.Process (explorer)\"\r\n\r\n\r\nContext:\r\n        Severity = Informational\r\n        Host Name = ConsoleHost\r\n        Host Version = 5.1.19041.3803\r\n        Host ID = 2a1797fc-7031-4379-ad5c-6e9144dbd7ac\r\n        Host Application = C:\\Windows\\System32\\WindowsPowerShell\\v1.0\\powershell.exe -ep bypass -file C:\\Users\\user-01\\AppData\\Local\\Temp\\tool.ps1\r\n        Engine Version = 5.1.19041.3803\r\n        Runspace ID = d1d5498d-55ee-4b93-8b5f-3dda0233db06\r\n        Pipeline ID = 1\r\n        Command Name = Get-Process\r\n        Command Type = Cmdlet\r\n        Script Name = C:\\Users\\user-01\\AppData\\Local\\Temp\\tool.ps1\r\n        Command Path = \r\n        Sequence Number = 17\r\n        User = miacsdomain\\user-01\r\n        Connected User = \r\n        Shell ID = Microsoft.PowerShell\r\n\r\n\r\nUser Data:","OpCode":"To be used when operation is just executing a method","ParameterBinding_Select_Object_":["name=\"First\"; value=\"10\"","name=\"InputObject\"; value=\"System.Diagnostics.Process (ApplicationFrameHost)\"","name=\"InputObject\"; value=\"System.Diagnostics.Process (conhost)\"","name=\"InputObject\"; value=\"System.Diagnostics.Process (conhost)\"","name=\"InputObject\"; value=\"System.Diagnostics.Process (csrss)\"","name=\"InputObject\"; value=\"System.Diagnostics.Process (csrss)\"","name=\"InputObject\"; value=\"System.Diagnostics.Process (ctfmon)\"","name=\"InputObject\"; value=\"System.Diagnostics.Process (dllhost)\"","name=\"InputObject\"; value=\"System.Diagnostics.Process (dllhost)\"","name=\"InputObject\"; value=\"System.Diagnostics.Process (dwm)\"","name=\"InputObject\"; value=\"System.Diagnostics.Process (explorer)\""],"RecordNumber":"14605","Sid":"S-1-5-21-246749117-2054088174-1189330396-1105","SidType":"0","SourceName":"Microsoft-Windows-PowerShell","TaskCategory":"Executing Pipeline","Type":"Information","User":"NOT_TRANSLATED","_raw":"08/27/2026 06:04:08.464 AM\nLogName=Microsoft-Windows-PowerShell/Operational\nEventCode=4103\nEventType=4\nComputerName=Win-10.miacsdomain.com\nUser=NOT_TRANSLATED\nSid=S-1-5-21-246749117-2054088174-1189330396-1105\nSidType=0\nSourceName=Microsoft-Windows-PowerShell\nType=Information\nRecordNumber=14605\nKeywords=None\nTaskCategory=Executing Pipeline\nOpCode=To be used when operation is just executing a method\nMessage=CommandInvocation(Get-Process): \"Get-Process\"\r\nCommandInvocation(Select-Object): \"Select-Object\"\r\nParameterBinding(Select-Object): name=\"First\"; value=\"10\"\r\nParameterBinding(Select-Object): name=\"InputObject\"; value=\"System.Diagnostics.Process (ApplicationFrameHost)\"\r\nParameterBinding(Select-Object): name=\"InputObject\"; value=\"System.Diagnostics.Process (conhost)\"\r\nParameterBinding(Select-Object): name=\"InputObject\"; value=\"System.Diagnostics.Process (conhost)\"\r\nParameterBinding(Select-Object): name=\"InputObject\"; value=\"System.Diagnostics.Process (csrss)\"\r\nParameterBinding(Select-Object): name=\"InputObject\"; value=\"System.Diagnostics.Process (csrss)\"\r\nParameterBinding(Select-Object): name=\"InputObject\"; value=\"System.Diagnostics.Process (ctfmon)\"\r\nParameterBinding(Select-Object): name=\"InputObject\"; value=\"System.Diagnostics.Process (dllhost)\"\r\nParameterBinding(Select-Object): name=\"InputObject\"; value=\"System.Diagnostics.Process (dllhost)\"\r\nParameterBinding(Select-Object): name=\"InputObject\"; value=\"System.Diagnostics.Process (dwm)\"\r\nParameterBinding(Select-Object): name=\"InputObject\"; value=\"System.Diagnostics.Process (explorer)\"\r\n\r\n\r\nContext:\r\n        Severity = Informational\r\n        Host Name = ConsoleHost\r\n        Host Version = 5.1.19041.3803\r\n        Host ID = 2a1797fc-7031-4379-ad5c-6e9144dbd7ac\r\n        Host Application = C:\\Windows\\System32\\WindowsPowerShell\\v1.0\\powershell.exe -ep bypass -file C:\\Users\\user-01\\AppData\\Local\\Temp\\tool.ps1\r\n        Engine Version = 5.1.19041.3803\r\n        Runspace ID = d1d5498d-55ee-4b93-8b5f-3dda0233db06\r\n        Pipeline ID = 1\r\n        Command Name = Get-Process\r\n        Command Type = Cmdlet\r\n        Script Name = C:\\Users\\user-01\\AppData\\Local\\Temp\\tool.ps1\r\n        Command Path = \r\n        Sequence Number = 17\r\n        User = miacsdomain\\user-01\r\n        Connected User = \r\n        Shell ID = Microsoft.PowerShell\r\n\r\n\r\nUser Data:","_time":"2026-08-27T06:04:08.464+0200","host":"Win-10","index":"main","linecount":"49","punct":"//_::._=--/===-..==-------==--====_=_________=(-):","source":"WinEventLog:Microsoft-Windows-PowerShell/Operational","sourcetype":"WinEventLog:Microsoft-Windows-PowerShell/Operational","splunk_server":"splunk-virtual-machine"}}
