{"preview":false,"result":{"ComputerName":"Win-10.miacsdomain.com","Details":"C:\\Windows\\system32\\svchost.exe -k ClipboardSvcGroup -p","EventCode":"13","EventType":["4","SetValue"],"Image":"C:\\Windows\\system32\\services.exe","Keywords":"None","LogName":"Microsoft-Windows-Sysmon/Operational","Message":"Registry value set:\r\nRuleName: T1031,T1050\r\nEventType: SetValue\r\nUtcTime: 2026-08-27 04:02:08.122\r\nProcessGuid: {3f87e246-a659-6a8f-0b00-000000001600}\r\nProcessId: 608\r\nImage: C:\\Windows\\system32\\services.exe\r\nTargetObject: HKLM\\System\\CurrentControlSet\\Services\\cbdhsvc_4ca3e0\\ImagePath\r\nDetails: C:\\Windows\\system32\\svchost.exe -k ClipboardSvcGroup -p\r\nUser: NT AUTHORITY\\SYSTEM","OpCode":"Info","ProcessGuid":"{3f87e246-a659-6a8f-0b00-000000001600}","ProcessId":"608","RecordNumber":"32959","RuleName":"T1031,T1050","Sid":"S-1-5-18","SidType":"0","SourceName":"Microsoft-Windows-Sysmon","TargetObject":"HKLM\\System\\CurrentControlSet\\Services\\cbdhsvc_4ca3e0\\ImagePath","TaskCategory":"Registry value set (rule: RegistryEvent)","Type":"Information","User":["NOT_TRANSLATED","NT AUTHORITY\\SYSTEM"],"UtcTime":"2026-08-27 04:02:08.122","_raw":"08/27/2026 06:02:08.132 AM\nLogName=Microsoft-Windows-Sysmon/Operational\nEventCode=13\nEventType=4\nComputerName=Win-10.miacsdomain.com\nUser=NOT_TRANSLATED\nSid=S-1-5-18\nSidType=0\nSourceName=Microsoft-Windows-Sysmon\nType=Information\nRecordNumber=32959\nKeywords=None\nTaskCategory=Registry value set (rule: RegistryEvent)\nOpCode=Info\nMessage=Registry value set:\r\nRuleName: T1031,T1050\r\nEventType: SetValue\r\nUtcTime: 2026-08-27 04:02:08.122\r\nProcessGuid: {3f87e246-a659-6a8f-0b00-000000001600}\r\nProcessId: 608\r\nImage: C:\\Windows\\system32\\services.exe\r\nTargetObject: HKLM\\System\\CurrentControlSet\\Services\\cbdhsvc_4ca3e0\\ImagePath\r\nDetails: C:\\Windows\\system32\\svchost.exe -k ClipboardSvcGroup -p\r\nUser: NT AUTHORITY\\SYSTEM","_time":"2026-08-27T06:02:08.132+0200","host":"Win-10","index":"main","linecount":"24","punct":"//_::._=--/===-..==---==--====___(:_)==__:\\r:_,\\r:_\\r","source":"WinEventLog:Microsoft-Windows-Sysmon/Operational","sourcetype":"WinEventLog:Microsoft-Windows-Sysmon/Operational","splunk_server":"splunk-virtual-machine"}}
{"preview":false,"result":{"ComputerName":"Win-10.miacsdomain.com","Details":"DWORD (0x00000003)","EventCode":"13","EventType":["4","SetValue"],"Image":"C:\\Windows\\system32\\services.exe","Keywords":"None","LogName":"Microsoft-Windows-Sysmon/Operational","Message":"Registry value set:\r\nRuleName: T1031,T1050\r\nEventType: SetValue\r\nUtcTime: 2026-08-27 04:02:08.122\r\nProcessGuid: {3f87e246-a659-6a8f-0b00-000000001600}\r\nProcessId: 608\r\nImage: C:\\Windows\\system32\\services.exe\r\nTargetObject: HKLM\\System\\CurrentControlSet\\Services\\cbdhsvc_4ca3e0\\Start\r\nDetails: DWORD (0x00000003)\r\nUser: NT AUTHORITY\\SYSTEM","OpCode":"Info","ProcessGuid":"{3f87e246-a659-6a8f-0b00-000000001600}","ProcessId":"608","RecordNumber":"32958","RuleName":"T1031,T1050","Sid":"S-1-5-18","SidType":"0","SourceName":"Microsoft-Windows-Sysmon","TargetObject":"HKLM\\System\\CurrentControlSet\\Services\\cbdhsvc_4ca3e0\\Start","TaskCategory":"Registry value set (rule: RegistryEvent)","Type":"Information","User":["NOT_TRANSLATED","NT AUTHORITY\\SYSTEM"],"UtcTime":"2026-08-27 04:02:08.122","_raw":"08/27/2026 06:02:08.132 AM\nLogName=Microsoft-Windows-Sysmon/Operational\nEventCode=13\nEventType=4\nComputerName=Win-10.miacsdomain.com\nUser=NOT_TRANSLATED\nSid=S-1-5-18\nSidType=0\nSourceName=Microsoft-Windows-Sysmon\nType=Information\nRecordNumber=32958\nKeywords=None\nTaskCategory=Registry value set (rule: RegistryEvent)\nOpCode=Info\nMessage=Registry value set:\r\nRuleName: T1031,T1050\r\nEventType: SetValue\r\nUtcTime: 2026-08-27 04:02:08.122\r\nProcessGuid: {3f87e246-a659-6a8f-0b00-000000001600}\r\nProcessId: 608\r\nImage: C:\\Windows\\system32\\services.exe\r\nTargetObject: HKLM\\System\\CurrentControlSet\\Services\\cbdhsvc_4ca3e0\\Start\r\nDetails: DWORD (0x00000003)\r\nUser: NT AUTHORITY\\SYSTEM","_time":"2026-08-27T06:02:08.132+0200","host":"Win-10","index":"main","linecount":"24","punct":"//_::._=--/===-..==---==--====___(:_)==__:\\r:_,\\r:_\\r","source":"WinEventLog:Microsoft-Windows-Sysmon/Operational","sourcetype":"WinEventLog:Microsoft-Windows-Sysmon/Operational","splunk_server":"splunk-virtual-machine"}}
{"preview":false,"result":{"ComputerName":"Win-10.miacsdomain.com","Details":"C:\\Windows\\system32\\svchost.exe -k LocalService -p","EventCode":"13","EventType":["4","SetValue"],"Image":"C:\\Windows\\system32\\services.exe","Keywords":"None","LogName":"Microsoft-Windows-Sysmon/Operational","Message":"Registry value set:\r\nRuleName: T1031,T1050\r\nEventType: SetValue\r\nUtcTime: 2026-08-27 04:02:08.122\r\nProcessGuid: {3f87e246-a659-6a8f-0b00-000000001600}\r\nProcessId: 608\r\nImage: C:\\Windows\\system32\\services.exe\r\nTargetObject: HKLM\\System\\CurrentControlSet\\Services\\CaptureService_4ca3e0\\ImagePath\r\nDetails: C:\\Windows\\system32\\svchost.exe -k LocalService -p\r\nUser: NT AUTHORITY\\SYSTEM","OpCode":"Info","ProcessGuid":"{3f87e246-a659-6a8f-0b00-000000001600}","ProcessId":"608","RecordNumber":"32957","RuleName":"T1031,T1050","Sid":"S-1-5-18","SidType":"0","SourceName":"Microsoft-Windows-Sysmon","TargetObject":"HKLM\\System\\CurrentControlSet\\Services\\CaptureService_4ca3e0\\ImagePath","TaskCategory":"Registry value set (rule: RegistryEvent)","Type":"Information","User":["NOT_TRANSLATED","NT AUTHORITY\\SYSTEM"],"UtcTime":"2026-08-27 04:02:08.122","_raw":"08/27/2026 06:02:08.131 AM\nLogName=Microsoft-Windows-Sysmon/Operational\nEventCode=13\nEventType=4\nComputerName=Win-10.miacsdomain.com\nUser=NOT_TRANSLATED\nSid=S-1-5-18\nSidType=0\nSourceName=Microsoft-Windows-Sysmon\nType=Information\nRecordNumber=32957\nKeywords=None\nTaskCategory=Registry value set (rule: RegistryEvent)\nOpCode=Info\nMessage=Registry value set:\r\nRuleName: T1031,T1050\r\nEventType: SetValue\r\nUtcTime: 2026-08-27 04:02:08.122\r\nProcessGuid: {3f87e246-a659-6a8f-0b00-000000001600}\r\nProcessId: 608\r\nImage: C:\\Windows\\system32\\services.exe\r\nTargetObject: HKLM\\System\\CurrentControlSet\\Services\\CaptureService_4ca3e0\\ImagePath\r\nDetails: C:\\Windows\\system32\\svchost.exe -k LocalService -p\r\nUser: NT AUTHORITY\\SYSTEM","_time":"2026-08-27T06:02:08.131+0200","host":"Win-10","index":"main","linecount":"24","punct":"//_::._=--/===-..==---==--====___(:_)==__:\\r:_,\\r:_\\r","source":"WinEventLog:Microsoft-Windows-Sysmon/Operational","sourcetype":"WinEventLog:Microsoft-Windows-Sysmon/Operational","splunk_server":"splunk-virtual-machine"}}
{"preview":false,"result":{"ComputerName":"Win-10.miacsdomain.com","Details":"DWORD (0x00000003)","EventCode":"13","EventType":["4","SetValue"],"Image":"C:\\Windows\\system32\\services.exe","Keywords":"None","LogName":"Microsoft-Windows-Sysmon/Operational","Message":"Registry value set:\r\nRuleName: T1031,T1050\r\nEventType: SetValue\r\nUtcTime: 2026-08-27 04:02:08.122\r\nProcessGuid: {3f87e246-a659-6a8f-0b00-000000001600}\r\nProcessId: 608\r\nImage: C:\\Windows\\system32\\services.exe\r\nTargetObject: HKLM\\System\\CurrentControlSet\\Services\\CaptureService_4ca3e0\\Start\r\nDetails: DWORD (0x00000003)\r\nUser: NT AUTHORITY\\SYSTEM","OpCode":"Info","ProcessGuid":"{3f87e246-a659-6a8f-0b00-000000001600}","ProcessId":"608","RecordNumber":"32956","RuleName":"T1031,T1050","Sid":"S-1-5-18","SidType":"0","SourceName":"Microsoft-Windows-Sysmon","TargetObject":"HKLM\\System\\CurrentControlSet\\Services\\CaptureService_4ca3e0\\Start","TaskCategory":"Registry value set (rule: RegistryEvent)","Type":"Information","User":["NOT_TRANSLATED","NT AUTHORITY\\SYSTEM"],"UtcTime":"2026-08-27 04:02:08.122","_raw":"08/27/2026 06:02:08.131 AM\nLogName=Microsoft-Windows-Sysmon/Operational\nEventCode=13\nEventType=4\nComputerName=Win-10.miacsdomain.com\nUser=NOT_TRANSLATED\nSid=S-1-5-18\nSidType=0\nSourceName=Microsoft-Windows-Sysmon\nType=Information\nRecordNumber=32956\nKeywords=None\nTaskCategory=Registry value set (rule: RegistryEvent)\nOpCode=Info\nMessage=Registry value set:\r\nRuleName: T1031,T1050\r\nEventType: SetValue\r\nUtcTime: 2026-08-27 04:02:08.122\r\nProcessGuid: {3f87e246-a659-6a8f-0b00-000000001600}\r\nProcessId: 608\r\nImage: C:\\Windows\\system32\\services.exe\r\nTargetObject: HKLM\\System\\CurrentControlSet\\Services\\CaptureService_4ca3e0\\Start\r\nDetails: DWORD (0x00000003)\r\nUser: NT AUTHORITY\\SYSTEM","_time":"2026-08-27T06:02:08.131+0200","host":"Win-10","index":"main","linecount":"24","punct":"//_::._=--/===-..==---==--====___(:_)==__:\\r:_,\\r:_\\r","source":"WinEventLog:Microsoft-Windows-Sysmon/Operational","sourcetype":"WinEventLog:Microsoft-Windows-Sysmon/Operational","splunk_server":"splunk-virtual-machine"}}
{"preview":false,"result":{"ComputerName":"Win-10.miacsdomain.com","Details":"C:\\Windows\\system32\\svchost.exe -k BthAppGroup -p","EventCode":"13","EventType":["4","SetValue"],"Image":"C:\\Windows\\system32\\services.exe","Keywords":"None","LogName":"Microsoft-Windows-Sysmon/Operational","Message":"Registry value set:\r\nRuleName: T1031,T1050\r\nEventType: SetValue\r\nUtcTime: 2026-08-27 04:02:08.122\r\nProcessGuid: {3f87e246-a659-6a8f-0b00-000000001600}\r\nProcessId: 608\r\nImage: C:\\Windows\\system32\\services.exe\r\nTargetObject: HKLM\\System\\CurrentControlSet\\Services\\BluetoothUserService_4ca3e0\\ImagePath\r\nDetails: C:\\Windows\\system32\\svchost.exe -k BthAppGroup -p\r\nUser: NT AUTHORITY\\SYSTEM","OpCode":"Info","ProcessGuid":"{3f87e246-a659-6a8f-0b00-000000001600}","ProcessId":"608","RecordNumber":"32955","RuleName":"T1031,T1050","Sid":"S-1-5-18","SidType":"0","SourceName":"Microsoft-Windows-Sysmon","TargetObject":"HKLM\\System\\CurrentControlSet\\Services\\BluetoothUserService_4ca3e0\\ImagePath","TaskCategory":"Registry value set (rule: RegistryEvent)","Type":"Information","User":["NOT_TRANSLATED","NT AUTHORITY\\SYSTEM"],"UtcTime":"2026-08-27 04:02:08.122","_raw":"08/27/2026 06:02:08.131 AM\nLogName=Microsoft-Windows-Sysmon/Operational\nEventCode=13\nEventType=4\nComputerName=Win-10.miacsdomain.com\nUser=NOT_TRANSLATED\nSid=S-1-5-18\nSidType=0\nSourceName=Microsoft-Windows-Sysmon\nType=Information\nRecordNumber=32955\nKeywords=None\nTaskCategory=Registry value set (rule: RegistryEvent)\nOpCode=Info\nMessage=Registry value set:\r\nRuleName: T1031,T1050\r\nEventType: SetValue\r\nUtcTime: 2026-08-27 04:02:08.122\r\nProcessGuid: {3f87e246-a659-6a8f-0b00-000000001600}\r\nProcessId: 608\r\nImage: C:\\Windows\\system32\\services.exe\r\nTargetObject: HKLM\\System\\CurrentControlSet\\Services\\BluetoothUserService_4ca3e0\\ImagePath\r\nDetails: C:\\Windows\\system32\\svchost.exe -k BthAppGroup -p\r\nUser: NT AUTHORITY\\SYSTEM","_time":"2026-08-27T06:02:08.131+0200","host":"Win-10","index":"main","linecount":"24","punct":"//_::._=--/===-..==---==--====___(:_)==__:\\r:_,\\r:_\\r","source":"WinEventLog:Microsoft-Windows-Sysmon/Operational","sourcetype":"WinEventLog:Microsoft-Windows-Sysmon/Operational","splunk_server":"splunk-virtual-machine"}}
{"preview":false,"result":{"ComputerName":"Win-10.miacsdomain.com","Details":"DWORD (0x00000003)","EventCode":"13","EventType":["4","SetValue"],"Image":"C:\\Windows\\system32\\services.exe","Keywords":"None","LogName":"Microsoft-Windows-Sysmon/Operational","Message":"Registry value set:\r\nRuleName: T1031,T1050\r\nEventType: SetValue\r\nUtcTime: 2026-08-27 04:02:08.122\r\nProcessGuid: {3f87e246-a659-6a8f-0b00-000000001600}\r\nProcessId: 608\r\nImage: C:\\Windows\\system32\\services.exe\r\nTargetObject: HKLM\\System\\CurrentControlSet\\Services\\BluetoothUserService_4ca3e0\\Start\r\nDetails: DWORD (0x00000003)\r\nUser: NT AUTHORITY\\SYSTEM","OpCode":"Info","ProcessGuid":"{3f87e246-a659-6a8f-0b00-000000001600}","ProcessId":"608","RecordNumber":"32954","RuleName":"T1031,T1050","Sid":"S-1-5-18","SidType":"0","SourceName":"Microsoft-Windows-Sysmon","TargetObject":"HKLM\\System\\CurrentControlSet\\Services\\BluetoothUserService_4ca3e0\\Start","TaskCategory":"Registry value set (rule: RegistryEvent)","Type":"Information","User":["NOT_TRANSLATED","NT AUTHORITY\\SYSTEM"],"UtcTime":"2026-08-27 04:02:08.122","_raw":"08/27/2026 06:02:08.131 AM\nLogName=Microsoft-Windows-Sysmon/Operational\nEventCode=13\nEventType=4\nComputerName=Win-10.miacsdomain.com\nUser=NOT_TRANSLATED\nSid=S-1-5-18\nSidType=0\nSourceName=Microsoft-Windows-Sysmon\nType=Information\nRecordNumber=32954\nKeywords=None\nTaskCategory=Registry value set (rule: RegistryEvent)\nOpCode=Info\nMessage=Registry value set:\r\nRuleName: T1031,T1050\r\nEventType: SetValue\r\nUtcTime: 2026-08-27 04:02:08.122\r\nProcessGuid: {3f87e246-a659-6a8f-0b00-000000001600}\r\nProcessId: 608\r\nImage: C:\\Windows\\system32\\services.exe\r\nTargetObject: HKLM\\System\\CurrentControlSet\\Services\\BluetoothUserService_4ca3e0\\Start\r\nDetails: DWORD (0x00000003)\r\nUser: NT AUTHORITY\\SYSTEM","_time":"2026-08-27T06:02:08.131+0200","host":"Win-10","index":"main","linecount":"24","punct":"//_::._=--/===-..==---==--====___(:_)==__:\\r:_,\\r:_\\r","source":"WinEventLog:Microsoft-Windows-Sysmon/Operational","sourcetype":"WinEventLog:Microsoft-Windows-Sysmon/Operational","splunk_server":"splunk-virtual-machine"}}
{"preview":false,"result":{"CommandLine":"sihost.exe","Company":"Microsoft Corporation","ComputerName":"Win-10.miacsdomain.com","CurrentDirectory":"C:\\Windows\\system32\\","Description":"Shell Infrastructure Host","EventCode":"1","EventType":"4","FileVersion":"10.0.19041.3636 (WinBuild.160101.0800)","Hashes":"MD5=F827258330C8339AFD55628594BBB2EE,SHA256=E2F3385314D125535AA6F24C8498C4C1878BEAC86977313B0C3B2CDF7E8948EF,IMPHASH=9FFE8029F721BD904F419F82A63D59A2","Image":"C:\\Windows\\System32\\sihost.exe","IntegrityLevel":"Medium","Keywords":"None","LogName":"Microsoft-Windows-Sysmon/Operational","LogonGuid":"{3f87e246-b6bf-6a8f-1c76-4c0000000000}","LogonId":"0x4C761C","Message":"Process Create:\r\nRuleName: -\r\nUtcTime: 2026-08-27 04:02:08.129\r\nProcessGuid: {3f87e246-b6c0-6a8f-9b03-000000001600}\r\nProcessId: 2036\r\nImage: C:\\Windows\\System32\\sihost.exe\r\nFileVersion: 10.0.19041.3636 (WinBuild.160101.0800)\r\nDescription: Shell Infrastructure Host\r\nProduct: Microsoft® Windows® Operating System\r\nCompany: Microsoft Corporation\r\nOriginalFileName: sihost.exe\r\nCommandLine: sihost.exe\r\nCurrentDirectory: C:\\Windows\\system32\\\r\nUser: miacsdomain\\user-01\r\nLogonGuid: {3f87e246-b6bf-6a8f-1c76-4c0000000000}\r\nLogonId: 0x4C761C\r\nTerminalSessionId: 5\r\nIntegrityLevel: Medium\r\nHashes: MD5=F827258330C8339AFD55628594BBB2EE,SHA256=E2F3385314D125535AA6F24C8498C4C1878BEAC86977313B0C3B2CDF7E8948EF,IMPHASH=9FFE8029F721BD904F419F82A63D59A2\r\nParentProcessGuid: {3f87e246-a65a-6a8f-1300-000000001600}\r\nParentProcessId: 320\r\nParentImage: C:\\Windows\\System32\\svchost.exe\r\nParentCommandLine: C:\\Windows\\system32\\svchost.exe -k netsvcs -p\r\nParentUser: NT AUTHORITY\\SYSTEM","OpCode":"Info","OriginalFileName":"sihost.exe","ParentCommandLine":"C:\\Windows\\system32\\svchost.exe -k netsvcs -p","ParentImage":"C:\\Windows\\System32\\svchost.exe","ParentProcessGuid":"{3f87e246-a65a-6a8f-1300-000000001600}","ParentProcessId":"320","ParentUser":"NT AUTHORITY\\SYSTEM","ProcessGuid":"{3f87e246-b6c0-6a8f-9b03-000000001600}","ProcessId":"2036","Product":"Microsoft® Windows® Operating System","RecordNumber":"32953","RuleName":"-","Sid":"S-1-5-18","SidType":"0","SourceName":"Microsoft-Windows-Sysmon","TaskCategory":"Process Create (rule: ProcessCreate)","TerminalSessionId":"5","Type":"Information","User":["NOT_TRANSLATED","miacsdomain\\user-01"],"UtcTime":"2026-08-27 04:02:08.129","_raw":"08/27/2026 06:02:08.131 AM\nLogName=Microsoft-Windows-Sysmon/Operational\nEventCode=1\nEventType=4\nComputerName=Win-10.miacsdomain.com\nUser=NOT_TRANSLATED\nSid=S-1-5-18\nSidType=0\nSourceName=Microsoft-Windows-Sysmon\nType=Information\nRecordNumber=32953\nKeywords=None\nTaskCategory=Process Create (rule: ProcessCreate)\nOpCode=Info\nMessage=Process Create:\r\nRuleName: -\r\nUtcTime: 2026-08-27 04:02:08.129\r\nProcessGuid: {3f87e246-b6c0-6a8f-9b03-000000001600}\r\nProcessId: 2036\r\nImage: C:\\Windows\\System32\\sihost.exe\r\nFileVersion: 10.0.19041.3636 (WinBuild.160101.0800)\r\nDescription: Shell Infrastructure Host\r\nProduct: Microsoft® Windows® Operating System\r\nCompany: Microsoft Corporation\r\nOriginalFileName: sihost.exe\r\nCommandLine: sihost.exe\r\nCurrentDirectory: C:\\Windows\\system32\\\r\nUser: miacsdomain\\user-01\r\nLogonGuid: {3f87e246-b6bf-6a8f-1c76-4c0000000000}\r\nLogonId: 0x4C761C\r\nTerminalSessionId: 5\r\nIntegrityLevel: Medium\r\nHashes: MD5=F827258330C8339AFD55628594BBB2EE,SHA256=E2F3385314D125535AA6F24C8498C4C1878BEAC86977313B0C3B2CDF7E8948EF,IMPHASH=9FFE8029F721BD904F419F82A63D59A2\r\nParentProcessGuid: {3f87e246-a65a-6a8f-1300-000000001600}\r\nParentProcessId: 320\r\nParentImage: C:\\Windows\\System32\\svchost.exe\r\nParentCommandLine: C:\\Windows\\system32\\svchost.exe -k netsvcs -p\r\nParentUser: NT AUTHORITY\\SYSTEM","_time":"2026-08-27T06:02:08.131+0200","host":"Win-10","index":"main","linecount":"38","punct":"//_::._=--/===-..==---==--====__(:_)==_:\\r:_-\\r:_--_","source":"WinEventLog:Microsoft-Windows-Sysmon/Operational","sourcetype":"WinEventLog:Microsoft-Windows-Sysmon/Operational","splunk_server":"splunk-virtual-machine"}}
{"preview":false,"result":{"ComputerName":"Win-10.miacsdomain.com","Details":"C:\\Windows\\system32\\svchost.exe -k BcastDVRUserService","EventCode":"13","EventType":["4","SetValue"],"Image":"C:\\Windows\\system32\\services.exe","Keywords":"None","LogName":"Microsoft-Windows-Sysmon/Operational","Message":"Registry value set:\r\nRuleName: T1031,T1050\r\nEventType: SetValue\r\nUtcTime: 2026-08-27 04:02:08.122\r\nProcessGuid: {3f87e246-a659-6a8f-0b00-000000001600}\r\nProcessId: 608\r\nImage: C:\\Windows\\system32\\services.exe\r\nTargetObject: HKLM\\System\\CurrentControlSet\\Services\\BcastDVRUserService_4ca3e0\\ImagePath\r\nDetails: C:\\Windows\\system32\\svchost.exe -k BcastDVRUserService\r\nUser: NT AUTHORITY\\SYSTEM","OpCode":"Info","ProcessGuid":"{3f87e246-a659-6a8f-0b00-000000001600}","ProcessId":"608","RecordNumber":"32952","RuleName":"T1031,T1050","Sid":"S-1-5-18","SidType":"0","SourceName":"Microsoft-Windows-Sysmon","TargetObject":"HKLM\\System\\CurrentControlSet\\Services\\BcastDVRUserService_4ca3e0\\ImagePath","TaskCategory":"Registry value set (rule: RegistryEvent)","Type":"Information","User":["NOT_TRANSLATED","NT AUTHORITY\\SYSTEM"],"UtcTime":"2026-08-27 04:02:08.122","_raw":"08/27/2026 06:02:08.130 AM\nLogName=Microsoft-Windows-Sysmon/Operational\nEventCode=13\nEventType=4\nComputerName=Win-10.miacsdomain.com\nUser=NOT_TRANSLATED\nSid=S-1-5-18\nSidType=0\nSourceName=Microsoft-Windows-Sysmon\nType=Information\nRecordNumber=32952\nKeywords=None\nTaskCategory=Registry value set (rule: RegistryEvent)\nOpCode=Info\nMessage=Registry value set:\r\nRuleName: T1031,T1050\r\nEventType: SetValue\r\nUtcTime: 2026-08-27 04:02:08.122\r\nProcessGuid: {3f87e246-a659-6a8f-0b00-000000001600}\r\nProcessId: 608\r\nImage: C:\\Windows\\system32\\services.exe\r\nTargetObject: HKLM\\System\\CurrentControlSet\\Services\\BcastDVRUserService_4ca3e0\\ImagePath\r\nDetails: C:\\Windows\\system32\\svchost.exe -k BcastDVRUserService\r\nUser: NT AUTHORITY\\SYSTEM","_time":"2026-08-27T06:02:08.130+0200","host":"Win-10","index":"main","linecount":"24","punct":"//_::._=--/===-..==---==--====___(:_)==__:\\r:_,\\r:_\\r","source":"WinEventLog:Microsoft-Windows-Sysmon/Operational","sourcetype":"WinEventLog:Microsoft-Windows-Sysmon/Operational","splunk_server":"splunk-virtual-machine"}}
{"preview":false,"result":{"ComputerName":"Win-10.miacsdomain.com","Details":"DWORD (0x00000003)","EventCode":"13","EventType":["4","SetValue"],"Image":"C:\\Windows\\system32\\services.exe","Keywords":"None","LogName":"Microsoft-Windows-Sysmon/Operational","Message":"Registry value set:\r\nRuleName: T1031,T1050\r\nEventType: SetValue\r\nUtcTime: 2026-08-27 04:02:08.122\r\nProcessGuid: {3f87e246-a659-6a8f-0b00-000000001600}\r\nProcessId: 608\r\nImage: C:\\Windows\\system32\\services.exe\r\nTargetObject: HKLM\\System\\CurrentControlSet\\Services\\BcastDVRUserService_4ca3e0\\Start\r\nDetails: DWORD (0x00000003)\r\nUser: NT AUTHORITY\\SYSTEM","OpCode":"Info","ProcessGuid":"{3f87e246-a659-6a8f-0b00-000000001600}","ProcessId":"608","RecordNumber":"32951","RuleName":"T1031,T1050","Sid":"S-1-5-18","SidType":"0","SourceName":"Microsoft-Windows-Sysmon","TargetObject":"HKLM\\System\\CurrentControlSet\\Services\\BcastDVRUserService_4ca3e0\\Start","TaskCategory":"Registry value set (rule: RegistryEvent)","Type":"Information","User":["NOT_TRANSLATED","NT AUTHORITY\\SYSTEM"],"UtcTime":"2026-08-27 04:02:08.122","_raw":"08/27/2026 06:02:08.130 AM\nLogName=Microsoft-Windows-Sysmon/Operational\nEventCode=13\nEventType=4\nComputerName=Win-10.miacsdomain.com\nUser=NOT_TRANSLATED\nSid=S-1-5-18\nSidType=0\nSourceName=Microsoft-Windows-Sysmon\nType=Information\nRecordNumber=32951\nKeywords=None\nTaskCategory=Registry value set (rule: RegistryEvent)\nOpCode=Info\nMessage=Registry value set:\r\nRuleName: T1031,T1050\r\nEventType: SetValue\r\nUtcTime: 2026-08-27 04:02:08.122\r\nProcessGuid: {3f87e246-a659-6a8f-0b00-000000001600}\r\nProcessId: 608\r\nImage: C:\\Windows\\system32\\services.exe\r\nTargetObject: HKLM\\System\\CurrentControlSet\\Services\\BcastDVRUserService_4ca3e0\\Start\r\nDetails: DWORD (0x00000003)\r\nUser: NT AUTHORITY\\SYSTEM","_time":"2026-08-27T06:02:08.130+0200","host":"Win-10","index":"main","linecount":"24","punct":"//_::._=--/===-..==---==--====___(:_)==__:\\r:_,\\r:_\\r","source":"WinEventLog:Microsoft-Windows-Sysmon/Operational","sourcetype":"WinEventLog:Microsoft-Windows-Sysmon/Operational","splunk_server":"splunk-virtual-machine"}}
{"preview":false,"result":{"ComputerName":"Win-10.miacsdomain.com","Details":"C:\\Windows\\system32\\svchost.exe -k AarSvcGroup -p","EventCode":"13","EventType":["4","SetValue"],"Image":"C:\\Windows\\system32\\services.exe","Keywords":"None","LogName":"Microsoft-Windows-Sysmon/Operational","Message":"Registry value set:\r\nRuleName: T1031,T1050\r\nEventType: SetValue\r\nUtcTime: 2026-08-27 04:02:08.122\r\nProcessGuid: {3f87e246-a659-6a8f-0b00-000000001600}\r\nProcessId: 608\r\nImage: C:\\Windows\\system32\\services.exe\r\nTargetObject: HKLM\\System\\CurrentControlSet\\Services\\AarSvc_4ca3e0\\ImagePath\r\nDetails: C:\\Windows\\system32\\svchost.exe -k AarSvcGroup -p\r\nUser: NT AUTHORITY\\SYSTEM","OpCode":"Info","ProcessGuid":"{3f87e246-a659-6a8f-0b00-000000001600}","ProcessId":"608","RecordNumber":"32950","RuleName":"T1031,T1050","Sid":"S-1-5-18","SidType":"0","SourceName":"Microsoft-Windows-Sysmon","TargetObject":"HKLM\\System\\CurrentControlSet\\Services\\AarSvc_4ca3e0\\ImagePath","TaskCategory":"Registry value set (rule: RegistryEvent)","Type":"Information","User":["NOT_TRANSLATED","NT AUTHORITY\\SYSTEM"],"UtcTime":"2026-08-27 04:02:08.122","_raw":"08/27/2026 06:02:08.130 AM\nLogName=Microsoft-Windows-Sysmon/Operational\nEventCode=13\nEventType=4\nComputerName=Win-10.miacsdomain.com\nUser=NOT_TRANSLATED\nSid=S-1-5-18\nSidType=0\nSourceName=Microsoft-Windows-Sysmon\nType=Information\nRecordNumber=32950\nKeywords=None\nTaskCategory=Registry value set (rule: RegistryEvent)\nOpCode=Info\nMessage=Registry value set:\r\nRuleName: T1031,T1050\r\nEventType: SetValue\r\nUtcTime: 2026-08-27 04:02:08.122\r\nProcessGuid: {3f87e246-a659-6a8f-0b00-000000001600}\r\nProcessId: 608\r\nImage: C:\\Windows\\system32\\services.exe\r\nTargetObject: HKLM\\System\\CurrentControlSet\\Services\\AarSvc_4ca3e0\\ImagePath\r\nDetails: C:\\Windows\\system32\\svchost.exe -k AarSvcGroup -p\r\nUser: NT AUTHORITY\\SYSTEM","_time":"2026-08-27T06:02:08.130+0200","host":"Win-10","index":"main","linecount":"24","punct":"//_::._=--/===-..==---==--====___(:_)==__:\\r:_,\\r:_\\r","source":"WinEventLog:Microsoft-Windows-Sysmon/Operational","sourcetype":"WinEventLog:Microsoft-Windows-Sysmon/Operational","splunk_server":"splunk-virtual-machine"}}
{"preview":false,"result":{"ComputerName":"Win-10.miacsdomain.com","Details":"DWORD (0x00000003)","EventCode":"13","EventType":["4","SetValue"],"Image":"C:\\Windows\\system32\\services.exe","Keywords":"None","LogName":"Microsoft-Windows-Sysmon/Operational","Message":"Registry value set:\r\nRuleName: T1031,T1050\r\nEventType: SetValue\r\nUtcTime: 2026-08-27 04:02:08.122\r\nProcessGuid: {3f87e246-a659-6a8f-0b00-000000001600}\r\nProcessId: 608\r\nImage: C:\\Windows\\system32\\services.exe\r\nTargetObject: HKLM\\System\\CurrentControlSet\\Services\\AarSvc_4ca3e0\\Start\r\nDetails: DWORD (0x00000003)\r\nUser: NT AUTHORITY\\SYSTEM","OpCode":"Info","ProcessGuid":"{3f87e246-a659-6a8f-0b00-000000001600}","ProcessId":"608","RecordNumber":"32949","RuleName":"T1031,T1050","Sid":"S-1-5-18","SidType":"0","SourceName":"Microsoft-Windows-Sysmon","TargetObject":"HKLM\\System\\CurrentControlSet\\Services\\AarSvc_4ca3e0\\Start","TaskCategory":"Registry value set (rule: RegistryEvent)","Type":"Information","User":["NOT_TRANSLATED","NT AUTHORITY\\SYSTEM"],"UtcTime":"2026-08-27 04:02:08.122","_raw":"08/27/2026 06:02:08.130 AM\nLogName=Microsoft-Windows-Sysmon/Operational\nEventCode=13\nEventType=4\nComputerName=Win-10.miacsdomain.com\nUser=NOT_TRANSLATED\nSid=S-1-5-18\nSidType=0\nSourceName=Microsoft-Windows-Sysmon\nType=Information\nRecordNumber=32949\nKeywords=None\nTaskCategory=Registry value set (rule: RegistryEvent)\nOpCode=Info\nMessage=Registry value set:\r\nRuleName: T1031,T1050\r\nEventType: SetValue\r\nUtcTime: 2026-08-27 04:02:08.122\r\nProcessGuid: {3f87e246-a659-6a8f-0b00-000000001600}\r\nProcessId: 608\r\nImage: C:\\Windows\\system32\\services.exe\r\nTargetObject: HKLM\\System\\CurrentControlSet\\Services\\AarSvc_4ca3e0\\Start\r\nDetails: DWORD (0x00000003)\r\nUser: NT AUTHORITY\\SYSTEM","_time":"2026-08-27T06:02:08.130+0200","host":"Win-10","index":"main","linecount":"24","punct":"//_::._=--/===-..==---==--====___(:_)==__:\\r:_,\\r:_\\r","source":"WinEventLog:Microsoft-Windows-Sysmon/Operational","sourcetype":"WinEventLog:Microsoft-Windows-Sysmon/Operational","splunk_server":"splunk-virtual-machine"}}
{"preview":false,"result":{"Account_Domain":"miacsdomain","Account_Name":"user-01","ComputerName":"Win-10.miacsdomain.com","EventCode":"4634","EventType":"0","Keywords":"Audit Success","LogName":"Security","Logon_ID":"0x4C7675","Logon_Type":"7","Message":"An account was logged off.\r\n\r\nSubject:\r\n\tSecurity ID:\t\tS-1-5-21-246749117-2054088174-1189330396-1105\r\n\tAccount Name:\t\tuser-01\r\n\tAccount Domain:\t\tmiacsdomain\r\n\tLogon ID:\t\t0x4C7675\r\n\r\nLogon Type:\t\t\t7\r\n\r\nThis event is generated when a logon session is destroyed. It may be positively correlated with a logon event using the Logon ID value. Logon IDs are only unique between reboots on the same computer.","OpCode":"Info","RecordNumber":"17138","Security_ID":"S-1-5-21-246749117-2054088174-1189330396-1105","SourceName":"Microsoft Windows security auditing.","TaskCategory":"Logoff","Type":"Information","_raw":"08/27/2026 06:02:07.968 AM\nLogName=Security\nEventCode=4634\nEventType=0\nComputerName=Win-10.miacsdomain.com\nSourceName=Microsoft Windows security auditing.\nType=Information\nRecordNumber=17138\nKeywords=Audit Success\nTaskCategory=Logoff\nOpCode=Info\nMessage=An account was logged off.\r\n\r\nSubject:\r\n\tSecurity ID:\t\tS-1-5-21-246749117-2054088174-1189330396-1105\r\n\tAccount Name:\t\tuser-01\r\n\tAccount Domain:\t\tmiacsdomain\r\n\tLogon ID:\t\t0x4C7675\r\n\r\nLogon Type:\t\t\t7\r\n\r\nThis event is generated when a logon session is destroyed. It may be positively correlated with a logon event using the Logon ID value. Logon IDs are only unique between reboots on the same computer.","_time":"2026-08-27T06:02:07.968+0200","host":"Win-10","index":"main","linecount":"22","punct":"//_::._====-..=___.===_===____.\\r\\r:\\rt_:tt-------\\rt_","source":"WinEventLog:Security","sourcetype":"WinEventLog:Security","splunk_server":"splunk-virtual-machine"}}
{"preview":false,"result":{"Account_Domain":"miacsdomain","Account_Name":"WIN-10$","ComputerName":"Win-10.miacsdomain.com","EventCode":"4799","EventType":"0","Group_Domain":"Builtin","Group_Name":"Administrators","Keywords":"Audit Success","LogName":"Security","Logon_ID":"0x3E7","Message":"A security-enabled local group membership was enumerated.\r\n\r\nSubject:\r\n\tSecurity ID:\t\tS-1-5-18\r\n\tAccount Name:\t\tWIN-10$\r\n\tAccount Domain:\t\tmiacsdomain\r\n\tLogon ID:\t\t0x3E7\r\n\r\nGroup:\r\n\tSecurity ID:\t\tS-1-5-32-544\r\n\tGroup Name:\t\tAdministrators\r\n\tGroup Domain:\t\tBuiltin\r\n\r\nProcess Information:\r\n\tProcess ID:\t\t0x140\r\n\tProcess Name:\t\tC:\\Windows\\System32\\svchost.exe","OpCode":"Info","Process_ID":"0x140","Process_Name":"C:\\Windows\\System32\\svchost.exe","RecordNumber":"17137","Security_ID":["S-1-5-18","S-1-5-32-544"],"SourceName":"Microsoft Windows security auditing.","TaskCategory":"Security Group Management","Type":"Information","_raw":"08/27/2026 06:02:07.968 AM\nLogName=Security\nEventCode=4799\nEventType=0\nComputerName=Win-10.miacsdomain.com\nSourceName=Microsoft Windows security auditing.\nType=Information\nRecordNumber=17137\nKeywords=Audit Success\nTaskCategory=Security Group Management\nOpCode=Info\nMessage=A security-enabled local group membership was enumerated.\r\n\r\nSubject:\r\n\tSecurity ID:\t\tS-1-5-18\r\n\tAccount Name:\t\tWIN-10$\r\n\tAccount Domain:\t\tmiacsdomain\r\n\tLogon ID:\t\t0x3E7\r\n\r\nGroup:\r\n\tSecurity ID:\t\tS-1-5-32-544\r\n\tGroup Name:\t\tAdministrators\r\n\tGroup Domain:\t\tBuiltin\r\n\r\nProcess Information:\r\n\tProcess ID:\t\t0x140\r\n\tProcess Name:\t\tC:\\Windows\\System32\\svchost.exe","_time":"2026-08-27T06:02:07.968+0200","host":"Win-10","index":"main","linecount":"27","punct":"//_::._====-..=___.===_=__==_-_____.\\r\\r:\\rt_:tt---\\rt","source":"WinEventLog:Security","sourcetype":"WinEventLog:Security","splunk_server":"splunk-virtual-machine"}}
{"preview":false,"result":{"Account_Domain":["miacsdomain","miacsdomain"],"Account_Name":["WIN-10$","user-01"],"Authentication_Package":"Negotiate","ComputerName":"Win-10.miacsdomain.com","Elevated_Token":"No","EventCode":"4624","EventType":"0","Impersonation_Level":"Impersonation","Key_Length":"0","Keywords":"Audit Success","Linked_Logon_ID":"0x0","LogName":"Security","Logon_GUID":"{8159d91f-96c1-3c09-269d-48fe8854425c}","Logon_ID":["0x3E7","0x4C7675"],"Logon_Process":"Negotiat","Logon_Type":"7","Message":"An account was successfully logged on.\r\n\r\nSubject:\r\n\tSecurity ID:\t\tS-1-5-18\r\n\tAccount Name:\t\tWIN-10$\r\n\tAccount Domain:\t\tmiacsdomain\r\n\tLogon ID:\t\t0x3E7\r\n\r\nLogon Information:\r\n\tLogon Type:\t\t7\r\n\tRestricted Admin Mode:\t-\r\n\tVirtual Account:\t\tNo\r\n\tElevated Token:\t\tNo\r\n\r\nImpersonation Level:\t\tImpersonation\r\n\r\nNew Logon:\r\n\tSecurity ID:\t\tS-1-5-21-246749117-2054088174-1189330396-1105\r\n\tAccount Name:\t\tuser-01\r\n\tAccount Domain:\t\tmiacsdomain\r\n\tLogon ID:\t\t0x4C7675\r\n\tLinked Logon ID:\t\t0x0\r\n\tNetwork Account Name:\t-\r\n\tNetwork Account Domain:\t-\r\n\tLogon GUID:\t\t{8159d91f-96c1-3c09-269d-48fe8854425c}\r\n\r\nProcess Information:\r\n\tProcess ID:\t\t0x288\r\n\tProcess Name:\t\tC:\\Windows\\System32\\lsass.exe\r\n\r\nNetwork Information:\r\n\tWorkstation Name:\tWIN-10\r\n\tSource Network Address:\t-\r\n\tSource Port:\t\t-\r\n\r\nDetailed Authentication Information:\r\n\tLogon Process:\t\tNegotiat\r\n\tAuthentication Package:\tNegotiate\r\n\tTransited Services:\t-\r\n\tPackage Name (NTLM only):\t-\r\n\tKey Length:\t\t0\r\n\r\nThis event is generated when a logon session is created. It is generated on the computer that was accessed.\r\n\r\nThe subject fields indicate the account on the local system which requested the logon. This is most commonly a service such as the Server service, or a local process such as Winlogon.exe or Services.exe.\r\n\r\nThe logon type field indicates the kind of logon that occurred. The most common types are 2 (interactive) and 3 (network).\r\n\r\nThe New Logon fields indicate the account for whom the new logon was created, i.e. the account that was logged on.\r\n\r\nThe network fields indicate where a remote logon request originated. Workstation name is not always available and may be left blank in some cases.\r\n\r\nThe impersonation level field indicates the extent to which a process in the logon session can impersonate.\r\n\r\nThe authentication information fields provide detailed information about this specific logon request.\r\n\t- Logon GUID is a unique identifier that can be used to correlate this event with a KDC event.\r\n\t- Transited services indicate which intermediate services have participated in this logon request.\r\n\t- Package name indicates which sub-protocol was used among the NTLM protocols.\r\n\t- Key length indicates the length of the generated session key. This will be 0 if no session key was requested.","Network_Account_Domain":"-","Network_Account_Name":"-","OpCode":"Info","Package_Name__NTLM_only_":"-","Process_ID":"0x288","Process_Name":"C:\\Windows\\System32\\lsass.exe","RecordNumber":"17136","Restricted_Admin_Mode":"-","Security_ID":["S-1-5-18","S-1-5-21-246749117-2054088174-1189330396-1105"],"SourceName":"Microsoft Windows security auditing.","Source_Network_Address":"-","Source_Port":"-","TaskCategory":"Logon","Transited_Services":"-","Type":"Information","Virtual_Account":"No","Workstation_Name":"WIN-10","_raw":"08/27/2026 06:02:07.945 AM\nLogName=Security\nEventCode=4624\nEventType=0\nComputerName=Win-10.miacsdomain.com\nSourceName=Microsoft Windows security auditing.\nType=Information\nRecordNumber=17136\nKeywords=Audit Success\nTaskCategory=Logon\nOpCode=Info\nMessage=An account was successfully logged on.\r\n\r\nSubject:\r\n\tSecurity ID:\t\tS-1-5-18\r\n\tAccount Name:\t\tWIN-10$\r\n\tAccount Domain:\t\tmiacsdomain\r\n\tLogon ID:\t\t0x3E7\r\n\r\nLogon Information:\r\n\tLogon Type:\t\t7\r\n\tRestricted Admin Mode:\t-\r\n\tVirtual Account:\t\tNo\r\n\tElevated Token:\t\tNo\r\n\r\nImpersonation Level:\t\tImpersonation\r\n\r\nNew Logon:\r\n\tSecurity ID:\t\tS-1-5-21-246749117-2054088174-1189330396-1105\r\n\tAccount Name:\t\tuser-01\r\n\tAccount Domain:\t\tmiacsdomain\r\n\tLogon ID:\t\t0x4C7675\r\n\tLinked Logon ID:\t\t0x0\r\n\tNetwork Account Name:\t-\r\n\tNetwork Account Domain:\t-\r\n\tLogon GUID:\t\t{8159d91f-96c1-3c09-269d-48fe8854425c}\r\n\r\nProcess Information:\r\n\tProcess ID:\t\t0x288\r\n\tProcess Name:\t\tC:\\Windows\\System32\\lsass.exe\r\n\r\nNetwork Information:\r\n\tWorkstation Name:\tWIN-10\r\n\tSource Network Address:\t-\r\n\tSource Port:\t\t-\r\n\r\nDetailed Authentication Information:\r\n\tLogon Process:\t\tNegotiat\r\n\tAuthentication Package:\tNegotiate\r\n\tTransited Services:\t-\r\n\tPackage Name (NTLM only):\t-\r\n\tKey Length:\t\t0\r\n\r\nThis event is generated when a logon session is created. It is generated on the computer that was accessed.\r\n\r\nThe subject fields indicate the account on the local system which requested the logon. This is most commonly a service such as the Server service, or a local process such as Winlogon.exe or Services.exe.\r\n\r\nThe logon type field indicates the kind of logon that occurred. The most common types are 2 (interactive) and 3 (network).\r\n\r\nThe New Logon fields indicate the account for whom the new logon was created, i.e. the account that was logged on.\r\n\r\nThe network fields indicate where a remote logon request originated. Workstation name is not always available and may be left blank in some cases.\r\n\r\nThe impersonation level field indicates the extent to which a process in the logon session can impersonate.\r\n\r\nThe authentication information fields provide detailed information about this specific logon request.\r\n\t- Logon GUID is a unique identifier that can be used to correlate this event with a KDC event.\r\n\t- Transited services indicate which intermediate services have participated in this logon request.\r\n\t- Package name indicates which sub-protocol was used among the NTLM protocols.\r\n\t- Key length indicates the length of the generated session key. This will be 0 if no session key was requested.","_time":"2026-08-27T06:02:07.945+0200","host":"Win-10","index":"main","linecount":"70","punct":"//_::._====-..=___.===_===_____.\\r\\r:\\rt_:tt---\\rt_:tt","source":"WinEventLog:Security","sourcetype":"WinEventLog:Security","splunk_server":"splunk-virtual-machine"}}
{"preview":false,"result":{"Account_Domain":["miacsdomain","miacsdomain"],"Account_Name":["WIN-10$","user-01"],"Additional_Information":"localhost","ComputerName":"Win-10.miacsdomain.com","EventCode":"4648","EventType":"0","Keywords":"Audit Success","LogName":"Security","Logon_GUID":["{00000000-0000-0000-0000-000000000000}","{8159d91f-96c1-3c09-269d-48fe8854425c}"],"Logon_ID":"0x3E7","Message":"A logon was attempted using explicit credentials.\r\n\r\nSubject:\r\n\tSecurity ID:\t\tS-1-5-18\r\n\tAccount Name:\t\tWIN-10$\r\n\tAccount Domain:\t\tmiacsdomain\r\n\tLogon ID:\t\t0x3E7\r\n\tLogon GUID:\t\t{00000000-0000-0000-0000-000000000000}\r\n\r\nAccount Whose Credentials Were Used:\r\n\tAccount Name:\t\tuser-01\r\n\tAccount Domain:\t\tmiacsdomain\r\n\tLogon GUID:\t\t{8159d91f-96c1-3c09-269d-48fe8854425c}\r\n\r\nTarget Server:\r\n\tTarget Server Name:\tlocalhost\r\n\tAdditional Information:\tlocalhost\r\n\r\nProcess Information:\r\n\tProcess ID:\t\t0x288\r\n\tProcess Name:\t\tC:\\Windows\\System32\\lsass.exe\r\n\r\nNetwork Information:\r\n\tNetwork Address:\t-\r\n\tPort:\t\t\t-\r\n\r\nThis event is generated when a process attempts to log on an account by explicitly specifying that account’s credentials.  This most commonly occurs in batch-type configurations such as scheduled tasks, or when using the RUNAS command.","Network_Address":"-","OpCode":"Info","Port":"-","Process_ID":"0x288","Process_Name":"C:\\Windows\\System32\\lsass.exe","RecordNumber":"17135","Security_ID":"S-1-5-18","SourceName":"Microsoft Windows security auditing.","Target_Server_Name":"localhost","TaskCategory":"Logon","Type":"Information","_raw":"08/27/2026 06:02:07.945 AM\nLogName=Security\nEventCode=4648\nEventType=0\nComputerName=Win-10.miacsdomain.com\nSourceName=Microsoft Windows security auditing.\nType=Information\nRecordNumber=17135\nKeywords=Audit Success\nTaskCategory=Logon\nOpCode=Info\nMessage=A logon was attempted using explicit credentials.\r\n\r\nSubject:\r\n\tSecurity ID:\t\tS-1-5-18\r\n\tAccount Name:\t\tWIN-10$\r\n\tAccount Domain:\t\tmiacsdomain\r\n\tLogon ID:\t\t0x3E7\r\n\tLogon GUID:\t\t{00000000-0000-0000-0000-000000000000}\r\n\r\nAccount Whose Credentials Were Used:\r\n\tAccount Name:\t\tuser-01\r\n\tAccount Domain:\t\tmiacsdomain\r\n\tLogon GUID:\t\t{8159d91f-96c1-3c09-269d-48fe8854425c}\r\n\r\nTarget Server:\r\n\tTarget Server Name:\tlocalhost\r\n\tAdditional Information:\tlocalhost\r\n\r\nProcess Information:\r\n\tProcess ID:\t\t0x288\r\n\tProcess Name:\t\tC:\\Windows\\System32\\lsass.exe\r\n\r\nNetwork Information:\r\n\tNetwork Address:\t-\r\n\tPort:\t\t\t-\r\n\r\nThis event is generated when a process attempts to log on an account by explicitly specifying that account’s credentials.  This most commonly occurs in batch-type configurations such as scheduled tasks, or when using the RUNAS command.","_time":"2026-08-27T06:02:07.945+0200","host":"Win-10","index":"main","linecount":"38","punct":"//_::._====-..=___.===_===______.\\r\\r:\\rt_:tt---\\rt_:t","source":"WinEventLog:Security","sourcetype":"WinEventLog:Security","splunk_server":"splunk-virtual-machine"}}
{"preview":false,"result":{"ComputerName":"Win-10.miacsdomain.com","Details":"00000409","EventCode":"13","EventType":["4","SetValue"],"Image":"C:\\Windows\\system32\\LogonUI.exe","Keywords":"None","LogName":"Microsoft-Windows-Sysmon/Operational","Message":"Registry value set:\r\nRuleName: -\r\nEventType: SetValue\r\nUtcTime: 2026-08-27 04:02:07.920\r\nProcessGuid: {3f87e246-b067-6a8f-d902-000000001600}\r\nProcessId: 3892\r\nImage: C:\\Windows\\system32\\LogonUI.exe\r\nTargetObject: HKU\\.DEFAULT\\Keyboard Layout\\Preload\\2\r\nDetails: 00000409\r\nUser: NT AUTHORITY\\SYSTEM","OpCode":"Info","ProcessGuid":"{3f87e246-b067-6a8f-d902-000000001600}","ProcessId":"3892","RecordNumber":"32948","RuleName":"-","Sid":"S-1-5-18","SidType":"0","SourceName":"Microsoft-Windows-Sysmon","TargetObject":"HKU\\.DEFAULT\\Keyboard Layout\\Preload\\2","TaskCategory":"Registry value set (rule: RegistryEvent)","Type":"Information","User":["NOT_TRANSLATED","NT AUTHORITY\\SYSTEM"],"UtcTime":"2026-08-27 04:02:07.920","_raw":"08/27/2026 06:02:07.932 AM\nLogName=Microsoft-Windows-Sysmon/Operational\nEventCode=13\nEventType=4\nComputerName=Win-10.miacsdomain.com\nUser=NOT_TRANSLATED\nSid=S-1-5-18\nSidType=0\nSourceName=Microsoft-Windows-Sysmon\nType=Information\nRecordNumber=32948\nKeywords=None\nTaskCategory=Registry value set (rule: RegistryEvent)\nOpCode=Info\nMessage=Registry value set:\r\nRuleName: -\r\nEventType: SetValue\r\nUtcTime: 2026-08-27 04:02:07.920\r\nProcessGuid: {3f87e246-b067-6a8f-d902-000000001600}\r\nProcessId: 3892\r\nImage: C:\\Windows\\system32\\LogonUI.exe\r\nTargetObject: HKU\\.DEFAULT\\Keyboard Layout\\Preload\\2\r\nDetails: 00000409\r\nUser: NT AUTHORITY\\SYSTEM","_time":"2026-08-27T06:02:07.932+0200","host":"Win-10","index":"main","linecount":"24","punct":"//_::._=--/===-..==---==--====___(:_)==__:\\r:_-\\r:_\\r","source":"WinEventLog:Microsoft-Windows-Sysmon/Operational","sourcetype":"WinEventLog:Microsoft-Windows-Sysmon/Operational","splunk_server":"splunk-virtual-machine"}}
{"preview":false,"result":{"ComputerName":"Win-10.miacsdomain.com","Details":"0000040a","EventCode":"13","EventType":["4","SetValue"],"Image":"C:\\Windows\\system32\\LogonUI.exe","Keywords":"None","LogName":"Microsoft-Windows-Sysmon/Operational","Message":"Registry value set:\r\nRuleName: -\r\nEventType: SetValue\r\nUtcTime: 2026-08-27 04:02:07.920\r\nProcessGuid: {3f87e246-b067-6a8f-d902-000000001600}\r\nProcessId: 3892\r\nImage: C:\\Windows\\system32\\LogonUI.exe\r\nTargetObject: HKU\\.DEFAULT\\Keyboard Layout\\Substitutes\\d0010409\r\nDetails: 0000040a\r\nUser: NT AUTHORITY\\SYSTEM","OpCode":"Info","ProcessGuid":"{3f87e246-b067-6a8f-d902-000000001600}","ProcessId":"3892","RecordNumber":"32947","RuleName":"-","Sid":"S-1-5-18","SidType":"0","SourceName":"Microsoft-Windows-Sysmon","TargetObject":"HKU\\.DEFAULT\\Keyboard Layout\\Substitutes\\d0010409","TaskCategory":"Registry value set (rule: RegistryEvent)","Type":"Information","User":["NOT_TRANSLATED","NT AUTHORITY\\SYSTEM"],"UtcTime":"2026-08-27 04:02:07.920","_raw":"08/27/2026 06:02:07.932 AM\nLogName=Microsoft-Windows-Sysmon/Operational\nEventCode=13\nEventType=4\nComputerName=Win-10.miacsdomain.com\nUser=NOT_TRANSLATED\nSid=S-1-5-18\nSidType=0\nSourceName=Microsoft-Windows-Sysmon\nType=Information\nRecordNumber=32947\nKeywords=None\nTaskCategory=Registry value set (rule: RegistryEvent)\nOpCode=Info\nMessage=Registry value set:\r\nRuleName: -\r\nEventType: SetValue\r\nUtcTime: 2026-08-27 04:02:07.920\r\nProcessGuid: {3f87e246-b067-6a8f-d902-000000001600}\r\nProcessId: 3892\r\nImage: C:\\Windows\\system32\\LogonUI.exe\r\nTargetObject: HKU\\.DEFAULT\\Keyboard Layout\\Substitutes\\d0010409\r\nDetails: 0000040a\r\nUser: NT AUTHORITY\\SYSTEM","_time":"2026-08-27T06:02:07.932+0200","host":"Win-10","index":"main","linecount":"24","punct":"//_::._=--/===-..==---==--====___(:_)==__:\\r:_-\\r:_\\r","source":"WinEventLog:Microsoft-Windows-Sysmon/Operational","sourcetype":"WinEventLog:Microsoft-Windows-Sysmon/Operational","splunk_server":"splunk-virtual-machine"}}
{"preview":false,"result":{"ComputerName":"Win-10.miacsdomain.com","Details":"d0010409","EventCode":"13","EventType":["4","SetValue"],"Image":"C:\\Windows\\system32\\LogonUI.exe","Keywords":"None","LogName":"Microsoft-Windows-Sysmon/Operational","Message":"Registry value set:\r\nRuleName: -\r\nEventType: SetValue\r\nUtcTime: 2026-08-27 04:02:07.920\r\nProcessGuid: {3f87e246-b067-6a8f-d902-000000001600}\r\nProcessId: 3892\r\nImage: C:\\Windows\\system32\\LogonUI.exe\r\nTargetObject: HKU\\.DEFAULT\\Keyboard Layout\\Preload\\1\r\nDetails: d0010409\r\nUser: NT AUTHORITY\\SYSTEM","OpCode":"Info","ProcessGuid":"{3f87e246-b067-6a8f-d902-000000001600}","ProcessId":"3892","RecordNumber":"32946","RuleName":"-","Sid":"S-1-5-18","SidType":"0","SourceName":"Microsoft-Windows-Sysmon","TargetObject":"HKU\\.DEFAULT\\Keyboard Layout\\Preload\\1","TaskCategory":"Registry value set (rule: RegistryEvent)","Type":"Information","User":["NOT_TRANSLATED","NT AUTHORITY\\SYSTEM"],"UtcTime":"2026-08-27 04:02:07.920","_raw":"08/27/2026 06:02:07.932 AM\nLogName=Microsoft-Windows-Sysmon/Operational\nEventCode=13\nEventType=4\nComputerName=Win-10.miacsdomain.com\nUser=NOT_TRANSLATED\nSid=S-1-5-18\nSidType=0\nSourceName=Microsoft-Windows-Sysmon\nType=Information\nRecordNumber=32946\nKeywords=None\nTaskCategory=Registry value set (rule: RegistryEvent)\nOpCode=Info\nMessage=Registry value set:\r\nRuleName: -\r\nEventType: SetValue\r\nUtcTime: 2026-08-27 04:02:07.920\r\nProcessGuid: {3f87e246-b067-6a8f-d902-000000001600}\r\nProcessId: 3892\r\nImage: C:\\Windows\\system32\\LogonUI.exe\r\nTargetObject: HKU\\.DEFAULT\\Keyboard Layout\\Preload\\1\r\nDetails: d0010409\r\nUser: NT AUTHORITY\\SYSTEM","_time":"2026-08-27T06:02:07.932+0200","host":"Win-10","index":"main","linecount":"24","punct":"//_::._=--/===-..==---==--====___(:_)==__:\\r:_-\\r:_\\r","source":"WinEventLog:Microsoft-Windows-Sysmon/Operational","sourcetype":"WinEventLog:Microsoft-Windows-Sysmon/Operational","splunk_server":"splunk-virtual-machine"}}
{"preview":false,"result":{"ComputerName":"Win-10.miacsdomain.com","EventCode":"12","EventType":["4","DeleteValue"],"Image":"C:\\Windows\\system32\\LogonUI.exe","Keywords":"None","LogName":"Microsoft-Windows-Sysmon/Operational","Message":"Registry object added or deleted:\r\nRuleName: -\r\nEventType: DeleteValue\r\nUtcTime: 2026-08-27 04:02:07.920\r\nProcessGuid: {3f87e246-b067-6a8f-d902-000000001600}\r\nProcessId: 3892\r\nImage: C:\\Windows\\system32\\LogonUI.exe\r\nTargetObject: HKU\\.DEFAULT\\Keyboard Layout\\Substitutes\\d0010409\r\nUser: NT AUTHORITY\\SYSTEM","OpCode":"Info","ProcessGuid":"{3f87e246-b067-6a8f-d902-000000001600}","ProcessId":"3892","RecordNumber":"32945","RuleName":"-","Sid":"S-1-5-18","SidType":"0","SourceName":"Microsoft-Windows-Sysmon","TargetObject":"HKU\\.DEFAULT\\Keyboard Layout\\Substitutes\\d0010409","TaskCategory":"Registry object added or deleted (rule: RegistryEvent)","Type":"Information","User":["NOT_TRANSLATED","NT AUTHORITY\\SYSTEM"],"UtcTime":"2026-08-27 04:02:07.920","_raw":"08/27/2026 06:02:07.932 AM\nLogName=Microsoft-Windows-Sysmon/Operational\nEventCode=12\nEventType=4\nComputerName=Win-10.miacsdomain.com\nUser=NOT_TRANSLATED\nSid=S-1-5-18\nSidType=0\nSourceName=Microsoft-Windows-Sysmon\nType=Information\nRecordNumber=32945\nKeywords=None\nTaskCategory=Registry object added or deleted (rule: RegistryEvent)\nOpCode=Info\nMessage=Registry object added or deleted:\r\nRuleName: -\r\nEventType: DeleteValue\r\nUtcTime: 2026-08-27 04:02:07.920\r\nProcessGuid: {3f87e246-b067-6a8f-d902-000000001600}\r\nProcessId: 3892\r\nImage: C:\\Windows\\system32\\LogonUI.exe\r\nTargetObject: HKU\\.DEFAULT\\Keyboard Layout\\Substitutes\\d0010409\r\nUser: NT AUTHORITY\\SYSTEM","_time":"2026-08-27T06:02:07.932+0200","host":"Win-10","index":"main","linecount":"23","punct":"//_::._=--/===-..==---==--====_____(:_)==____:\\r:_-","source":"WinEventLog:Microsoft-Windows-Sysmon/Operational","sourcetype":"WinEventLog:Microsoft-Windows-Sysmon/Operational","splunk_server":"splunk-virtual-machine"}}
{"preview":false,"result":{"ComputerName":"Win-10.miacsdomain.com","EventCode":"12","EventType":["4","DeleteValue"],"Image":"C:\\Windows\\system32\\LogonUI.exe","Keywords":"None","LogName":"Microsoft-Windows-Sysmon/Operational","Message":"Registry object added or deleted:\r\nRuleName: -\r\nEventType: DeleteValue\r\nUtcTime: 2026-08-27 04:02:07.920\r\nProcessGuid: {3f87e246-b067-6a8f-d902-000000001600}\r\nProcessId: 3892\r\nImage: C:\\Windows\\system32\\LogonUI.exe\r\nTargetObject: HKU\\.DEFAULT\\Keyboard Layout\\Preload\\2\r\nUser: NT AUTHORITY\\SYSTEM","OpCode":"Info","ProcessGuid":"{3f87e246-b067-6a8f-d902-000000001600}","ProcessId":"3892","RecordNumber":"32944","RuleName":"-","Sid":"S-1-5-18","SidType":"0","SourceName":"Microsoft-Windows-Sysmon","TargetObject":"HKU\\.DEFAULT\\Keyboard Layout\\Preload\\2","TaskCategory":"Registry object added or deleted (rule: RegistryEvent)","Type":"Information","User":["NOT_TRANSLATED","NT AUTHORITY\\SYSTEM"],"UtcTime":"2026-08-27 04:02:07.920","_raw":"08/27/2026 06:02:07.932 AM\nLogName=Microsoft-Windows-Sysmon/Operational\nEventCode=12\nEventType=4\nComputerName=Win-10.miacsdomain.com\nUser=NOT_TRANSLATED\nSid=S-1-5-18\nSidType=0\nSourceName=Microsoft-Windows-Sysmon\nType=Information\nRecordNumber=32944\nKeywords=None\nTaskCategory=Registry object added or deleted (rule: RegistryEvent)\nOpCode=Info\nMessage=Registry object added or deleted:\r\nRuleName: -\r\nEventType: DeleteValue\r\nUtcTime: 2026-08-27 04:02:07.920\r\nProcessGuid: {3f87e246-b067-6a8f-d902-000000001600}\r\nProcessId: 3892\r\nImage: C:\\Windows\\system32\\LogonUI.exe\r\nTargetObject: HKU\\.DEFAULT\\Keyboard Layout\\Preload\\2\r\nUser: NT AUTHORITY\\SYSTEM","_time":"2026-08-27T06:02:07.932+0200","host":"Win-10","index":"main","linecount":"23","punct":"//_::._=--/===-..==---==--====_____(:_)==____:\\r:_-","source":"WinEventLog:Microsoft-Windows-Sysmon/Operational","sourcetype":"WinEventLog:Microsoft-Windows-Sysmon/Operational","splunk_server":"splunk-virtual-machine"}}
