{"preview":false,"result":{"Account_Domain":"miacsdomain","Account_Name":"user-01","ComputerName":"Win-10.miacsdomain.com","EventCode":"5379","EventType":"0","Keywords":"Audit Success","LogName":"Security","Logon_ID":"0x4C761C","Message":"Credential Manager credentials were read.\r\n\r\nSubject:\r\n\tSecurity ID:\t\tS-1-5-21-246749117-2054088174-1189330396-1105\r\n\tAccount Name:\t\tuser-01\r\n\tAccount Domain:\t\tmiacsdomain\r\n\tLogon ID:\t\t0x4C761C\r\n\tRead Operation:\t\tEnumerate Credentials\r\n\r\nThis event occurs when a user performs a read operation on stored credentials in Credential Manager.","OpCode":"Info","Read_Operation":"Enumerate Credentials","RecordNumber":"17151","Security_ID":"S-1-5-21-246749117-2054088174-1189330396-1105","SourceName":"Microsoft Windows security auditing.","TaskCategory":"User Account Management","Type":"Information","_raw":"08/27/2026 06:02:09.582 AM\nLogName=Security\nEventCode=5379\nEventType=0\nComputerName=Win-10.miacsdomain.com\nSourceName=Microsoft Windows security auditing.\nType=Information\nRecordNumber=17151\nKeywords=Audit Success\nTaskCategory=User Account Management\nOpCode=Info\nMessage=Credential Manager credentials were read.\r\n\r\nSubject:\r\n\tSecurity ID:\t\tS-1-5-21-246749117-2054088174-1189330396-1105\r\n\tAccount Name:\t\tuser-01\r\n\tAccount Domain:\t\tmiacsdomain\r\n\tLogon ID:\t\t0x4C761C\r\n\tRead Operation:\t\tEnumerate Credentials\r\n\r\nThis event occurs when a user performs a read operation on stored credentials in Credential Manager.","_time":"2026-08-27T06:02:09.582+0200","host":"Win-10","index":"main","linecount":"21","punct":"//_::._====-..=___.===_=__==____.\\r\\r:\\rt_:tt-------\\r","source":"WinEventLog:Security","sourcetype":"WinEventLog:Security","splunk_server":"splunk-virtual-machine"}}
{"preview":false,"result":{"Account_Domain":"miacsdomain","Account_Name":"user-01","ComputerName":"Win-10.miacsdomain.com","EventCode":"5379","EventType":"0","Keywords":"Audit Success","LogName":"Security","Logon_ID":"0x4C761C","Message":"Credential Manager credentials were read.\r\n\r\nSubject:\r\n\tSecurity ID:\t\tS-1-5-21-246749117-2054088174-1189330396-1105\r\n\tAccount Name:\t\tuser-01\r\n\tAccount Domain:\t\tmiacsdomain\r\n\tLogon ID:\t\t0x4C761C\r\n\tRead Operation:\t\tEnumerate Credentials\r\n\r\nThis event occurs when a user performs a read operation on stored credentials in Credential Manager.","OpCode":"Info","Read_Operation":"Enumerate Credentials","RecordNumber":"17150","Security_ID":"S-1-5-21-246749117-2054088174-1189330396-1105","SourceName":"Microsoft Windows security auditing.","TaskCategory":"User Account Management","Type":"Information","_raw":"08/27/2026 06:02:09.582 AM\nLogName=Security\nEventCode=5379\nEventType=0\nComputerName=Win-10.miacsdomain.com\nSourceName=Microsoft Windows security auditing.\nType=Information\nRecordNumber=17150\nKeywords=Audit Success\nTaskCategory=User Account Management\nOpCode=Info\nMessage=Credential Manager credentials were read.\r\n\r\nSubject:\r\n\tSecurity ID:\t\tS-1-5-21-246749117-2054088174-1189330396-1105\r\n\tAccount Name:\t\tuser-01\r\n\tAccount Domain:\t\tmiacsdomain\r\n\tLogon ID:\t\t0x4C761C\r\n\tRead Operation:\t\tEnumerate Credentials\r\n\r\nThis event occurs when a user performs a read operation on stored credentials in Credential Manager.","_time":"2026-08-27T06:02:09.582+0200","host":"Win-10","index":"main","linecount":"21","punct":"//_::._====-..=___.===_=__==____.\\r\\r:\\rt_:tt-------\\r","source":"WinEventLog:Security","sourcetype":"WinEventLog:Security","splunk_server":"splunk-virtual-machine"}}
{"preview":false,"result":{"Account_Domain":"miacsdomain","Account_Name":"user-01","ComputerName":"Win-10.miacsdomain.com","EventCode":"5379","EventType":"0","Keywords":"Audit Success","LogName":"Security","Logon_ID":"0x4C761C","Message":"Credential Manager credentials were read.\r\n\r\nSubject:\r\n\tSecurity ID:\t\tS-1-5-21-246749117-2054088174-1189330396-1105\r\n\tAccount Name:\t\tuser-01\r\n\tAccount Domain:\t\tmiacsdomain\r\n\tLogon ID:\t\t0x4C761C\r\n\tRead Operation:\t\tEnumerate Credentials\r\n\r\nThis event occurs when a user performs a read operation on stored credentials in Credential Manager.","OpCode":"Info","Read_Operation":"Enumerate Credentials","RecordNumber":"17149","Security_ID":"S-1-5-21-246749117-2054088174-1189330396-1105","SourceName":"Microsoft Windows security auditing.","TaskCategory":"User Account Management","Type":"Information","_raw":"08/27/2026 06:02:09.575 AM\nLogName=Security\nEventCode=5379\nEventType=0\nComputerName=Win-10.miacsdomain.com\nSourceName=Microsoft Windows security auditing.\nType=Information\nRecordNumber=17149\nKeywords=Audit Success\nTaskCategory=User Account Management\nOpCode=Info\nMessage=Credential Manager credentials were read.\r\n\r\nSubject:\r\n\tSecurity ID:\t\tS-1-5-21-246749117-2054088174-1189330396-1105\r\n\tAccount Name:\t\tuser-01\r\n\tAccount Domain:\t\tmiacsdomain\r\n\tLogon ID:\t\t0x4C761C\r\n\tRead Operation:\t\tEnumerate Credentials\r\n\r\nThis event occurs when a user performs a read operation on stored credentials in Credential Manager.","_time":"2026-08-27T06:02:09.575+0200","host":"Win-10","index":"main","linecount":"21","punct":"//_::._====-..=___.===_=__==____.\\r\\r:\\rt_:tt-------\\r","source":"WinEventLog:Security","sourcetype":"WinEventLog:Security","splunk_server":"splunk-virtual-machine"}}
{"preview":false,"result":{"Account_Domain":"miacsdomain","Account_Name":"user-01","ComputerName":"Win-10.miacsdomain.com","EventCode":"5379","EventType":"0","Keywords":"Audit Success","LogName":"Security","Logon_ID":"0x4C761C","Message":"Credential Manager credentials were read.\r\n\r\nSubject:\r\n\tSecurity ID:\t\tS-1-5-21-246749117-2054088174-1189330396-1105\r\n\tAccount Name:\t\tuser-01\r\n\tAccount Domain:\t\tmiacsdomain\r\n\tLogon ID:\t\t0x4C761C\r\n\tRead Operation:\t\tEnumerate Credentials\r\n\r\nThis event occurs when a user performs a read operation on stored credentials in Credential Manager.","OpCode":"Info","Read_Operation":"Enumerate Credentials","RecordNumber":"17148","Security_ID":"S-1-5-21-246749117-2054088174-1189330396-1105","SourceName":"Microsoft Windows security auditing.","TaskCategory":"User Account Management","Type":"Information","_raw":"08/27/2026 06:02:09.575 AM\nLogName=Security\nEventCode=5379\nEventType=0\nComputerName=Win-10.miacsdomain.com\nSourceName=Microsoft Windows security auditing.\nType=Information\nRecordNumber=17148\nKeywords=Audit Success\nTaskCategory=User Account Management\nOpCode=Info\nMessage=Credential Manager credentials were read.\r\n\r\nSubject:\r\n\tSecurity ID:\t\tS-1-5-21-246749117-2054088174-1189330396-1105\r\n\tAccount Name:\t\tuser-01\r\n\tAccount Domain:\t\tmiacsdomain\r\n\tLogon ID:\t\t0x4C761C\r\n\tRead Operation:\t\tEnumerate Credentials\r\n\r\nThis event occurs when a user performs a read operation on stored credentials in Credential Manager.","_time":"2026-08-27T06:02:09.575+0200","host":"Win-10","index":"main","linecount":"21","punct":"//_::._====-..=___.===_=__==____.\\r\\r:\\rt_:tt-------\\r","source":"WinEventLog:Security","sourcetype":"WinEventLog:Security","splunk_server":"splunk-virtual-machine"}}
{"preview":false,"result":{"Account_Domain":"miacsdomain","Account_Name":"user-01","ComputerName":"Win-10.miacsdomain.com","EventCode":"5379","EventType":"0","Keywords":"Audit Success","LogName":"Security","Logon_ID":"0x4C761C","Message":"Credential Manager credentials were read.\r\n\r\nSubject:\r\n\tSecurity ID:\t\tS-1-5-21-246749117-2054088174-1189330396-1105\r\n\tAccount Name:\t\tuser-01\r\n\tAccount Domain:\t\tmiacsdomain\r\n\tLogon ID:\t\t0x4C761C\r\n\tRead Operation:\t\tEnumerate Credentials\r\n\r\nThis event occurs when a user performs a read operation on stored credentials in Credential Manager.","OpCode":"Info","Read_Operation":"Enumerate Credentials","RecordNumber":"17147","Security_ID":"S-1-5-21-246749117-2054088174-1189330396-1105","SourceName":"Microsoft Windows security auditing.","TaskCategory":"User Account Management","Type":"Information","_raw":"08/27/2026 06:02:09.575 AM\nLogName=Security\nEventCode=5379\nEventType=0\nComputerName=Win-10.miacsdomain.com\nSourceName=Microsoft Windows security auditing.\nType=Information\nRecordNumber=17147\nKeywords=Audit Success\nTaskCategory=User Account Management\nOpCode=Info\nMessage=Credential Manager credentials were read.\r\n\r\nSubject:\r\n\tSecurity ID:\t\tS-1-5-21-246749117-2054088174-1189330396-1105\r\n\tAccount Name:\t\tuser-01\r\n\tAccount Domain:\t\tmiacsdomain\r\n\tLogon ID:\t\t0x4C761C\r\n\tRead Operation:\t\tEnumerate Credentials\r\n\r\nThis event occurs when a user performs a read operation on stored credentials in Credential Manager.","_time":"2026-08-27T06:02:09.575+0200","host":"Win-10","index":"main","linecount":"21","punct":"//_::._====-..=___.===_=__==____.\\r\\r:\\rt_:tt-------\\r","source":"WinEventLog:Security","sourcetype":"WinEventLog:Security","splunk_server":"splunk-virtual-machine"}}
{"preview":false,"result":{"Account_Domain":"miacsdomain","Account_Name":"WIN-10$","ComputerName":"Win-10.miacsdomain.com","EventCode":"5379","EventType":"0","Keywords":"Audit Success","LogName":"Security","Logon_ID":"0x3E7","Message":"Credential Manager credentials were read.\r\n\r\nSubject:\r\n\tSecurity ID:\t\tS-1-5-18\r\n\tAccount Name:\t\tWIN-10$\r\n\tAccount Domain:\t\tmiacsdomain\r\n\tLogon ID:\t\t0x3E7\r\n\tRead Operation:\t\tEnumerate Credentials\r\n\r\nThis event occurs when a user performs a read operation on stored credentials in Credential Manager.","OpCode":"Info","Read_Operation":"Enumerate Credentials","RecordNumber":"17146","Security_ID":"S-1-5-18","SourceName":"Microsoft Windows security auditing.","TaskCategory":"User Account Management","Type":"Information","_raw":"08/27/2026 06:02:09.574 AM\nLogName=Security\nEventCode=5379\nEventType=0\nComputerName=Win-10.miacsdomain.com\nSourceName=Microsoft Windows security auditing.\nType=Information\nRecordNumber=17146\nKeywords=Audit Success\nTaskCategory=User Account Management\nOpCode=Info\nMessage=Credential Manager credentials were read.\r\n\r\nSubject:\r\n\tSecurity ID:\t\tS-1-5-18\r\n\tAccount Name:\t\tWIN-10$\r\n\tAccount Domain:\t\tmiacsdomain\r\n\tLogon ID:\t\t0x3E7\r\n\tRead Operation:\t\tEnumerate Credentials\r\n\r\nThis event occurs when a user performs a read operation on stored credentials in Credential Manager.","_time":"2026-08-27T06:02:09.574+0200","host":"Win-10","index":"main","linecount":"21","punct":"//_::._====-..=___.===_=__==____.\\r\\r:\\rt_:tt---\\rt_:t","source":"WinEventLog:Security","sourcetype":"WinEventLog:Security","splunk_server":"splunk-virtual-machine"}}
{"preview":false,"result":{"Account_Domain":"miacsdomain","Account_Name":"WIN-10$","ComputerName":"Win-10.miacsdomain.com","EventCode":"5379","EventType":"0","Keywords":"Audit Success","LogName":"Security","Logon_ID":"0x3E7","Message":"Credential Manager credentials were read.\r\n\r\nSubject:\r\n\tSecurity ID:\t\tS-1-5-18\r\n\tAccount Name:\t\tWIN-10$\r\n\tAccount Domain:\t\tmiacsdomain\r\n\tLogon ID:\t\t0x3E7\r\n\tRead Operation:\t\tEnumerate Credentials\r\n\r\nThis event occurs when a user performs a read operation on stored credentials in Credential Manager.","OpCode":"Info","Read_Operation":"Enumerate Credentials","RecordNumber":"17145","Security_ID":"S-1-5-18","SourceName":"Microsoft Windows security auditing.","TaskCategory":"User Account Management","Type":"Information","_raw":"08/27/2026 06:02:09.574 AM\nLogName=Security\nEventCode=5379\nEventType=0\nComputerName=Win-10.miacsdomain.com\nSourceName=Microsoft Windows security auditing.\nType=Information\nRecordNumber=17145\nKeywords=Audit Success\nTaskCategory=User Account Management\nOpCode=Info\nMessage=Credential Manager credentials were read.\r\n\r\nSubject:\r\n\tSecurity ID:\t\tS-1-5-18\r\n\tAccount Name:\t\tWIN-10$\r\n\tAccount Domain:\t\tmiacsdomain\r\n\tLogon ID:\t\t0x3E7\r\n\tRead Operation:\t\tEnumerate Credentials\r\n\r\nThis event occurs when a user performs a read operation on stored credentials in Credential Manager.","_time":"2026-08-27T06:02:09.574+0200","host":"Win-10","index":"main","linecount":"21","punct":"//_::._====-..=___.===_=__==____.\\r\\r:\\rt_:tt---\\rt_:t","source":"WinEventLog:Security","sourcetype":"WinEventLog:Security","splunk_server":"splunk-virtual-machine"}}
{"preview":false,"result":{"Account_Domain":"miacsdomain","Account_Name":"WIN-10$","ComputerName":"Win-10.miacsdomain.com","EventCode":"5379","EventType":"0","Keywords":"Audit Success","LogName":"Security","Logon_ID":"0x3E7","Message":"Credential Manager credentials were read.\r\n\r\nSubject:\r\n\tSecurity ID:\t\tS-1-5-18\r\n\tAccount Name:\t\tWIN-10$\r\n\tAccount Domain:\t\tmiacsdomain\r\n\tLogon ID:\t\t0x3E7\r\n\tRead Operation:\t\tEnumerate Credentials\r\n\r\nThis event occurs when a user performs a read operation on stored credentials in Credential Manager.","OpCode":"Info","Read_Operation":"Enumerate Credentials","RecordNumber":"17144","Security_ID":"S-1-5-18","SourceName":"Microsoft Windows security auditing.","TaskCategory":"User Account Management","Type":"Information","_raw":"08/27/2026 06:02:09.574 AM\nLogName=Security\nEventCode=5379\nEventType=0\nComputerName=Win-10.miacsdomain.com\nSourceName=Microsoft Windows security auditing.\nType=Information\nRecordNumber=17144\nKeywords=Audit Success\nTaskCategory=User Account Management\nOpCode=Info\nMessage=Credential Manager credentials were read.\r\n\r\nSubject:\r\n\tSecurity ID:\t\tS-1-5-18\r\n\tAccount Name:\t\tWIN-10$\r\n\tAccount Domain:\t\tmiacsdomain\r\n\tLogon ID:\t\t0x3E7\r\n\tRead Operation:\t\tEnumerate Credentials\r\n\r\nThis event occurs when a user performs a read operation on stored credentials in Credential Manager.","_time":"2026-08-27T06:02:09.574+0200","host":"Win-10","index":"main","linecount":"21","punct":"//_::._====-..=___.===_=__==____.\\r\\r:\\rt_:tt---\\rt_:t","source":"WinEventLog:Security","sourcetype":"WinEventLog:Security","splunk_server":"splunk-virtual-machine"}}
{"preview":false,"result":{"CommandLine":"C:\\Windows\\System32\\slui.exe -Embedding","Company":"Microsoft Corporation","ComputerName":"Win-10.miacsdomain.com","CurrentDirectory":"C:\\Windows\\system32\\","Description":"Windows Activation Client","EventCode":"1","EventType":"4","FileVersion":"10.0.19041.3636 (WinBuild.160101.0800)","Hashes":"MD5=D46E8D1455C8CB43555F76FB77BF7E99,SHA256=E8AEDE3B2E70E058FF15091FFC5C9694A0B5AB0A83D9E1EE31FF3A1DB2D1DB21,IMPHASH=F2014F5555EEFEC494A169DEEBA0FEE5","Image":"C:\\Windows\\System32\\slui.exe","IntegrityLevel":"Medium","Keywords":"None","LogName":"Microsoft-Windows-Sysmon/Operational","LogonGuid":"{3f87e246-b6bf-6a8f-1c76-4c0000000000}","LogonId":"0x4C761C","Message":"Process Create:\r\nRuleName: -\r\nUtcTime: 2026-08-27 04:02:09.169\r\nProcessGuid: {3f87e246-b6c1-6a8f-ae03-000000001600}\r\nProcessId: 5968\r\nImage: C:\\Windows\\System32\\slui.exe\r\nFileVersion: 10.0.19041.3636 (WinBuild.160101.0800)\r\nDescription: Windows Activation Client\r\nProduct: Microsoft® Windows® Operating System\r\nCompany: Microsoft Corporation\r\nOriginalFileName: slui.exe\r\nCommandLine: C:\\Windows\\System32\\slui.exe -Embedding\r\nCurrentDirectory: C:\\Windows\\system32\\\r\nUser: miacsdomain\\user-01\r\nLogonGuid: {3f87e246-b6bf-6a8f-1c76-4c0000000000}\r\nLogonId: 0x4C761C\r\nTerminalSessionId: 5\r\nIntegrityLevel: Medium\r\nHashes: MD5=D46E8D1455C8CB43555F76FB77BF7E99,SHA256=E8AEDE3B2E70E058FF15091FFC5C9694A0B5AB0A83D9E1EE31FF3A1DB2D1DB21,IMPHASH=F2014F5555EEFEC494A169DEEBA0FEE5\r\nParentProcessGuid: {00000000-0000-0000-0000-000000000000}\r\nParentProcessId: 752\r\nParentImage: -\r\nParentCommandLine: -\r\nParentUser: -","OpCode":"Info","OriginalFileName":"slui.exe","ParentCommandLine":"-","ParentImage":"-","ParentProcessGuid":"{00000000-0000-0000-0000-000000000000}","ParentProcessId":"752","ParentUser":"-","ProcessGuid":"{3f87e246-b6c1-6a8f-ae03-000000001600}","ProcessId":"5968","Product":"Microsoft® Windows® Operating System","RecordNumber":"33001","RuleName":"-","Sid":"S-1-5-18","SidType":"0","SourceName":"Microsoft-Windows-Sysmon","TaskCategory":"Process Create (rule: ProcessCreate)","TerminalSessionId":"5","Type":"Information","User":["NOT_TRANSLATED","miacsdomain\\user-01"],"UtcTime":"2026-08-27 04:02:09.169","_raw":"08/27/2026 06:02:09.172 AM\nLogName=Microsoft-Windows-Sysmon/Operational\nEventCode=1\nEventType=4\nComputerName=Win-10.miacsdomain.com\nUser=NOT_TRANSLATED\nSid=S-1-5-18\nSidType=0\nSourceName=Microsoft-Windows-Sysmon\nType=Information\nRecordNumber=33001\nKeywords=None\nTaskCategory=Process Create (rule: ProcessCreate)\nOpCode=Info\nMessage=Process Create:\r\nRuleName: -\r\nUtcTime: 2026-08-27 04:02:09.169\r\nProcessGuid: {3f87e246-b6c1-6a8f-ae03-000000001600}\r\nProcessId: 5968\r\nImage: C:\\Windows\\System32\\slui.exe\r\nFileVersion: 10.0.19041.3636 (WinBuild.160101.0800)\r\nDescription: Windows Activation Client\r\nProduct: Microsoft® Windows® Operating System\r\nCompany: Microsoft Corporation\r\nOriginalFileName: slui.exe\r\nCommandLine: C:\\Windows\\System32\\slui.exe -Embedding\r\nCurrentDirectory: C:\\Windows\\system32\\\r\nUser: miacsdomain\\user-01\r\nLogonGuid: {3f87e246-b6bf-6a8f-1c76-4c0000000000}\r\nLogonId: 0x4C761C\r\nTerminalSessionId: 5\r\nIntegrityLevel: Medium\r\nHashes: MD5=D46E8D1455C8CB43555F76FB77BF7E99,SHA256=E8AEDE3B2E70E058FF15091FFC5C9694A0B5AB0A83D9E1EE31FF3A1DB2D1DB21,IMPHASH=F2014F5555EEFEC494A169DEEBA0FEE5\r\nParentProcessGuid: {00000000-0000-0000-0000-000000000000}\r\nParentProcessId: 752\r\nParentImage: -\r\nParentCommandLine: -\r\nParentUser: -","_time":"2026-08-27T06:02:09.172+0200","host":"Win-10","index":"main","linecount":"38","punct":"//_::._=--/===-..==---==--====__(:_)==_:\\r:_-\\r:_--_","source":"WinEventLog:Microsoft-Windows-Sysmon/Operational","sourcetype":"WinEventLog:Microsoft-Windows-Sysmon/Operational","splunk_server":"splunk-virtual-machine"}}
{"preview":false,"result":{"CommandLine":"\"C:\\Windows\\System32\\SLUI.exe\" RuleId=31e71c49-8da7-4a2f-ad92-45d98a1c79ba;Action=AutoActivate;AppId=55c92734-d682-4d71-983e-d6ec3f16059f;SkuId=4de7cb65-cdf1-4de9-8ae8-e3cce27b9f2c;NotificationInterval=1440;Trigger=UserLogon;SessionId=5","Company":"Microsoft Corporation","ComputerName":"Win-10.miacsdomain.com","CurrentDirectory":"C:\\Windows\\system32\\","Description":"Windows Activation Client","EventCode":"1","EventType":"4","FileVersion":"10.0.19041.3636 (WinBuild.160101.0800)","Hashes":"MD5=D46E8D1455C8CB43555F76FB77BF7E99,SHA256=E8AEDE3B2E70E058FF15091FFC5C9694A0B5AB0A83D9E1EE31FF3A1DB2D1DB21,IMPHASH=F2014F5555EEFEC494A169DEEBA0FEE5","Image":"C:\\Windows\\System32\\slui.exe","IntegrityLevel":"System","Keywords":"None","LogName":"Microsoft-Windows-Sysmon/Operational","LogonGuid":"{3f87e246-a65a-6a8f-e403-000000000000}","LogonId":"0x3E4","Message":"Process Create:\r\nRuleName: -\r\nUtcTime: 2026-08-27 04:02:09.148\r\nProcessGuid: {3f87e246-b6c1-6a8f-ad03-000000001600}\r\nProcessId: 5984\r\nImage: C:\\Windows\\System32\\slui.exe\r\nFileVersion: 10.0.19041.3636 (WinBuild.160101.0800)\r\nDescription: Windows Activation Client\r\nProduct: Microsoft® Windows® Operating System\r\nCompany: Microsoft Corporation\r\nOriginalFileName: slui.exe\r\nCommandLine: \"C:\\Windows\\System32\\SLUI.exe\" RuleId=31e71c49-8da7-4a2f-ad92-45d98a1c79ba;Action=AutoActivate;AppId=55c92734-d682-4d71-983e-d6ec3f16059f;SkuId=4de7cb65-cdf1-4de9-8ae8-e3cce27b9f2c;NotificationInterval=1440;Trigger=UserLogon;SessionId=5\r\nCurrentDirectory: C:\\Windows\\system32\\\r\nUser: NT AUTHORITY\\NETWORK SERVICE\r\nLogonGuid: {3f87e246-a65a-6a8f-e403-000000000000}\r\nLogonId: 0x3E4\r\nTerminalSessionId: 0\r\nIntegrityLevel: System\r\nHashes: MD5=D46E8D1455C8CB43555F76FB77BF7E99,SHA256=E8AEDE3B2E70E058FF15091FFC5C9694A0B5AB0A83D9E1EE31FF3A1DB2D1DB21,IMPHASH=F2014F5555EEFEC494A169DEEBA0FEE5\r\nParentProcessGuid: {3f87e246-b6c1-6a8f-ab03-000000001600}\r\nParentProcessId: 4908\r\nParentImage: C:\\Windows\\System32\\SppExtComObj.Exe\r\nParentCommandLine: C:\\Windows\\system32\\SppExtComObj.exe -Embedding\r\nParentUser: NT AUTHORITY\\NETWORK SERVICE","OpCode":"Info","OriginalFileName":"slui.exe","ParentCommandLine":"C:\\Windows\\system32\\SppExtComObj.exe -Embedding","ParentImage":"C:\\Windows\\System32\\SppExtComObj.Exe","ParentProcessGuid":"{3f87e246-b6c1-6a8f-ab03-000000001600}","ParentProcessId":"4908","ParentUser":"NT AUTHORITY\\NETWORK SERVICE","ProcessGuid":"{3f87e246-b6c1-6a8f-ad03-000000001600}","ProcessId":"5984","Product":"Microsoft® Windows® Operating System","RecordNumber":"33000","RuleName":"-","Sid":"S-1-5-18","SidType":"0","SourceName":"Microsoft-Windows-Sysmon","TaskCategory":"Process Create (rule: ProcessCreate)","TerminalSessionId":"0","Type":"Information","User":["NOT_TRANSLATED","NT AUTHORITY\\NETWORK SERVICE"],"UtcTime":"2026-08-27 04:02:09.148","_raw":"08/27/2026 06:02:09.149 AM\nLogName=Microsoft-Windows-Sysmon/Operational\nEventCode=1\nEventType=4\nComputerName=Win-10.miacsdomain.com\nUser=NOT_TRANSLATED\nSid=S-1-5-18\nSidType=0\nSourceName=Microsoft-Windows-Sysmon\nType=Information\nRecordNumber=33000\nKeywords=None\nTaskCategory=Process Create (rule: ProcessCreate)\nOpCode=Info\nMessage=Process Create:\r\nRuleName: -\r\nUtcTime: 2026-08-27 04:02:09.148\r\nProcessGuid: {3f87e246-b6c1-6a8f-ad03-000000001600}\r\nProcessId: 5984\r\nImage: C:\\Windows\\System32\\slui.exe\r\nFileVersion: 10.0.19041.3636 (WinBuild.160101.0800)\r\nDescription: Windows Activation Client\r\nProduct: Microsoft® Windows® Operating System\r\nCompany: Microsoft Corporation\r\nOriginalFileName: slui.exe\r\nCommandLine: \"C:\\Windows\\System32\\SLUI.exe\" RuleId=31e71c49-8da7-4a2f-ad92-45d98a1c79ba;Action=AutoActivate;AppId=55c92734-d682-4d71-983e-d6ec3f16059f;SkuId=4de7cb65-cdf1-4de9-8ae8-e3cce27b9f2c;NotificationInterval=1440;Trigger=UserLogon;SessionId=5\r\nCurrentDirectory: C:\\Windows\\system32\\\r\nUser: NT AUTHORITY\\NETWORK SERVICE\r\nLogonGuid: {3f87e246-a65a-6a8f-e403-000000000000}\r\nLogonId: 0x3E4\r\nTerminalSessionId: 0\r\nIntegrityLevel: System\r\nHashes: MD5=D46E8D1455C8CB43555F76FB77BF7E99,SHA256=E8AEDE3B2E70E058FF15091FFC5C9694A0B5AB0A83D9E1EE31FF3A1DB2D1DB21,IMPHASH=F2014F5555EEFEC494A169DEEBA0FEE5\r\nParentProcessGuid: {3f87e246-b6c1-6a8f-ab03-000000001600}\r\nParentProcessId: 4908\r\nParentImage: C:\\Windows\\System32\\SppExtComObj.Exe\r\nParentCommandLine: C:\\Windows\\system32\\SppExtComObj.exe -Embedding\r\nParentUser: NT AUTHORITY\\NETWORK SERVICE","_time":"2026-08-27T06:02:09.149+0200","host":"Win-10","index":"main","linecount":"38","punct":"//_::._=--/===-..==---==--====__(:_)==_:\\r:_-\\r:_--_","source":"WinEventLog:Microsoft-Windows-Sysmon/Operational","sourcetype":"WinEventLog:Microsoft-Windows-Sysmon/Operational","splunk_server":"splunk-virtual-machine"}}
{"preview":false,"result":{"Archived":"true","ComputerName":"Win-10.miacsdomain.com","EventCode":"23","EventType":"4","Hashes":"MD5=2DE82BDF2E1ADAF6AA6CBF2F26A3CF2B,SHA256=B68E121586EF846DC2BE14897087566AC72F6E6339F193609A5FC6F766E5C4AA,IMPHASH=00000000000000000000000000000000","Image":"C:\\Windows\\Explorer.EXE","IsExecutable":"false","Keywords":"None","LogName":"Microsoft-Windows-Sysmon/Operational","Message":"File Delete archived:\r\nRuleName: -\r\nUtcTime: 2026-08-27 04:02:09.138\r\nProcessGuid: {3f87e246-b6c0-6a8f-a303-000000001600}\r\nProcessId: 312\r\nUser: miacsdomain\\user-01\r\nImage: C:\\Windows\\Explorer.EXE\r\nTargetFilename: C:\\Users\\user-01\\AppData\\Roaming\\Microsoft\\Windows\\Recent\\The Internet.lnk\r\nHashes: MD5=2DE82BDF2E1ADAF6AA6CBF2F26A3CF2B,SHA256=B68E121586EF846DC2BE14897087566AC72F6E6339F193609A5FC6F766E5C4AA,IMPHASH=00000000000000000000000000000000\r\nIsExecutable: false\r\nArchived: true","OpCode":"Info","ProcessGuid":"{3f87e246-b6c0-6a8f-a303-000000001600}","ProcessId":"312","RecordNumber":"32999","RuleName":"-","Sid":"S-1-5-18","SidType":"0","SourceName":"Microsoft-Windows-Sysmon","TargetFilename":"C:\\Users\\user-01\\AppData\\Roaming\\Microsoft\\Windows\\Recent\\The Internet.lnk","TaskCategory":"File Delete archived (rule: FileDelete)","Type":"Information","User":["NOT_TRANSLATED","miacsdomain\\user-01"],"UtcTime":"2026-08-27 04:02:09.138","_raw":"08/27/2026 06:02:09.141 AM\nLogName=Microsoft-Windows-Sysmon/Operational\nEventCode=23\nEventType=4\nComputerName=Win-10.miacsdomain.com\nUser=NOT_TRANSLATED\nSid=S-1-5-18\nSidType=0\nSourceName=Microsoft-Windows-Sysmon\nType=Information\nRecordNumber=32999\nKeywords=None\nTaskCategory=File Delete archived (rule: FileDelete)\nOpCode=Info\nMessage=File Delete archived:\r\nRuleName: -\r\nUtcTime: 2026-08-27 04:02:09.138\r\nProcessGuid: {3f87e246-b6c0-6a8f-a303-000000001600}\r\nProcessId: 312\r\nUser: miacsdomain\\user-01\r\nImage: C:\\Windows\\Explorer.EXE\r\nTargetFilename: C:\\Users\\user-01\\AppData\\Roaming\\Microsoft\\Windows\\Recent\\The Internet.lnk\r\nHashes: MD5=2DE82BDF2E1ADAF6AA6CBF2F26A3CF2B,SHA256=B68E121586EF846DC2BE14897087566AC72F6E6339F193609A5FC6F766E5C4AA,IMPHASH=00000000000000000000000000000000\r\nIsExecutable: false\r\nArchived: true","_time":"2026-08-27T06:02:09.141+0200","host":"Win-10","index":"main","linecount":"25","punct":"//_::._=--/===-..==---==--====___(:_)==__:\\r:_-\\r:_-","source":"WinEventLog:Microsoft-Windows-Sysmon/Operational","sourcetype":"WinEventLog:Microsoft-Windows-Sysmon/Operational","splunk_server":"splunk-virtual-machine"}}
{"preview":false,"result":{"Archived":"true","ComputerName":"Win-10.miacsdomain.com","EventCode":"23","EventType":"4","Hashes":"MD5=B3552DFB34753D463EB712F1A58D7EE7,SHA256=B7D2024010549A7091FB4A422BC5783808F135CA097F123323091DD46C198B5C,IMPHASH=00000000000000000000000000000000","Image":"C:\\Windows\\Explorer.EXE","IsExecutable":"false","Keywords":"None","LogName":"Microsoft-Windows-Sysmon/Operational","Message":"File Delete archived:\r\nRuleName: -\r\nUtcTime: 2026-08-27 04:02:09.123\r\nProcessGuid: {3f87e246-b6c0-6a8f-a303-000000001600}\r\nProcessId: 312\r\nUser: miacsdomain\\user-01\r\nImage: C:\\Windows\\Explorer.EXE\r\nTargetFilename: C:\\Users\\user-01\\AppData\\Roaming\\Microsoft\\Windows\\Recent\\ms-gamingoverlay--kglcheck-.lnk\r\nHashes: MD5=B3552DFB34753D463EB712F1A58D7EE7,SHA256=B7D2024010549A7091FB4A422BC5783808F135CA097F123323091DD46C198B5C,IMPHASH=00000000000000000000000000000000\r\nIsExecutable: false\r\nArchived: true","OpCode":"Info","ProcessGuid":"{3f87e246-b6c0-6a8f-a303-000000001600}","ProcessId":"312","RecordNumber":"32998","RuleName":"-","Sid":"S-1-5-18","SidType":"0","SourceName":"Microsoft-Windows-Sysmon","TargetFilename":"C:\\Users\\user-01\\AppData\\Roaming\\Microsoft\\Windows\\Recent\\ms-gamingoverlay--kglcheck-.lnk","TaskCategory":"File Delete archived (rule: FileDelete)","Type":"Information","User":["NOT_TRANSLATED","miacsdomain\\user-01"],"UtcTime":"2026-08-27 04:02:09.123","_raw":"08/27/2026 06:02:09.134 AM\nLogName=Microsoft-Windows-Sysmon/Operational\nEventCode=23\nEventType=4\nComputerName=Win-10.miacsdomain.com\nUser=NOT_TRANSLATED\nSid=S-1-5-18\nSidType=0\nSourceName=Microsoft-Windows-Sysmon\nType=Information\nRecordNumber=32998\nKeywords=None\nTaskCategory=File Delete archived (rule: FileDelete)\nOpCode=Info\nMessage=File Delete archived:\r\nRuleName: -\r\nUtcTime: 2026-08-27 04:02:09.123\r\nProcessGuid: {3f87e246-b6c0-6a8f-a303-000000001600}\r\nProcessId: 312\r\nUser: miacsdomain\\user-01\r\nImage: C:\\Windows\\Explorer.EXE\r\nTargetFilename: C:\\Users\\user-01\\AppData\\Roaming\\Microsoft\\Windows\\Recent\\ms-gamingoverlay--kglcheck-.lnk\r\nHashes: MD5=B3552DFB34753D463EB712F1A58D7EE7,SHA256=B7D2024010549A7091FB4A422BC5783808F135CA097F123323091DD46C198B5C,IMPHASH=00000000000000000000000000000000\r\nIsExecutable: false\r\nArchived: true","_time":"2026-08-27T06:02:09.134+0200","host":"Win-10","index":"main","linecount":"25","punct":"//_::._=--/===-..==---==--====___(:_)==__:\\r:_-\\r:_-","source":"WinEventLog:Microsoft-Windows-Sysmon/Operational","sourcetype":"WinEventLog:Microsoft-Windows-Sysmon/Operational","splunk_server":"splunk-virtual-machine"}}
{"preview":false,"result":{"CommandLine":"C:\\Windows\\system32\\svchost.exe -k ClipboardSvcGroup -p","Company":"Microsoft Corporation","ComputerName":"Win-10.miacsdomain.com","CurrentDirectory":"C:\\Windows\\system32\\","Description":"Host Process for Windows Services","EventCode":"1","EventType":"4","FileVersion":"10.0.19041.3636 (WinBuild.160101.0800)","Hashes":"MD5=145DCF6706EEEA5B066885EE17964C09,SHA256=F13DE58416730D210DAB465B242E9C949FB0A0245EEF45B07C381F0C6C8A43C3,IMPHASH=247B9220E5D9B720A82B2C8B5069AD69","Image":"C:\\Windows\\System32\\svchost.exe","IntegrityLevel":"Medium","Keywords":"None","LogName":"Microsoft-Windows-Sysmon/Operational","LogonGuid":"{3f87e246-b6bf-6a8f-1c76-4c0000000000}","LogonId":"0x4C761C","Message":"Process Create:\r\nRuleName: -\r\nUtcTime: 2026-08-27 04:02:08.558\r\nProcessGuid: {3f87e246-b6c0-6a8f-a503-000000001600}\r\nProcessId: 1220\r\nImage: C:\\Windows\\System32\\svchost.exe\r\nFileVersion: 10.0.19041.3636 (WinBuild.160101.0800)\r\nDescription: Host Process for Windows Services\r\nProduct: Microsoft® Windows® Operating System\r\nCompany: Microsoft Corporation\r\nOriginalFileName: svchost.exe\r\nCommandLine: C:\\Windows\\system32\\svchost.exe -k ClipboardSvcGroup -p\r\nCurrentDirectory: C:\\Windows\\system32\\\r\nUser: miacsdomain\\user-01\r\nLogonGuid: {3f87e246-b6bf-6a8f-1c76-4c0000000000}\r\nLogonId: 0x4C761C\r\nTerminalSessionId: 5\r\nIntegrityLevel: Medium\r\nHashes: MD5=145DCF6706EEEA5B066885EE17964C09,SHA256=F13DE58416730D210DAB465B242E9C949FB0A0245EEF45B07C381F0C6C8A43C3,IMPHASH=247B9220E5D9B720A82B2C8B5069AD69\r\nParentProcessGuid: {3f87e246-a659-6a8f-0b00-000000001600}\r\nParentProcessId: 608\r\nParentImage: C:\\Windows\\System32\\services.exe\r\nParentCommandLine: C:\\Windows\\system32\\services.exe\r\nParentUser: NT AUTHORITY\\SYSTEM","OpCode":"Info","OriginalFileName":"svchost.exe","ParentCommandLine":"C:\\Windows\\system32\\services.exe","ParentImage":"C:\\Windows\\System32\\services.exe","ParentProcessGuid":"{3f87e246-a659-6a8f-0b00-000000001600}","ParentProcessId":"608","ParentUser":"NT AUTHORITY\\SYSTEM","ProcessGuid":"{3f87e246-b6c0-6a8f-a503-000000001600}","ProcessId":"1220","Product":"Microsoft® Windows® Operating System","RecordNumber":"32997","RuleName":"-","Sid":"S-1-5-18","SidType":"0","SourceName":"Microsoft-Windows-Sysmon","TaskCategory":"Process Create (rule: ProcessCreate)","TerminalSessionId":"5","Type":"Information","User":["NOT_TRANSLATED","miacsdomain\\user-01"],"UtcTime":"2026-08-27 04:02:08.558","_raw":"08/27/2026 06:02:08.559 AM\nLogName=Microsoft-Windows-Sysmon/Operational\nEventCode=1\nEventType=4\nComputerName=Win-10.miacsdomain.com\nUser=NOT_TRANSLATED\nSid=S-1-5-18\nSidType=0\nSourceName=Microsoft-Windows-Sysmon\nType=Information\nRecordNumber=32997\nKeywords=None\nTaskCategory=Process Create (rule: ProcessCreate)\nOpCode=Info\nMessage=Process Create:\r\nRuleName: -\r\nUtcTime: 2026-08-27 04:02:08.558\r\nProcessGuid: {3f87e246-b6c0-6a8f-a503-000000001600}\r\nProcessId: 1220\r\nImage: C:\\Windows\\System32\\svchost.exe\r\nFileVersion: 10.0.19041.3636 (WinBuild.160101.0800)\r\nDescription: Host Process for Windows Services\r\nProduct: Microsoft® Windows® Operating System\r\nCompany: Microsoft Corporation\r\nOriginalFileName: svchost.exe\r\nCommandLine: C:\\Windows\\system32\\svchost.exe -k ClipboardSvcGroup -p\r\nCurrentDirectory: C:\\Windows\\system32\\\r\nUser: miacsdomain\\user-01\r\nLogonGuid: {3f87e246-b6bf-6a8f-1c76-4c0000000000}\r\nLogonId: 0x4C761C\r\nTerminalSessionId: 5\r\nIntegrityLevel: Medium\r\nHashes: MD5=145DCF6706EEEA5B066885EE17964C09,SHA256=F13DE58416730D210DAB465B242E9C949FB0A0245EEF45B07C381F0C6C8A43C3,IMPHASH=247B9220E5D9B720A82B2C8B5069AD69\r\nParentProcessGuid: {3f87e246-a659-6a8f-0b00-000000001600}\r\nParentProcessId: 608\r\nParentImage: C:\\Windows\\System32\\services.exe\r\nParentCommandLine: C:\\Windows\\system32\\services.exe\r\nParentUser: NT AUTHORITY\\SYSTEM","_time":"2026-08-27T06:02:08.559+0200","host":"Win-10","index":"main","linecount":"38","punct":"//_::._=--/===-..==---==--====__(:_)==_:\\r:_-\\r:_--_","source":"WinEventLog:Microsoft-Windows-Sysmon/Operational","sourcetype":"WinEventLog:Microsoft-Windows-Sysmon/Operational","splunk_server":"splunk-virtual-machine"}}
{"preview":false,"result":{"CommandLine":"C:\\Windows\\system32\\svchost.exe -k wsappx -p","Company":"Microsoft Corporation","ComputerName":"Win-10.miacsdomain.com","CurrentDirectory":"C:\\Windows\\system32\\","Description":"Host Process for Windows Services","EventCode":"1","EventType":"4","FileVersion":"10.0.19041.3636 (WinBuild.160101.0800)","Hashes":"MD5=145DCF6706EEEA5B066885EE17964C09,SHA256=F13DE58416730D210DAB465B242E9C949FB0A0245EEF45B07C381F0C6C8A43C3,IMPHASH=247B9220E5D9B720A82B2C8B5069AD69","Image":"C:\\Windows\\System32\\svchost.exe","IntegrityLevel":"System","Keywords":"None","LogName":"Microsoft-Windows-Sysmon/Operational","LogonGuid":"{3f87e246-a659-6a8f-e703-000000000000}","LogonId":"0x3E7","Message":"Process Create:\r\nRuleName: -\r\nUtcTime: 2026-08-27 04:02:08.488\r\nProcessGuid: {3f87e246-b6c0-6a8f-a403-000000001600}\r\nProcessId: 1652\r\nImage: C:\\Windows\\System32\\svchost.exe\r\nFileVersion: 10.0.19041.3636 (WinBuild.160101.0800)\r\nDescription: Host Process for Windows Services\r\nProduct: Microsoft® Windows® Operating System\r\nCompany: Microsoft Corporation\r\nOriginalFileName: svchost.exe\r\nCommandLine: C:\\Windows\\system32\\svchost.exe -k wsappx -p\r\nCurrentDirectory: C:\\Windows\\system32\\\r\nUser: NT AUTHORITY\\SYSTEM\r\nLogonGuid: {3f87e246-a659-6a8f-e703-000000000000}\r\nLogonId: 0x3E7\r\nTerminalSessionId: 0\r\nIntegrityLevel: System\r\nHashes: MD5=145DCF6706EEEA5B066885EE17964C09,SHA256=F13DE58416730D210DAB465B242E9C949FB0A0245EEF45B07C381F0C6C8A43C3,IMPHASH=247B9220E5D9B720A82B2C8B5069AD69\r\nParentProcessGuid: {3f87e246-a659-6a8f-0b00-000000001600}\r\nParentProcessId: 608\r\nParentImage: C:\\Windows\\System32\\services.exe\r\nParentCommandLine: C:\\Windows\\system32\\services.exe\r\nParentUser: NT AUTHORITY\\SYSTEM","OpCode":"Info","OriginalFileName":"svchost.exe","ParentCommandLine":"C:\\Windows\\system32\\services.exe","ParentImage":"C:\\Windows\\System32\\services.exe","ParentProcessGuid":"{3f87e246-a659-6a8f-0b00-000000001600}","ParentProcessId":"608","ParentUser":"NT AUTHORITY\\SYSTEM","ProcessGuid":"{3f87e246-b6c0-6a8f-a403-000000001600}","ProcessId":"1652","Product":"Microsoft® Windows® Operating System","RecordNumber":"32996","RuleName":"-","Sid":"S-1-5-18","SidType":"0","SourceName":"Microsoft-Windows-Sysmon","TaskCategory":"Process Create (rule: ProcessCreate)","TerminalSessionId":"0","Type":"Information","User":["NOT_TRANSLATED","NT AUTHORITY\\SYSTEM"],"UtcTime":"2026-08-27 04:02:08.488","_raw":"08/27/2026 06:02:08.492 AM\nLogName=Microsoft-Windows-Sysmon/Operational\nEventCode=1\nEventType=4\nComputerName=Win-10.miacsdomain.com\nUser=NOT_TRANSLATED\nSid=S-1-5-18\nSidType=0\nSourceName=Microsoft-Windows-Sysmon\nType=Information\nRecordNumber=32996\nKeywords=None\nTaskCategory=Process Create (rule: ProcessCreate)\nOpCode=Info\nMessage=Process Create:\r\nRuleName: -\r\nUtcTime: 2026-08-27 04:02:08.488\r\nProcessGuid: {3f87e246-b6c0-6a8f-a403-000000001600}\r\nProcessId: 1652\r\nImage: C:\\Windows\\System32\\svchost.exe\r\nFileVersion: 10.0.19041.3636 (WinBuild.160101.0800)\r\nDescription: Host Process for Windows Services\r\nProduct: Microsoft® Windows® Operating System\r\nCompany: Microsoft Corporation\r\nOriginalFileName: svchost.exe\r\nCommandLine: C:\\Windows\\system32\\svchost.exe -k wsappx -p\r\nCurrentDirectory: C:\\Windows\\system32\\\r\nUser: NT AUTHORITY\\SYSTEM\r\nLogonGuid: {3f87e246-a659-6a8f-e703-000000000000}\r\nLogonId: 0x3E7\r\nTerminalSessionId: 0\r\nIntegrityLevel: System\r\nHashes: MD5=145DCF6706EEEA5B066885EE17964C09,SHA256=F13DE58416730D210DAB465B242E9C949FB0A0245EEF45B07C381F0C6C8A43C3,IMPHASH=247B9220E5D9B720A82B2C8B5069AD69\r\nParentProcessGuid: {3f87e246-a659-6a8f-0b00-000000001600}\r\nParentProcessId: 608\r\nParentImage: C:\\Windows\\System32\\services.exe\r\nParentCommandLine: C:\\Windows\\system32\\services.exe\r\nParentUser: NT AUTHORITY\\SYSTEM","_time":"2026-08-27T06:02:08.492+0200","host":"Win-10","index":"main","linecount":"38","punct":"//_::._=--/===-..==---==--====__(:_)==_:\\r:_-\\r:_--_","source":"WinEventLog:Microsoft-Windows-Sysmon/Operational","sourcetype":"WinEventLog:Microsoft-Windows-Sysmon/Operational","splunk_server":"splunk-virtual-machine"}}
{"preview":false,"result":{"Account_Domain":"NT AUTHORITY","Account_Name":"SYSTEM","ComputerName":"Win-10.miacsdomain.com","EventCode":"4672","EventType":"0","Keywords":"Audit Success","LogName":"Security","Logon_ID":"0x3E7","Message":"Special privileges assigned to new logon.\r\n\r\nSubject:\r\n\tSecurity ID:\t\tS-1-5-18\r\n\tAccount Name:\t\tSYSTEM\r\n\tAccount Domain:\t\tNT AUTHORITY\r\n\tLogon ID:\t\t0x3E7\r\n\r\nPrivileges:\t\tSeAssignPrimaryTokenPrivilege\r\n\t\t\tSeTcbPrivilege\r\n\t\t\tSeSecurityPrivilege\r\n\t\t\tSeTakeOwnershipPrivilege\r\n\t\t\tSeLoadDriverPrivilege\r\n\t\t\tSeBackupPrivilege\r\n\t\t\tSeRestorePrivilege\r\n\t\t\tSeDebugPrivilege\r\n\t\t\tSeAuditPrivilege\r\n\t\t\tSeSystemEnvironmentPrivilege\r\n\t\t\tSeImpersonatePrivilege\r\n\t\t\tSeDelegateSessionUserImpersonatePrivilege","OpCode":"Info","Privileges":"SeAssignPrimaryTokenPrivilege","RecordNumber":"17143","Security_ID":"S-1-5-18","SourceName":"Microsoft Windows security auditing.","TaskCategory":"Special Logon","Type":"Information","_raw":"08/27/2026 06:02:08.487 AM\nLogName=Security\nEventCode=4672\nEventType=0\nComputerName=Win-10.miacsdomain.com\nSourceName=Microsoft Windows security auditing.\nType=Information\nRecordNumber=17143\nKeywords=Audit Success\nTaskCategory=Special Logon\nOpCode=Info\nMessage=Special privileges assigned to new logon.\r\n\r\nSubject:\r\n\tSecurity ID:\t\tS-1-5-18\r\n\tAccount Name:\t\tSYSTEM\r\n\tAccount Domain:\t\tNT AUTHORITY\r\n\tLogon ID:\t\t0x3E7\r\n\r\nPrivileges:\t\tSeAssignPrimaryTokenPrivilege\r\n\t\t\tSeTcbPrivilege\r\n\t\t\tSeSecurityPrivilege\r\n\t\t\tSeTakeOwnershipPrivilege\r\n\t\t\tSeLoadDriverPrivilege\r\n\t\t\tSeBackupPrivilege\r\n\t\t\tSeRestorePrivilege\r\n\t\t\tSeDebugPrivilege\r\n\t\t\tSeAuditPrivilege\r\n\t\t\tSeSystemEnvironmentPrivilege\r\n\t\t\tSeImpersonatePrivilege\r\n\t\t\tSeDelegateSessionUserImpersonatePrivilege","_time":"2026-08-27T06:02:08.487+0200","host":"Win-10","index":"main","linecount":"31","punct":"//_::._====-..=___.===_=_==_____.\\r\\r:\\rt_:tt---\\rt_:t","source":"WinEventLog:Security","sourcetype":"WinEventLog:Security","splunk_server":"splunk-virtual-machine"}}
{"preview":false,"result":{"Account_Domain":["miacsdomain","NT AUTHORITY"],"Account_Name":["WIN-10$","SYSTEM"],"Authentication_Package":"Negotiate","ComputerName":"Win-10.miacsdomain.com","Elevated_Token":"Yes","EventCode":"4624","EventType":"0","Impersonation_Level":"Impersonation","Key_Length":"0","Keywords":"Audit Success","Linked_Logon_ID":"0x0","LogName":"Security","Logon_GUID":"{00000000-0000-0000-0000-000000000000}","Logon_ID":["0x3E7","0x3E7"],"Logon_Process":"Advapi","Logon_Type":"5","Message":"An account was successfully logged on.\r\n\r\nSubject:\r\n\tSecurity ID:\t\tS-1-5-18\r\n\tAccount Name:\t\tWIN-10$\r\n\tAccount Domain:\t\tmiacsdomain\r\n\tLogon ID:\t\t0x3E7\r\n\r\nLogon Information:\r\n\tLogon Type:\t\t5\r\n\tRestricted Admin Mode:\t-\r\n\tVirtual Account:\t\tNo\r\n\tElevated Token:\t\tYes\r\n\r\nImpersonation Level:\t\tImpersonation\r\n\r\nNew Logon:\r\n\tSecurity ID:\t\tS-1-5-18\r\n\tAccount Name:\t\tSYSTEM\r\n\tAccount Domain:\t\tNT AUTHORITY\r\n\tLogon ID:\t\t0x3E7\r\n\tLinked Logon ID:\t\t0x0\r\n\tNetwork Account Name:\t-\r\n\tNetwork Account Domain:\t-\r\n\tLogon GUID:\t\t{00000000-0000-0000-0000-000000000000}\r\n\r\nProcess Information:\r\n\tProcess ID:\t\t0x260\r\n\tProcess Name:\t\tC:\\Windows\\System32\\services.exe\r\n\r\nNetwork Information:\r\n\tWorkstation Name:\t-\r\n\tSource Network Address:\t-\r\n\tSource Port:\t\t-\r\n\r\nDetailed Authentication Information:\r\n\tLogon Process:\t\tAdvapi  \r\n\tAuthentication Package:\tNegotiate\r\n\tTransited Services:\t-\r\n\tPackage Name (NTLM only):\t-\r\n\tKey Length:\t\t0\r\n\r\nThis event is generated when a logon session is created. It is generated on the computer that was accessed.\r\n\r\nThe subject fields indicate the account on the local system which requested the logon. This is most commonly a service such as the Server service, or a local process such as Winlogon.exe or Services.exe.\r\n\r\nThe logon type field indicates the kind of logon that occurred. The most common types are 2 (interactive) and 3 (network).\r\n\r\nThe New Logon fields indicate the account for whom the new logon was created, i.e. the account that was logged on.\r\n\r\nThe network fields indicate where a remote logon request originated. Workstation name is not always available and may be left blank in some cases.\r\n\r\nThe impersonation level field indicates the extent to which a process in the logon session can impersonate.\r\n\r\nThe authentication information fields provide detailed information about this specific logon request.\r\n\t- Logon GUID is a unique identifier that can be used to correlate this event with a KDC event.\r\n\t- Transited services indicate which intermediate services have participated in this logon request.\r\n\t- Package name indicates which sub-protocol was used among the NTLM protocols.\r\n\t- Key length indicates the length of the generated session key. This will be 0 if no session key was requested.","Network_Account_Domain":"-","Network_Account_Name":"-","OpCode":"Info","Package_Name__NTLM_only_":"-","Process_ID":"0x260","Process_Name":"C:\\Windows\\System32\\services.exe","RecordNumber":"17142","Restricted_Admin_Mode":"-","Security_ID":["S-1-5-18","S-1-5-18"],"SourceName":"Microsoft Windows security auditing.","Source_Network_Address":"-","Source_Port":"-","TaskCategory":"Logon","Transited_Services":"-","Type":"Information","Virtual_Account":"No","Workstation_Name":"-","_raw":"08/27/2026 06:02:08.487 AM\nLogName=Security\nEventCode=4624\nEventType=0\nComputerName=Win-10.miacsdomain.com\nSourceName=Microsoft Windows security auditing.\nType=Information\nRecordNumber=17142\nKeywords=Audit Success\nTaskCategory=Logon\nOpCode=Info\nMessage=An account was successfully logged on.\r\n\r\nSubject:\r\n\tSecurity ID:\t\tS-1-5-18\r\n\tAccount Name:\t\tWIN-10$\r\n\tAccount Domain:\t\tmiacsdomain\r\n\tLogon ID:\t\t0x3E7\r\n\r\nLogon Information:\r\n\tLogon Type:\t\t5\r\n\tRestricted Admin Mode:\t-\r\n\tVirtual Account:\t\tNo\r\n\tElevated Token:\t\tYes\r\n\r\nImpersonation Level:\t\tImpersonation\r\n\r\nNew Logon:\r\n\tSecurity ID:\t\tS-1-5-18\r\n\tAccount Name:\t\tSYSTEM\r\n\tAccount Domain:\t\tNT AUTHORITY\r\n\tLogon ID:\t\t0x3E7\r\n\tLinked Logon ID:\t\t0x0\r\n\tNetwork Account Name:\t-\r\n\tNetwork Account Domain:\t-\r\n\tLogon GUID:\t\t{00000000-0000-0000-0000-000000000000}\r\n\r\nProcess Information:\r\n\tProcess ID:\t\t0x260\r\n\tProcess Name:\t\tC:\\Windows\\System32\\services.exe\r\n\r\nNetwork Information:\r\n\tWorkstation Name:\t-\r\n\tSource Network Address:\t-\r\n\tSource Port:\t\t-\r\n\r\nDetailed Authentication Information:\r\n\tLogon Process:\t\tAdvapi  \r\n\tAuthentication Package:\tNegotiate\r\n\tTransited Services:\t-\r\n\tPackage Name (NTLM only):\t-\r\n\tKey Length:\t\t0\r\n\r\nThis event is generated when a logon session is created. It is generated on the computer that was accessed.\r\n\r\nThe subject fields indicate the account on the local system which requested the logon. This is most commonly a service such as the Server service, or a local process such as Winlogon.exe or Services.exe.\r\n\r\nThe logon type field indicates the kind of logon that occurred. The most common types are 2 (interactive) and 3 (network).\r\n\r\nThe New Logon fields indicate the account for whom the new logon was created, i.e. the account that was logged on.\r\n\r\nThe network fields indicate where a remote logon request originated. Workstation name is not always available and may be left blank in some cases.\r\n\r\nThe impersonation level field indicates the extent to which a process in the logon session can impersonate.\r\n\r\nThe authentication information fields provide detailed information about this specific logon request.\r\n\t- Logon GUID is a unique identifier that can be used to correlate this event with a KDC event.\r\n\t- Transited services indicate which intermediate services have participated in this logon request.\r\n\t- Package name indicates which sub-protocol was used among the NTLM protocols.\r\n\t- Key length indicates the length of the generated session key. This will be 0 if no session key was requested.","_time":"2026-08-27T06:02:08.487+0200","host":"Win-10","index":"main","linecount":"70","punct":"//_::._====-..=___.===_===_____.\\r\\r:\\rt_:tt---\\rt_:tt","source":"WinEventLog:Security","sourcetype":"WinEventLog:Security","splunk_server":"splunk-virtual-machine"}}
{"preview":false,"result":{"CommandLine":"C:\\Windows\\Explorer.EXE","Company":"Microsoft Corporation","ComputerName":"Win-10.miacsdomain.com","CurrentDirectory":"C:\\Windows\\system32\\","Description":"Windows Explorer","EventCode":"1","EventType":"4","FileVersion":"10.0.19041.3758 (WinBuild.160101.0800)","Hashes":"MD5=02280F4613E3D8EB6579D79AB7A182CA,SHA256=81D8EA67D17BF48524C82D576F8DDADDB37A218D0566FD7F0AAB8B8FBD03F193,IMPHASH=D9331DE21D79B248BBFDF28F82FE85E1","Image":"C:\\Windows\\explorer.exe","IntegrityLevel":"Medium","Keywords":"None","LogName":"Microsoft-Windows-Sysmon/Operational","LogonGuid":"{3f87e246-b6bf-6a8f-1c76-4c0000000000}","LogonId":"0x4C761C","Message":"Process Create:\r\nRuleName: -\r\nUtcTime: 2026-08-27 04:02:08.364\r\nProcessGuid: {3f87e246-b6c0-6a8f-a303-000000001600}\r\nProcessId: 312\r\nImage: C:\\Windows\\explorer.exe\r\nFileVersion: 10.0.19041.3758 (WinBuild.160101.0800)\r\nDescription: Windows Explorer\r\nProduct: Microsoft® Windows® Operating System\r\nCompany: Microsoft Corporation\r\nOriginalFileName: EXPLORER.EXE\r\nCommandLine: C:\\Windows\\Explorer.EXE\r\nCurrentDirectory: C:\\Windows\\system32\\\r\nUser: miacsdomain\\user-01\r\nLogonGuid: {3f87e246-b6bf-6a8f-1c76-4c0000000000}\r\nLogonId: 0x4C761C\r\nTerminalSessionId: 5\r\nIntegrityLevel: Medium\r\nHashes: MD5=02280F4613E3D8EB6579D79AB7A182CA,SHA256=81D8EA67D17BF48524C82D576F8DDADDB37A218D0566FD7F0AAB8B8FBD03F193,IMPHASH=D9331DE21D79B248BBFDF28F82FE85E1\r\nParentProcessGuid: {3f87e246-b6c0-6a8f-a203-000000001600}\r\nParentProcessId: 2384\r\nParentImage: C:\\Windows\\System32\\userinit.exe\r\nParentCommandLine: C:\\Windows\\system32\\userinit.exe\r\nParentUser: miacsdomain\\user-01","OpCode":"Info","OriginalFileName":"EXPLORER.EXE","ParentCommandLine":"C:\\Windows\\system32\\userinit.exe","ParentImage":"C:\\Windows\\System32\\userinit.exe","ParentProcessGuid":"{3f87e246-b6c0-6a8f-a203-000000001600}","ParentProcessId":"2384","ParentUser":"miacsdomain\\user-01","ProcessGuid":"{3f87e246-b6c0-6a8f-a303-000000001600}","ProcessId":"312","Product":"Microsoft® Windows® Operating System","RecordNumber":"32995","RuleName":"-","Sid":"S-1-5-18","SidType":"0","SourceName":"Microsoft-Windows-Sysmon","TaskCategory":"Process Create (rule: ProcessCreate)","TerminalSessionId":"5","Type":"Information","User":["NOT_TRANSLATED","miacsdomain\\user-01"],"UtcTime":"2026-08-27 04:02:08.364","_raw":"08/27/2026 06:02:08.364 AM\nLogName=Microsoft-Windows-Sysmon/Operational\nEventCode=1\nEventType=4\nComputerName=Win-10.miacsdomain.com\nUser=NOT_TRANSLATED\nSid=S-1-5-18\nSidType=0\nSourceName=Microsoft-Windows-Sysmon\nType=Information\nRecordNumber=32995\nKeywords=None\nTaskCategory=Process Create (rule: ProcessCreate)\nOpCode=Info\nMessage=Process Create:\r\nRuleName: -\r\nUtcTime: 2026-08-27 04:02:08.364\r\nProcessGuid: {3f87e246-b6c0-6a8f-a303-000000001600}\r\nProcessId: 312\r\nImage: C:\\Windows\\explorer.exe\r\nFileVersion: 10.0.19041.3758 (WinBuild.160101.0800)\r\nDescription: Windows Explorer\r\nProduct: Microsoft® Windows® Operating System\r\nCompany: Microsoft Corporation\r\nOriginalFileName: EXPLORER.EXE\r\nCommandLine: C:\\Windows\\Explorer.EXE\r\nCurrentDirectory: C:\\Windows\\system32\\\r\nUser: miacsdomain\\user-01\r\nLogonGuid: {3f87e246-b6bf-6a8f-1c76-4c0000000000}\r\nLogonId: 0x4C761C\r\nTerminalSessionId: 5\r\nIntegrityLevel: Medium\r\nHashes: MD5=02280F4613E3D8EB6579D79AB7A182CA,SHA256=81D8EA67D17BF48524C82D576F8DDADDB37A218D0566FD7F0AAB8B8FBD03F193,IMPHASH=D9331DE21D79B248BBFDF28F82FE85E1\r\nParentProcessGuid: {3f87e246-b6c0-6a8f-a203-000000001600}\r\nParentProcessId: 2384\r\nParentImage: C:\\Windows\\System32\\userinit.exe\r\nParentCommandLine: C:\\Windows\\system32\\userinit.exe\r\nParentUser: miacsdomain\\user-01","_time":"2026-08-27T06:02:08.364+0200","host":"Win-10","index":"main","linecount":"38","punct":"//_::._=--/===-..==---==--====__(:_)==_:\\r:_-\\r:_--_","source":"WinEventLog:Microsoft-Windows-Sysmon/Operational","sourcetype":"WinEventLog:Microsoft-Windows-Sysmon/Operational","splunk_server":"splunk-virtual-machine"}}
