{"preview":false,"result":{"Archived":"true","ComputerName":"Win-10.miacsdomain.com","EventCode":"23","EventType":"4","Hashes":"MD5=C2A7ECA52EF533DC8D59461394A45060,SHA256=3174E9DF3FF4C19E704B878E3916EA9316A3D18F9AB938BCF81AFC5C633C5FDC,IMPHASH=00000000000000000000000000000000","Image":"C:\\Program Files (x86)\\Microsoft\\Edge\\Application\\msedge.exe","IsExecutable":"false","Keywords":"None","LogName":"Microsoft-Windows-Sysmon/Operational","Message":"File Delete archived:\r\nRuleName: -\r\nUtcTime: 2026-08-27 04:02:20.904\r\nProcessGuid: {3f87e246-b6cc-6a8f-bd03-000000001600}\r\nProcessId: 5136\r\nUser: miacsdomain\\user-01\r\nImage: C:\\Program Files (x86)\\Microsoft\\Edge\\Application\\msedge.exe\r\nTargetFilename: C:\\Users\\user-01\\AppData\\Local\\Microsoft\\Edge\\User Data\\Default\\Sync Data\\LevelDB\\d3f6118b-f2cb-4003-859f-7faf112bef2c.tmp\r\nHashes: MD5=C2A7ECA52EF533DC8D59461394A45060,SHA256=3174E9DF3FF4C19E704B878E3916EA9316A3D18F9AB938BCF81AFC5C633C5FDC,IMPHASH=00000000000000000000000000000000\r\nIsExecutable: false\r\nArchived: true","OpCode":"Info","ProcessGuid":"{3f87e246-b6cc-6a8f-bd03-000000001600}","ProcessId":"5136","RecordNumber":"33073","RuleName":"-","Sid":"S-1-5-18","SidType":"0","SourceName":"Microsoft-Windows-Sysmon","TargetFilename":"C:\\Users\\user-01\\AppData\\Local\\Microsoft\\Edge\\User Data\\Default\\Sync Data\\LevelDB\\d3f6118b-f2cb-4003-859f-7faf112bef2c.tmp","TaskCategory":"File Delete archived (rule: FileDelete)","Type":"Information","User":["NOT_TRANSLATED","miacsdomain\\user-01"],"UtcTime":"2026-08-27 04:02:20.904","_raw":"08/27/2026 06:02:20.908 AM\nLogName=Microsoft-Windows-Sysmon/Operational\nEventCode=23\nEventType=4\nComputerName=Win-10.miacsdomain.com\nUser=NOT_TRANSLATED\nSid=S-1-5-18\nSidType=0\nSourceName=Microsoft-Windows-Sysmon\nType=Information\nRecordNumber=33073\nKeywords=None\nTaskCategory=File Delete archived (rule: FileDelete)\nOpCode=Info\nMessage=File Delete archived:\r\nRuleName: -\r\nUtcTime: 2026-08-27 04:02:20.904\r\nProcessGuid: {3f87e246-b6cc-6a8f-bd03-000000001600}\r\nProcessId: 5136\r\nUser: miacsdomain\\user-01\r\nImage: C:\\Program Files (x86)\\Microsoft\\Edge\\Application\\msedge.exe\r\nTargetFilename: C:\\Users\\user-01\\AppData\\Local\\Microsoft\\Edge\\User Data\\Default\\Sync Data\\LevelDB\\d3f6118b-f2cb-4003-859f-7faf112bef2c.tmp\r\nHashes: MD5=C2A7ECA52EF533DC8D59461394A45060,SHA256=3174E9DF3FF4C19E704B878E3916EA9316A3D18F9AB938BCF81AFC5C633C5FDC,IMPHASH=00000000000000000000000000000000\r\nIsExecutable: false\r\nArchived: true","_time":"2026-08-27T06:02:20.908+0200","host":"Win-10","index":"main","linecount":"25","punct":"//_::._=--/===-..==---==--====___(:_)==__:\\r:_-\\r:_-","source":"WinEventLog:Microsoft-Windows-Sysmon/Operational","sourcetype":"WinEventLog:Microsoft-Windows-Sysmon/Operational","splunk_server":"splunk-virtual-machine"}}
{"preview":false,"result":{"Archived":"true","ComputerName":"Win-10.miacsdomain.com","EventCode":"23","EventType":"4","Hashes":"MD5=839E47C29CBDD8ED187A0F0237C34FDA,SHA256=2FBE70493ED42D07C447D0605E9A500A3E01035427943A849D58FFF40E9A1695,IMPHASH=00000000000000000000000000000000","Image":"C:\\Program Files (x86)\\Microsoft\\Edge\\Application\\msedge.exe","IsExecutable":"false","Keywords":"None","LogName":"Microsoft-Windows-Sysmon/Operational","Message":"File Delete archived:\r\nRuleName: -\r\nUtcTime: 2026-08-27 04:02:20.888\r\nProcessGuid: {3f87e246-b6cc-6a8f-bd03-000000001600}\r\nProcessId: 5136\r\nUser: miacsdomain\\user-01\r\nImage: C:\\Program Files (x86)\\Microsoft\\Edge\\Application\\msedge.exe\r\nTargetFilename: C:\\Users\\user-01\\AppData\\Local\\Microsoft\\Edge\\User Data\\Default\\Service Worker\\Database\\89f3d7d7-8b32-4174-86fa-ec4260d51124.tmp\r\nHashes: MD5=839E47C29CBDD8ED187A0F0237C34FDA,SHA256=2FBE70493ED42D07C447D0605E9A500A3E01035427943A849D58FFF40E9A1695,IMPHASH=00000000000000000000000000000000\r\nIsExecutable: false\r\nArchived: true","OpCode":"Info","ProcessGuid":"{3f87e246-b6cc-6a8f-bd03-000000001600}","ProcessId":"5136","RecordNumber":"33072","RuleName":"-","Sid":"S-1-5-18","SidType":"0","SourceName":"Microsoft-Windows-Sysmon","TargetFilename":"C:\\Users\\user-01\\AppData\\Local\\Microsoft\\Edge\\User Data\\Default\\Service Worker\\Database\\89f3d7d7-8b32-4174-86fa-ec4260d51124.tmp","TaskCategory":"File Delete archived (rule: FileDelete)","Type":"Information","User":["NOT_TRANSLATED","miacsdomain\\user-01"],"UtcTime":"2026-08-27 04:02:20.888","_raw":"08/27/2026 06:02:20.904 AM\nLogName=Microsoft-Windows-Sysmon/Operational\nEventCode=23\nEventType=4\nComputerName=Win-10.miacsdomain.com\nUser=NOT_TRANSLATED\nSid=S-1-5-18\nSidType=0\nSourceName=Microsoft-Windows-Sysmon\nType=Information\nRecordNumber=33072\nKeywords=None\nTaskCategory=File Delete archived (rule: FileDelete)\nOpCode=Info\nMessage=File Delete archived:\r\nRuleName: -\r\nUtcTime: 2026-08-27 04:02:20.888\r\nProcessGuid: {3f87e246-b6cc-6a8f-bd03-000000001600}\r\nProcessId: 5136\r\nUser: miacsdomain\\user-01\r\nImage: C:\\Program Files (x86)\\Microsoft\\Edge\\Application\\msedge.exe\r\nTargetFilename: C:\\Users\\user-01\\AppData\\Local\\Microsoft\\Edge\\User Data\\Default\\Service Worker\\Database\\89f3d7d7-8b32-4174-86fa-ec4260d51124.tmp\r\nHashes: MD5=839E47C29CBDD8ED187A0F0237C34FDA,SHA256=2FBE70493ED42D07C447D0605E9A500A3E01035427943A849D58FFF40E9A1695,IMPHASH=00000000000000000000000000000000\r\nIsExecutable: false\r\nArchived: true","_time":"2026-08-27T06:02:20.904+0200","host":"Win-10","index":"main","linecount":"25","punct":"//_::._=--/===-..==---==--====___(:_)==__:\\r:_-\\r:_-","source":"WinEventLog:Microsoft-Windows-Sysmon/Operational","sourcetype":"WinEventLog:Microsoft-Windows-Sysmon/Operational","splunk_server":"splunk-virtual-machine"}}
{"preview":false,"result":{"CommandLine":"\"C:\\Program Files (x86)\\Microsoft\\Edge\\Application\\msedge.exe\" --type=utility --utility-sub-type=storage.mojom.StorageService --lang=en-US --service-sandbox-type=service --startup-read-main-dll --metrics-shmem-handle=2844,i,3175181554198079529,14326979739511814198,524288 --field-trial-handle=2388,i,5400736327197714738,335574812556295080,262144 --variations-seed-version --pseudonymization-salt-handle=2392,i,936120937100423643,14611091321473090956,4 --trace-process-track-uuid=3190708990060038890 --mojo-platform-channel-handle=2668 /prefetch:8","Company":"Microsoft Corporation","ComputerName":"Win-10.miacsdomain.com","CurrentDirectory":"C:\\Program Files (x86)\\Microsoft\\Edge\\Application\\150.0.4078.83\\","Description":"Microsoft Edge","EventCode":"1","EventType":"4","FileVersion":"150.0.4078.83","Hashes":"MD5=00CBAD2175B6D3F745E9F851F9BA1AD9,SHA256=F13F03C60B48664B5AB5B294C32FEB1FF2FD632F206EE6732D3DDFFB919A8B57,IMPHASH=86F149434A29395B191F332223EFCBD7","Image":"C:\\Program Files (x86)\\Microsoft\\Edge\\Application\\msedge.exe","IntegrityLevel":"Low","Keywords":"None","LogName":"Microsoft-Windows-Sysmon/Operational","LogonGuid":"{3f87e246-b6bf-6a8f-1c76-4c0000000000}","LogonId":"0x4C761C","Message":"Process Create:\r\nRuleName: -\r\nUtcTime: 2026-08-27 04:02:20.860\r\nProcessGuid: {3f87e246-b6cc-6a8f-c203-000000001600}\r\nProcessId: 5156\r\nImage: C:\\Program Files (x86)\\Microsoft\\Edge\\Application\\msedge.exe\r\nFileVersion: 150.0.4078.83\r\nDescription: Microsoft Edge\r\nProduct: Microsoft Edge\r\nCompany: Microsoft Corporation\r\nOriginalFileName: msedge.exe\r\nCommandLine: \"C:\\Program Files (x86)\\Microsoft\\Edge\\Application\\msedge.exe\" --type=utility --utility-sub-type=storage.mojom.StorageService --lang=en-US --service-sandbox-type=service --startup-read-main-dll --metrics-shmem-handle=2844,i,3175181554198079529,14326979739511814198,524288 --field-trial-handle=2388,i,5400736327197714738,335574812556295080,262144 --variations-seed-version --pseudonymization-salt-handle=2392,i,936120937100423643,14611091321473090956,4 --trace-process-track-uuid=3190708990060038890 --mojo-platform-channel-handle=2668 /prefetch:8\r\nCurrentDirectory: C:\\Program Files (x86)\\Microsoft\\Edge\\Application\\150.0.4078.83\\\r\nUser: miacsdomain\\user-01\r\nLogonGuid: {3f87e246-b6bf-6a8f-1c76-4c0000000000}\r\nLogonId: 0x4C761C\r\nTerminalSessionId: 5\r\nIntegrityLevel: Low\r\nHashes: MD5=00CBAD2175B6D3F745E9F851F9BA1AD9,SHA256=F13F03C60B48664B5AB5B294C32FEB1FF2FD632F206EE6732D3DDFFB919A8B57,IMPHASH=86F149434A29395B191F332223EFCBD7\r\nParentProcessGuid: {3f87e246-b6cc-6a8f-bd03-000000001600}\r\nParentProcessId: 5136\r\nParentImage: C:\\Program Files (x86)\\Microsoft\\Edge\\Application\\msedge.exe\r\nParentCommandLine: \"C:\\Program Files (x86)\\Microsoft\\Edge\\Application\\msedge.exe\" --no-startup-window --win-session-start\r\nParentUser: miacsdomain\\user-01","OpCode":"Info","OriginalFileName":"msedge.exe","ParentCommandLine":"\"C:\\Program Files (x86)\\Microsoft\\Edge\\Application\\msedge.exe\" --no-startup-window --win-session-start","ParentImage":"C:\\Program Files (x86)\\Microsoft\\Edge\\Application\\msedge.exe","ParentProcessGuid":"{3f87e246-b6cc-6a8f-bd03-000000001600}","ParentProcessId":"5136","ParentUser":"miacsdomain\\user-01","ProcessGuid":"{3f87e246-b6cc-6a8f-c203-000000001600}","ProcessId":"5156","Product":"Microsoft Edge","RecordNumber":"33071","RuleName":"-","Sid":"S-1-5-18","SidType":"0","SourceName":"Microsoft-Windows-Sysmon","TaskCategory":"Process Create (rule: ProcessCreate)","TerminalSessionId":"5","Type":"Information","User":["NOT_TRANSLATED","miacsdomain\\user-01"],"UtcTime":"2026-08-27 04:02:20.860","_raw":"08/27/2026 06:02:20.896 AM\nLogName=Microsoft-Windows-Sysmon/Operational\nEventCode=1\nEventType=4\nComputerName=Win-10.miacsdomain.com\nUser=NOT_TRANSLATED\nSid=S-1-5-18\nSidType=0\nSourceName=Microsoft-Windows-Sysmon\nType=Information\nRecordNumber=33071\nKeywords=None\nTaskCategory=Process Create (rule: ProcessCreate)\nOpCode=Info\nMessage=Process Create:\r\nRuleName: -\r\nUtcTime: 2026-08-27 04:02:20.860\r\nProcessGuid: {3f87e246-b6cc-6a8f-c203-000000001600}\r\nProcessId: 5156\r\nImage: C:\\Program Files (x86)\\Microsoft\\Edge\\Application\\msedge.exe\r\nFileVersion: 150.0.4078.83\r\nDescription: Microsoft Edge\r\nProduct: Microsoft Edge\r\nCompany: Microsoft Corporation\r\nOriginalFileName: msedge.exe\r\nCommandLine: \"C:\\Program Files (x86)\\Microsoft\\Edge\\Application\\msedge.exe\" --type=utility --utility-sub-type=storage.mojom.StorageService --lang=en-US --service-sandbox-type=service --startup-read-main-dll --metrics-shmem-handle=2844,i,3175181554198079529,14326979739511814198,524288 --field-trial-handle=2388,i,5400736327197714738,335574812556295080,262144 --variations-seed-version --pseudonymization-salt-handle=2392,i,936120937100423643,14611091321473090956,4 --trace-process-track-uuid=3190708990060038890 --mojo-platform-channel-handle=2668 /prefetch:8\r\nCurrentDirectory: C:\\Program Files (x86)\\Microsoft\\Edge\\Application\\150.0.4078.83\\\r\nUser: miacsdomain\\user-01\r\nLogonGuid: {3f87e246-b6bf-6a8f-1c76-4c0000000000}\r\nLogonId: 0x4C761C\r\nTerminalSessionId: 5\r\nIntegrityLevel: Low\r\nHashes: MD5=00CBAD2175B6D3F745E9F851F9BA1AD9,SHA256=F13F03C60B48664B5AB5B294C32FEB1FF2FD632F206EE6732D3DDFFB919A8B57,IMPHASH=86F149434A29395B191F332223EFCBD7\r\nParentProcessGuid: {3f87e246-b6cc-6a8f-bd03-000000001600}\r\nParentProcessId: 5136\r\nParentImage: C:\\Program Files (x86)\\Microsoft\\Edge\\Application\\msedge.exe\r\nParentCommandLine: \"C:\\Program Files (x86)\\Microsoft\\Edge\\Application\\msedge.exe\" --no-startup-window --win-session-start\r\nParentUser: miacsdomain\\user-01","_time":"2026-08-27T06:02:20.896+0200","host":"Win-10","index":"main","linecount":"38","punct":"//_::._=--/===-..==---==--====__(:_)==_:\\r:_-\\r:_--_","source":"WinEventLog:Microsoft-Windows-Sysmon/Operational","sourcetype":"WinEventLog:Microsoft-Windows-Sysmon/Operational","splunk_server":"splunk-virtual-machine"}}
{"preview":false,"result":{"CommandLine":"\"C:\\Program Files (x86)\\Microsoft\\Edge\\Application\\150.0.4078.83\\elevation_service.exe\"","Company":"Microsoft Corporation","ComputerName":"Win-10.miacsdomain.com","CurrentDirectory":"C:\\Windows\\system32\\","Description":"Microsoft Edge","EventCode":"1","EventType":"4","FileVersion":"150.0.4078.83","Hashes":"MD5=64E4BE9470D74873D967D578FDEC538F,SHA256=DFB579B0AD9FCBAD2C234DCF56F71FCF8F95DD624B00BF1AB602DA0277F57B76,IMPHASH=BDDE57058B98B702790F254A48122E95","Image":"C:\\Program Files (x86)\\Microsoft\\Edge\\Application\\150.0.4078.83\\elevation_service.exe","IntegrityLevel":"System","Keywords":"None","LogName":"Microsoft-Windows-Sysmon/Operational","LogonGuid":"{3f87e246-a659-6a8f-e703-000000000000}","LogonId":"0x3E7","Message":"Process Create:\r\nRuleName: -\r\nUtcTime: 2026-08-27 04:02:20.852\r\nProcessGuid: {3f87e246-b6cc-6a8f-c103-000000001600}\r\nProcessId: 5216\r\nImage: C:\\Program Files (x86)\\Microsoft\\Edge\\Application\\150.0.4078.83\\elevation_service.exe\r\nFileVersion: 150.0.4078.83\r\nDescription: Microsoft Edge\r\nProduct: Microsoft Edge\r\nCompany: Microsoft Corporation\r\nOriginalFileName: elevation_service.exe\r\nCommandLine: \"C:\\Program Files (x86)\\Microsoft\\Edge\\Application\\150.0.4078.83\\elevation_service.exe\"\r\nCurrentDirectory: C:\\Windows\\system32\\\r\nUser: NT AUTHORITY\\SYSTEM\r\nLogonGuid: {3f87e246-a659-6a8f-e703-000000000000}\r\nLogonId: 0x3E7\r\nTerminalSessionId: 0\r\nIntegrityLevel: System\r\nHashes: MD5=64E4BE9470D74873D967D578FDEC538F,SHA256=DFB579B0AD9FCBAD2C234DCF56F71FCF8F95DD624B00BF1AB602DA0277F57B76,IMPHASH=BDDE57058B98B702790F254A48122E95\r\nParentProcessGuid: {3f87e246-a659-6a8f-0b00-000000001600}\r\nParentProcessId: 608\r\nParentImage: C:\\Windows\\System32\\services.exe\r\nParentCommandLine: C:\\Windows\\system32\\services.exe\r\nParentUser: NT AUTHORITY\\SYSTEM","OpCode":"Info","OriginalFileName":"elevation_service.exe","ParentCommandLine":"C:\\Windows\\system32\\services.exe","ParentImage":"C:\\Windows\\System32\\services.exe","ParentProcessGuid":"{3f87e246-a659-6a8f-0b00-000000001600}","ParentProcessId":"608","ParentUser":"NT AUTHORITY\\SYSTEM","ProcessGuid":"{3f87e246-b6cc-6a8f-c103-000000001600}","ProcessId":"5216","Product":"Microsoft Edge","RecordNumber":"33070","RuleName":"-","Sid":"S-1-5-18","SidType":"0","SourceName":"Microsoft-Windows-Sysmon","TaskCategory":"Process Create (rule: ProcessCreate)","TerminalSessionId":"0","Type":"Information","User":["NOT_TRANSLATED","NT AUTHORITY\\SYSTEM"],"UtcTime":"2026-08-27 04:02:20.852","_raw":"08/27/2026 06:02:20.853 AM\nLogName=Microsoft-Windows-Sysmon/Operational\nEventCode=1\nEventType=4\nComputerName=Win-10.miacsdomain.com\nUser=NOT_TRANSLATED\nSid=S-1-5-18\nSidType=0\nSourceName=Microsoft-Windows-Sysmon\nType=Information\nRecordNumber=33070\nKeywords=None\nTaskCategory=Process Create (rule: ProcessCreate)\nOpCode=Info\nMessage=Process Create:\r\nRuleName: -\r\nUtcTime: 2026-08-27 04:02:20.852\r\nProcessGuid: {3f87e246-b6cc-6a8f-c103-000000001600}\r\nProcessId: 5216\r\nImage: C:\\Program Files (x86)\\Microsoft\\Edge\\Application\\150.0.4078.83\\elevation_service.exe\r\nFileVersion: 150.0.4078.83\r\nDescription: Microsoft Edge\r\nProduct: Microsoft Edge\r\nCompany: Microsoft Corporation\r\nOriginalFileName: elevation_service.exe\r\nCommandLine: \"C:\\Program Files (x86)\\Microsoft\\Edge\\Application\\150.0.4078.83\\elevation_service.exe\"\r\nCurrentDirectory: C:\\Windows\\system32\\\r\nUser: NT AUTHORITY\\SYSTEM\r\nLogonGuid: {3f87e246-a659-6a8f-e703-000000000000}\r\nLogonId: 0x3E7\r\nTerminalSessionId: 0\r\nIntegrityLevel: System\r\nHashes: MD5=64E4BE9470D74873D967D578FDEC538F,SHA256=DFB579B0AD9FCBAD2C234DCF56F71FCF8F95DD624B00BF1AB602DA0277F57B76,IMPHASH=BDDE57058B98B702790F254A48122E95\r\nParentProcessGuid: {3f87e246-a659-6a8f-0b00-000000001600}\r\nParentProcessId: 608\r\nParentImage: C:\\Windows\\System32\\services.exe\r\nParentCommandLine: C:\\Windows\\system32\\services.exe\r\nParentUser: NT AUTHORITY\\SYSTEM","_time":"2026-08-27T06:02:20.853+0200","host":"Win-10","index":"main","linecount":"38","punct":"//_::._=--/===-..==---==--====__(:_)==_:\\r:_-\\r:_--_","source":"WinEventLog:Microsoft-Windows-Sysmon/Operational","sourcetype":"WinEventLog:Microsoft-Windows-Sysmon/Operational","splunk_server":"splunk-virtual-machine"}}
{"preview":false,"result":{"Archived":"true","ComputerName":"Win-10.miacsdomain.com","EventCode":"23","EventType":"4","Hashes":"MD5=F7B0F0A76A17ECA122FD87C32B246D50,SHA256=2AA092530F3D5014C3BDC98ABFA47E52B5BE4E1FB34835954FA2A5B1155931F7,IMPHASH=00000000000000000000000000000000","Image":"C:\\Program Files (x86)\\Microsoft\\Edge\\Application\\msedge.exe","IsExecutable":"false","Keywords":"None","LogName":"Microsoft-Windows-Sysmon/Operational","Message":"File Delete archived:\r\nRuleName: -\r\nUtcTime: 2026-08-27 04:02:20.841\r\nProcessGuid: {3f87e246-b6cc-6a8f-bd03-000000001600}\r\nProcessId: 5136\r\nUser: miacsdomain\\user-01\r\nImage: C:\\Program Files (x86)\\Microsoft\\Edge\\Application\\msedge.exe\r\nTargetFilename: C:\\Users\\user-01\\AppData\\Local\\Microsoft\\Edge\\User Data\\592fab6e-052d-48c4-bf08-a3376ab95bbf.tmp\r\nHashes: MD5=F7B0F0A76A17ECA122FD87C32B246D50,SHA256=2AA092530F3D5014C3BDC98ABFA47E52B5BE4E1FB34835954FA2A5B1155931F7,IMPHASH=00000000000000000000000000000000\r\nIsExecutable: false\r\nArchived: true","OpCode":"Info","ProcessGuid":"{3f87e246-b6cc-6a8f-bd03-000000001600}","ProcessId":"5136","RecordNumber":"33069","RuleName":"-","Sid":"S-1-5-18","SidType":"0","SourceName":"Microsoft-Windows-Sysmon","TargetFilename":"C:\\Users\\user-01\\AppData\\Local\\Microsoft\\Edge\\User Data\\592fab6e-052d-48c4-bf08-a3376ab95bbf.tmp","TaskCategory":"File Delete archived (rule: FileDelete)","Type":"Information","User":["NOT_TRANSLATED","miacsdomain\\user-01"],"UtcTime":"2026-08-27 04:02:20.841","_raw":"08/27/2026 06:02:20.851 AM\nLogName=Microsoft-Windows-Sysmon/Operational\nEventCode=23\nEventType=4\nComputerName=Win-10.miacsdomain.com\nUser=NOT_TRANSLATED\nSid=S-1-5-18\nSidType=0\nSourceName=Microsoft-Windows-Sysmon\nType=Information\nRecordNumber=33069\nKeywords=None\nTaskCategory=File Delete archived (rule: FileDelete)\nOpCode=Info\nMessage=File Delete archived:\r\nRuleName: -\r\nUtcTime: 2026-08-27 04:02:20.841\r\nProcessGuid: {3f87e246-b6cc-6a8f-bd03-000000001600}\r\nProcessId: 5136\r\nUser: miacsdomain\\user-01\r\nImage: C:\\Program Files (x86)\\Microsoft\\Edge\\Application\\msedge.exe\r\nTargetFilename: C:\\Users\\user-01\\AppData\\Local\\Microsoft\\Edge\\User Data\\592fab6e-052d-48c4-bf08-a3376ab95bbf.tmp\r\nHashes: MD5=F7B0F0A76A17ECA122FD87C32B246D50,SHA256=2AA092530F3D5014C3BDC98ABFA47E52B5BE4E1FB34835954FA2A5B1155931F7,IMPHASH=00000000000000000000000000000000\r\nIsExecutable: false\r\nArchived: true","_time":"2026-08-27T06:02:20.851+0200","host":"Win-10","index":"main","linecount":"25","punct":"//_::._=--/===-..==---==--====___(:_)==__:\\r:_-\\r:_-","source":"WinEventLog:Microsoft-Windows-Sysmon/Operational","sourcetype":"WinEventLog:Microsoft-Windows-Sysmon/Operational","splunk_server":"splunk-virtual-machine"}}
{"preview":false,"result":{"Archived":"true","ComputerName":"Win-10.miacsdomain.com","EventCode":"23","EventType":"4","Hashes":"MD5=87B515883FBD2AB391C7271D0A9461BE,SHA256=7E49106AB6829721E5C1ACA3AA130C88A140A2E919C40322820F2B628EBD1BFD,IMPHASH=00000000000000000000000000000000","Image":"C:\\Program Files (x86)\\Microsoft\\Edge\\Application\\msedge.exe","IsExecutable":"false","Keywords":"None","LogName":"Microsoft-Windows-Sysmon/Operational","Message":"File Delete archived:\r\nRuleName: -\r\nUtcTime: 2026-08-27 04:02:20.826\r\nProcessGuid: {3f87e246-b6cc-6a8f-bd03-000000001600}\r\nProcessId: 5136\r\nUser: miacsdomain\\user-01\r\nImage: C:\\Program Files (x86)\\Microsoft\\Edge\\Application\\msedge.exe\r\nTargetFilename: C:\\Users\\user-01\\AppData\\Local\\Microsoft\\Edge\\User Data\\430351e7-b023-42ec-8fc4-a7c8c69a390b.tmp\r\nHashes: MD5=87B515883FBD2AB391C7271D0A9461BE,SHA256=7E49106AB6829721E5C1ACA3AA130C88A140A2E919C40322820F2B628EBD1BFD,IMPHASH=00000000000000000000000000000000\r\nIsExecutable: false\r\nArchived: true","OpCode":"Info","ProcessGuid":"{3f87e246-b6cc-6a8f-bd03-000000001600}","ProcessId":"5136","RecordNumber":"33068","RuleName":"-","Sid":"S-1-5-18","SidType":"0","SourceName":"Microsoft-Windows-Sysmon","TargetFilename":"C:\\Users\\user-01\\AppData\\Local\\Microsoft\\Edge\\User Data\\430351e7-b023-42ec-8fc4-a7c8c69a390b.tmp","TaskCategory":"File Delete archived (rule: FileDelete)","Type":"Information","User":["NOT_TRANSLATED","miacsdomain\\user-01"],"UtcTime":"2026-08-27 04:02:20.826","_raw":"08/27/2026 06:02:20.839 AM\nLogName=Microsoft-Windows-Sysmon/Operational\nEventCode=23\nEventType=4\nComputerName=Win-10.miacsdomain.com\nUser=NOT_TRANSLATED\nSid=S-1-5-18\nSidType=0\nSourceName=Microsoft-Windows-Sysmon\nType=Information\nRecordNumber=33068\nKeywords=None\nTaskCategory=File Delete archived (rule: FileDelete)\nOpCode=Info\nMessage=File Delete archived:\r\nRuleName: -\r\nUtcTime: 2026-08-27 04:02:20.826\r\nProcessGuid: {3f87e246-b6cc-6a8f-bd03-000000001600}\r\nProcessId: 5136\r\nUser: miacsdomain\\user-01\r\nImage: C:\\Program Files (x86)\\Microsoft\\Edge\\Application\\msedge.exe\r\nTargetFilename: C:\\Users\\user-01\\AppData\\Local\\Microsoft\\Edge\\User Data\\430351e7-b023-42ec-8fc4-a7c8c69a390b.tmp\r\nHashes: MD5=87B515883FBD2AB391C7271D0A9461BE,SHA256=7E49106AB6829721E5C1ACA3AA130C88A140A2E919C40322820F2B628EBD1BFD,IMPHASH=00000000000000000000000000000000\r\nIsExecutable: false\r\nArchived: true","_time":"2026-08-27T06:02:20.839+0200","host":"Win-10","index":"main","linecount":"25","punct":"//_::._=--/===-..==---==--====___(:_)==__:\\r:_-\\r:_-","source":"WinEventLog:Microsoft-Windows-Sysmon/Operational","sourcetype":"WinEventLog:Microsoft-Windows-Sysmon/Operational","splunk_server":"splunk-virtual-machine"}}
{"preview":false,"result":{"Archived":"true","ComputerName":"Win-10.miacsdomain.com","EventCode":"23","EventType":"4","Hashes":"MD5=EFDD93F897661FDB95F944D6ACAC0B64,SHA256=610D012B2E17631F732287FC846F4A1382ACF5ADEC5383EA6C4344F867CEE429,IMPHASH=00000000000000000000000000000000","Image":"C:\\Program Files (x86)\\Microsoft\\Edge\\Application\\msedge.exe","IsExecutable":"false","Keywords":"None","LogName":"Microsoft-Windows-Sysmon/Operational","Message":"File Delete archived:\r\nRuleName: -\r\nUtcTime: 2026-08-27 04:02:20.826\r\nProcessGuid: {3f87e246-b6cc-6a8f-bd03-000000001600}\r\nProcessId: 5136\r\nUser: miacsdomain\\user-01\r\nImage: C:\\Program Files (x86)\\Microsoft\\Edge\\Application\\msedge.exe\r\nTargetFilename: C:\\Users\\user-01\\AppData\\Local\\Microsoft\\Edge\\User Data\\Last Version\r\nHashes: MD5=EFDD93F897661FDB95F944D6ACAC0B64,SHA256=610D012B2E17631F732287FC846F4A1382ACF5ADEC5383EA6C4344F867CEE429,IMPHASH=00000000000000000000000000000000\r\nIsExecutable: false\r\nArchived: true","OpCode":"Info","ProcessGuid":"{3f87e246-b6cc-6a8f-bd03-000000001600}","ProcessId":"5136","RecordNumber":"33067","RuleName":"-","Sid":"S-1-5-18","SidType":"0","SourceName":"Microsoft-Windows-Sysmon","TargetFilename":"C:\\Users\\user-01\\AppData\\Local\\Microsoft\\Edge\\User Data\\Last Version","TaskCategory":"File Delete archived (rule: FileDelete)","Type":"Information","User":["NOT_TRANSLATED","miacsdomain\\user-01"],"UtcTime":"2026-08-27 04:02:20.826","_raw":"08/27/2026 06:02:20.838 AM\nLogName=Microsoft-Windows-Sysmon/Operational\nEventCode=23\nEventType=4\nComputerName=Win-10.miacsdomain.com\nUser=NOT_TRANSLATED\nSid=S-1-5-18\nSidType=0\nSourceName=Microsoft-Windows-Sysmon\nType=Information\nRecordNumber=33067\nKeywords=None\nTaskCategory=File Delete archived (rule: FileDelete)\nOpCode=Info\nMessage=File Delete archived:\r\nRuleName: -\r\nUtcTime: 2026-08-27 04:02:20.826\r\nProcessGuid: {3f87e246-b6cc-6a8f-bd03-000000001600}\r\nProcessId: 5136\r\nUser: miacsdomain\\user-01\r\nImage: C:\\Program Files (x86)\\Microsoft\\Edge\\Application\\msedge.exe\r\nTargetFilename: C:\\Users\\user-01\\AppData\\Local\\Microsoft\\Edge\\User Data\\Last Version\r\nHashes: MD5=EFDD93F897661FDB95F944D6ACAC0B64,SHA256=610D012B2E17631F732287FC846F4A1382ACF5ADEC5383EA6C4344F867CEE429,IMPHASH=00000000000000000000000000000000\r\nIsExecutable: false\r\nArchived: true","_time":"2026-08-27T06:02:20.838+0200","host":"Win-10","index":"main","linecount":"25","punct":"//_::._=--/===-..==---==--====___(:_)==__:\\r:_-\\r:_-","source":"WinEventLog:Microsoft-Windows-Sysmon/Operational","sourcetype":"WinEventLog:Microsoft-Windows-Sysmon/Operational","splunk_server":"splunk-virtual-machine"}}
{"preview":false,"result":{"CommandLine":"\"C:\\Program Files (x86)\\Microsoft\\Edge\\Application\\msedge.exe\" --type=gpu-process --gpu-preferences=UAAAAAAAAADgAAAEAAAAAAAAAAAAAGAAOAAAAAAAAAABAAAAAAAAAAAAAAAAAAAAAgAAAAAAAAAAAAAAAAAAABgAAAAAAAAAGAAAAAAAAAAIAAAAAAAAAAgAAAAAAAAACAAAAAAAAAA= --startup-read-main-dll --metrics-shmem-handle=2092,i,17416590841062358666,1256916389538535946,262144 --field-trial-handle=2388,i,5400736327197714738,335574812556295080,262144 --variations-seed-version --pseudonymization-salt-handle=2392,i,936120937100423643,14611091321473090956,4 --trace-process-track-uuid=3190708988185955192 --mojo-platform-channel-handle=2376 /prefetch:2","Company":"Microsoft Corporation","ComputerName":"Win-10.miacsdomain.com","CurrentDirectory":"C:\\Program Files (x86)\\Microsoft\\Edge\\Application\\150.0.4078.83\\","Description":"Microsoft Edge","EventCode":"1","EventType":"4","FileVersion":"150.0.4078.83","Hashes":"MD5=00CBAD2175B6D3F745E9F851F9BA1AD9,SHA256=F13F03C60B48664B5AB5B294C32FEB1FF2FD632F206EE6732D3DDFFB919A8B57,IMPHASH=86F149434A29395B191F332223EFCBD7","Image":"C:\\Program Files (x86)\\Microsoft\\Edge\\Application\\msedge.exe","IntegrityLevel":"Low","Keywords":"None","LogName":"Microsoft-Windows-Sysmon/Operational","LogonGuid":"{3f87e246-b6bf-6a8f-1c76-4c0000000000}","LogonId":"0x4C761C","Message":"Process Create:\r\nRuleName: -\r\nUtcTime: 2026-08-27 04:02:20.834\r\nProcessGuid: {3f87e246-b6cc-6a8f-c003-000000001600}\r\nProcessId: 5592\r\nImage: C:\\Program Files (x86)\\Microsoft\\Edge\\Application\\msedge.exe\r\nFileVersion: 150.0.4078.83\r\nDescription: Microsoft Edge\r\nProduct: Microsoft Edge\r\nCompany: Microsoft Corporation\r\nOriginalFileName: msedge.exe\r\nCommandLine: \"C:\\Program Files (x86)\\Microsoft\\Edge\\Application\\msedge.exe\" --type=gpu-process --gpu-preferences=UAAAAAAAAADgAAAEAAAAAAAAAAAAAGAAOAAAAAAAAAABAAAAAAAAAAAAAAAAAAAAAgAAAAAAAAAAAAAAAAAAABgAAAAAAAAAGAAAAAAAAAAIAAAAAAAAAAgAAAAAAAAACAAAAAAAAAA= --startup-read-main-dll --metrics-shmem-handle=2092,i,17416590841062358666,1256916389538535946,262144 --field-trial-handle=2388,i,5400736327197714738,335574812556295080,262144 --variations-seed-version --pseudonymization-salt-handle=2392,i,936120937100423643,14611091321473090956,4 --trace-process-track-uuid=3190708988185955192 --mojo-platform-channel-handle=2376 /prefetch:2\r\nCurrentDirectory: C:\\Program Files (x86)\\Microsoft\\Edge\\Application\\150.0.4078.83\\\r\nUser: miacsdomain\\user-01\r\nLogonGuid: {3f87e246-b6bf-6a8f-1c76-4c0000000000}\r\nLogonId: 0x4C761C\r\nTerminalSessionId: 5\r\nIntegrityLevel: Low\r\nHashes: MD5=00CBAD2175B6D3F745E9F851F9BA1AD9,SHA256=F13F03C60B48664B5AB5B294C32FEB1FF2FD632F206EE6732D3DDFFB919A8B57,IMPHASH=86F149434A29395B191F332223EFCBD7\r\nParentProcessGuid: {3f87e246-b6cc-6a8f-bd03-000000001600}\r\nParentProcessId: 5136\r\nParentImage: C:\\Program Files (x86)\\Microsoft\\Edge\\Application\\msedge.exe\r\nParentCommandLine: \"C:\\Program Files (x86)\\Microsoft\\Edge\\Application\\msedge.exe\" --no-startup-window --win-session-start\r\nParentUser: miacsdomain\\user-01","OpCode":"Info","OriginalFileName":"msedge.exe","ParentCommandLine":"\"C:\\Program Files (x86)\\Microsoft\\Edge\\Application\\msedge.exe\" --no-startup-window --win-session-start","ParentImage":"C:\\Program Files (x86)\\Microsoft\\Edge\\Application\\msedge.exe","ParentProcessGuid":"{3f87e246-b6cc-6a8f-bd03-000000001600}","ParentProcessId":"5136","ParentUser":"miacsdomain\\user-01","ProcessGuid":"{3f87e246-b6cc-6a8f-c003-000000001600}","ProcessId":"5592","Product":"Microsoft Edge","RecordNumber":"33066","RuleName":"-","Sid":"S-1-5-18","SidType":"0","SourceName":"Microsoft-Windows-Sysmon","TaskCategory":"Process Create (rule: ProcessCreate)","TerminalSessionId":"5","Type":"Information","User":["NOT_TRANSLATED","miacsdomain\\user-01"],"UtcTime":"2026-08-27 04:02:20.834","_raw":"08/27/2026 06:02:20.837 AM\nLogName=Microsoft-Windows-Sysmon/Operational\nEventCode=1\nEventType=4\nComputerName=Win-10.miacsdomain.com\nUser=NOT_TRANSLATED\nSid=S-1-5-18\nSidType=0\nSourceName=Microsoft-Windows-Sysmon\nType=Information\nRecordNumber=33066\nKeywords=None\nTaskCategory=Process Create (rule: ProcessCreate)\nOpCode=Info\nMessage=Process Create:\r\nRuleName: -\r\nUtcTime: 2026-08-27 04:02:20.834\r\nProcessGuid: {3f87e246-b6cc-6a8f-c003-000000001600}\r\nProcessId: 5592\r\nImage: C:\\Program Files (x86)\\Microsoft\\Edge\\Application\\msedge.exe\r\nFileVersion: 150.0.4078.83\r\nDescription: Microsoft Edge\r\nProduct: Microsoft Edge\r\nCompany: Microsoft Corporation\r\nOriginalFileName: msedge.exe\r\nCommandLine: \"C:\\Program Files (x86)\\Microsoft\\Edge\\Application\\msedge.exe\" --type=gpu-process --gpu-preferences=UAAAAAAAAADgAAAEAAAAAAAAAAAAAGAAOAAAAAAAAAABAAAAAAAAAAAAAAAAAAAAAgAAAAAAAAAAAAAAAAAAABgAAAAAAAAAGAAAAAAAAAAIAAAAAAAAAAgAAAAAAAAACAAAAAAAAAA= --startup-read-main-dll --metrics-shmem-handle=2092,i,17416590841062358666,1256916389538535946,262144 --field-trial-handle=2388,i,5400736327197714738,335574812556295080,262144 --variations-seed-version --pseudonymization-salt-handle=2392,i,936120937100423643,14611091321473090956,4 --trace-process-track-uuid=3190708988185955192 --mojo-platform-channel-handle=2376 /prefetch:2\r\nCurrentDirectory: C:\\Program Files (x86)\\Microsoft\\Edge\\Application\\150.0.4078.83\\\r\nUser: miacsdomain\\user-01\r\nLogonGuid: {3f87e246-b6bf-6a8f-1c76-4c0000000000}\r\nLogonId: 0x4C761C\r\nTerminalSessionId: 5\r\nIntegrityLevel: Low\r\nHashes: MD5=00CBAD2175B6D3F745E9F851F9BA1AD9,SHA256=F13F03C60B48664B5AB5B294C32FEB1FF2FD632F206EE6732D3DDFFB919A8B57,IMPHASH=86F149434A29395B191F332223EFCBD7\r\nParentProcessGuid: {3f87e246-b6cc-6a8f-bd03-000000001600}\r\nParentProcessId: 5136\r\nParentImage: C:\\Program Files (x86)\\Microsoft\\Edge\\Application\\msedge.exe\r\nParentCommandLine: \"C:\\Program Files (x86)\\Microsoft\\Edge\\Application\\msedge.exe\" --no-startup-window --win-session-start\r\nParentUser: miacsdomain\\user-01","_time":"2026-08-27T06:02:20.837+0200","host":"Win-10","index":"main","linecount":"38","punct":"//_::._=--/===-..==---==--====__(:_)==_:\\r:_-\\r:_--_","source":"WinEventLog:Microsoft-Windows-Sysmon/Operational","sourcetype":"WinEventLog:Microsoft-Windows-Sysmon/Operational","splunk_server":"splunk-virtual-machine"}}
{"preview":false,"result":{"CommandLine":"\"C:\\Program Files (x86)\\Microsoft\\Edge\\Application\\msedge.exe\" --type=utility --utility-sub-type=network.mojom.NetworkService --lang=en-US --service-sandbox-type=none --startup-read-main-dll --metrics-shmem-handle=2232,i,17278740305414461840,255265304538185458,524288 --field-trial-handle=2388,i,5400736327197714738,335574812556295080,262144 --variations-seed-version --pseudonymization-salt-handle=2392,i,936120937100423643,14611091321473090956,4 --trace-process-track-uuid=3190708989122997041 --mojo-platform-channel-handle=2504 /prefetch:3","Company":"Microsoft Corporation","ComputerName":"Win-10.miacsdomain.com","CurrentDirectory":"C:\\Program Files (x86)\\Microsoft\\Edge\\Application\\150.0.4078.83\\","Description":"Microsoft Edge","EventCode":"1","EventType":"4","FileVersion":"150.0.4078.83","Hashes":"MD5=00CBAD2175B6D3F745E9F851F9BA1AD9,SHA256=F13F03C60B48664B5AB5B294C32FEB1FF2FD632F206EE6732D3DDFFB919A8B57,IMPHASH=86F149434A29395B191F332223EFCBD7","Image":"C:\\Program Files (x86)\\Microsoft\\Edge\\Application\\msedge.exe","IntegrityLevel":"Medium","Keywords":"None","LogName":"Microsoft-Windows-Sysmon/Operational","LogonGuid":"{3f87e246-b6bf-6a8f-1c76-4c0000000000}","LogonId":"0x4C761C","Message":"Process Create:\r\nRuleName: -\r\nUtcTime: 2026-08-27 04:02:20.832\r\nProcessGuid: {3f87e246-b6cc-6a8f-bf03-000000001600}\r\nProcessId: 5732\r\nImage: C:\\Program Files (x86)\\Microsoft\\Edge\\Application\\msedge.exe\r\nFileVersion: 150.0.4078.83\r\nDescription: Microsoft Edge\r\nProduct: Microsoft Edge\r\nCompany: Microsoft Corporation\r\nOriginalFileName: msedge.exe\r\nCommandLine: \"C:\\Program Files (x86)\\Microsoft\\Edge\\Application\\msedge.exe\" --type=utility --utility-sub-type=network.mojom.NetworkService --lang=en-US --service-sandbox-type=none --startup-read-main-dll --metrics-shmem-handle=2232,i,17278740305414461840,255265304538185458,524288 --field-trial-handle=2388,i,5400736327197714738,335574812556295080,262144 --variations-seed-version --pseudonymization-salt-handle=2392,i,936120937100423643,14611091321473090956,4 --trace-process-track-uuid=3190708989122997041 --mojo-platform-channel-handle=2504 /prefetch:3\r\nCurrentDirectory: C:\\Program Files (x86)\\Microsoft\\Edge\\Application\\150.0.4078.83\\\r\nUser: miacsdomain\\user-01\r\nLogonGuid: {3f87e246-b6bf-6a8f-1c76-4c0000000000}\r\nLogonId: 0x4C761C\r\nTerminalSessionId: 5\r\nIntegrityLevel: Medium\r\nHashes: MD5=00CBAD2175B6D3F745E9F851F9BA1AD9,SHA256=F13F03C60B48664B5AB5B294C32FEB1FF2FD632F206EE6732D3DDFFB919A8B57,IMPHASH=86F149434A29395B191F332223EFCBD7\r\nParentProcessGuid: {3f87e246-b6cc-6a8f-bd03-000000001600}\r\nParentProcessId: 5136\r\nParentImage: C:\\Program Files (x86)\\Microsoft\\Edge\\Application\\msedge.exe\r\nParentCommandLine: \"C:\\Program Files (x86)\\Microsoft\\Edge\\Application\\msedge.exe\" --no-startup-window --win-session-start\r\nParentUser: miacsdomain\\user-01","OpCode":"Info","OriginalFileName":"msedge.exe","ParentCommandLine":"\"C:\\Program Files (x86)\\Microsoft\\Edge\\Application\\msedge.exe\" --no-startup-window --win-session-start","ParentImage":"C:\\Program Files (x86)\\Microsoft\\Edge\\Application\\msedge.exe","ParentProcessGuid":"{3f87e246-b6cc-6a8f-bd03-000000001600}","ParentProcessId":"5136","ParentUser":"miacsdomain\\user-01","ProcessGuid":"{3f87e246-b6cc-6a8f-bf03-000000001600}","ProcessId":"5732","Product":"Microsoft Edge","RecordNumber":"33065","RuleName":"-","Sid":"S-1-5-18","SidType":"0","SourceName":"Microsoft-Windows-Sysmon","TaskCategory":"Process Create (rule: ProcessCreate)","TerminalSessionId":"5","Type":"Information","User":["NOT_TRANSLATED","miacsdomain\\user-01"],"UtcTime":"2026-08-27 04:02:20.832","_raw":"08/27/2026 06:02:20.832 AM\nLogName=Microsoft-Windows-Sysmon/Operational\nEventCode=1\nEventType=4\nComputerName=Win-10.miacsdomain.com\nUser=NOT_TRANSLATED\nSid=S-1-5-18\nSidType=0\nSourceName=Microsoft-Windows-Sysmon\nType=Information\nRecordNumber=33065\nKeywords=None\nTaskCategory=Process Create (rule: ProcessCreate)\nOpCode=Info\nMessage=Process Create:\r\nRuleName: -\r\nUtcTime: 2026-08-27 04:02:20.832\r\nProcessGuid: {3f87e246-b6cc-6a8f-bf03-000000001600}\r\nProcessId: 5732\r\nImage: C:\\Program Files (x86)\\Microsoft\\Edge\\Application\\msedge.exe\r\nFileVersion: 150.0.4078.83\r\nDescription: Microsoft Edge\r\nProduct: Microsoft Edge\r\nCompany: Microsoft Corporation\r\nOriginalFileName: msedge.exe\r\nCommandLine: \"C:\\Program Files (x86)\\Microsoft\\Edge\\Application\\msedge.exe\" --type=utility --utility-sub-type=network.mojom.NetworkService --lang=en-US --service-sandbox-type=none --startup-read-main-dll --metrics-shmem-handle=2232,i,17278740305414461840,255265304538185458,524288 --field-trial-handle=2388,i,5400736327197714738,335574812556295080,262144 --variations-seed-version --pseudonymization-salt-handle=2392,i,936120937100423643,14611091321473090956,4 --trace-process-track-uuid=3190708989122997041 --mojo-platform-channel-handle=2504 /prefetch:3\r\nCurrentDirectory: C:\\Program Files (x86)\\Microsoft\\Edge\\Application\\150.0.4078.83\\\r\nUser: miacsdomain\\user-01\r\nLogonGuid: {3f87e246-b6bf-6a8f-1c76-4c0000000000}\r\nLogonId: 0x4C761C\r\nTerminalSessionId: 5\r\nIntegrityLevel: Medium\r\nHashes: MD5=00CBAD2175B6D3F745E9F851F9BA1AD9,SHA256=F13F03C60B48664B5AB5B294C32FEB1FF2FD632F206EE6732D3DDFFB919A8B57,IMPHASH=86F149434A29395B191F332223EFCBD7\r\nParentProcessGuid: {3f87e246-b6cc-6a8f-bd03-000000001600}\r\nParentProcessId: 5136\r\nParentImage: C:\\Program Files (x86)\\Microsoft\\Edge\\Application\\msedge.exe\r\nParentCommandLine: \"C:\\Program Files (x86)\\Microsoft\\Edge\\Application\\msedge.exe\" --no-startup-window --win-session-start\r\nParentUser: miacsdomain\\user-01","_time":"2026-08-27T06:02:20.832+0200","host":"Win-10","index":"main","linecount":"38","punct":"//_::._=--/===-..==---==--====__(:_)==_:\\r:_-\\r:_--_","source":"WinEventLog:Microsoft-Windows-Sysmon/Operational","sourcetype":"WinEventLog:Microsoft-Windows-Sysmon/Operational","splunk_server":"splunk-virtual-machine"}}
{"preview":false,"result":{"Archived":"true","ComputerName":"Win-10.miacsdomain.com","EventCode":"23","EventType":"4","Hashes":"MD5=3510D75E3E337288072C8BD809648DAB,SHA256=7E6DAAD7C6A4C97ABCD6A0D03EE9D31D736E1F427084384E37058CCFFC80187A,IMPHASH=00000000000000000000000000000000","Image":"C:\\Program Files (x86)\\Microsoft\\Edge\\Application\\msedge.exe","IsExecutable":"false","Keywords":"None","LogName":"Microsoft-Windows-Sysmon/Operational","Message":"File Delete archived:\r\nRuleName: -\r\nUtcTime: 2026-08-27 04:02:20.794\r\nProcessGuid: {3f87e246-b6cc-6a8f-bd03-000000001600}\r\nProcessId: 5136\r\nUser: miacsdomain\\user-01\r\nImage: C:\\Program Files (x86)\\Microsoft\\Edge\\Application\\msedge.exe\r\nTargetFilename: C:\\Users\\user-01\\AppData\\Local\\Microsoft\\Edge\\User Data\\Variations\r\nHashes: MD5=3510D75E3E337288072C8BD809648DAB,SHA256=7E6DAAD7C6A4C97ABCD6A0D03EE9D31D736E1F427084384E37058CCFFC80187A,IMPHASH=00000000000000000000000000000000\r\nIsExecutable: false\r\nArchived: true","OpCode":"Info","ProcessGuid":"{3f87e246-b6cc-6a8f-bd03-000000001600}","ProcessId":"5136","RecordNumber":"33064","RuleName":"-","Sid":"S-1-5-18","SidType":"0","SourceName":"Microsoft-Windows-Sysmon","TargetFilename":"C:\\Users\\user-01\\AppData\\Local\\Microsoft\\Edge\\User Data\\Variations","TaskCategory":"File Delete archived (rule: FileDelete)","Type":"Information","User":["NOT_TRANSLATED","miacsdomain\\user-01"],"UtcTime":"2026-08-27 04:02:20.794","_raw":"08/27/2026 06:02:20.797 AM\nLogName=Microsoft-Windows-Sysmon/Operational\nEventCode=23\nEventType=4\nComputerName=Win-10.miacsdomain.com\nUser=NOT_TRANSLATED\nSid=S-1-5-18\nSidType=0\nSourceName=Microsoft-Windows-Sysmon\nType=Information\nRecordNumber=33064\nKeywords=None\nTaskCategory=File Delete archived (rule: FileDelete)\nOpCode=Info\nMessage=File Delete archived:\r\nRuleName: -\r\nUtcTime: 2026-08-27 04:02:20.794\r\nProcessGuid: {3f87e246-b6cc-6a8f-bd03-000000001600}\r\nProcessId: 5136\r\nUser: miacsdomain\\user-01\r\nImage: C:\\Program Files (x86)\\Microsoft\\Edge\\Application\\msedge.exe\r\nTargetFilename: C:\\Users\\user-01\\AppData\\Local\\Microsoft\\Edge\\User Data\\Variations\r\nHashes: MD5=3510D75E3E337288072C8BD809648DAB,SHA256=7E6DAAD7C6A4C97ABCD6A0D03EE9D31D736E1F427084384E37058CCFFC80187A,IMPHASH=00000000000000000000000000000000\r\nIsExecutable: false\r\nArchived: true","_time":"2026-08-27T06:02:20.797+0200","host":"Win-10","index":"main","linecount":"25","punct":"//_::._=--/===-..==---==--====___(:_)==__:\\r:_-\\r:_-","source":"WinEventLog:Microsoft-Windows-Sysmon/Operational","sourcetype":"WinEventLog:Microsoft-Windows-Sysmon/Operational","splunk_server":"splunk-virtual-machine"}}
{"preview":false,"result":{"CommandLine":"\"C:\\Program Files (x86)\\Microsoft\\Edge\\Application\\msedge.exe\" --type=crashpad-handler \"--user-data-dir=C:\\Users\\user-01\\AppData\\Local\\Microsoft\\Edge\\User Data\" /prefetch:4 --monitor-self-annotation=ptype=crashpad-handler \"--database=C:\\Users\\user-01\\AppData\\Local\\Microsoft\\Edge\\User Data\\Crashpad\" \"--metrics-dir=C:\\Users\\user-01\\AppData\\Local\\Microsoft\\Edge\\User Data\" --annotation=IsOfficialBuild=1 --annotation=channel= --annotation=chromium-version=150.0.7871.129 \"--annotation=exe=C:\\Program Files (x86)\\Microsoft\\Edge\\Application\\msedge.exe\" --annotation=plat=Win64 --annotation=prod=Edge --annotation=ver=150.0.4078.83 --initial-client-data=0x248,0x24c,0x250,0x244,0x258,0x7ffb9c03dcf0,0x7ffb9c03dcfc,0x7ffb9c03dd08","Company":"Microsoft Corporation","ComputerName":"Win-10.miacsdomain.com","CurrentDirectory":"C:\\Program Files (x86)\\Microsoft\\Edge\\Application\\150.0.4078.83\\","Description":"Microsoft Edge","EventCode":"1","EventType":"4","FileVersion":"150.0.4078.83","Hashes":"MD5=00CBAD2175B6D3F745E9F851F9BA1AD9,SHA256=F13F03C60B48664B5AB5B294C32FEB1FF2FD632F206EE6732D3DDFFB919A8B57,IMPHASH=86F149434A29395B191F332223EFCBD7","Image":"C:\\Program Files (x86)\\Microsoft\\Edge\\Application\\msedge.exe","IntegrityLevel":"Medium","Keywords":"None","LogName":"Microsoft-Windows-Sysmon/Operational","LogonGuid":"{3f87e246-b6bf-6a8f-1c76-4c0000000000}","LogonId":"0x4C761C","Message":"Process Create:\r\nRuleName: -\r\nUtcTime: 2026-08-27 04:02:20.784\r\nProcessGuid: {3f87e246-b6cc-6a8f-be03-000000001600}\r\nProcessId: 4036\r\nImage: C:\\Program Files (x86)\\Microsoft\\Edge\\Application\\msedge.exe\r\nFileVersion: 150.0.4078.83\r\nDescription: Microsoft Edge\r\nProduct: Microsoft Edge\r\nCompany: Microsoft Corporation\r\nOriginalFileName: msedge.exe\r\nCommandLine: \"C:\\Program Files (x86)\\Microsoft\\Edge\\Application\\msedge.exe\" --type=crashpad-handler \"--user-data-dir=C:\\Users\\user-01\\AppData\\Local\\Microsoft\\Edge\\User Data\" /prefetch:4 --monitor-self-annotation=ptype=crashpad-handler \"--database=C:\\Users\\user-01\\AppData\\Local\\Microsoft\\Edge\\User Data\\Crashpad\" \"--metrics-dir=C:\\Users\\user-01\\AppData\\Local\\Microsoft\\Edge\\User Data\" --annotation=IsOfficialBuild=1 --annotation=channel= --annotation=chromium-version=150.0.7871.129 \"--annotation=exe=C:\\Program Files (x86)\\Microsoft\\Edge\\Application\\msedge.exe\" --annotation=plat=Win64 --annotation=prod=Edge --annotation=ver=150.0.4078.83 --initial-client-data=0x248,0x24c,0x250,0x244,0x258,0x7ffb9c03dcf0,0x7ffb9c03dcfc,0x7ffb9c03dd08\r\nCurrentDirectory: C:\\Program Files (x86)\\Microsoft\\Edge\\Application\\150.0.4078.83\\\r\nUser: miacsdomain\\user-01\r\nLogonGuid: {3f87e246-b6bf-6a8f-1c76-4c0000000000}\r\nLogonId: 0x4C761C\r\nTerminalSessionId: 5\r\nIntegrityLevel: Medium\r\nHashes: MD5=00CBAD2175B6D3F745E9F851F9BA1AD9,SHA256=F13F03C60B48664B5AB5B294C32FEB1FF2FD632F206EE6732D3DDFFB919A8B57,IMPHASH=86F149434A29395B191F332223EFCBD7\r\nParentProcessGuid: {3f87e246-b6cc-6a8f-bd03-000000001600}\r\nParentProcessId: 5136\r\nParentImage: C:\\Program Files (x86)\\Microsoft\\Edge\\Application\\msedge.exe\r\nParentCommandLine: \"C:\\Program Files (x86)\\Microsoft\\Edge\\Application\\msedge.exe\" --no-startup-window --win-session-start\r\nParentUser: miacsdomain\\user-01","OpCode":"Info","OriginalFileName":"msedge.exe","ParentCommandLine":"\"C:\\Program Files (x86)\\Microsoft\\Edge\\Application\\msedge.exe\" --no-startup-window --win-session-start","ParentImage":"C:\\Program Files (x86)\\Microsoft\\Edge\\Application\\msedge.exe","ParentProcessGuid":"{3f87e246-b6cc-6a8f-bd03-000000001600}","ParentProcessId":"5136","ParentUser":"miacsdomain\\user-01","ProcessGuid":"{3f87e246-b6cc-6a8f-be03-000000001600}","ProcessId":"4036","Product":"Microsoft Edge","RecordNumber":"33063","RuleName":"-","Sid":"S-1-5-18","SidType":"0","SourceName":"Microsoft-Windows-Sysmon","TaskCategory":"Process Create (rule: ProcessCreate)","TerminalSessionId":"5","Type":"Information","User":["NOT_TRANSLATED","miacsdomain\\user-01"],"UtcTime":"2026-08-27 04:02:20.784","_raw":"08/27/2026 06:02:20.785 AM\nLogName=Microsoft-Windows-Sysmon/Operational\nEventCode=1\nEventType=4\nComputerName=Win-10.miacsdomain.com\nUser=NOT_TRANSLATED\nSid=S-1-5-18\nSidType=0\nSourceName=Microsoft-Windows-Sysmon\nType=Information\nRecordNumber=33063\nKeywords=None\nTaskCategory=Process Create (rule: ProcessCreate)\nOpCode=Info\nMessage=Process Create:\r\nRuleName: -\r\nUtcTime: 2026-08-27 04:02:20.784\r\nProcessGuid: {3f87e246-b6cc-6a8f-be03-000000001600}\r\nProcessId: 4036\r\nImage: C:\\Program Files (x86)\\Microsoft\\Edge\\Application\\msedge.exe\r\nFileVersion: 150.0.4078.83\r\nDescription: Microsoft Edge\r\nProduct: Microsoft Edge\r\nCompany: Microsoft Corporation\r\nOriginalFileName: msedge.exe\r\nCommandLine: \"C:\\Program Files (x86)\\Microsoft\\Edge\\Application\\msedge.exe\" --type=crashpad-handler \"--user-data-dir=C:\\Users\\user-01\\AppData\\Local\\Microsoft\\Edge\\User Data\" /prefetch:4 --monitor-self-annotation=ptype=crashpad-handler \"--database=C:\\Users\\user-01\\AppData\\Local\\Microsoft\\Edge\\User Data\\Crashpad\" \"--metrics-dir=C:\\Users\\user-01\\AppData\\Local\\Microsoft\\Edge\\User Data\" --annotation=IsOfficialBuild=1 --annotation=channel= --annotation=chromium-version=150.0.7871.129 \"--annotation=exe=C:\\Program Files (x86)\\Microsoft\\Edge\\Application\\msedge.exe\" --annotation=plat=Win64 --annotation=prod=Edge --annotation=ver=150.0.4078.83 --initial-client-data=0x248,0x24c,0x250,0x244,0x258,0x7ffb9c03dcf0,0x7ffb9c03dcfc,0x7ffb9c03dd08\r\nCurrentDirectory: C:\\Program Files (x86)\\Microsoft\\Edge\\Application\\150.0.4078.83\\\r\nUser: miacsdomain\\user-01\r\nLogonGuid: {3f87e246-b6bf-6a8f-1c76-4c0000000000}\r\nLogonId: 0x4C761C\r\nTerminalSessionId: 5\r\nIntegrityLevel: Medium\r\nHashes: MD5=00CBAD2175B6D3F745E9F851F9BA1AD9,SHA256=F13F03C60B48664B5AB5B294C32FEB1FF2FD632F206EE6732D3DDFFB919A8B57,IMPHASH=86F149434A29395B191F332223EFCBD7\r\nParentProcessGuid: {3f87e246-b6cc-6a8f-bd03-000000001600}\r\nParentProcessId: 5136\r\nParentImage: C:\\Program Files (x86)\\Microsoft\\Edge\\Application\\msedge.exe\r\nParentCommandLine: \"C:\\Program Files (x86)\\Microsoft\\Edge\\Application\\msedge.exe\" --no-startup-window --win-session-start\r\nParentUser: miacsdomain\\user-01","_time":"2026-08-27T06:02:20.785+0200","host":"Win-10","index":"main","linecount":"38","punct":"//_::._=--/===-..==---==--====__(:_)==_:\\r:_-\\r:_--_","source":"WinEventLog:Microsoft-Windows-Sysmon/Operational","sourcetype":"WinEventLog:Microsoft-Windows-Sysmon/Operational","splunk_server":"splunk-virtual-machine"}}
