{"preview":false,"result":{"ComputerName":"Win-10.miacsdomain.com","Details":"C:\\Users\\user-01\\AppData\\Local\\Microsoft\\OneDrive\\19.043.0304.0013\\amd64\\FileSyncShell64.dll","EventCode":"13","EventType":["4","SetValue"],"Image":"C:\\Users\\user-01\\AppData\\Local\\Microsoft\\OneDrive\\OneDrive.exe","Keywords":"None","LogName":"Microsoft-Windows-Sysmon/Operational","Message":"Registry value set:\r\nRuleName: T1122\r\nEventType: SetValue\r\nUtcTime: 2026-08-27 04:02:20.107\r\nProcessGuid: {3f87e246-b6cc-6a8f-bb03-000000001600}\r\nProcessId: 5840\r\nImage: C:\\Users\\user-01\\AppData\\Local\\Microsoft\\OneDrive\\OneDrive.exe\r\nTargetObject: HKU\\S-1-5-21-246749117-2054088174-1189330396-1105_Classes\\CLSID\\{A78ED123-AB77-406B-9962-2A5D9D2F7F30}\\InprocServer32\\(Default)\r\nDetails: C:\\Users\\user-01\\AppData\\Local\\Microsoft\\OneDrive\\19.043.0304.0013\\amd64\\FileSyncShell64.dll\r\nUser: miacsdomain\\user-01","OpCode":"Info","ProcessGuid":"{3f87e246-b6cc-6a8f-bb03-000000001600}","ProcessId":"5840","RecordNumber":"33027","RuleName":"T1122","Sid":"S-1-5-18","SidType":"0","SourceName":"Microsoft-Windows-Sysmon","TargetObject":"HKU\\S-1-5-21-246749117-2054088174-1189330396-1105_Classes\\CLSID\\{A78ED123-AB77-406B-9962-2A5D9D2F7F30}\\InprocServer32\\(Default)","TaskCategory":"Registry value set (rule: RegistryEvent)","Type":"Information","User":["NOT_TRANSLATED","miacsdomain\\user-01"],"UtcTime":"2026-08-27 04:02:20.107","_raw":"08/27/2026 06:02:20.136 AM\nLogName=Microsoft-Windows-Sysmon/Operational\nEventCode=13\nEventType=4\nComputerName=Win-10.miacsdomain.com\nUser=NOT_TRANSLATED\nSid=S-1-5-18\nSidType=0\nSourceName=Microsoft-Windows-Sysmon\nType=Information\nRecordNumber=33027\nKeywords=None\nTaskCategory=Registry value set (rule: RegistryEvent)\nOpCode=Info\nMessage=Registry value set:\r\nRuleName: T1122\r\nEventType: SetValue\r\nUtcTime: 2026-08-27 04:02:20.107\r\nProcessGuid: {3f87e246-b6cc-6a8f-bb03-000000001600}\r\nProcessId: 5840\r\nImage: C:\\Users\\user-01\\AppData\\Local\\Microsoft\\OneDrive\\OneDrive.exe\r\nTargetObject: HKU\\S-1-5-21-246749117-2054088174-1189330396-1105_Classes\\CLSID\\{A78ED123-AB77-406B-9962-2A5D9D2F7F30}\\InprocServer32\\(Default)\r\nDetails: C:\\Users\\user-01\\AppData\\Local\\Microsoft\\OneDrive\\19.043.0304.0013\\amd64\\FileSyncShell64.dll\r\nUser: miacsdomain\\user-01","_time":"2026-08-27T06:02:20.136+0200","host":"Win-10","index":"main","linecount":"24","punct":"//_::._=--/===-..==---==--====___(:_)==__:\\r:_\\r:_\\r:","source":"WinEventLog:Microsoft-Windows-Sysmon/Operational","sourcetype":"WinEventLog:Microsoft-Windows-Sysmon/Operational","splunk_server":"splunk-virtual-machine"}}
{"preview":false,"result":{"ComputerName":"Win-10.miacsdomain.com","Details":"C:\\Users\\user-01\\AppData\\Local\\Microsoft\\OneDrive\\19.043.0304.0013\\FileSyncShell.dll","EventCode":"13","EventType":["4","SetValue"],"Image":"C:\\Users\\user-01\\AppData\\Local\\Microsoft\\OneDrive\\OneDrive.exe","Keywords":"None","LogName":"Microsoft-Windows-Sysmon/Operational","Message":"Registry value set:\r\nRuleName: T1122\r\nEventType: SetValue\r\nUtcTime: 2026-08-27 04:02:20.107\r\nProcessGuid: {3f87e246-b6cc-6a8f-bb03-000000001600}\r\nProcessId: 5840\r\nImage: C:\\Users\\user-01\\AppData\\Local\\Microsoft\\OneDrive\\OneDrive.exe\r\nTargetObject: HKU\\S-1-5-21-246749117-2054088174-1189330396-1105_Classes\\WOW6432Node\\CLSID\\{5AB7172C-9C11-405C-8DD5-AF20F3606282}\\InprocServer32\\(Default)\r\nDetails: C:\\Users\\user-01\\AppData\\Local\\Microsoft\\OneDrive\\19.043.0304.0013\\FileSyncShell.dll\r\nUser: miacsdomain\\user-01","OpCode":"Info","ProcessGuid":"{3f87e246-b6cc-6a8f-bb03-000000001600}","ProcessId":"5840","RecordNumber":"33026","RuleName":"T1122","Sid":"S-1-5-18","SidType":"0","SourceName":"Microsoft-Windows-Sysmon","TargetObject":"HKU\\S-1-5-21-246749117-2054088174-1189330396-1105_Classes\\WOW6432Node\\CLSID\\{5AB7172C-9C11-405C-8DD5-AF20F3606282}\\InprocServer32\\(Default)","TaskCategory":"Registry value set (rule: RegistryEvent)","Type":"Information","User":["NOT_TRANSLATED","miacsdomain\\user-01"],"UtcTime":"2026-08-27 04:02:20.107","_raw":"08/27/2026 06:02:20.134 AM\nLogName=Microsoft-Windows-Sysmon/Operational\nEventCode=13\nEventType=4\nComputerName=Win-10.miacsdomain.com\nUser=NOT_TRANSLATED\nSid=S-1-5-18\nSidType=0\nSourceName=Microsoft-Windows-Sysmon\nType=Information\nRecordNumber=33026\nKeywords=None\nTaskCategory=Registry value set (rule: RegistryEvent)\nOpCode=Info\nMessage=Registry value set:\r\nRuleName: T1122\r\nEventType: SetValue\r\nUtcTime: 2026-08-27 04:02:20.107\r\nProcessGuid: {3f87e246-b6cc-6a8f-bb03-000000001600}\r\nProcessId: 5840\r\nImage: C:\\Users\\user-01\\AppData\\Local\\Microsoft\\OneDrive\\OneDrive.exe\r\nTargetObject: HKU\\S-1-5-21-246749117-2054088174-1189330396-1105_Classes\\WOW6432Node\\CLSID\\{5AB7172C-9C11-405C-8DD5-AF20F3606282}\\InprocServer32\\(Default)\r\nDetails: C:\\Users\\user-01\\AppData\\Local\\Microsoft\\OneDrive\\19.043.0304.0013\\FileSyncShell.dll\r\nUser: miacsdomain\\user-01","_time":"2026-08-27T06:02:20.134+0200","host":"Win-10","index":"main","linecount":"24","punct":"//_::._=--/===-..==---==--====___(:_)==__:\\r:_\\r:_\\r:","source":"WinEventLog:Microsoft-Windows-Sysmon/Operational","sourcetype":"WinEventLog:Microsoft-Windows-Sysmon/Operational","splunk_server":"splunk-virtual-machine"}}
{"preview":false,"result":{"ComputerName":"Win-10.miacsdomain.com","Details":"C:\\Users\\user-01\\AppData\\Local\\Microsoft\\OneDrive\\19.043.0304.0013\\amd64\\FileSyncShell64.dll","EventCode":"13","EventType":["4","SetValue"],"Image":"C:\\Users\\user-01\\AppData\\Local\\Microsoft\\OneDrive\\OneDrive.exe","Keywords":"None","LogName":"Microsoft-Windows-Sysmon/Operational","Message":"Registry value set:\r\nRuleName: T1122\r\nEventType: SetValue\r\nUtcTime: 2026-08-27 04:02:20.107\r\nProcessGuid: {3f87e246-b6cc-6a8f-bb03-000000001600}\r\nProcessId: 5840\r\nImage: C:\\Users\\user-01\\AppData\\Local\\Microsoft\\OneDrive\\OneDrive.exe\r\nTargetObject: HKU\\S-1-5-21-246749117-2054088174-1189330396-1105_Classes\\CLSID\\{5AB7172C-9C11-405C-8DD5-AF20F3606282}\\InprocServer32\\(Default)\r\nDetails: C:\\Users\\user-01\\AppData\\Local\\Microsoft\\OneDrive\\19.043.0304.0013\\amd64\\FileSyncShell64.dll\r\nUser: miacsdomain\\user-01","OpCode":"Info","ProcessGuid":"{3f87e246-b6cc-6a8f-bb03-000000001600}","ProcessId":"5840","RecordNumber":"33025","RuleName":"T1122","Sid":"S-1-5-18","SidType":"0","SourceName":"Microsoft-Windows-Sysmon","TargetObject":"HKU\\S-1-5-21-246749117-2054088174-1189330396-1105_Classes\\CLSID\\{5AB7172C-9C11-405C-8DD5-AF20F3606282}\\InprocServer32\\(Default)","TaskCategory":"Registry value set (rule: RegistryEvent)","Type":"Information","User":["NOT_TRANSLATED","miacsdomain\\user-01"],"UtcTime":"2026-08-27 04:02:20.107","_raw":"08/27/2026 06:02:20.134 AM\nLogName=Microsoft-Windows-Sysmon/Operational\nEventCode=13\nEventType=4\nComputerName=Win-10.miacsdomain.com\nUser=NOT_TRANSLATED\nSid=S-1-5-18\nSidType=0\nSourceName=Microsoft-Windows-Sysmon\nType=Information\nRecordNumber=33025\nKeywords=None\nTaskCategory=Registry value set (rule: RegistryEvent)\nOpCode=Info\nMessage=Registry value set:\r\nRuleName: T1122\r\nEventType: SetValue\r\nUtcTime: 2026-08-27 04:02:20.107\r\nProcessGuid: {3f87e246-b6cc-6a8f-bb03-000000001600}\r\nProcessId: 5840\r\nImage: C:\\Users\\user-01\\AppData\\Local\\Microsoft\\OneDrive\\OneDrive.exe\r\nTargetObject: HKU\\S-1-5-21-246749117-2054088174-1189330396-1105_Classes\\CLSID\\{5AB7172C-9C11-405C-8DD5-AF20F3606282}\\InprocServer32\\(Default)\r\nDetails: C:\\Users\\user-01\\AppData\\Local\\Microsoft\\OneDrive\\19.043.0304.0013\\amd64\\FileSyncShell64.dll\r\nUser: miacsdomain\\user-01","_time":"2026-08-27T06:02:20.134+0200","host":"Win-10","index":"main","linecount":"24","punct":"//_::._=--/===-..==---==--====___(:_)==__:\\r:_\\r:_\\r:","source":"WinEventLog:Microsoft-Windows-Sysmon/Operational","sourcetype":"WinEventLog:Microsoft-Windows-Sysmon/Operational","splunk_server":"splunk-virtual-machine"}}
{"preview":false,"result":{"ComputerName":"Win-10.miacsdomain.com","Details":"C:\\Users\\user-01\\AppData\\Local\\Microsoft\\OneDrive\\19.043.0304.0013\\FileSyncShell.dll","EventCode":"13","EventType":["4","SetValue"],"Image":"C:\\Users\\user-01\\AppData\\Local\\Microsoft\\OneDrive\\OneDrive.exe","Keywords":"None","LogName":"Microsoft-Windows-Sysmon/Operational","Message":"Registry value set:\r\nRuleName: T1122\r\nEventType: SetValue\r\nUtcTime: 2026-08-27 04:02:20.107\r\nProcessGuid: {3f87e246-b6cc-6a8f-bb03-000000001600}\r\nProcessId: 5840\r\nImage: C:\\Users\\user-01\\AppData\\Local\\Microsoft\\OneDrive\\OneDrive.exe\r\nTargetObject: HKU\\S-1-5-21-246749117-2054088174-1189330396-1105_Classes\\WOW6432Node\\CLSID\\{BBACC218-34EA-4666-9D7A-C78F2274A524}\\InprocServer32\\(Default)\r\nDetails: C:\\Users\\user-01\\AppData\\Local\\Microsoft\\OneDrive\\19.043.0304.0013\\FileSyncShell.dll\r\nUser: miacsdomain\\user-01","OpCode":"Info","ProcessGuid":"{3f87e246-b6cc-6a8f-bb03-000000001600}","ProcessId":"5840","RecordNumber":"33024","RuleName":"T1122","Sid":"S-1-5-18","SidType":"0","SourceName":"Microsoft-Windows-Sysmon","TargetObject":"HKU\\S-1-5-21-246749117-2054088174-1189330396-1105_Classes\\WOW6432Node\\CLSID\\{BBACC218-34EA-4666-9D7A-C78F2274A524}\\InprocServer32\\(Default)","TaskCategory":"Registry value set (rule: RegistryEvent)","Type":"Information","User":["NOT_TRANSLATED","miacsdomain\\user-01"],"UtcTime":"2026-08-27 04:02:20.107","_raw":"08/27/2026 06:02:20.133 AM\nLogName=Microsoft-Windows-Sysmon/Operational\nEventCode=13\nEventType=4\nComputerName=Win-10.miacsdomain.com\nUser=NOT_TRANSLATED\nSid=S-1-5-18\nSidType=0\nSourceName=Microsoft-Windows-Sysmon\nType=Information\nRecordNumber=33024\nKeywords=None\nTaskCategory=Registry value set (rule: RegistryEvent)\nOpCode=Info\nMessage=Registry value set:\r\nRuleName: T1122\r\nEventType: SetValue\r\nUtcTime: 2026-08-27 04:02:20.107\r\nProcessGuid: {3f87e246-b6cc-6a8f-bb03-000000001600}\r\nProcessId: 5840\r\nImage: C:\\Users\\user-01\\AppData\\Local\\Microsoft\\OneDrive\\OneDrive.exe\r\nTargetObject: HKU\\S-1-5-21-246749117-2054088174-1189330396-1105_Classes\\WOW6432Node\\CLSID\\{BBACC218-34EA-4666-9D7A-C78F2274A524}\\InprocServer32\\(Default)\r\nDetails: C:\\Users\\user-01\\AppData\\Local\\Microsoft\\OneDrive\\19.043.0304.0013\\FileSyncShell.dll\r\nUser: miacsdomain\\user-01","_time":"2026-08-27T06:02:20.133+0200","host":"Win-10","index":"main","linecount":"24","punct":"//_::._=--/===-..==---==--====___(:_)==__:\\r:_\\r:_\\r:","source":"WinEventLog:Microsoft-Windows-Sysmon/Operational","sourcetype":"WinEventLog:Microsoft-Windows-Sysmon/Operational","splunk_server":"splunk-virtual-machine"}}
{"preview":false,"result":{"ComputerName":"Win-10.miacsdomain.com","Details":"C:\\Users\\user-01\\AppData\\Local\\Microsoft\\OneDrive\\19.043.0304.0013\\amd64\\FileSyncShell64.dll","EventCode":"13","EventType":["4","SetValue"],"Image":"C:\\Users\\user-01\\AppData\\Local\\Microsoft\\OneDrive\\OneDrive.exe","Keywords":"None","LogName":"Microsoft-Windows-Sysmon/Operational","Message":"Registry value set:\r\nRuleName: T1122\r\nEventType: SetValue\r\nUtcTime: 2026-08-27 04:02:20.107\r\nProcessGuid: {3f87e246-b6cc-6a8f-bb03-000000001600}\r\nProcessId: 5840\r\nImage: C:\\Users\\user-01\\AppData\\Local\\Microsoft\\OneDrive\\OneDrive.exe\r\nTargetObject: HKU\\S-1-5-21-246749117-2054088174-1189330396-1105_Classes\\CLSID\\{BBACC218-34EA-4666-9D7A-C78F2274A524}\\InprocServer32\\(Default)\r\nDetails: C:\\Users\\user-01\\AppData\\Local\\Microsoft\\OneDrive\\19.043.0304.0013\\amd64\\FileSyncShell64.dll\r\nUser: miacsdomain\\user-01","OpCode":"Info","ProcessGuid":"{3f87e246-b6cc-6a8f-bb03-000000001600}","ProcessId":"5840","RecordNumber":"33023","RuleName":"T1122","Sid":"S-1-5-18","SidType":"0","SourceName":"Microsoft-Windows-Sysmon","TargetObject":"HKU\\S-1-5-21-246749117-2054088174-1189330396-1105_Classes\\CLSID\\{BBACC218-34EA-4666-9D7A-C78F2274A524}\\InprocServer32\\(Default)","TaskCategory":"Registry value set (rule: RegistryEvent)","Type":"Information","User":["NOT_TRANSLATED","miacsdomain\\user-01"],"UtcTime":"2026-08-27 04:02:20.107","_raw":"08/27/2026 06:02:20.133 AM\nLogName=Microsoft-Windows-Sysmon/Operational\nEventCode=13\nEventType=4\nComputerName=Win-10.miacsdomain.com\nUser=NOT_TRANSLATED\nSid=S-1-5-18\nSidType=0\nSourceName=Microsoft-Windows-Sysmon\nType=Information\nRecordNumber=33023\nKeywords=None\nTaskCategory=Registry value set (rule: RegistryEvent)\nOpCode=Info\nMessage=Registry value set:\r\nRuleName: T1122\r\nEventType: SetValue\r\nUtcTime: 2026-08-27 04:02:20.107\r\nProcessGuid: {3f87e246-b6cc-6a8f-bb03-000000001600}\r\nProcessId: 5840\r\nImage: C:\\Users\\user-01\\AppData\\Local\\Microsoft\\OneDrive\\OneDrive.exe\r\nTargetObject: HKU\\S-1-5-21-246749117-2054088174-1189330396-1105_Classes\\CLSID\\{BBACC218-34EA-4666-9D7A-C78F2274A524}\\InprocServer32\\(Default)\r\nDetails: C:\\Users\\user-01\\AppData\\Local\\Microsoft\\OneDrive\\19.043.0304.0013\\amd64\\FileSyncShell64.dll\r\nUser: miacsdomain\\user-01","_time":"2026-08-27T06:02:20.133+0200","host":"Win-10","index":"main","linecount":"24","punct":"//_::._=--/===-..==---==--====___(:_)==__:\\r:_\\r:_\\r:","source":"WinEventLog:Microsoft-Windows-Sysmon/Operational","sourcetype":"WinEventLog:Microsoft-Windows-Sysmon/Operational","splunk_server":"splunk-virtual-machine"}}
{"preview":false,"result":{"Archived":"true","ComputerName":"Win-10.miacsdomain.com","EventCode":"23","EventType":"4","Hashes":"MD5=93B1A5595FFC270DA744214D4E8CDA1F,SHA256=0613496A0D27B8D27FBC5107E9E054697A8292B297BE2AA35C4CD3B180C4612E,IMPHASH=00000000000000000000000000000000","Image":"C:\\Users\\user-01\\AppData\\Local\\Microsoft\\OneDrive\\OneDrive.exe","IsExecutable":"false","Keywords":"None","LogName":"Microsoft-Windows-Sysmon/Operational","Message":"File Delete archived:\r\nRuleName: -\r\nUtcTime: 2026-08-27 04:02:20.107\r\nProcessGuid: {3f87e246-b6cc-6a8f-bb03-000000001600}\r\nProcessId: 5840\r\nUser: miacsdomain\\user-01\r\nImage: C:\\Users\\user-01\\AppData\\Local\\Microsoft\\OneDrive\\OneDrive.exe\r\nTargetFilename: C:\\Users\\user-01\\AppData\\Local\\Microsoft\\OneDrive\\logs\\Personal\\TraceArchive.0304.0013-27.etl\r\nHashes: MD5=93B1A5595FFC270DA744214D4E8CDA1F,SHA256=0613496A0D27B8D27FBC5107E9E054697A8292B297BE2AA35C4CD3B180C4612E,IMPHASH=00000000000000000000000000000000\r\nIsExecutable: false\r\nArchived: true","OpCode":"Info","ProcessGuid":"{3f87e246-b6cc-6a8f-bb03-000000001600}","ProcessId":"5840","RecordNumber":"33022","RuleName":"-","Sid":"S-1-5-18","SidType":"0","SourceName":"Microsoft-Windows-Sysmon","TargetFilename":"C:\\Users\\user-01\\AppData\\Local\\Microsoft\\OneDrive\\logs\\Personal\\TraceArchive.0304.0013-27.etl","TaskCategory":"File Delete archived (rule: FileDelete)","Type":"Information","User":["NOT_TRANSLATED","miacsdomain\\user-01"],"UtcTime":"2026-08-27 04:02:20.107","_raw":"08/27/2026 06:02:20.107 AM\nLogName=Microsoft-Windows-Sysmon/Operational\nEventCode=23\nEventType=4\nComputerName=Win-10.miacsdomain.com\nUser=NOT_TRANSLATED\nSid=S-1-5-18\nSidType=0\nSourceName=Microsoft-Windows-Sysmon\nType=Information\nRecordNumber=33022\nKeywords=None\nTaskCategory=File Delete archived (rule: FileDelete)\nOpCode=Info\nMessage=File Delete archived:\r\nRuleName: -\r\nUtcTime: 2026-08-27 04:02:20.107\r\nProcessGuid: {3f87e246-b6cc-6a8f-bb03-000000001600}\r\nProcessId: 5840\r\nUser: miacsdomain\\user-01\r\nImage: C:\\Users\\user-01\\AppData\\Local\\Microsoft\\OneDrive\\OneDrive.exe\r\nTargetFilename: C:\\Users\\user-01\\AppData\\Local\\Microsoft\\OneDrive\\logs\\Personal\\TraceArchive.0304.0013-27.etl\r\nHashes: MD5=93B1A5595FFC270DA744214D4E8CDA1F,SHA256=0613496A0D27B8D27FBC5107E9E054697A8292B297BE2AA35C4CD3B180C4612E,IMPHASH=00000000000000000000000000000000\r\nIsExecutable: false\r\nArchived: true","_time":"2026-08-27T06:02:20.107+0200","host":"Win-10","index":"main","linecount":"25","punct":"//_::._=--/===-..==---==--====___(:_)==__:\\r:_-\\r:_-","source":"WinEventLog:Microsoft-Windows-Sysmon/Operational","sourcetype":"WinEventLog:Microsoft-Windows-Sysmon/Operational","splunk_server":"splunk-virtual-machine"}}
{"preview":false,"result":{"Archived":"true","ComputerName":"Win-10.miacsdomain.com","EventCode":"23","EventType":"4","Hashes":"MD5=9151A1853EF4BD3C0C6A54AB3D60EBB9,SHA256=F6FC7B34B85677328C747CE3ADF1C365DE22526FFD1B4C98B69FF3F252673605,IMPHASH=00000000000000000000000000000000","Image":"C:\\Users\\user-01\\AppData\\Local\\Microsoft\\OneDrive\\OneDrive.exe","IsExecutable":"false","Keywords":"None","LogName":"Microsoft-Windows-Sysmon/Operational","Message":"File Delete archived:\r\nRuleName: -\r\nUtcTime: 2026-08-27 04:02:20.076\r\nProcessGuid: {3f87e246-b6cc-6a8f-bb03-000000001600}\r\nProcessId: 5840\r\nUser: miacsdomain\\user-01\r\nImage: C:\\Users\\user-01\\AppData\\Local\\Microsoft\\OneDrive\\OneDrive.exe\r\nTargetFilename: C:\\Users\\user-01\\AppData\\Local\\Microsoft\\OneDrive\\logs\\Personal\\telemetryCache.otc.session-journal\r\nHashes: MD5=9151A1853EF4BD3C0C6A54AB3D60EBB9,SHA256=F6FC7B34B85677328C747CE3ADF1C365DE22526FFD1B4C98B69FF3F252673605,IMPHASH=00000000000000000000000000000000\r\nIsExecutable: false\r\nArchived: true","OpCode":"Info","ProcessGuid":"{3f87e246-b6cc-6a8f-bb03-000000001600}","ProcessId":"5840","RecordNumber":"33021","RuleName":"-","Sid":"S-1-5-18","SidType":"0","SourceName":"Microsoft-Windows-Sysmon","TargetFilename":"C:\\Users\\user-01\\AppData\\Local\\Microsoft\\OneDrive\\logs\\Personal\\telemetryCache.otc.session-journal","TaskCategory":"File Delete archived (rule: FileDelete)","Type":"Information","User":["NOT_TRANSLATED","miacsdomain\\user-01"],"UtcTime":"2026-08-27 04:02:20.076","_raw":"08/27/2026 06:02:20.078 AM\nLogName=Microsoft-Windows-Sysmon/Operational\nEventCode=23\nEventType=4\nComputerName=Win-10.miacsdomain.com\nUser=NOT_TRANSLATED\nSid=S-1-5-18\nSidType=0\nSourceName=Microsoft-Windows-Sysmon\nType=Information\nRecordNumber=33021\nKeywords=None\nTaskCategory=File Delete archived (rule: FileDelete)\nOpCode=Info\nMessage=File Delete archived:\r\nRuleName: -\r\nUtcTime: 2026-08-27 04:02:20.076\r\nProcessGuid: {3f87e246-b6cc-6a8f-bb03-000000001600}\r\nProcessId: 5840\r\nUser: miacsdomain\\user-01\r\nImage: C:\\Users\\user-01\\AppData\\Local\\Microsoft\\OneDrive\\OneDrive.exe\r\nTargetFilename: C:\\Users\\user-01\\AppData\\Local\\Microsoft\\OneDrive\\logs\\Personal\\telemetryCache.otc.session-journal\r\nHashes: MD5=9151A1853EF4BD3C0C6A54AB3D60EBB9,SHA256=F6FC7B34B85677328C747CE3ADF1C365DE22526FFD1B4C98B69FF3F252673605,IMPHASH=00000000000000000000000000000000\r\nIsExecutable: false\r\nArchived: true","_time":"2026-08-27T06:02:20.078+0200","host":"Win-10","index":"main","linecount":"25","punct":"//_::._=--/===-..==---==--====___(:_)==__:\\r:_-\\r:_-","source":"WinEventLog:Microsoft-Windows-Sysmon/Operational","sourcetype":"WinEventLog:Microsoft-Windows-Sysmon/Operational","splunk_server":"splunk-virtual-machine"}}
{"preview":false,"result":{"Archived":"true","ComputerName":"Win-10.miacsdomain.com","EventCode":"23","EventType":"4","Hashes":"MD5=2351F01DF0D79AC2316E646F3023126B,SHA256=0341A4CFC6CFE1FD68B9B3467C92752403D653D0765CCA39ADE66048E8C12F13,IMPHASH=00000000000000000000000000000000","Image":"C:\\Users\\user-01\\AppData\\Local\\Microsoft\\OneDrive\\OneDrive.exe","IsExecutable":"false","Keywords":"None","LogName":"Microsoft-Windows-Sysmon/Operational","Message":"File Delete archived:\r\nRuleName: -\r\nUtcTime: 2026-08-27 04:02:20.060\r\nProcessGuid: {3f87e246-b6cc-6a8f-bb03-000000001600}\r\nProcessId: 5840\r\nUser: miacsdomain\\user-01\r\nImage: C:\\Users\\user-01\\AppData\\Local\\Microsoft\\OneDrive\\OneDrive.exe\r\nTargetFilename: C:\\Users\\user-01\\AppData\\Local\\Microsoft\\OneDrive\\logs\\Personal\\telemetryCache.otc.session-journal\r\nHashes: MD5=2351F01DF0D79AC2316E646F3023126B,SHA256=0341A4CFC6CFE1FD68B9B3467C92752403D653D0765CCA39ADE66048E8C12F13,IMPHASH=00000000000000000000000000000000\r\nIsExecutable: false\r\nArchived: true","OpCode":"Info","ProcessGuid":"{3f87e246-b6cc-6a8f-bb03-000000001600}","ProcessId":"5840","RecordNumber":"33020","RuleName":"-","Sid":"S-1-5-18","SidType":"0","SourceName":"Microsoft-Windows-Sysmon","TargetFilename":"C:\\Users\\user-01\\AppData\\Local\\Microsoft\\OneDrive\\logs\\Personal\\telemetryCache.otc.session-journal","TaskCategory":"File Delete archived (rule: FileDelete)","Type":"Information","User":["NOT_TRANSLATED","miacsdomain\\user-01"],"UtcTime":"2026-08-27 04:02:20.060","_raw":"08/27/2026 06:02:20.075 AM\nLogName=Microsoft-Windows-Sysmon/Operational\nEventCode=23\nEventType=4\nComputerName=Win-10.miacsdomain.com\nUser=NOT_TRANSLATED\nSid=S-1-5-18\nSidType=0\nSourceName=Microsoft-Windows-Sysmon\nType=Information\nRecordNumber=33020\nKeywords=None\nTaskCategory=File Delete archived (rule: FileDelete)\nOpCode=Info\nMessage=File Delete archived:\r\nRuleName: -\r\nUtcTime: 2026-08-27 04:02:20.060\r\nProcessGuid: {3f87e246-b6cc-6a8f-bb03-000000001600}\r\nProcessId: 5840\r\nUser: miacsdomain\\user-01\r\nImage: C:\\Users\\user-01\\AppData\\Local\\Microsoft\\OneDrive\\OneDrive.exe\r\nTargetFilename: C:\\Users\\user-01\\AppData\\Local\\Microsoft\\OneDrive\\logs\\Personal\\telemetryCache.otc.session-journal\r\nHashes: MD5=2351F01DF0D79AC2316E646F3023126B,SHA256=0341A4CFC6CFE1FD68B9B3467C92752403D653D0765CCA39ADE66048E8C12F13,IMPHASH=00000000000000000000000000000000\r\nIsExecutable: false\r\nArchived: true","_time":"2026-08-27T06:02:20.075+0200","host":"Win-10","index":"main","linecount":"25","punct":"//_::._=--/===-..==---==--====___(:_)==__:\\r:_-\\r:_-","source":"WinEventLog:Microsoft-Windows-Sysmon/Operational","sourcetype":"WinEventLog:Microsoft-Windows-Sysmon/Operational","splunk_server":"splunk-virtual-machine"}}
{"preview":false,"result":{"Archived":"true","ComputerName":"Win-10.miacsdomain.com","EventCode":"23","EventType":"4","Hashes":"MD5=0F0909DC53ABE179EFEA364DE9632CEA,SHA256=EBAA0F9F985C53D46C1C13ED2365B9EBD3D88AFA82F300D910494A6EE4283D76,IMPHASH=00000000000000000000000000000000","Image":"C:\\Users\\user-01\\AppData\\Local\\Microsoft\\OneDrive\\OneDrive.exe","IsExecutable":"false","Keywords":"None","LogName":"Microsoft-Windows-Sysmon/Operational","Message":"File Delete archived:\r\nRuleName: -\r\nUtcTime: 2026-08-27 04:02:20.060\r\nProcessGuid: {3f87e246-b6cc-6a8f-bb03-000000001600}\r\nProcessId: 5840\r\nUser: miacsdomain\\user-01\r\nImage: C:\\Users\\user-01\\AppData\\Local\\Microsoft\\OneDrive\\OneDrive.exe\r\nTargetFilename: C:\\Users\\user-01\\AppData\\Local\\Temp\\aria-debug-6040.log\r\nHashes: MD5=0F0909DC53ABE179EFEA364DE9632CEA,SHA256=EBAA0F9F985C53D46C1C13ED2365B9EBD3D88AFA82F300D910494A6EE4283D76,IMPHASH=00000000000000000000000000000000\r\nIsExecutable: false\r\nArchived: true","OpCode":"Info","ProcessGuid":"{3f87e246-b6cc-6a8f-bb03-000000001600}","ProcessId":"5840","RecordNumber":"33019","RuleName":"-","Sid":"S-1-5-18","SidType":"0","SourceName":"Microsoft-Windows-Sysmon","TargetFilename":"C:\\Users\\user-01\\AppData\\Local\\Temp\\aria-debug-6040.log","TaskCategory":"File Delete archived (rule: FileDelete)","Type":"Information","User":["NOT_TRANSLATED","miacsdomain\\user-01"],"UtcTime":"2026-08-27 04:02:20.060","_raw":"08/27/2026 06:02:20.070 AM\nLogName=Microsoft-Windows-Sysmon/Operational\nEventCode=23\nEventType=4\nComputerName=Win-10.miacsdomain.com\nUser=NOT_TRANSLATED\nSid=S-1-5-18\nSidType=0\nSourceName=Microsoft-Windows-Sysmon\nType=Information\nRecordNumber=33019\nKeywords=None\nTaskCategory=File Delete archived (rule: FileDelete)\nOpCode=Info\nMessage=File Delete archived:\r\nRuleName: -\r\nUtcTime: 2026-08-27 04:02:20.060\r\nProcessGuid: {3f87e246-b6cc-6a8f-bb03-000000001600}\r\nProcessId: 5840\r\nUser: miacsdomain\\user-01\r\nImage: C:\\Users\\user-01\\AppData\\Local\\Microsoft\\OneDrive\\OneDrive.exe\r\nTargetFilename: C:\\Users\\user-01\\AppData\\Local\\Temp\\aria-debug-6040.log\r\nHashes: MD5=0F0909DC53ABE179EFEA364DE9632CEA,SHA256=EBAA0F9F985C53D46C1C13ED2365B9EBD3D88AFA82F300D910494A6EE4283D76,IMPHASH=00000000000000000000000000000000\r\nIsExecutable: false\r\nArchived: true","_time":"2026-08-27T06:02:20.070+0200","host":"Win-10","index":"main","linecount":"25","punct":"//_::._=--/===-..==---==--====___(:_)==__:\\r:_-\\r:_-","source":"WinEventLog:Microsoft-Windows-Sysmon/Operational","sourcetype":"WinEventLog:Microsoft-Windows-Sysmon/Operational","splunk_server":"splunk-virtual-machine"}}
{"preview":false,"result":{"CommandLine":"\"C:\\Users\\user-01\\AppData\\Local\\Microsoft\\OneDrive\\OneDrive.exe\" /background","Company":"Microsoft Corporation","ComputerName":"Win-10.miacsdomain.com","CurrentDirectory":"C:\\Windows\\system32\\","Description":"Microsoft OneDrive","EventCode":"1","EventType":"4","FileVersion":"19.043.0304.0013","Hashes":"MD5=CF1A1B2A6F227D5B06AB0B3C8B88618B,SHA256=1FD250A499B2912B1ACEC31A03CAA32F1B328F2861E1383E94F23386F724FB36,IMPHASH=2A395AA09AEC6C9EF61ECFF3C1D576D8","Image":"C:\\Users\\user-01\\AppData\\Local\\Microsoft\\OneDrive\\OneDrive.exe","IntegrityLevel":"Medium","Keywords":"None","LogName":"Microsoft-Windows-Sysmon/Operational","LogonGuid":"{3f87e246-b6bf-6a8f-1c76-4c0000000000}","LogonId":"0x4C761C","Message":"Process Create:\r\nRuleName: -\r\nUtcTime: 2026-08-27 04:02:20.037\r\nProcessGuid: {3f87e246-b6cc-6a8f-bb03-000000001600}\r\nProcessId: 5840\r\nImage: C:\\Users\\user-01\\AppData\\Local\\Microsoft\\OneDrive\\OneDrive.exe\r\nFileVersion: 19.043.0304.0013\r\nDescription: Microsoft OneDrive\r\nProduct: Microsoft OneDrive\r\nCompany: Microsoft Corporation\r\nOriginalFileName: OneDrive.exe\r\nCommandLine: \"C:\\Users\\user-01\\AppData\\Local\\Microsoft\\OneDrive\\OneDrive.exe\" /background\r\nCurrentDirectory: C:\\Windows\\system32\\\r\nUser: miacsdomain\\user-01\r\nLogonGuid: {3f87e246-b6bf-6a8f-1c76-4c0000000000}\r\nLogonId: 0x4C761C\r\nTerminalSessionId: 5\r\nIntegrityLevel: Medium\r\nHashes: MD5=CF1A1B2A6F227D5B06AB0B3C8B88618B,SHA256=1FD250A499B2912B1ACEC31A03CAA32F1B328F2861E1383E94F23386F724FB36,IMPHASH=2A395AA09AEC6C9EF61ECFF3C1D576D8\r\nParentProcessGuid: {3f87e246-b6c0-6a8f-a303-000000001600}\r\nParentProcessId: 312\r\nParentImage: C:\\Windows\\explorer.exe\r\nParentCommandLine: C:\\Windows\\Explorer.EXE\r\nParentUser: miacsdomain\\user-01","OpCode":"Info","OriginalFileName":"OneDrive.exe","ParentCommandLine":"C:\\Windows\\Explorer.EXE","ParentImage":"C:\\Windows\\explorer.exe","ParentProcessGuid":"{3f87e246-b6c0-6a8f-a303-000000001600}","ParentProcessId":"312","ParentUser":"miacsdomain\\user-01","ProcessGuid":"{3f87e246-b6cc-6a8f-bb03-000000001600}","ProcessId":"5840","Product":"Microsoft OneDrive","RecordNumber":"33018","RuleName":"-","Sid":"S-1-5-18","SidType":"0","SourceName":"Microsoft-Windows-Sysmon","TaskCategory":"Process Create (rule: ProcessCreate)","TerminalSessionId":"5","Type":"Information","User":["NOT_TRANSLATED","miacsdomain\\user-01"],"UtcTime":"2026-08-27 04:02:20.037","_raw":"08/27/2026 06:02:20.038 AM\nLogName=Microsoft-Windows-Sysmon/Operational\nEventCode=1\nEventType=4\nComputerName=Win-10.miacsdomain.com\nUser=NOT_TRANSLATED\nSid=S-1-5-18\nSidType=0\nSourceName=Microsoft-Windows-Sysmon\nType=Information\nRecordNumber=33018\nKeywords=None\nTaskCategory=Process Create (rule: ProcessCreate)\nOpCode=Info\nMessage=Process Create:\r\nRuleName: -\r\nUtcTime: 2026-08-27 04:02:20.037\r\nProcessGuid: {3f87e246-b6cc-6a8f-bb03-000000001600}\r\nProcessId: 5840\r\nImage: C:\\Users\\user-01\\AppData\\Local\\Microsoft\\OneDrive\\OneDrive.exe\r\nFileVersion: 19.043.0304.0013\r\nDescription: Microsoft OneDrive\r\nProduct: Microsoft OneDrive\r\nCompany: Microsoft Corporation\r\nOriginalFileName: OneDrive.exe\r\nCommandLine: \"C:\\Users\\user-01\\AppData\\Local\\Microsoft\\OneDrive\\OneDrive.exe\" /background\r\nCurrentDirectory: C:\\Windows\\system32\\\r\nUser: miacsdomain\\user-01\r\nLogonGuid: {3f87e246-b6bf-6a8f-1c76-4c0000000000}\r\nLogonId: 0x4C761C\r\nTerminalSessionId: 5\r\nIntegrityLevel: Medium\r\nHashes: MD5=CF1A1B2A6F227D5B06AB0B3C8B88618B,SHA256=1FD250A499B2912B1ACEC31A03CAA32F1B328F2861E1383E94F23386F724FB36,IMPHASH=2A395AA09AEC6C9EF61ECFF3C1D576D8\r\nParentProcessGuid: {3f87e246-b6c0-6a8f-a303-000000001600}\r\nParentProcessId: 312\r\nParentImage: C:\\Windows\\explorer.exe\r\nParentCommandLine: C:\\Windows\\Explorer.EXE\r\nParentUser: miacsdomain\\user-01","_time":"2026-08-27T06:02:20.038+0200","host":"Win-10","index":"main","linecount":"38","punct":"//_::._=--/===-..==---==--====__(:_)==_:\\r:_-\\r:_--_","source":"WinEventLog:Microsoft-Windows-Sysmon/Operational","sourcetype":"WinEventLog:Microsoft-Windows-Sysmon/Operational","splunk_server":"splunk-virtual-machine"}}
{"preview":false,"result":{"Account_Domain":"miacsdomain","Account_Name":"user-01","ComputerName":"Win-10.miacsdomain.com","EventCode":"5379","EventType":"0","Keywords":"Audit Success","LogName":"Security","Logon_ID":"0x4C761C","Message":"Credential Manager credentials were read.\r\n\r\nSubject:\r\n\tSecurity ID:\t\tS-1-5-21-246749117-2054088174-1189330396-1105\r\n\tAccount Name:\t\tuser-01\r\n\tAccount Domain:\t\tmiacsdomain\r\n\tLogon ID:\t\t0x4C761C\r\n\tRead Operation:\t\tEnumerate Credentials\r\n\r\nThis event occurs when a user performs a read operation on stored credentials in Credential Manager.","OpCode":"Info","Read_Operation":"Enumerate Credentials","RecordNumber":"17168","Security_ID":"S-1-5-21-246749117-2054088174-1189330396-1105","SourceName":"Microsoft Windows security auditing.","TaskCategory":"User Account Management","Type":"Information","_raw":"08/27/2026 06:02:19.711 AM\nLogName=Security\nEventCode=5379\nEventType=0\nComputerName=Win-10.miacsdomain.com\nSourceName=Microsoft Windows security auditing.\nType=Information\nRecordNumber=17168\nKeywords=Audit Success\nTaskCategory=User Account Management\nOpCode=Info\nMessage=Credential Manager credentials were read.\r\n\r\nSubject:\r\n\tSecurity ID:\t\tS-1-5-21-246749117-2054088174-1189330396-1105\r\n\tAccount Name:\t\tuser-01\r\n\tAccount Domain:\t\tmiacsdomain\r\n\tLogon ID:\t\t0x4C761C\r\n\tRead Operation:\t\tEnumerate Credentials\r\n\r\nThis event occurs when a user performs a read operation on stored credentials in Credential Manager.","_time":"2026-08-27T06:02:19.711+0200","host":"Win-10","index":"main","linecount":"21","punct":"//_::._====-..=___.===_=__==____.\\r\\r:\\rt_:tt-------\\r","source":"WinEventLog:Security","sourcetype":"WinEventLog:Security","splunk_server":"splunk-virtual-machine"}}
{"preview":false,"result":{"CommandLine":"\"C:\\Windows\\System32\\SecurityHealthSystray.exe\"","Company":"Microsoft Corporation","ComputerName":"Win-10.miacsdomain.com","CurrentDirectory":"C:\\Windows\\system32\\","Description":"Windows Security notification icon","EventCode":"1","EventType":"4","FileVersion":"10.0.19041.1 (WinBuild.160101.0800)","Hashes":"MD5=783C99AFD4C2AE6950FA5694389D2CFA,SHA256=570B37A7A3FFDAFCCECCC33CBC1968FEB857B73CA3CB4DFFEDC2E67E9ABD0878,IMPHASH=E6B44B525767F585EB30F35172497CB0","Image":"C:\\Windows\\System32\\SecurityHealthSystray.exe","IntegrityLevel":"Medium","Keywords":"None","LogName":"Microsoft-Windows-Sysmon/Operational","LogonGuid":"{3f87e246-b6bf-6a8f-1c76-4c0000000000}","LogonId":"0x4C761C","Message":"Process Create:\r\nRuleName: -\r\nUtcTime: 2026-08-27 04:02:19.708\r\nProcessGuid: {3f87e246-b6cb-6a8f-b903-000000001600}\r\nProcessId: 4608\r\nImage: C:\\Windows\\System32\\SecurityHealthSystray.exe\r\nFileVersion: 10.0.19041.1 (WinBuild.160101.0800)\r\nDescription: Windows Security notification icon\r\nProduct: Microsoft® Windows® Operating System\r\nCompany: Microsoft Corporation\r\nOriginalFileName: SecurityHealthSystray.exe\r\nCommandLine: \"C:\\Windows\\System32\\SecurityHealthSystray.exe\" \r\nCurrentDirectory: C:\\Windows\\system32\\\r\nUser: miacsdomain\\user-01\r\nLogonGuid: {3f87e246-b6bf-6a8f-1c76-4c0000000000}\r\nLogonId: 0x4C761C\r\nTerminalSessionId: 5\r\nIntegrityLevel: Medium\r\nHashes: MD5=783C99AFD4C2AE6950FA5694389D2CFA,SHA256=570B37A7A3FFDAFCCECCC33CBC1968FEB857B73CA3CB4DFFEDC2E67E9ABD0878,IMPHASH=E6B44B525767F585EB30F35172497CB0\r\nParentProcessGuid: {3f87e246-b6c0-6a8f-a303-000000001600}\r\nParentProcessId: 312\r\nParentImage: C:\\Windows\\explorer.exe\r\nParentCommandLine: C:\\Windows\\Explorer.EXE\r\nParentUser: miacsdomain\\user-01","OpCode":"Info","OriginalFileName":"SecurityHealthSystray.exe","ParentCommandLine":"C:\\Windows\\Explorer.EXE","ParentImage":"C:\\Windows\\explorer.exe","ParentProcessGuid":"{3f87e246-b6c0-6a8f-a303-000000001600}","ParentProcessId":"312","ParentUser":"miacsdomain\\user-01","ProcessGuid":"{3f87e246-b6cb-6a8f-b903-000000001600}","ProcessId":"4608","Product":"Microsoft® Windows® Operating System","RecordNumber":"33016","RuleName":"-","Sid":"S-1-5-18","SidType":"0","SourceName":"Microsoft-Windows-Sysmon","TaskCategory":"Process Create (rule: ProcessCreate)","TerminalSessionId":"5","Type":"Information","User":["NOT_TRANSLATED","miacsdomain\\user-01"],"UtcTime":"2026-08-27 04:02:19.708","_raw":"08/27/2026 06:02:19.710 AM\nLogName=Microsoft-Windows-Sysmon/Operational\nEventCode=1\nEventType=4\nComputerName=Win-10.miacsdomain.com\nUser=NOT_TRANSLATED\nSid=S-1-5-18\nSidType=0\nSourceName=Microsoft-Windows-Sysmon\nType=Information\nRecordNumber=33016\nKeywords=None\nTaskCategory=Process Create (rule: ProcessCreate)\nOpCode=Info\nMessage=Process Create:\r\nRuleName: -\r\nUtcTime: 2026-08-27 04:02:19.708\r\nProcessGuid: {3f87e246-b6cb-6a8f-b903-000000001600}\r\nProcessId: 4608\r\nImage: C:\\Windows\\System32\\SecurityHealthSystray.exe\r\nFileVersion: 10.0.19041.1 (WinBuild.160101.0800)\r\nDescription: Windows Security notification icon\r\nProduct: Microsoft® Windows® Operating System\r\nCompany: Microsoft Corporation\r\nOriginalFileName: SecurityHealthSystray.exe\r\nCommandLine: \"C:\\Windows\\System32\\SecurityHealthSystray.exe\" \r\nCurrentDirectory: C:\\Windows\\system32\\\r\nUser: miacsdomain\\user-01\r\nLogonGuid: {3f87e246-b6bf-6a8f-1c76-4c0000000000}\r\nLogonId: 0x4C761C\r\nTerminalSessionId: 5\r\nIntegrityLevel: Medium\r\nHashes: MD5=783C99AFD4C2AE6950FA5694389D2CFA,SHA256=570B37A7A3FFDAFCCECCC33CBC1968FEB857B73CA3CB4DFFEDC2E67E9ABD0878,IMPHASH=E6B44B525767F585EB30F35172497CB0\r\nParentProcessGuid: {3f87e246-b6c0-6a8f-a303-000000001600}\r\nParentProcessId: 312\r\nParentImage: C:\\Windows\\explorer.exe\r\nParentCommandLine: C:\\Windows\\Explorer.EXE\r\nParentUser: miacsdomain\\user-01","_time":"2026-08-27T06:02:19.710+0200","host":"Win-10","index":"main","linecount":"38","punct":"//_::._=--/===-..==---==--====__(:_)==_:\\r:_-\\r:_--_","source":"WinEventLog:Microsoft-Windows-Sysmon/Operational","sourcetype":"WinEventLog:Microsoft-Windows-Sysmon/Operational","splunk_server":"splunk-virtual-machine"}}
{"preview":false,"result":{"Account_Domain":"miacsdomain","Account_Name":"user-01","ComputerName":"Win-10.miacsdomain.com","EventCode":"5379","EventType":"0","Keywords":"Audit Success","LogName":"Security","Logon_ID":"0x4C761C","Message":"Credential Manager credentials were read.\r\n\r\nSubject:\r\n\tSecurity ID:\t\tS-1-5-21-246749117-2054088174-1189330396-1105\r\n\tAccount Name:\t\tuser-01\r\n\tAccount Domain:\t\tmiacsdomain\r\n\tLogon ID:\t\t0x4C761C\r\n\tRead Operation:\t\tEnumerate Credentials\r\n\r\nThis event occurs when a user performs a read operation on stored credentials in Credential Manager.","OpCode":"Info","Read_Operation":"Enumerate Credentials","RecordNumber":"17167","Security_ID":"S-1-5-21-246749117-2054088174-1189330396-1105","SourceName":"Microsoft Windows security auditing.","TaskCategory":"User Account Management","Type":"Information","_raw":"08/27/2026 06:02:19.708 AM\nLogName=Security\nEventCode=5379\nEventType=0\nComputerName=Win-10.miacsdomain.com\nSourceName=Microsoft Windows security auditing.\nType=Information\nRecordNumber=17167\nKeywords=Audit Success\nTaskCategory=User Account Management\nOpCode=Info\nMessage=Credential Manager credentials were read.\r\n\r\nSubject:\r\n\tSecurity ID:\t\tS-1-5-21-246749117-2054088174-1189330396-1105\r\n\tAccount Name:\t\tuser-01\r\n\tAccount Domain:\t\tmiacsdomain\r\n\tLogon ID:\t\t0x4C761C\r\n\tRead Operation:\t\tEnumerate Credentials\r\n\r\nThis event occurs when a user performs a read operation on stored credentials in Credential Manager.","_time":"2026-08-27T06:02:19.708+0200","host":"Win-10","index":"main","linecount":"21","punct":"//_::._====-..=___.===_=__==____.\\r\\r:\\rt_:tt-------\\r","source":"WinEventLog:Security","sourcetype":"WinEventLog:Security","splunk_server":"splunk-virtual-machine"}}
{"preview":false,"result":{"Account_Domain":"miacsdomain","Account_Name":"user-01","ComputerName":"Win-10.miacsdomain.com","EventCode":"5379","EventType":"0","Keywords":"Audit Success","LogName":"Security","Logon_ID":"0x4C761C","Message":"Credential Manager credentials were read.\r\n\r\nSubject:\r\n\tSecurity ID:\t\tS-1-5-21-246749117-2054088174-1189330396-1105\r\n\tAccount Name:\t\tuser-01\r\n\tAccount Domain:\t\tmiacsdomain\r\n\tLogon ID:\t\t0x4C761C\r\n\tRead Operation:\t\tEnumerate Credentials\r\n\r\nThis event occurs when a user performs a read operation on stored credentials in Credential Manager.","OpCode":"Info","Read_Operation":"Enumerate Credentials","RecordNumber":"17166","Security_ID":"S-1-5-21-246749117-2054088174-1189330396-1105","SourceName":"Microsoft Windows security auditing.","TaskCategory":"User Account Management","Type":"Information","_raw":"08/27/2026 06:02:19.707 AM\nLogName=Security\nEventCode=5379\nEventType=0\nComputerName=Win-10.miacsdomain.com\nSourceName=Microsoft Windows security auditing.\nType=Information\nRecordNumber=17166\nKeywords=Audit Success\nTaskCategory=User Account Management\nOpCode=Info\nMessage=Credential Manager credentials were read.\r\n\r\nSubject:\r\n\tSecurity ID:\t\tS-1-5-21-246749117-2054088174-1189330396-1105\r\n\tAccount Name:\t\tuser-01\r\n\tAccount Domain:\t\tmiacsdomain\r\n\tLogon ID:\t\t0x4C761C\r\n\tRead Operation:\t\tEnumerate Credentials\r\n\r\nThis event occurs when a user performs a read operation on stored credentials in Credential Manager.","_time":"2026-08-27T06:02:19.707+0200","host":"Win-10","index":"main","linecount":"21","punct":"//_::._====-..=___.===_=__==____.\\r\\r:\\rt_:tt-------\\r","source":"WinEventLog:Security","sourcetype":"WinEventLog:Security","splunk_server":"splunk-virtual-machine"}}
{"preview":false,"result":{"Account_Domain":"miacsdomain","Account_Name":"user-01","ComputerName":"Win-10.miacsdomain.com","EventCode":"5379","EventType":"0","Keywords":"Audit Success","LogName":"Security","Logon_ID":"0x4C761C","Message":"Credential Manager credentials were read.\r\n\r\nSubject:\r\n\tSecurity ID:\t\tS-1-5-21-246749117-2054088174-1189330396-1105\r\n\tAccount Name:\t\tuser-01\r\n\tAccount Domain:\t\tmiacsdomain\r\n\tLogon ID:\t\t0x4C761C\r\n\tRead Operation:\t\tEnumerate Credentials\r\n\r\nThis event occurs when a user performs a read operation on stored credentials in Credential Manager.","OpCode":"Info","Read_Operation":"Enumerate Credentials","RecordNumber":"17165","Security_ID":"S-1-5-21-246749117-2054088174-1189330396-1105","SourceName":"Microsoft Windows security auditing.","TaskCategory":"User Account Management","Type":"Information","_raw":"08/27/2026 06:02:19.707 AM\nLogName=Security\nEventCode=5379\nEventType=0\nComputerName=Win-10.miacsdomain.com\nSourceName=Microsoft Windows security auditing.\nType=Information\nRecordNumber=17165\nKeywords=Audit Success\nTaskCategory=User Account Management\nOpCode=Info\nMessage=Credential Manager credentials were read.\r\n\r\nSubject:\r\n\tSecurity ID:\t\tS-1-5-21-246749117-2054088174-1189330396-1105\r\n\tAccount Name:\t\tuser-01\r\n\tAccount Domain:\t\tmiacsdomain\r\n\tLogon ID:\t\t0x4C761C\r\n\tRead Operation:\t\tEnumerate Credentials\r\n\r\nThis event occurs when a user performs a read operation on stored credentials in Credential Manager.","_time":"2026-08-27T06:02:19.707+0200","host":"Win-10","index":"main","linecount":"21","punct":"//_::._====-..=___.===_=__==____.\\r\\r:\\rt_:tt-------\\r","source":"WinEventLog:Security","sourcetype":"WinEventLog:Security","splunk_server":"splunk-virtual-machine"}}
{"preview":false,"result":{"CommandLine":"C:\\Windows\\System32\\smartscreen.exe -Embedding","Company":"Microsoft Corporation","ComputerName":"Win-10.miacsdomain.com","CurrentDirectory":"C:\\Windows\\system32\\","Description":"Windows Defender SmartScreen","EventCode":"1","EventType":"4","FileVersion":"10.0.19041.3636 (WinBuild.160101.0800)","Hashes":"MD5=FCEF02A990181FF75D901624C992ACA8,SHA256=AB8D788E0116C9216FCA7E9F40D014E7AE2FE64123FCC81FA98AB2BCC7946B3A,IMPHASH=CE3B5F238DD7A7EBC8F28D4250477A41","Image":"C:\\Windows\\System32\\smartscreen.exe","IntegrityLevel":"Medium","Keywords":"None","LogName":"Microsoft-Windows-Sysmon/Operational","LogonGuid":"{3f87e246-b6bf-6a8f-1c76-4c0000000000}","LogonId":"0x4C761C","Message":"Process Create:\r\nRuleName: -\r\nUtcTime: 2026-08-27 04:02:19.679\r\nProcessGuid: {3f87e246-b6cb-6a8f-b803-000000001600}\r\nProcessId: 1900\r\nImage: C:\\Windows\\System32\\smartscreen.exe\r\nFileVersion: 10.0.19041.3636 (WinBuild.160101.0800)\r\nDescription: Windows Defender SmartScreen\r\nProduct: Microsoft® Windows® Operating System\r\nCompany: Microsoft Corporation\r\nOriginalFileName: smartscreen.exe\r\nCommandLine: C:\\Windows\\System32\\smartscreen.exe -Embedding\r\nCurrentDirectory: C:\\Windows\\system32\\\r\nUser: miacsdomain\\user-01\r\nLogonGuid: {3f87e246-b6bf-6a8f-1c76-4c0000000000}\r\nLogonId: 0x4C761C\r\nTerminalSessionId: 5\r\nIntegrityLevel: Medium\r\nHashes: MD5=FCEF02A990181FF75D901624C992ACA8,SHA256=AB8D788E0116C9216FCA7E9F40D014E7AE2FE64123FCC81FA98AB2BCC7946B3A,IMPHASH=CE3B5F238DD7A7EBC8F28D4250477A41\r\nParentProcessGuid: {00000000-0000-0000-0000-000000000000}\r\nParentProcessId: 752\r\nParentImage: -\r\nParentCommandLine: -\r\nParentUser: -","OpCode":"Info","OriginalFileName":"smartscreen.exe","ParentCommandLine":"-","ParentImage":"-","ParentProcessGuid":"{00000000-0000-0000-0000-000000000000}","ParentProcessId":"752","ParentUser":"-","ProcessGuid":"{3f87e246-b6cb-6a8f-b803-000000001600}","ProcessId":"1900","Product":"Microsoft® Windows® Operating System","RecordNumber":"33015","RuleName":"-","Sid":"S-1-5-18","SidType":"0","SourceName":"Microsoft-Windows-Sysmon","TaskCategory":"Process Create (rule: ProcessCreate)","TerminalSessionId":"5","Type":"Information","User":["NOT_TRANSLATED","miacsdomain\\user-01"],"UtcTime":"2026-08-27 04:02:19.679","_raw":"08/27/2026 06:02:19.680 AM\nLogName=Microsoft-Windows-Sysmon/Operational\nEventCode=1\nEventType=4\nComputerName=Win-10.miacsdomain.com\nUser=NOT_TRANSLATED\nSid=S-1-5-18\nSidType=0\nSourceName=Microsoft-Windows-Sysmon\nType=Information\nRecordNumber=33015\nKeywords=None\nTaskCategory=Process Create (rule: ProcessCreate)\nOpCode=Info\nMessage=Process Create:\r\nRuleName: -\r\nUtcTime: 2026-08-27 04:02:19.679\r\nProcessGuid: {3f87e246-b6cb-6a8f-b803-000000001600}\r\nProcessId: 1900\r\nImage: C:\\Windows\\System32\\smartscreen.exe\r\nFileVersion: 10.0.19041.3636 (WinBuild.160101.0800)\r\nDescription: Windows Defender SmartScreen\r\nProduct: Microsoft® Windows® Operating System\r\nCompany: Microsoft Corporation\r\nOriginalFileName: smartscreen.exe\r\nCommandLine: C:\\Windows\\System32\\smartscreen.exe -Embedding\r\nCurrentDirectory: C:\\Windows\\system32\\\r\nUser: miacsdomain\\user-01\r\nLogonGuid: {3f87e246-b6bf-6a8f-1c76-4c0000000000}\r\nLogonId: 0x4C761C\r\nTerminalSessionId: 5\r\nIntegrityLevel: Medium\r\nHashes: MD5=FCEF02A990181FF75D901624C992ACA8,SHA256=AB8D788E0116C9216FCA7E9F40D014E7AE2FE64123FCC81FA98AB2BCC7946B3A,IMPHASH=CE3B5F238DD7A7EBC8F28D4250477A41\r\nParentProcessGuid: {00000000-0000-0000-0000-000000000000}\r\nParentProcessId: 752\r\nParentImage: -\r\nParentCommandLine: -\r\nParentUser: -","_time":"2026-08-27T06:02:19.680+0200","host":"Win-10","index":"main","linecount":"38","punct":"//_::._=--/===-..==---==--====__(:_)==_:\\r:_-\\r:_--_","source":"WinEventLog:Microsoft-Windows-Sysmon/Operational","sourcetype":"WinEventLog:Microsoft-Windows-Sysmon/Operational","splunk_server":"splunk-virtual-machine"}}
{"preview":false,"result":{"Archived":"true","ComputerName":"Win-10.miacsdomain.com","EventCode":"23","EventType":"4","Hashes":"MD5=C1DDEA3EF6BBEF3E7060A1A9AD89E4C5,SHA256=B71E4D17274636B97179BA2D97C742735B6510EB54F22893D3A2DAFF2CEB28DB,IMPHASH=00000000000000000000000000000000","Image":"C:\\Windows\\SystemApps\\Microsoft.Windows.Search_cw5n1h2txyewy\\SearchApp.exe","IsExecutable":"false","Keywords":"None","LogName":"Microsoft-Windows-Sysmon/Operational","Message":"File Delete archived:\r\nRuleName: -\r\nUtcTime: 2026-08-27 04:02:10.622\r\nProcessGuid: {3f87e246-b6c1-6a8f-af03-000000001600}\r\nProcessId: 2084\r\nUser: miacsdomain\\user-01\r\nImage: C:\\Windows\\SystemApps\\Microsoft.Windows.Search_cw5n1h2txyewy\\SearchApp.exe\r\nTargetFilename: C:\\Users\\user-01\\AppData\\Local\\Packages\\Microsoft.Windows.Search_cw5n1h2txyewy\\AC\\Microsoft\\Internet Explorer\\DOMStore\\DR173E8D\\www.bing[1].xml\r\nHashes: MD5=C1DDEA3EF6BBEF3E7060A1A9AD89E4C5,SHA256=B71E4D17274636B97179BA2D97C742735B6510EB54F22893D3A2DAFF2CEB28DB,IMPHASH=00000000000000000000000000000000\r\nIsExecutable: false\r\nArchived: true","OpCode":"Info","ProcessGuid":"{3f87e246-b6c1-6a8f-af03-000000001600}","ProcessId":"2084","RecordNumber":"33012","RuleName":"-","Sid":"S-1-5-18","SidType":"0","SourceName":"Microsoft-Windows-Sysmon","TargetFilename":"C:\\Users\\user-01\\AppData\\Local\\Packages\\Microsoft.Windows.Search_cw5n1h2txyewy\\AC\\Microsoft\\Internet Explorer\\DOMStore\\DR173E8D\\www.bing[1].xml","TaskCategory":"File Delete archived (rule: FileDelete)","Type":"Information","User":["NOT_TRANSLATED","miacsdomain\\user-01"],"UtcTime":"2026-08-27 04:02:10.622","_raw":"08/27/2026 06:02:10.631 AM\nLogName=Microsoft-Windows-Sysmon/Operational\nEventCode=23\nEventType=4\nComputerName=Win-10.miacsdomain.com\nUser=NOT_TRANSLATED\nSid=S-1-5-18\nSidType=0\nSourceName=Microsoft-Windows-Sysmon\nType=Information\nRecordNumber=33012\nKeywords=None\nTaskCategory=File Delete archived (rule: FileDelete)\nOpCode=Info\nMessage=File Delete archived:\r\nRuleName: -\r\nUtcTime: 2026-08-27 04:02:10.622\r\nProcessGuid: {3f87e246-b6c1-6a8f-af03-000000001600}\r\nProcessId: 2084\r\nUser: miacsdomain\\user-01\r\nImage: C:\\Windows\\SystemApps\\Microsoft.Windows.Search_cw5n1h2txyewy\\SearchApp.exe\r\nTargetFilename: C:\\Users\\user-01\\AppData\\Local\\Packages\\Microsoft.Windows.Search_cw5n1h2txyewy\\AC\\Microsoft\\Internet Explorer\\DOMStore\\DR173E8D\\www.bing[1].xml\r\nHashes: MD5=C1DDEA3EF6BBEF3E7060A1A9AD89E4C5,SHA256=B71E4D17274636B97179BA2D97C742735B6510EB54F22893D3A2DAFF2CEB28DB,IMPHASH=00000000000000000000000000000000\r\nIsExecutable: false\r\nArchived: true","_time":"2026-08-27T06:02:10.631+0200","host":"Win-10","index":"main","linecount":"25","punct":"//_::._=--/===-..==---==--====___(:_)==__:\\r:_-\\r:_-","source":"WinEventLog:Microsoft-Windows-Sysmon/Operational","sourcetype":"WinEventLog:Microsoft-Windows-Sysmon/Operational","splunk_server":"splunk-virtual-machine"}}
{"preview":false,"result":{"Archived":"true","ComputerName":"Win-10.miacsdomain.com","EventCode":"23","EventType":"4","Hashes":"MD5=1414EB3534EEB22FE5856EFBFCE8DF11,SHA256=A85107113E4779183D3213E92243B01F8E919D0B4DDB2CF58BC0CB0AD1F305E5,IMPHASH=00000000000000000000000000000000","Image":"C:\\Windows\\System32\\RuntimeBroker.exe","IsExecutable":"false","Keywords":"None","LogName":"Microsoft-Windows-Sysmon/Operational","Message":"File Delete archived:\r\nRuleName: -\r\nUtcTime: 2026-08-27 04:02:10.498\r\nProcessGuid: {3f87e246-b6c1-6a8f-b003-000000001600}\r\nProcessId: 4200\r\nUser: miacsdomain\\user-01\r\nImage: C:\\Windows\\System32\\RuntimeBroker.exe\r\nTargetFilename: C:\\Users\\user-01\\AppData\\Local\\Packages\\Microsoft.Windows.Search_cw5n1h2txyewy\\LocalState\\DeviceSearchCache\\AppCache134322728561221472.txt\r\nHashes: MD5=1414EB3534EEB22FE5856EFBFCE8DF11,SHA256=A85107113E4779183D3213E92243B01F8E919D0B4DDB2CF58BC0CB0AD1F305E5,IMPHASH=00000000000000000000000000000000\r\nIsExecutable: false\r\nArchived: true","OpCode":"Info","ProcessGuid":"{3f87e246-b6c1-6a8f-b003-000000001600}","ProcessId":"4200","RecordNumber":"33011","RuleName":"-","Sid":"S-1-5-18","SidType":"0","SourceName":"Microsoft-Windows-Sysmon","TargetFilename":"C:\\Users\\user-01\\AppData\\Local\\Packages\\Microsoft.Windows.Search_cw5n1h2txyewy\\LocalState\\DeviceSearchCache\\AppCache134322728561221472.txt","TaskCategory":"File Delete archived (rule: FileDelete)","Type":"Information","User":["NOT_TRANSLATED","miacsdomain\\user-01"],"UtcTime":"2026-08-27 04:02:10.498","_raw":"08/27/2026 06:02:10.508 AM\nLogName=Microsoft-Windows-Sysmon/Operational\nEventCode=23\nEventType=4\nComputerName=Win-10.miacsdomain.com\nUser=NOT_TRANSLATED\nSid=S-1-5-18\nSidType=0\nSourceName=Microsoft-Windows-Sysmon\nType=Information\nRecordNumber=33011\nKeywords=None\nTaskCategory=File Delete archived (rule: FileDelete)\nOpCode=Info\nMessage=File Delete archived:\r\nRuleName: -\r\nUtcTime: 2026-08-27 04:02:10.498\r\nProcessGuid: {3f87e246-b6c1-6a8f-b003-000000001600}\r\nProcessId: 4200\r\nUser: miacsdomain\\user-01\r\nImage: C:\\Windows\\System32\\RuntimeBroker.exe\r\nTargetFilename: C:\\Users\\user-01\\AppData\\Local\\Packages\\Microsoft.Windows.Search_cw5n1h2txyewy\\LocalState\\DeviceSearchCache\\AppCache134322728561221472.txt\r\nHashes: MD5=1414EB3534EEB22FE5856EFBFCE8DF11,SHA256=A85107113E4779183D3213E92243B01F8E919D0B4DDB2CF58BC0CB0AD1F305E5,IMPHASH=00000000000000000000000000000000\r\nIsExecutable: false\r\nArchived: true","_time":"2026-08-27T06:02:10.508+0200","host":"Win-10","index":"main","linecount":"25","punct":"//_::._=--/===-..==---==--====___(:_)==__:\\r:_-\\r:_-","source":"WinEventLog:Microsoft-Windows-Sysmon/Operational","sourcetype":"WinEventLog:Microsoft-Windows-Sysmon/Operational","splunk_server":"splunk-virtual-machine"}}
