{"preview":false,"result":{"Archived":"true","ComputerName":"Win-10.miacsdomain.com","EventCode":"23","EventType":"4","Hashes":"MD5=B7CB0977C4681E63BACAA5F32A880C4E,SHA256=8D977CF57DA04D3472EE610D575C09980082EF96A6965731C0DCD06732CBB715,IMPHASH=00000000000000000000000000000000","Image":"C:\\Program Files (x86)\\Microsoft\\Edge\\Application\\msedge.exe","IsExecutable":"false","Keywords":"None","LogName":"Microsoft-Windows-Sysmon/Operational","Message":"File Delete archived:\r\nRuleName: -\r\nUtcTime: 2026-08-27 04:02:20.997\r\nProcessGuid: {3f87e246-b6cc-6a8f-bd03-000000001600}\r\nProcessId: 5136\r\nUser: miacsdomain\\user-01\r\nImage: C:\\Program Files (x86)\\Microsoft\\Edge\\Application\\msedge.exe\r\nTargetFilename: C:\\Users\\user-01\\AppData\\Local\\Microsoft\\Edge\\User Data\\Default\\shared_proto_db\\000095.log\r\nHashes: MD5=B7CB0977C4681E63BACAA5F32A880C4E,SHA256=8D977CF57DA04D3472EE610D575C09980082EF96A6965731C0DCD06732CBB715,IMPHASH=00000000000000000000000000000000\r\nIsExecutable: false\r\nArchived: true","OpCode":"Info","ProcessGuid":"{3f87e246-b6cc-6a8f-bd03-000000001600}","ProcessId":"5136","RecordNumber":"33090","RuleName":"-","Sid":"S-1-5-18","SidType":"0","SourceName":"Microsoft-Windows-Sysmon","TargetFilename":"C:\\Users\\user-01\\AppData\\Local\\Microsoft\\Edge\\User Data\\Default\\shared_proto_db\\000095.log","TaskCategory":"File Delete archived (rule: FileDelete)","Type":"Information","User":["NOT_TRANSLATED","miacsdomain\\user-01"],"UtcTime":"2026-08-27 04:02:20.997","_raw":"08/27/2026 06:02:20.998 AM\nLogName=Microsoft-Windows-Sysmon/Operational\nEventCode=23\nEventType=4\nComputerName=Win-10.miacsdomain.com\nUser=NOT_TRANSLATED\nSid=S-1-5-18\nSidType=0\nSourceName=Microsoft-Windows-Sysmon\nType=Information\nRecordNumber=33090\nKeywords=None\nTaskCategory=File Delete archived (rule: FileDelete)\nOpCode=Info\nMessage=File Delete archived:\r\nRuleName: -\r\nUtcTime: 2026-08-27 04:02:20.997\r\nProcessGuid: {3f87e246-b6cc-6a8f-bd03-000000001600}\r\nProcessId: 5136\r\nUser: miacsdomain\\user-01\r\nImage: C:\\Program Files (x86)\\Microsoft\\Edge\\Application\\msedge.exe\r\nTargetFilename: C:\\Users\\user-01\\AppData\\Local\\Microsoft\\Edge\\User Data\\Default\\shared_proto_db\\000095.log\r\nHashes: MD5=B7CB0977C4681E63BACAA5F32A880C4E,SHA256=8D977CF57DA04D3472EE610D575C09980082EF96A6965731C0DCD06732CBB715,IMPHASH=00000000000000000000000000000000\r\nIsExecutable: false\r\nArchived: true","_time":"2026-08-27T06:02:20.998+0200","host":"Win-10","index":"main","linecount":"25","punct":"//_::._=--/===-..==---==--====___(:_)==__:\\r:_-\\r:_-","source":"WinEventLog:Microsoft-Windows-Sysmon/Operational","sourcetype":"WinEventLog:Microsoft-Windows-Sysmon/Operational","splunk_server":"splunk-virtual-machine"}}
{"preview":false,"result":{"Archived":"true","ComputerName":"Win-10.miacsdomain.com","EventCode":"23","EventType":"4","Hashes":"MD5=810AEFC0FF0CC997F7FEBEF3C578C808,SHA256=76B483E2697350FCA68A9ABCC898D4DCF9291191257FA110D89853FB62108008,IMPHASH=00000000000000000000000000000000","Image":"C:\\Program Files (x86)\\Microsoft\\Edge\\Application\\msedge.exe","IsExecutable":"false","Keywords":"None","LogName":"Microsoft-Windows-Sysmon/Operational","Message":"File Delete archived:\r\nRuleName: -\r\nUtcTime: 2026-08-27 04:02:20.982\r\nProcessGuid: {3f87e246-b6cc-6a8f-bd03-000000001600}\r\nProcessId: 5136\r\nUser: miacsdomain\\user-01\r\nImage: C:\\Program Files (x86)\\Microsoft\\Edge\\Application\\msedge.exe\r\nTargetFilename: C:\\Users\\user-01\\AppData\\Local\\Microsoft\\Edge\\User Data\\Default\\shared_proto_db\\3cf10ddd-99b8-4499-a2ec-5c0b3007e66a.tmp\r\nHashes: MD5=810AEFC0FF0CC997F7FEBEF3C578C808,SHA256=76B483E2697350FCA68A9ABCC898D4DCF9291191257FA110D89853FB62108008,IMPHASH=00000000000000000000000000000000\r\nIsExecutable: false\r\nArchived: true","OpCode":"Info","ProcessGuid":"{3f87e246-b6cc-6a8f-bd03-000000001600}","ProcessId":"5136","RecordNumber":"33089","RuleName":"-","Sid":"S-1-5-18","SidType":"0","SourceName":"Microsoft-Windows-Sysmon","TargetFilename":"C:\\Users\\user-01\\AppData\\Local\\Microsoft\\Edge\\User Data\\Default\\shared_proto_db\\3cf10ddd-99b8-4499-a2ec-5c0b3007e66a.tmp","TaskCategory":"File Delete archived (rule: FileDelete)","Type":"Information","User":["NOT_TRANSLATED","miacsdomain\\user-01"],"UtcTime":"2026-08-27 04:02:20.982","_raw":"08/27/2026 06:02:20.985 AM\nLogName=Microsoft-Windows-Sysmon/Operational\nEventCode=23\nEventType=4\nComputerName=Win-10.miacsdomain.com\nUser=NOT_TRANSLATED\nSid=S-1-5-18\nSidType=0\nSourceName=Microsoft-Windows-Sysmon\nType=Information\nRecordNumber=33089\nKeywords=None\nTaskCategory=File Delete archived (rule: FileDelete)\nOpCode=Info\nMessage=File Delete archived:\r\nRuleName: -\r\nUtcTime: 2026-08-27 04:02:20.982\r\nProcessGuid: {3f87e246-b6cc-6a8f-bd03-000000001600}\r\nProcessId: 5136\r\nUser: miacsdomain\\user-01\r\nImage: C:\\Program Files (x86)\\Microsoft\\Edge\\Application\\msedge.exe\r\nTargetFilename: C:\\Users\\user-01\\AppData\\Local\\Microsoft\\Edge\\User Data\\Default\\shared_proto_db\\3cf10ddd-99b8-4499-a2ec-5c0b3007e66a.tmp\r\nHashes: MD5=810AEFC0FF0CC997F7FEBEF3C578C808,SHA256=76B483E2697350FCA68A9ABCC898D4DCF9291191257FA110D89853FB62108008,IMPHASH=00000000000000000000000000000000\r\nIsExecutable: false\r\nArchived: true","_time":"2026-08-27T06:02:20.985+0200","host":"Win-10","index":"main","linecount":"25","punct":"//_::._=--/===-..==---==--====___(:_)==__:\\r:_-\\r:_-","source":"WinEventLog:Microsoft-Windows-Sysmon/Operational","sourcetype":"WinEventLog:Microsoft-Windows-Sysmon/Operational","splunk_server":"splunk-virtual-machine"}}
{"preview":false,"result":{"Archived":"true","ComputerName":"Win-10.miacsdomain.com","EventCode":"23","EventType":"4","Hashes":"MD5=DD9372E85B3E87042E60C34BF4C49079,SHA256=31D21700BD3B99C7D3764F269756B89463DC126E82CAD1357E8A4404E88808A8,IMPHASH=00000000000000000000000000000000","Image":"C:\\Program Files (x86)\\Microsoft\\Edge\\Application\\msedge.exe","IsExecutable":"false","Keywords":"None","LogName":"Microsoft-Windows-Sysmon/Operational","Message":"File Delete archived:\r\nRuleName: -\r\nUtcTime: 2026-08-27 04:02:20.966\r\nProcessGuid: {3f87e246-b6cc-6a8f-bd03-000000001600}\r\nProcessId: 5136\r\nUser: miacsdomain\\user-01\r\nImage: C:\\Program Files (x86)\\Microsoft\\Edge\\Application\\msedge.exe\r\nTargetFilename: C:\\Users\\user-01\\AppData\\Local\\Microsoft\\Edge\\User Data\\Default\\shared_proto_db\\83356f48-7322-4f7f-875f-bc96b3164692.tmp\r\nHashes: MD5=DD9372E85B3E87042E60C34BF4C49079,SHA256=31D21700BD3B99C7D3764F269756B89463DC126E82CAD1357E8A4404E88808A8,IMPHASH=00000000000000000000000000000000\r\nIsExecutable: false\r\nArchived: true","OpCode":"Info","ProcessGuid":"{3f87e246-b6cc-6a8f-bd03-000000001600}","ProcessId":"5136","RecordNumber":"33088","RuleName":"-","Sid":"S-1-5-18","SidType":"0","SourceName":"Microsoft-Windows-Sysmon","TargetFilename":"C:\\Users\\user-01\\AppData\\Local\\Microsoft\\Edge\\User Data\\Default\\shared_proto_db\\83356f48-7322-4f7f-875f-bc96b3164692.tmp","TaskCategory":"File Delete archived (rule: FileDelete)","Type":"Information","User":["NOT_TRANSLATED","miacsdomain\\user-01"],"UtcTime":"2026-08-27 04:02:20.966","_raw":"08/27/2026 06:02:20.974 AM\nLogName=Microsoft-Windows-Sysmon/Operational\nEventCode=23\nEventType=4\nComputerName=Win-10.miacsdomain.com\nUser=NOT_TRANSLATED\nSid=S-1-5-18\nSidType=0\nSourceName=Microsoft-Windows-Sysmon\nType=Information\nRecordNumber=33088\nKeywords=None\nTaskCategory=File Delete archived (rule: FileDelete)\nOpCode=Info\nMessage=File Delete archived:\r\nRuleName: -\r\nUtcTime: 2026-08-27 04:02:20.966\r\nProcessGuid: {3f87e246-b6cc-6a8f-bd03-000000001600}\r\nProcessId: 5136\r\nUser: miacsdomain\\user-01\r\nImage: C:\\Program Files (x86)\\Microsoft\\Edge\\Application\\msedge.exe\r\nTargetFilename: C:\\Users\\user-01\\AppData\\Local\\Microsoft\\Edge\\User Data\\Default\\shared_proto_db\\83356f48-7322-4f7f-875f-bc96b3164692.tmp\r\nHashes: MD5=DD9372E85B3E87042E60C34BF4C49079,SHA256=31D21700BD3B99C7D3764F269756B89463DC126E82CAD1357E8A4404E88808A8,IMPHASH=00000000000000000000000000000000\r\nIsExecutable: false\r\nArchived: true","_time":"2026-08-27T06:02:20.974+0200","host":"Win-10","index":"main","linecount":"25","punct":"//_::._=--/===-..==---==--====___(:_)==__:\\r:_-\\r:_-","source":"WinEventLog:Microsoft-Windows-Sysmon/Operational","sourcetype":"WinEventLog:Microsoft-Windows-Sysmon/Operational","splunk_server":"splunk-virtual-machine"}}
{"preview":false,"result":{"Archived":"true","ComputerName":"Win-10.miacsdomain.com","EventCode":"23","EventType":"4","Hashes":"MD5=18A5B0E1841F7B7DDFBB69BFE84CF468,SHA256=AB17026C2502F446129AA5E9EA97C4F1A1B659AAB94E8C6FB351FF06613CC652,IMPHASH=00000000000000000000000000000000","Image":"C:\\Program Files (x86)\\Microsoft\\Edge\\Application\\msedge.exe","IsExecutable":"false","Keywords":"None","LogName":"Microsoft-Windows-Sysmon/Operational","Message":"File Delete archived:\r\nRuleName: -\r\nUtcTime: 2026-08-27 04:02:20.966\r\nProcessGuid: {3f87e246-b6cc-6a8f-bd03-000000001600}\r\nProcessId: 5136\r\nUser: miacsdomain\\user-01\r\nImage: C:\\Program Files (x86)\\Microsoft\\Edge\\Application\\msedge.exe\r\nTargetFilename: C:\\Users\\user-01\\AppData\\Local\\Microsoft\\Edge\\User Data\\Default\\Site Characteristics Database\\MANIFEST-000063\r\nHashes: MD5=18A5B0E1841F7B7DDFBB69BFE84CF468,SHA256=AB17026C2502F446129AA5E9EA97C4F1A1B659AAB94E8C6FB351FF06613CC652,IMPHASH=00000000000000000000000000000000\r\nIsExecutable: false\r\nArchived: true","OpCode":"Info","ProcessGuid":"{3f87e246-b6cc-6a8f-bd03-000000001600}","ProcessId":"5136","RecordNumber":"33087","RuleName":"-","Sid":"S-1-5-18","SidType":"0","SourceName":"Microsoft-Windows-Sysmon","TargetFilename":"C:\\Users\\user-01\\AppData\\Local\\Microsoft\\Edge\\User Data\\Default\\Site Characteristics Database\\MANIFEST-000063","TaskCategory":"File Delete archived (rule: FileDelete)","Type":"Information","User":["NOT_TRANSLATED","miacsdomain\\user-01"],"UtcTime":"2026-08-27 04:02:20.966","_raw":"08/27/2026 06:02:20.967 AM\nLogName=Microsoft-Windows-Sysmon/Operational\nEventCode=23\nEventType=4\nComputerName=Win-10.miacsdomain.com\nUser=NOT_TRANSLATED\nSid=S-1-5-18\nSidType=0\nSourceName=Microsoft-Windows-Sysmon\nType=Information\nRecordNumber=33087\nKeywords=None\nTaskCategory=File Delete archived (rule: FileDelete)\nOpCode=Info\nMessage=File Delete archived:\r\nRuleName: -\r\nUtcTime: 2026-08-27 04:02:20.966\r\nProcessGuid: {3f87e246-b6cc-6a8f-bd03-000000001600}\r\nProcessId: 5136\r\nUser: miacsdomain\\user-01\r\nImage: C:\\Program Files (x86)\\Microsoft\\Edge\\Application\\msedge.exe\r\nTargetFilename: C:\\Users\\user-01\\AppData\\Local\\Microsoft\\Edge\\User Data\\Default\\Site Characteristics Database\\MANIFEST-000063\r\nHashes: MD5=18A5B0E1841F7B7DDFBB69BFE84CF468,SHA256=AB17026C2502F446129AA5E9EA97C4F1A1B659AAB94E8C6FB351FF06613CC652,IMPHASH=00000000000000000000000000000000\r\nIsExecutable: false\r\nArchived: true","_time":"2026-08-27T06:02:20.967+0200","host":"Win-10","index":"main","linecount":"25","punct":"//_::._=--/===-..==---==--====___(:_)==__:\\r:_-\\r:_-","source":"WinEventLog:Microsoft-Windows-Sysmon/Operational","sourcetype":"WinEventLog:Microsoft-Windows-Sysmon/Operational","splunk_server":"splunk-virtual-machine"}}
{"preview":false,"result":{"Archived":"true","ComputerName":"Win-10.miacsdomain.com","EventCode":"23","EventType":"4","Hashes":"MD5=595A8E866C8A7904B781399F99CC4472,SHA256=7EAC473FAF9271A453CF6A7D62ABB3BF4F3A30BF9C4B274B5F06FF52D2D79BED,IMPHASH=00000000000000000000000000000000","Image":"C:\\Program Files (x86)\\Microsoft\\Edge\\Application\\msedge.exe","IsExecutable":"false","Keywords":"None","LogName":"Microsoft-Windows-Sysmon/Operational","Message":"File Delete archived:\r\nRuleName: -\r\nUtcTime: 2026-08-27 04:02:20.951\r\nProcessGuid: {3f87e246-b6cc-6a8f-bd03-000000001600}\r\nProcessId: 5136\r\nUser: miacsdomain\\user-01\r\nImage: C:\\Program Files (x86)\\Microsoft\\Edge\\Application\\msedge.exe\r\nTargetFilename: C:\\Users\\user-01\\AppData\\Local\\Microsoft\\Edge\\User Data\\Default\\shared_proto_db\\metadata\\MANIFEST-000095\r\nHashes: MD5=595A8E866C8A7904B781399F99CC4472,SHA256=7EAC473FAF9271A453CF6A7D62ABB3BF4F3A30BF9C4B274B5F06FF52D2D79BED,IMPHASH=00000000000000000000000000000000\r\nIsExecutable: false\r\nArchived: true","OpCode":"Info","ProcessGuid":"{3f87e246-b6cc-6a8f-bd03-000000001600}","ProcessId":"5136","RecordNumber":"33086","RuleName":"-","Sid":"S-1-5-18","SidType":"0","SourceName":"Microsoft-Windows-Sysmon","TargetFilename":"C:\\Users\\user-01\\AppData\\Local\\Microsoft\\Edge\\User Data\\Default\\shared_proto_db\\metadata\\MANIFEST-000095","TaskCategory":"File Delete archived (rule: FileDelete)","Type":"Information","User":["NOT_TRANSLATED","miacsdomain\\user-01"],"UtcTime":"2026-08-27 04:02:20.951","_raw":"08/27/2026 06:02:20.956 AM\nLogName=Microsoft-Windows-Sysmon/Operational\nEventCode=23\nEventType=4\nComputerName=Win-10.miacsdomain.com\nUser=NOT_TRANSLATED\nSid=S-1-5-18\nSidType=0\nSourceName=Microsoft-Windows-Sysmon\nType=Information\nRecordNumber=33086\nKeywords=None\nTaskCategory=File Delete archived (rule: FileDelete)\nOpCode=Info\nMessage=File Delete archived:\r\nRuleName: -\r\nUtcTime: 2026-08-27 04:02:20.951\r\nProcessGuid: {3f87e246-b6cc-6a8f-bd03-000000001600}\r\nProcessId: 5136\r\nUser: miacsdomain\\user-01\r\nImage: C:\\Program Files (x86)\\Microsoft\\Edge\\Application\\msedge.exe\r\nTargetFilename: C:\\Users\\user-01\\AppData\\Local\\Microsoft\\Edge\\User Data\\Default\\shared_proto_db\\metadata\\MANIFEST-000095\r\nHashes: MD5=595A8E866C8A7904B781399F99CC4472,SHA256=7EAC473FAF9271A453CF6A7D62ABB3BF4F3A30BF9C4B274B5F06FF52D2D79BED,IMPHASH=00000000000000000000000000000000\r\nIsExecutable: false\r\nArchived: true","_time":"2026-08-27T06:02:20.956+0200","host":"Win-10","index":"main","linecount":"25","punct":"//_::._=--/===-..==---==--====___(:_)==__:\\r:_-\\r:_-","source":"WinEventLog:Microsoft-Windows-Sysmon/Operational","sourcetype":"WinEventLog:Microsoft-Windows-Sysmon/Operational","splunk_server":"splunk-virtual-machine"}}
{"preview":false,"result":{"Archived":"true","ComputerName":"Win-10.miacsdomain.com","EventCode":"23","EventType":"4","Hashes":"MD5=1DBAED928A9D5B79ED757B3958E396E5,SHA256=34F3D6AD1802F9896042A45A577715C4ABBB5C3591A5D61FE33F2DD631C22AB6,IMPHASH=00000000000000000000000000000000","Image":"C:\\Program Files (x86)\\Microsoft\\Edge\\Application\\msedge.exe","IsExecutable":"false","Keywords":"None","LogName":"Microsoft-Windows-Sysmon/Operational","Message":"File Delete archived:\r\nRuleName: -\r\nUtcTime: 2026-08-27 04:02:20.935\r\nProcessGuid: {3f87e246-b6cc-6a8f-bd03-000000001600}\r\nProcessId: 5136\r\nUser: miacsdomain\\user-01\r\nImage: C:\\Program Files (x86)\\Microsoft\\Edge\\Application\\msedge.exe\r\nTargetFilename: C:\\Users\\user-01\\AppData\\Local\\Microsoft\\Edge\\User Data\\Default\\Site Characteristics Database\\c791db7b-c64e-4f6f-8ac3-e2ca94653294.tmp\r\nHashes: MD5=1DBAED928A9D5B79ED757B3958E396E5,SHA256=34F3D6AD1802F9896042A45A577715C4ABBB5C3591A5D61FE33F2DD631C22AB6,IMPHASH=00000000000000000000000000000000\r\nIsExecutable: false\r\nArchived: true","OpCode":"Info","ProcessGuid":"{3f87e246-b6cc-6a8f-bd03-000000001600}","ProcessId":"5136","RecordNumber":"33085","RuleName":"-","Sid":"S-1-5-18","SidType":"0","SourceName":"Microsoft-Windows-Sysmon","TargetFilename":"C:\\Users\\user-01\\AppData\\Local\\Microsoft\\Edge\\User Data\\Default\\Site Characteristics Database\\c791db7b-c64e-4f6f-8ac3-e2ca94653294.tmp","TaskCategory":"File Delete archived (rule: FileDelete)","Type":"Information","User":["NOT_TRANSLATED","miacsdomain\\user-01"],"UtcTime":"2026-08-27 04:02:20.935","_raw":"08/27/2026 06:02:20.944 AM\nLogName=Microsoft-Windows-Sysmon/Operational\nEventCode=23\nEventType=4\nComputerName=Win-10.miacsdomain.com\nUser=NOT_TRANSLATED\nSid=S-1-5-18\nSidType=0\nSourceName=Microsoft-Windows-Sysmon\nType=Information\nRecordNumber=33085\nKeywords=None\nTaskCategory=File Delete archived (rule: FileDelete)\nOpCode=Info\nMessage=File Delete archived:\r\nRuleName: -\r\nUtcTime: 2026-08-27 04:02:20.935\r\nProcessGuid: {3f87e246-b6cc-6a8f-bd03-000000001600}\r\nProcessId: 5136\r\nUser: miacsdomain\\user-01\r\nImage: C:\\Program Files (x86)\\Microsoft\\Edge\\Application\\msedge.exe\r\nTargetFilename: C:\\Users\\user-01\\AppData\\Local\\Microsoft\\Edge\\User Data\\Default\\Site Characteristics Database\\c791db7b-c64e-4f6f-8ac3-e2ca94653294.tmp\r\nHashes: MD5=1DBAED928A9D5B79ED757B3958E396E5,SHA256=34F3D6AD1802F9896042A45A577715C4ABBB5C3591A5D61FE33F2DD631C22AB6,IMPHASH=00000000000000000000000000000000\r\nIsExecutable: false\r\nArchived: true","_time":"2026-08-27T06:02:20.944+0200","host":"Win-10","index":"main","linecount":"25","punct":"//_::._=--/===-..==---==--====___(:_)==__:\\r:_-\\r:_-","source":"WinEventLog:Microsoft-Windows-Sysmon/Operational","sourcetype":"WinEventLog:Microsoft-Windows-Sysmon/Operational","splunk_server":"splunk-virtual-machine"}}
{"preview":false,"result":{"Archived":"true","ComputerName":"Win-10.miacsdomain.com","EventCode":"23","EventType":"4","Hashes":"MD5=EEEF0E315E405A049DACAC7E0F578A06,SHA256=D39081391063904865F9E9BF774C9F67AB145F60305F903C90536F94CCBC445C,IMPHASH=00000000000000000000000000000000","Image":"C:\\Program Files (x86)\\Microsoft\\Edge\\Application\\msedge.exe","IsExecutable":"false","Keywords":"None","LogName":"Microsoft-Windows-Sysmon/Operational","Message":"File Delete archived:\r\nRuleName: -\r\nUtcTime: 2026-08-27 04:02:20.935\r\nProcessGuid: {3f87e246-b6cc-6a8f-bd03-000000001600}\r\nProcessId: 5136\r\nUser: miacsdomain\\user-01\r\nImage: C:\\Program Files (x86)\\Microsoft\\Edge\\Application\\msedge.exe\r\nTargetFilename: C:\\Users\\user-01\\AppData\\Local\\Microsoft\\Edge\\User Data\\Default\\shared_proto_db\\metadata\\000097.log\r\nHashes: MD5=EEEF0E315E405A049DACAC7E0F578A06,SHA256=D39081391063904865F9E9BF774C9F67AB145F60305F903C90536F94CCBC445C,IMPHASH=00000000000000000000000000000000\r\nIsExecutable: false\r\nArchived: true","OpCode":"Info","ProcessGuid":"{3f87e246-b6cc-6a8f-bd03-000000001600}","ProcessId":"5136","RecordNumber":"33084","RuleName":"-","Sid":"S-1-5-18","SidType":"0","SourceName":"Microsoft-Windows-Sysmon","TargetFilename":"C:\\Users\\user-01\\AppData\\Local\\Microsoft\\Edge\\User Data\\Default\\shared_proto_db\\metadata\\000097.log","TaskCategory":"File Delete archived (rule: FileDelete)","Type":"Information","User":["NOT_TRANSLATED","miacsdomain\\user-01"],"UtcTime":"2026-08-27 04:02:20.935","_raw":"08/27/2026 06:02:20.944 AM\nLogName=Microsoft-Windows-Sysmon/Operational\nEventCode=23\nEventType=4\nComputerName=Win-10.miacsdomain.com\nUser=NOT_TRANSLATED\nSid=S-1-5-18\nSidType=0\nSourceName=Microsoft-Windows-Sysmon\nType=Information\nRecordNumber=33084\nKeywords=None\nTaskCategory=File Delete archived (rule: FileDelete)\nOpCode=Info\nMessage=File Delete archived:\r\nRuleName: -\r\nUtcTime: 2026-08-27 04:02:20.935\r\nProcessGuid: {3f87e246-b6cc-6a8f-bd03-000000001600}\r\nProcessId: 5136\r\nUser: miacsdomain\\user-01\r\nImage: C:\\Program Files (x86)\\Microsoft\\Edge\\Application\\msedge.exe\r\nTargetFilename: C:\\Users\\user-01\\AppData\\Local\\Microsoft\\Edge\\User Data\\Default\\shared_proto_db\\metadata\\000097.log\r\nHashes: MD5=EEEF0E315E405A049DACAC7E0F578A06,SHA256=D39081391063904865F9E9BF774C9F67AB145F60305F903C90536F94CCBC445C,IMPHASH=00000000000000000000000000000000\r\nIsExecutable: false\r\nArchived: true","_time":"2026-08-27T06:02:20.944+0200","host":"Win-10","index":"main","linecount":"25","punct":"//_::._=--/===-..==---==--====___(:_)==__:\\r:_-\\r:_-","source":"WinEventLog:Microsoft-Windows-Sysmon/Operational","sourcetype":"WinEventLog:Microsoft-Windows-Sysmon/Operational","splunk_server":"splunk-virtual-machine"}}
{"preview":false,"result":{"Archived":"true","ComputerName":"Win-10.miacsdomain.com","EventCode":"23","EventType":"4","Hashes":"MD5=B8F5D391E048EC80A1175D3D6EAFF761,SHA256=0251B866E82034200E0CE8998D7902C4FB30D1A089EED445A30264F80894E21E,IMPHASH=00000000000000000000000000000000","Image":"C:\\Program Files (x86)\\Microsoft\\Edge\\Application\\msedge.exe","IsExecutable":"false","Keywords":"None","LogName":"Microsoft-Windows-Sysmon/Operational","Message":"File Delete archived:\r\nRuleName: -\r\nUtcTime: 2026-08-27 04:02:20.935\r\nProcessGuid: {3f87e246-b6cc-6a8f-bd03-000000001600}\r\nProcessId: 5136\r\nUser: miacsdomain\\user-01\r\nImage: C:\\Program Files (x86)\\Microsoft\\Edge\\Application\\msedge.exe\r\nTargetFilename: C:\\Users\\user-01\\AppData\\Local\\Microsoft\\Edge\\User Data\\Default\\Sync Data\\LevelDB\\MANIFEST-000061\r\nHashes: MD5=B8F5D391E048EC80A1175D3D6EAFF761,SHA256=0251B866E82034200E0CE8998D7902C4FB30D1A089EED445A30264F80894E21E,IMPHASH=00000000000000000000000000000000\r\nIsExecutable: false\r\nArchived: true","OpCode":"Info","ProcessGuid":"{3f87e246-b6cc-6a8f-bd03-000000001600}","ProcessId":"5136","RecordNumber":"33083","RuleName":"-","Sid":"S-1-5-18","SidType":"0","SourceName":"Microsoft-Windows-Sysmon","TargetFilename":"C:\\Users\\user-01\\AppData\\Local\\Microsoft\\Edge\\User Data\\Default\\Sync Data\\LevelDB\\MANIFEST-000061","TaskCategory":"File Delete archived (rule: FileDelete)","Type":"Information","User":["NOT_TRANSLATED","miacsdomain\\user-01"],"UtcTime":"2026-08-27 04:02:20.935","_raw":"08/27/2026 06:02:20.943 AM\nLogName=Microsoft-Windows-Sysmon/Operational\nEventCode=23\nEventType=4\nComputerName=Win-10.miacsdomain.com\nUser=NOT_TRANSLATED\nSid=S-1-5-18\nSidType=0\nSourceName=Microsoft-Windows-Sysmon\nType=Information\nRecordNumber=33083\nKeywords=None\nTaskCategory=File Delete archived (rule: FileDelete)\nOpCode=Info\nMessage=File Delete archived:\r\nRuleName: -\r\nUtcTime: 2026-08-27 04:02:20.935\r\nProcessGuid: {3f87e246-b6cc-6a8f-bd03-000000001600}\r\nProcessId: 5136\r\nUser: miacsdomain\\user-01\r\nImage: C:\\Program Files (x86)\\Microsoft\\Edge\\Application\\msedge.exe\r\nTargetFilename: C:\\Users\\user-01\\AppData\\Local\\Microsoft\\Edge\\User Data\\Default\\Sync Data\\LevelDB\\MANIFEST-000061\r\nHashes: MD5=B8F5D391E048EC80A1175D3D6EAFF761,SHA256=0251B866E82034200E0CE8998D7902C4FB30D1A089EED445A30264F80894E21E,IMPHASH=00000000000000000000000000000000\r\nIsExecutable: false\r\nArchived: true","_time":"2026-08-27T06:02:20.943+0200","host":"Win-10","index":"main","linecount":"25","punct":"//_::._=--/===-..==---==--====___(:_)==__:\\r:_-\\r:_-","source":"WinEventLog:Microsoft-Windows-Sysmon/Operational","sourcetype":"WinEventLog:Microsoft-Windows-Sysmon/Operational","splunk_server":"splunk-virtual-machine"}}
{"preview":false,"result":{"Archived":"true","ComputerName":"Win-10.miacsdomain.com","EventCode":"23","EventType":"4","Hashes":"MD5=6ED0D82093D985C90634D4F45233BDAD,SHA256=D502607E0435E118EF0CF73BF470D0DC886E212B01E7B0C6F85ACEF254E1073F,IMPHASH=00000000000000000000000000000000","Image":"C:\\Program Files (x86)\\Microsoft\\Edge\\Application\\msedge.exe","IsExecutable":"false","Keywords":"None","LogName":"Microsoft-Windows-Sysmon/Operational","Message":"File Delete archived:\r\nRuleName: -\r\nUtcTime: 2026-08-27 04:02:20.935\r\nProcessGuid: {3f87e246-b6cc-6a8f-bd03-000000001600}\r\nProcessId: 5136\r\nUser: miacsdomain\\user-01\r\nImage: C:\\Program Files (x86)\\Microsoft\\Edge\\Application\\msedge.exe\r\nTargetFilename: C:\\Users\\user-01\\AppData\\Local\\Microsoft\\Edge\\User Data\\Default\\Extension State\\MANIFEST-000062\r\nHashes: MD5=6ED0D82093D985C90634D4F45233BDAD,SHA256=D502607E0435E118EF0CF73BF470D0DC886E212B01E7B0C6F85ACEF254E1073F,IMPHASH=00000000000000000000000000000000\r\nIsExecutable: false\r\nArchived: true","OpCode":"Info","ProcessGuid":"{3f87e246-b6cc-6a8f-bd03-000000001600}","ProcessId":"5136","RecordNumber":"33082","RuleName":"-","Sid":"S-1-5-18","SidType":"0","SourceName":"Microsoft-Windows-Sysmon","TargetFilename":"C:\\Users\\user-01\\AppData\\Local\\Microsoft\\Edge\\User Data\\Default\\Extension State\\MANIFEST-000062","TaskCategory":"File Delete archived (rule: FileDelete)","Type":"Information","User":["NOT_TRANSLATED","miacsdomain\\user-01"],"UtcTime":"2026-08-27 04:02:20.935","_raw":"08/27/2026 06:02:20.943 AM\nLogName=Microsoft-Windows-Sysmon/Operational\nEventCode=23\nEventType=4\nComputerName=Win-10.miacsdomain.com\nUser=NOT_TRANSLATED\nSid=S-1-5-18\nSidType=0\nSourceName=Microsoft-Windows-Sysmon\nType=Information\nRecordNumber=33082\nKeywords=None\nTaskCategory=File Delete archived (rule: FileDelete)\nOpCode=Info\nMessage=File Delete archived:\r\nRuleName: -\r\nUtcTime: 2026-08-27 04:02:20.935\r\nProcessGuid: {3f87e246-b6cc-6a8f-bd03-000000001600}\r\nProcessId: 5136\r\nUser: miacsdomain\\user-01\r\nImage: C:\\Program Files (x86)\\Microsoft\\Edge\\Application\\msedge.exe\r\nTargetFilename: C:\\Users\\user-01\\AppData\\Local\\Microsoft\\Edge\\User Data\\Default\\Extension State\\MANIFEST-000062\r\nHashes: MD5=6ED0D82093D985C90634D4F45233BDAD,SHA256=D502607E0435E118EF0CF73BF470D0DC886E212B01E7B0C6F85ACEF254E1073F,IMPHASH=00000000000000000000000000000000\r\nIsExecutable: false\r\nArchived: true","_time":"2026-08-27T06:02:20.943+0200","host":"Win-10","index":"main","linecount":"25","punct":"//_::._=--/===-..==---==--====___(:_)==__:\\r:_-\\r:_-","source":"WinEventLog:Microsoft-Windows-Sysmon/Operational","sourcetype":"WinEventLog:Microsoft-Windows-Sysmon/Operational","splunk_server":"splunk-virtual-machine"}}
{"preview":false,"result":{"Archived":"true","ComputerName":"Win-10.miacsdomain.com","EventCode":"23","EventType":"4","Hashes":"MD5=8E0A09E414F8353D603C267B56790974,SHA256=E30B683F2943162386E702B256EB17F598BB0380AA731990EDEBF35255DBCEBA,IMPHASH=00000000000000000000000000000000","Image":"C:\\Program Files (x86)\\Microsoft\\Edge\\Application\\msedge.exe","IsExecutable":"false","Keywords":"None","LogName":"Microsoft-Windows-Sysmon/Operational","Message":"File Delete archived:\r\nRuleName: -\r\nUtcTime: 2026-08-27 04:02:20.919\r\nProcessGuid: {3f87e246-b6cc-6a8f-bd03-000000001600}\r\nProcessId: 5136\r\nUser: miacsdomain\\user-01\r\nImage: C:\\Program Files (x86)\\Microsoft\\Edge\\Application\\msedge.exe\r\nTargetFilename: C:\\Users\\user-01\\AppData\\Local\\Microsoft\\Edge\\User Data\\Default\\Service Worker\\Database\\MANIFEST-000062\r\nHashes: MD5=8E0A09E414F8353D603C267B56790974,SHA256=E30B683F2943162386E702B256EB17F598BB0380AA731990EDEBF35255DBCEBA,IMPHASH=00000000000000000000000000000000\r\nIsExecutable: false\r\nArchived: true","OpCode":"Info","ProcessGuid":"{3f87e246-b6cc-6a8f-bd03-000000001600}","ProcessId":"5136","RecordNumber":"33081","RuleName":"-","Sid":"S-1-5-18","SidType":"0","SourceName":"Microsoft-Windows-Sysmon","TargetFilename":"C:\\Users\\user-01\\AppData\\Local\\Microsoft\\Edge\\User Data\\Default\\Service Worker\\Database\\MANIFEST-000062","TaskCategory":"File Delete archived (rule: FileDelete)","Type":"Information","User":["NOT_TRANSLATED","miacsdomain\\user-01"],"UtcTime":"2026-08-27 04:02:20.919","_raw":"08/27/2026 06:02:20.933 AM\nLogName=Microsoft-Windows-Sysmon/Operational\nEventCode=23\nEventType=4\nComputerName=Win-10.miacsdomain.com\nUser=NOT_TRANSLATED\nSid=S-1-5-18\nSidType=0\nSourceName=Microsoft-Windows-Sysmon\nType=Information\nRecordNumber=33081\nKeywords=None\nTaskCategory=File Delete archived (rule: FileDelete)\nOpCode=Info\nMessage=File Delete archived:\r\nRuleName: -\r\nUtcTime: 2026-08-27 04:02:20.919\r\nProcessGuid: {3f87e246-b6cc-6a8f-bd03-000000001600}\r\nProcessId: 5136\r\nUser: miacsdomain\\user-01\r\nImage: C:\\Program Files (x86)\\Microsoft\\Edge\\Application\\msedge.exe\r\nTargetFilename: C:\\Users\\user-01\\AppData\\Local\\Microsoft\\Edge\\User Data\\Default\\Service Worker\\Database\\MANIFEST-000062\r\nHashes: MD5=8E0A09E414F8353D603C267B56790974,SHA256=E30B683F2943162386E702B256EB17F598BB0380AA731990EDEBF35255DBCEBA,IMPHASH=00000000000000000000000000000000\r\nIsExecutable: false\r\nArchived: true","_time":"2026-08-27T06:02:20.933+0200","host":"Win-10","index":"main","linecount":"25","punct":"//_::._=--/===-..==---==--====___(:_)==__:\\r:_-\\r:_-","source":"WinEventLog:Microsoft-Windows-Sysmon/Operational","sourcetype":"WinEventLog:Microsoft-Windows-Sysmon/Operational","splunk_server":"splunk-virtual-machine"}}
{"preview":false,"result":{"Archived":"true","ComputerName":"Win-10.miacsdomain.com","EventCode":"23","EventType":"4","Hashes":"MD5=090378112847B36FBDDDC7E279C2C929,SHA256=09ACCA0BB20228FB1980137E3BC696295393C58ADE7979D5F32F9E633482D476,IMPHASH=00000000000000000000000000000000","Image":"C:\\Program Files (x86)\\Microsoft\\Edge\\Application\\msedge.exe","IsExecutable":"false","Keywords":"None","LogName":"Microsoft-Windows-Sysmon/Operational","Message":"File Delete archived:\r\nRuleName: -\r\nUtcTime: 2026-08-27 04:02:20.919\r\nProcessGuid: {3f87e246-b6cc-6a8f-bd03-000000001600}\r\nProcessId: 5136\r\nUser: miacsdomain\\user-01\r\nImage: C:\\Program Files (x86)\\Microsoft\\Edge\\Application\\msedge.exe\r\nTargetFilename: C:\\Users\\user-01\\AppData\\Local\\Microsoft\\Edge\\User Data\\Default\\shared_proto_db\\metadata\\102a636f-47a3-4e06-8c51-bec949e34e35.tmp\r\nHashes: MD5=090378112847B36FBDDDC7E279C2C929,SHA256=09ACCA0BB20228FB1980137E3BC696295393C58ADE7979D5F32F9E633482D476,IMPHASH=00000000000000000000000000000000\r\nIsExecutable: false\r\nArchived: true","OpCode":"Info","ProcessGuid":"{3f87e246-b6cc-6a8f-bd03-000000001600}","ProcessId":"5136","RecordNumber":"33080","RuleName":"-","Sid":"S-1-5-18","SidType":"0","SourceName":"Microsoft-Windows-Sysmon","TargetFilename":"C:\\Users\\user-01\\AppData\\Local\\Microsoft\\Edge\\User Data\\Default\\shared_proto_db\\metadata\\102a636f-47a3-4e06-8c51-bec949e34e35.tmp","TaskCategory":"File Delete archived (rule: FileDelete)","Type":"Information","User":["NOT_TRANSLATED","miacsdomain\\user-01"],"UtcTime":"2026-08-27 04:02:20.919","_raw":"08/27/2026 06:02:20.933 AM\nLogName=Microsoft-Windows-Sysmon/Operational\nEventCode=23\nEventType=4\nComputerName=Win-10.miacsdomain.com\nUser=NOT_TRANSLATED\nSid=S-1-5-18\nSidType=0\nSourceName=Microsoft-Windows-Sysmon\nType=Information\nRecordNumber=33080\nKeywords=None\nTaskCategory=File Delete archived (rule: FileDelete)\nOpCode=Info\nMessage=File Delete archived:\r\nRuleName: -\r\nUtcTime: 2026-08-27 04:02:20.919\r\nProcessGuid: {3f87e246-b6cc-6a8f-bd03-000000001600}\r\nProcessId: 5136\r\nUser: miacsdomain\\user-01\r\nImage: C:\\Program Files (x86)\\Microsoft\\Edge\\Application\\msedge.exe\r\nTargetFilename: C:\\Users\\user-01\\AppData\\Local\\Microsoft\\Edge\\User Data\\Default\\shared_proto_db\\metadata\\102a636f-47a3-4e06-8c51-bec949e34e35.tmp\r\nHashes: MD5=090378112847B36FBDDDC7E279C2C929,SHA256=09ACCA0BB20228FB1980137E3BC696295393C58ADE7979D5F32F9E633482D476,IMPHASH=00000000000000000000000000000000\r\nIsExecutable: false\r\nArchived: true","_time":"2026-08-27T06:02:20.933+0200","host":"Win-10","index":"main","linecount":"25","punct":"//_::._=--/===-..==---==--====___(:_)==__:\\r:_-\\r:_-","source":"WinEventLog:Microsoft-Windows-Sysmon/Operational","sourcetype":"WinEventLog:Microsoft-Windows-Sysmon/Operational","splunk_server":"splunk-virtual-machine"}}
{"preview":false,"result":{"Archived":"true","ComputerName":"Win-10.miacsdomain.com","EventCode":"23","EventType":"4","Hashes":"MD5=5F91DA0E359E6DFBF26F1D819C8779BF,SHA256=0500D06ABCEB053818B440711DEA979C2706904CBEFEC9E0416679C95AC0C225,IMPHASH=00000000000000000000000000000000","Image":"C:\\Program Files (x86)\\Microsoft\\Edge\\Application\\msedge.exe","IsExecutable":"false","Keywords":"None","LogName":"Microsoft-Windows-Sysmon/Operational","Message":"File Delete archived:\r\nRuleName: -\r\nUtcTime: 2026-08-27 04:02:20.919\r\nProcessGuid: {3f87e246-b6cc-6a8f-bd03-000000001600}\r\nProcessId: 5136\r\nUser: miacsdomain\\user-01\r\nImage: C:\\Program Files (x86)\\Microsoft\\Edge\\Application\\msedge.exe\r\nTargetFilename: C:\\Users\\user-01\\AppData\\Local\\Microsoft\\Edge\\User Data\\Default\\Extension State\\087f2b4a-c37d-4e56-84b9-0a258f3f13d9.tmp\r\nHashes: MD5=5F91DA0E359E6DFBF26F1D819C8779BF,SHA256=0500D06ABCEB053818B440711DEA979C2706904CBEFEC9E0416679C95AC0C225,IMPHASH=00000000000000000000000000000000\r\nIsExecutable: false\r\nArchived: true","OpCode":"Info","ProcessGuid":"{3f87e246-b6cc-6a8f-bd03-000000001600}","ProcessId":"5136","RecordNumber":"33079","RuleName":"-","Sid":"S-1-5-18","SidType":"0","SourceName":"Microsoft-Windows-Sysmon","TargetFilename":"C:\\Users\\user-01\\AppData\\Local\\Microsoft\\Edge\\User Data\\Default\\Extension State\\087f2b4a-c37d-4e56-84b9-0a258f3f13d9.tmp","TaskCategory":"File Delete archived (rule: FileDelete)","Type":"Information","User":["NOT_TRANSLATED","miacsdomain\\user-01"],"UtcTime":"2026-08-27 04:02:20.919","_raw":"08/27/2026 06:02:20.932 AM\nLogName=Microsoft-Windows-Sysmon/Operational\nEventCode=23\nEventType=4\nComputerName=Win-10.miacsdomain.com\nUser=NOT_TRANSLATED\nSid=S-1-5-18\nSidType=0\nSourceName=Microsoft-Windows-Sysmon\nType=Information\nRecordNumber=33079\nKeywords=None\nTaskCategory=File Delete archived (rule: FileDelete)\nOpCode=Info\nMessage=File Delete archived:\r\nRuleName: -\r\nUtcTime: 2026-08-27 04:02:20.919\r\nProcessGuid: {3f87e246-b6cc-6a8f-bd03-000000001600}\r\nProcessId: 5136\r\nUser: miacsdomain\\user-01\r\nImage: C:\\Program Files (x86)\\Microsoft\\Edge\\Application\\msedge.exe\r\nTargetFilename: C:\\Users\\user-01\\AppData\\Local\\Microsoft\\Edge\\User Data\\Default\\Extension State\\087f2b4a-c37d-4e56-84b9-0a258f3f13d9.tmp\r\nHashes: MD5=5F91DA0E359E6DFBF26F1D819C8779BF,SHA256=0500D06ABCEB053818B440711DEA979C2706904CBEFEC9E0416679C95AC0C225,IMPHASH=00000000000000000000000000000000\r\nIsExecutable: false\r\nArchived: true","_time":"2026-08-27T06:02:20.932+0200","host":"Win-10","index":"main","linecount":"25","punct":"//_::._=--/===-..==---==--====___(:_)==__:\\r:_-\\r:_-","source":"WinEventLog:Microsoft-Windows-Sysmon/Operational","sourcetype":"WinEventLog:Microsoft-Windows-Sysmon/Operational","splunk_server":"splunk-virtual-machine"}}
{"preview":false,"result":{"Archived":"true","ComputerName":"Win-10.miacsdomain.com","EventCode":"23","EventType":"4","Hashes":"MD5=AF24FEDE229AC933D755F7FE1E595E47,SHA256=B9EBFE63F8DC3526E9DF3CD7A64F3AB433CAE6C6DD548370C21BC9D63705229D,IMPHASH=00000000000000000000000000000000","Image":"C:\\Program Files (x86)\\Microsoft\\Edge\\Application\\msedge.exe","IsExecutable":"false","Keywords":"None","LogName":"Microsoft-Windows-Sysmon/Operational","Message":"File Delete archived:\r\nRuleName: -\r\nUtcTime: 2026-08-27 04:02:20.919\r\nProcessGuid: {3f87e246-b6cc-6a8f-bd03-000000001600}\r\nProcessId: 5136\r\nUser: miacsdomain\\user-01\r\nImage: C:\\Program Files (x86)\\Microsoft\\Edge\\Application\\msedge.exe\r\nTargetFilename: C:\\Users\\user-01\\AppData\\Local\\Microsoft\\Edge\\User Data\\Default\\Sync Data\\LevelDB\\d5f9be84-0d98-4da1-850d-8f18425748b4.tmp\r\nHashes: MD5=AF24FEDE229AC933D755F7FE1E595E47,SHA256=B9EBFE63F8DC3526E9DF3CD7A64F3AB433CAE6C6DD548370C21BC9D63705229D,IMPHASH=00000000000000000000000000000000\r\nIsExecutable: false\r\nArchived: true","OpCode":"Info","ProcessGuid":"{3f87e246-b6cc-6a8f-bd03-000000001600}","ProcessId":"5136","RecordNumber":"33078","RuleName":"-","Sid":"S-1-5-18","SidType":"0","SourceName":"Microsoft-Windows-Sysmon","TargetFilename":"C:\\Users\\user-01\\AppData\\Local\\Microsoft\\Edge\\User Data\\Default\\Sync Data\\LevelDB\\d5f9be84-0d98-4da1-850d-8f18425748b4.tmp","TaskCategory":"File Delete archived (rule: FileDelete)","Type":"Information","User":["NOT_TRANSLATED","miacsdomain\\user-01"],"UtcTime":"2026-08-27 04:02:20.919","_raw":"08/27/2026 06:02:20.932 AM\nLogName=Microsoft-Windows-Sysmon/Operational\nEventCode=23\nEventType=4\nComputerName=Win-10.miacsdomain.com\nUser=NOT_TRANSLATED\nSid=S-1-5-18\nSidType=0\nSourceName=Microsoft-Windows-Sysmon\nType=Information\nRecordNumber=33078\nKeywords=None\nTaskCategory=File Delete archived (rule: FileDelete)\nOpCode=Info\nMessage=File Delete archived:\r\nRuleName: -\r\nUtcTime: 2026-08-27 04:02:20.919\r\nProcessGuid: {3f87e246-b6cc-6a8f-bd03-000000001600}\r\nProcessId: 5136\r\nUser: miacsdomain\\user-01\r\nImage: C:\\Program Files (x86)\\Microsoft\\Edge\\Application\\msedge.exe\r\nTargetFilename: C:\\Users\\user-01\\AppData\\Local\\Microsoft\\Edge\\User Data\\Default\\Sync Data\\LevelDB\\d5f9be84-0d98-4da1-850d-8f18425748b4.tmp\r\nHashes: MD5=AF24FEDE229AC933D755F7FE1E595E47,SHA256=B9EBFE63F8DC3526E9DF3CD7A64F3AB433CAE6C6DD548370C21BC9D63705229D,IMPHASH=00000000000000000000000000000000\r\nIsExecutable: false\r\nArchived: true","_time":"2026-08-27T06:02:20.932+0200","host":"Win-10","index":"main","linecount":"25","punct":"//_::._=--/===-..==---==--====___(:_)==__:\\r:_-\\r:_-","source":"WinEventLog:Microsoft-Windows-Sysmon/Operational","sourcetype":"WinEventLog:Microsoft-Windows-Sysmon/Operational","splunk_server":"splunk-virtual-machine"}}
{"preview":false,"result":{"Archived":"true","ComputerName":"Win-10.miacsdomain.com","EventCode":"23","EventType":"4","Hashes":"MD5=B7054847E22FE54CDD3557ACBECB0080,SHA256=BD0D8F7B56AE200247EBAE7DE5B7E0FFA8AC6E0FE032A638423FF5BDA7115854,IMPHASH=00000000000000000000000000000000","Image":"C:\\Program Files (x86)\\Microsoft\\Edge\\Application\\msedge.exe","IsExecutable":"false","Keywords":"None","LogName":"Microsoft-Windows-Sysmon/Operational","Message":"File Delete archived:\r\nRuleName: -\r\nUtcTime: 2026-08-27 04:02:20.919\r\nProcessGuid: {3f87e246-b6cc-6a8f-bd03-000000001600}\r\nProcessId: 5136\r\nUser: miacsdomain\\user-01\r\nImage: C:\\Program Files (x86)\\Microsoft\\Edge\\Application\\msedge.exe\r\nTargetFilename: C:\\Users\\user-01\\AppData\\Local\\Microsoft\\Edge\\User Data\\Default\\Site Characteristics Database\\e9aa997a-ad24-4723-ae7b-3f4800d78e48.tmp\r\nHashes: MD5=B7054847E22FE54CDD3557ACBECB0080,SHA256=BD0D8F7B56AE200247EBAE7DE5B7E0FFA8AC6E0FE032A638423FF5BDA7115854,IMPHASH=00000000000000000000000000000000\r\nIsExecutable: false\r\nArchived: true","OpCode":"Info","ProcessGuid":"{3f87e246-b6cc-6a8f-bd03-000000001600}","ProcessId":"5136","RecordNumber":"33077","RuleName":"-","Sid":"S-1-5-18","SidType":"0","SourceName":"Microsoft-Windows-Sysmon","TargetFilename":"C:\\Users\\user-01\\AppData\\Local\\Microsoft\\Edge\\User Data\\Default\\Site Characteristics Database\\e9aa997a-ad24-4723-ae7b-3f4800d78e48.tmp","TaskCategory":"File Delete archived (rule: FileDelete)","Type":"Information","User":["NOT_TRANSLATED","miacsdomain\\user-01"],"UtcTime":"2026-08-27 04:02:20.919","_raw":"08/27/2026 06:02:20.920 AM\nLogName=Microsoft-Windows-Sysmon/Operational\nEventCode=23\nEventType=4\nComputerName=Win-10.miacsdomain.com\nUser=NOT_TRANSLATED\nSid=S-1-5-18\nSidType=0\nSourceName=Microsoft-Windows-Sysmon\nType=Information\nRecordNumber=33077\nKeywords=None\nTaskCategory=File Delete archived (rule: FileDelete)\nOpCode=Info\nMessage=File Delete archived:\r\nRuleName: -\r\nUtcTime: 2026-08-27 04:02:20.919\r\nProcessGuid: {3f87e246-b6cc-6a8f-bd03-000000001600}\r\nProcessId: 5136\r\nUser: miacsdomain\\user-01\r\nImage: C:\\Program Files (x86)\\Microsoft\\Edge\\Application\\msedge.exe\r\nTargetFilename: C:\\Users\\user-01\\AppData\\Local\\Microsoft\\Edge\\User Data\\Default\\Site Characteristics Database\\e9aa997a-ad24-4723-ae7b-3f4800d78e48.tmp\r\nHashes: MD5=B7054847E22FE54CDD3557ACBECB0080,SHA256=BD0D8F7B56AE200247EBAE7DE5B7E0FFA8AC6E0FE032A638423FF5BDA7115854,IMPHASH=00000000000000000000000000000000\r\nIsExecutable: false\r\nArchived: true","_time":"2026-08-27T06:02:20.920+0200","host":"Win-10","index":"main","linecount":"25","punct":"//_::._=--/===-..==---==--====___(:_)==__:\\r:_-\\r:_-","source":"WinEventLog:Microsoft-Windows-Sysmon/Operational","sourcetype":"WinEventLog:Microsoft-Windows-Sysmon/Operational","splunk_server":"splunk-virtual-machine"}}
{"preview":false,"result":{"Archived":"true","ComputerName":"Win-10.miacsdomain.com","EventCode":"23","EventType":"4","Hashes":"MD5=5F91DA0E359E6DFBF26F1D819C8779BF,SHA256=0500D06ABCEB053818B440711DEA979C2706904CBEFEC9E0416679C95AC0C225,IMPHASH=00000000000000000000000000000000","Image":"C:\\Program Files (x86)\\Microsoft\\Edge\\Application\\msedge.exe","IsExecutable":"false","Keywords":"None","LogName":"Microsoft-Windows-Sysmon/Operational","Message":"File Delete archived:\r\nRuleName: -\r\nUtcTime: 2026-08-27 04:02:20.904\r\nProcessGuid: {3f87e246-b6cc-6a8f-bd03-000000001600}\r\nProcessId: 5136\r\nUser: miacsdomain\\user-01\r\nImage: C:\\Program Files (x86)\\Microsoft\\Edge\\Application\\msedge.exe\r\nTargetFilename: C:\\Users\\user-01\\AppData\\Local\\Microsoft\\Edge\\User Data\\Default\\Service Worker\\Database\\ad3ad700-6c07-4732-8fc5-3a826107c877.tmp\r\nHashes: MD5=5F91DA0E359E6DFBF26F1D819C8779BF,SHA256=0500D06ABCEB053818B440711DEA979C2706904CBEFEC9E0416679C95AC0C225,IMPHASH=00000000000000000000000000000000\r\nIsExecutable: false\r\nArchived: true","OpCode":"Info","ProcessGuid":"{3f87e246-b6cc-6a8f-bd03-000000001600}","ProcessId":"5136","RecordNumber":"33076","RuleName":"-","Sid":"S-1-5-18","SidType":"0","SourceName":"Microsoft-Windows-Sysmon","TargetFilename":"C:\\Users\\user-01\\AppData\\Local\\Microsoft\\Edge\\User Data\\Default\\Service Worker\\Database\\ad3ad700-6c07-4732-8fc5-3a826107c877.tmp","TaskCategory":"File Delete archived (rule: FileDelete)","Type":"Information","User":["NOT_TRANSLATED","miacsdomain\\user-01"],"UtcTime":"2026-08-27 04:02:20.904","_raw":"08/27/2026 06:02:20.915 AM\nLogName=Microsoft-Windows-Sysmon/Operational\nEventCode=23\nEventType=4\nComputerName=Win-10.miacsdomain.com\nUser=NOT_TRANSLATED\nSid=S-1-5-18\nSidType=0\nSourceName=Microsoft-Windows-Sysmon\nType=Information\nRecordNumber=33076\nKeywords=None\nTaskCategory=File Delete archived (rule: FileDelete)\nOpCode=Info\nMessage=File Delete archived:\r\nRuleName: -\r\nUtcTime: 2026-08-27 04:02:20.904\r\nProcessGuid: {3f87e246-b6cc-6a8f-bd03-000000001600}\r\nProcessId: 5136\r\nUser: miacsdomain\\user-01\r\nImage: C:\\Program Files (x86)\\Microsoft\\Edge\\Application\\msedge.exe\r\nTargetFilename: C:\\Users\\user-01\\AppData\\Local\\Microsoft\\Edge\\User Data\\Default\\Service Worker\\Database\\ad3ad700-6c07-4732-8fc5-3a826107c877.tmp\r\nHashes: MD5=5F91DA0E359E6DFBF26F1D819C8779BF,SHA256=0500D06ABCEB053818B440711DEA979C2706904CBEFEC9E0416679C95AC0C225,IMPHASH=00000000000000000000000000000000\r\nIsExecutable: false\r\nArchived: true","_time":"2026-08-27T06:02:20.915+0200","host":"Win-10","index":"main","linecount":"25","punct":"//_::._=--/===-..==---==--====___(:_)==__:\\r:_-\\r:_-","source":"WinEventLog:Microsoft-Windows-Sysmon/Operational","sourcetype":"WinEventLog:Microsoft-Windows-Sysmon/Operational","splunk_server":"splunk-virtual-machine"}}
{"preview":false,"result":{"Archived":"true","ComputerName":"Win-10.miacsdomain.com","EventCode":"23","EventType":"4","Hashes":"MD5=21526BBD0BA679C808A264749D07A526,SHA256=B5F2BEB45B9C6FE569FB1B3F296062615CC5E4FA4282148AFEA6F51258AE7727,IMPHASH=00000000000000000000000000000000","Image":"C:\\Program Files (x86)\\Microsoft\\Edge\\Application\\msedge.exe","IsExecutable":"false","Keywords":"None","LogName":"Microsoft-Windows-Sysmon/Operational","Message":"File Delete archived:\r\nRuleName: -\r\nUtcTime: 2026-08-27 04:02:20.904\r\nProcessGuid: {3f87e246-b6cc-6a8f-bd03-000000001600}\r\nProcessId: 5136\r\nUser: miacsdomain\\user-01\r\nImage: C:\\Program Files (x86)\\Microsoft\\Edge\\Application\\msedge.exe\r\nTargetFilename: C:\\Users\\user-01\\AppData\\Local\\Microsoft\\Edge\\User Data\\Default\\shared_proto_db\\metadata\\24a76d97-9a4d-47f3-9615-d40ea785f8ef.tmp\r\nHashes: MD5=21526BBD0BA679C808A264749D07A526,SHA256=B5F2BEB45B9C6FE569FB1B3F296062615CC5E4FA4282148AFEA6F51258AE7727,IMPHASH=00000000000000000000000000000000\r\nIsExecutable: false\r\nArchived: true","OpCode":"Info","ProcessGuid":"{3f87e246-b6cc-6a8f-bd03-000000001600}","ProcessId":"5136","RecordNumber":"33075","RuleName":"-","Sid":"S-1-5-18","SidType":"0","SourceName":"Microsoft-Windows-Sysmon","TargetFilename":"C:\\Users\\user-01\\AppData\\Local\\Microsoft\\Edge\\User Data\\Default\\shared_proto_db\\metadata\\24a76d97-9a4d-47f3-9615-d40ea785f8ef.tmp","TaskCategory":"File Delete archived (rule: FileDelete)","Type":"Information","User":["NOT_TRANSLATED","miacsdomain\\user-01"],"UtcTime":"2026-08-27 04:02:20.904","_raw":"08/27/2026 06:02:20.910 AM\nLogName=Microsoft-Windows-Sysmon/Operational\nEventCode=23\nEventType=4\nComputerName=Win-10.miacsdomain.com\nUser=NOT_TRANSLATED\nSid=S-1-5-18\nSidType=0\nSourceName=Microsoft-Windows-Sysmon\nType=Information\nRecordNumber=33075\nKeywords=None\nTaskCategory=File Delete archived (rule: FileDelete)\nOpCode=Info\nMessage=File Delete archived:\r\nRuleName: -\r\nUtcTime: 2026-08-27 04:02:20.904\r\nProcessGuid: {3f87e246-b6cc-6a8f-bd03-000000001600}\r\nProcessId: 5136\r\nUser: miacsdomain\\user-01\r\nImage: C:\\Program Files (x86)\\Microsoft\\Edge\\Application\\msedge.exe\r\nTargetFilename: C:\\Users\\user-01\\AppData\\Local\\Microsoft\\Edge\\User Data\\Default\\shared_proto_db\\metadata\\24a76d97-9a4d-47f3-9615-d40ea785f8ef.tmp\r\nHashes: MD5=21526BBD0BA679C808A264749D07A526,SHA256=B5F2BEB45B9C6FE569FB1B3F296062615CC5E4FA4282148AFEA6F51258AE7727,IMPHASH=00000000000000000000000000000000\r\nIsExecutable: false\r\nArchived: true","_time":"2026-08-27T06:02:20.910+0200","host":"Win-10","index":"main","linecount":"25","punct":"//_::._=--/===-..==---==--====___(:_)==__:\\r:_-\\r:_-","source":"WinEventLog:Microsoft-Windows-Sysmon/Operational","sourcetype":"WinEventLog:Microsoft-Windows-Sysmon/Operational","splunk_server":"splunk-virtual-machine"}}
{"preview":false,"result":{"Archived":"true","ComputerName":"Win-10.miacsdomain.com","EventCode":"23","EventType":"4","Hashes":"MD5=5F006C9BB44F5905A2FE55A14FCFA059,SHA256=13BEB91B1C90CF52439986D9C975292D3A787F0C156215E68630FDDA4A8E0FE6,IMPHASH=00000000000000000000000000000000","Image":"C:\\Program Files (x86)\\Microsoft\\Edge\\Application\\msedge.exe","IsExecutable":"false","Keywords":"None","LogName":"Microsoft-Windows-Sysmon/Operational","Message":"File Delete archived:\r\nRuleName: -\r\nUtcTime: 2026-08-27 04:02:20.904\r\nProcessGuid: {3f87e246-b6cc-6a8f-bd03-000000001600}\r\nProcessId: 5136\r\nUser: miacsdomain\\user-01\r\nImage: C:\\Program Files (x86)\\Microsoft\\Edge\\Application\\msedge.exe\r\nTargetFilename: C:\\Users\\user-01\\AppData\\Local\\Microsoft\\Edge\\User Data\\Default\\Extension State\\aab45db4-5021-47a6-b39f-55a2e9bac99e.tmp\r\nHashes: MD5=5F006C9BB44F5905A2FE55A14FCFA059,SHA256=13BEB91B1C90CF52439986D9C975292D3A787F0C156215E68630FDDA4A8E0FE6,IMPHASH=00000000000000000000000000000000\r\nIsExecutable: false\r\nArchived: true","OpCode":"Info","ProcessGuid":"{3f87e246-b6cc-6a8f-bd03-000000001600}","ProcessId":"5136","RecordNumber":"33074","RuleName":"-","Sid":"S-1-5-18","SidType":"0","SourceName":"Microsoft-Windows-Sysmon","TargetFilename":"C:\\Users\\user-01\\AppData\\Local\\Microsoft\\Edge\\User Data\\Default\\Extension State\\aab45db4-5021-47a6-b39f-55a2e9bac99e.tmp","TaskCategory":"File Delete archived (rule: FileDelete)","Type":"Information","User":["NOT_TRANSLATED","miacsdomain\\user-01"],"UtcTime":"2026-08-27 04:02:20.904","_raw":"08/27/2026 06:02:20.908 AM\nLogName=Microsoft-Windows-Sysmon/Operational\nEventCode=23\nEventType=4\nComputerName=Win-10.miacsdomain.com\nUser=NOT_TRANSLATED\nSid=S-1-5-18\nSidType=0\nSourceName=Microsoft-Windows-Sysmon\nType=Information\nRecordNumber=33074\nKeywords=None\nTaskCategory=File Delete archived (rule: FileDelete)\nOpCode=Info\nMessage=File Delete archived:\r\nRuleName: -\r\nUtcTime: 2026-08-27 04:02:20.904\r\nProcessGuid: {3f87e246-b6cc-6a8f-bd03-000000001600}\r\nProcessId: 5136\r\nUser: miacsdomain\\user-01\r\nImage: C:\\Program Files (x86)\\Microsoft\\Edge\\Application\\msedge.exe\r\nTargetFilename: C:\\Users\\user-01\\AppData\\Local\\Microsoft\\Edge\\User Data\\Default\\Extension State\\aab45db4-5021-47a6-b39f-55a2e9bac99e.tmp\r\nHashes: MD5=5F006C9BB44F5905A2FE55A14FCFA059,SHA256=13BEB91B1C90CF52439986D9C975292D3A787F0C156215E68630FDDA4A8E0FE6,IMPHASH=00000000000000000000000000000000\r\nIsExecutable: false\r\nArchived: true","_time":"2026-08-27T06:02:20.908+0200","host":"Win-10","index":"main","linecount":"25","punct":"//_::._=--/===-..==---==--====___(:_)==__:\\r:_-\\r:_-","source":"WinEventLog:Microsoft-Windows-Sysmon/Operational","sourcetype":"WinEventLog:Microsoft-Windows-Sysmon/Operational","splunk_server":"splunk-virtual-machine"}}
