{"preview":false,"result":{"CommandLine":"\"C:\\Windows\\System32\\WindowsPowerShell\\v1.0\\powershell.exe\"","Company":"Microsoft Corporation","ComputerName":"Win-10.miacsdomain.com","CurrentDirectory":"C:\\Users\\user-01\\","Description":"Windows PowerShell","EventCode":"1","EventType":"4","FileVersion":"10.0.19041.3636 (WinBuild.160101.0800)","Hashes":"MD5=6726185B70B5ADF05E8A1A1DF82EBF30,SHA256=64DD55E1C2373DEED25C2776F553C632E58C45E56A0E4639DFD54EE97EAB9C19,IMPHASH=E3007C8E0098D06ABF617EEE6F0C5ABD","Image":"C:\\Windows\\System32\\WindowsPowerShell\\v1.0\\powershell.exe","IntegrityLevel":"Medium","Keywords":"None","LogName":"Microsoft-Windows-Sysmon/Operational","LogonGuid":"{3f87e246-b6bf-6a8f-1c76-4c0000000000}","LogonId":"0x4C761C","Message":"Process Create:\r\nRuleName: -\r\nUtcTime: 2026-08-27 04:02:26.661\r\nProcessGuid: {3f87e246-b6d2-6a8f-cf03-000000001600}\r\nProcessId: 5960\r\nImage: C:\\Windows\\System32\\WindowsPowerShell\\v1.0\\powershell.exe\r\nFileVersion: 10.0.19041.3636 (WinBuild.160101.0800)\r\nDescription: Windows PowerShell\r\nProduct: Microsoft® Windows® Operating System\r\nCompany: Microsoft Corporation\r\nOriginalFileName: PowerShell.EXE\r\nCommandLine: \"C:\\Windows\\System32\\WindowsPowerShell\\v1.0\\powershell.exe\" \r\nCurrentDirectory: C:\\Users\\user-01\\\r\nUser: miacsdomain\\user-01\r\nLogonGuid: {3f87e246-b6bf-6a8f-1c76-4c0000000000}\r\nLogonId: 0x4C761C\r\nTerminalSessionId: 5\r\nIntegrityLevel: Medium\r\nHashes: MD5=6726185B70B5ADF05E8A1A1DF82EBF30,SHA256=64DD55E1C2373DEED25C2776F553C632E58C45E56A0E4639DFD54EE97EAB9C19,IMPHASH=E3007C8E0098D06ABF617EEE6F0C5ABD\r\nParentProcessGuid: {3f87e246-b6c0-6a8f-a303-000000001600}\r\nParentProcessId: 312\r\nParentImage: C:\\Windows\\explorer.exe\r\nParentCommandLine: C:\\Windows\\Explorer.EXE\r\nParentUser: miacsdomain\\user-01","OpCode":"Info","OriginalFileName":"PowerShell.EXE","ParentCommandLine":"C:\\Windows\\Explorer.EXE","ParentImage":"C:\\Windows\\explorer.exe","ParentProcessGuid":"{3f87e246-b6c0-6a8f-a303-000000001600}","ParentProcessId":"312","ParentUser":"miacsdomain\\user-01","ProcessGuid":"{3f87e246-b6d2-6a8f-cf03-000000001600}","ProcessId":"5960","Product":"Microsoft® Windows® Operating System","RecordNumber":"33122","RuleName":"-","Sid":"S-1-5-18","SidType":"0","SourceName":"Microsoft-Windows-Sysmon","TaskCategory":"Process Create (rule: ProcessCreate)","TerminalSessionId":"5","Type":"Information","User":["NOT_TRANSLATED","miacsdomain\\user-01"],"UtcTime":"2026-08-27 04:02:26.661","_raw":"08/27/2026 06:02:26.662 AM\nLogName=Microsoft-Windows-Sysmon/Operational\nEventCode=1\nEventType=4\nComputerName=Win-10.miacsdomain.com\nUser=NOT_TRANSLATED\nSid=S-1-5-18\nSidType=0\nSourceName=Microsoft-Windows-Sysmon\nType=Information\nRecordNumber=33122\nKeywords=None\nTaskCategory=Process Create (rule: ProcessCreate)\nOpCode=Info\nMessage=Process Create:\r\nRuleName: -\r\nUtcTime: 2026-08-27 04:02:26.661\r\nProcessGuid: {3f87e246-b6d2-6a8f-cf03-000000001600}\r\nProcessId: 5960\r\nImage: C:\\Windows\\System32\\WindowsPowerShell\\v1.0\\powershell.exe\r\nFileVersion: 10.0.19041.3636 (WinBuild.160101.0800)\r\nDescription: Windows PowerShell\r\nProduct: Microsoft® Windows® Operating System\r\nCompany: Microsoft Corporation\r\nOriginalFileName: PowerShell.EXE\r\nCommandLine: \"C:\\Windows\\System32\\WindowsPowerShell\\v1.0\\powershell.exe\" \r\nCurrentDirectory: C:\\Users\\user-01\\\r\nUser: miacsdomain\\user-01\r\nLogonGuid: {3f87e246-b6bf-6a8f-1c76-4c0000000000}\r\nLogonId: 0x4C761C\r\nTerminalSessionId: 5\r\nIntegrityLevel: Medium\r\nHashes: MD5=6726185B70B5ADF05E8A1A1DF82EBF30,SHA256=64DD55E1C2373DEED25C2776F553C632E58C45E56A0E4639DFD54EE97EAB9C19,IMPHASH=E3007C8E0098D06ABF617EEE6F0C5ABD\r\nParentProcessGuid: {3f87e246-b6c0-6a8f-a303-000000001600}\r\nParentProcessId: 312\r\nParentImage: C:\\Windows\\explorer.exe\r\nParentCommandLine: C:\\Windows\\Explorer.EXE\r\nParentUser: miacsdomain\\user-01","_time":"2026-08-27T06:02:26.662+0200","host":"Win-10","index":"main","linecount":"38","punct":"//_::._=--/===-..==---==--====__(:_)==_:\\r:_-\\r:_--_","source":"WinEventLog:Microsoft-Windows-Sysmon/Operational","sourcetype":"WinEventLog:Microsoft-Windows-Sysmon/Operational","splunk_server":"splunk-virtual-machine"}}
{"preview":false,"result":{"Archived":"true","ComputerName":"Win-10.miacsdomain.com","EventCode":"23","EventType":"4","Hashes":"MD5=8C8B3C3894F2BB9BDCE3FEFB4C7177CB,SHA256=80AB9BAAD57D61758E94AB4DFA0F82482751982E06BB1A336F98AB5E17868D1C,IMPHASH=00000000000000000000000000000000","Image":"C:\\Windows\\SystemApps\\Microsoft.Windows.Search_cw5n1h2txyewy\\SearchApp.exe","IsExecutable":"false","Keywords":"None","LogName":"Microsoft-Windows-Sysmon/Operational","Message":"File Delete archived:\r\nRuleName: -\r\nUtcTime: 2026-08-27 04:02:26.638\r\nProcessGuid: {3f87e246-b6c1-6a8f-af03-000000001600}\r\nProcessId: 2084\r\nUser: miacsdomain\\user-01\r\nImage: C:\\Windows\\SystemApps\\Microsoft.Windows.Search_cw5n1h2txyewy\\SearchApp.exe\r\nTargetFilename: C:\\Users\\user-01\\AppData\\Local\\Packages\\Microsoft.Windows.Search_cw5n1h2txyewy\\AC\\Microsoft\\Internet Explorer\\DOMStore\\DR173E8D\\www.bing[1].xml\r\nHashes: MD5=8C8B3C3894F2BB9BDCE3FEFB4C7177CB,SHA256=80AB9BAAD57D61758E94AB4DFA0F82482751982E06BB1A336F98AB5E17868D1C,IMPHASH=00000000000000000000000000000000\r\nIsExecutable: false\r\nArchived: true","OpCode":"Info","ProcessGuid":"{3f87e246-b6c1-6a8f-af03-000000001600}","ProcessId":"2084","RecordNumber":"33121","RuleName":"-","Sid":"S-1-5-18","SidType":"0","SourceName":"Microsoft-Windows-Sysmon","TargetFilename":"C:\\Users\\user-01\\AppData\\Local\\Packages\\Microsoft.Windows.Search_cw5n1h2txyewy\\AC\\Microsoft\\Internet Explorer\\DOMStore\\DR173E8D\\www.bing[1].xml","TaskCategory":"File Delete archived (rule: FileDelete)","Type":"Information","User":["NOT_TRANSLATED","miacsdomain\\user-01"],"UtcTime":"2026-08-27 04:02:26.638","_raw":"08/27/2026 06:02:26.652 AM\nLogName=Microsoft-Windows-Sysmon/Operational\nEventCode=23\nEventType=4\nComputerName=Win-10.miacsdomain.com\nUser=NOT_TRANSLATED\nSid=S-1-5-18\nSidType=0\nSourceName=Microsoft-Windows-Sysmon\nType=Information\nRecordNumber=33121\nKeywords=None\nTaskCategory=File Delete archived (rule: FileDelete)\nOpCode=Info\nMessage=File Delete archived:\r\nRuleName: -\r\nUtcTime: 2026-08-27 04:02:26.638\r\nProcessGuid: {3f87e246-b6c1-6a8f-af03-000000001600}\r\nProcessId: 2084\r\nUser: miacsdomain\\user-01\r\nImage: C:\\Windows\\SystemApps\\Microsoft.Windows.Search_cw5n1h2txyewy\\SearchApp.exe\r\nTargetFilename: C:\\Users\\user-01\\AppData\\Local\\Packages\\Microsoft.Windows.Search_cw5n1h2txyewy\\AC\\Microsoft\\Internet Explorer\\DOMStore\\DR173E8D\\www.bing[1].xml\r\nHashes: MD5=8C8B3C3894F2BB9BDCE3FEFB4C7177CB,SHA256=80AB9BAAD57D61758E94AB4DFA0F82482751982E06BB1A336F98AB5E17868D1C,IMPHASH=00000000000000000000000000000000\r\nIsExecutable: false\r\nArchived: true","_time":"2026-08-27T06:02:26.652+0200","host":"Win-10","index":"main","linecount":"25","punct":"//_::._=--/===-..==---==--====___(:_)==__:\\r:_-\\r:_-","source":"WinEventLog:Microsoft-Windows-Sysmon/Operational","sourcetype":"WinEventLog:Microsoft-Windows-Sysmon/Operational","splunk_server":"splunk-virtual-machine"}}
{"preview":false,"result":{"Archived":"true","ComputerName":"Win-10.miacsdomain.com","EventCode":"23","EventType":"4","Hashes":"MD5=284EBD49D5E2412D223EF79D4B62D849,SHA256=593A1E53C94146A24F5F5BDAF309F2067C8F444F801FB12F20374B5C0B41D7D0,IMPHASH=00000000000000000000000000000000","Image":"C:\\Windows\\SystemApps\\Microsoft.Windows.Search_cw5n1h2txyewy\\SearchApp.exe","IsExecutable":"false","Keywords":"None","LogName":"Microsoft-Windows-Sysmon/Operational","Message":"File Delete archived:\r\nRuleName: -\r\nUtcTime: 2026-08-27 04:02:25.638\r\nProcessGuid: {3f87e246-b6c1-6a8f-af03-000000001600}\r\nProcessId: 2084\r\nUser: miacsdomain\\user-01\r\nImage: C:\\Windows\\SystemApps\\Microsoft.Windows.Search_cw5n1h2txyewy\\SearchApp.exe\r\nTargetFilename: C:\\Users\\user-01\\AppData\\Local\\Packages\\Microsoft.Windows.Search_cw5n1h2txyewy\\AC\\Microsoft\\Internet Explorer\\DOMStore\\DR173E8D\\www.bing[1].xml\r\nHashes: MD5=284EBD49D5E2412D223EF79D4B62D849,SHA256=593A1E53C94146A24F5F5BDAF309F2067C8F444F801FB12F20374B5C0B41D7D0,IMPHASH=00000000000000000000000000000000\r\nIsExecutable: false\r\nArchived: true","OpCode":"Info","ProcessGuid":"{3f87e246-b6c1-6a8f-af03-000000001600}","ProcessId":"2084","RecordNumber":"33120","RuleName":"-","Sid":"S-1-5-18","SidType":"0","SourceName":"Microsoft-Windows-Sysmon","TargetFilename":"C:\\Users\\user-01\\AppData\\Local\\Packages\\Microsoft.Windows.Search_cw5n1h2txyewy\\AC\\Microsoft\\Internet Explorer\\DOMStore\\DR173E8D\\www.bing[1].xml","TaskCategory":"File Delete archived (rule: FileDelete)","Type":"Information","User":["NOT_TRANSLATED","miacsdomain\\user-01"],"UtcTime":"2026-08-27 04:02:25.638","_raw":"08/27/2026 06:02:25.651 AM\nLogName=Microsoft-Windows-Sysmon/Operational\nEventCode=23\nEventType=4\nComputerName=Win-10.miacsdomain.com\nUser=NOT_TRANSLATED\nSid=S-1-5-18\nSidType=0\nSourceName=Microsoft-Windows-Sysmon\nType=Information\nRecordNumber=33120\nKeywords=None\nTaskCategory=File Delete archived (rule: FileDelete)\nOpCode=Info\nMessage=File Delete archived:\r\nRuleName: -\r\nUtcTime: 2026-08-27 04:02:25.638\r\nProcessGuid: {3f87e246-b6c1-6a8f-af03-000000001600}\r\nProcessId: 2084\r\nUser: miacsdomain\\user-01\r\nImage: C:\\Windows\\SystemApps\\Microsoft.Windows.Search_cw5n1h2txyewy\\SearchApp.exe\r\nTargetFilename: C:\\Users\\user-01\\AppData\\Local\\Packages\\Microsoft.Windows.Search_cw5n1h2txyewy\\AC\\Microsoft\\Internet Explorer\\DOMStore\\DR173E8D\\www.bing[1].xml\r\nHashes: MD5=284EBD49D5E2412D223EF79D4B62D849,SHA256=593A1E53C94146A24F5F5BDAF309F2067C8F444F801FB12F20374B5C0B41D7D0,IMPHASH=00000000000000000000000000000000\r\nIsExecutable: false\r\nArchived: true","_time":"2026-08-27T06:02:25.651+0200","host":"Win-10","index":"main","linecount":"25","punct":"//_::._=--/===-..==---==--====___(:_)==__:\\r:_-\\r:_-","source":"WinEventLog:Microsoft-Windows-Sysmon/Operational","sourcetype":"WinEventLog:Microsoft-Windows-Sysmon/Operational","splunk_server":"splunk-virtual-machine"}}
{"preview":false,"result":{"Account_Domain":"miacsdomain","Account_Name":"user-01","ComputerName":"Win-10.miacsdomain.com","EventCode":"5379","EventType":"0","Keywords":"Audit Success","LogName":"Security","Logon_ID":"0x4C761C","Message":"Credential Manager credentials were read.\r\n\r\nSubject:\r\n\tSecurity ID:\t\tS-1-5-21-246749117-2054088174-1189330396-1105\r\n\tAccount Name:\t\tuser-01\r\n\tAccount Domain:\t\tmiacsdomain\r\n\tLogon ID:\t\t0x4C761C\r\n\tRead Operation:\t\tEnumerate Credentials\r\n\r\nThis event occurs when a user performs a read operation on stored credentials in Credential Manager.","OpCode":"Info","Read_Operation":"Enumerate Credentials","RecordNumber":"17171","Security_ID":"S-1-5-21-246749117-2054088174-1189330396-1105","SourceName":"Microsoft Windows security auditing.","TaskCategory":"User Account Management","Type":"Information","_raw":"08/27/2026 06:02:25.562 AM\nLogName=Security\nEventCode=5379\nEventType=0\nComputerName=Win-10.miacsdomain.com\nSourceName=Microsoft Windows security auditing.\nType=Information\nRecordNumber=17171\nKeywords=Audit Success\nTaskCategory=User Account Management\nOpCode=Info\nMessage=Credential Manager credentials were read.\r\n\r\nSubject:\r\n\tSecurity ID:\t\tS-1-5-21-246749117-2054088174-1189330396-1105\r\n\tAccount Name:\t\tuser-01\r\n\tAccount Domain:\t\tmiacsdomain\r\n\tLogon ID:\t\t0x4C761C\r\n\tRead Operation:\t\tEnumerate Credentials\r\n\r\nThis event occurs when a user performs a read operation on stored credentials in Credential Manager.","_time":"2026-08-27T06:02:25.562+0200","host":"Win-10","index":"main","linecount":"21","punct":"//_::._====-..=___.===_=__==____.\\r\\r:\\rt_:tt-------\\r","source":"WinEventLog:Security","sourcetype":"WinEventLog:Security","splunk_server":"splunk-virtual-machine"}}
{"preview":false,"result":{"Archived":"true","ComputerName":"Win-10.miacsdomain.com","EventCode":"23","EventType":"4","Hashes":"MD5=7AE7C3A1034A452EA028E48E6EABA87E,SHA256=8BA59A8335C6A3F52EBCEEC250394E2944EB81C027C37F295AE27F6D253A6856,IMPHASH=00000000000000000000000000000000","Image":"C:\\Windows\\SystemApps\\Microsoft.Windows.Search_cw5n1h2txyewy\\SearchApp.exe","IsExecutable":"false","Keywords":"None","LogName":"Microsoft-Windows-Sysmon/Operational","Message":"File Delete archived:\r\nRuleName: -\r\nUtcTime: 2026-08-27 04:02:25.545\r\nProcessGuid: {3f87e246-b6c1-6a8f-af03-000000001600}\r\nProcessId: 2084\r\nUser: miacsdomain\\user-01\r\nImage: C:\\Windows\\SystemApps\\Microsoft.Windows.Search_cw5n1h2txyewy\\SearchApp.exe\r\nTargetFilename: C:\\Users\\user-01\\AppData\\Local\\Packages\\Microsoft.Windows.Search_cw5n1h2txyewy\\AC\\Microsoft\\Internet Explorer\\DOMStore\\DR173E8D\\www.bing[1].xml\r\nHashes: MD5=7AE7C3A1034A452EA028E48E6EABA87E,SHA256=8BA59A8335C6A3F52EBCEEC250394E2944EB81C027C37F295AE27F6D253A6856,IMPHASH=00000000000000000000000000000000\r\nIsExecutable: false\r\nArchived: true","OpCode":"Info","ProcessGuid":"{3f87e246-b6c1-6a8f-af03-000000001600}","ProcessId":"2084","RecordNumber":"33119","RuleName":"-","Sid":"S-1-5-18","SidType":"0","SourceName":"Microsoft-Windows-Sysmon","TargetFilename":"C:\\Users\\user-01\\AppData\\Local\\Packages\\Microsoft.Windows.Search_cw5n1h2txyewy\\AC\\Microsoft\\Internet Explorer\\DOMStore\\DR173E8D\\www.bing[1].xml","TaskCategory":"File Delete archived (rule: FileDelete)","Type":"Information","User":["NOT_TRANSLATED","miacsdomain\\user-01"],"UtcTime":"2026-08-27 04:02:25.545","_raw":"08/27/2026 06:02:25.549 AM\nLogName=Microsoft-Windows-Sysmon/Operational\nEventCode=23\nEventType=4\nComputerName=Win-10.miacsdomain.com\nUser=NOT_TRANSLATED\nSid=S-1-5-18\nSidType=0\nSourceName=Microsoft-Windows-Sysmon\nType=Information\nRecordNumber=33119\nKeywords=None\nTaskCategory=File Delete archived (rule: FileDelete)\nOpCode=Info\nMessage=File Delete archived:\r\nRuleName: -\r\nUtcTime: 2026-08-27 04:02:25.545\r\nProcessGuid: {3f87e246-b6c1-6a8f-af03-000000001600}\r\nProcessId: 2084\r\nUser: miacsdomain\\user-01\r\nImage: C:\\Windows\\SystemApps\\Microsoft.Windows.Search_cw5n1h2txyewy\\SearchApp.exe\r\nTargetFilename: C:\\Users\\user-01\\AppData\\Local\\Packages\\Microsoft.Windows.Search_cw5n1h2txyewy\\AC\\Microsoft\\Internet Explorer\\DOMStore\\DR173E8D\\www.bing[1].xml\r\nHashes: MD5=7AE7C3A1034A452EA028E48E6EABA87E,SHA256=8BA59A8335C6A3F52EBCEEC250394E2944EB81C027C37F295AE27F6D253A6856,IMPHASH=00000000000000000000000000000000\r\nIsExecutable: false\r\nArchived: true","_time":"2026-08-27T06:02:25.549+0200","host":"Win-10","index":"main","linecount":"25","punct":"//_::._=--/===-..==---==--====___(:_)==__:\\r:_-\\r:_-","source":"WinEventLog:Microsoft-Windows-Sysmon/Operational","sourcetype":"WinEventLog:Microsoft-Windows-Sysmon/Operational","splunk_server":"splunk-virtual-machine"}}
{"preview":false,"result":{"Archived":"true","ComputerName":"Win-10.miacsdomain.com","EventCode":"23","EventType":"4","Hashes":"MD5=358E67D89F39D6E75E6692CF05C0BCA9,SHA256=A67F127C68E6D0D5C73F7EC6F22D1BECC030CE343C1D3565F135FF6DFB8BDFB3,IMPHASH=00000000000000000000000000000000","Image":"C:\\Program Files (x86)\\Microsoft\\Edge\\Application\\msedge.exe","IsExecutable":"false","Keywords":"None","LogName":"Microsoft-Windows-Sysmon/Operational","Message":"File Delete archived:\r\nRuleName: -\r\nUtcTime: 2026-08-27 04:02:23.623\r\nProcessGuid: {3f87e246-b6cc-6a8f-bd03-000000001600}\r\nProcessId: 5136\r\nUser: miacsdomain\\user-01\r\nImage: C:\\Program Files (x86)\\Microsoft\\Edge\\Application\\msedge.exe\r\nTargetFilename: C:\\Users\\user-01\\AppData\\Local\\Microsoft\\Edge\\User Data\\Default\\ea6ab919-2df2-4055-a346-74632df78aab.tmp\r\nHashes: MD5=358E67D89F39D6E75E6692CF05C0BCA9,SHA256=A67F127C68E6D0D5C73F7EC6F22D1BECC030CE343C1D3565F135FF6DFB8BDFB3,IMPHASH=00000000000000000000000000000000\r\nIsExecutable: false\r\nArchived: true","OpCode":"Info","ProcessGuid":"{3f87e246-b6cc-6a8f-bd03-000000001600}","ProcessId":"5136","RecordNumber":"33118","RuleName":"-","Sid":"S-1-5-18","SidType":"0","SourceName":"Microsoft-Windows-Sysmon","TargetFilename":"C:\\Users\\user-01\\AppData\\Local\\Microsoft\\Edge\\User Data\\Default\\ea6ab919-2df2-4055-a346-74632df78aab.tmp","TaskCategory":"File Delete archived (rule: FileDelete)","Type":"Information","User":["NOT_TRANSLATED","miacsdomain\\user-01"],"UtcTime":"2026-08-27 04:02:23.623","_raw":"08/27/2026 06:02:23.626 AM\nLogName=Microsoft-Windows-Sysmon/Operational\nEventCode=23\nEventType=4\nComputerName=Win-10.miacsdomain.com\nUser=NOT_TRANSLATED\nSid=S-1-5-18\nSidType=0\nSourceName=Microsoft-Windows-Sysmon\nType=Information\nRecordNumber=33118\nKeywords=None\nTaskCategory=File Delete archived (rule: FileDelete)\nOpCode=Info\nMessage=File Delete archived:\r\nRuleName: -\r\nUtcTime: 2026-08-27 04:02:23.623\r\nProcessGuid: {3f87e246-b6cc-6a8f-bd03-000000001600}\r\nProcessId: 5136\r\nUser: miacsdomain\\user-01\r\nImage: C:\\Program Files (x86)\\Microsoft\\Edge\\Application\\msedge.exe\r\nTargetFilename: C:\\Users\\user-01\\AppData\\Local\\Microsoft\\Edge\\User Data\\Default\\ea6ab919-2df2-4055-a346-74632df78aab.tmp\r\nHashes: MD5=358E67D89F39D6E75E6692CF05C0BCA9,SHA256=A67F127C68E6D0D5C73F7EC6F22D1BECC030CE343C1D3565F135FF6DFB8BDFB3,IMPHASH=00000000000000000000000000000000\r\nIsExecutable: false\r\nArchived: true","_time":"2026-08-27T06:02:23.626+0200","host":"Win-10","index":"main","linecount":"25","punct":"//_::._=--/===-..==---==--====___(:_)==__:\\r:_-\\r:_-","source":"WinEventLog:Microsoft-Windows-Sysmon/Operational","sourcetype":"WinEventLog:Microsoft-Windows-Sysmon/Operational","splunk_server":"splunk-virtual-machine"}}
{"preview":false,"result":{"CommandLine":"C:\\Windows\\system32\\ApplicationFrameHost.exe -Embedding","Company":"Microsoft Corporation","ComputerName":"Win-10.miacsdomain.com","CurrentDirectory":"C:\\Windows\\system32\\","Description":"Application Frame Host","EventCode":"1","EventType":"4","FileVersion":"10.0.19041.3636 (WinBuild.160101.0800)","Hashes":"MD5=E207D273E394D05A69BD61CDED4825CF,SHA256=DA095D599C37096F262FA1124D95893625852E015E07909965F0DAFB2592B231,IMPHASH=09ACF1642E301359F90E7DA59EE838C6","Image":"C:\\Windows\\System32\\ApplicationFrameHost.exe","IntegrityLevel":"Medium","Keywords":"None","LogName":"Microsoft-Windows-Sysmon/Operational","LogonGuid":"{3f87e246-b6bf-6a8f-1c76-4c0000000000}","LogonId":"0x4C761C","Message":"Process Create:\r\nRuleName: -\r\nUtcTime: 2026-08-27 04:02:23.251\r\nProcessGuid: {3f87e246-b6cf-6a8f-c903-000000001600}\r\nProcessId: 4640\r\nImage: C:\\Windows\\System32\\ApplicationFrameHost.exe\r\nFileVersion: 10.0.19041.3636 (WinBuild.160101.0800)\r\nDescription: Application Frame Host\r\nProduct: Microsoft® Windows® Operating System\r\nCompany: Microsoft Corporation\r\nOriginalFileName: ApplicationFrameHost.exe\r\nCommandLine: C:\\Windows\\system32\\ApplicationFrameHost.exe -Embedding\r\nCurrentDirectory: C:\\Windows\\system32\\\r\nUser: miacsdomain\\user-01\r\nLogonGuid: {3f87e246-b6bf-6a8f-1c76-4c0000000000}\r\nLogonId: 0x4C761C\r\nTerminalSessionId: 5\r\nIntegrityLevel: Medium\r\nHashes: MD5=E207D273E394D05A69BD61CDED4825CF,SHA256=DA095D599C37096F262FA1124D95893625852E015E07909965F0DAFB2592B231,IMPHASH=09ACF1642E301359F90E7DA59EE838C6\r\nParentProcessGuid: {00000000-0000-0000-0000-000000000000}\r\nParentProcessId: 752\r\nParentImage: -\r\nParentCommandLine: -\r\nParentUser: -","OpCode":"Info","OriginalFileName":"ApplicationFrameHost.exe","ParentCommandLine":"-","ParentImage":"-","ParentProcessGuid":"{00000000-0000-0000-0000-000000000000}","ParentProcessId":"752","ParentUser":"-","ProcessGuid":"{3f87e246-b6cf-6a8f-c903-000000001600}","ProcessId":"4640","Product":"Microsoft® Windows® Operating System","RecordNumber":"33116","RuleName":"-","Sid":"S-1-5-18","SidType":"0","SourceName":"Microsoft-Windows-Sysmon","TaskCategory":"Process Create (rule: ProcessCreate)","TerminalSessionId":"5","Type":"Information","User":["NOT_TRANSLATED","miacsdomain\\user-01"],"UtcTime":"2026-08-27 04:02:23.251","_raw":"08/27/2026 06:02:23.251 AM\nLogName=Microsoft-Windows-Sysmon/Operational\nEventCode=1\nEventType=4\nComputerName=Win-10.miacsdomain.com\nUser=NOT_TRANSLATED\nSid=S-1-5-18\nSidType=0\nSourceName=Microsoft-Windows-Sysmon\nType=Information\nRecordNumber=33116\nKeywords=None\nTaskCategory=Process Create (rule: ProcessCreate)\nOpCode=Info\nMessage=Process Create:\r\nRuleName: -\r\nUtcTime: 2026-08-27 04:02:23.251\r\nProcessGuid: {3f87e246-b6cf-6a8f-c903-000000001600}\r\nProcessId: 4640\r\nImage: C:\\Windows\\System32\\ApplicationFrameHost.exe\r\nFileVersion: 10.0.19041.3636 (WinBuild.160101.0800)\r\nDescription: Application Frame Host\r\nProduct: Microsoft® Windows® Operating System\r\nCompany: Microsoft Corporation\r\nOriginalFileName: ApplicationFrameHost.exe\r\nCommandLine: C:\\Windows\\system32\\ApplicationFrameHost.exe -Embedding\r\nCurrentDirectory: C:\\Windows\\system32\\\r\nUser: miacsdomain\\user-01\r\nLogonGuid: {3f87e246-b6bf-6a8f-1c76-4c0000000000}\r\nLogonId: 0x4C761C\r\nTerminalSessionId: 5\r\nIntegrityLevel: Medium\r\nHashes: MD5=E207D273E394D05A69BD61CDED4825CF,SHA256=DA095D599C37096F262FA1124D95893625852E015E07909965F0DAFB2592B231,IMPHASH=09ACF1642E301359F90E7DA59EE838C6\r\nParentProcessGuid: {00000000-0000-0000-0000-000000000000}\r\nParentProcessId: 752\r\nParentImage: -\r\nParentCommandLine: -\r\nParentUser: -","_time":"2026-08-27T06:02:23.251+0200","host":"Win-10","index":"main","linecount":"38","punct":"//_::._=--/===-..==---==--====__(:_)==_:\\r:_-\\r:_--_","source":"WinEventLog:Microsoft-Windows-Sysmon/Operational","sourcetype":"WinEventLog:Microsoft-Windows-Sysmon/Operational","splunk_server":"splunk-virtual-machine"}}
{"preview":false,"result":{"Archived":"true","ComputerName":"Win-10.miacsdomain.com","EventCode":"23","EventType":"4","Hashes":"MD5=377D072E137022223A370760763420BB,SHA256=4489F9E3E454748B3521EB214E0A5694D562CFF3D9FF511CB456953C8F534C00,IMPHASH=00000000000000000000000000000000","Image":"C:\\Program Files (x86)\\Microsoft\\Edge\\Application\\msedge.exe","IsExecutable":"false","Keywords":"None","LogName":"Microsoft-Windows-Sysmon/Operational","Message":"File Delete archived:\r\nRuleName: -\r\nUtcTime: 2026-08-27 04:02:22.951\r\nProcessGuid: {3f87e246-b6cc-6a8f-bd03-000000001600}\r\nProcessId: 5136\r\nUser: miacsdomain\\user-01\r\nImage: C:\\Program Files (x86)\\Microsoft\\Edge\\Application\\msedge.exe\r\nTargetFilename: C:\\Users\\user-01\\AppData\\Local\\Microsoft\\Edge\\User Data\\Default\\c867f22e-5128-4088-87b2-bc19c99f1c1b.tmp\r\nHashes: MD5=377D072E137022223A370760763420BB,SHA256=4489F9E3E454748B3521EB214E0A5694D562CFF3D9FF511CB456953C8F534C00,IMPHASH=00000000000000000000000000000000\r\nIsExecutable: false\r\nArchived: true","OpCode":"Info","ProcessGuid":"{3f87e246-b6cc-6a8f-bd03-000000001600}","ProcessId":"5136","RecordNumber":"33115","RuleName":"-","Sid":"S-1-5-18","SidType":"0","SourceName":"Microsoft-Windows-Sysmon","TargetFilename":"C:\\Users\\user-01\\AppData\\Local\\Microsoft\\Edge\\User Data\\Default\\c867f22e-5128-4088-87b2-bc19c99f1c1b.tmp","TaskCategory":"File Delete archived (rule: FileDelete)","Type":"Information","User":["NOT_TRANSLATED","miacsdomain\\user-01"],"UtcTime":"2026-08-27 04:02:22.951","_raw":"08/27/2026 06:02:22.954 AM\nLogName=Microsoft-Windows-Sysmon/Operational\nEventCode=23\nEventType=4\nComputerName=Win-10.miacsdomain.com\nUser=NOT_TRANSLATED\nSid=S-1-5-18\nSidType=0\nSourceName=Microsoft-Windows-Sysmon\nType=Information\nRecordNumber=33115\nKeywords=None\nTaskCategory=File Delete archived (rule: FileDelete)\nOpCode=Info\nMessage=File Delete archived:\r\nRuleName: -\r\nUtcTime: 2026-08-27 04:02:22.951\r\nProcessGuid: {3f87e246-b6cc-6a8f-bd03-000000001600}\r\nProcessId: 5136\r\nUser: miacsdomain\\user-01\r\nImage: C:\\Program Files (x86)\\Microsoft\\Edge\\Application\\msedge.exe\r\nTargetFilename: C:\\Users\\user-01\\AppData\\Local\\Microsoft\\Edge\\User Data\\Default\\c867f22e-5128-4088-87b2-bc19c99f1c1b.tmp\r\nHashes: MD5=377D072E137022223A370760763420BB,SHA256=4489F9E3E454748B3521EB214E0A5694D562CFF3D9FF511CB456953C8F534C00,IMPHASH=00000000000000000000000000000000\r\nIsExecutable: false\r\nArchived: true","_time":"2026-08-27T06:02:22.954+0200","host":"Win-10","index":"main","linecount":"25","punct":"//_::._=--/===-..==---==--====___(:_)==__:\\r:_-\\r:_-","source":"WinEventLog:Microsoft-Windows-Sysmon/Operational","sourcetype":"WinEventLog:Microsoft-Windows-Sysmon/Operational","splunk_server":"splunk-virtual-machine"}}
{"preview":false,"result":{"Archived":"true","ComputerName":"Win-10.miacsdomain.com","EventCode":"23","EventType":"4","Hashes":"MD5=99914B932BD37A50B983C5E7C90AE93B,SHA256=44136FA355B3678A1146AD16F7E8649E94FB4FC21FE77E8310C060F61CAAFF8A,IMPHASH=00000000000000000000000000000000","Image":"C:\\Program Files (x86)\\Microsoft\\Edge\\Application\\msedge.exe","IsExecutable":"false","Keywords":"None","LogName":"Microsoft-Windows-Sysmon/Operational","Message":"File Delete archived:\r\nRuleName: -\r\nUtcTime: 2026-08-27 04:02:21.138\r\nProcessGuid: {3f87e246-b6cc-6a8f-bd03-000000001600}\r\nProcessId: 5136\r\nUser: miacsdomain\\user-01\r\nImage: C:\\Program Files (x86)\\Microsoft\\Edge\\Application\\msedge.exe\r\nTargetFilename: C:\\Users\\user-01\\AppData\\Local\\Microsoft\\Edge\\User Data\\Default\\DualEngine\\459a0909-6134-4294-bfcd-57c1f0911e91.tmp\r\nHashes: MD5=99914B932BD37A50B983C5E7C90AE93B,SHA256=44136FA355B3678A1146AD16F7E8649E94FB4FC21FE77E8310C060F61CAAFF8A,IMPHASH=00000000000000000000000000000000\r\nIsExecutable: false\r\nArchived: true","OpCode":"Info","ProcessGuid":"{3f87e246-b6cc-6a8f-bd03-000000001600}","ProcessId":"5136","RecordNumber":"33112","RuleName":"-","Sid":"S-1-5-18","SidType":"0","SourceName":"Microsoft-Windows-Sysmon","TargetFilename":"C:\\Users\\user-01\\AppData\\Local\\Microsoft\\Edge\\User Data\\Default\\DualEngine\\459a0909-6134-4294-bfcd-57c1f0911e91.tmp","TaskCategory":"File Delete archived (rule: FileDelete)","Type":"Information","User":["NOT_TRANSLATED","miacsdomain\\user-01"],"UtcTime":"2026-08-27 04:02:21.138","_raw":"08/27/2026 06:02:21.139 AM\nLogName=Microsoft-Windows-Sysmon/Operational\nEventCode=23\nEventType=4\nComputerName=Win-10.miacsdomain.com\nUser=NOT_TRANSLATED\nSid=S-1-5-18\nSidType=0\nSourceName=Microsoft-Windows-Sysmon\nType=Information\nRecordNumber=33112\nKeywords=None\nTaskCategory=File Delete archived (rule: FileDelete)\nOpCode=Info\nMessage=File Delete archived:\r\nRuleName: -\r\nUtcTime: 2026-08-27 04:02:21.138\r\nProcessGuid: {3f87e246-b6cc-6a8f-bd03-000000001600}\r\nProcessId: 5136\r\nUser: miacsdomain\\user-01\r\nImage: C:\\Program Files (x86)\\Microsoft\\Edge\\Application\\msedge.exe\r\nTargetFilename: C:\\Users\\user-01\\AppData\\Local\\Microsoft\\Edge\\User Data\\Default\\DualEngine\\459a0909-6134-4294-bfcd-57c1f0911e91.tmp\r\nHashes: MD5=99914B932BD37A50B983C5E7C90AE93B,SHA256=44136FA355B3678A1146AD16F7E8649E94FB4FC21FE77E8310C060F61CAAFF8A,IMPHASH=00000000000000000000000000000000\r\nIsExecutable: false\r\nArchived: true","_time":"2026-08-27T06:02:21.139+0200","host":"Win-10","index":"main","linecount":"25","punct":"//_::._=--/===-..==---==--====___(:_)==__:\\r:_-\\r:_-","source":"WinEventLog:Microsoft-Windows-Sysmon/Operational","sourcetype":"WinEventLog:Microsoft-Windows-Sysmon/Operational","splunk_server":"splunk-virtual-machine"}}
{"preview":false,"result":{"Archived":"true","ComputerName":"Win-10.miacsdomain.com","EventCode":"23","EventType":"4","Hashes":"MD5=99914B932BD37A50B983C5E7C90AE93B,SHA256=44136FA355B3678A1146AD16F7E8649E94FB4FC21FE77E8310C060F61CAAFF8A,IMPHASH=00000000000000000000000000000000","Image":"C:\\Program Files (x86)\\Microsoft\\Edge\\Application\\msedge.exe","IsExecutable":"false","Keywords":"None","LogName":"Microsoft-Windows-Sysmon/Operational","Message":"File Delete archived:\r\nRuleName: -\r\nUtcTime: 2026-08-27 04:02:21.123\r\nProcessGuid: {3f87e246-b6cc-6a8f-bd03-000000001600}\r\nProcessId: 5136\r\nUser: miacsdomain\\user-01\r\nImage: C:\\Program Files (x86)\\Microsoft\\Edge\\Application\\msedge.exe\r\nTargetFilename: C:\\Users\\user-01\\AppData\\Local\\Microsoft\\Edge\\User Data\\Default\\DualEngine\\e117d625-9ae7-4055-aa9c-6d03dafb2b6a.tmp\r\nHashes: MD5=99914B932BD37A50B983C5E7C90AE93B,SHA256=44136FA355B3678A1146AD16F7E8649E94FB4FC21FE77E8310C060F61CAAFF8A,IMPHASH=00000000000000000000000000000000\r\nIsExecutable: false\r\nArchived: true","OpCode":"Info","ProcessGuid":"{3f87e246-b6cc-6a8f-bd03-000000001600}","ProcessId":"5136","RecordNumber":"33111","RuleName":"-","Sid":"S-1-5-18","SidType":"0","SourceName":"Microsoft-Windows-Sysmon","TargetFilename":"C:\\Users\\user-01\\AppData\\Local\\Microsoft\\Edge\\User Data\\Default\\DualEngine\\e117d625-9ae7-4055-aa9c-6d03dafb2b6a.tmp","TaskCategory":"File Delete archived (rule: FileDelete)","Type":"Information","User":["NOT_TRANSLATED","miacsdomain\\user-01"],"UtcTime":"2026-08-27 04:02:21.123","_raw":"08/27/2026 06:02:21.137 AM\nLogName=Microsoft-Windows-Sysmon/Operational\nEventCode=23\nEventType=4\nComputerName=Win-10.miacsdomain.com\nUser=NOT_TRANSLATED\nSid=S-1-5-18\nSidType=0\nSourceName=Microsoft-Windows-Sysmon\nType=Information\nRecordNumber=33111\nKeywords=None\nTaskCategory=File Delete archived (rule: FileDelete)\nOpCode=Info\nMessage=File Delete archived:\r\nRuleName: -\r\nUtcTime: 2026-08-27 04:02:21.123\r\nProcessGuid: {3f87e246-b6cc-6a8f-bd03-000000001600}\r\nProcessId: 5136\r\nUser: miacsdomain\\user-01\r\nImage: C:\\Program Files (x86)\\Microsoft\\Edge\\Application\\msedge.exe\r\nTargetFilename: C:\\Users\\user-01\\AppData\\Local\\Microsoft\\Edge\\User Data\\Default\\DualEngine\\e117d625-9ae7-4055-aa9c-6d03dafb2b6a.tmp\r\nHashes: MD5=99914B932BD37A50B983C5E7C90AE93B,SHA256=44136FA355B3678A1146AD16F7E8649E94FB4FC21FE77E8310C060F61CAAFF8A,IMPHASH=00000000000000000000000000000000\r\nIsExecutable: false\r\nArchived: true","_time":"2026-08-27T06:02:21.137+0200","host":"Win-10","index":"main","linecount":"25","punct":"//_::._=--/===-..==---==--====___(:_)==__:\\r:_-\\r:_-","source":"WinEventLog:Microsoft-Windows-Sysmon/Operational","sourcetype":"WinEventLog:Microsoft-Windows-Sysmon/Operational","splunk_server":"splunk-virtual-machine"}}
{"preview":false,"result":{"CommandLine":"\"C:\\Program Files (x86)\\Microsoft\\Edge\\Application\\150.0.4078.83\\identity_helper.exe\" --type=utility --utility-sub-type=winrt_app_id.mojom.WinrtAppIdService --lang=en-US --service-sandbox-type=windows_package_identity --video-capture-use-gpu-memory-buffer --ram-no-pressure-read-main-dll --metrics-shmem-handle=5060,i,16905335261020736319,11000678762040047684,524288 --field-trial-handle=2388,i,5400736327197714738,335574812556295080,262144 --variations-seed-version --pseudonymization-salt-handle=2392,i,936120937100423643,14611091321473090956,4 --trace-process-track-uuid=3190708990997080739 --mojo-platform-channel-handle=5108 /prefetch:8","Company":"Microsoft Corporation","ComputerName":"Win-10.miacsdomain.com","CurrentDirectory":"C:\\Program Files (x86)\\Microsoft\\Edge\\Application\\150.0.4078.83\\","Description":"PWA Identity Proxy Host","EventCode":"1","EventType":"4","FileVersion":"150.0.4078.83","Hashes":"MD5=D0889F04F0E27FFFA9D2A889649F416B,SHA256=03E2652B5B24ADB7DB4EC7DB6667ECBD2C03BD54333411566E575375C72F41C8,IMPHASH=0EA533955A38110F2644F05199C1791C","Image":"C:\\Program Files (x86)\\Microsoft\\Edge\\Application\\150.0.4078.83\\identity_helper.exe","IntegrityLevel":"Medium","Keywords":"None","LogName":"Microsoft-Windows-Sysmon/Operational","LogonGuid":"{3f87e246-b6bf-6a8f-1c76-4c0000000000}","LogonId":"0x4C761C","Message":"Process Create:\r\nRuleName: -\r\nUtcTime: 2026-08-27 04:02:21.123\r\nProcessGuid: {3f87e246-b6cd-6a8f-c603-000000001600}\r\nProcessId: 2448\r\nImage: C:\\Program Files (x86)\\Microsoft\\Edge\\Application\\150.0.4078.83\\identity_helper.exe\r\nFileVersion: 150.0.4078.83\r\nDescription: PWA Identity Proxy Host\r\nProduct: Microsoft Edge\r\nCompany: Microsoft Corporation\r\nOriginalFileName: identity_helper.exe\r\nCommandLine: \"C:\\Program Files (x86)\\Microsoft\\Edge\\Application\\150.0.4078.83\\identity_helper.exe\" --type=utility --utility-sub-type=winrt_app_id.mojom.WinrtAppIdService --lang=en-US --service-sandbox-type=windows_package_identity --video-capture-use-gpu-memory-buffer --ram-no-pressure-read-main-dll --metrics-shmem-handle=5060,i,16905335261020736319,11000678762040047684,524288 --field-trial-handle=2388,i,5400736327197714738,335574812556295080,262144 --variations-seed-version --pseudonymization-salt-handle=2392,i,936120937100423643,14611091321473090956,4 --trace-process-track-uuid=3190708990997080739 --mojo-platform-channel-handle=5108 /prefetch:8\r\nCurrentDirectory: C:\\Program Files (x86)\\Microsoft\\Edge\\Application\\150.0.4078.83\\\r\nUser: miacsdomain\\user-01\r\nLogonGuid: {3f87e246-b6bf-6a8f-1c76-4c0000000000}\r\nLogonId: 0x4C761C\r\nTerminalSessionId: 5\r\nIntegrityLevel: Medium\r\nHashes: MD5=D0889F04F0E27FFFA9D2A889649F416B,SHA256=03E2652B5B24ADB7DB4EC7DB6667ECBD2C03BD54333411566E575375C72F41C8,IMPHASH=0EA533955A38110F2644F05199C1791C\r\nParentProcessGuid: {3f87e246-b6cc-6a8f-bd03-000000001600}\r\nParentProcessId: 5136\r\nParentImage: C:\\Program Files (x86)\\Microsoft\\Edge\\Application\\msedge.exe\r\nParentCommandLine: \"C:\\Program Files (x86)\\Microsoft\\Edge\\Application\\msedge.exe\" --no-startup-window --win-session-start\r\nParentUser: miacsdomain\\user-01","OpCode":"Info","OriginalFileName":"identity_helper.exe","ParentCommandLine":"\"C:\\Program Files (x86)\\Microsoft\\Edge\\Application\\msedge.exe\" --no-startup-window --win-session-start","ParentImage":"C:\\Program Files (x86)\\Microsoft\\Edge\\Application\\msedge.exe","ParentProcessGuid":"{3f87e246-b6cc-6a8f-bd03-000000001600}","ParentProcessId":"5136","ParentUser":"miacsdomain\\user-01","ProcessGuid":"{3f87e246-b6cd-6a8f-c603-000000001600}","ProcessId":"2448","Product":"Microsoft Edge","RecordNumber":"33110","RuleName":"-","Sid":"S-1-5-18","SidType":"0","SourceName":"Microsoft-Windows-Sysmon","TaskCategory":"Process Create (rule: ProcessCreate)","TerminalSessionId":"5","Type":"Information","User":["NOT_TRANSLATED","miacsdomain\\user-01"],"UtcTime":"2026-08-27 04:02:21.123","_raw":"08/27/2026 06:02:21.124 AM\nLogName=Microsoft-Windows-Sysmon/Operational\nEventCode=1\nEventType=4\nComputerName=Win-10.miacsdomain.com\nUser=NOT_TRANSLATED\nSid=S-1-5-18\nSidType=0\nSourceName=Microsoft-Windows-Sysmon\nType=Information\nRecordNumber=33110\nKeywords=None\nTaskCategory=Process Create (rule: ProcessCreate)\nOpCode=Info\nMessage=Process Create:\r\nRuleName: -\r\nUtcTime: 2026-08-27 04:02:21.123\r\nProcessGuid: {3f87e246-b6cd-6a8f-c603-000000001600}\r\nProcessId: 2448\r\nImage: C:\\Program Files (x86)\\Microsoft\\Edge\\Application\\150.0.4078.83\\identity_helper.exe\r\nFileVersion: 150.0.4078.83\r\nDescription: PWA Identity Proxy Host\r\nProduct: Microsoft Edge\r\nCompany: Microsoft Corporation\r\nOriginalFileName: identity_helper.exe\r\nCommandLine: \"C:\\Program Files (x86)\\Microsoft\\Edge\\Application\\150.0.4078.83\\identity_helper.exe\" --type=utility --utility-sub-type=winrt_app_id.mojom.WinrtAppIdService --lang=en-US --service-sandbox-type=windows_package_identity --video-capture-use-gpu-memory-buffer --ram-no-pressure-read-main-dll --metrics-shmem-handle=5060,i,16905335261020736319,11000678762040047684,524288 --field-trial-handle=2388,i,5400736327197714738,335574812556295080,262144 --variations-seed-version --pseudonymization-salt-handle=2392,i,936120937100423643,14611091321473090956,4 --trace-process-track-uuid=3190708990997080739 --mojo-platform-channel-handle=5108 /prefetch:8\r\nCurrentDirectory: C:\\Program Files (x86)\\Microsoft\\Edge\\Application\\150.0.4078.83\\\r\nUser: miacsdomain\\user-01\r\nLogonGuid: {3f87e246-b6bf-6a8f-1c76-4c0000000000}\r\nLogonId: 0x4C761C\r\nTerminalSessionId: 5\r\nIntegrityLevel: Medium\r\nHashes: MD5=D0889F04F0E27FFFA9D2A889649F416B,SHA256=03E2652B5B24ADB7DB4EC7DB6667ECBD2C03BD54333411566E575375C72F41C8,IMPHASH=0EA533955A38110F2644F05199C1791C\r\nParentProcessGuid: {3f87e246-b6cc-6a8f-bd03-000000001600}\r\nParentProcessId: 5136\r\nParentImage: C:\\Program Files (x86)\\Microsoft\\Edge\\Application\\msedge.exe\r\nParentCommandLine: \"C:\\Program Files (x86)\\Microsoft\\Edge\\Application\\msedge.exe\" --no-startup-window --win-session-start\r\nParentUser: miacsdomain\\user-01","_time":"2026-08-27T06:02:21.124+0200","host":"Win-10","index":"main","linecount":"38","punct":"//_::._=--/===-..==---==--====__(:_)==_:\\r:_-\\r:_--_","source":"WinEventLog:Microsoft-Windows-Sysmon/Operational","sourcetype":"WinEventLog:Microsoft-Windows-Sysmon/Operational","splunk_server":"splunk-virtual-machine"}}
{"preview":false,"result":{"Archived":"true","ComputerName":"Win-10.miacsdomain.com","EventCode":"23","EventType":"4","Hashes":"MD5=EC9109DFCC343816E9F808F3729CCCA5,SHA256=BD01CFFBC7654F3F693252F09643D3A9AEA4855BE496AE81F2FFF9FAAC06EF76,IMPHASH=00000000000000000000000000000000","Image":"C:\\Program Files (x86)\\Microsoft\\Edge\\Application\\msedge.exe","IsExecutable":"false","Keywords":"None","LogName":"Microsoft-Windows-Sysmon/Operational","Message":"File Delete archived:\r\nRuleName: -\r\nUtcTime: 2026-08-27 04:02:21.107\r\nProcessGuid: {3f87e246-b6cc-6a8f-bd03-000000001600}\r\nProcessId: 5136\r\nUser: miacsdomain\\user-01\r\nImage: C:\\Program Files (x86)\\Microsoft\\Edge\\Application\\msedge.exe\r\nTargetFilename: C:\\Users\\user-01\\AppData\\Local\\Microsoft\\Edge\\User Data\\Default\\EdgeCoupons\\coupons_data.db\\MANIFEST-000076\r\nHashes: MD5=EC9109DFCC343816E9F808F3729CCCA5,SHA256=BD01CFFBC7654F3F693252F09643D3A9AEA4855BE496AE81F2FFF9FAAC06EF76,IMPHASH=00000000000000000000000000000000\r\nIsExecutable: false\r\nArchived: true","OpCode":"Info","ProcessGuid":"{3f87e246-b6cc-6a8f-bd03-000000001600}","ProcessId":"5136","RecordNumber":"33109","RuleName":"-","Sid":"S-1-5-18","SidType":"0","SourceName":"Microsoft-Windows-Sysmon","TargetFilename":"C:\\Users\\user-01\\AppData\\Local\\Microsoft\\Edge\\User Data\\Default\\EdgeCoupons\\coupons_data.db\\MANIFEST-000076","TaskCategory":"File Delete archived (rule: FileDelete)","Type":"Information","User":["NOT_TRANSLATED","miacsdomain\\user-01"],"UtcTime":"2026-08-27 04:02:21.107","_raw":"08/27/2026 06:02:21.122 AM\nLogName=Microsoft-Windows-Sysmon/Operational\nEventCode=23\nEventType=4\nComputerName=Win-10.miacsdomain.com\nUser=NOT_TRANSLATED\nSid=S-1-5-18\nSidType=0\nSourceName=Microsoft-Windows-Sysmon\nType=Information\nRecordNumber=33109\nKeywords=None\nTaskCategory=File Delete archived (rule: FileDelete)\nOpCode=Info\nMessage=File Delete archived:\r\nRuleName: -\r\nUtcTime: 2026-08-27 04:02:21.107\r\nProcessGuid: {3f87e246-b6cc-6a8f-bd03-000000001600}\r\nProcessId: 5136\r\nUser: miacsdomain\\user-01\r\nImage: C:\\Program Files (x86)\\Microsoft\\Edge\\Application\\msedge.exe\r\nTargetFilename: C:\\Users\\user-01\\AppData\\Local\\Microsoft\\Edge\\User Data\\Default\\EdgeCoupons\\coupons_data.db\\MANIFEST-000076\r\nHashes: MD5=EC9109DFCC343816E9F808F3729CCCA5,SHA256=BD01CFFBC7654F3F693252F09643D3A9AEA4855BE496AE81F2FFF9FAAC06EF76,IMPHASH=00000000000000000000000000000000\r\nIsExecutable: false\r\nArchived: true","_time":"2026-08-27T06:02:21.122+0200","host":"Win-10","index":"main","linecount":"25","punct":"//_::._=--/===-..==---==--====___(:_)==__:\\r:_-\\r:_-","source":"WinEventLog:Microsoft-Windows-Sysmon/Operational","sourcetype":"WinEventLog:Microsoft-Windows-Sysmon/Operational","splunk_server":"splunk-virtual-machine"}}
{"preview":false,"result":{"Archived":"true","ComputerName":"Win-10.miacsdomain.com","EventCode":"23","EventType":"4","Hashes":"MD5=6926029DEDCC71C2341146B5714385E0,SHA256=55020D6BAF7CEF446D37C19A295ABB659C77D3269A1C6193117B2F7CD38110D1,IMPHASH=00000000000000000000000000000000","Image":"C:\\Program Files (x86)\\Microsoft\\Edge\\Application\\msedge.exe","IsExecutable":"false","Keywords":"None","LogName":"Microsoft-Windows-Sysmon/Operational","Message":"File Delete archived:\r\nRuleName: -\r\nUtcTime: 2026-08-27 04:02:21.107\r\nProcessGuid: {3f87e246-b6cc-6a8f-bd03-000000001600}\r\nProcessId: 5136\r\nUser: miacsdomain\\user-01\r\nImage: C:\\Program Files (x86)\\Microsoft\\Edge\\Application\\msedge.exe\r\nTargetFilename: C:\\Users\\user-01\\AppData\\Local\\Microsoft\\Edge\\User Data\\Default\\EdgeCoupons\\coupons_data.db\\88bcbf2b-3c7d-4ee0-a950-a5bb65f60e21.tmp\r\nHashes: MD5=6926029DEDCC71C2341146B5714385E0,SHA256=55020D6BAF7CEF446D37C19A295ABB659C77D3269A1C6193117B2F7CD38110D1,IMPHASH=00000000000000000000000000000000\r\nIsExecutable: false\r\nArchived: true","OpCode":"Info","ProcessGuid":"{3f87e246-b6cc-6a8f-bd03-000000001600}","ProcessId":"5136","RecordNumber":"33108","RuleName":"-","Sid":"S-1-5-18","SidType":"0","SourceName":"Microsoft-Windows-Sysmon","TargetFilename":"C:\\Users\\user-01\\AppData\\Local\\Microsoft\\Edge\\User Data\\Default\\EdgeCoupons\\coupons_data.db\\88bcbf2b-3c7d-4ee0-a950-a5bb65f60e21.tmp","TaskCategory":"File Delete archived (rule: FileDelete)","Type":"Information","User":["NOT_TRANSLATED","miacsdomain\\user-01"],"UtcTime":"2026-08-27 04:02:21.107","_raw":"08/27/2026 06:02:21.121 AM\nLogName=Microsoft-Windows-Sysmon/Operational\nEventCode=23\nEventType=4\nComputerName=Win-10.miacsdomain.com\nUser=NOT_TRANSLATED\nSid=S-1-5-18\nSidType=0\nSourceName=Microsoft-Windows-Sysmon\nType=Information\nRecordNumber=33108\nKeywords=None\nTaskCategory=File Delete archived (rule: FileDelete)\nOpCode=Info\nMessage=File Delete archived:\r\nRuleName: -\r\nUtcTime: 2026-08-27 04:02:21.107\r\nProcessGuid: {3f87e246-b6cc-6a8f-bd03-000000001600}\r\nProcessId: 5136\r\nUser: miacsdomain\\user-01\r\nImage: C:\\Program Files (x86)\\Microsoft\\Edge\\Application\\msedge.exe\r\nTargetFilename: C:\\Users\\user-01\\AppData\\Local\\Microsoft\\Edge\\User Data\\Default\\EdgeCoupons\\coupons_data.db\\88bcbf2b-3c7d-4ee0-a950-a5bb65f60e21.tmp\r\nHashes: MD5=6926029DEDCC71C2341146B5714385E0,SHA256=55020D6BAF7CEF446D37C19A295ABB659C77D3269A1C6193117B2F7CD38110D1,IMPHASH=00000000000000000000000000000000\r\nIsExecutable: false\r\nArchived: true","_time":"2026-08-27T06:02:21.121+0200","host":"Win-10","index":"main","linecount":"25","punct":"//_::._=--/===-..==---==--====___(:_)==__:\\r:_-\\r:_-","source":"WinEventLog:Microsoft-Windows-Sysmon/Operational","sourcetype":"WinEventLog:Microsoft-Windows-Sysmon/Operational","splunk_server":"splunk-virtual-machine"}}
{"preview":false,"result":{"ComputerName":"Win-10.miacsdomain.com","Details":"\"C:\\Program Files (x86)\\Microsoft\\Edge\\Application\\msedge.exe\" --no-startup-window --win-session-start","EventCode":"13","EventType":["4","SetValue"],"Image":"C:\\Program Files (x86)\\Microsoft\\Edge\\Application\\msedge.exe","Keywords":"None","LogName":"Microsoft-Windows-Sysmon/Operational","Message":"Registry value set:\r\nRuleName: T1060,RunKey\r\nEventType: SetValue\r\nUtcTime: 2026-08-27 04:02:21.107\r\nProcessGuid: {3f87e246-b6cc-6a8f-bd03-000000001600}\r\nProcessId: 5136\r\nImage: C:\\Program Files (x86)\\Microsoft\\Edge\\Application\\msedge.exe\r\nTargetObject: HKU\\S-1-5-21-246749117-2054088174-1189330396-1105\\SOFTWARE\\Microsoft\\Windows\\CurrentVersion\\Run\\MicrosoftEdgeAutoLaunch_B16D1FBF8141F937C82180C3E7E23F90\r\nDetails: \"C:\\Program Files (x86)\\Microsoft\\Edge\\Application\\msedge.exe\" --no-startup-window --win-session-start\r\nUser: miacsdomain\\user-01","OpCode":"Info","ProcessGuid":"{3f87e246-b6cc-6a8f-bd03-000000001600}","ProcessId":"5136","RecordNumber":"33107","RuleName":"T1060,RunKey","Sid":"S-1-5-18","SidType":"0","SourceName":"Microsoft-Windows-Sysmon","TargetObject":"HKU\\S-1-5-21-246749117-2054088174-1189330396-1105\\SOFTWARE\\Microsoft\\Windows\\CurrentVersion\\Run\\MicrosoftEdgeAutoLaunch_B16D1FBF8141F937C82180C3E7E23F90","TaskCategory":"Registry value set (rule: RegistryEvent)","Type":"Information","User":["NOT_TRANSLATED","miacsdomain\\user-01"],"UtcTime":"2026-08-27 04:02:21.107","_raw":"08/27/2026 06:02:21.120 AM\nLogName=Microsoft-Windows-Sysmon/Operational\nEventCode=13\nEventType=4\nComputerName=Win-10.miacsdomain.com\nUser=NOT_TRANSLATED\nSid=S-1-5-18\nSidType=0\nSourceName=Microsoft-Windows-Sysmon\nType=Information\nRecordNumber=33107\nKeywords=None\nTaskCategory=Registry value set (rule: RegistryEvent)\nOpCode=Info\nMessage=Registry value set:\r\nRuleName: T1060,RunKey\r\nEventType: SetValue\r\nUtcTime: 2026-08-27 04:02:21.107\r\nProcessGuid: {3f87e246-b6cc-6a8f-bd03-000000001600}\r\nProcessId: 5136\r\nImage: C:\\Program Files (x86)\\Microsoft\\Edge\\Application\\msedge.exe\r\nTargetObject: HKU\\S-1-5-21-246749117-2054088174-1189330396-1105\\SOFTWARE\\Microsoft\\Windows\\CurrentVersion\\Run\\MicrosoftEdgeAutoLaunch_B16D1FBF8141F937C82180C3E7E23F90\r\nDetails: \"C:\\Program Files (x86)\\Microsoft\\Edge\\Application\\msedge.exe\" --no-startup-window --win-session-start\r\nUser: miacsdomain\\user-01","_time":"2026-08-27T06:02:21.120+0200","host":"Win-10","index":"main","linecount":"24","punct":"//_::._=--/===-..==---==--====___(:_)==__:\\r:_,\\r:_\\r","source":"WinEventLog:Microsoft-Windows-Sysmon/Operational","sourcetype":"WinEventLog:Microsoft-Windows-Sysmon/Operational","splunk_server":"splunk-virtual-machine"}}
