{"preview":false,"result":{"ComputerName":"Win-10.miacsdomain.com","Details":"{CB3D0F55-BC2C-4C1A-85ED-23ED75B5106B}","EventCode":"13","EventType":["4","SetValue"],"Image":"C:\\Users\\user-01\\AppData\\Local\\Microsoft\\OneDrive\\OneDrive.exe","Keywords":"None","LogName":"Microsoft-Windows-Sysmon/Operational","Message":"Registry value set:\r\nRuleName: -\r\nEventType: SetValue\r\nUtcTime: 2026-08-27 04:02:20.123\r\nProcessGuid: {3f87e246-b6cc-6a8f-bb03-000000001600}\r\nProcessId: 5840\r\nImage: C:\\Users\\user-01\\AppData\\Local\\Microsoft\\OneDrive\\OneDrive.exe\r\nTargetObject: HKU\\S-1-5-21-246749117-2054088174-1189330396-1105_Classes\\*\\shellex\\ContextMenuHandlers\\ FileSyncEx\\(Default)\r\nDetails: {CB3D0F55-BC2C-4C1A-85ED-23ED75B5106B}\r\nUser: miacsdomain\\user-01","OpCode":"Info","ProcessGuid":"{3f87e246-b6cc-6a8f-bb03-000000001600}","ProcessId":"5840","RecordNumber":"33045","RuleName":"-","Sid":"S-1-5-18","SidType":"0","SourceName":"Microsoft-Windows-Sysmon","TargetObject":"HKU\\S-1-5-21-246749117-2054088174-1189330396-1105_Classes\\*\\shellex\\ContextMenuHandlers\\ FileSyncEx\\(Default)","TaskCategory":"Registry value set (rule: RegistryEvent)","Type":"Information","User":["NOT_TRANSLATED","miacsdomain\\user-01"],"UtcTime":"2026-08-27 04:02:20.123","_raw":"08/27/2026 06:02:20.137 AM\nLogName=Microsoft-Windows-Sysmon/Operational\nEventCode=13\nEventType=4\nComputerName=Win-10.miacsdomain.com\nUser=NOT_TRANSLATED\nSid=S-1-5-18\nSidType=0\nSourceName=Microsoft-Windows-Sysmon\nType=Information\nRecordNumber=33045\nKeywords=None\nTaskCategory=Registry value set (rule: RegistryEvent)\nOpCode=Info\nMessage=Registry value set:\r\nRuleName: -\r\nEventType: SetValue\r\nUtcTime: 2026-08-27 04:02:20.123\r\nProcessGuid: {3f87e246-b6cc-6a8f-bb03-000000001600}\r\nProcessId: 5840\r\nImage: C:\\Users\\user-01\\AppData\\Local\\Microsoft\\OneDrive\\OneDrive.exe\r\nTargetObject: HKU\\S-1-5-21-246749117-2054088174-1189330396-1105_Classes\\*\\shellex\\ContextMenuHandlers\\ FileSyncEx\\(Default)\r\nDetails: {CB3D0F55-BC2C-4C1A-85ED-23ED75B5106B}\r\nUser: miacsdomain\\user-01","_time":"2026-08-27T06:02:20.137+0200","host":"Win-10","index":"main","linecount":"24","punct":"//_::._=--/===-..==---==--====___(:_)==__:\\r:_-\\r:_\\r","source":"WinEventLog:Microsoft-Windows-Sysmon/Operational","sourcetype":"WinEventLog:Microsoft-Windows-Sysmon/Operational","splunk_server":"splunk-virtual-machine"}}
{"preview":false,"result":{"ComputerName":"Win-10.miacsdomain.com","Details":"C:\\Users\\user-01\\AppData\\Local\\Microsoft\\OneDrive\\19.043.0304.0013\\FileSyncShell.dll","EventCode":"13","EventType":["4","SetValue"],"Image":"C:\\Users\\user-01\\AppData\\Local\\Microsoft\\OneDrive\\OneDrive.exe","Keywords":"None","LogName":"Microsoft-Windows-Sysmon/Operational","Message":"Registry value set:\r\nRuleName: T1122\r\nEventType: SetValue\r\nUtcTime: 2026-08-27 04:02:20.123\r\nProcessGuid: {3f87e246-b6cc-6a8f-bb03-000000001600}\r\nProcessId: 5840\r\nImage: C:\\Users\\user-01\\AppData\\Local\\Microsoft\\OneDrive\\OneDrive.exe\r\nTargetObject: HKU\\S-1-5-21-246749117-2054088174-1189330396-1105_Classes\\WOW6432Node\\CLSID\\{CB3D0F55-BC2C-4C1A-85ED-23ED75B5106B}\\InprocServer32\\(Default)\r\nDetails: C:\\Users\\user-01\\AppData\\Local\\Microsoft\\OneDrive\\19.043.0304.0013\\FileSyncShell.dll\r\nUser: miacsdomain\\user-01","OpCode":"Info","ProcessGuid":"{3f87e246-b6cc-6a8f-bb03-000000001600}","ProcessId":"5840","RecordNumber":"33044","RuleName":"T1122","Sid":"S-1-5-18","SidType":"0","SourceName":"Microsoft-Windows-Sysmon","TargetObject":"HKU\\S-1-5-21-246749117-2054088174-1189330396-1105_Classes\\WOW6432Node\\CLSID\\{CB3D0F55-BC2C-4C1A-85ED-23ED75B5106B}\\InprocServer32\\(Default)","TaskCategory":"Registry value set (rule: RegistryEvent)","Type":"Information","User":["NOT_TRANSLATED","miacsdomain\\user-01"],"UtcTime":"2026-08-27 04:02:20.123","_raw":"08/27/2026 06:02:20.137 AM\nLogName=Microsoft-Windows-Sysmon/Operational\nEventCode=13\nEventType=4\nComputerName=Win-10.miacsdomain.com\nUser=NOT_TRANSLATED\nSid=S-1-5-18\nSidType=0\nSourceName=Microsoft-Windows-Sysmon\nType=Information\nRecordNumber=33044\nKeywords=None\nTaskCategory=Registry value set (rule: RegistryEvent)\nOpCode=Info\nMessage=Registry value set:\r\nRuleName: T1122\r\nEventType: SetValue\r\nUtcTime: 2026-08-27 04:02:20.123\r\nProcessGuid: {3f87e246-b6cc-6a8f-bb03-000000001600}\r\nProcessId: 5840\r\nImage: C:\\Users\\user-01\\AppData\\Local\\Microsoft\\OneDrive\\OneDrive.exe\r\nTargetObject: HKU\\S-1-5-21-246749117-2054088174-1189330396-1105_Classes\\WOW6432Node\\CLSID\\{CB3D0F55-BC2C-4C1A-85ED-23ED75B5106B}\\InprocServer32\\(Default)\r\nDetails: C:\\Users\\user-01\\AppData\\Local\\Microsoft\\OneDrive\\19.043.0304.0013\\FileSyncShell.dll\r\nUser: miacsdomain\\user-01","_time":"2026-08-27T06:02:20.137+0200","host":"Win-10","index":"main","linecount":"24","punct":"//_::._=--/===-..==---==--====___(:_)==__:\\r:_\\r:_\\r:","source":"WinEventLog:Microsoft-Windows-Sysmon/Operational","sourcetype":"WinEventLog:Microsoft-Windows-Sysmon/Operational","splunk_server":"splunk-virtual-machine"}}
{"preview":false,"result":{"ComputerName":"Win-10.miacsdomain.com","Details":"C:\\Users\\user-01\\AppData\\Local\\Microsoft\\OneDrive\\19.043.0304.0013\\amd64\\FileSyncShell64.dll","EventCode":"13","EventType":["4","SetValue"],"Image":"C:\\Users\\user-01\\AppData\\Local\\Microsoft\\OneDrive\\OneDrive.exe","Keywords":"None","LogName":"Microsoft-Windows-Sysmon/Operational","Message":"Registry value set:\r\nRuleName: T1122\r\nEventType: SetValue\r\nUtcTime: 2026-08-27 04:02:20.123\r\nProcessGuid: {3f87e246-b6cc-6a8f-bb03-000000001600}\r\nProcessId: 5840\r\nImage: C:\\Users\\user-01\\AppData\\Local\\Microsoft\\OneDrive\\OneDrive.exe\r\nTargetObject: HKU\\S-1-5-21-246749117-2054088174-1189330396-1105_Classes\\CLSID\\{CB3D0F55-BC2C-4C1A-85ED-23ED75B5106B}\\InprocServer32\\(Default)\r\nDetails: C:\\Users\\user-01\\AppData\\Local\\Microsoft\\OneDrive\\19.043.0304.0013\\amd64\\FileSyncShell64.dll\r\nUser: miacsdomain\\user-01","OpCode":"Info","ProcessGuid":"{3f87e246-b6cc-6a8f-bb03-000000001600}","ProcessId":"5840","RecordNumber":"33043","RuleName":"T1122","Sid":"S-1-5-18","SidType":"0","SourceName":"Microsoft-Windows-Sysmon","TargetObject":"HKU\\S-1-5-21-246749117-2054088174-1189330396-1105_Classes\\CLSID\\{CB3D0F55-BC2C-4C1A-85ED-23ED75B5106B}\\InprocServer32\\(Default)","TaskCategory":"Registry value set (rule: RegistryEvent)","Type":"Information","User":["NOT_TRANSLATED","miacsdomain\\user-01"],"UtcTime":"2026-08-27 04:02:20.123","_raw":"08/27/2026 06:02:20.137 AM\nLogName=Microsoft-Windows-Sysmon/Operational\nEventCode=13\nEventType=4\nComputerName=Win-10.miacsdomain.com\nUser=NOT_TRANSLATED\nSid=S-1-5-18\nSidType=0\nSourceName=Microsoft-Windows-Sysmon\nType=Information\nRecordNumber=33043\nKeywords=None\nTaskCategory=Registry value set (rule: RegistryEvent)\nOpCode=Info\nMessage=Registry value set:\r\nRuleName: T1122\r\nEventType: SetValue\r\nUtcTime: 2026-08-27 04:02:20.123\r\nProcessGuid: {3f87e246-b6cc-6a8f-bb03-000000001600}\r\nProcessId: 5840\r\nImage: C:\\Users\\user-01\\AppData\\Local\\Microsoft\\OneDrive\\OneDrive.exe\r\nTargetObject: HKU\\S-1-5-21-246749117-2054088174-1189330396-1105_Classes\\CLSID\\{CB3D0F55-BC2C-4C1A-85ED-23ED75B5106B}\\InprocServer32\\(Default)\r\nDetails: C:\\Users\\user-01\\AppData\\Local\\Microsoft\\OneDrive\\19.043.0304.0013\\amd64\\FileSyncShell64.dll\r\nUser: miacsdomain\\user-01","_time":"2026-08-27T06:02:20.137+0200","host":"Win-10","index":"main","linecount":"24","punct":"//_::._=--/===-..==---==--====___(:_)==__:\\r:_\\r:_\\r:","source":"WinEventLog:Microsoft-Windows-Sysmon/Operational","sourcetype":"WinEventLog:Microsoft-Windows-Sysmon/Operational","splunk_server":"splunk-virtual-machine"}}
{"preview":false,"result":{"ComputerName":"Win-10.miacsdomain.com","Details":"C:\\Users\\user-01\\AppData\\Local\\Microsoft\\OneDrive\\19.043.0304.0013\\FileSyncShell.dll","EventCode":"13","EventType":["4","SetValue"],"Image":"C:\\Users\\user-01\\AppData\\Local\\Microsoft\\OneDrive\\OneDrive.exe","Keywords":"None","LogName":"Microsoft-Windows-Sysmon/Operational","Message":"Registry value set:\r\nRuleName: T1122\r\nEventType: SetValue\r\nUtcTime: 2026-08-27 04:02:20.123\r\nProcessGuid: {3f87e246-b6cc-6a8f-bb03-000000001600}\r\nProcessId: 5840\r\nImage: C:\\Users\\user-01\\AppData\\Local\\Microsoft\\OneDrive\\OneDrive.exe\r\nTargetObject: HKU\\S-1-5-21-246749117-2054088174-1189330396-1105_Classes\\WOW6432Node\\CLSID\\{1BF42E4C-4AF4-4CFD-A1A0-CF2960B8F63E}\\InprocServer32\\(Default)\r\nDetails: C:\\Users\\user-01\\AppData\\Local\\Microsoft\\OneDrive\\19.043.0304.0013\\FileSyncShell.dll\r\nUser: miacsdomain\\user-01","OpCode":"Info","ProcessGuid":"{3f87e246-b6cc-6a8f-bb03-000000001600}","ProcessId":"5840","RecordNumber":"33042","RuleName":"T1122","Sid":"S-1-5-18","SidType":"0","SourceName":"Microsoft-Windows-Sysmon","TargetObject":"HKU\\S-1-5-21-246749117-2054088174-1189330396-1105_Classes\\WOW6432Node\\CLSID\\{1BF42E4C-4AF4-4CFD-A1A0-CF2960B8F63E}\\InprocServer32\\(Default)","TaskCategory":"Registry value set (rule: RegistryEvent)","Type":"Information","User":["NOT_TRANSLATED","miacsdomain\\user-01"],"UtcTime":"2026-08-27 04:02:20.123","_raw":"08/27/2026 06:02:20.137 AM\nLogName=Microsoft-Windows-Sysmon/Operational\nEventCode=13\nEventType=4\nComputerName=Win-10.miacsdomain.com\nUser=NOT_TRANSLATED\nSid=S-1-5-18\nSidType=0\nSourceName=Microsoft-Windows-Sysmon\nType=Information\nRecordNumber=33042\nKeywords=None\nTaskCategory=Registry value set (rule: RegistryEvent)\nOpCode=Info\nMessage=Registry value set:\r\nRuleName: T1122\r\nEventType: SetValue\r\nUtcTime: 2026-08-27 04:02:20.123\r\nProcessGuid: {3f87e246-b6cc-6a8f-bb03-000000001600}\r\nProcessId: 5840\r\nImage: C:\\Users\\user-01\\AppData\\Local\\Microsoft\\OneDrive\\OneDrive.exe\r\nTargetObject: HKU\\S-1-5-21-246749117-2054088174-1189330396-1105_Classes\\WOW6432Node\\CLSID\\{1BF42E4C-4AF4-4CFD-A1A0-CF2960B8F63E}\\InprocServer32\\(Default)\r\nDetails: C:\\Users\\user-01\\AppData\\Local\\Microsoft\\OneDrive\\19.043.0304.0013\\FileSyncShell.dll\r\nUser: miacsdomain\\user-01","_time":"2026-08-27T06:02:20.137+0200","host":"Win-10","index":"main","linecount":"24","punct":"//_::._=--/===-..==---==--====___(:_)==__:\\r:_\\r:_\\r:","source":"WinEventLog:Microsoft-Windows-Sysmon/Operational","sourcetype":"WinEventLog:Microsoft-Windows-Sysmon/Operational","splunk_server":"splunk-virtual-machine"}}
{"preview":false,"result":{"ComputerName":"Win-10.miacsdomain.com","Details":"C:\\Users\\user-01\\AppData\\Local\\Microsoft\\OneDrive\\19.043.0304.0013\\amd64\\FileSyncShell64.dll","EventCode":"13","EventType":["4","SetValue"],"Image":"C:\\Users\\user-01\\AppData\\Local\\Microsoft\\OneDrive\\OneDrive.exe","Keywords":"None","LogName":"Microsoft-Windows-Sysmon/Operational","Message":"Registry value set:\r\nRuleName: T1122\r\nEventType: SetValue\r\nUtcTime: 2026-08-27 04:02:20.123\r\nProcessGuid: {3f87e246-b6cc-6a8f-bb03-000000001600}\r\nProcessId: 5840\r\nImage: C:\\Users\\user-01\\AppData\\Local\\Microsoft\\OneDrive\\OneDrive.exe\r\nTargetObject: HKU\\S-1-5-21-246749117-2054088174-1189330396-1105_Classes\\CLSID\\{1BF42E4C-4AF4-4CFD-A1A0-CF2960B8F63E}\\InprocServer32\\(Default)\r\nDetails: C:\\Users\\user-01\\AppData\\Local\\Microsoft\\OneDrive\\19.043.0304.0013\\amd64\\FileSyncShell64.dll\r\nUser: miacsdomain\\user-01","OpCode":"Info","ProcessGuid":"{3f87e246-b6cc-6a8f-bb03-000000001600}","ProcessId":"5840","RecordNumber":"33041","RuleName":"T1122","Sid":"S-1-5-18","SidType":"0","SourceName":"Microsoft-Windows-Sysmon","TargetObject":"HKU\\S-1-5-21-246749117-2054088174-1189330396-1105_Classes\\CLSID\\{1BF42E4C-4AF4-4CFD-A1A0-CF2960B8F63E}\\InprocServer32\\(Default)","TaskCategory":"Registry value set (rule: RegistryEvent)","Type":"Information","User":["NOT_TRANSLATED","miacsdomain\\user-01"],"UtcTime":"2026-08-27 04:02:20.123","_raw":"08/27/2026 06:02:20.137 AM\nLogName=Microsoft-Windows-Sysmon/Operational\nEventCode=13\nEventType=4\nComputerName=Win-10.miacsdomain.com\nUser=NOT_TRANSLATED\nSid=S-1-5-18\nSidType=0\nSourceName=Microsoft-Windows-Sysmon\nType=Information\nRecordNumber=33041\nKeywords=None\nTaskCategory=Registry value set (rule: RegistryEvent)\nOpCode=Info\nMessage=Registry value set:\r\nRuleName: T1122\r\nEventType: SetValue\r\nUtcTime: 2026-08-27 04:02:20.123\r\nProcessGuid: {3f87e246-b6cc-6a8f-bb03-000000001600}\r\nProcessId: 5840\r\nImage: C:\\Users\\user-01\\AppData\\Local\\Microsoft\\OneDrive\\OneDrive.exe\r\nTargetObject: HKU\\S-1-5-21-246749117-2054088174-1189330396-1105_Classes\\CLSID\\{1BF42E4C-4AF4-4CFD-A1A0-CF2960B8F63E}\\InprocServer32\\(Default)\r\nDetails: C:\\Users\\user-01\\AppData\\Local\\Microsoft\\OneDrive\\19.043.0304.0013\\amd64\\FileSyncShell64.dll\r\nUser: miacsdomain\\user-01","_time":"2026-08-27T06:02:20.137+0200","host":"Win-10","index":"main","linecount":"24","punct":"//_::._=--/===-..==---==--====___(:_)==__:\\r:_\\r:_\\r:","source":"WinEventLog:Microsoft-Windows-Sysmon/Operational","sourcetype":"WinEventLog:Microsoft-Windows-Sysmon/Operational","splunk_server":"splunk-virtual-machine"}}
{"preview":false,"result":{"ComputerName":"Win-10.miacsdomain.com","Details":"C:\\Users\\user-01\\AppData\\Local\\Microsoft\\OneDrive\\19.043.0304.0013\\FileSyncShell.dll","EventCode":"13","EventType":["4","SetValue"],"Image":"C:\\Users\\user-01\\AppData\\Local\\Microsoft\\OneDrive\\OneDrive.exe","Keywords":"None","LogName":"Microsoft-Windows-Sysmon/Operational","Message":"Registry value set:\r\nRuleName: T1122\r\nEventType: SetValue\r\nUtcTime: 2026-08-27 04:02:20.123\r\nProcessGuid: {3f87e246-b6cc-6a8f-bb03-000000001600}\r\nProcessId: 5840\r\nImage: C:\\Users\\user-01\\AppData\\Local\\Microsoft\\OneDrive\\OneDrive.exe\r\nTargetObject: HKU\\S-1-5-21-246749117-2054088174-1189330396-1105_Classes\\WOW6432Node\\CLSID\\{82CA8DE3-01AD-4CEA-9D75-BE4C51810A9E}\\InprocServer32\\(Default)\r\nDetails: C:\\Users\\user-01\\AppData\\Local\\Microsoft\\OneDrive\\19.043.0304.0013\\FileSyncShell.dll\r\nUser: miacsdomain\\user-01","OpCode":"Info","ProcessGuid":"{3f87e246-b6cc-6a8f-bb03-000000001600}","ProcessId":"5840","RecordNumber":"33040","RuleName":"T1122","Sid":"S-1-5-18","SidType":"0","SourceName":"Microsoft-Windows-Sysmon","TargetObject":"HKU\\S-1-5-21-246749117-2054088174-1189330396-1105_Classes\\WOW6432Node\\CLSID\\{82CA8DE3-01AD-4CEA-9D75-BE4C51810A9E}\\InprocServer32\\(Default)","TaskCategory":"Registry value set (rule: RegistryEvent)","Type":"Information","User":["NOT_TRANSLATED","miacsdomain\\user-01"],"UtcTime":"2026-08-27 04:02:20.123","_raw":"08/27/2026 06:02:20.137 AM\nLogName=Microsoft-Windows-Sysmon/Operational\nEventCode=13\nEventType=4\nComputerName=Win-10.miacsdomain.com\nUser=NOT_TRANSLATED\nSid=S-1-5-18\nSidType=0\nSourceName=Microsoft-Windows-Sysmon\nType=Information\nRecordNumber=33040\nKeywords=None\nTaskCategory=Registry value set (rule: RegistryEvent)\nOpCode=Info\nMessage=Registry value set:\r\nRuleName: T1122\r\nEventType: SetValue\r\nUtcTime: 2026-08-27 04:02:20.123\r\nProcessGuid: {3f87e246-b6cc-6a8f-bb03-000000001600}\r\nProcessId: 5840\r\nImage: C:\\Users\\user-01\\AppData\\Local\\Microsoft\\OneDrive\\OneDrive.exe\r\nTargetObject: HKU\\S-1-5-21-246749117-2054088174-1189330396-1105_Classes\\WOW6432Node\\CLSID\\{82CA8DE3-01AD-4CEA-9D75-BE4C51810A9E}\\InprocServer32\\(Default)\r\nDetails: C:\\Users\\user-01\\AppData\\Local\\Microsoft\\OneDrive\\19.043.0304.0013\\FileSyncShell.dll\r\nUser: miacsdomain\\user-01","_time":"2026-08-27T06:02:20.137+0200","host":"Win-10","index":"main","linecount":"24","punct":"//_::._=--/===-..==---==--====___(:_)==__:\\r:_\\r:_\\r:","source":"WinEventLog:Microsoft-Windows-Sysmon/Operational","sourcetype":"WinEventLog:Microsoft-Windows-Sysmon/Operational","splunk_server":"splunk-virtual-machine"}}
{"preview":false,"result":{"ComputerName":"Win-10.miacsdomain.com","Details":"C:\\Users\\user-01\\AppData\\Local\\Microsoft\\OneDrive\\19.043.0304.0013\\amd64\\FileSyncShell64.dll","EventCode":"13","EventType":["4","SetValue"],"Image":"C:\\Users\\user-01\\AppData\\Local\\Microsoft\\OneDrive\\OneDrive.exe","Keywords":"None","LogName":"Microsoft-Windows-Sysmon/Operational","Message":"Registry value set:\r\nRuleName: T1122\r\nEventType: SetValue\r\nUtcTime: 2026-08-27 04:02:20.123\r\nProcessGuid: {3f87e246-b6cc-6a8f-bb03-000000001600}\r\nProcessId: 5840\r\nImage: C:\\Users\\user-01\\AppData\\Local\\Microsoft\\OneDrive\\OneDrive.exe\r\nTargetObject: HKU\\S-1-5-21-246749117-2054088174-1189330396-1105_Classes\\CLSID\\{82CA8DE3-01AD-4CEA-9D75-BE4C51810A9E}\\InprocServer32\\(Default)\r\nDetails: C:\\Users\\user-01\\AppData\\Local\\Microsoft\\OneDrive\\19.043.0304.0013\\amd64\\FileSyncShell64.dll\r\nUser: miacsdomain\\user-01","OpCode":"Info","ProcessGuid":"{3f87e246-b6cc-6a8f-bb03-000000001600}","ProcessId":"5840","RecordNumber":"33039","RuleName":"T1122","Sid":"S-1-5-18","SidType":"0","SourceName":"Microsoft-Windows-Sysmon","TargetObject":"HKU\\S-1-5-21-246749117-2054088174-1189330396-1105_Classes\\CLSID\\{82CA8DE3-01AD-4CEA-9D75-BE4C51810A9E}\\InprocServer32\\(Default)","TaskCategory":"Registry value set (rule: RegistryEvent)","Type":"Information","User":["NOT_TRANSLATED","miacsdomain\\user-01"],"UtcTime":"2026-08-27 04:02:20.123","_raw":"08/27/2026 06:02:20.137 AM\nLogName=Microsoft-Windows-Sysmon/Operational\nEventCode=13\nEventType=4\nComputerName=Win-10.miacsdomain.com\nUser=NOT_TRANSLATED\nSid=S-1-5-18\nSidType=0\nSourceName=Microsoft-Windows-Sysmon\nType=Information\nRecordNumber=33039\nKeywords=None\nTaskCategory=Registry value set (rule: RegistryEvent)\nOpCode=Info\nMessage=Registry value set:\r\nRuleName: T1122\r\nEventType: SetValue\r\nUtcTime: 2026-08-27 04:02:20.123\r\nProcessGuid: {3f87e246-b6cc-6a8f-bb03-000000001600}\r\nProcessId: 5840\r\nImage: C:\\Users\\user-01\\AppData\\Local\\Microsoft\\OneDrive\\OneDrive.exe\r\nTargetObject: HKU\\S-1-5-21-246749117-2054088174-1189330396-1105_Classes\\CLSID\\{82CA8DE3-01AD-4CEA-9D75-BE4C51810A9E}\\InprocServer32\\(Default)\r\nDetails: C:\\Users\\user-01\\AppData\\Local\\Microsoft\\OneDrive\\19.043.0304.0013\\amd64\\FileSyncShell64.dll\r\nUser: miacsdomain\\user-01","_time":"2026-08-27T06:02:20.137+0200","host":"Win-10","index":"main","linecount":"24","punct":"//_::._=--/===-..==---==--====___(:_)==__:\\r:_\\r:_\\r:","source":"WinEventLog:Microsoft-Windows-Sysmon/Operational","sourcetype":"WinEventLog:Microsoft-Windows-Sysmon/Operational","splunk_server":"splunk-virtual-machine"}}
{"preview":false,"result":{"ComputerName":"Win-10.miacsdomain.com","Details":"C:\\Users\\user-01\\AppData\\Local\\Microsoft\\OneDrive\\19.043.0304.0013\\FileSyncShell.dll","EventCode":"13","EventType":["4","SetValue"],"Image":"C:\\Users\\user-01\\AppData\\Local\\Microsoft\\OneDrive\\OneDrive.exe","Keywords":"None","LogName":"Microsoft-Windows-Sysmon/Operational","Message":"Registry value set:\r\nRuleName: T1122\r\nEventType: SetValue\r\nUtcTime: 2026-08-27 04:02:20.123\r\nProcessGuid: {3f87e246-b6cc-6a8f-bb03-000000001600}\r\nProcessId: 5840\r\nImage: C:\\Users\\user-01\\AppData\\Local\\Microsoft\\OneDrive\\OneDrive.exe\r\nTargetObject: HKU\\S-1-5-21-246749117-2054088174-1189330396-1105_Classes\\WOW6432Node\\CLSID\\{7AFDFDDB-F914-11E4-8377-6C3BE50D980C}\\InprocServer32\\(Default)\r\nDetails: C:\\Users\\user-01\\AppData\\Local\\Microsoft\\OneDrive\\19.043.0304.0013\\FileSyncShell.dll\r\nUser: miacsdomain\\user-01","OpCode":"Info","ProcessGuid":"{3f87e246-b6cc-6a8f-bb03-000000001600}","ProcessId":"5840","RecordNumber":"33038","RuleName":"T1122","Sid":"S-1-5-18","SidType":"0","SourceName":"Microsoft-Windows-Sysmon","TargetObject":"HKU\\S-1-5-21-246749117-2054088174-1189330396-1105_Classes\\WOW6432Node\\CLSID\\{7AFDFDDB-F914-11E4-8377-6C3BE50D980C}\\InprocServer32\\(Default)","TaskCategory":"Registry value set (rule: RegistryEvent)","Type":"Information","User":["NOT_TRANSLATED","miacsdomain\\user-01"],"UtcTime":"2026-08-27 04:02:20.123","_raw":"08/27/2026 06:02:20.137 AM\nLogName=Microsoft-Windows-Sysmon/Operational\nEventCode=13\nEventType=4\nComputerName=Win-10.miacsdomain.com\nUser=NOT_TRANSLATED\nSid=S-1-5-18\nSidType=0\nSourceName=Microsoft-Windows-Sysmon\nType=Information\nRecordNumber=33038\nKeywords=None\nTaskCategory=Registry value set (rule: RegistryEvent)\nOpCode=Info\nMessage=Registry value set:\r\nRuleName: T1122\r\nEventType: SetValue\r\nUtcTime: 2026-08-27 04:02:20.123\r\nProcessGuid: {3f87e246-b6cc-6a8f-bb03-000000001600}\r\nProcessId: 5840\r\nImage: C:\\Users\\user-01\\AppData\\Local\\Microsoft\\OneDrive\\OneDrive.exe\r\nTargetObject: HKU\\S-1-5-21-246749117-2054088174-1189330396-1105_Classes\\WOW6432Node\\CLSID\\{7AFDFDDB-F914-11E4-8377-6C3BE50D980C}\\InprocServer32\\(Default)\r\nDetails: C:\\Users\\user-01\\AppData\\Local\\Microsoft\\OneDrive\\19.043.0304.0013\\FileSyncShell.dll\r\nUser: miacsdomain\\user-01","_time":"2026-08-27T06:02:20.137+0200","host":"Win-10","index":"main","linecount":"24","punct":"//_::._=--/===-..==---==--====___(:_)==__:\\r:_\\r:_\\r:","source":"WinEventLog:Microsoft-Windows-Sysmon/Operational","sourcetype":"WinEventLog:Microsoft-Windows-Sysmon/Operational","splunk_server":"splunk-virtual-machine"}}
{"preview":false,"result":{"ComputerName":"Win-10.miacsdomain.com","Details":"C:\\Users\\user-01\\AppData\\Local\\Microsoft\\OneDrive\\19.043.0304.0013\\amd64\\FileSyncShell64.dll","EventCode":"13","EventType":["4","SetValue"],"Image":"C:\\Users\\user-01\\AppData\\Local\\Microsoft\\OneDrive\\OneDrive.exe","Keywords":"None","LogName":"Microsoft-Windows-Sysmon/Operational","Message":"Registry value set:\r\nRuleName: T1122\r\nEventType: SetValue\r\nUtcTime: 2026-08-27 04:02:20.123\r\nProcessGuid: {3f87e246-b6cc-6a8f-bb03-000000001600}\r\nProcessId: 5840\r\nImage: C:\\Users\\user-01\\AppData\\Local\\Microsoft\\OneDrive\\OneDrive.exe\r\nTargetObject: HKU\\S-1-5-21-246749117-2054088174-1189330396-1105_Classes\\CLSID\\{7AFDFDDB-F914-11E4-8377-6C3BE50D980C}\\InprocServer32\\(Default)\r\nDetails: C:\\Users\\user-01\\AppData\\Local\\Microsoft\\OneDrive\\19.043.0304.0013\\amd64\\FileSyncShell64.dll\r\nUser: miacsdomain\\user-01","OpCode":"Info","ProcessGuid":"{3f87e246-b6cc-6a8f-bb03-000000001600}","ProcessId":"5840","RecordNumber":"33037","RuleName":"T1122","Sid":"S-1-5-18","SidType":"0","SourceName":"Microsoft-Windows-Sysmon","TargetObject":"HKU\\S-1-5-21-246749117-2054088174-1189330396-1105_Classes\\CLSID\\{7AFDFDDB-F914-11E4-8377-6C3BE50D980C}\\InprocServer32\\(Default)","TaskCategory":"Registry value set (rule: RegistryEvent)","Type":"Information","User":["NOT_TRANSLATED","miacsdomain\\user-01"],"UtcTime":"2026-08-27 04:02:20.123","_raw":"08/27/2026 06:02:20.137 AM\nLogName=Microsoft-Windows-Sysmon/Operational\nEventCode=13\nEventType=4\nComputerName=Win-10.miacsdomain.com\nUser=NOT_TRANSLATED\nSid=S-1-5-18\nSidType=0\nSourceName=Microsoft-Windows-Sysmon\nType=Information\nRecordNumber=33037\nKeywords=None\nTaskCategory=Registry value set (rule: RegistryEvent)\nOpCode=Info\nMessage=Registry value set:\r\nRuleName: T1122\r\nEventType: SetValue\r\nUtcTime: 2026-08-27 04:02:20.123\r\nProcessGuid: {3f87e246-b6cc-6a8f-bb03-000000001600}\r\nProcessId: 5840\r\nImage: C:\\Users\\user-01\\AppData\\Local\\Microsoft\\OneDrive\\OneDrive.exe\r\nTargetObject: HKU\\S-1-5-21-246749117-2054088174-1189330396-1105_Classes\\CLSID\\{7AFDFDDB-F914-11E4-8377-6C3BE50D980C}\\InprocServer32\\(Default)\r\nDetails: C:\\Users\\user-01\\AppData\\Local\\Microsoft\\OneDrive\\19.043.0304.0013\\amd64\\FileSyncShell64.dll\r\nUser: miacsdomain\\user-01","_time":"2026-08-27T06:02:20.137+0200","host":"Win-10","index":"main","linecount":"24","punct":"//_::._=--/===-..==---==--====___(:_)==__:\\r:_\\r:_\\r:","source":"WinEventLog:Microsoft-Windows-Sysmon/Operational","sourcetype":"WinEventLog:Microsoft-Windows-Sysmon/Operational","splunk_server":"splunk-virtual-machine"}}
{"preview":false,"result":{"ComputerName":"Win-10.miacsdomain.com","Details":"C:\\Users\\user-01\\AppData\\Local\\Microsoft\\OneDrive\\19.043.0304.0013\\FileSyncShell.dll","EventCode":"13","EventType":["4","SetValue"],"Image":"C:\\Users\\user-01\\AppData\\Local\\Microsoft\\OneDrive\\OneDrive.exe","Keywords":"None","LogName":"Microsoft-Windows-Sysmon/Operational","Message":"Registry value set:\r\nRuleName: T1122\r\nEventType: SetValue\r\nUtcTime: 2026-08-27 04:02:20.123\r\nProcessGuid: {3f87e246-b6cc-6a8f-bb03-000000001600}\r\nProcessId: 5840\r\nImage: C:\\Users\\user-01\\AppData\\Local\\Microsoft\\OneDrive\\OneDrive.exe\r\nTargetObject: HKU\\S-1-5-21-246749117-2054088174-1189330396-1105_Classes\\WOW6432Node\\CLSID\\{C5FF006E-2AE9-408C-B85B-2DFDD5449D9C}\\InprocServer32\\(Default)\r\nDetails: C:\\Users\\user-01\\AppData\\Local\\Microsoft\\OneDrive\\19.043.0304.0013\\FileSyncShell.dll\r\nUser: miacsdomain\\user-01","OpCode":"Info","ProcessGuid":"{3f87e246-b6cc-6a8f-bb03-000000001600}","ProcessId":"5840","RecordNumber":"33036","RuleName":"T1122","Sid":"S-1-5-18","SidType":"0","SourceName":"Microsoft-Windows-Sysmon","TargetObject":"HKU\\S-1-5-21-246749117-2054088174-1189330396-1105_Classes\\WOW6432Node\\CLSID\\{C5FF006E-2AE9-408C-B85B-2DFDD5449D9C}\\InprocServer32\\(Default)","TaskCategory":"Registry value set (rule: RegistryEvent)","Type":"Information","User":["NOT_TRANSLATED","miacsdomain\\user-01"],"UtcTime":"2026-08-27 04:02:20.123","_raw":"08/27/2026 06:02:20.136 AM\nLogName=Microsoft-Windows-Sysmon/Operational\nEventCode=13\nEventType=4\nComputerName=Win-10.miacsdomain.com\nUser=NOT_TRANSLATED\nSid=S-1-5-18\nSidType=0\nSourceName=Microsoft-Windows-Sysmon\nType=Information\nRecordNumber=33036\nKeywords=None\nTaskCategory=Registry value set (rule: RegistryEvent)\nOpCode=Info\nMessage=Registry value set:\r\nRuleName: T1122\r\nEventType: SetValue\r\nUtcTime: 2026-08-27 04:02:20.123\r\nProcessGuid: {3f87e246-b6cc-6a8f-bb03-000000001600}\r\nProcessId: 5840\r\nImage: C:\\Users\\user-01\\AppData\\Local\\Microsoft\\OneDrive\\OneDrive.exe\r\nTargetObject: HKU\\S-1-5-21-246749117-2054088174-1189330396-1105_Classes\\WOW6432Node\\CLSID\\{C5FF006E-2AE9-408C-B85B-2DFDD5449D9C}\\InprocServer32\\(Default)\r\nDetails: C:\\Users\\user-01\\AppData\\Local\\Microsoft\\OneDrive\\19.043.0304.0013\\FileSyncShell.dll\r\nUser: miacsdomain\\user-01","_time":"2026-08-27T06:02:20.136+0200","host":"Win-10","index":"main","linecount":"24","punct":"//_::._=--/===-..==---==--====___(:_)==__:\\r:_\\r:_\\r:","source":"WinEventLog:Microsoft-Windows-Sysmon/Operational","sourcetype":"WinEventLog:Microsoft-Windows-Sysmon/Operational","splunk_server":"splunk-virtual-machine"}}
{"preview":false,"result":{"ComputerName":"Win-10.miacsdomain.com","Details":"C:\\Users\\user-01\\AppData\\Local\\Microsoft\\OneDrive\\19.043.0304.0013\\amd64\\FileSyncShell64.dll","EventCode":"13","EventType":["4","SetValue"],"Image":"C:\\Users\\user-01\\AppData\\Local\\Microsoft\\OneDrive\\OneDrive.exe","Keywords":"None","LogName":"Microsoft-Windows-Sysmon/Operational","Message":"Registry value set:\r\nRuleName: T1122\r\nEventType: SetValue\r\nUtcTime: 2026-08-27 04:02:20.123\r\nProcessGuid: {3f87e246-b6cc-6a8f-bb03-000000001600}\r\nProcessId: 5840\r\nImage: C:\\Users\\user-01\\AppData\\Local\\Microsoft\\OneDrive\\OneDrive.exe\r\nTargetObject: HKU\\S-1-5-21-246749117-2054088174-1189330396-1105_Classes\\CLSID\\{C5FF006E-2AE9-408C-B85B-2DFDD5449D9C}\\InprocServer32\\(Default)\r\nDetails: C:\\Users\\user-01\\AppData\\Local\\Microsoft\\OneDrive\\19.043.0304.0013\\amd64\\FileSyncShell64.dll\r\nUser: miacsdomain\\user-01","OpCode":"Info","ProcessGuid":"{3f87e246-b6cc-6a8f-bb03-000000001600}","ProcessId":"5840","RecordNumber":"33035","RuleName":"T1122","Sid":"S-1-5-18","SidType":"0","SourceName":"Microsoft-Windows-Sysmon","TargetObject":"HKU\\S-1-5-21-246749117-2054088174-1189330396-1105_Classes\\CLSID\\{C5FF006E-2AE9-408C-B85B-2DFDD5449D9C}\\InprocServer32\\(Default)","TaskCategory":"Registry value set (rule: RegistryEvent)","Type":"Information","User":["NOT_TRANSLATED","miacsdomain\\user-01"],"UtcTime":"2026-08-27 04:02:20.123","_raw":"08/27/2026 06:02:20.136 AM\nLogName=Microsoft-Windows-Sysmon/Operational\nEventCode=13\nEventType=4\nComputerName=Win-10.miacsdomain.com\nUser=NOT_TRANSLATED\nSid=S-1-5-18\nSidType=0\nSourceName=Microsoft-Windows-Sysmon\nType=Information\nRecordNumber=33035\nKeywords=None\nTaskCategory=Registry value set (rule: RegistryEvent)\nOpCode=Info\nMessage=Registry value set:\r\nRuleName: T1122\r\nEventType: SetValue\r\nUtcTime: 2026-08-27 04:02:20.123\r\nProcessGuid: {3f87e246-b6cc-6a8f-bb03-000000001600}\r\nProcessId: 5840\r\nImage: C:\\Users\\user-01\\AppData\\Local\\Microsoft\\OneDrive\\OneDrive.exe\r\nTargetObject: HKU\\S-1-5-21-246749117-2054088174-1189330396-1105_Classes\\CLSID\\{C5FF006E-2AE9-408C-B85B-2DFDD5449D9C}\\InprocServer32\\(Default)\r\nDetails: C:\\Users\\user-01\\AppData\\Local\\Microsoft\\OneDrive\\19.043.0304.0013\\amd64\\FileSyncShell64.dll\r\nUser: miacsdomain\\user-01","_time":"2026-08-27T06:02:20.136+0200","host":"Win-10","index":"main","linecount":"24","punct":"//_::._=--/===-..==---==--====___(:_)==__:\\r:_\\r:_\\r:","source":"WinEventLog:Microsoft-Windows-Sysmon/Operational","sourcetype":"WinEventLog:Microsoft-Windows-Sysmon/Operational","splunk_server":"splunk-virtual-machine"}}
{"preview":false,"result":{"ComputerName":"Win-10.miacsdomain.com","Details":"C:\\Users\\user-01\\AppData\\Local\\Microsoft\\OneDrive\\19.043.0304.0013\\FileSyncShell.dll","EventCode":"13","EventType":["4","SetValue"],"Image":"C:\\Users\\user-01\\AppData\\Local\\Microsoft\\OneDrive\\OneDrive.exe","Keywords":"None","LogName":"Microsoft-Windows-Sysmon/Operational","Message":"Registry value set:\r\nRuleName: T1122\r\nEventType: SetValue\r\nUtcTime: 2026-08-27 04:02:20.123\r\nProcessGuid: {3f87e246-b6cc-6a8f-bb03-000000001600}\r\nProcessId: 5840\r\nImage: C:\\Users\\user-01\\AppData\\Local\\Microsoft\\OneDrive\\OneDrive.exe\r\nTargetObject: HKU\\S-1-5-21-246749117-2054088174-1189330396-1105_Classes\\WOW6432Node\\CLSID\\{9AA2F32D-362A-42D9-9328-24A483E2CCC3}\\InprocServer32\\(Default)\r\nDetails: C:\\Users\\user-01\\AppData\\Local\\Microsoft\\OneDrive\\19.043.0304.0013\\FileSyncShell.dll\r\nUser: miacsdomain\\user-01","OpCode":"Info","ProcessGuid":"{3f87e246-b6cc-6a8f-bb03-000000001600}","ProcessId":"5840","RecordNumber":"33034","RuleName":"T1122","Sid":"S-1-5-18","SidType":"0","SourceName":"Microsoft-Windows-Sysmon","TargetObject":"HKU\\S-1-5-21-246749117-2054088174-1189330396-1105_Classes\\WOW6432Node\\CLSID\\{9AA2F32D-362A-42D9-9328-24A483E2CCC3}\\InprocServer32\\(Default)","TaskCategory":"Registry value set (rule: RegistryEvent)","Type":"Information","User":["NOT_TRANSLATED","miacsdomain\\user-01"],"UtcTime":"2026-08-27 04:02:20.123","_raw":"08/27/2026 06:02:20.136 AM\nLogName=Microsoft-Windows-Sysmon/Operational\nEventCode=13\nEventType=4\nComputerName=Win-10.miacsdomain.com\nUser=NOT_TRANSLATED\nSid=S-1-5-18\nSidType=0\nSourceName=Microsoft-Windows-Sysmon\nType=Information\nRecordNumber=33034\nKeywords=None\nTaskCategory=Registry value set (rule: RegistryEvent)\nOpCode=Info\nMessage=Registry value set:\r\nRuleName: T1122\r\nEventType: SetValue\r\nUtcTime: 2026-08-27 04:02:20.123\r\nProcessGuid: {3f87e246-b6cc-6a8f-bb03-000000001600}\r\nProcessId: 5840\r\nImage: C:\\Users\\user-01\\AppData\\Local\\Microsoft\\OneDrive\\OneDrive.exe\r\nTargetObject: HKU\\S-1-5-21-246749117-2054088174-1189330396-1105_Classes\\WOW6432Node\\CLSID\\{9AA2F32D-362A-42D9-9328-24A483E2CCC3}\\InprocServer32\\(Default)\r\nDetails: C:\\Users\\user-01\\AppData\\Local\\Microsoft\\OneDrive\\19.043.0304.0013\\FileSyncShell.dll\r\nUser: miacsdomain\\user-01","_time":"2026-08-27T06:02:20.136+0200","host":"Win-10","index":"main","linecount":"24","punct":"//_::._=--/===-..==---==--====___(:_)==__:\\r:_\\r:_\\r:","source":"WinEventLog:Microsoft-Windows-Sysmon/Operational","sourcetype":"WinEventLog:Microsoft-Windows-Sysmon/Operational","splunk_server":"splunk-virtual-machine"}}
{"preview":false,"result":{"ComputerName":"Win-10.miacsdomain.com","Details":"C:\\Users\\user-01\\AppData\\Local\\Microsoft\\OneDrive\\19.043.0304.0013\\amd64\\FileSyncShell64.dll","EventCode":"13","EventType":["4","SetValue"],"Image":"C:\\Users\\user-01\\AppData\\Local\\Microsoft\\OneDrive\\OneDrive.exe","Keywords":"None","LogName":"Microsoft-Windows-Sysmon/Operational","Message":"Registry value set:\r\nRuleName: T1122\r\nEventType: SetValue\r\nUtcTime: 2026-08-27 04:02:20.123\r\nProcessGuid: {3f87e246-b6cc-6a8f-bb03-000000001600}\r\nProcessId: 5840\r\nImage: C:\\Users\\user-01\\AppData\\Local\\Microsoft\\OneDrive\\OneDrive.exe\r\nTargetObject: HKU\\S-1-5-21-246749117-2054088174-1189330396-1105_Classes\\CLSID\\{9AA2F32D-362A-42D9-9328-24A483E2CCC3}\\InprocServer32\\(Default)\r\nDetails: C:\\Users\\user-01\\AppData\\Local\\Microsoft\\OneDrive\\19.043.0304.0013\\amd64\\FileSyncShell64.dll\r\nUser: miacsdomain\\user-01","OpCode":"Info","ProcessGuid":"{3f87e246-b6cc-6a8f-bb03-000000001600}","ProcessId":"5840","RecordNumber":"33033","RuleName":"T1122","Sid":"S-1-5-18","SidType":"0","SourceName":"Microsoft-Windows-Sysmon","TargetObject":"HKU\\S-1-5-21-246749117-2054088174-1189330396-1105_Classes\\CLSID\\{9AA2F32D-362A-42D9-9328-24A483E2CCC3}\\InprocServer32\\(Default)","TaskCategory":"Registry value set (rule: RegistryEvent)","Type":"Information","User":["NOT_TRANSLATED","miacsdomain\\user-01"],"UtcTime":"2026-08-27 04:02:20.123","_raw":"08/27/2026 06:02:20.136 AM\nLogName=Microsoft-Windows-Sysmon/Operational\nEventCode=13\nEventType=4\nComputerName=Win-10.miacsdomain.com\nUser=NOT_TRANSLATED\nSid=S-1-5-18\nSidType=0\nSourceName=Microsoft-Windows-Sysmon\nType=Information\nRecordNumber=33033\nKeywords=None\nTaskCategory=Registry value set (rule: RegistryEvent)\nOpCode=Info\nMessage=Registry value set:\r\nRuleName: T1122\r\nEventType: SetValue\r\nUtcTime: 2026-08-27 04:02:20.123\r\nProcessGuid: {3f87e246-b6cc-6a8f-bb03-000000001600}\r\nProcessId: 5840\r\nImage: C:\\Users\\user-01\\AppData\\Local\\Microsoft\\OneDrive\\OneDrive.exe\r\nTargetObject: HKU\\S-1-5-21-246749117-2054088174-1189330396-1105_Classes\\CLSID\\{9AA2F32D-362A-42D9-9328-24A483E2CCC3}\\InprocServer32\\(Default)\r\nDetails: C:\\Users\\user-01\\AppData\\Local\\Microsoft\\OneDrive\\19.043.0304.0013\\amd64\\FileSyncShell64.dll\r\nUser: miacsdomain\\user-01","_time":"2026-08-27T06:02:20.136+0200","host":"Win-10","index":"main","linecount":"24","punct":"//_::._=--/===-..==---==--====___(:_)==__:\\r:_\\r:_\\r:","source":"WinEventLog:Microsoft-Windows-Sysmon/Operational","sourcetype":"WinEventLog:Microsoft-Windows-Sysmon/Operational","splunk_server":"splunk-virtual-machine"}}
{"preview":false,"result":{"ComputerName":"Win-10.miacsdomain.com","Details":"C:\\Users\\user-01\\AppData\\Local\\Microsoft\\OneDrive\\19.043.0304.0013\\FileSyncShell.dll","EventCode":"13","EventType":["4","SetValue"],"Image":"C:\\Users\\user-01\\AppData\\Local\\Microsoft\\OneDrive\\OneDrive.exe","Keywords":"None","LogName":"Microsoft-Windows-Sysmon/Operational","Message":"Registry value set:\r\nRuleName: T1122\r\nEventType: SetValue\r\nUtcTime: 2026-08-27 04:02:20.123\r\nProcessGuid: {3f87e246-b6cc-6a8f-bb03-000000001600}\r\nProcessId: 5840\r\nImage: C:\\Users\\user-01\\AppData\\Local\\Microsoft\\OneDrive\\OneDrive.exe\r\nTargetObject: HKU\\S-1-5-21-246749117-2054088174-1189330396-1105_Classes\\WOW6432Node\\CLSID\\{F241C880-6982-4CE5-8CF7-7085BA96DA5A}\\InprocServer32\\(Default)\r\nDetails: C:\\Users\\user-01\\AppData\\Local\\Microsoft\\OneDrive\\19.043.0304.0013\\FileSyncShell.dll\r\nUser: miacsdomain\\user-01","OpCode":"Info","ProcessGuid":"{3f87e246-b6cc-6a8f-bb03-000000001600}","ProcessId":"5840","RecordNumber":"33032","RuleName":"T1122","Sid":"S-1-5-18","SidType":"0","SourceName":"Microsoft-Windows-Sysmon","TargetObject":"HKU\\S-1-5-21-246749117-2054088174-1189330396-1105_Classes\\WOW6432Node\\CLSID\\{F241C880-6982-4CE5-8CF7-7085BA96DA5A}\\InprocServer32\\(Default)","TaskCategory":"Registry value set (rule: RegistryEvent)","Type":"Information","User":["NOT_TRANSLATED","miacsdomain\\user-01"],"UtcTime":"2026-08-27 04:02:20.123","_raw":"08/27/2026 06:02:20.136 AM\nLogName=Microsoft-Windows-Sysmon/Operational\nEventCode=13\nEventType=4\nComputerName=Win-10.miacsdomain.com\nUser=NOT_TRANSLATED\nSid=S-1-5-18\nSidType=0\nSourceName=Microsoft-Windows-Sysmon\nType=Information\nRecordNumber=33032\nKeywords=None\nTaskCategory=Registry value set (rule: RegistryEvent)\nOpCode=Info\nMessage=Registry value set:\r\nRuleName: T1122\r\nEventType: SetValue\r\nUtcTime: 2026-08-27 04:02:20.123\r\nProcessGuid: {3f87e246-b6cc-6a8f-bb03-000000001600}\r\nProcessId: 5840\r\nImage: C:\\Users\\user-01\\AppData\\Local\\Microsoft\\OneDrive\\OneDrive.exe\r\nTargetObject: HKU\\S-1-5-21-246749117-2054088174-1189330396-1105_Classes\\WOW6432Node\\CLSID\\{F241C880-6982-4CE5-8CF7-7085BA96DA5A}\\InprocServer32\\(Default)\r\nDetails: C:\\Users\\user-01\\AppData\\Local\\Microsoft\\OneDrive\\19.043.0304.0013\\FileSyncShell.dll\r\nUser: miacsdomain\\user-01","_time":"2026-08-27T06:02:20.136+0200","host":"Win-10","index":"main","linecount":"24","punct":"//_::._=--/===-..==---==--====___(:_)==__:\\r:_\\r:_\\r:","source":"WinEventLog:Microsoft-Windows-Sysmon/Operational","sourcetype":"WinEventLog:Microsoft-Windows-Sysmon/Operational","splunk_server":"splunk-virtual-machine"}}
{"preview":false,"result":{"ComputerName":"Win-10.miacsdomain.com","Details":"C:\\Users\\user-01\\AppData\\Local\\Microsoft\\OneDrive\\19.043.0304.0013\\amd64\\FileSyncShell64.dll","EventCode":"13","EventType":["4","SetValue"],"Image":"C:\\Users\\user-01\\AppData\\Local\\Microsoft\\OneDrive\\OneDrive.exe","Keywords":"None","LogName":"Microsoft-Windows-Sysmon/Operational","Message":"Registry value set:\r\nRuleName: T1122\r\nEventType: SetValue\r\nUtcTime: 2026-08-27 04:02:20.123\r\nProcessGuid: {3f87e246-b6cc-6a8f-bb03-000000001600}\r\nProcessId: 5840\r\nImage: C:\\Users\\user-01\\AppData\\Local\\Microsoft\\OneDrive\\OneDrive.exe\r\nTargetObject: HKU\\S-1-5-21-246749117-2054088174-1189330396-1105_Classes\\CLSID\\{F241C880-6982-4CE5-8CF7-7085BA96DA5A}\\InprocServer32\\(Default)\r\nDetails: C:\\Users\\user-01\\AppData\\Local\\Microsoft\\OneDrive\\19.043.0304.0013\\amd64\\FileSyncShell64.dll\r\nUser: miacsdomain\\user-01","OpCode":"Info","ProcessGuid":"{3f87e246-b6cc-6a8f-bb03-000000001600}","ProcessId":"5840","RecordNumber":"33031","RuleName":"T1122","Sid":"S-1-5-18","SidType":"0","SourceName":"Microsoft-Windows-Sysmon","TargetObject":"HKU\\S-1-5-21-246749117-2054088174-1189330396-1105_Classes\\CLSID\\{F241C880-6982-4CE5-8CF7-7085BA96DA5A}\\InprocServer32\\(Default)","TaskCategory":"Registry value set (rule: RegistryEvent)","Type":"Information","User":["NOT_TRANSLATED","miacsdomain\\user-01"],"UtcTime":"2026-08-27 04:02:20.123","_raw":"08/27/2026 06:02:20.136 AM\nLogName=Microsoft-Windows-Sysmon/Operational\nEventCode=13\nEventType=4\nComputerName=Win-10.miacsdomain.com\nUser=NOT_TRANSLATED\nSid=S-1-5-18\nSidType=0\nSourceName=Microsoft-Windows-Sysmon\nType=Information\nRecordNumber=33031\nKeywords=None\nTaskCategory=Registry value set (rule: RegistryEvent)\nOpCode=Info\nMessage=Registry value set:\r\nRuleName: T1122\r\nEventType: SetValue\r\nUtcTime: 2026-08-27 04:02:20.123\r\nProcessGuid: {3f87e246-b6cc-6a8f-bb03-000000001600}\r\nProcessId: 5840\r\nImage: C:\\Users\\user-01\\AppData\\Local\\Microsoft\\OneDrive\\OneDrive.exe\r\nTargetObject: HKU\\S-1-5-21-246749117-2054088174-1189330396-1105_Classes\\CLSID\\{F241C880-6982-4CE5-8CF7-7085BA96DA5A}\\InprocServer32\\(Default)\r\nDetails: C:\\Users\\user-01\\AppData\\Local\\Microsoft\\OneDrive\\19.043.0304.0013\\amd64\\FileSyncShell64.dll\r\nUser: miacsdomain\\user-01","_time":"2026-08-27T06:02:20.136+0200","host":"Win-10","index":"main","linecount":"24","punct":"//_::._=--/===-..==---==--====___(:_)==__:\\r:_\\r:_\\r:","source":"WinEventLog:Microsoft-Windows-Sysmon/Operational","sourcetype":"WinEventLog:Microsoft-Windows-Sysmon/Operational","splunk_server":"splunk-virtual-machine"}}
{"preview":false,"result":{"ComputerName":"Win-10.miacsdomain.com","Details":"C:\\Users\\user-01\\AppData\\Local\\Microsoft\\OneDrive\\19.043.0304.0013\\FileSyncShell.dll","EventCode":"13","EventType":["4","SetValue"],"Image":"C:\\Users\\user-01\\AppData\\Local\\Microsoft\\OneDrive\\OneDrive.exe","Keywords":"None","LogName":"Microsoft-Windows-Sysmon/Operational","Message":"Registry value set:\r\nRuleName: T1122\r\nEventType: SetValue\r\nUtcTime: 2026-08-27 04:02:20.123\r\nProcessGuid: {3f87e246-b6cc-6a8f-bb03-000000001600}\r\nProcessId: 5840\r\nImage: C:\\Users\\user-01\\AppData\\Local\\Microsoft\\OneDrive\\OneDrive.exe\r\nTargetObject: HKU\\S-1-5-21-246749117-2054088174-1189330396-1105_Classes\\WOW6432Node\\CLSID\\{A0396A93-DC06-4AEF-BEE9-95FFCCAEF20E}\\InprocServer32\\(Default)\r\nDetails: C:\\Users\\user-01\\AppData\\Local\\Microsoft\\OneDrive\\19.043.0304.0013\\FileSyncShell.dll\r\nUser: miacsdomain\\user-01","OpCode":"Info","ProcessGuid":"{3f87e246-b6cc-6a8f-bb03-000000001600}","ProcessId":"5840","RecordNumber":"33030","RuleName":"T1122","Sid":"S-1-5-18","SidType":"0","SourceName":"Microsoft-Windows-Sysmon","TargetObject":"HKU\\S-1-5-21-246749117-2054088174-1189330396-1105_Classes\\WOW6432Node\\CLSID\\{A0396A93-DC06-4AEF-BEE9-95FFCCAEF20E}\\InprocServer32\\(Default)","TaskCategory":"Registry value set (rule: RegistryEvent)","Type":"Information","User":["NOT_TRANSLATED","miacsdomain\\user-01"],"UtcTime":"2026-08-27 04:02:20.123","_raw":"08/27/2026 06:02:20.136 AM\nLogName=Microsoft-Windows-Sysmon/Operational\nEventCode=13\nEventType=4\nComputerName=Win-10.miacsdomain.com\nUser=NOT_TRANSLATED\nSid=S-1-5-18\nSidType=0\nSourceName=Microsoft-Windows-Sysmon\nType=Information\nRecordNumber=33030\nKeywords=None\nTaskCategory=Registry value set (rule: RegistryEvent)\nOpCode=Info\nMessage=Registry value set:\r\nRuleName: T1122\r\nEventType: SetValue\r\nUtcTime: 2026-08-27 04:02:20.123\r\nProcessGuid: {3f87e246-b6cc-6a8f-bb03-000000001600}\r\nProcessId: 5840\r\nImage: C:\\Users\\user-01\\AppData\\Local\\Microsoft\\OneDrive\\OneDrive.exe\r\nTargetObject: HKU\\S-1-5-21-246749117-2054088174-1189330396-1105_Classes\\WOW6432Node\\CLSID\\{A0396A93-DC06-4AEF-BEE9-95FFCCAEF20E}\\InprocServer32\\(Default)\r\nDetails: C:\\Users\\user-01\\AppData\\Local\\Microsoft\\OneDrive\\19.043.0304.0013\\FileSyncShell.dll\r\nUser: miacsdomain\\user-01","_time":"2026-08-27T06:02:20.136+0200","host":"Win-10","index":"main","linecount":"24","punct":"//_::._=--/===-..==---==--====___(:_)==__:\\r:_\\r:_\\r:","source":"WinEventLog:Microsoft-Windows-Sysmon/Operational","sourcetype":"WinEventLog:Microsoft-Windows-Sysmon/Operational","splunk_server":"splunk-virtual-machine"}}
{"preview":false,"result":{"ComputerName":"Win-10.miacsdomain.com","Details":"C:\\Users\\user-01\\AppData\\Local\\Microsoft\\OneDrive\\19.043.0304.0013\\amd64\\FileSyncShell64.dll","EventCode":"13","EventType":["4","SetValue"],"Image":"C:\\Users\\user-01\\AppData\\Local\\Microsoft\\OneDrive\\OneDrive.exe","Keywords":"None","LogName":"Microsoft-Windows-Sysmon/Operational","Message":"Registry value set:\r\nRuleName: T1122\r\nEventType: SetValue\r\nUtcTime: 2026-08-27 04:02:20.123\r\nProcessGuid: {3f87e246-b6cc-6a8f-bb03-000000001600}\r\nProcessId: 5840\r\nImage: C:\\Users\\user-01\\AppData\\Local\\Microsoft\\OneDrive\\OneDrive.exe\r\nTargetObject: HKU\\S-1-5-21-246749117-2054088174-1189330396-1105_Classes\\CLSID\\{A0396A93-DC06-4AEF-BEE9-95FFCCAEF20E}\\InprocServer32\\(Default)\r\nDetails: C:\\Users\\user-01\\AppData\\Local\\Microsoft\\OneDrive\\19.043.0304.0013\\amd64\\FileSyncShell64.dll\r\nUser: miacsdomain\\user-01","OpCode":"Info","ProcessGuid":"{3f87e246-b6cc-6a8f-bb03-000000001600}","ProcessId":"5840","RecordNumber":"33029","RuleName":"T1122","Sid":"S-1-5-18","SidType":"0","SourceName":"Microsoft-Windows-Sysmon","TargetObject":"HKU\\S-1-5-21-246749117-2054088174-1189330396-1105_Classes\\CLSID\\{A0396A93-DC06-4AEF-BEE9-95FFCCAEF20E}\\InprocServer32\\(Default)","TaskCategory":"Registry value set (rule: RegistryEvent)","Type":"Information","User":["NOT_TRANSLATED","miacsdomain\\user-01"],"UtcTime":"2026-08-27 04:02:20.123","_raw":"08/27/2026 06:02:20.136 AM\nLogName=Microsoft-Windows-Sysmon/Operational\nEventCode=13\nEventType=4\nComputerName=Win-10.miacsdomain.com\nUser=NOT_TRANSLATED\nSid=S-1-5-18\nSidType=0\nSourceName=Microsoft-Windows-Sysmon\nType=Information\nRecordNumber=33029\nKeywords=None\nTaskCategory=Registry value set (rule: RegistryEvent)\nOpCode=Info\nMessage=Registry value set:\r\nRuleName: T1122\r\nEventType: SetValue\r\nUtcTime: 2026-08-27 04:02:20.123\r\nProcessGuid: {3f87e246-b6cc-6a8f-bb03-000000001600}\r\nProcessId: 5840\r\nImage: C:\\Users\\user-01\\AppData\\Local\\Microsoft\\OneDrive\\OneDrive.exe\r\nTargetObject: HKU\\S-1-5-21-246749117-2054088174-1189330396-1105_Classes\\CLSID\\{A0396A93-DC06-4AEF-BEE9-95FFCCAEF20E}\\InprocServer32\\(Default)\r\nDetails: C:\\Users\\user-01\\AppData\\Local\\Microsoft\\OneDrive\\19.043.0304.0013\\amd64\\FileSyncShell64.dll\r\nUser: miacsdomain\\user-01","_time":"2026-08-27T06:02:20.136+0200","host":"Win-10","index":"main","linecount":"24","punct":"//_::._=--/===-..==---==--====___(:_)==__:\\r:_\\r:_\\r:","source":"WinEventLog:Microsoft-Windows-Sysmon/Operational","sourcetype":"WinEventLog:Microsoft-Windows-Sysmon/Operational","splunk_server":"splunk-virtual-machine"}}
{"preview":false,"result":{"ComputerName":"Win-10.miacsdomain.com","Details":"C:\\Users\\user-01\\AppData\\Local\\Microsoft\\OneDrive\\19.043.0304.0013\\FileSyncShell.dll","EventCode":"13","EventType":["4","SetValue"],"Image":"C:\\Users\\user-01\\AppData\\Local\\Microsoft\\OneDrive\\OneDrive.exe","Keywords":"None","LogName":"Microsoft-Windows-Sysmon/Operational","Message":"Registry value set:\r\nRuleName: T1122\r\nEventType: SetValue\r\nUtcTime: 2026-08-27 04:02:20.107\r\nProcessGuid: {3f87e246-b6cc-6a8f-bb03-000000001600}\r\nProcessId: 5840\r\nImage: C:\\Users\\user-01\\AppData\\Local\\Microsoft\\OneDrive\\OneDrive.exe\r\nTargetObject: HKU\\S-1-5-21-246749117-2054088174-1189330396-1105_Classes\\WOW6432Node\\CLSID\\{A78ED123-AB77-406B-9962-2A5D9D2F7F30}\\InprocServer32\\(Default)\r\nDetails: C:\\Users\\user-01\\AppData\\Local\\Microsoft\\OneDrive\\19.043.0304.0013\\FileSyncShell.dll\r\nUser: miacsdomain\\user-01","OpCode":"Info","ProcessGuid":"{3f87e246-b6cc-6a8f-bb03-000000001600}","ProcessId":"5840","RecordNumber":"33028","RuleName":"T1122","Sid":"S-1-5-18","SidType":"0","SourceName":"Microsoft-Windows-Sysmon","TargetObject":"HKU\\S-1-5-21-246749117-2054088174-1189330396-1105_Classes\\WOW6432Node\\CLSID\\{A78ED123-AB77-406B-9962-2A5D9D2F7F30}\\InprocServer32\\(Default)","TaskCategory":"Registry value set (rule: RegistryEvent)","Type":"Information","User":["NOT_TRANSLATED","miacsdomain\\user-01"],"UtcTime":"2026-08-27 04:02:20.107","_raw":"08/27/2026 06:02:20.136 AM\nLogName=Microsoft-Windows-Sysmon/Operational\nEventCode=13\nEventType=4\nComputerName=Win-10.miacsdomain.com\nUser=NOT_TRANSLATED\nSid=S-1-5-18\nSidType=0\nSourceName=Microsoft-Windows-Sysmon\nType=Information\nRecordNumber=33028\nKeywords=None\nTaskCategory=Registry value set (rule: RegistryEvent)\nOpCode=Info\nMessage=Registry value set:\r\nRuleName: T1122\r\nEventType: SetValue\r\nUtcTime: 2026-08-27 04:02:20.107\r\nProcessGuid: {3f87e246-b6cc-6a8f-bb03-000000001600}\r\nProcessId: 5840\r\nImage: C:\\Users\\user-01\\AppData\\Local\\Microsoft\\OneDrive\\OneDrive.exe\r\nTargetObject: HKU\\S-1-5-21-246749117-2054088174-1189330396-1105_Classes\\WOW6432Node\\CLSID\\{A78ED123-AB77-406B-9962-2A5D9D2F7F30}\\InprocServer32\\(Default)\r\nDetails: C:\\Users\\user-01\\AppData\\Local\\Microsoft\\OneDrive\\19.043.0304.0013\\FileSyncShell.dll\r\nUser: miacsdomain\\user-01","_time":"2026-08-27T06:02:20.136+0200","host":"Win-10","index":"main","linecount":"24","punct":"//_::._=--/===-..==---==--====___(:_)==__:\\r:_\\r:_\\r:","source":"WinEventLog:Microsoft-Windows-Sysmon/Operational","sourcetype":"WinEventLog:Microsoft-Windows-Sysmon/Operational","splunk_server":"splunk-virtual-machine"}}
