{"preview":false,"result":{"Account_Domain":["miacsdomain","WIN-10"],"Account_Name":["WIN-10$","DefaultAccount"],"ComputerName":"Win-10.miacsdomain.com","EventCode":"4798","EventType":"0","Keywords":"Audit Success","LogName":"Security","Logon_ID":"0x3E7","Message":"A user's local group membership was enumerated.\r\n\r\nSubject:\r\n\tSecurity ID:\t\tS-1-5-18\r\n\tAccount Name:\t\tWIN-10$\r\n\tAccount Domain:\t\tmiacsdomain\r\n\tLogon ID:\t\t0x3E7\r\n\r\nUser:\r\n\tSecurity ID:\t\tS-1-5-21-3017555526-3441792313-1808065030-503\r\n\tAccount Name:\t\tDefaultAccount\r\n\tAccount Domain:\t\tWIN-10\r\n\r\nProcess Information:\r\n\tProcess ID:\t\t0x140\r\n\tProcess Name:\t\tC:\\Windows\\System32\\svchost.exe","OpCode":"Info","Process_ID":"0x140","Process_Name":"C:\\Windows\\System32\\svchost.exe","RecordNumber":"17207","Security_ID":["S-1-5-18","S-1-5-21-3017555526-3441792313-1808065030-503"],"SourceName":"Microsoft Windows security auditing.","TaskCategory":"User Account Management","Type":"Information","_raw":"08/27/2026 06:04:48.847 AM\nLogName=Security\nEventCode=4798\nEventType=0\nComputerName=Win-10.miacsdomain.com\nSourceName=Microsoft Windows security auditing.\nType=Information\nRecordNumber=17207\nKeywords=Audit Success\nTaskCategory=User Account Management\nOpCode=Info\nMessage=A user's local group membership was enumerated.\r\n\r\nSubject:\r\n\tSecurity ID:\t\tS-1-5-18\r\n\tAccount Name:\t\tWIN-10$\r\n\tAccount Domain:\t\tmiacsdomain\r\n\tLogon ID:\t\t0x3E7\r\n\r\nUser:\r\n\tSecurity ID:\t\tS-1-5-21-3017555526-3441792313-1808065030-503\r\n\tAccount Name:\t\tDefaultAccount\r\n\tAccount Domain:\t\tWIN-10\r\n\r\nProcess Information:\r\n\tProcess ID:\t\t0x140\r\n\tProcess Name:\t\tC:\\Windows\\System32\\svchost.exe","_time":"2026-08-27T06:04:48.847+0200","host":"Win-10","index":"main","linecount":"27","punct":"//_::._====-..=___.===_=__==_'_____.\\r\\r:\\rt_:tt---\\rt","source":"WinEventLog:Security","sourcetype":"WinEventLog:Security","splunk_server":"splunk-virtual-machine"}}
{"preview":false,"result":{"Account_Domain":["miacsdomain","WIN-10"],"Account_Name":["WIN-10$","alice"],"ComputerName":"Win-10.miacsdomain.com","EventCode":"4798","EventType":"0","Keywords":"Audit Success","LogName":"Security","Logon_ID":"0x3E7","Message":"A user's local group membership was enumerated.\r\n\r\nSubject:\r\n\tSecurity ID:\t\tS-1-5-18\r\n\tAccount Name:\t\tWIN-10$\r\n\tAccount Domain:\t\tmiacsdomain\r\n\tLogon ID:\t\t0x3E7\r\n\r\nUser:\r\n\tSecurity ID:\t\tS-1-5-21-3017555526-3441792313-1808065030-1001\r\n\tAccount Name:\t\talice\r\n\tAccount Domain:\t\tWIN-10\r\n\r\nProcess Information:\r\n\tProcess ID:\t\t0x140\r\n\tProcess Name:\t\tC:\\Windows\\System32\\svchost.exe","OpCode":"Info","Process_ID":"0x140","Process_Name":"C:\\Windows\\System32\\svchost.exe","RecordNumber":"17206","Security_ID":["S-1-5-18","S-1-5-21-3017555526-3441792313-1808065030-1001"],"SourceName":"Microsoft Windows security auditing.","TaskCategory":"User Account Management","Type":"Information","_raw":"08/27/2026 06:04:48.847 AM\nLogName=Security\nEventCode=4798\nEventType=0\nComputerName=Win-10.miacsdomain.com\nSourceName=Microsoft Windows security auditing.\nType=Information\nRecordNumber=17206\nKeywords=Audit Success\nTaskCategory=User Account Management\nOpCode=Info\nMessage=A user's local group membership was enumerated.\r\n\r\nSubject:\r\n\tSecurity ID:\t\tS-1-5-18\r\n\tAccount Name:\t\tWIN-10$\r\n\tAccount Domain:\t\tmiacsdomain\r\n\tLogon ID:\t\t0x3E7\r\n\r\nUser:\r\n\tSecurity ID:\t\tS-1-5-21-3017555526-3441792313-1808065030-1001\r\n\tAccount Name:\t\talice\r\n\tAccount Domain:\t\tWIN-10\r\n\r\nProcess Information:\r\n\tProcess ID:\t\t0x140\r\n\tProcess Name:\t\tC:\\Windows\\System32\\svchost.exe","_time":"2026-08-27T06:04:48.847+0200","host":"Win-10","index":"main","linecount":"27","punct":"//_::._====-..=___.===_=__==_'_____.\\r\\r:\\rt_:tt---\\rt","source":"WinEventLog:Security","sourcetype":"WinEventLog:Security","splunk_server":"splunk-virtual-machine"}}
{"preview":false,"result":{"Account_Domain":["miacsdomain","WIN-10"],"Account_Name":["WIN-10$","adminlocal"],"ComputerName":"Win-10.miacsdomain.com","EventCode":"4798","EventType":"0","Keywords":"Audit Success","LogName":"Security","Logon_ID":"0x3E7","Message":"A user's local group membership was enumerated.\r\n\r\nSubject:\r\n\tSecurity ID:\t\tS-1-5-18\r\n\tAccount Name:\t\tWIN-10$\r\n\tAccount Domain:\t\tmiacsdomain\r\n\tLogon ID:\t\t0x3E7\r\n\r\nUser:\r\n\tSecurity ID:\t\tS-1-5-21-3017555526-3441792313-1808065030-1002\r\n\tAccount Name:\t\tadminlocal\r\n\tAccount Domain:\t\tWIN-10\r\n\r\nProcess Information:\r\n\tProcess ID:\t\t0x140\r\n\tProcess Name:\t\tC:\\Windows\\System32\\svchost.exe","OpCode":"Info","Process_ID":"0x140","Process_Name":"C:\\Windows\\System32\\svchost.exe","RecordNumber":"17205","Security_ID":["S-1-5-18","S-1-5-21-3017555526-3441792313-1808065030-1002"],"SourceName":"Microsoft Windows security auditing.","TaskCategory":"User Account Management","Type":"Information","_raw":"08/27/2026 06:04:48.847 AM\nLogName=Security\nEventCode=4798\nEventType=0\nComputerName=Win-10.miacsdomain.com\nSourceName=Microsoft Windows security auditing.\nType=Information\nRecordNumber=17205\nKeywords=Audit Success\nTaskCategory=User Account Management\nOpCode=Info\nMessage=A user's local group membership was enumerated.\r\n\r\nSubject:\r\n\tSecurity ID:\t\tS-1-5-18\r\n\tAccount Name:\t\tWIN-10$\r\n\tAccount Domain:\t\tmiacsdomain\r\n\tLogon ID:\t\t0x3E7\r\n\r\nUser:\r\n\tSecurity ID:\t\tS-1-5-21-3017555526-3441792313-1808065030-1002\r\n\tAccount Name:\t\tadminlocal\r\n\tAccount Domain:\t\tWIN-10\r\n\r\nProcess Information:\r\n\tProcess ID:\t\t0x140\r\n\tProcess Name:\t\tC:\\Windows\\System32\\svchost.exe","_time":"2026-08-27T06:04:48.847+0200","host":"Win-10","index":"main","linecount":"27","punct":"//_::._====-..=___.===_=__==_'_____.\\r\\r:\\rt_:tt---\\rt","source":"WinEventLog:Security","sourcetype":"WinEventLog:Security","splunk_server":"splunk-virtual-machine"}}
{"preview":false,"result":{"Account_Domain":["miacsdomain","WIN-10"],"Account_Name":["WIN-10$","Administrator"],"ComputerName":"Win-10.miacsdomain.com","EventCode":"4798","EventType":"0","Keywords":"Audit Success","LogName":"Security","Logon_ID":"0x3E7","Message":"A user's local group membership was enumerated.\r\n\r\nSubject:\r\n\tSecurity ID:\t\tS-1-5-18\r\n\tAccount Name:\t\tWIN-10$\r\n\tAccount Domain:\t\tmiacsdomain\r\n\tLogon ID:\t\t0x3E7\r\n\r\nUser:\r\n\tSecurity ID:\t\tS-1-5-21-3017555526-3441792313-1808065030-500\r\n\tAccount Name:\t\tAdministrator\r\n\tAccount Domain:\t\tWIN-10\r\n\r\nProcess Information:\r\n\tProcess ID:\t\t0x140\r\n\tProcess Name:\t\tC:\\Windows\\System32\\svchost.exe","OpCode":"Info","Process_ID":"0x140","Process_Name":"C:\\Windows\\System32\\svchost.exe","RecordNumber":"17204","Security_ID":["S-1-5-18","S-1-5-21-3017555526-3441792313-1808065030-500"],"SourceName":"Microsoft Windows security auditing.","TaskCategory":"User Account Management","Type":"Information","_raw":"08/27/2026 06:04:48.847 AM\nLogName=Security\nEventCode=4798\nEventType=0\nComputerName=Win-10.miacsdomain.com\nSourceName=Microsoft Windows security auditing.\nType=Information\nRecordNumber=17204\nKeywords=Audit Success\nTaskCategory=User Account Management\nOpCode=Info\nMessage=A user's local group membership was enumerated.\r\n\r\nSubject:\r\n\tSecurity ID:\t\tS-1-5-18\r\n\tAccount Name:\t\tWIN-10$\r\n\tAccount Domain:\t\tmiacsdomain\r\n\tLogon ID:\t\t0x3E7\r\n\r\nUser:\r\n\tSecurity ID:\t\tS-1-5-21-3017555526-3441792313-1808065030-500\r\n\tAccount Name:\t\tAdministrator\r\n\tAccount Domain:\t\tWIN-10\r\n\r\nProcess Information:\r\n\tProcess ID:\t\t0x140\r\n\tProcess Name:\t\tC:\\Windows\\System32\\svchost.exe","_time":"2026-08-27T06:04:48.847+0200","host":"Win-10","index":"main","linecount":"27","punct":"//_::._====-..=___.===_=__==_'_____.\\r\\r:\\rt_:tt---\\rt","source":"WinEventLog:Security","sourcetype":"WinEventLog:Security","splunk_server":"splunk-virtual-machine"}}
{"preview":false,"result":{"Account_Domain":"miacsdomain","Account_Name":"user-01","ComputerName":"Win-10.miacsdomain.com","EventCode":"4647","EventType":"0","Keywords":"Audit Success","LogName":"Security","Logon_ID":"0x4C761C","Message":"User initiated logoff:\r\n\r\nSubject:\r\n\tSecurity ID:\t\tS-1-5-21-246749117-2054088174-1189330396-1105\r\n\tAccount Name:\t\tuser-01\r\n\tAccount Domain:\t\tmiacsdomain\r\n\tLogon ID:\t\t0x4C761C\r\n\r\nThis event is generated when a logoff is initiated. No further user-initiated activity can occur. This event can be interpreted as a logoff event.","OpCode":"Info","RecordNumber":"17203","Security_ID":"S-1-5-21-246749117-2054088174-1189330396-1105","SourceName":"Microsoft Windows security auditing.","TaskCategory":"Logoff","Type":"Information","_raw":"08/27/2026 06:04:48.797 AM\nLogName=Security\nEventCode=4647\nEventType=0\nComputerName=Win-10.miacsdomain.com\nSourceName=Microsoft Windows security auditing.\nType=Information\nRecordNumber=17203\nKeywords=Audit Success\nTaskCategory=Logoff\nOpCode=Info\nMessage=User initiated logoff:\r\n\r\nSubject:\r\n\tSecurity ID:\t\tS-1-5-21-246749117-2054088174-1189330396-1105\r\n\tAccount Name:\t\tuser-01\r\n\tAccount Domain:\t\tmiacsdomain\r\n\tLogon ID:\t\t0x4C761C\r\n\r\nThis event is generated when a logoff is initiated. No further user-initiated activity can occur. This event can be interpreted as a logoff event.","_time":"2026-08-27T06:04:48.797+0200","host":"Win-10","index":"main","linecount":"20","punct":"//_::._====-..=___.===_===__:\\r\\r:\\rt_:tt-------\\rt_:t","source":"WinEventLog:Security","sourcetype":"WinEventLog:Security","splunk_server":"splunk-virtual-machine"}}
{"preview":false,"result":{"Archived":"true","ComputerName":"Win-10.miacsdomain.com","EventCode":"23","EventType":"4","Hashes":"MD5=65A0C32246AFA5FA8AE2822E789EB14E,SHA256=72CFBB2801075B78588C092712D2E729F20F789ECAF8250587788A7E65EE1219,IMPHASH=00000000000000000000000000000000","Image":"C:\\Windows\\explorer.exe","IsExecutable":"false","Keywords":"None","LogName":"Microsoft-Windows-Sysmon/Operational","Message":"File Delete archived:\r\nRuleName: -\r\nUtcTime: 2026-08-27 04:04:48.732\r\nProcessGuid: {3f87e246-b75b-6a8f-eb03-000000001600}\r\nProcessId: 5688\r\nUser: miacsdomain\\user-01\r\nImage: C:\\Windows\\explorer.exe\r\nTargetFilename: C:\\Users\\user-01\\AppData\\Local\\Microsoft\\PenWorkspace\\DiscoverCacheData.dat\r\nHashes: MD5=65A0C32246AFA5FA8AE2822E789EB14E,SHA256=72CFBB2801075B78588C092712D2E729F20F789ECAF8250587788A7E65EE1219,IMPHASH=00000000000000000000000000000000\r\nIsExecutable: false\r\nArchived: true","OpCode":"Info","ProcessGuid":"{3f87e246-b75b-6a8f-eb03-000000001600}","ProcessId":"5688","RecordNumber":"33197","RuleName":"-","Sid":"S-1-5-18","SidType":"0","SourceName":"Microsoft-Windows-Sysmon","TargetFilename":"C:\\Users\\user-01\\AppData\\Local\\Microsoft\\PenWorkspace\\DiscoverCacheData.dat","TaskCategory":"File Delete archived (rule: FileDelete)","Type":"Information","User":["NOT_TRANSLATED","miacsdomain\\user-01"],"UtcTime":"2026-08-27 04:04:48.732","_raw":"08/27/2026 06:04:48.745 AM\nLogName=Microsoft-Windows-Sysmon/Operational\nEventCode=23\nEventType=4\nComputerName=Win-10.miacsdomain.com\nUser=NOT_TRANSLATED\nSid=S-1-5-18\nSidType=0\nSourceName=Microsoft-Windows-Sysmon\nType=Information\nRecordNumber=33197\nKeywords=None\nTaskCategory=File Delete archived (rule: FileDelete)\nOpCode=Info\nMessage=File Delete archived:\r\nRuleName: -\r\nUtcTime: 2026-08-27 04:04:48.732\r\nProcessGuid: {3f87e246-b75b-6a8f-eb03-000000001600}\r\nProcessId: 5688\r\nUser: miacsdomain\\user-01\r\nImage: C:\\Windows\\explorer.exe\r\nTargetFilename: C:\\Users\\user-01\\AppData\\Local\\Microsoft\\PenWorkspace\\DiscoverCacheData.dat\r\nHashes: MD5=65A0C32246AFA5FA8AE2822E789EB14E,SHA256=72CFBB2801075B78588C092712D2E729F20F789ECAF8250587788A7E65EE1219,IMPHASH=00000000000000000000000000000000\r\nIsExecutable: false\r\nArchived: true","_time":"2026-08-27T06:04:48.745+0200","host":"Win-10","index":"main","linecount":"25","punct":"//_::._=--/===-..==---==--====___(:_)==__:\\r:_-\\r:_-","source":"WinEventLog:Microsoft-Windows-Sysmon/Operational","sourcetype":"WinEventLog:Microsoft-Windows-Sysmon/Operational","splunk_server":"splunk-virtual-machine"}}
{"preview":false,"result":{"Archived":"true","ComputerName":"Win-10.miacsdomain.com","EventCode":"23","EventType":"4","Hashes":"MD5=FCCB8C5CC5788DE7E9E875B600A5181C,SHA256=60D602951570391407E9B63EA39D41ACDF01C797215330C6548EB81460B124C5,IMPHASH=00000000000000000000000000000000","Image":"C:\\Windows\\explorer.exe","IsExecutable":"false","Keywords":"None","LogName":"Microsoft-Windows-Sysmon/Operational","Message":"File Delete archived:\r\nRuleName: -\r\nUtcTime: 2026-08-27 04:04:48.279\r\nProcessGuid: {3f87e246-b75b-6a8f-eb03-000000001600}\r\nProcessId: 5688\r\nUser: miacsdomain\\user-01\r\nImage: C:\\Windows\\explorer.exe\r\nTargetFilename: C:\\Users\\user-01\\AppData\\Local\\Microsoft\\Windows\\Caches\\{AFBF9F1A-8EE8-4C77-AF34-C647E37CA0D9}.1.ver0x000000000000000b.db\r\nHashes: MD5=FCCB8C5CC5788DE7E9E875B600A5181C,SHA256=60D602951570391407E9B63EA39D41ACDF01C797215330C6548EB81460B124C5,IMPHASH=00000000000000000000000000000000\r\nIsExecutable: false\r\nArchived: true","OpCode":"Info","ProcessGuid":"{3f87e246-b75b-6a8f-eb03-000000001600}","ProcessId":"5688","RecordNumber":"33196","RuleName":"-","Sid":"S-1-5-18","SidType":"0","SourceName":"Microsoft-Windows-Sysmon","TargetFilename":"C:\\Users\\user-01\\AppData\\Local\\Microsoft\\Windows\\Caches\\{AFBF9F1A-8EE8-4C77-AF34-C647E37CA0D9}.1.ver0x000000000000000b.db","TaskCategory":"File Delete archived (rule: FileDelete)","Type":"Information","User":["NOT_TRANSLATED","miacsdomain\\user-01"],"UtcTime":"2026-08-27 04:04:48.279","_raw":"08/27/2026 06:04:48.293 AM\nLogName=Microsoft-Windows-Sysmon/Operational\nEventCode=23\nEventType=4\nComputerName=Win-10.miacsdomain.com\nUser=NOT_TRANSLATED\nSid=S-1-5-18\nSidType=0\nSourceName=Microsoft-Windows-Sysmon\nType=Information\nRecordNumber=33196\nKeywords=None\nTaskCategory=File Delete archived (rule: FileDelete)\nOpCode=Info\nMessage=File Delete archived:\r\nRuleName: -\r\nUtcTime: 2026-08-27 04:04:48.279\r\nProcessGuid: {3f87e246-b75b-6a8f-eb03-000000001600}\r\nProcessId: 5688\r\nUser: miacsdomain\\user-01\r\nImage: C:\\Windows\\explorer.exe\r\nTargetFilename: C:\\Users\\user-01\\AppData\\Local\\Microsoft\\Windows\\Caches\\{AFBF9F1A-8EE8-4C77-AF34-C647E37CA0D9}.1.ver0x000000000000000b.db\r\nHashes: MD5=FCCB8C5CC5788DE7E9E875B600A5181C,SHA256=60D602951570391407E9B63EA39D41ACDF01C797215330C6548EB81460B124C5,IMPHASH=00000000000000000000000000000000\r\nIsExecutable: false\r\nArchived: true","_time":"2026-08-27T06:04:48.293+0200","host":"Win-10","index":"main","linecount":"25","punct":"//_::._=--/===-..==---==--====___(:_)==__:\\r:_-\\r:_-","source":"WinEventLog:Microsoft-Windows-Sysmon/Operational","sourcetype":"WinEventLog:Microsoft-Windows-Sysmon/Operational","splunk_server":"splunk-virtual-machine"}}
{"preview":false,"result":{"Archived":"true","ComputerName":"Win-10.miacsdomain.com","EventCode":"23","EventType":"4","Hashes":"MD5=8D5E4E5B8E09BB0613D0E9D2D70A9C28,SHA256=3E8BA7326BCF1709197B631DA755E438593DAE3931F0ADE0FBE68A782C436246,IMPHASH=00000000000000000000000000000000","Image":"C:\\Windows\\explorer.exe","IsExecutable":"false","Keywords":"None","LogName":"Microsoft-Windows-Sysmon/Operational","Message":"File Delete archived:\r\nRuleName: -\r\nUtcTime: 2026-08-27 04:04:48.279\r\nProcessGuid: {3f87e246-b75b-6a8f-eb03-000000001600}\r\nProcessId: 5688\r\nUser: miacsdomain\\user-01\r\nImage: C:\\Windows\\explorer.exe\r\nTargetFilename: C:\\Users\\user-01\\AppData\\Local\\IconCache.db\r\nHashes: MD5=8D5E4E5B8E09BB0613D0E9D2D70A9C28,SHA256=3E8BA7326BCF1709197B631DA755E438593DAE3931F0ADE0FBE68A782C436246,IMPHASH=00000000000000000000000000000000\r\nIsExecutable: false\r\nArchived: true","OpCode":"Info","ProcessGuid":"{3f87e246-b75b-6a8f-eb03-000000001600}","ProcessId":"5688","RecordNumber":"33195","RuleName":"-","Sid":"S-1-5-18","SidType":"0","SourceName":"Microsoft-Windows-Sysmon","TargetFilename":"C:\\Users\\user-01\\AppData\\Local\\IconCache.db","TaskCategory":"File Delete archived (rule: FileDelete)","Type":"Information","User":["NOT_TRANSLATED","miacsdomain\\user-01"],"UtcTime":"2026-08-27 04:04:48.279","_raw":"08/27/2026 06:04:48.280 AM\nLogName=Microsoft-Windows-Sysmon/Operational\nEventCode=23\nEventType=4\nComputerName=Win-10.miacsdomain.com\nUser=NOT_TRANSLATED\nSid=S-1-5-18\nSidType=0\nSourceName=Microsoft-Windows-Sysmon\nType=Information\nRecordNumber=33195\nKeywords=None\nTaskCategory=File Delete archived (rule: FileDelete)\nOpCode=Info\nMessage=File Delete archived:\r\nRuleName: -\r\nUtcTime: 2026-08-27 04:04:48.279\r\nProcessGuid: {3f87e246-b75b-6a8f-eb03-000000001600}\r\nProcessId: 5688\r\nUser: miacsdomain\\user-01\r\nImage: C:\\Windows\\explorer.exe\r\nTargetFilename: C:\\Users\\user-01\\AppData\\Local\\IconCache.db\r\nHashes: MD5=8D5E4E5B8E09BB0613D0E9D2D70A9C28,SHA256=3E8BA7326BCF1709197B631DA755E438593DAE3931F0ADE0FBE68A782C436246,IMPHASH=00000000000000000000000000000000\r\nIsExecutable: false\r\nArchived: true","_time":"2026-08-27T06:04:48.280+0200","host":"Win-10","index":"main","linecount":"25","punct":"//_::._=--/===-..==---==--====___(:_)==__:\\r:_-\\r:_-","source":"WinEventLog:Microsoft-Windows-Sysmon/Operational","sourcetype":"WinEventLog:Microsoft-Windows-Sysmon/Operational","splunk_server":"splunk-virtual-machine"}}
{"preview":false,"result":{"ComputerName":"Win-10.miacsdomain.com","EventCode":"5","EventType":"4","Image":"C:\\Users\\user-01\\AppData\\Local\\Microsoft\\OneDrive\\OneDrive.exe","Keywords":"None","LogName":"Microsoft-Windows-Sysmon/Operational","Message":"Process terminated:\r\nRuleName: -\r\nUtcTime: 2026-08-27 04:04:48.232\r\nProcessGuid: {3f87e246-b6cc-6a8f-bb03-000000001600}\r\nProcessId: 5840\r\nImage: C:\\Users\\user-01\\AppData\\Local\\Microsoft\\OneDrive\\OneDrive.exe\r\nUser: miacsdomain\\user-01","OpCode":"Info","ProcessGuid":"{3f87e246-b6cc-6a8f-bb03-000000001600}","ProcessId":"5840","RecordNumber":"33194","RuleName":"-","Sid":"S-1-5-18","SidType":"0","SourceName":"Microsoft-Windows-Sysmon","TaskCategory":"Process terminated (rule: ProcessTerminate)","Type":"Information","User":["NOT_TRANSLATED","miacsdomain\\user-01"],"UtcTime":"2026-08-27 04:04:48.232","_raw":"08/27/2026 06:04:48.245 AM\nLogName=Microsoft-Windows-Sysmon/Operational\nEventCode=5\nEventType=4\nComputerName=Win-10.miacsdomain.com\nUser=NOT_TRANSLATED\nSid=S-1-5-18\nSidType=0\nSourceName=Microsoft-Windows-Sysmon\nType=Information\nRecordNumber=33194\nKeywords=None\nTaskCategory=Process terminated (rule: ProcessTerminate)\nOpCode=Info\nMessage=Process terminated:\r\nRuleName: -\r\nUtcTime: 2026-08-27 04:04:48.232\r\nProcessGuid: {3f87e246-b6cc-6a8f-bb03-000000001600}\r\nProcessId: 5840\r\nImage: C:\\Users\\user-01\\AppData\\Local\\Microsoft\\OneDrive\\OneDrive.exe\r\nUser: miacsdomain\\user-01","_time":"2026-08-27T06:04:48.245+0200","host":"Win-10","index":"main","linecount":"21","punct":"//_::._=--/===-..==---==--====__(:_)==_:\\r:_-\\r:_--_","source":"WinEventLog:Microsoft-Windows-Sysmon/Operational","sourcetype":"WinEventLog:Microsoft-Windows-Sysmon/Operational","splunk_server":"splunk-virtual-machine"}}
{"preview":false,"result":{"Archived":"true","ComputerName":"Win-10.miacsdomain.com","EventCode":"23","EventType":"4","Hashes":"MD5=280B5AFD845BD6385D91217D861A0C18,SHA256=90B4A8B1D9809E2969EB78F39A9667072C00E8534FCF987285BA6C28E2BD2432,IMPHASH=00000000000000000000000000000000","Image":"C:\\Users\\user-01\\AppData\\Local\\Microsoft\\OneDrive\\OneDrive.exe","IsExecutable":"false","Keywords":"None","LogName":"Microsoft-Windows-Sysmon/Operational","Message":"File Delete archived:\r\nRuleName: -\r\nUtcTime: 2026-08-27 04:04:48.170\r\nProcessGuid: {3f87e246-b6cc-6a8f-bb03-000000001600}\r\nProcessId: 5840\r\nUser: miacsdomain\\user-01\r\nImage: C:\\Users\\user-01\\AppData\\Local\\Microsoft\\OneDrive\\OneDrive.exe\r\nTargetFilename: C:\\Users\\user-01\\AppData\\Local\\Microsoft\\OneDrive\\settings\\Personal\\assertInformation.backup.ini\r\nHashes: MD5=280B5AFD845BD6385D91217D861A0C18,SHA256=90B4A8B1D9809E2969EB78F39A9667072C00E8534FCF987285BA6C28E2BD2432,IMPHASH=00000000000000000000000000000000\r\nIsExecutable: false\r\nArchived: true","OpCode":"Info","ProcessGuid":"{3f87e246-b6cc-6a8f-bb03-000000001600}","ProcessId":"5840","RecordNumber":"33193","RuleName":"-","Sid":"S-1-5-18","SidType":"0","SourceName":"Microsoft-Windows-Sysmon","TargetFilename":"C:\\Users\\user-01\\AppData\\Local\\Microsoft\\OneDrive\\settings\\Personal\\assertInformation.backup.ini","TaskCategory":"File Delete archived (rule: FileDelete)","Type":"Information","User":["NOT_TRANSLATED","miacsdomain\\user-01"],"UtcTime":"2026-08-27 04:04:48.170","_raw":"08/27/2026 06:04:48.181 AM\nLogName=Microsoft-Windows-Sysmon/Operational\nEventCode=23\nEventType=4\nComputerName=Win-10.miacsdomain.com\nUser=NOT_TRANSLATED\nSid=S-1-5-18\nSidType=0\nSourceName=Microsoft-Windows-Sysmon\nType=Information\nRecordNumber=33193\nKeywords=None\nTaskCategory=File Delete archived (rule: FileDelete)\nOpCode=Info\nMessage=File Delete archived:\r\nRuleName: -\r\nUtcTime: 2026-08-27 04:04:48.170\r\nProcessGuid: {3f87e246-b6cc-6a8f-bb03-000000001600}\r\nProcessId: 5840\r\nUser: miacsdomain\\user-01\r\nImage: C:\\Users\\user-01\\AppData\\Local\\Microsoft\\OneDrive\\OneDrive.exe\r\nTargetFilename: C:\\Users\\user-01\\AppData\\Local\\Microsoft\\OneDrive\\settings\\Personal\\assertInformation.backup.ini\r\nHashes: MD5=280B5AFD845BD6385D91217D861A0C18,SHA256=90B4A8B1D9809E2969EB78F39A9667072C00E8534FCF987285BA6C28E2BD2432,IMPHASH=00000000000000000000000000000000\r\nIsExecutable: false\r\nArchived: true","_time":"2026-08-27T06:04:48.181+0200","host":"Win-10","index":"main","linecount":"25","punct":"//_::._=--/===-..==---==--====___(:_)==__:\\r:_-\\r:_-","source":"WinEventLog:Microsoft-Windows-Sysmon/Operational","sourcetype":"WinEventLog:Microsoft-Windows-Sysmon/Operational","splunk_server":"splunk-virtual-machine"}}
{"preview":false,"result":{"Archived":"true","ComputerName":"Win-10.miacsdomain.com","EventCode":"23","EventType":"4","Hashes":"MD5=6EB026E4D05B8C117211290330D62D21,SHA256=E0E548A7D83A294811D3B05024D9673E745C18AF537644E2CAC263381FCC1ECD,IMPHASH=00000000000000000000000000000000","Image":"C:\\Users\\user-01\\AppData\\Local\\Microsoft\\OneDrive\\OneDrive.exe","IsExecutable":"false","Keywords":"None","LogName":"Microsoft-Windows-Sysmon/Operational","Message":"File Delete archived:\r\nRuleName: -\r\nUtcTime: 2026-08-27 04:04:48.170\r\nProcessGuid: {3f87e246-b6cc-6a8f-bb03-000000001600}\r\nProcessId: 5840\r\nUser: miacsdomain\\user-01\r\nImage: C:\\Users\\user-01\\AppData\\Local\\Microsoft\\OneDrive\\OneDrive.exe\r\nTargetFilename: C:\\Users\\user-01\\AppData\\Local\\Microsoft\\OneDrive\\settings\\Personal\\global.backup.ini\r\nHashes: MD5=6EB026E4D05B8C117211290330D62D21,SHA256=E0E548A7D83A294811D3B05024D9673E745C18AF537644E2CAC263381FCC1ECD,IMPHASH=00000000000000000000000000000000\r\nIsExecutable: false\r\nArchived: true","OpCode":"Info","ProcessGuid":"{3f87e246-b6cc-6a8f-bb03-000000001600}","ProcessId":"5840","RecordNumber":"33192","RuleName":"-","Sid":"S-1-5-18","SidType":"0","SourceName":"Microsoft-Windows-Sysmon","TargetFilename":"C:\\Users\\user-01\\AppData\\Local\\Microsoft\\OneDrive\\settings\\Personal\\global.backup.ini","TaskCategory":"File Delete archived (rule: FileDelete)","Type":"Information","User":["NOT_TRANSLATED","miacsdomain\\user-01"],"UtcTime":"2026-08-27 04:04:48.170","_raw":"08/27/2026 06:04:48.179 AM\nLogName=Microsoft-Windows-Sysmon/Operational\nEventCode=23\nEventType=4\nComputerName=Win-10.miacsdomain.com\nUser=NOT_TRANSLATED\nSid=S-1-5-18\nSidType=0\nSourceName=Microsoft-Windows-Sysmon\nType=Information\nRecordNumber=33192\nKeywords=None\nTaskCategory=File Delete archived (rule: FileDelete)\nOpCode=Info\nMessage=File Delete archived:\r\nRuleName: -\r\nUtcTime: 2026-08-27 04:04:48.170\r\nProcessGuid: {3f87e246-b6cc-6a8f-bb03-000000001600}\r\nProcessId: 5840\r\nUser: miacsdomain\\user-01\r\nImage: C:\\Users\\user-01\\AppData\\Local\\Microsoft\\OneDrive\\OneDrive.exe\r\nTargetFilename: C:\\Users\\user-01\\AppData\\Local\\Microsoft\\OneDrive\\settings\\Personal\\global.backup.ini\r\nHashes: MD5=6EB026E4D05B8C117211290330D62D21,SHA256=E0E548A7D83A294811D3B05024D9673E745C18AF537644E2CAC263381FCC1ECD,IMPHASH=00000000000000000000000000000000\r\nIsExecutable: false\r\nArchived: true","_time":"2026-08-27T06:04:48.179+0200","host":"Win-10","index":"main","linecount":"25","punct":"//_::._=--/===-..==---==--====___(:_)==__:\\r:_-\\r:_-","source":"WinEventLog:Microsoft-Windows-Sysmon/Operational","sourcetype":"WinEventLog:Microsoft-Windows-Sysmon/Operational","splunk_server":"splunk-virtual-machine"}}
{"preview":false,"result":{"Archived":"true","ComputerName":"Win-10.miacsdomain.com","EventCode":"23","EventType":"4","Hashes":"MD5=D41D8CD98F00B204E9800998ECF8427E,SHA256=E3B0C44298FC1C149AFBF4C8996FB92427AE41E4649B934CA495991B7852B855,IMPHASH=00000000000000000000000000000000","Image":"C:\\Program Files (x86)\\Microsoft\\Edge\\Application\\msedge.exe","IsExecutable":"false","Keywords":"None","LogName":"Microsoft-Windows-Sysmon/Operational","Message":"File Delete archived:\r\nRuleName: -\r\nUtcTime: 2026-08-27 04:04:48.170\r\nProcessGuid: {3f87e246-b6cc-6a8f-bd03-000000001600}\r\nProcessId: 5136\r\nUser: miacsdomain\\user-01\r\nImage: C:\\Program Files (x86)\\Microsoft\\Edge\\Application\\msedge.exe\r\nTargetFilename: C:\\Users\\user-01\\AppData\\Local\\Microsoft\\Edge\\User Data\\lockfile\r\nHashes: MD5=D41D8CD98F00B204E9800998ECF8427E,SHA256=E3B0C44298FC1C149AFBF4C8996FB92427AE41E4649B934CA495991B7852B855,IMPHASH=00000000000000000000000000000000\r\nIsExecutable: false\r\nArchived: true","OpCode":"Info","ProcessGuid":"{3f87e246-b6cc-6a8f-bd03-000000001600}","ProcessId":"5136","RecordNumber":"33191","RuleName":"-","Sid":"S-1-5-18","SidType":"0","SourceName":"Microsoft-Windows-Sysmon","TargetFilename":"C:\\Users\\user-01\\AppData\\Local\\Microsoft\\Edge\\User Data\\lockfile","TaskCategory":"File Delete archived (rule: FileDelete)","Type":"Information","User":["NOT_TRANSLATED","miacsdomain\\user-01"],"UtcTime":"2026-08-27 04:04:48.170","_raw":"08/27/2026 06:04:48.178 AM\nLogName=Microsoft-Windows-Sysmon/Operational\nEventCode=23\nEventType=4\nComputerName=Win-10.miacsdomain.com\nUser=NOT_TRANSLATED\nSid=S-1-5-18\nSidType=0\nSourceName=Microsoft-Windows-Sysmon\nType=Information\nRecordNumber=33191\nKeywords=None\nTaskCategory=File Delete archived (rule: FileDelete)\nOpCode=Info\nMessage=File Delete archived:\r\nRuleName: -\r\nUtcTime: 2026-08-27 04:04:48.170\r\nProcessGuid: {3f87e246-b6cc-6a8f-bd03-000000001600}\r\nProcessId: 5136\r\nUser: miacsdomain\\user-01\r\nImage: C:\\Program Files (x86)\\Microsoft\\Edge\\Application\\msedge.exe\r\nTargetFilename: C:\\Users\\user-01\\AppData\\Local\\Microsoft\\Edge\\User Data\\lockfile\r\nHashes: MD5=D41D8CD98F00B204E9800998ECF8427E,SHA256=E3B0C44298FC1C149AFBF4C8996FB92427AE41E4649B934CA495991B7852B855,IMPHASH=00000000000000000000000000000000\r\nIsExecutable: false\r\nArchived: true","_time":"2026-08-27T06:04:48.178+0200","host":"Win-10","index":"main","linecount":"25","punct":"//_::._=--/===-..==---==--====___(:_)==__:\\r:_-\\r:_-","source":"WinEventLog:Microsoft-Windows-Sysmon/Operational","sourcetype":"WinEventLog:Microsoft-Windows-Sysmon/Operational","splunk_server":"splunk-virtual-machine"}}
{"preview":false,"result":{"Archived":"true","ComputerName":"Win-10.miacsdomain.com","EventCode":"23","EventType":"4","Hashes":"MD5=86809AA90D4D8C7EFBACFE7AAC456271,SHA256=E2BE7553BDEAEF6203D3B4DE5102BF78BC487D3623B59E8D31BC2F0F348A91CC,IMPHASH=00000000000000000000000000000000","Image":"C:\\Users\\user-01\\AppData\\Local\\Microsoft\\OneDrive\\OneDrive.exe","IsExecutable":"false","Keywords":"None","LogName":"Microsoft-Windows-Sysmon/Operational","Message":"File Delete archived:\r\nRuleName: -\r\nUtcTime: 2026-08-27 04:04:48.170\r\nProcessGuid: {3f87e246-b6cc-6a8f-bb03-000000001600}\r\nProcessId: 5840\r\nUser: miacsdomain\\user-01\r\nImage: C:\\Users\\user-01\\AppData\\Local\\Microsoft\\OneDrive\\OneDrive.exe\r\nTargetFilename: C:\\Users\\user-01\\AppData\\Local\\Microsoft\\OneDrive\\settings\\Personal\\logUploaderSettings.ini\r\nHashes: MD5=86809AA90D4D8C7EFBACFE7AAC456271,SHA256=E2BE7553BDEAEF6203D3B4DE5102BF78BC487D3623B59E8D31BC2F0F348A91CC,IMPHASH=00000000000000000000000000000000\r\nIsExecutable: false\r\nArchived: true","OpCode":"Info","ProcessGuid":"{3f87e246-b6cc-6a8f-bb03-000000001600}","ProcessId":"5840","RecordNumber":"33190","RuleName":"-","Sid":"S-1-5-18","SidType":"0","SourceName":"Microsoft-Windows-Sysmon","TargetFilename":"C:\\Users\\user-01\\AppData\\Local\\Microsoft\\OneDrive\\settings\\Personal\\logUploaderSettings.ini","TaskCategory":"File Delete archived (rule: FileDelete)","Type":"Information","User":["NOT_TRANSLATED","miacsdomain\\user-01"],"UtcTime":"2026-08-27 04:04:48.170","_raw":"08/27/2026 06:04:48.176 AM\nLogName=Microsoft-Windows-Sysmon/Operational\nEventCode=23\nEventType=4\nComputerName=Win-10.miacsdomain.com\nUser=NOT_TRANSLATED\nSid=S-1-5-18\nSidType=0\nSourceName=Microsoft-Windows-Sysmon\nType=Information\nRecordNumber=33190\nKeywords=None\nTaskCategory=File Delete archived (rule: FileDelete)\nOpCode=Info\nMessage=File Delete archived:\r\nRuleName: -\r\nUtcTime: 2026-08-27 04:04:48.170\r\nProcessGuid: {3f87e246-b6cc-6a8f-bb03-000000001600}\r\nProcessId: 5840\r\nUser: miacsdomain\\user-01\r\nImage: C:\\Users\\user-01\\AppData\\Local\\Microsoft\\OneDrive\\OneDrive.exe\r\nTargetFilename: C:\\Users\\user-01\\AppData\\Local\\Microsoft\\OneDrive\\settings\\Personal\\logUploaderSettings.ini\r\nHashes: MD5=86809AA90D4D8C7EFBACFE7AAC456271,SHA256=E2BE7553BDEAEF6203D3B4DE5102BF78BC487D3623B59E8D31BC2F0F348A91CC,IMPHASH=00000000000000000000000000000000\r\nIsExecutable: false\r\nArchived: true","_time":"2026-08-27T06:04:48.176+0200","host":"Win-10","index":"main","linecount":"25","punct":"//_::._=--/===-..==---==--====___(:_)==__:\\r:_-\\r:_-","source":"WinEventLog:Microsoft-Windows-Sysmon/Operational","sourcetype":"WinEventLog:Microsoft-Windows-Sysmon/Operational","splunk_server":"splunk-virtual-machine"}}
{"preview":false,"result":{"Archived":"true","ComputerName":"Win-10.miacsdomain.com","EventCode":"23","EventType":"4","Hashes":"MD5=86809AA90D4D8C7EFBACFE7AAC456271,SHA256=E2BE7553BDEAEF6203D3B4DE5102BF78BC487D3623B59E8D31BC2F0F348A91CC,IMPHASH=00000000000000000000000000000000","Image":"C:\\Users\\user-01\\AppData\\Local\\Microsoft\\OneDrive\\OneDrive.exe","IsExecutable":"false","Keywords":"None","LogName":"Microsoft-Windows-Sysmon/Operational","Message":"File Delete archived:\r\nRuleName: -\r\nUtcTime: 2026-08-27 04:04:48.170\r\nProcessGuid: {3f87e246-b6cc-6a8f-bb03-000000001600}\r\nProcessId: 5840\r\nUser: miacsdomain\\user-01\r\nImage: C:\\Users\\user-01\\AppData\\Local\\Microsoft\\OneDrive\\OneDrive.exe\r\nTargetFilename: C:\\Users\\user-01\\AppData\\Local\\Microsoft\\OneDrive\\settings\\Personal\\logUploaderSettings_temp.ini\r\nHashes: MD5=86809AA90D4D8C7EFBACFE7AAC456271,SHA256=E2BE7553BDEAEF6203D3B4DE5102BF78BC487D3623B59E8D31BC2F0F348A91CC,IMPHASH=00000000000000000000000000000000\r\nIsExecutable: false\r\nArchived: true","OpCode":"Info","ProcessGuid":"{3f87e246-b6cc-6a8f-bb03-000000001600}","ProcessId":"5840","RecordNumber":"33189","RuleName":"-","Sid":"S-1-5-18","SidType":"0","SourceName":"Microsoft-Windows-Sysmon","TargetFilename":"C:\\Users\\user-01\\AppData\\Local\\Microsoft\\OneDrive\\settings\\Personal\\logUploaderSettings_temp.ini","TaskCategory":"File Delete archived (rule: FileDelete)","Type":"Information","User":["NOT_TRANSLATED","miacsdomain\\user-01"],"UtcTime":"2026-08-27 04:04:48.170","_raw":"08/27/2026 06:04:48.172 AM\nLogName=Microsoft-Windows-Sysmon/Operational\nEventCode=23\nEventType=4\nComputerName=Win-10.miacsdomain.com\nUser=NOT_TRANSLATED\nSid=S-1-5-18\nSidType=0\nSourceName=Microsoft-Windows-Sysmon\nType=Information\nRecordNumber=33189\nKeywords=None\nTaskCategory=File Delete archived (rule: FileDelete)\nOpCode=Info\nMessage=File Delete archived:\r\nRuleName: -\r\nUtcTime: 2026-08-27 04:04:48.170\r\nProcessGuid: {3f87e246-b6cc-6a8f-bb03-000000001600}\r\nProcessId: 5840\r\nUser: miacsdomain\\user-01\r\nImage: C:\\Users\\user-01\\AppData\\Local\\Microsoft\\OneDrive\\OneDrive.exe\r\nTargetFilename: C:\\Users\\user-01\\AppData\\Local\\Microsoft\\OneDrive\\settings\\Personal\\logUploaderSettings_temp.ini\r\nHashes: MD5=86809AA90D4D8C7EFBACFE7AAC456271,SHA256=E2BE7553BDEAEF6203D3B4DE5102BF78BC487D3623B59E8D31BC2F0F348A91CC,IMPHASH=00000000000000000000000000000000\r\nIsExecutable: false\r\nArchived: true","_time":"2026-08-27T06:04:48.172+0200","host":"Win-10","index":"main","linecount":"25","punct":"//_::._=--/===-..==---==--====___(:_)==__:\\r:_-\\r:_-","source":"WinEventLog:Microsoft-Windows-Sysmon/Operational","sourcetype":"WinEventLog:Microsoft-Windows-Sysmon/Operational","splunk_server":"splunk-virtual-machine"}}
{"preview":false,"result":{"CommandLine":"\"LogonUI.exe\" /flags:0x4 /state0:0xa32d4855 /state1:0x41c64e6d","Company":"Microsoft Corporation","ComputerName":"Win-10.miacsdomain.com","CurrentDirectory":"C:\\Windows\\system32\\","Description":"Windows Logon User Interface Host","EventCode":"1","EventType":"4","FileVersion":"10.0.19041.1 (WinBuild.160101.0800)","Hashes":"MD5=893144FE49AA16124B5BD3034E79BBC6,SHA256=CF01E46C146699F6C0E3DD447043F59BC9438DBBCB9563AF6C60EBC6D82727F2,IMPHASH=B9B0B64B08B38276711093CA94348D39","Image":"C:\\Windows\\System32\\LogonUI.exe","IntegrityLevel":"System","Keywords":"None","LogName":"Microsoft-Windows-Sysmon/Operational","LogonGuid":"{3f87e246-a659-6a8f-e703-000000000000}","LogonId":"0x3E7","Message":"Process Create:\r\nRuleName: -\r\nUtcTime: 2026-08-27 04:04:48.093\r\nProcessGuid: {3f87e246-b760-6a8f-f203-000000001600}\r\nProcessId: 6064\r\nImage: C:\\Windows\\System32\\LogonUI.exe\r\nFileVersion: 10.0.19041.1 (WinBuild.160101.0800)\r\nDescription: Windows Logon User Interface Host\r\nProduct: Microsoft® Windows® Operating System\r\nCompany: Microsoft Corporation\r\nOriginalFileName: logonui.exe\r\nCommandLine: \"LogonUI.exe\" /flags:0x4 /state0:0xa32d4855 /state1:0x41c64e6d\r\nCurrentDirectory: C:\\Windows\\system32\\\r\nUser: NT AUTHORITY\\SYSTEM\r\nLogonGuid: {3f87e246-a659-6a8f-e703-000000000000}\r\nLogonId: 0x3E7\r\nTerminalSessionId: 5\r\nIntegrityLevel: System\r\nHashes: MD5=893144FE49AA16124B5BD3034E79BBC6,SHA256=CF01E46C146699F6C0E3DD447043F59BC9438DBBCB9563AF6C60EBC6D82727F2,IMPHASH=B9B0B64B08B38276711093CA94348D39\r\nParentProcessGuid: {3f87e246-b067-6a8f-d802-000000001600}\r\nParentProcessId: 6040\r\nParentImage: C:\\Windows\\System32\\winlogon.exe\r\nParentCommandLine: winlogon.exe\r\nParentUser: NT AUTHORITY\\SYSTEM","OpCode":"Info","OriginalFileName":"logonui.exe","ParentCommandLine":"winlogon.exe","ParentImage":"C:\\Windows\\System32\\winlogon.exe","ParentProcessGuid":"{3f87e246-b067-6a8f-d802-000000001600}","ParentProcessId":"6040","ParentUser":"NT AUTHORITY\\SYSTEM","ProcessGuid":"{3f87e246-b760-6a8f-f203-000000001600}","ProcessId":"6064","Product":"Microsoft® Windows® Operating System","RecordNumber":"33188","RuleName":"-","Sid":"S-1-5-18","SidType":"0","SourceName":"Microsoft-Windows-Sysmon","TaskCategory":"Process Create (rule: ProcessCreate)","TerminalSessionId":"5","Type":"Information","User":["NOT_TRANSLATED","NT AUTHORITY\\SYSTEM"],"UtcTime":"2026-08-27 04:04:48.093","_raw":"08/27/2026 06:04:48.094 AM\nLogName=Microsoft-Windows-Sysmon/Operational\nEventCode=1\nEventType=4\nComputerName=Win-10.miacsdomain.com\nUser=NOT_TRANSLATED\nSid=S-1-5-18\nSidType=0\nSourceName=Microsoft-Windows-Sysmon\nType=Information\nRecordNumber=33188\nKeywords=None\nTaskCategory=Process Create (rule: ProcessCreate)\nOpCode=Info\nMessage=Process Create:\r\nRuleName: -\r\nUtcTime: 2026-08-27 04:04:48.093\r\nProcessGuid: {3f87e246-b760-6a8f-f203-000000001600}\r\nProcessId: 6064\r\nImage: C:\\Windows\\System32\\LogonUI.exe\r\nFileVersion: 10.0.19041.1 (WinBuild.160101.0800)\r\nDescription: Windows Logon User Interface Host\r\nProduct: Microsoft® Windows® Operating System\r\nCompany: Microsoft Corporation\r\nOriginalFileName: logonui.exe\r\nCommandLine: \"LogonUI.exe\" /flags:0x4 /state0:0xa32d4855 /state1:0x41c64e6d\r\nCurrentDirectory: C:\\Windows\\system32\\\r\nUser: NT AUTHORITY\\SYSTEM\r\nLogonGuid: {3f87e246-a659-6a8f-e703-000000000000}\r\nLogonId: 0x3E7\r\nTerminalSessionId: 5\r\nIntegrityLevel: System\r\nHashes: MD5=893144FE49AA16124B5BD3034E79BBC6,SHA256=CF01E46C146699F6C0E3DD447043F59BC9438DBBCB9563AF6C60EBC6D82727F2,IMPHASH=B9B0B64B08B38276711093CA94348D39\r\nParentProcessGuid: {3f87e246-b067-6a8f-d802-000000001600}\r\nParentProcessId: 6040\r\nParentImage: C:\\Windows\\System32\\winlogon.exe\r\nParentCommandLine: winlogon.exe\r\nParentUser: NT AUTHORITY\\SYSTEM","_time":"2026-08-27T06:04:48.094+0200","host":"Win-10","index":"main","linecount":"38","punct":"//_::._=--/===-..==---==--====__(:_)==_:\\r:_-\\r:_--_","source":"WinEventLog:Microsoft-Windows-Sysmon/Operational","sourcetype":"WinEventLog:Microsoft-Windows-Sysmon/Operational","splunk_server":"splunk-virtual-machine"}}
{"preview":false,"result":{"Account_Domain":"miacsdomain","Account_Name":"user-01","Caller_Workstation":"WIN-10","ComputerName":"Win-10.miacsdomain.com","EventCode":"4797","EventType":"0","Keywords":"Audit Success","LogName":"Security","Logon_ID":"0x4C761C","Message":"An attempt was made to query the existence of a blank password for an account.\r\n\r\nSubject:\r\n\tSecurity ID:\t\tS-1-5-21-246749117-2054088174-1189330396-1105\r\n\tAccount Name:\t\tuser-01\r\n\tAccount Domain:\t\tmiacsdomain\r\n\tLogon ID:\t\t0x4C761C\r\n\r\nAdditional Information:\r\n\tCaller Workstation:\tWIN-10\r\n\tTarget Account Name:\tAdministrator\r\n\tTarget Account Domain:\tWIN-10","OpCode":"Info","RecordNumber":"17202","Security_ID":"S-1-5-21-246749117-2054088174-1189330396-1105","SourceName":"Microsoft Windows security auditing.","Target_Account_Domain":"WIN-10","Target_Account_Name":"Administrator","TaskCategory":"User Account Management","Type":"Information","_raw":"08/27/2026 06:04:46.761 AM\nLogName=Security\nEventCode=4797\nEventType=0\nComputerName=Win-10.miacsdomain.com\nSourceName=Microsoft Windows security auditing.\nType=Information\nRecordNumber=17202\nKeywords=Audit Success\nTaskCategory=User Account Management\nOpCode=Info\nMessage=An attempt was made to query the existence of a blank password for an account.\r\n\r\nSubject:\r\n\tSecurity ID:\t\tS-1-5-21-246749117-2054088174-1189330396-1105\r\n\tAccount Name:\t\tuser-01\r\n\tAccount Domain:\t\tmiacsdomain\r\n\tLogon ID:\t\t0x4C761C\r\n\r\nAdditional Information:\r\n\tCaller Workstation:\tWIN-10\r\n\tTarget Account Name:\tAdministrator\r\n\tTarget Account Domain:\tWIN-10","_time":"2026-08-27T06:04:46.761+0200","host":"Win-10","index":"main","linecount":"23","punct":"//_::._====-..=___.===_=__==______________.\\r\\r:\\rt_:","source":"WinEventLog:Security","sourcetype":"WinEventLog:Security","splunk_server":"splunk-virtual-machine"}}
{"preview":false,"result":{"Account_Domain":"miacsdomain","Account_Name":"user-01","Caller_Workstation":"WIN-10","ComputerName":"Win-10.miacsdomain.com","EventCode":"4797","EventType":"0","Keywords":"Audit Success","LogName":"Security","Logon_ID":"0x4C761C","Message":"An attempt was made to query the existence of a blank password for an account.\r\n\r\nSubject:\r\n\tSecurity ID:\t\tS-1-5-21-246749117-2054088174-1189330396-1105\r\n\tAccount Name:\t\tuser-01\r\n\tAccount Domain:\t\tmiacsdomain\r\n\tLogon ID:\t\t0x4C761C\r\n\r\nAdditional Information:\r\n\tCaller Workstation:\tWIN-10\r\n\tTarget Account Name:\tGuest\r\n\tTarget Account Domain:\tWIN-10","OpCode":"Info","RecordNumber":"17201","Security_ID":"S-1-5-21-246749117-2054088174-1189330396-1105","SourceName":"Microsoft Windows security auditing.","Target_Account_Domain":"WIN-10","Target_Account_Name":"Guest","TaskCategory":"User Account Management","Type":"Information","_raw":"08/27/2026 06:04:46.751 AM\nLogName=Security\nEventCode=4797\nEventType=0\nComputerName=Win-10.miacsdomain.com\nSourceName=Microsoft Windows security auditing.\nType=Information\nRecordNumber=17201\nKeywords=Audit Success\nTaskCategory=User Account Management\nOpCode=Info\nMessage=An attempt was made to query the existence of a blank password for an account.\r\n\r\nSubject:\r\n\tSecurity ID:\t\tS-1-5-21-246749117-2054088174-1189330396-1105\r\n\tAccount Name:\t\tuser-01\r\n\tAccount Domain:\t\tmiacsdomain\r\n\tLogon ID:\t\t0x4C761C\r\n\r\nAdditional Information:\r\n\tCaller Workstation:\tWIN-10\r\n\tTarget Account Name:\tGuest\r\n\tTarget Account Domain:\tWIN-10","_time":"2026-08-27T06:04:46.751+0200","host":"Win-10","index":"main","linecount":"23","punct":"//_::._====-..=___.===_=__==______________.\\r\\r:\\rt_:","source":"WinEventLog:Security","sourcetype":"WinEventLog:Security","splunk_server":"splunk-virtual-machine"}}
{"preview":false,"result":{"Account_Domain":"miacsdomain","Account_Name":"user-01","Caller_Workstation":"WIN-10","ComputerName":"Win-10.miacsdomain.com","EventCode":"4797","EventType":"0","Keywords":"Audit Success","LogName":"Security","Logon_ID":"0x4C761C","Message":"An attempt was made to query the existence of a blank password for an account.\r\n\r\nSubject:\r\n\tSecurity ID:\t\tS-1-5-21-246749117-2054088174-1189330396-1105\r\n\tAccount Name:\t\tuser-01\r\n\tAccount Domain:\t\tmiacsdomain\r\n\tLogon ID:\t\t0x4C761C\r\n\r\nAdditional Information:\r\n\tCaller Workstation:\tWIN-10\r\n\tTarget Account Name:\tWDAGUtilityAccount\r\n\tTarget Account Domain:\tWIN-10","OpCode":"Info","RecordNumber":"17200","Security_ID":"S-1-5-21-246749117-2054088174-1189330396-1105","SourceName":"Microsoft Windows security auditing.","Target_Account_Domain":"WIN-10","Target_Account_Name":"WDAGUtilityAccount","TaskCategory":"User Account Management","Type":"Information","_raw":"08/27/2026 06:04:46.749 AM\nLogName=Security\nEventCode=4797\nEventType=0\nComputerName=Win-10.miacsdomain.com\nSourceName=Microsoft Windows security auditing.\nType=Information\nRecordNumber=17200\nKeywords=Audit Success\nTaskCategory=User Account Management\nOpCode=Info\nMessage=An attempt was made to query the existence of a blank password for an account.\r\n\r\nSubject:\r\n\tSecurity ID:\t\tS-1-5-21-246749117-2054088174-1189330396-1105\r\n\tAccount Name:\t\tuser-01\r\n\tAccount Domain:\t\tmiacsdomain\r\n\tLogon ID:\t\t0x4C761C\r\n\r\nAdditional Information:\r\n\tCaller Workstation:\tWIN-10\r\n\tTarget Account Name:\tWDAGUtilityAccount\r\n\tTarget Account Domain:\tWIN-10","_time":"2026-08-27T06:04:46.749+0200","host":"Win-10","index":"main","linecount":"23","punct":"//_::._====-..=___.===_=__==______________.\\r\\r:\\rt_:","source":"WinEventLog:Security","sourcetype":"WinEventLog:Security","splunk_server":"splunk-virtual-machine"}}
{"preview":false,"result":{"Account_Domain":"miacsdomain","Account_Name":"user-01","Caller_Workstation":"WIN-10","ComputerName":"Win-10.miacsdomain.com","EventCode":"4797","EventType":"0","Keywords":"Audit Success","LogName":"Security","Logon_ID":"0x4C761C","Message":"An attempt was made to query the existence of a blank password for an account.\r\n\r\nSubject:\r\n\tSecurity ID:\t\tS-1-5-21-246749117-2054088174-1189330396-1105\r\n\tAccount Name:\t\tuser-01\r\n\tAccount Domain:\t\tmiacsdomain\r\n\tLogon ID:\t\t0x4C761C\r\n\r\nAdditional Information:\r\n\tCaller Workstation:\tWIN-10\r\n\tTarget Account Name:\tDefaultAccount\r\n\tTarget Account Domain:\tWIN-10","OpCode":"Info","RecordNumber":"17199","Security_ID":"S-1-5-21-246749117-2054088174-1189330396-1105","SourceName":"Microsoft Windows security auditing.","Target_Account_Domain":"WIN-10","Target_Account_Name":"DefaultAccount","TaskCategory":"User Account Management","Type":"Information","_raw":"08/27/2026 06:04:46.746 AM\nLogName=Security\nEventCode=4797\nEventType=0\nComputerName=Win-10.miacsdomain.com\nSourceName=Microsoft Windows security auditing.\nType=Information\nRecordNumber=17199\nKeywords=Audit Success\nTaskCategory=User Account Management\nOpCode=Info\nMessage=An attempt was made to query the existence of a blank password for an account.\r\n\r\nSubject:\r\n\tSecurity ID:\t\tS-1-5-21-246749117-2054088174-1189330396-1105\r\n\tAccount Name:\t\tuser-01\r\n\tAccount Domain:\t\tmiacsdomain\r\n\tLogon ID:\t\t0x4C761C\r\n\r\nAdditional Information:\r\n\tCaller Workstation:\tWIN-10\r\n\tTarget Account Name:\tDefaultAccount\r\n\tTarget Account Domain:\tWIN-10","_time":"2026-08-27T06:04:46.746+0200","host":"Win-10","index":"main","linecount":"23","punct":"//_::._====-..=___.===_=__==______________.\\r\\r:\\rt_:","source":"WinEventLog:Security","sourcetype":"WinEventLog:Security","splunk_server":"splunk-virtual-machine"}}
{"preview":false,"result":{"Account_Domain":"miacsdomain","Account_Name":"user-01","Caller_Workstation":"WIN-10","ComputerName":"Win-10.miacsdomain.com","EventCode":"4797","EventType":"0","Keywords":"Audit Success","LogName":"Security","Logon_ID":"0x4C761C","Message":"An attempt was made to query the existence of a blank password for an account.\r\n\r\nSubject:\r\n\tSecurity ID:\t\tS-1-5-21-246749117-2054088174-1189330396-1105\r\n\tAccount Name:\t\tuser-01\r\n\tAccount Domain:\t\tmiacsdomain\r\n\tLogon ID:\t\t0x4C761C\r\n\r\nAdditional Information:\r\n\tCaller Workstation:\tWIN-10\r\n\tTarget Account Name:\talice\r\n\tTarget Account Domain:\tWIN-10","OpCode":"Info","RecordNumber":"17198","Security_ID":"S-1-5-21-246749117-2054088174-1189330396-1105","SourceName":"Microsoft Windows security auditing.","Target_Account_Domain":"WIN-10","Target_Account_Name":"alice","TaskCategory":"User Account Management","Type":"Information","_raw":"08/27/2026 06:04:46.743 AM\nLogName=Security\nEventCode=4797\nEventType=0\nComputerName=Win-10.miacsdomain.com\nSourceName=Microsoft Windows security auditing.\nType=Information\nRecordNumber=17198\nKeywords=Audit Success\nTaskCategory=User Account Management\nOpCode=Info\nMessage=An attempt was made to query the existence of a blank password for an account.\r\n\r\nSubject:\r\n\tSecurity ID:\t\tS-1-5-21-246749117-2054088174-1189330396-1105\r\n\tAccount Name:\t\tuser-01\r\n\tAccount Domain:\t\tmiacsdomain\r\n\tLogon ID:\t\t0x4C761C\r\n\r\nAdditional Information:\r\n\tCaller Workstation:\tWIN-10\r\n\tTarget Account Name:\talice\r\n\tTarget Account Domain:\tWIN-10","_time":"2026-08-27T06:04:46.743+0200","host":"Win-10","index":"main","linecount":"23","punct":"//_::._====-..=___.===_=__==______________.\\r\\r:\\rt_:","source":"WinEventLog:Security","sourcetype":"WinEventLog:Security","splunk_server":"splunk-virtual-machine"}}
{"preview":false,"result":{"Account_Domain":"miacsdomain","Account_Name":"user-01","Caller_Workstation":"WIN-10","ComputerName":"Win-10.miacsdomain.com","EventCode":"4797","EventType":"0","Keywords":"Audit Success","LogName":"Security","Logon_ID":"0x4C761C","Message":"An attempt was made to query the existence of a blank password for an account.\r\n\r\nSubject:\r\n\tSecurity ID:\t\tS-1-5-21-246749117-2054088174-1189330396-1105\r\n\tAccount Name:\t\tuser-01\r\n\tAccount Domain:\t\tmiacsdomain\r\n\tLogon ID:\t\t0x4C761C\r\n\r\nAdditional Information:\r\n\tCaller Workstation:\tWIN-10\r\n\tTarget Account Name:\tadminlocal\r\n\tTarget Account Domain:\tWIN-10","OpCode":"Info","RecordNumber":"17197","Security_ID":"S-1-5-21-246749117-2054088174-1189330396-1105","SourceName":"Microsoft Windows security auditing.","Target_Account_Domain":"WIN-10","Target_Account_Name":"adminlocal","TaskCategory":"User Account Management","Type":"Information","_raw":"08/27/2026 06:04:46.741 AM\nLogName=Security\nEventCode=4797\nEventType=0\nComputerName=Win-10.miacsdomain.com\nSourceName=Microsoft Windows security auditing.\nType=Information\nRecordNumber=17197\nKeywords=Audit Success\nTaskCategory=User Account Management\nOpCode=Info\nMessage=An attempt was made to query the existence of a blank password for an account.\r\n\r\nSubject:\r\n\tSecurity ID:\t\tS-1-5-21-246749117-2054088174-1189330396-1105\r\n\tAccount Name:\t\tuser-01\r\n\tAccount Domain:\t\tmiacsdomain\r\n\tLogon ID:\t\t0x4C761C\r\n\r\nAdditional Information:\r\n\tCaller Workstation:\tWIN-10\r\n\tTarget Account Name:\tadminlocal\r\n\tTarget Account Domain:\tWIN-10","_time":"2026-08-27T06:04:46.741+0200","host":"Win-10","index":"main","linecount":"23","punct":"//_::._====-..=___.===_=__==______________.\\r\\r:\\rt_:","source":"WinEventLog:Security","sourcetype":"WinEventLog:Security","splunk_server":"splunk-virtual-machine"}}
