{"preview":false,"result":{"Account_Domain":"miacsdomain","Account_Name":"user-01","Caller_Workstation":"WIN-10","ComputerName":"Win-10.miacsdomain.com","EventCode":"4797","EventType":"0","Keywords":"Audit Success","LogName":"Security","Logon_ID":"0x4C761C","Message":"An attempt was made to query the existence of a blank password for an account.\r\n\r\nSubject:\r\n\tSecurity ID:\t\tS-1-5-21-246749117-2054088174-1189330396-1105\r\n\tAccount Name:\t\tuser-01\r\n\tAccount Domain:\t\tmiacsdomain\r\n\tLogon ID:\t\t0x4C761C\r\n\r\nAdditional Information:\r\n\tCaller Workstation:\tWIN-10\r\n\tTarget Account Name:\tAdministrator\r\n\tTarget Account Domain:\tWIN-10","OpCode":"Info","RecordNumber":"17196","Security_ID":"S-1-5-21-246749117-2054088174-1189330396-1105","SourceName":"Microsoft Windows security auditing.","Target_Account_Domain":"WIN-10","Target_Account_Name":"Administrator","TaskCategory":"User Account Management","Type":"Information","_raw":"08/27/2026 06:04:46.736 AM\nLogName=Security\nEventCode=4797\nEventType=0\nComputerName=Win-10.miacsdomain.com\nSourceName=Microsoft Windows security auditing.\nType=Information\nRecordNumber=17196\nKeywords=Audit Success\nTaskCategory=User Account Management\nOpCode=Info\nMessage=An attempt was made to query the existence of a blank password for an account.\r\n\r\nSubject:\r\n\tSecurity ID:\t\tS-1-5-21-246749117-2054088174-1189330396-1105\r\n\tAccount Name:\t\tuser-01\r\n\tAccount Domain:\t\tmiacsdomain\r\n\tLogon ID:\t\t0x4C761C\r\n\r\nAdditional Information:\r\n\tCaller Workstation:\tWIN-10\r\n\tTarget Account Name:\tAdministrator\r\n\tTarget Account Domain:\tWIN-10","_time":"2026-08-27T06:04:46.736+0200","host":"Win-10","index":"main","linecount":"23","punct":"//_::._====-..=___.===_=__==______________.\\r\\r:\\rt_:","source":"WinEventLog:Security","sourcetype":"WinEventLog:Security","splunk_server":"splunk-virtual-machine"}}
{"preview":false,"result":{"Account_Domain":"miacsdomain","Account_Name":"user-01","Caller_Workstation":"WIN-10","ComputerName":"Win-10.miacsdomain.com","EventCode":"4797","EventType":"0","Keywords":"Audit Success","LogName":"Security","Logon_ID":"0x4C761C","Message":"An attempt was made to query the existence of a blank password for an account.\r\n\r\nSubject:\r\n\tSecurity ID:\t\tS-1-5-21-246749117-2054088174-1189330396-1105\r\n\tAccount Name:\t\tuser-01\r\n\tAccount Domain:\t\tmiacsdomain\r\n\tLogon ID:\t\t0x4C761C\r\n\r\nAdditional Information:\r\n\tCaller Workstation:\tWIN-10\r\n\tTarget Account Name:\tWDAGUtilityAccount\r\n\tTarget Account Domain:\tWIN-10","OpCode":"Info","RecordNumber":"17195","Security_ID":"S-1-5-21-246749117-2054088174-1189330396-1105","SourceName":"Microsoft Windows security auditing.","Target_Account_Domain":"WIN-10","Target_Account_Name":"WDAGUtilityAccount","TaskCategory":"User Account Management","Type":"Information","_raw":"08/27/2026 06:04:46.734 AM\nLogName=Security\nEventCode=4797\nEventType=0\nComputerName=Win-10.miacsdomain.com\nSourceName=Microsoft Windows security auditing.\nType=Information\nRecordNumber=17195\nKeywords=Audit Success\nTaskCategory=User Account Management\nOpCode=Info\nMessage=An attempt was made to query the existence of a blank password for an account.\r\n\r\nSubject:\r\n\tSecurity ID:\t\tS-1-5-21-246749117-2054088174-1189330396-1105\r\n\tAccount Name:\t\tuser-01\r\n\tAccount Domain:\t\tmiacsdomain\r\n\tLogon ID:\t\t0x4C761C\r\n\r\nAdditional Information:\r\n\tCaller Workstation:\tWIN-10\r\n\tTarget Account Name:\tWDAGUtilityAccount\r\n\tTarget Account Domain:\tWIN-10","_time":"2026-08-27T06:04:46.734+0200","host":"Win-10","index":"main","linecount":"23","punct":"//_::._====-..=___.===_=__==______________.\\r\\r:\\rt_:","source":"WinEventLog:Security","sourcetype":"WinEventLog:Security","splunk_server":"splunk-virtual-machine"}}
{"preview":false,"result":{"Account_Domain":"miacsdomain","Account_Name":"user-01","Caller_Workstation":"WIN-10","ComputerName":"Win-10.miacsdomain.com","EventCode":"4797","EventType":"0","Keywords":"Audit Success","LogName":"Security","Logon_ID":"0x4C761C","Message":"An attempt was made to query the existence of a blank password for an account.\r\n\r\nSubject:\r\n\tSecurity ID:\t\tS-1-5-21-246749117-2054088174-1189330396-1105\r\n\tAccount Name:\t\tuser-01\r\n\tAccount Domain:\t\tmiacsdomain\r\n\tLogon ID:\t\t0x4C761C\r\n\r\nAdditional Information:\r\n\tCaller Workstation:\tWIN-10\r\n\tTarget Account Name:\tGuest\r\n\tTarget Account Domain:\tWIN-10","OpCode":"Info","RecordNumber":"17194","Security_ID":"S-1-5-21-246749117-2054088174-1189330396-1105","SourceName":"Microsoft Windows security auditing.","Target_Account_Domain":"WIN-10","Target_Account_Name":"Guest","TaskCategory":"User Account Management","Type":"Information","_raw":"08/27/2026 06:04:46.733 AM\nLogName=Security\nEventCode=4797\nEventType=0\nComputerName=Win-10.miacsdomain.com\nSourceName=Microsoft Windows security auditing.\nType=Information\nRecordNumber=17194\nKeywords=Audit Success\nTaskCategory=User Account Management\nOpCode=Info\nMessage=An attempt was made to query the existence of a blank password for an account.\r\n\r\nSubject:\r\n\tSecurity ID:\t\tS-1-5-21-246749117-2054088174-1189330396-1105\r\n\tAccount Name:\t\tuser-01\r\n\tAccount Domain:\t\tmiacsdomain\r\n\tLogon ID:\t\t0x4C761C\r\n\r\nAdditional Information:\r\n\tCaller Workstation:\tWIN-10\r\n\tTarget Account Name:\tGuest\r\n\tTarget Account Domain:\tWIN-10","_time":"2026-08-27T06:04:46.733+0200","host":"Win-10","index":"main","linecount":"23","punct":"//_::._====-..=___.===_=__==______________.\\r\\r:\\rt_:","source":"WinEventLog:Security","sourcetype":"WinEventLog:Security","splunk_server":"splunk-virtual-machine"}}
{"preview":false,"result":{"Account_Domain":"miacsdomain","Account_Name":"user-01","Caller_Workstation":"WIN-10","ComputerName":"Win-10.miacsdomain.com","EventCode":"4797","EventType":"0","Keywords":"Audit Success","LogName":"Security","Logon_ID":"0x4C761C","Message":"An attempt was made to query the existence of a blank password for an account.\r\n\r\nSubject:\r\n\tSecurity ID:\t\tS-1-5-21-246749117-2054088174-1189330396-1105\r\n\tAccount Name:\t\tuser-01\r\n\tAccount Domain:\t\tmiacsdomain\r\n\tLogon ID:\t\t0x4C761C\r\n\r\nAdditional Information:\r\n\tCaller Workstation:\tWIN-10\r\n\tTarget Account Name:\tDefaultAccount\r\n\tTarget Account Domain:\tWIN-10","OpCode":"Info","RecordNumber":"17193","Security_ID":"S-1-5-21-246749117-2054088174-1189330396-1105","SourceName":"Microsoft Windows security auditing.","Target_Account_Domain":"WIN-10","Target_Account_Name":"DefaultAccount","TaskCategory":"User Account Management","Type":"Information","_raw":"08/27/2026 06:04:46.732 AM\nLogName=Security\nEventCode=4797\nEventType=0\nComputerName=Win-10.miacsdomain.com\nSourceName=Microsoft Windows security auditing.\nType=Information\nRecordNumber=17193\nKeywords=Audit Success\nTaskCategory=User Account Management\nOpCode=Info\nMessage=An attempt was made to query the existence of a blank password for an account.\r\n\r\nSubject:\r\n\tSecurity ID:\t\tS-1-5-21-246749117-2054088174-1189330396-1105\r\n\tAccount Name:\t\tuser-01\r\n\tAccount Domain:\t\tmiacsdomain\r\n\tLogon ID:\t\t0x4C761C\r\n\r\nAdditional Information:\r\n\tCaller Workstation:\tWIN-10\r\n\tTarget Account Name:\tDefaultAccount\r\n\tTarget Account Domain:\tWIN-10","_time":"2026-08-27T06:04:46.732+0200","host":"Win-10","index":"main","linecount":"23","punct":"//_::._====-..=___.===_=__==______________.\\r\\r:\\rt_:","source":"WinEventLog:Security","sourcetype":"WinEventLog:Security","splunk_server":"splunk-virtual-machine"}}
{"preview":false,"result":{"Account_Domain":"miacsdomain","Account_Name":"user-01","Caller_Workstation":"WIN-10","ComputerName":"Win-10.miacsdomain.com","EventCode":"4797","EventType":"0","Keywords":"Audit Success","LogName":"Security","Logon_ID":"0x4C761C","Message":"An attempt was made to query the existence of a blank password for an account.\r\n\r\nSubject:\r\n\tSecurity ID:\t\tS-1-5-21-246749117-2054088174-1189330396-1105\r\n\tAccount Name:\t\tuser-01\r\n\tAccount Domain:\t\tmiacsdomain\r\n\tLogon ID:\t\t0x4C761C\r\n\r\nAdditional Information:\r\n\tCaller Workstation:\tWIN-10\r\n\tTarget Account Name:\talice\r\n\tTarget Account Domain:\tWIN-10","OpCode":"Info","RecordNumber":"17192","Security_ID":"S-1-5-21-246749117-2054088174-1189330396-1105","SourceName":"Microsoft Windows security auditing.","Target_Account_Domain":"WIN-10","Target_Account_Name":"alice","TaskCategory":"User Account Management","Type":"Information","_raw":"08/27/2026 06:04:46.731 AM\nLogName=Security\nEventCode=4797\nEventType=0\nComputerName=Win-10.miacsdomain.com\nSourceName=Microsoft Windows security auditing.\nType=Information\nRecordNumber=17192\nKeywords=Audit Success\nTaskCategory=User Account Management\nOpCode=Info\nMessage=An attempt was made to query the existence of a blank password for an account.\r\n\r\nSubject:\r\n\tSecurity ID:\t\tS-1-5-21-246749117-2054088174-1189330396-1105\r\n\tAccount Name:\t\tuser-01\r\n\tAccount Domain:\t\tmiacsdomain\r\n\tLogon ID:\t\t0x4C761C\r\n\r\nAdditional Information:\r\n\tCaller Workstation:\tWIN-10\r\n\tTarget Account Name:\talice\r\n\tTarget Account Domain:\tWIN-10","_time":"2026-08-27T06:04:46.731+0200","host":"Win-10","index":"main","linecount":"23","punct":"//_::._====-..=___.===_=__==______________.\\r\\r:\\rt_:","source":"WinEventLog:Security","sourcetype":"WinEventLog:Security","splunk_server":"splunk-virtual-machine"}}
{"preview":false,"result":{"Account_Domain":"miacsdomain","Account_Name":"user-01","Caller_Workstation":"WIN-10","ComputerName":"Win-10.miacsdomain.com","EventCode":"4797","EventType":"0","Keywords":"Audit Success","LogName":"Security","Logon_ID":"0x4C761C","Message":"An attempt was made to query the existence of a blank password for an account.\r\n\r\nSubject:\r\n\tSecurity ID:\t\tS-1-5-21-246749117-2054088174-1189330396-1105\r\n\tAccount Name:\t\tuser-01\r\n\tAccount Domain:\t\tmiacsdomain\r\n\tLogon ID:\t\t0x4C761C\r\n\r\nAdditional Information:\r\n\tCaller Workstation:\tWIN-10\r\n\tTarget Account Name:\tadminlocal\r\n\tTarget Account Domain:\tWIN-10","OpCode":"Info","RecordNumber":"17191","Security_ID":"S-1-5-21-246749117-2054088174-1189330396-1105","SourceName":"Microsoft Windows security auditing.","Target_Account_Domain":"WIN-10","Target_Account_Name":"adminlocal","TaskCategory":"User Account Management","Type":"Information","_raw":"08/27/2026 06:04:46.730 AM\nLogName=Security\nEventCode=4797\nEventType=0\nComputerName=Win-10.miacsdomain.com\nSourceName=Microsoft Windows security auditing.\nType=Information\nRecordNumber=17191\nKeywords=Audit Success\nTaskCategory=User Account Management\nOpCode=Info\nMessage=An attempt was made to query the existence of a blank password for an account.\r\n\r\nSubject:\r\n\tSecurity ID:\t\tS-1-5-21-246749117-2054088174-1189330396-1105\r\n\tAccount Name:\t\tuser-01\r\n\tAccount Domain:\t\tmiacsdomain\r\n\tLogon ID:\t\t0x4C761C\r\n\r\nAdditional Information:\r\n\tCaller Workstation:\tWIN-10\r\n\tTarget Account Name:\tadminlocal\r\n\tTarget Account Domain:\tWIN-10","_time":"2026-08-27T06:04:46.730+0200","host":"Win-10","index":"main","linecount":"23","punct":"//_::._====-..=___.===_=__==______________.\\r\\r:\\rt_:","source":"WinEventLog:Security","sourcetype":"WinEventLog:Security","splunk_server":"splunk-virtual-machine"}}
{"preview":false,"result":{"Account_Domain":"miacsdomain","Account_Name":"user-01","Caller_Workstation":"WIN-10","ComputerName":"Win-10.miacsdomain.com","EventCode":"4797","EventType":"0","Keywords":"Audit Success","LogName":"Security","Logon_ID":"0x4C761C","Message":"An attempt was made to query the existence of a blank password for an account.\r\n\r\nSubject:\r\n\tSecurity ID:\t\tS-1-5-21-246749117-2054088174-1189330396-1105\r\n\tAccount Name:\t\tuser-01\r\n\tAccount Domain:\t\tmiacsdomain\r\n\tLogon ID:\t\t0x4C761C\r\n\r\nAdditional Information:\r\n\tCaller Workstation:\tWIN-10\r\n\tTarget Account Name:\tAdministrator\r\n\tTarget Account Domain:\tWIN-10","OpCode":"Info","RecordNumber":"17190","Security_ID":"S-1-5-21-246749117-2054088174-1189330396-1105","SourceName":"Microsoft Windows security auditing.","Target_Account_Domain":"WIN-10","Target_Account_Name":"Administrator","TaskCategory":"User Account Management","Type":"Information","_raw":"08/27/2026 06:04:46.729 AM\nLogName=Security\nEventCode=4797\nEventType=0\nComputerName=Win-10.miacsdomain.com\nSourceName=Microsoft Windows security auditing.\nType=Information\nRecordNumber=17190\nKeywords=Audit Success\nTaskCategory=User Account Management\nOpCode=Info\nMessage=An attempt was made to query the existence of a blank password for an account.\r\n\r\nSubject:\r\n\tSecurity ID:\t\tS-1-5-21-246749117-2054088174-1189330396-1105\r\n\tAccount Name:\t\tuser-01\r\n\tAccount Domain:\t\tmiacsdomain\r\n\tLogon ID:\t\t0x4C761C\r\n\r\nAdditional Information:\r\n\tCaller Workstation:\tWIN-10\r\n\tTarget Account Name:\tAdministrator\r\n\tTarget Account Domain:\tWIN-10","_time":"2026-08-27T06:04:46.729+0200","host":"Win-10","index":"main","linecount":"23","punct":"//_::._====-..=___.===_=__==______________.\\r\\r:\\rt_:","source":"WinEventLog:Security","sourcetype":"WinEventLog:Security","splunk_server":"splunk-virtual-machine"}}
{"preview":false,"result":{"Archived":"true","ComputerName":"Win-10.miacsdomain.com","EventCode":"23","EventType":"4","Hashes":"MD5=78F16AF0934E58AC5351CA19B91CCFAF,SHA256=3767B47840DC8AD0380D0899492C3ED8CD6FBFEE0DC7AB330D3FE8D95364EFCD,IMPHASH=00000000000000000000000000000000","Image":"C:\\Windows\\SystemApps\\Microsoft.Windows.Search_cw5n1h2txyewy\\SearchApp.exe","IsExecutable":"false","Keywords":"None","LogName":"Microsoft-Windows-Sysmon/Operational","Message":"File Delete archived:\r\nRuleName: -\r\nUtcTime: 2026-08-27 04:04:46.388\r\nProcessGuid: {3f87e246-b75c-6a8f-ef03-000000001600}\r\nProcessId: 3420\r\nUser: miacsdomain\\user-01\r\nImage: C:\\Windows\\SystemApps\\Microsoft.Windows.Search_cw5n1h2txyewy\\SearchApp.exe\r\nTargetFilename: C:\\Users\\user-01\\AppData\\Local\\Packages\\Microsoft.Windows.Search_cw5n1h2txyewy\\AC\\Microsoft\\Internet Explorer\\DOMStore\\DR173E8D\\www.bing[1].xml\r\nHashes: MD5=78F16AF0934E58AC5351CA19B91CCFAF,SHA256=3767B47840DC8AD0380D0899492C3ED8CD6FBFEE0DC7AB330D3FE8D95364EFCD,IMPHASH=00000000000000000000000000000000\r\nIsExecutable: false\r\nArchived: true","OpCode":"Info","ProcessGuid":"{3f87e246-b75c-6a8f-ef03-000000001600}","ProcessId":"3420","RecordNumber":"33187","RuleName":"-","Sid":"S-1-5-18","SidType":"0","SourceName":"Microsoft-Windows-Sysmon","TargetFilename":"C:\\Users\\user-01\\AppData\\Local\\Packages\\Microsoft.Windows.Search_cw5n1h2txyewy\\AC\\Microsoft\\Internet Explorer\\DOMStore\\DR173E8D\\www.bing[1].xml","TaskCategory":"File Delete archived (rule: FileDelete)","Type":"Information","User":["NOT_TRANSLATED","miacsdomain\\user-01"],"UtcTime":"2026-08-27 04:04:46.388","_raw":"08/27/2026 06:04:46.393 AM\nLogName=Microsoft-Windows-Sysmon/Operational\nEventCode=23\nEventType=4\nComputerName=Win-10.miacsdomain.com\nUser=NOT_TRANSLATED\nSid=S-1-5-18\nSidType=0\nSourceName=Microsoft-Windows-Sysmon\nType=Information\nRecordNumber=33187\nKeywords=None\nTaskCategory=File Delete archived (rule: FileDelete)\nOpCode=Info\nMessage=File Delete archived:\r\nRuleName: -\r\nUtcTime: 2026-08-27 04:04:46.388\r\nProcessGuid: {3f87e246-b75c-6a8f-ef03-000000001600}\r\nProcessId: 3420\r\nUser: miacsdomain\\user-01\r\nImage: C:\\Windows\\SystemApps\\Microsoft.Windows.Search_cw5n1h2txyewy\\SearchApp.exe\r\nTargetFilename: C:\\Users\\user-01\\AppData\\Local\\Packages\\Microsoft.Windows.Search_cw5n1h2txyewy\\AC\\Microsoft\\Internet Explorer\\DOMStore\\DR173E8D\\www.bing[1].xml\r\nHashes: MD5=78F16AF0934E58AC5351CA19B91CCFAF,SHA256=3767B47840DC8AD0380D0899492C3ED8CD6FBFEE0DC7AB330D3FE8D95364EFCD,IMPHASH=00000000000000000000000000000000\r\nIsExecutable: false\r\nArchived: true","_time":"2026-08-27T06:04:46.393+0200","host":"Win-10","index":"main","linecount":"25","punct":"//_::._=--/===-..==---==--====___(:_)==__:\\r:_-\\r:_-","source":"WinEventLog:Microsoft-Windows-Sysmon/Operational","sourcetype":"WinEventLog:Microsoft-Windows-Sysmon/Operational","splunk_server":"splunk-virtual-machine"}}
{"preview":false,"result":{"Archived":"true","ComputerName":"Win-10.miacsdomain.com","EventCode":"23","EventType":"4","Hashes":"MD5=C1DDEA3EF6BBEF3E7060A1A9AD89E4C5,SHA256=B71E4D17274636B97179BA2D97C742735B6510EB54F22893D3A2DAFF2CEB28DB,IMPHASH=00000000000000000000000000000000","Image":"C:\\Windows\\SystemApps\\Microsoft.Windows.Search_cw5n1h2txyewy\\SearchApp.exe","IsExecutable":"false","Keywords":"None","LogName":"Microsoft-Windows-Sysmon/Operational","Message":"File Delete archived:\r\nRuleName: -\r\nUtcTime: 2026-08-27 04:04:45.576\r\nProcessGuid: {3f87e246-b75c-6a8f-ef03-000000001600}\r\nProcessId: 3420\r\nUser: miacsdomain\\user-01\r\nImage: C:\\Windows\\SystemApps\\Microsoft.Windows.Search_cw5n1h2txyewy\\SearchApp.exe\r\nTargetFilename: C:\\Users\\user-01\\AppData\\Local\\Packages\\Microsoft.Windows.Search_cw5n1h2txyewy\\AC\\Microsoft\\Internet Explorer\\DOMStore\\DR173E8D\\www.bing[1].xml\r\nHashes: MD5=C1DDEA3EF6BBEF3E7060A1A9AD89E4C5,SHA256=B71E4D17274636B97179BA2D97C742735B6510EB54F22893D3A2DAFF2CEB28DB,IMPHASH=00000000000000000000000000000000\r\nIsExecutable: false\r\nArchived: true","OpCode":"Info","ProcessGuid":"{3f87e246-b75c-6a8f-ef03-000000001600}","ProcessId":"3420","RecordNumber":"33186","RuleName":"-","Sid":"S-1-5-18","SidType":"0","SourceName":"Microsoft-Windows-Sysmon","TargetFilename":"C:\\Users\\user-01\\AppData\\Local\\Packages\\Microsoft.Windows.Search_cw5n1h2txyewy\\AC\\Microsoft\\Internet Explorer\\DOMStore\\DR173E8D\\www.bing[1].xml","TaskCategory":"File Delete archived (rule: FileDelete)","Type":"Information","User":["NOT_TRANSLATED","miacsdomain\\user-01"],"UtcTime":"2026-08-27 04:04:45.576","_raw":"08/27/2026 06:04:45.578 AM\nLogName=Microsoft-Windows-Sysmon/Operational\nEventCode=23\nEventType=4\nComputerName=Win-10.miacsdomain.com\nUser=NOT_TRANSLATED\nSid=S-1-5-18\nSidType=0\nSourceName=Microsoft-Windows-Sysmon\nType=Information\nRecordNumber=33186\nKeywords=None\nTaskCategory=File Delete archived (rule: FileDelete)\nOpCode=Info\nMessage=File Delete archived:\r\nRuleName: -\r\nUtcTime: 2026-08-27 04:04:45.576\r\nProcessGuid: {3f87e246-b75c-6a8f-ef03-000000001600}\r\nProcessId: 3420\r\nUser: miacsdomain\\user-01\r\nImage: C:\\Windows\\SystemApps\\Microsoft.Windows.Search_cw5n1h2txyewy\\SearchApp.exe\r\nTargetFilename: C:\\Users\\user-01\\AppData\\Local\\Packages\\Microsoft.Windows.Search_cw5n1h2txyewy\\AC\\Microsoft\\Internet Explorer\\DOMStore\\DR173E8D\\www.bing[1].xml\r\nHashes: MD5=C1DDEA3EF6BBEF3E7060A1A9AD89E4C5,SHA256=B71E4D17274636B97179BA2D97C742735B6510EB54F22893D3A2DAFF2CEB28DB,IMPHASH=00000000000000000000000000000000\r\nIsExecutable: false\r\nArchived: true","_time":"2026-08-27T06:04:45.578+0200","host":"Win-10","index":"main","linecount":"25","punct":"//_::._=--/===-..==---==--====___(:_)==__:\\r:_-\\r:_-","source":"WinEventLog:Microsoft-Windows-Sysmon/Operational","sourcetype":"WinEventLog:Microsoft-Windows-Sysmon/Operational","splunk_server":"splunk-virtual-machine"}}
{"preview":false,"result":{"Archived":"true","ComputerName":"Win-10.miacsdomain.com","EventCode":"23","EventType":"4","Hashes":"MD5=FFAFDA2CD334E9BFF958E6DE387501B6,SHA256=722513EF40C3BEE72288A4C389740741D241E1E00702311DC7FDB012CD156CAF,IMPHASH=00000000000000000000000000000000","Image":"C:\\Windows\\SystemApps\\Microsoft.Windows.Search_cw5n1h2txyewy\\SearchApp.exe","IsExecutable":"false","Keywords":"None","LogName":"Microsoft-Windows-Sysmon/Operational","Message":"File Delete archived:\r\nRuleName: -\r\nUtcTime: 2026-08-27 04:04:45.154\r\nProcessGuid: {3f87e246-b75c-6a8f-ef03-000000001600}\r\nProcessId: 3420\r\nUser: miacsdomain\\user-01\r\nImage: C:\\Windows\\SystemApps\\Microsoft.Windows.Search_cw5n1h2txyewy\\SearchApp.exe\r\nTargetFilename: C:\\Users\\user-01\\AppData\\Local\\Packages\\Microsoft.Windows.Search_cw5n1h2txyewy\\AC\\Microsoft\\Internet Explorer\\DOMStore\\DR173E8D\\www.bing[1].xml\r\nHashes: MD5=FFAFDA2CD334E9BFF958E6DE387501B6,SHA256=722513EF40C3BEE72288A4C389740741D241E1E00702311DC7FDB012CD156CAF,IMPHASH=00000000000000000000000000000000\r\nIsExecutable: false\r\nArchived: true","OpCode":"Info","ProcessGuid":"{3f87e246-b75c-6a8f-ef03-000000001600}","ProcessId":"3420","RecordNumber":"33185","RuleName":"-","Sid":"S-1-5-18","SidType":"0","SourceName":"Microsoft-Windows-Sysmon","TargetFilename":"C:\\Users\\user-01\\AppData\\Local\\Packages\\Microsoft.Windows.Search_cw5n1h2txyewy\\AC\\Microsoft\\Internet Explorer\\DOMStore\\DR173E8D\\www.bing[1].xml","TaskCategory":"File Delete archived (rule: FileDelete)","Type":"Information","User":["NOT_TRANSLATED","miacsdomain\\user-01"],"UtcTime":"2026-08-27 04:04:45.154","_raw":"08/27/2026 06:04:45.166 AM\nLogName=Microsoft-Windows-Sysmon/Operational\nEventCode=23\nEventType=4\nComputerName=Win-10.miacsdomain.com\nUser=NOT_TRANSLATED\nSid=S-1-5-18\nSidType=0\nSourceName=Microsoft-Windows-Sysmon\nType=Information\nRecordNumber=33185\nKeywords=None\nTaskCategory=File Delete archived (rule: FileDelete)\nOpCode=Info\nMessage=File Delete archived:\r\nRuleName: -\r\nUtcTime: 2026-08-27 04:04:45.154\r\nProcessGuid: {3f87e246-b75c-6a8f-ef03-000000001600}\r\nProcessId: 3420\r\nUser: miacsdomain\\user-01\r\nImage: C:\\Windows\\SystemApps\\Microsoft.Windows.Search_cw5n1h2txyewy\\SearchApp.exe\r\nTargetFilename: C:\\Users\\user-01\\AppData\\Local\\Packages\\Microsoft.Windows.Search_cw5n1h2txyewy\\AC\\Microsoft\\Internet Explorer\\DOMStore\\DR173E8D\\www.bing[1].xml\r\nHashes: MD5=FFAFDA2CD334E9BFF958E6DE387501B6,SHA256=722513EF40C3BEE72288A4C389740741D241E1E00702311DC7FDB012CD156CAF,IMPHASH=00000000000000000000000000000000\r\nIsExecutable: false\r\nArchived: true","_time":"2026-08-27T06:04:45.166+0200","host":"Win-10","index":"main","linecount":"25","punct":"//_::._=--/===-..==---==--====___(:_)==__:\\r:_-\\r:_-","source":"WinEventLog:Microsoft-Windows-Sysmon/Operational","sourcetype":"WinEventLog:Microsoft-Windows-Sysmon/Operational","splunk_server":"splunk-virtual-machine"}}
{"preview":false,"result":{"Account_Domain":"miacsdomain","Account_Name":"user-01","ComputerName":"Win-10.miacsdomain.com","EventCode":"5379","EventType":"0","Keywords":"Audit Success","LogName":"Security","Logon_ID":"0x4C761C","Message":"Credential Manager credentials were read.\r\n\r\nSubject:\r\n\tSecurity ID:\t\tS-1-5-21-246749117-2054088174-1189330396-1105\r\n\tAccount Name:\t\tuser-01\r\n\tAccount Domain:\t\tmiacsdomain\r\n\tLogon ID:\t\t0x4C761C\r\n\tRead Operation:\t\tEnumerate Credentials\r\n\r\nThis event occurs when a user performs a read operation on stored credentials in Credential Manager.","OpCode":"Info","Read_Operation":"Enumerate Credentials","RecordNumber":"17189","Security_ID":"S-1-5-21-246749117-2054088174-1189330396-1105","SourceName":"Microsoft Windows security auditing.","TaskCategory":"User Account Management","Type":"Information","_raw":"08/27/2026 06:04:44.965 AM\nLogName=Security\nEventCode=5379\nEventType=0\nComputerName=Win-10.miacsdomain.com\nSourceName=Microsoft Windows security auditing.\nType=Information\nRecordNumber=17189\nKeywords=Audit Success\nTaskCategory=User Account Management\nOpCode=Info\nMessage=Credential Manager credentials were read.\r\n\r\nSubject:\r\n\tSecurity ID:\t\tS-1-5-21-246749117-2054088174-1189330396-1105\r\n\tAccount Name:\t\tuser-01\r\n\tAccount Domain:\t\tmiacsdomain\r\n\tLogon ID:\t\t0x4C761C\r\n\tRead Operation:\t\tEnumerate Credentials\r\n\r\nThis event occurs when a user performs a read operation on stored credentials in Credential Manager.","_time":"2026-08-27T06:04:44.965+0200","host":"Win-10","index":"main","linecount":"21","punct":"//_::._====-..=___.===_=__==____.\\r\\r:\\rt_:tt-------\\r","source":"WinEventLog:Security","sourcetype":"WinEventLog:Security","splunk_server":"splunk-virtual-machine"}}
{"preview":false,"result":{"Account_Domain":"miacsdomain","Account_Name":"user-01","ComputerName":"Win-10.miacsdomain.com","EventCode":"5379","EventType":"0","Keywords":"Audit Success","LogName":"Security","Logon_ID":"0x4C761C","Message":"Credential Manager credentials were read.\r\n\r\nSubject:\r\n\tSecurity ID:\t\tS-1-5-21-246749117-2054088174-1189330396-1105\r\n\tAccount Name:\t\tuser-01\r\n\tAccount Domain:\t\tmiacsdomain\r\n\tLogon ID:\t\t0x4C761C\r\n\tRead Operation:\t\tEnumerate Credentials\r\n\r\nThis event occurs when a user performs a read operation on stored credentials in Credential Manager.","OpCode":"Info","Read_Operation":"Enumerate Credentials","RecordNumber":"17188","Security_ID":"S-1-5-21-246749117-2054088174-1189330396-1105","SourceName":"Microsoft Windows security auditing.","TaskCategory":"User Account Management","Type":"Information","_raw":"08/27/2026 06:04:44.809 AM\nLogName=Security\nEventCode=5379\nEventType=0\nComputerName=Win-10.miacsdomain.com\nSourceName=Microsoft Windows security auditing.\nType=Information\nRecordNumber=17188\nKeywords=Audit Success\nTaskCategory=User Account Management\nOpCode=Info\nMessage=Credential Manager credentials were read.\r\n\r\nSubject:\r\n\tSecurity ID:\t\tS-1-5-21-246749117-2054088174-1189330396-1105\r\n\tAccount Name:\t\tuser-01\r\n\tAccount Domain:\t\tmiacsdomain\r\n\tLogon ID:\t\t0x4C761C\r\n\tRead Operation:\t\tEnumerate Credentials\r\n\r\nThis event occurs when a user performs a read operation on stored credentials in Credential Manager.","_time":"2026-08-27T06:04:44.809+0200","host":"Win-10","index":"main","linecount":"21","punct":"//_::._====-..=___.===_=__==____.\\r\\r:\\rt_:tt-------\\r","source":"WinEventLog:Security","sourcetype":"WinEventLog:Security","splunk_server":"splunk-virtual-machine"}}
{"preview":false,"result":{"Account_Domain":"miacsdomain","Account_Name":"user-01","ComputerName":"Win-10.miacsdomain.com","EventCode":"5379","EventType":"0","Keywords":"Audit Success","LogName":"Security","Logon_ID":"0x4C761C","Message":"Credential Manager credentials were read.\r\n\r\nSubject:\r\n\tSecurity ID:\t\tS-1-5-21-246749117-2054088174-1189330396-1105\r\n\tAccount Name:\t\tuser-01\r\n\tAccount Domain:\t\tmiacsdomain\r\n\tLogon ID:\t\t0x4C761C\r\n\tRead Operation:\t\tEnumerate Credentials\r\n\r\nThis event occurs when a user performs a read operation on stored credentials in Credential Manager.","OpCode":"Info","Read_Operation":"Enumerate Credentials","RecordNumber":"17187","Security_ID":"S-1-5-21-246749117-2054088174-1189330396-1105","SourceName":"Microsoft Windows security auditing.","TaskCategory":"User Account Management","Type":"Information","_raw":"08/27/2026 06:04:44.807 AM\nLogName=Security\nEventCode=5379\nEventType=0\nComputerName=Win-10.miacsdomain.com\nSourceName=Microsoft Windows security auditing.\nType=Information\nRecordNumber=17187\nKeywords=Audit Success\nTaskCategory=User Account Management\nOpCode=Info\nMessage=Credential Manager credentials were read.\r\n\r\nSubject:\r\n\tSecurity ID:\t\tS-1-5-21-246749117-2054088174-1189330396-1105\r\n\tAccount Name:\t\tuser-01\r\n\tAccount Domain:\t\tmiacsdomain\r\n\tLogon ID:\t\t0x4C761C\r\n\tRead Operation:\t\tEnumerate Credentials\r\n\r\nThis event occurs when a user performs a read operation on stored credentials in Credential Manager.","_time":"2026-08-27T06:04:44.807+0200","host":"Win-10","index":"main","linecount":"21","punct":"//_::._====-..=___.===_=__==____.\\r\\r:\\rt_:tt-------\\r","source":"WinEventLog:Security","sourcetype":"WinEventLog:Security","splunk_server":"splunk-virtual-machine"}}
{"preview":false,"result":{"Account_Domain":"miacsdomain","Account_Name":"user-01","ComputerName":"Win-10.miacsdomain.com","EventCode":"5379","EventType":"0","Keywords":"Audit Success","LogName":"Security","Logon_ID":"0x4C761C","Message":"Credential Manager credentials were read.\r\n\r\nSubject:\r\n\tSecurity ID:\t\tS-1-5-21-246749117-2054088174-1189330396-1105\r\n\tAccount Name:\t\tuser-01\r\n\tAccount Domain:\t\tmiacsdomain\r\n\tLogon ID:\t\t0x4C761C\r\n\tRead Operation:\t\tEnumerate Credentials\r\n\r\nThis event occurs when a user performs a read operation on stored credentials in Credential Manager.","OpCode":"Info","Read_Operation":"Enumerate Credentials","RecordNumber":"17186","Security_ID":"S-1-5-21-246749117-2054088174-1189330396-1105","SourceName":"Microsoft Windows security auditing.","TaskCategory":"User Account Management","Type":"Information","_raw":"08/27/2026 06:04:44.807 AM\nLogName=Security\nEventCode=5379\nEventType=0\nComputerName=Win-10.miacsdomain.com\nSourceName=Microsoft Windows security auditing.\nType=Information\nRecordNumber=17186\nKeywords=Audit Success\nTaskCategory=User Account Management\nOpCode=Info\nMessage=Credential Manager credentials were read.\r\n\r\nSubject:\r\n\tSecurity ID:\t\tS-1-5-21-246749117-2054088174-1189330396-1105\r\n\tAccount Name:\t\tuser-01\r\n\tAccount Domain:\t\tmiacsdomain\r\n\tLogon ID:\t\t0x4C761C\r\n\tRead Operation:\t\tEnumerate Credentials\r\n\r\nThis event occurs when a user performs a read operation on stored credentials in Credential Manager.","_time":"2026-08-27T06:04:44.807+0200","host":"Win-10","index":"main","linecount":"21","punct":"//_::._====-..=___.===_=__==____.\\r\\r:\\rt_:tt-------\\r","source":"WinEventLog:Security","sourcetype":"WinEventLog:Security","splunk_server":"splunk-virtual-machine"}}
{"preview":false,"result":{"Account_Domain":"miacsdomain","Account_Name":"WIN-10$","ComputerName":"Win-10.miacsdomain.com","EventCode":"5379","EventType":"0","Keywords":"Audit Success","LogName":"Security","Logon_ID":"0x3E7","Message":"Credential Manager credentials were read.\r\n\r\nSubject:\r\n\tSecurity ID:\t\tS-1-5-18\r\n\tAccount Name:\t\tWIN-10$\r\n\tAccount Domain:\t\tmiacsdomain\r\n\tLogon ID:\t\t0x3E7\r\n\tRead Operation:\t\tEnumerate Credentials\r\n\r\nThis event occurs when a user performs a read operation on stored credentials in Credential Manager.","OpCode":"Info","Read_Operation":"Enumerate Credentials","RecordNumber":"17185","Security_ID":"S-1-5-18","SourceName":"Microsoft Windows security auditing.","TaskCategory":"User Account Management","Type":"Information","_raw":"08/27/2026 06:04:44.465 AM\nLogName=Security\nEventCode=5379\nEventType=0\nComputerName=Win-10.miacsdomain.com\nSourceName=Microsoft Windows security auditing.\nType=Information\nRecordNumber=17185\nKeywords=Audit Success\nTaskCategory=User Account Management\nOpCode=Info\nMessage=Credential Manager credentials were read.\r\n\r\nSubject:\r\n\tSecurity ID:\t\tS-1-5-18\r\n\tAccount Name:\t\tWIN-10$\r\n\tAccount Domain:\t\tmiacsdomain\r\n\tLogon ID:\t\t0x3E7\r\n\tRead Operation:\t\tEnumerate Credentials\r\n\r\nThis event occurs when a user performs a read operation on stored credentials in Credential Manager.","_time":"2026-08-27T06:04:44.465+0200","host":"Win-10","index":"main","linecount":"21","punct":"//_::._====-..=___.===_=__==____.\\r\\r:\\rt_:tt---\\rt_:t","source":"WinEventLog:Security","sourcetype":"WinEventLog:Security","splunk_server":"splunk-virtual-machine"}}
{"preview":false,"result":{"Account_Domain":"miacsdomain","Account_Name":"WIN-10$","ComputerName":"Win-10.miacsdomain.com","EventCode":"5379","EventType":"0","Keywords":"Audit Success","LogName":"Security","Logon_ID":"0x3E7","Message":"Credential Manager credentials were read.\r\n\r\nSubject:\r\n\tSecurity ID:\t\tS-1-5-18\r\n\tAccount Name:\t\tWIN-10$\r\n\tAccount Domain:\t\tmiacsdomain\r\n\tLogon ID:\t\t0x3E7\r\n\tRead Operation:\t\tEnumerate Credentials\r\n\r\nThis event occurs when a user performs a read operation on stored credentials in Credential Manager.","OpCode":"Info","Read_Operation":"Enumerate Credentials","RecordNumber":"17184","Security_ID":"S-1-5-18","SourceName":"Microsoft Windows security auditing.","TaskCategory":"User Account Management","Type":"Information","_raw":"08/27/2026 06:04:44.459 AM\nLogName=Security\nEventCode=5379\nEventType=0\nComputerName=Win-10.miacsdomain.com\nSourceName=Microsoft Windows security auditing.\nType=Information\nRecordNumber=17184\nKeywords=Audit Success\nTaskCategory=User Account Management\nOpCode=Info\nMessage=Credential Manager credentials were read.\r\n\r\nSubject:\r\n\tSecurity ID:\t\tS-1-5-18\r\n\tAccount Name:\t\tWIN-10$\r\n\tAccount Domain:\t\tmiacsdomain\r\n\tLogon ID:\t\t0x3E7\r\n\tRead Operation:\t\tEnumerate Credentials\r\n\r\nThis event occurs when a user performs a read operation on stored credentials in Credential Manager.","_time":"2026-08-27T06:04:44.459+0200","host":"Win-10","index":"main","linecount":"21","punct":"//_::._====-..=___.===_=__==____.\\r\\r:\\rt_:tt---\\rt_:t","source":"WinEventLog:Security","sourcetype":"WinEventLog:Security","splunk_server":"splunk-virtual-machine"}}
{"preview":false,"result":{"Account_Domain":"miacsdomain","Account_Name":"WIN-10$","ComputerName":"Win-10.miacsdomain.com","EventCode":"5379","EventType":"0","Keywords":"Audit Success","LogName":"Security","Logon_ID":"0x3E7","Message":"Credential Manager credentials were read.\r\n\r\nSubject:\r\n\tSecurity ID:\t\tS-1-5-18\r\n\tAccount Name:\t\tWIN-10$\r\n\tAccount Domain:\t\tmiacsdomain\r\n\tLogon ID:\t\t0x3E7\r\n\tRead Operation:\t\tEnumerate Credentials\r\n\r\nThis event occurs when a user performs a read operation on stored credentials in Credential Manager.","OpCode":"Info","Read_Operation":"Enumerate Credentials","RecordNumber":"17183","Security_ID":"S-1-5-18","SourceName":"Microsoft Windows security auditing.","TaskCategory":"User Account Management","Type":"Information","_raw":"08/27/2026 06:04:44.459 AM\nLogName=Security\nEventCode=5379\nEventType=0\nComputerName=Win-10.miacsdomain.com\nSourceName=Microsoft Windows security auditing.\nType=Information\nRecordNumber=17183\nKeywords=Audit Success\nTaskCategory=User Account Management\nOpCode=Info\nMessage=Credential Manager credentials were read.\r\n\r\nSubject:\r\n\tSecurity ID:\t\tS-1-5-18\r\n\tAccount Name:\t\tWIN-10$\r\n\tAccount Domain:\t\tmiacsdomain\r\n\tLogon ID:\t\t0x3E7\r\n\tRead Operation:\t\tEnumerate Credentials\r\n\r\nThis event occurs when a user performs a read operation on stored credentials in Credential Manager.","_time":"2026-08-27T06:04:44.459+0200","host":"Win-10","index":"main","linecount":"21","punct":"//_::._====-..=___.===_=__==____.\\r\\r:\\rt_:tt---\\rt_:t","source":"WinEventLog:Security","sourcetype":"WinEventLog:Security","splunk_server":"splunk-virtual-machine"}}
{"preview":false,"result":{"Account_Domain":"miacsdomain","Account_Name":"WIN-10$","ComputerName":"Win-10.miacsdomain.com","EventCode":"5379","EventType":"0","Keywords":"Audit Success","LogName":"Security","Logon_ID":"0x3E7","Message":"Credential Manager credentials were read.\r\n\r\nSubject:\r\n\tSecurity ID:\t\tS-1-5-18\r\n\tAccount Name:\t\tWIN-10$\r\n\tAccount Domain:\t\tmiacsdomain\r\n\tLogon ID:\t\t0x3E7\r\n\tRead Operation:\t\tEnumerate Credentials\r\n\r\nThis event occurs when a user performs a read operation on stored credentials in Credential Manager.","OpCode":"Info","Read_Operation":"Enumerate Credentials","RecordNumber":"17182","Security_ID":"S-1-5-18","SourceName":"Microsoft Windows security auditing.","TaskCategory":"User Account Management","Type":"Information","_raw":"08/27/2026 06:04:44.459 AM\nLogName=Security\nEventCode=5379\nEventType=0\nComputerName=Win-10.miacsdomain.com\nSourceName=Microsoft Windows security auditing.\nType=Information\nRecordNumber=17182\nKeywords=Audit Success\nTaskCategory=User Account Management\nOpCode=Info\nMessage=Credential Manager credentials were read.\r\n\r\nSubject:\r\n\tSecurity ID:\t\tS-1-5-18\r\n\tAccount Name:\t\tWIN-10$\r\n\tAccount Domain:\t\tmiacsdomain\r\n\tLogon ID:\t\t0x3E7\r\n\tRead Operation:\t\tEnumerate Credentials\r\n\r\nThis event occurs when a user performs a read operation on stored credentials in Credential Manager.","_time":"2026-08-27T06:04:44.459+0200","host":"Win-10","index":"main","linecount":"21","punct":"//_::._====-..=___.===_=__==____.\\r\\r:\\rt_:tt---\\rt_:t","source":"WinEventLog:Security","sourcetype":"WinEventLog:Security","splunk_server":"splunk-virtual-machine"}}
{"preview":false,"result":{"Archived":"true","ComputerName":"Win-10.miacsdomain.com","EventCode":"23","EventType":"4","Hashes":"MD5=2DE82BDF2E1ADAF6AA6CBF2F26A3CF2B,SHA256=B68E121586EF846DC2BE14897087566AC72F6E6339F193609A5FC6F766E5C4AA,IMPHASH=00000000000000000000000000000000","Image":"C:\\Windows\\explorer.exe","IsExecutable":"false","Keywords":"None","LogName":"Microsoft-Windows-Sysmon/Operational","Message":"File Delete archived:\r\nRuleName: -\r\nUtcTime: 2026-08-27 04:04:44.295\r\nProcessGuid: {3f87e246-b75b-6a8f-eb03-000000001600}\r\nProcessId: 5688\r\nUser: miacsdomain\\user-01\r\nImage: C:\\Windows\\explorer.exe\r\nTargetFilename: C:\\Users\\user-01\\AppData\\Roaming\\Microsoft\\Windows\\Recent\\The Internet.lnk\r\nHashes: MD5=2DE82BDF2E1ADAF6AA6CBF2F26A3CF2B,SHA256=B68E121586EF846DC2BE14897087566AC72F6E6339F193609A5FC6F766E5C4AA,IMPHASH=00000000000000000000000000000000\r\nIsExecutable: false\r\nArchived: true","OpCode":"Info","ProcessGuid":"{3f87e246-b75b-6a8f-eb03-000000001600}","ProcessId":"5688","RecordNumber":"33184","RuleName":"-","Sid":"S-1-5-18","SidType":"0","SourceName":"Microsoft-Windows-Sysmon","TargetFilename":"C:\\Users\\user-01\\AppData\\Roaming\\Microsoft\\Windows\\Recent\\The Internet.lnk","TaskCategory":"File Delete archived (rule: FileDelete)","Type":"Information","User":["NOT_TRANSLATED","miacsdomain\\user-01"],"UtcTime":"2026-08-27 04:04:44.295","_raw":"08/27/2026 06:04:44.309 AM\nLogName=Microsoft-Windows-Sysmon/Operational\nEventCode=23\nEventType=4\nComputerName=Win-10.miacsdomain.com\nUser=NOT_TRANSLATED\nSid=S-1-5-18\nSidType=0\nSourceName=Microsoft-Windows-Sysmon\nType=Information\nRecordNumber=33184\nKeywords=None\nTaskCategory=File Delete archived (rule: FileDelete)\nOpCode=Info\nMessage=File Delete archived:\r\nRuleName: -\r\nUtcTime: 2026-08-27 04:04:44.295\r\nProcessGuid: {3f87e246-b75b-6a8f-eb03-000000001600}\r\nProcessId: 5688\r\nUser: miacsdomain\\user-01\r\nImage: C:\\Windows\\explorer.exe\r\nTargetFilename: C:\\Users\\user-01\\AppData\\Roaming\\Microsoft\\Windows\\Recent\\The Internet.lnk\r\nHashes: MD5=2DE82BDF2E1ADAF6AA6CBF2F26A3CF2B,SHA256=B68E121586EF846DC2BE14897087566AC72F6E6339F193609A5FC6F766E5C4AA,IMPHASH=00000000000000000000000000000000\r\nIsExecutable: false\r\nArchived: true","_time":"2026-08-27T06:04:44.309+0200","host":"Win-10","index":"main","linecount":"25","punct":"//_::._=--/===-..==---==--====___(:_)==__:\\r:_-\\r:_-","source":"WinEventLog:Microsoft-Windows-Sysmon/Operational","sourcetype":"WinEventLog:Microsoft-Windows-Sysmon/Operational","splunk_server":"splunk-virtual-machine"}}
{"preview":false,"result":{"Archived":"true","ComputerName":"Win-10.miacsdomain.com","EventCode":"23","EventType":"4","Hashes":"MD5=B3552DFB34753D463EB712F1A58D7EE7,SHA256=B7D2024010549A7091FB4A422BC5783808F135CA097F123323091DD46C198B5C,IMPHASH=00000000000000000000000000000000","Image":"C:\\Windows\\explorer.exe","IsExecutable":"false","Keywords":"None","LogName":"Microsoft-Windows-Sysmon/Operational","Message":"File Delete archived:\r\nRuleName: -\r\nUtcTime: 2026-08-27 04:04:44.295\r\nProcessGuid: {3f87e246-b75b-6a8f-eb03-000000001600}\r\nProcessId: 5688\r\nUser: miacsdomain\\user-01\r\nImage: C:\\Windows\\explorer.exe\r\nTargetFilename: C:\\Users\\user-01\\AppData\\Roaming\\Microsoft\\Windows\\Recent\\ms-gamingoverlay--kglcheck-.lnk\r\nHashes: MD5=B3552DFB34753D463EB712F1A58D7EE7,SHA256=B7D2024010549A7091FB4A422BC5783808F135CA097F123323091DD46C198B5C,IMPHASH=00000000000000000000000000000000\r\nIsExecutable: false\r\nArchived: true","OpCode":"Info","ProcessGuid":"{3f87e246-b75b-6a8f-eb03-000000001600}","ProcessId":"5688","RecordNumber":"33183","RuleName":"-","Sid":"S-1-5-18","SidType":"0","SourceName":"Microsoft-Windows-Sysmon","TargetFilename":"C:\\Users\\user-01\\AppData\\Roaming\\Microsoft\\Windows\\Recent\\ms-gamingoverlay--kglcheck-.lnk","TaskCategory":"File Delete archived (rule: FileDelete)","Type":"Information","User":["NOT_TRANSLATED","miacsdomain\\user-01"],"UtcTime":"2026-08-27 04:04:44.295","_raw":"08/27/2026 06:04:44.302 AM\nLogName=Microsoft-Windows-Sysmon/Operational\nEventCode=23\nEventType=4\nComputerName=Win-10.miacsdomain.com\nUser=NOT_TRANSLATED\nSid=S-1-5-18\nSidType=0\nSourceName=Microsoft-Windows-Sysmon\nType=Information\nRecordNumber=33183\nKeywords=None\nTaskCategory=File Delete archived (rule: FileDelete)\nOpCode=Info\nMessage=File Delete archived:\r\nRuleName: -\r\nUtcTime: 2026-08-27 04:04:44.295\r\nProcessGuid: {3f87e246-b75b-6a8f-eb03-000000001600}\r\nProcessId: 5688\r\nUser: miacsdomain\\user-01\r\nImage: C:\\Windows\\explorer.exe\r\nTargetFilename: C:\\Users\\user-01\\AppData\\Roaming\\Microsoft\\Windows\\Recent\\ms-gamingoverlay--kglcheck-.lnk\r\nHashes: MD5=B3552DFB34753D463EB712F1A58D7EE7,SHA256=B7D2024010549A7091FB4A422BC5783808F135CA097F123323091DD46C198B5C,IMPHASH=00000000000000000000000000000000\r\nIsExecutable: false\r\nArchived: true","_time":"2026-08-27T06:04:44.302+0200","host":"Win-10","index":"main","linecount":"25","punct":"//_::._=--/===-..==---==--====___(:_)==__:\\r:_-\\r:_-","source":"WinEventLog:Microsoft-Windows-Sysmon/Operational","sourcetype":"WinEventLog:Microsoft-Windows-Sysmon/Operational","splunk_server":"splunk-virtual-machine"}}
{"preview":false,"result":{"CommandLine":"\"C:\\Windows\\explorer.exe\" /LOADSAVEDWINDOWS","Company":"Microsoft Corporation","ComputerName":"Win-10.miacsdomain.com","CurrentDirectory":"C:\\Windows\\","Description":"Windows Explorer","EventCode":"1","EventType":"4","FileVersion":"10.0.19041.3758 (WinBuild.160101.0800)","Hashes":"MD5=02280F4613E3D8EB6579D79AB7A182CA,SHA256=81D8EA67D17BF48524C82D576F8DDADDB37A218D0566FD7F0AAB8B8FBD03F193,IMPHASH=D9331DE21D79B248BBFDF28F82FE85E1","Image":"C:\\Windows\\explorer.exe","IntegrityLevel":"Medium","Keywords":"None","LogName":"Microsoft-Windows-Sysmon/Operational","LogonGuid":"{3f87e246-b6bf-6a8f-1c76-4c0000000000}","LogonId":"0x4C761C","Message":"Process Create:\r\nRuleName: -\r\nUtcTime: 2026-08-27 04:04:43.736\r\nProcessGuid: {3f87e246-b75b-6a8f-eb03-000000001600}\r\nProcessId: 5688\r\nImage: C:\\Windows\\explorer.exe\r\nFileVersion: 10.0.19041.3758 (WinBuild.160101.0800)\r\nDescription: Windows Explorer\r\nProduct: Microsoft® Windows® Operating System\r\nCompany: Microsoft Corporation\r\nOriginalFileName: EXPLORER.EXE\r\nCommandLine: \"C:\\Windows\\explorer.exe\" /LOADSAVEDWINDOWS\r\nCurrentDirectory: C:\\Windows\\\r\nUser: miacsdomain\\user-01\r\nLogonGuid: {3f87e246-b6bf-6a8f-1c76-4c0000000000}\r\nLogonId: 0x4C761C\r\nTerminalSessionId: 5\r\nIntegrityLevel: Medium\r\nHashes: MD5=02280F4613E3D8EB6579D79AB7A182CA,SHA256=81D8EA67D17BF48524C82D576F8DDADDB37A218D0566FD7F0AAB8B8FBD03F193,IMPHASH=D9331DE21D79B248BBFDF28F82FE85E1\r\nParentProcessGuid: {3f87e246-b75b-6a8f-e903-000000001600}\r\nParentProcessId: 3672\r\nParentImage: C:\\Windows\\System32\\WerFault.exe\r\nParentCommandLine: werfault.exe /h /shared Global\\6f12e0825ce3462ebae03f58406c7832 /t 3404 /p 312\r\nParentUser: miacsdomain\\user-01","OpCode":"Info","OriginalFileName":"EXPLORER.EXE","ParentCommandLine":"werfault.exe /h /shared Global\\6f12e0825ce3462ebae03f58406c7832 /t 3404 /p 312","ParentImage":"C:\\Windows\\System32\\WerFault.exe","ParentProcessGuid":"{3f87e246-b75b-6a8f-e903-000000001600}","ParentProcessId":"3672","ParentUser":"miacsdomain\\user-01","ProcessGuid":"{3f87e246-b75b-6a8f-eb03-000000001600}","ProcessId":"5688","Product":"Microsoft® Windows® Operating System","RecordNumber":"33182","RuleName":"-","Sid":"S-1-5-18","SidType":"0","SourceName":"Microsoft-Windows-Sysmon","TaskCategory":"Process Create (rule: ProcessCreate)","TerminalSessionId":"5","Type":"Information","User":["NOT_TRANSLATED","miacsdomain\\user-01"],"UtcTime":"2026-08-27 04:04:43.736","_raw":"08/27/2026 06:04:43.736 AM\nLogName=Microsoft-Windows-Sysmon/Operational\nEventCode=1\nEventType=4\nComputerName=Win-10.miacsdomain.com\nUser=NOT_TRANSLATED\nSid=S-1-5-18\nSidType=0\nSourceName=Microsoft-Windows-Sysmon\nType=Information\nRecordNumber=33182\nKeywords=None\nTaskCategory=Process Create (rule: ProcessCreate)\nOpCode=Info\nMessage=Process Create:\r\nRuleName: -\r\nUtcTime: 2026-08-27 04:04:43.736\r\nProcessGuid: {3f87e246-b75b-6a8f-eb03-000000001600}\r\nProcessId: 5688\r\nImage: C:\\Windows\\explorer.exe\r\nFileVersion: 10.0.19041.3758 (WinBuild.160101.0800)\r\nDescription: Windows Explorer\r\nProduct: Microsoft® Windows® Operating System\r\nCompany: Microsoft Corporation\r\nOriginalFileName: EXPLORER.EXE\r\nCommandLine: \"C:\\Windows\\explorer.exe\" /LOADSAVEDWINDOWS\r\nCurrentDirectory: C:\\Windows\\\r\nUser: miacsdomain\\user-01\r\nLogonGuid: {3f87e246-b6bf-6a8f-1c76-4c0000000000}\r\nLogonId: 0x4C761C\r\nTerminalSessionId: 5\r\nIntegrityLevel: Medium\r\nHashes: MD5=02280F4613E3D8EB6579D79AB7A182CA,SHA256=81D8EA67D17BF48524C82D576F8DDADDB37A218D0566FD7F0AAB8B8FBD03F193,IMPHASH=D9331DE21D79B248BBFDF28F82FE85E1\r\nParentProcessGuid: {3f87e246-b75b-6a8f-e903-000000001600}\r\nParentProcessId: 3672\r\nParentImage: C:\\Windows\\System32\\WerFault.exe\r\nParentCommandLine: werfault.exe /h /shared Global\\6f12e0825ce3462ebae03f58406c7832 /t 3404 /p 312\r\nParentUser: miacsdomain\\user-01","_time":"2026-08-27T06:04:43.736+0200","host":"Win-10","index":"main","linecount":"38","punct":"//_::._=--/===-..==---==--====__(:_)==_:\\r:_-\\r:_--_","source":"WinEventLog:Microsoft-Windows-Sysmon/Operational","sourcetype":"WinEventLog:Microsoft-Windows-Sysmon/Operational","splunk_server":"splunk-virtual-machine"}}
{"preview":false,"result":{"CommandLine":"\"C:\\Windows\\system32\\wermgr.exe\" -upload","Company":"Microsoft Corporation","ComputerName":"Win-10.miacsdomain.com","CurrentDirectory":"C:\\Windows\\system32\\","Description":"Windows Problem Reporting","EventCode":"1","EventType":"4","FileVersion":"10.0.19041.3636 (WinBuild.160101.0800)","Hashes":"MD5=0A9EE8F50EF336B422521E133F6CC751,SHA256=4A135F60A5193F543D452C9D01E98546C44680E7BDF6C043E8837B1DFEAE3875,IMPHASH=9F236556F51749A0CA4BDF2040EA2478","Image":"C:\\Windows\\System32\\wermgr.exe","IntegrityLevel":"System","Keywords":"None","LogName":"Microsoft-Windows-Sysmon/Operational","LogonGuid":"{3f87e246-a659-6a8f-e703-000000000000}","LogonId":"0x3E7","Message":"Process Create:\r\nRuleName: -\r\nUtcTime: 2026-08-27 04:04:43.709\r\nProcessGuid: {3f87e246-b75b-6a8f-ea03-000000001600}\r\nProcessId: 3892\r\nImage: C:\\Windows\\System32\\wermgr.exe\r\nFileVersion: 10.0.19041.3636 (WinBuild.160101.0800)\r\nDescription: Windows Problem Reporting\r\nProduct: Microsoft® Windows® Operating System\r\nCompany: Microsoft Corporation\r\nOriginalFileName: WerMgr\r\nCommandLine: \"C:\\Windows\\system32\\wermgr.exe\" -upload\r\nCurrentDirectory: C:\\Windows\\system32\\\r\nUser: NT AUTHORITY\\SYSTEM\r\nLogonGuid: {3f87e246-a659-6a8f-e703-000000000000}\r\nLogonId: 0x3E7\r\nTerminalSessionId: 0\r\nIntegrityLevel: System\r\nHashes: MD5=0A9EE8F50EF336B422521E133F6CC751,SHA256=4A135F60A5193F543D452C9D01E98546C44680E7BDF6C043E8837B1DFEAE3875,IMPHASH=9F236556F51749A0CA4BDF2040EA2478\r\nParentProcessGuid: {3f87e246-a65a-6a8f-1300-000000001600}\r\nParentProcessId: 320\r\nParentImage: C:\\Windows\\System32\\svchost.exe\r\nParentCommandLine: C:\\Windows\\system32\\svchost.exe -k netsvcs -p\r\nParentUser: NT AUTHORITY\\SYSTEM","OpCode":"Info","OriginalFileName":"WerMgr","ParentCommandLine":"C:\\Windows\\system32\\svchost.exe -k netsvcs -p","ParentImage":"C:\\Windows\\System32\\svchost.exe","ParentProcessGuid":"{3f87e246-a65a-6a8f-1300-000000001600}","ParentProcessId":"320","ParentUser":"NT AUTHORITY\\SYSTEM","ProcessGuid":"{3f87e246-b75b-6a8f-ea03-000000001600}","ProcessId":"3892","Product":"Microsoft® Windows® Operating System","RecordNumber":"33181","RuleName":"-","Sid":"S-1-5-18","SidType":"0","SourceName":"Microsoft-Windows-Sysmon","TaskCategory":"Process Create (rule: ProcessCreate)","TerminalSessionId":"0","Type":"Information","User":["NOT_TRANSLATED","NT AUTHORITY\\SYSTEM"],"UtcTime":"2026-08-27 04:04:43.709","_raw":"08/27/2026 06:04:43.713 AM\nLogName=Microsoft-Windows-Sysmon/Operational\nEventCode=1\nEventType=4\nComputerName=Win-10.miacsdomain.com\nUser=NOT_TRANSLATED\nSid=S-1-5-18\nSidType=0\nSourceName=Microsoft-Windows-Sysmon\nType=Information\nRecordNumber=33181\nKeywords=None\nTaskCategory=Process Create (rule: ProcessCreate)\nOpCode=Info\nMessage=Process Create:\r\nRuleName: -\r\nUtcTime: 2026-08-27 04:04:43.709\r\nProcessGuid: {3f87e246-b75b-6a8f-ea03-000000001600}\r\nProcessId: 3892\r\nImage: C:\\Windows\\System32\\wermgr.exe\r\nFileVersion: 10.0.19041.3636 (WinBuild.160101.0800)\r\nDescription: Windows Problem Reporting\r\nProduct: Microsoft® Windows® Operating System\r\nCompany: Microsoft Corporation\r\nOriginalFileName: WerMgr\r\nCommandLine: \"C:\\Windows\\system32\\wermgr.exe\" -upload\r\nCurrentDirectory: C:\\Windows\\system32\\\r\nUser: NT AUTHORITY\\SYSTEM\r\nLogonGuid: {3f87e246-a659-6a8f-e703-000000000000}\r\nLogonId: 0x3E7\r\nTerminalSessionId: 0\r\nIntegrityLevel: System\r\nHashes: MD5=0A9EE8F50EF336B422521E133F6CC751,SHA256=4A135F60A5193F543D452C9D01E98546C44680E7BDF6C043E8837B1DFEAE3875,IMPHASH=9F236556F51749A0CA4BDF2040EA2478\r\nParentProcessGuid: {3f87e246-a65a-6a8f-1300-000000001600}\r\nParentProcessId: 320\r\nParentImage: C:\\Windows\\System32\\svchost.exe\r\nParentCommandLine: C:\\Windows\\system32\\svchost.exe -k netsvcs -p\r\nParentUser: NT AUTHORITY\\SYSTEM","_time":"2026-08-27T06:04:43.713+0200","host":"Win-10","index":"main","linecount":"38","punct":"//_::._=--/===-..==---==--====__(:_)==_:\\r:_-\\r:_--_","source":"WinEventLog:Microsoft-Windows-Sysmon/Operational","sourcetype":"WinEventLog:Microsoft-Windows-Sysmon/Operational","splunk_server":"splunk-virtual-machine"}}
