{"preview":false,"result":{"CommandLine":"\"dwm.exe\"","Company":"Microsoft Corporation","ComputerName":"Win-10.miacsdomain.com","CurrentDirectory":"C:\\Windows\\system32\\","Description":"Desktop Window Manager","EventCode":"1","EventType":"4","FileVersion":"10.0.19041.3636 (WinBuild.160101.0800)","Hashes":"MD5=C8B1DADBE021E9EC3117036496183FE3,SHA256=8C2B5D9628BD615C09050B1BC3FD5874045CB037652CB2842A5E25CB1EB9DFBE,IMPHASH=154ED7B525A399CB7070EB8FD0DFC4DE","Image":"C:\\Windows\\System32\\dwm.exe","IntegrityLevel":"System","Keywords":"None","LogName":"Microsoft-Windows-Sysmon/Operational","LogonGuid":"{3f87e246-b761-6a8f-db9d-550000000000}","LogonId":"0x559DDB","Message":"Process Create:\r\nRuleName: -\r\nUtcTime: 2026-08-27 04:04:49.064\r\nProcessGuid: {3f87e246-b761-6a8f-fb03-000000001600}\r\nProcessId: 5316\r\nImage: C:\\Windows\\System32\\dwm.exe\r\nFileVersion: 10.0.19041.3636 (WinBuild.160101.0800)\r\nDescription: Desktop Window Manager\r\nProduct: Microsoft® Windows® Operating System\r\nCompany: Microsoft Corporation\r\nOriginalFileName: dwm.exe\r\nCommandLine: \"dwm.exe\"\r\nCurrentDirectory: C:\\Windows\\system32\\\r\nUser: Window Manager\\DWM-6\r\nLogonGuid: {3f87e246-b761-6a8f-db9d-550000000000}\r\nLogonId: 0x559DDB\r\nTerminalSessionId: 6\r\nIntegrityLevel: System\r\nHashes: MD5=C8B1DADBE021E9EC3117036496183FE3,SHA256=8C2B5D9628BD615C09050B1BC3FD5874045CB037652CB2842A5E25CB1EB9DFBE,IMPHASH=154ED7B525A399CB7070EB8FD0DFC4DE\r\nParentProcessGuid: {3f87e246-b761-6a8f-f903-000000001600}\r\nParentProcessId: 4924\r\nParentImage: C:\\Windows\\System32\\winlogon.exe\r\nParentCommandLine: winlogon.exe\r\nParentUser: NT AUTHORITY\\SYSTEM","OpCode":"Info","OriginalFileName":"dwm.exe","ParentCommandLine":"winlogon.exe","ParentImage":"C:\\Windows\\System32\\winlogon.exe","ParentProcessGuid":"{3f87e246-b761-6a8f-f903-000000001600}","ParentProcessId":"4924","ParentUser":"NT AUTHORITY\\SYSTEM","ProcessGuid":"{3f87e246-b761-6a8f-fb03-000000001600}","ProcessId":"5316","Product":"Microsoft® Windows® Operating System","RecordNumber":"33203","RuleName":"-","Sid":"S-1-5-18","SidType":"0","SourceName":"Microsoft-Windows-Sysmon","TaskCategory":"Process Create (rule: ProcessCreate)","TerminalSessionId":"6","Type":"Information","User":["NOT_TRANSLATED","Window Manager\\DWM-6"],"UtcTime":"2026-08-27 04:04:49.064","_raw":"08/27/2026 06:04:49.066 AM\nLogName=Microsoft-Windows-Sysmon/Operational\nEventCode=1\nEventType=4\nComputerName=Win-10.miacsdomain.com\nUser=NOT_TRANSLATED\nSid=S-1-5-18\nSidType=0\nSourceName=Microsoft-Windows-Sysmon\nType=Information\nRecordNumber=33203\nKeywords=None\nTaskCategory=Process Create (rule: ProcessCreate)\nOpCode=Info\nMessage=Process Create:\r\nRuleName: -\r\nUtcTime: 2026-08-27 04:04:49.064\r\nProcessGuid: {3f87e246-b761-6a8f-fb03-000000001600}\r\nProcessId: 5316\r\nImage: C:\\Windows\\System32\\dwm.exe\r\nFileVersion: 10.0.19041.3636 (WinBuild.160101.0800)\r\nDescription: Desktop Window Manager\r\nProduct: Microsoft® Windows® Operating System\r\nCompany: Microsoft Corporation\r\nOriginalFileName: dwm.exe\r\nCommandLine: \"dwm.exe\"\r\nCurrentDirectory: C:\\Windows\\system32\\\r\nUser: Window Manager\\DWM-6\r\nLogonGuid: {3f87e246-b761-6a8f-db9d-550000000000}\r\nLogonId: 0x559DDB\r\nTerminalSessionId: 6\r\nIntegrityLevel: System\r\nHashes: MD5=C8B1DADBE021E9EC3117036496183FE3,SHA256=8C2B5D9628BD615C09050B1BC3FD5874045CB037652CB2842A5E25CB1EB9DFBE,IMPHASH=154ED7B525A399CB7070EB8FD0DFC4DE\r\nParentProcessGuid: {3f87e246-b761-6a8f-f903-000000001600}\r\nParentProcessId: 4924\r\nParentImage: C:\\Windows\\System32\\winlogon.exe\r\nParentCommandLine: winlogon.exe\r\nParentUser: NT AUTHORITY\\SYSTEM","_time":"2026-08-27T06:04:49.066+0200","host":"Win-10","index":"main","linecount":"38","punct":"//_::._=--/===-..==---==--====__(:_)==_:\\r:_-\\r:_--_","source":"WinEventLog:Microsoft-Windows-Sysmon/Operational","sourcetype":"WinEventLog:Microsoft-Windows-Sysmon/Operational","splunk_server":"splunk-virtual-machine"}}
{"preview":false,"result":{"CommandLine":"\"LogonUI.exe\" /flags:0x2 /state0:0xa32d9855 /state1:0x41c64e6d","Company":"Microsoft Corporation","ComputerName":"Win-10.miacsdomain.com","CurrentDirectory":"C:\\Windows\\system32\\","Description":"Windows Logon User Interface Host","EventCode":"1","EventType":"4","FileVersion":"10.0.19041.1 (WinBuild.160101.0800)","Hashes":"MD5=893144FE49AA16124B5BD3034E79BBC6,SHA256=CF01E46C146699F6C0E3DD447043F59BC9438DBBCB9563AF6C60EBC6D82727F2,IMPHASH=B9B0B64B08B38276711093CA94348D39","Image":"C:\\Windows\\System32\\LogonUI.exe","IntegrityLevel":"System","Keywords":"None","LogName":"Microsoft-Windows-Sysmon/Operational","LogonGuid":"{3f87e246-a659-6a8f-e703-000000000000}","LogonId":"0x3E7","Message":"Process Create:\r\nRuleName: -\r\nUtcTime: 2026-08-27 04:04:49.055\r\nProcessGuid: {3f87e246-b761-6a8f-fa03-000000001600}\r\nProcessId: 3868\r\nImage: C:\\Windows\\System32\\LogonUI.exe\r\nFileVersion: 10.0.19041.1 (WinBuild.160101.0800)\r\nDescription: Windows Logon User Interface Host\r\nProduct: Microsoft® Windows® Operating System\r\nCompany: Microsoft Corporation\r\nOriginalFileName: logonui.exe\r\nCommandLine: \"LogonUI.exe\" /flags:0x2 /state0:0xa32d9855 /state1:0x41c64e6d\r\nCurrentDirectory: C:\\Windows\\system32\\\r\nUser: NT AUTHORITY\\SYSTEM\r\nLogonGuid: {3f87e246-a659-6a8f-e703-000000000000}\r\nLogonId: 0x3E7\r\nTerminalSessionId: 6\r\nIntegrityLevel: System\r\nHashes: MD5=893144FE49AA16124B5BD3034E79BBC6,SHA256=CF01E46C146699F6C0E3DD447043F59BC9438DBBCB9563AF6C60EBC6D82727F2,IMPHASH=B9B0B64B08B38276711093CA94348D39\r\nParentProcessGuid: {3f87e246-b761-6a8f-f903-000000001600}\r\nParentProcessId: 4924\r\nParentImage: C:\\Windows\\System32\\winlogon.exe\r\nParentCommandLine: winlogon.exe\r\nParentUser: NT AUTHORITY\\SYSTEM","OpCode":"Info","OriginalFileName":"logonui.exe","ParentCommandLine":"winlogon.exe","ParentImage":"C:\\Windows\\System32\\winlogon.exe","ParentProcessGuid":"{3f87e246-b761-6a8f-f903-000000001600}","ParentProcessId":"4924","ParentUser":"NT AUTHORITY\\SYSTEM","ProcessGuid":"{3f87e246-b761-6a8f-fa03-000000001600}","ProcessId":"3868","Product":"Microsoft® Windows® Operating System","RecordNumber":"33202","RuleName":"-","Sid":"S-1-5-18","SidType":"0","SourceName":"Microsoft-Windows-Sysmon","TaskCategory":"Process Create (rule: ProcessCreate)","TerminalSessionId":"6","Type":"Information","User":["NOT_TRANSLATED","NT AUTHORITY\\SYSTEM"],"UtcTime":"2026-08-27 04:04:49.055","_raw":"08/27/2026 06:04:49.065 AM\nLogName=Microsoft-Windows-Sysmon/Operational\nEventCode=1\nEventType=4\nComputerName=Win-10.miacsdomain.com\nUser=NOT_TRANSLATED\nSid=S-1-5-18\nSidType=0\nSourceName=Microsoft-Windows-Sysmon\nType=Information\nRecordNumber=33202\nKeywords=None\nTaskCategory=Process Create (rule: ProcessCreate)\nOpCode=Info\nMessage=Process Create:\r\nRuleName: -\r\nUtcTime: 2026-08-27 04:04:49.055\r\nProcessGuid: {3f87e246-b761-6a8f-fa03-000000001600}\r\nProcessId: 3868\r\nImage: C:\\Windows\\System32\\LogonUI.exe\r\nFileVersion: 10.0.19041.1 (WinBuild.160101.0800)\r\nDescription: Windows Logon User Interface Host\r\nProduct: Microsoft® Windows® Operating System\r\nCompany: Microsoft Corporation\r\nOriginalFileName: logonui.exe\r\nCommandLine: \"LogonUI.exe\" /flags:0x2 /state0:0xa32d9855 /state1:0x41c64e6d\r\nCurrentDirectory: C:\\Windows\\system32\\\r\nUser: NT AUTHORITY\\SYSTEM\r\nLogonGuid: {3f87e246-a659-6a8f-e703-000000000000}\r\nLogonId: 0x3E7\r\nTerminalSessionId: 6\r\nIntegrityLevel: System\r\nHashes: MD5=893144FE49AA16124B5BD3034E79BBC6,SHA256=CF01E46C146699F6C0E3DD447043F59BC9438DBBCB9563AF6C60EBC6D82727F2,IMPHASH=B9B0B64B08B38276711093CA94348D39\r\nParentProcessGuid: {3f87e246-b761-6a8f-f903-000000001600}\r\nParentProcessId: 4924\r\nParentImage: C:\\Windows\\System32\\winlogon.exe\r\nParentCommandLine: winlogon.exe\r\nParentUser: NT AUTHORITY\\SYSTEM","_time":"2026-08-27T06:04:49.065+0200","host":"Win-10","index":"main","linecount":"38","punct":"//_::._=--/===-..==---==--====__(:_)==_:\\r:_-\\r:_--_","source":"WinEventLog:Microsoft-Windows-Sysmon/Operational","sourcetype":"WinEventLog:Microsoft-Windows-Sysmon/Operational","splunk_server":"splunk-virtual-machine"}}
{"preview":false,"result":{"Account_Domain":"Window Manager","Account_Name":"DWM-6","ComputerName":"Win-10.miacsdomain.com","EventCode":"4672","EventType":"0","Keywords":"Audit Success","LogName":"Security","Logon_ID":"0x559DDB","Message":"Special privileges assigned to new logon.\r\n\r\nSubject:\r\n\tSecurity ID:\t\tS-1-5-90-0-6\r\n\tAccount Name:\t\tDWM-6\r\n\tAccount Domain:\t\tWindow Manager\r\n\tLogon ID:\t\t0x559DDB\r\n\r\nPrivileges:\t\tSeAssignPrimaryTokenPrivilege\r\n\t\t\tSeAuditPrivilege\r\n\t\t\tSeImpersonatePrivilege","OpCode":"Info","Privileges":"SeAssignPrimaryTokenPrivilege","RecordNumber":"17214","Security_ID":"S-1-5-90-0-6","SourceName":"Microsoft Windows security auditing.","TaskCategory":"Special Logon","Type":"Information","_raw":"08/27/2026 06:04:49.064 AM\nLogName=Security\nEventCode=4672\nEventType=0\nComputerName=Win-10.miacsdomain.com\nSourceName=Microsoft Windows security auditing.\nType=Information\nRecordNumber=17214\nKeywords=Audit Success\nTaskCategory=Special Logon\nOpCode=Info\nMessage=Special privileges assigned to new logon.\r\n\r\nSubject:\r\n\tSecurity ID:\t\tS-1-5-90-0-6\r\n\tAccount Name:\t\tDWM-6\r\n\tAccount Domain:\t\tWindow Manager\r\n\tLogon ID:\t\t0x559DDB\r\n\r\nPrivileges:\t\tSeAssignPrimaryTokenPrivilege\r\n\t\t\tSeAuditPrivilege\r\n\t\t\tSeImpersonatePrivilege","_time":"2026-08-27T06:04:49.064+0200","host":"Win-10","index":"main","linecount":"22","punct":"//_::._====-..=___.===_=_==_____.\\r\\r:\\rt_:tt-----\\rt_","source":"WinEventLog:Security","sourcetype":"WinEventLog:Security","splunk_server":"splunk-virtual-machine"}}
{"preview":false,"result":{"Account_Domain":["miacsdomain","Window Manager"],"Account_Name":["WIN-10$","DWM-6"],"Authentication_Package":"Negotiate","ComputerName":"Win-10.miacsdomain.com","Elevated_Token":"Yes","EventCode":"4624","EventType":"0","Impersonation_Level":"Impersonation","Key_Length":"0","Keywords":"Audit Success","Linked_Logon_ID":"0x0","LogName":"Security","Logon_GUID":"{00000000-0000-0000-0000-000000000000}","Logon_ID":["0x3E7","0x559DDB"],"Logon_Process":"Advapi","Logon_Type":"2","Message":"An account was successfully logged on.\r\n\r\nSubject:\r\n\tSecurity ID:\t\tS-1-5-18\r\n\tAccount Name:\t\tWIN-10$\r\n\tAccount Domain:\t\tmiacsdomain\r\n\tLogon ID:\t\t0x3E7\r\n\r\nLogon Information:\r\n\tLogon Type:\t\t2\r\n\tRestricted Admin Mode:\t-\r\n\tVirtual Account:\t\tYes\r\n\tElevated Token:\t\tYes\r\n\r\nImpersonation Level:\t\tImpersonation\r\n\r\nNew Logon:\r\n\tSecurity ID:\t\tS-1-5-90-0-6\r\n\tAccount Name:\t\tDWM-6\r\n\tAccount Domain:\t\tWindow Manager\r\n\tLogon ID:\t\t0x559DDB\r\n\tLinked Logon ID:\t\t0x0\r\n\tNetwork Account Name:\t-\r\n\tNetwork Account Domain:\t-\r\n\tLogon GUID:\t\t{00000000-0000-0000-0000-000000000000}\r\n\r\nProcess Information:\r\n\tProcess ID:\t\t0x133c\r\n\tProcess Name:\t\tC:\\Windows\\System32\\winlogon.exe\r\n\r\nNetwork Information:\r\n\tWorkstation Name:\t-\r\n\tSource Network Address:\t-\r\n\tSource Port:\t\t-\r\n\r\nDetailed Authentication Information:\r\n\tLogon Process:\t\tAdvapi  \r\n\tAuthentication Package:\tNegotiate\r\n\tTransited Services:\t-\r\n\tPackage Name (NTLM only):\t-\r\n\tKey Length:\t\t0\r\n\r\nThis event is generated when a logon session is created. It is generated on the computer that was accessed.\r\n\r\nThe subject fields indicate the account on the local system which requested the logon. This is most commonly a service such as the Server service, or a local process such as Winlogon.exe or Services.exe.\r\n\r\nThe logon type field indicates the kind of logon that occurred. The most common types are 2 (interactive) and 3 (network).\r\n\r\nThe New Logon fields indicate the account for whom the new logon was created, i.e. the account that was logged on.\r\n\r\nThe network fields indicate where a remote logon request originated. Workstation name is not always available and may be left blank in some cases.\r\n\r\nThe impersonation level field indicates the extent to which a process in the logon session can impersonate.\r\n\r\nThe authentication information fields provide detailed information about this specific logon request.\r\n\t- Logon GUID is a unique identifier that can be used to correlate this event with a KDC event.\r\n\t- Transited services indicate which intermediate services have participated in this logon request.\r\n\t- Package name indicates which sub-protocol was used among the NTLM protocols.\r\n\t- Key length indicates the length of the generated session key. This will be 0 if no session key was requested.","Network_Account_Domain":"-","Network_Account_Name":"-","OpCode":"Info","Package_Name__NTLM_only_":"-","Process_ID":"0x133c","Process_Name":"C:\\Windows\\System32\\winlogon.exe","RecordNumber":"17213","Restricted_Admin_Mode":"-","Security_ID":["S-1-5-18","S-1-5-90-0-6"],"SourceName":"Microsoft Windows security auditing.","Source_Network_Address":"-","Source_Port":"-","TaskCategory":"Logon","Transited_Services":"-","Type":"Information","Virtual_Account":"Yes","Workstation_Name":"-","_raw":"08/27/2026 06:04:49.064 AM\nLogName=Security\nEventCode=4624\nEventType=0\nComputerName=Win-10.miacsdomain.com\nSourceName=Microsoft Windows security auditing.\nType=Information\nRecordNumber=17213\nKeywords=Audit Success\nTaskCategory=Logon\nOpCode=Info\nMessage=An account was successfully logged on.\r\n\r\nSubject:\r\n\tSecurity ID:\t\tS-1-5-18\r\n\tAccount Name:\t\tWIN-10$\r\n\tAccount Domain:\t\tmiacsdomain\r\n\tLogon ID:\t\t0x3E7\r\n\r\nLogon Information:\r\n\tLogon Type:\t\t2\r\n\tRestricted Admin Mode:\t-\r\n\tVirtual Account:\t\tYes\r\n\tElevated Token:\t\tYes\r\n\r\nImpersonation Level:\t\tImpersonation\r\n\r\nNew Logon:\r\n\tSecurity ID:\t\tS-1-5-90-0-6\r\n\tAccount Name:\t\tDWM-6\r\n\tAccount Domain:\t\tWindow Manager\r\n\tLogon ID:\t\t0x559DDB\r\n\tLinked Logon ID:\t\t0x0\r\n\tNetwork Account Name:\t-\r\n\tNetwork Account Domain:\t-\r\n\tLogon GUID:\t\t{00000000-0000-0000-0000-000000000000}\r\n\r\nProcess Information:\r\n\tProcess ID:\t\t0x133c\r\n\tProcess Name:\t\tC:\\Windows\\System32\\winlogon.exe\r\n\r\nNetwork Information:\r\n\tWorkstation Name:\t-\r\n\tSource Network Address:\t-\r\n\tSource Port:\t\t-\r\n\r\nDetailed Authentication Information:\r\n\tLogon Process:\t\tAdvapi  \r\n\tAuthentication Package:\tNegotiate\r\n\tTransited Services:\t-\r\n\tPackage Name (NTLM only):\t-\r\n\tKey Length:\t\t0\r\n\r\nThis event is generated when a logon session is created. It is generated on the computer that was accessed.\r\n\r\nThe subject fields indicate the account on the local system which requested the logon. This is most commonly a service such as the Server service, or a local process such as Winlogon.exe or Services.exe.\r\n\r\nThe logon type field indicates the kind of logon that occurred. The most common types are 2 (interactive) and 3 (network).\r\n\r\nThe New Logon fields indicate the account for whom the new logon was created, i.e. the account that was logged on.\r\n\r\nThe network fields indicate where a remote logon request originated. Workstation name is not always available and may be left blank in some cases.\r\n\r\nThe impersonation level field indicates the extent to which a process in the logon session can impersonate.\r\n\r\nThe authentication information fields provide detailed information about this specific logon request.\r\n\t- Logon GUID is a unique identifier that can be used to correlate this event with a KDC event.\r\n\t- Transited services indicate which intermediate services have participated in this logon request.\r\n\t- Package name indicates which sub-protocol was used among the NTLM protocols.\r\n\t- Key length indicates the length of the generated session key. This will be 0 if no session key was requested.","_time":"2026-08-27T06:04:49.064+0200","host":"Win-10","index":"main","linecount":"70","punct":"//_::._====-..=___.===_===_____.\\r\\r:\\rt_:tt---\\rt_:tt","source":"WinEventLog:Security","sourcetype":"WinEventLog:Security","splunk_server":"splunk-virtual-machine"}}
{"preview":false,"result":{"Account_Domain":["miacsdomain","Window Manager"],"Account_Name":["WIN-10$","DWM-6"],"Additional_Information":"localhost","ComputerName":"Win-10.miacsdomain.com","EventCode":"4648","EventType":"0","Keywords":"Audit Success","LogName":"Security","Logon_GUID":["{00000000-0000-0000-0000-000000000000}","{00000000-0000-0000-0000-000000000000}"],"Logon_ID":"0x3E7","Message":"A logon was attempted using explicit credentials.\r\n\r\nSubject:\r\n\tSecurity ID:\t\tS-1-5-18\r\n\tAccount Name:\t\tWIN-10$\r\n\tAccount Domain:\t\tmiacsdomain\r\n\tLogon ID:\t\t0x3E7\r\n\tLogon GUID:\t\t{00000000-0000-0000-0000-000000000000}\r\n\r\nAccount Whose Credentials Were Used:\r\n\tAccount Name:\t\tDWM-6\r\n\tAccount Domain:\t\tWindow Manager\r\n\tLogon GUID:\t\t{00000000-0000-0000-0000-000000000000}\r\n\r\nTarget Server:\r\n\tTarget Server Name:\tlocalhost\r\n\tAdditional Information:\tlocalhost\r\n\r\nProcess Information:\r\n\tProcess ID:\t\t0x133c\r\n\tProcess Name:\t\tC:\\Windows\\System32\\winlogon.exe\r\n\r\nNetwork Information:\r\n\tNetwork Address:\t-\r\n\tPort:\t\t\t-\r\n\r\nThis event is generated when a process attempts to log on an account by explicitly specifying that account’s credentials.  This most commonly occurs in batch-type configurations such as scheduled tasks, or when using the RUNAS command.","Network_Address":"-","OpCode":"Info","Port":"-","Process_ID":"0x133c","Process_Name":"C:\\Windows\\System32\\winlogon.exe","RecordNumber":"17212","Security_ID":"S-1-5-18","SourceName":"Microsoft Windows security auditing.","Target_Server_Name":"localhost","TaskCategory":"Logon","Type":"Information","_raw":"08/27/2026 06:04:49.064 AM\nLogName=Security\nEventCode=4648\nEventType=0\nComputerName=Win-10.miacsdomain.com\nSourceName=Microsoft Windows security auditing.\nType=Information\nRecordNumber=17212\nKeywords=Audit Success\nTaskCategory=Logon\nOpCode=Info\nMessage=A logon was attempted using explicit credentials.\r\n\r\nSubject:\r\n\tSecurity ID:\t\tS-1-5-18\r\n\tAccount Name:\t\tWIN-10$\r\n\tAccount Domain:\t\tmiacsdomain\r\n\tLogon ID:\t\t0x3E7\r\n\tLogon GUID:\t\t{00000000-0000-0000-0000-000000000000}\r\n\r\nAccount Whose Credentials Were Used:\r\n\tAccount Name:\t\tDWM-6\r\n\tAccount Domain:\t\tWindow Manager\r\n\tLogon GUID:\t\t{00000000-0000-0000-0000-000000000000}\r\n\r\nTarget Server:\r\n\tTarget Server Name:\tlocalhost\r\n\tAdditional Information:\tlocalhost\r\n\r\nProcess Information:\r\n\tProcess ID:\t\t0x133c\r\n\tProcess Name:\t\tC:\\Windows\\System32\\winlogon.exe\r\n\r\nNetwork Information:\r\n\tNetwork Address:\t-\r\n\tPort:\t\t\t-\r\n\r\nThis event is generated when a process attempts to log on an account by explicitly specifying that account’s credentials.  This most commonly occurs in batch-type configurations such as scheduled tasks, or when using the RUNAS command.","_time":"2026-08-27T06:04:49.064+0200","host":"Win-10","index":"main","linecount":"38","punct":"//_::._====-..=___.===_===______.\\r\\r:\\rt_:tt---\\rt_:t","source":"WinEventLog:Security","sourcetype":"WinEventLog:Security","splunk_server":"splunk-virtual-machine"}}
{"preview":false,"result":{"Account_Domain":["miacsdomain","Font Driver Host"],"Account_Name":["WIN-10$","UMFD-6"],"Authentication_Package":"Negotiate","ComputerName":"Win-10.miacsdomain.com","Elevated_Token":"No","EventCode":"4624","EventType":"0","Impersonation_Level":"Impersonation","Key_Length":"0","Keywords":"Audit Success","Linked_Logon_ID":"0x0","LogName":"Security","Logon_GUID":"{00000000-0000-0000-0000-000000000000}","Logon_ID":["0x3E7","0x559953"],"Logon_Process":"Advapi","Logon_Type":"2","Message":"An account was successfully logged on.\r\n\r\nSubject:\r\n\tSecurity ID:\t\tS-1-5-18\r\n\tAccount Name:\t\tWIN-10$\r\n\tAccount Domain:\t\tmiacsdomain\r\n\tLogon ID:\t\t0x3E7\r\n\r\nLogon Information:\r\n\tLogon Type:\t\t2\r\n\tRestricted Admin Mode:\t-\r\n\tVirtual Account:\t\tYes\r\n\tElevated Token:\t\tNo\r\n\r\nImpersonation Level:\t\tImpersonation\r\n\r\nNew Logon:\r\n\tSecurity ID:\t\tS-1-5-96-0-6\r\n\tAccount Name:\t\tUMFD-6\r\n\tAccount Domain:\t\tFont Driver Host\r\n\tLogon ID:\t\t0x559953\r\n\tLinked Logon ID:\t\t0x0\r\n\tNetwork Account Name:\t-\r\n\tNetwork Account Domain:\t-\r\n\tLogon GUID:\t\t{00000000-0000-0000-0000-000000000000}\r\n\r\nProcess Information:\r\n\tProcess ID:\t\t0x133c\r\n\tProcess Name:\t\tC:\\Windows\\System32\\winlogon.exe\r\n\r\nNetwork Information:\r\n\tWorkstation Name:\t-\r\n\tSource Network Address:\t-\r\n\tSource Port:\t\t-\r\n\r\nDetailed Authentication Information:\r\n\tLogon Process:\t\tAdvapi  \r\n\tAuthentication Package:\tNegotiate\r\n\tTransited Services:\t-\r\n\tPackage Name (NTLM only):\t-\r\n\tKey Length:\t\t0\r\n\r\nThis event is generated when a logon session is created. It is generated on the computer that was accessed.\r\n\r\nThe subject fields indicate the account on the local system which requested the logon. This is most commonly a service such as the Server service, or a local process such as Winlogon.exe or Services.exe.\r\n\r\nThe logon type field indicates the kind of logon that occurred. The most common types are 2 (interactive) and 3 (network).\r\n\r\nThe New Logon fields indicate the account for whom the new logon was created, i.e. the account that was logged on.\r\n\r\nThe network fields indicate where a remote logon request originated. Workstation name is not always available and may be left blank in some cases.\r\n\r\nThe impersonation level field indicates the extent to which a process in the logon session can impersonate.\r\n\r\nThe authentication information fields provide detailed information about this specific logon request.\r\n\t- Logon GUID is a unique identifier that can be used to correlate this event with a KDC event.\r\n\t- Transited services indicate which intermediate services have participated in this logon request.\r\n\t- Package name indicates which sub-protocol was used among the NTLM protocols.\r\n\t- Key length indicates the length of the generated session key. This will be 0 if no session key was requested.","Network_Account_Domain":"-","Network_Account_Name":"-","OpCode":"Info","Package_Name__NTLM_only_":"-","Process_ID":"0x133c","Process_Name":"C:\\Windows\\System32\\winlogon.exe","RecordNumber":"17211","Restricted_Admin_Mode":"-","Security_ID":["S-1-5-18","S-1-5-96-0-6"],"SourceName":"Microsoft Windows security auditing.","Source_Network_Address":"-","Source_Port":"-","TaskCategory":"Logon","Transited_Services":"-","Type":"Information","Virtual_Account":"Yes","Workstation_Name":"-","_raw":"08/27/2026 06:04:49.034 AM\nLogName=Security\nEventCode=4624\nEventType=0\nComputerName=Win-10.miacsdomain.com\nSourceName=Microsoft Windows security auditing.\nType=Information\nRecordNumber=17211\nKeywords=Audit Success\nTaskCategory=Logon\nOpCode=Info\nMessage=An account was successfully logged on.\r\n\r\nSubject:\r\n\tSecurity ID:\t\tS-1-5-18\r\n\tAccount Name:\t\tWIN-10$\r\n\tAccount Domain:\t\tmiacsdomain\r\n\tLogon ID:\t\t0x3E7\r\n\r\nLogon Information:\r\n\tLogon Type:\t\t2\r\n\tRestricted Admin Mode:\t-\r\n\tVirtual Account:\t\tYes\r\n\tElevated Token:\t\tNo\r\n\r\nImpersonation Level:\t\tImpersonation\r\n\r\nNew Logon:\r\n\tSecurity ID:\t\tS-1-5-96-0-6\r\n\tAccount Name:\t\tUMFD-6\r\n\tAccount Domain:\t\tFont Driver Host\r\n\tLogon ID:\t\t0x559953\r\n\tLinked Logon ID:\t\t0x0\r\n\tNetwork Account Name:\t-\r\n\tNetwork Account Domain:\t-\r\n\tLogon GUID:\t\t{00000000-0000-0000-0000-000000000000}\r\n\r\nProcess Information:\r\n\tProcess ID:\t\t0x133c\r\n\tProcess Name:\t\tC:\\Windows\\System32\\winlogon.exe\r\n\r\nNetwork Information:\r\n\tWorkstation Name:\t-\r\n\tSource Network Address:\t-\r\n\tSource Port:\t\t-\r\n\r\nDetailed Authentication Information:\r\n\tLogon Process:\t\tAdvapi  \r\n\tAuthentication Package:\tNegotiate\r\n\tTransited Services:\t-\r\n\tPackage Name (NTLM only):\t-\r\n\tKey Length:\t\t0\r\n\r\nThis event is generated when a logon session is created. It is generated on the computer that was accessed.\r\n\r\nThe subject fields indicate the account on the local system which requested the logon. This is most commonly a service such as the Server service, or a local process such as Winlogon.exe or Services.exe.\r\n\r\nThe logon type field indicates the kind of logon that occurred. The most common types are 2 (interactive) and 3 (network).\r\n\r\nThe New Logon fields indicate the account for whom the new logon was created, i.e. the account that was logged on.\r\n\r\nThe network fields indicate where a remote logon request originated. Workstation name is not always available and may be left blank in some cases.\r\n\r\nThe impersonation level field indicates the extent to which a process in the logon session can impersonate.\r\n\r\nThe authentication information fields provide detailed information about this specific logon request.\r\n\t- Logon GUID is a unique identifier that can be used to correlate this event with a KDC event.\r\n\t- Transited services indicate which intermediate services have participated in this logon request.\r\n\t- Package name indicates which sub-protocol was used among the NTLM protocols.\r\n\t- Key length indicates the length of the generated session key. This will be 0 if no session key was requested.","_time":"2026-08-27T06:04:49.034+0200","host":"Win-10","index":"main","linecount":"70","punct":"//_::._====-..=___.===_===_____.\\r\\r:\\rt_:tt---\\rt_:tt","source":"WinEventLog:Security","sourcetype":"WinEventLog:Security","splunk_server":"splunk-virtual-machine"}}
{"preview":false,"result":{"Account_Domain":["miacsdomain","Font Driver Host"],"Account_Name":["WIN-10$","UMFD-6"],"Additional_Information":"localhost","ComputerName":"Win-10.miacsdomain.com","EventCode":"4648","EventType":"0","Keywords":"Audit Success","LogName":"Security","Logon_GUID":["{00000000-0000-0000-0000-000000000000}","{00000000-0000-0000-0000-000000000000}"],"Logon_ID":"0x3E7","Message":"A logon was attempted using explicit credentials.\r\n\r\nSubject:\r\n\tSecurity ID:\t\tS-1-5-18\r\n\tAccount Name:\t\tWIN-10$\r\n\tAccount Domain:\t\tmiacsdomain\r\n\tLogon ID:\t\t0x3E7\r\n\tLogon GUID:\t\t{00000000-0000-0000-0000-000000000000}\r\n\r\nAccount Whose Credentials Were Used:\r\n\tAccount Name:\t\tUMFD-6\r\n\tAccount Domain:\t\tFont Driver Host\r\n\tLogon GUID:\t\t{00000000-0000-0000-0000-000000000000}\r\n\r\nTarget Server:\r\n\tTarget Server Name:\tlocalhost\r\n\tAdditional Information:\tlocalhost\r\n\r\nProcess Information:\r\n\tProcess ID:\t\t0x133c\r\n\tProcess Name:\t\tC:\\Windows\\System32\\winlogon.exe\r\n\r\nNetwork Information:\r\n\tNetwork Address:\t-\r\n\tPort:\t\t\t-\r\n\r\nThis event is generated when a process attempts to log on an account by explicitly specifying that account’s credentials.  This most commonly occurs in batch-type configurations such as scheduled tasks, or when using the RUNAS command.","Network_Address":"-","OpCode":"Info","Port":"-","Process_ID":"0x133c","Process_Name":"C:\\Windows\\System32\\winlogon.exe","RecordNumber":"17210","Security_ID":"S-1-5-18","SourceName":"Microsoft Windows security auditing.","Target_Server_Name":"localhost","TaskCategory":"Logon","Type":"Information","_raw":"08/27/2026 06:04:49.034 AM\nLogName=Security\nEventCode=4648\nEventType=0\nComputerName=Win-10.miacsdomain.com\nSourceName=Microsoft Windows security auditing.\nType=Information\nRecordNumber=17210\nKeywords=Audit Success\nTaskCategory=Logon\nOpCode=Info\nMessage=A logon was attempted using explicit credentials.\r\n\r\nSubject:\r\n\tSecurity ID:\t\tS-1-5-18\r\n\tAccount Name:\t\tWIN-10$\r\n\tAccount Domain:\t\tmiacsdomain\r\n\tLogon ID:\t\t0x3E7\r\n\tLogon GUID:\t\t{00000000-0000-0000-0000-000000000000}\r\n\r\nAccount Whose Credentials Were Used:\r\n\tAccount Name:\t\tUMFD-6\r\n\tAccount Domain:\t\tFont Driver Host\r\n\tLogon GUID:\t\t{00000000-0000-0000-0000-000000000000}\r\n\r\nTarget Server:\r\n\tTarget Server Name:\tlocalhost\r\n\tAdditional Information:\tlocalhost\r\n\r\nProcess Information:\r\n\tProcess ID:\t\t0x133c\r\n\tProcess Name:\t\tC:\\Windows\\System32\\winlogon.exe\r\n\r\nNetwork Information:\r\n\tNetwork Address:\t-\r\n\tPort:\t\t\t-\r\n\r\nThis event is generated when a process attempts to log on an account by explicitly specifying that account’s credentials.  This most commonly occurs in batch-type configurations such as scheduled tasks, or when using the RUNAS command.","_time":"2026-08-27T06:04:49.034+0200","host":"Win-10","index":"main","linecount":"38","punct":"//_::._====-..=___.===_===______.\\r\\r:\\rt_:tt---\\rt_:t","source":"WinEventLog:Security","sourcetype":"WinEventLog:Security","splunk_server":"splunk-virtual-machine"}}
{"preview":false,"result":{"CommandLine":"winlogon.exe","Company":"Microsoft Corporation","ComputerName":"Win-10.miacsdomain.com","CurrentDirectory":"C:\\Windows\\system32\\","Description":"Windows Logon Application","EventCode":"1","EventType":"4","FileVersion":"10.0.19041.3758 (WinBuild.160101.0800)","Hashes":"MD5=AC8E6842E0A9C37B747F62D23EF372E9,SHA256=6EC2D3D2CB7397DC0C193A20B9B3EA0AE0F05A7FEFDDFA555254453ADD89A5B6,IMPHASH=C399754881779489CBD0F5D180C41465","Image":"C:\\Windows\\System32\\winlogon.exe","IntegrityLevel":"System","Keywords":"None","LogName":"Microsoft-Windows-Sysmon/Operational","LogonGuid":"{3f87e246-a659-6a8f-e703-000000000000}","LogonId":"0x3E7","Message":"Process Create:\r\nRuleName: -\r\nUtcTime: 2026-08-27 04:04:49.003\r\nProcessGuid: {3f87e246-b761-6a8f-f903-000000001600}\r\nProcessId: 4924\r\nImage: C:\\Windows\\System32\\winlogon.exe\r\nFileVersion: 10.0.19041.3758 (WinBuild.160101.0800)\r\nDescription: Windows Logon Application\r\nProduct: Microsoft® Windows® Operating System\r\nCompany: Microsoft Corporation\r\nOriginalFileName: WINLOGON.EXE\r\nCommandLine: winlogon.exe\r\nCurrentDirectory: C:\\Windows\\system32\\\r\nUser: NT AUTHORITY\\SYSTEM\r\nLogonGuid: {3f87e246-a659-6a8f-e703-000000000000}\r\nLogonId: 0x3E7\r\nTerminalSessionId: 6\r\nIntegrityLevel: System\r\nHashes: MD5=AC8E6842E0A9C37B747F62D23EF372E9,SHA256=6EC2D3D2CB7397DC0C193A20B9B3EA0AE0F05A7FEFDDFA555254453ADD89A5B6,IMPHASH=C399754881779489CBD0F5D180C41465\r\nParentProcessGuid: {3f87e246-b760-6a8f-f603-000000001600}\r\nParentProcessId: 6072\r\nParentImage: C:\\Windows\\System32\\smss.exe\r\nParentCommandLine: \\SystemRoot\\System32\\smss.exe 00000080 00000084 \r\nParentUser: NT AUTHORITY\\SYSTEM","OpCode":"Info","OriginalFileName":"WINLOGON.EXE","ParentCommandLine":"\\SystemRoot\\System32\\smss.exe 00000080 00000084","ParentImage":"C:\\Windows\\System32\\smss.exe","ParentProcessGuid":"{3f87e246-b760-6a8f-f603-000000001600}","ParentProcessId":"6072","ParentUser":"NT AUTHORITY\\SYSTEM","ProcessGuid":"{3f87e246-b761-6a8f-f903-000000001600}","ProcessId":"4924","Product":"Microsoft® Windows® Operating System","RecordNumber":"33201","RuleName":"-","Sid":"S-1-5-18","SidType":"0","SourceName":"Microsoft-Windows-Sysmon","TaskCategory":"Process Create (rule: ProcessCreate)","TerminalSessionId":"6","Type":"Information","User":["NOT_TRANSLATED","NT AUTHORITY\\SYSTEM"],"UtcTime":"2026-08-27 04:04:49.003","_raw":"08/27/2026 06:04:49.005 AM\nLogName=Microsoft-Windows-Sysmon/Operational\nEventCode=1\nEventType=4\nComputerName=Win-10.miacsdomain.com\nUser=NOT_TRANSLATED\nSid=S-1-5-18\nSidType=0\nSourceName=Microsoft-Windows-Sysmon\nType=Information\nRecordNumber=33201\nKeywords=None\nTaskCategory=Process Create (rule: ProcessCreate)\nOpCode=Info\nMessage=Process Create:\r\nRuleName: -\r\nUtcTime: 2026-08-27 04:04:49.003\r\nProcessGuid: {3f87e246-b761-6a8f-f903-000000001600}\r\nProcessId: 4924\r\nImage: C:\\Windows\\System32\\winlogon.exe\r\nFileVersion: 10.0.19041.3758 (WinBuild.160101.0800)\r\nDescription: Windows Logon Application\r\nProduct: Microsoft® Windows® Operating System\r\nCompany: Microsoft Corporation\r\nOriginalFileName: WINLOGON.EXE\r\nCommandLine: winlogon.exe\r\nCurrentDirectory: C:\\Windows\\system32\\\r\nUser: NT AUTHORITY\\SYSTEM\r\nLogonGuid: {3f87e246-a659-6a8f-e703-000000000000}\r\nLogonId: 0x3E7\r\nTerminalSessionId: 6\r\nIntegrityLevel: System\r\nHashes: MD5=AC8E6842E0A9C37B747F62D23EF372E9,SHA256=6EC2D3D2CB7397DC0C193A20B9B3EA0AE0F05A7FEFDDFA555254453ADD89A5B6,IMPHASH=C399754881779489CBD0F5D180C41465\r\nParentProcessGuid: {3f87e246-b760-6a8f-f603-000000001600}\r\nParentProcessId: 6072\r\nParentImage: C:\\Windows\\System32\\smss.exe\r\nParentCommandLine: \\SystemRoot\\System32\\smss.exe 00000080 00000084 \r\nParentUser: NT AUTHORITY\\SYSTEM","_time":"2026-08-27T06:04:49.005+0200","host":"Win-10","index":"main","linecount":"38","punct":"//_::._=--/===-..==---==--====__(:_)==_:\\r:_-\\r:_--_","source":"WinEventLog:Microsoft-Windows-Sysmon/Operational","sourcetype":"WinEventLog:Microsoft-Windows-Sysmon/Operational","splunk_server":"splunk-virtual-machine"}}
{"preview":false,"result":{"CommandLine":"%%SystemRoot%%\\system32\\csrss.exe ObjectDirectory=\\Windows SharedSection=1024,20480,768 Windows=On SubSystemType=Windows ServerDll=basesrv,1 ServerDll=winsrv:UserServerDllInitialization,3 ServerDll=sxssrv,4 ProfileControl=Off MaxRequestThreads=16","Company":"Microsoft Corporation","ComputerName":"Win-10.miacsdomain.com","CurrentDirectory":"C:\\Windows\\system32\\","Description":"Client Server Runtime Process","EventCode":"1","EventType":"4","FileVersion":"10.0.19041.3636 (WinBuild.160101.0800)","Hashes":"MD5=ECFD9B55800AEBB164A07D9A402DC9DD,SHA256=9E63D657B41E13B75AEBB261E7F93C0655D52EE82811B37E7470F4119E5B6054,IMPHASH=A96FA9912E09E361274AD77F1A4B252C","Image":"C:\\Windows\\System32\\csrss.exe","IntegrityLevel":"System","Keywords":"None","LogName":"Microsoft-Windows-Sysmon/Operational","LogonGuid":"{3f87e246-a659-6a8f-e703-000000000000}","LogonId":"0x3E7","Message":"Process Create:\r\nRuleName: -\r\nUtcTime: 2026-08-27 04:04:48.980\r\nProcessGuid: {3f87e246-b760-6a8f-f803-000000001600}\r\nProcessId: 3956\r\nImage: C:\\Windows\\System32\\csrss.exe\r\nFileVersion: 10.0.19041.3636 (WinBuild.160101.0800)\r\nDescription: Client Server Runtime Process\r\nProduct: Microsoft® Windows® Operating System\r\nCompany: Microsoft Corporation\r\nOriginalFileName: CSRSS.Exe\r\nCommandLine: %%SystemRoot%%\\system32\\csrss.exe ObjectDirectory=\\Windows SharedSection=1024,20480,768 Windows=On SubSystemType=Windows ServerDll=basesrv,1 ServerDll=winsrv:UserServerDllInitialization,3 ServerDll=sxssrv,4 ProfileControl=Off MaxRequestThreads=16\r\nCurrentDirectory: C:\\Windows\\system32\\\r\nUser: NT AUTHORITY\\SYSTEM\r\nLogonGuid: {3f87e246-a659-6a8f-e703-000000000000}\r\nLogonId: 0x3E7\r\nTerminalSessionId: 6\r\nIntegrityLevel: System\r\nHashes: MD5=ECFD9B55800AEBB164A07D9A402DC9DD,SHA256=9E63D657B41E13B75AEBB261E7F93C0655D52EE82811B37E7470F4119E5B6054,IMPHASH=A96FA9912E09E361274AD77F1A4B252C\r\nParentProcessGuid: {3f87e246-b760-6a8f-f603-000000001600}\r\nParentProcessId: 6072\r\nParentImage: C:\\Windows\\System32\\smss.exe\r\nParentCommandLine: \\SystemRoot\\System32\\smss.exe 00000080 00000084 \r\nParentUser: NT AUTHORITY\\SYSTEM","OpCode":"Info","OriginalFileName":"CSRSS.Exe","ParentCommandLine":"\\SystemRoot\\System32\\smss.exe 00000080 00000084","ParentImage":"C:\\Windows\\System32\\smss.exe","ParentProcessGuid":"{3f87e246-b760-6a8f-f603-000000001600}","ParentProcessId":"6072","ParentUser":"NT AUTHORITY\\SYSTEM","ProcessGuid":"{3f87e246-b760-6a8f-f803-000000001600}","ProcessId":"3956","Product":"Microsoft® Windows® Operating System","RecordNumber":"33200","RuleName":"-","Sid":"S-1-5-18","SidType":"0","SourceName":"Microsoft-Windows-Sysmon","TaskCategory":"Process Create (rule: ProcessCreate)","TerminalSessionId":"6","Type":"Information","User":["NOT_TRANSLATED","NT AUTHORITY\\SYSTEM"],"UtcTime":"2026-08-27 04:04:48.980","_raw":"08/27/2026 06:04:48.981 AM\nLogName=Microsoft-Windows-Sysmon/Operational\nEventCode=1\nEventType=4\nComputerName=Win-10.miacsdomain.com\nUser=NOT_TRANSLATED\nSid=S-1-5-18\nSidType=0\nSourceName=Microsoft-Windows-Sysmon\nType=Information\nRecordNumber=33200\nKeywords=None\nTaskCategory=Process Create (rule: ProcessCreate)\nOpCode=Info\nMessage=Process Create:\r\nRuleName: -\r\nUtcTime: 2026-08-27 04:04:48.980\r\nProcessGuid: {3f87e246-b760-6a8f-f803-000000001600}\r\nProcessId: 3956\r\nImage: C:\\Windows\\System32\\csrss.exe\r\nFileVersion: 10.0.19041.3636 (WinBuild.160101.0800)\r\nDescription: Client Server Runtime Process\r\nProduct: Microsoft® Windows® Operating System\r\nCompany: Microsoft Corporation\r\nOriginalFileName: CSRSS.Exe\r\nCommandLine: %%SystemRoot%%\\system32\\csrss.exe ObjectDirectory=\\Windows SharedSection=1024,20480,768 Windows=On SubSystemType=Windows ServerDll=basesrv,1 ServerDll=winsrv:UserServerDllInitialization,3 ServerDll=sxssrv,4 ProfileControl=Off MaxRequestThreads=16\r\nCurrentDirectory: C:\\Windows\\system32\\\r\nUser: NT AUTHORITY\\SYSTEM\r\nLogonGuid: {3f87e246-a659-6a8f-e703-000000000000}\r\nLogonId: 0x3E7\r\nTerminalSessionId: 6\r\nIntegrityLevel: System\r\nHashes: MD5=ECFD9B55800AEBB164A07D9A402DC9DD,SHA256=9E63D657B41E13B75AEBB261E7F93C0655D52EE82811B37E7470F4119E5B6054,IMPHASH=A96FA9912E09E361274AD77F1A4B252C\r\nParentProcessGuid: {3f87e246-b760-6a8f-f603-000000001600}\r\nParentProcessId: 6072\r\nParentImage: C:\\Windows\\System32\\smss.exe\r\nParentCommandLine: \\SystemRoot\\System32\\smss.exe 00000080 00000084 \r\nParentUser: NT AUTHORITY\\SYSTEM","_time":"2026-08-27T06:04:48.981+0200","host":"Win-10","index":"main","linecount":"38","punct":"//_::._=--/===-..==---==--====__(:_)==_:\\r:_-\\r:_--_","source":"WinEventLog:Microsoft-Windows-Sysmon/Operational","sourcetype":"WinEventLog:Microsoft-Windows-Sysmon/Operational","splunk_server":"splunk-virtual-machine"}}
{"preview":false,"result":{"CommandLine":"C:\\Windows\\System32\\mousocoreworker.exe -Embedding","Company":"Microsoft Corporation","ComputerName":"Win-10.miacsdomain.com","CurrentDirectory":"C:\\Windows\\system32\\","Description":"MoUSO Core Worker Process","EventCode":"1","EventType":"4","FileVersion":"10.0.19041.3803 (WinBuild.160101.0800)","Hashes":"MD5=8B26C179551FE882853ED6E463B2ABA6,SHA256=AEEDB8980F13CE676D9EC597823ECB7B2675ABC43D41A4C5027451792B9ACB87,IMPHASH=8B1D4DC60AB313670A67A00DCC2297CD","Image":"C:\\Windows\\System32\\MoUsoCoreWorker.exe","IntegrityLevel":"System","Keywords":"None","LogName":"Microsoft-Windows-Sysmon/Operational","LogonGuid":"{3f87e246-a659-6a8f-e703-000000000000}","LogonId":"0x3E7","Message":"Process Create:\r\nRuleName: -\r\nUtcTime: 2026-08-27 04:04:48.963\r\nProcessGuid: {3f87e246-b760-6a8f-f703-000000001600}\r\nProcessId: 5556\r\nImage: C:\\Windows\\System32\\MoUsoCoreWorker.exe\r\nFileVersion: 10.0.19041.3803 (WinBuild.160101.0800)\r\nDescription: MoUSO Core Worker Process\r\nProduct: Microsoft® Windows® Operating System\r\nCompany: Microsoft Corporation\r\nOriginalFileName: MoUSOCoreWorker.exe\r\nCommandLine: C:\\Windows\\System32\\mousocoreworker.exe -Embedding\r\nCurrentDirectory: C:\\Windows\\system32\\\r\nUser: NT AUTHORITY\\SYSTEM\r\nLogonGuid: {3f87e246-a659-6a8f-e703-000000000000}\r\nLogonId: 0x3E7\r\nTerminalSessionId: 0\r\nIntegrityLevel: System\r\nHashes: MD5=8B26C179551FE882853ED6E463B2ABA6,SHA256=AEEDB8980F13CE676D9EC597823ECB7B2675ABC43D41A4C5027451792B9ACB87,IMPHASH=8B1D4DC60AB313670A67A00DCC2297CD\r\nParentProcessGuid: {00000000-0000-0000-0000-000000000000}\r\nParentProcessId: 752\r\nParentImage: -\r\nParentCommandLine: -\r\nParentUser: -","OpCode":"Info","OriginalFileName":"MoUSOCoreWorker.exe","ParentCommandLine":"-","ParentImage":"-","ParentProcessGuid":"{00000000-0000-0000-0000-000000000000}","ParentProcessId":"752","ParentUser":"-","ProcessGuid":"{3f87e246-b760-6a8f-f703-000000001600}","ProcessId":"5556","Product":"Microsoft® Windows® Operating System","RecordNumber":"33199","RuleName":"-","Sid":"S-1-5-18","SidType":"0","SourceName":"Microsoft-Windows-Sysmon","TaskCategory":"Process Create (rule: ProcessCreate)","TerminalSessionId":"0","Type":"Information","User":["NOT_TRANSLATED","NT AUTHORITY\\SYSTEM"],"UtcTime":"2026-08-27 04:04:48.963","_raw":"08/27/2026 06:04:48.966 AM\nLogName=Microsoft-Windows-Sysmon/Operational\nEventCode=1\nEventType=4\nComputerName=Win-10.miacsdomain.com\nUser=NOT_TRANSLATED\nSid=S-1-5-18\nSidType=0\nSourceName=Microsoft-Windows-Sysmon\nType=Information\nRecordNumber=33199\nKeywords=None\nTaskCategory=Process Create (rule: ProcessCreate)\nOpCode=Info\nMessage=Process Create:\r\nRuleName: -\r\nUtcTime: 2026-08-27 04:04:48.963\r\nProcessGuid: {3f87e246-b760-6a8f-f703-000000001600}\r\nProcessId: 5556\r\nImage: C:\\Windows\\System32\\MoUsoCoreWorker.exe\r\nFileVersion: 10.0.19041.3803 (WinBuild.160101.0800)\r\nDescription: MoUSO Core Worker Process\r\nProduct: Microsoft® Windows® Operating System\r\nCompany: Microsoft Corporation\r\nOriginalFileName: MoUSOCoreWorker.exe\r\nCommandLine: C:\\Windows\\System32\\mousocoreworker.exe -Embedding\r\nCurrentDirectory: C:\\Windows\\system32\\\r\nUser: NT AUTHORITY\\SYSTEM\r\nLogonGuid: {3f87e246-a659-6a8f-e703-000000000000}\r\nLogonId: 0x3E7\r\nTerminalSessionId: 0\r\nIntegrityLevel: System\r\nHashes: MD5=8B26C179551FE882853ED6E463B2ABA6,SHA256=AEEDB8980F13CE676D9EC597823ECB7B2675ABC43D41A4C5027451792B9ACB87,IMPHASH=8B1D4DC60AB313670A67A00DCC2297CD\r\nParentProcessGuid: {00000000-0000-0000-0000-000000000000}\r\nParentProcessId: 752\r\nParentImage: -\r\nParentCommandLine: -\r\nParentUser: -","_time":"2026-08-27T06:04:48.966+0200","host":"Win-10","index":"main","linecount":"38","punct":"//_::._=--/===-..==---==--====__(:_)==_:\\r:_-\\r:_--_","source":"WinEventLog:Microsoft-Windows-Sysmon/Operational","sourcetype":"WinEventLog:Microsoft-Windows-Sysmon/Operational","splunk_server":"splunk-virtual-machine"}}
{"preview":false,"result":{"CommandLine":"\\SystemRoot\\System32\\smss.exe 00000080 00000084","Company":"Microsoft Corporation","ComputerName":"Win-10.miacsdomain.com","CurrentDirectory":"C:\\Windows\\","Description":"Windows Session Manager","EventCode":"1","EventType":"4","FileVersion":"10.0.19041.3636 (WinBuild.160101.0800)","Hashes":"MD5=54A7E1168CF0D30D449462DA5FC5A600,SHA256=D44C73818B0CF757A1D07274013BAA87F36EBF9C59BEC8972FEA08C6CFB03862,IMPHASH=67B500D64F6BDF6FFD6C4F7F4DE9FDA6","Image":"C:\\Windows\\System32\\smss.exe","IntegrityLevel":"System","Keywords":"None","LogName":"Microsoft-Windows-Sysmon/Operational","LogonGuid":"{3f87e246-a659-6a8f-e703-000000000000}","LogonId":"0x3E7","Message":"Process Create:\r\nRuleName: -\r\nUtcTime: 2026-08-27 04:04:48.958\r\nProcessGuid: {3f87e246-b760-6a8f-f603-000000001600}\r\nProcessId: 6072\r\nImage: C:\\Windows\\System32\\smss.exe\r\nFileVersion: 10.0.19041.3636 (WinBuild.160101.0800)\r\nDescription: Windows Session Manager\r\nProduct: Microsoft® Windows® Operating System\r\nCompany: Microsoft Corporation\r\nOriginalFileName: smss.exe\r\nCommandLine: \\SystemRoot\\System32\\smss.exe 00000080 00000084 \r\nCurrentDirectory: C:\\Windows\\\r\nUser: NT AUTHORITY\\SYSTEM\r\nLogonGuid: {3f87e246-a659-6a8f-e703-000000000000}\r\nLogonId: 0x3E7\r\nTerminalSessionId: 6\r\nIntegrityLevel: System\r\nHashes: MD5=54A7E1168CF0D30D449462DA5FC5A600,SHA256=D44C73818B0CF757A1D07274013BAA87F36EBF9C59BEC8972FEA08C6CFB03862,IMPHASH=67B500D64F6BDF6FFD6C4F7F4DE9FDA6\r\nParentProcessGuid: {00000000-0000-0000-0000-000000000000}\r\nParentProcessId: 292\r\nParentImage: -\r\nParentCommandLine: -\r\nParentUser: -","OpCode":"Info","OriginalFileName":"smss.exe","ParentCommandLine":"-","ParentImage":"-","ParentProcessGuid":"{00000000-0000-0000-0000-000000000000}","ParentProcessId":"292","ParentUser":"-","ProcessGuid":"{3f87e246-b760-6a8f-f603-000000001600}","ProcessId":"6072","Product":"Microsoft® Windows® Operating System","RecordNumber":"33198","RuleName":"-","Sid":"S-1-5-18","SidType":"0","SourceName":"Microsoft-Windows-Sysmon","TaskCategory":"Process Create (rule: ProcessCreate)","TerminalSessionId":"6","Type":"Information","User":["NOT_TRANSLATED","NT AUTHORITY\\SYSTEM"],"UtcTime":"2026-08-27 04:04:48.958","_raw":"08/27/2026 06:04:48.962 AM\nLogName=Microsoft-Windows-Sysmon/Operational\nEventCode=1\nEventType=4\nComputerName=Win-10.miacsdomain.com\nUser=NOT_TRANSLATED\nSid=S-1-5-18\nSidType=0\nSourceName=Microsoft-Windows-Sysmon\nType=Information\nRecordNumber=33198\nKeywords=None\nTaskCategory=Process Create (rule: ProcessCreate)\nOpCode=Info\nMessage=Process Create:\r\nRuleName: -\r\nUtcTime: 2026-08-27 04:04:48.958\r\nProcessGuid: {3f87e246-b760-6a8f-f603-000000001600}\r\nProcessId: 6072\r\nImage: C:\\Windows\\System32\\smss.exe\r\nFileVersion: 10.0.19041.3636 (WinBuild.160101.0800)\r\nDescription: Windows Session Manager\r\nProduct: Microsoft® Windows® Operating System\r\nCompany: Microsoft Corporation\r\nOriginalFileName: smss.exe\r\nCommandLine: \\SystemRoot\\System32\\smss.exe 00000080 00000084 \r\nCurrentDirectory: C:\\Windows\\\r\nUser: NT AUTHORITY\\SYSTEM\r\nLogonGuid: {3f87e246-a659-6a8f-e703-000000000000}\r\nLogonId: 0x3E7\r\nTerminalSessionId: 6\r\nIntegrityLevel: System\r\nHashes: MD5=54A7E1168CF0D30D449462DA5FC5A600,SHA256=D44C73818B0CF757A1D07274013BAA87F36EBF9C59BEC8972FEA08C6CFB03862,IMPHASH=67B500D64F6BDF6FFD6C4F7F4DE9FDA6\r\nParentProcessGuid: {00000000-0000-0000-0000-000000000000}\r\nParentProcessId: 292\r\nParentImage: -\r\nParentCommandLine: -\r\nParentUser: -","_time":"2026-08-27T06:04:48.962+0200","host":"Win-10","index":"main","linecount":"38","punct":"//_::._=--/===-..==---==--====__(:_)==_:\\r:_-\\r:_--_","source":"WinEventLog:Microsoft-Windows-Sysmon/Operational","sourcetype":"WinEventLog:Microsoft-Windows-Sysmon/Operational","splunk_server":"splunk-virtual-machine"}}
{"preview":false,"result":{"Account_Domain":["miacsdomain","WIN-10"],"Account_Name":["WIN-10$","WDAGUtilityAccount"],"ComputerName":"Win-10.miacsdomain.com","EventCode":"4798","EventType":"0","Keywords":"Audit Success","LogName":"Security","Logon_ID":"0x3E7","Message":"A user's local group membership was enumerated.\r\n\r\nSubject:\r\n\tSecurity ID:\t\tS-1-5-18\r\n\tAccount Name:\t\tWIN-10$\r\n\tAccount Domain:\t\tmiacsdomain\r\n\tLogon ID:\t\t0x3E7\r\n\r\nUser:\r\n\tSecurity ID:\t\tS-1-5-21-3017555526-3441792313-1808065030-504\r\n\tAccount Name:\t\tWDAGUtilityAccount\r\n\tAccount Domain:\t\tWIN-10\r\n\r\nProcess Information:\r\n\tProcess ID:\t\t0x140\r\n\tProcess Name:\t\tC:\\Windows\\System32\\svchost.exe","OpCode":"Info","Process_ID":"0x140","Process_Name":"C:\\Windows\\System32\\svchost.exe","RecordNumber":"17209","Security_ID":["S-1-5-18","S-1-5-21-3017555526-3441792313-1808065030-504"],"SourceName":"Microsoft Windows security auditing.","TaskCategory":"User Account Management","Type":"Information","_raw":"08/27/2026 06:04:48.848 AM\nLogName=Security\nEventCode=4798\nEventType=0\nComputerName=Win-10.miacsdomain.com\nSourceName=Microsoft Windows security auditing.\nType=Information\nRecordNumber=17209\nKeywords=Audit Success\nTaskCategory=User Account Management\nOpCode=Info\nMessage=A user's local group membership was enumerated.\r\n\r\nSubject:\r\n\tSecurity ID:\t\tS-1-5-18\r\n\tAccount Name:\t\tWIN-10$\r\n\tAccount Domain:\t\tmiacsdomain\r\n\tLogon ID:\t\t0x3E7\r\n\r\nUser:\r\n\tSecurity ID:\t\tS-1-5-21-3017555526-3441792313-1808065030-504\r\n\tAccount Name:\t\tWDAGUtilityAccount\r\n\tAccount Domain:\t\tWIN-10\r\n\r\nProcess Information:\r\n\tProcess ID:\t\t0x140\r\n\tProcess Name:\t\tC:\\Windows\\System32\\svchost.exe","_time":"2026-08-27T06:04:48.848+0200","host":"Win-10","index":"main","linecount":"27","punct":"//_::._====-..=___.===_=__==_'_____.\\r\\r:\\rt_:tt---\\rt","source":"WinEventLog:Security","sourcetype":"WinEventLog:Security","splunk_server":"splunk-virtual-machine"}}
{"preview":false,"result":{"Account_Domain":["miacsdomain","WIN-10"],"Account_Name":["WIN-10$","Guest"],"ComputerName":"Win-10.miacsdomain.com","EventCode":"4798","EventType":"0","Keywords":"Audit Success","LogName":"Security","Logon_ID":"0x3E7","Message":"A user's local group membership was enumerated.\r\n\r\nSubject:\r\n\tSecurity ID:\t\tS-1-5-18\r\n\tAccount Name:\t\tWIN-10$\r\n\tAccount Domain:\t\tmiacsdomain\r\n\tLogon ID:\t\t0x3E7\r\n\r\nUser:\r\n\tSecurity ID:\t\tS-1-5-21-3017555526-3441792313-1808065030-501\r\n\tAccount Name:\t\tGuest\r\n\tAccount Domain:\t\tWIN-10\r\n\r\nProcess Information:\r\n\tProcess ID:\t\t0x140\r\n\tProcess Name:\t\tC:\\Windows\\System32\\svchost.exe","OpCode":"Info","Process_ID":"0x140","Process_Name":"C:\\Windows\\System32\\svchost.exe","RecordNumber":"17208","Security_ID":["S-1-5-18","S-1-5-21-3017555526-3441792313-1808065030-501"],"SourceName":"Microsoft Windows security auditing.","TaskCategory":"User Account Management","Type":"Information","_raw":"08/27/2026 06:04:48.847 AM\nLogName=Security\nEventCode=4798\nEventType=0\nComputerName=Win-10.miacsdomain.com\nSourceName=Microsoft Windows security auditing.\nType=Information\nRecordNumber=17208\nKeywords=Audit Success\nTaskCategory=User Account Management\nOpCode=Info\nMessage=A user's local group membership was enumerated.\r\n\r\nSubject:\r\n\tSecurity ID:\t\tS-1-5-18\r\n\tAccount Name:\t\tWIN-10$\r\n\tAccount Domain:\t\tmiacsdomain\r\n\tLogon ID:\t\t0x3E7\r\n\r\nUser:\r\n\tSecurity ID:\t\tS-1-5-21-3017555526-3441792313-1808065030-501\r\n\tAccount Name:\t\tGuest\r\n\tAccount Domain:\t\tWIN-10\r\n\r\nProcess Information:\r\n\tProcess ID:\t\t0x140\r\n\tProcess Name:\t\tC:\\Windows\\System32\\svchost.exe","_time":"2026-08-27T06:04:48.847+0200","host":"Win-10","index":"main","linecount":"27","punct":"//_::._====-..=___.===_=__==_'_____.\\r\\r:\\rt_:tt---\\rt","source":"WinEventLog:Security","sourcetype":"WinEventLog:Security","splunk_server":"splunk-virtual-machine"}}
