{"preview":false,"result":{"CommandLine":"\"C:\\Program Files (x86)\\Microsoft\\Edge\\Application\\msedge.exe\" --no-startup-window --win-session-start","Company":"Microsoft Corporation","ComputerName":"Win-10.miacsdomain.com","CurrentDirectory":"C:\\Windows\\system32\\","Description":"Microsoft Edge","EventCode":"1","EventType":"4","FileVersion":"150.0.4078.83","Hashes":"MD5=00CBAD2175B6D3F745E9F851F9BA1AD9,SHA256=F13F03C60B48664B5AB5B294C32FEB1FF2FD632F206EE6732D3DDFFB919A8B57,IMPHASH=86F149434A29395B191F332223EFCBD7","Image":"C:\\Program Files (x86)\\Microsoft\\Edge\\Application\\msedge.exe","IntegrityLevel":"Medium","Keywords":"None","LogName":"Microsoft-Windows-Sysmon/Operational","LogonGuid":"{3f87e246-b6bf-6a8f-1c76-4c0000000000}","LogonId":"0x4C761C","Message":"Process Create:\r\nRuleName: -\r\nUtcTime: 2026-08-27 04:02:20.706\r\nProcessGuid: {3f87e246-b6cc-6a8f-bd03-000000001600}\r\nProcessId: 5136\r\nImage: C:\\Program Files (x86)\\Microsoft\\Edge\\Application\\msedge.exe\r\nFileVersion: 150.0.4078.83\r\nDescription: Microsoft Edge\r\nProduct: Microsoft Edge\r\nCompany: Microsoft Corporation\r\nOriginalFileName: msedge.exe\r\nCommandLine: \"C:\\Program Files (x86)\\Microsoft\\Edge\\Application\\msedge.exe\" --no-startup-window --win-session-start\r\nCurrentDirectory: C:\\Windows\\system32\\\r\nUser: miacsdomain\\user-01\r\nLogonGuid: {3f87e246-b6bf-6a8f-1c76-4c0000000000}\r\nLogonId: 0x4C761C\r\nTerminalSessionId: 5\r\nIntegrityLevel: Medium\r\nHashes: MD5=00CBAD2175B6D3F745E9F851F9BA1AD9,SHA256=F13F03C60B48664B5AB5B294C32FEB1FF2FD632F206EE6732D3DDFFB919A8B57,IMPHASH=86F149434A29395B191F332223EFCBD7\r\nParentProcessGuid: {3f87e246-b6c0-6a8f-a303-000000001600}\r\nParentProcessId: 312\r\nParentImage: C:\\Windows\\explorer.exe\r\nParentCommandLine: C:\\Windows\\Explorer.EXE\r\nParentUser: miacsdomain\\user-01","OpCode":"Info","OriginalFileName":"msedge.exe","ParentCommandLine":"C:\\Windows\\Explorer.EXE","ParentImage":"C:\\Windows\\explorer.exe","ParentProcessGuid":"{3f87e246-b6c0-6a8f-a303-000000001600}","ParentProcessId":"312","ParentUser":"miacsdomain\\user-01","ProcessGuid":"{3f87e246-b6cc-6a8f-bd03-000000001600}","ProcessId":"5136","Product":"Microsoft Edge","RecordNumber":"33062","RuleName":"-","Sid":"S-1-5-18","SidType":"0","SourceName":"Microsoft-Windows-Sysmon","TaskCategory":"Process Create (rule: ProcessCreate)","TerminalSessionId":"5","Type":"Information","User":["NOT_TRANSLATED","miacsdomain\\user-01"],"UtcTime":"2026-08-27 04:02:20.706","_raw":"08/27/2026 06:02:20.707 AM\nLogName=Microsoft-Windows-Sysmon/Operational\nEventCode=1\nEventType=4\nComputerName=Win-10.miacsdomain.com\nUser=NOT_TRANSLATED\nSid=S-1-5-18\nSidType=0\nSourceName=Microsoft-Windows-Sysmon\nType=Information\nRecordNumber=33062\nKeywords=None\nTaskCategory=Process Create (rule: ProcessCreate)\nOpCode=Info\nMessage=Process Create:\r\nRuleName: -\r\nUtcTime: 2026-08-27 04:02:20.706\r\nProcessGuid: {3f87e246-b6cc-6a8f-bd03-000000001600}\r\nProcessId: 5136\r\nImage: C:\\Program Files (x86)\\Microsoft\\Edge\\Application\\msedge.exe\r\nFileVersion: 150.0.4078.83\r\nDescription: Microsoft Edge\r\nProduct: Microsoft Edge\r\nCompany: Microsoft Corporation\r\nOriginalFileName: msedge.exe\r\nCommandLine: \"C:\\Program Files (x86)\\Microsoft\\Edge\\Application\\msedge.exe\" --no-startup-window --win-session-start\r\nCurrentDirectory: C:\\Windows\\system32\\\r\nUser: miacsdomain\\user-01\r\nLogonGuid: {3f87e246-b6bf-6a8f-1c76-4c0000000000}\r\nLogonId: 0x4C761C\r\nTerminalSessionId: 5\r\nIntegrityLevel: Medium\r\nHashes: MD5=00CBAD2175B6D3F745E9F851F9BA1AD9,SHA256=F13F03C60B48664B5AB5B294C32FEB1FF2FD632F206EE6732D3DDFFB919A8B57,IMPHASH=86F149434A29395B191F332223EFCBD7\r\nParentProcessGuid: {3f87e246-b6c0-6a8f-a303-000000001600}\r\nParentProcessId: 312\r\nParentImage: C:\\Windows\\explorer.exe\r\nParentCommandLine: C:\\Windows\\Explorer.EXE\r\nParentUser: miacsdomain\\user-01","_time":"2026-08-27T06:02:20.707+0200","host":"Win-10","index":"main","linecount":"38","punct":"//_::._=--/===-..==---==--====__(:_)==_:\\r:_-\\r:_--_","source":"WinEventLog:Microsoft-Windows-Sysmon/Operational","sourcetype":"WinEventLog:Microsoft-Windows-Sysmon/Operational","splunk_server":"splunk-virtual-machine"}}
{"preview":false,"result":{"Account_Domain":"miacsdomain","Account_Name":"user-01","ComputerName":"Win-10.miacsdomain.com","EventCode":"5379","EventType":"0","Keywords":"Audit Success","LogName":"Security","Logon_ID":"0x4C761C","Message":"Credential Manager credentials were read.\r\n\r\nSubject:\r\n\tSecurity ID:\t\tS-1-5-21-246749117-2054088174-1189330396-1105\r\n\tAccount Name:\t\tuser-01\r\n\tAccount Domain:\t\tmiacsdomain\r\n\tLogon ID:\t\t0x4C761C\r\n\tRead Operation:\t\tEnumerate Credentials\r\n\r\nThis event occurs when a user performs a read operation on stored credentials in Credential Manager.","OpCode":"Info","Read_Operation":"Enumerate Credentials","RecordNumber":"17170","Security_ID":"S-1-5-21-246749117-2054088174-1189330396-1105","SourceName":"Microsoft Windows security auditing.","TaskCategory":"User Account Management","Type":"Information","_raw":"08/27/2026 06:02:20.264 AM\nLogName=Security\nEventCode=5379\nEventType=0\nComputerName=Win-10.miacsdomain.com\nSourceName=Microsoft Windows security auditing.\nType=Information\nRecordNumber=17170\nKeywords=Audit Success\nTaskCategory=User Account Management\nOpCode=Info\nMessage=Credential Manager credentials were read.\r\n\r\nSubject:\r\n\tSecurity ID:\t\tS-1-5-21-246749117-2054088174-1189330396-1105\r\n\tAccount Name:\t\tuser-01\r\n\tAccount Domain:\t\tmiacsdomain\r\n\tLogon ID:\t\t0x4C761C\r\n\tRead Operation:\t\tEnumerate Credentials\r\n\r\nThis event occurs when a user performs a read operation on stored credentials in Credential Manager.","_time":"2026-08-27T06:02:20.264+0200","host":"Win-10","index":"main","linecount":"21","punct":"//_::._====-..=___.===_=__==____.\\r\\r:\\rt_:tt-------\\r","source":"WinEventLog:Security","sourcetype":"WinEventLog:Security","splunk_server":"splunk-virtual-machine"}}
{"preview":false,"result":{"Account_Domain":"miacsdomain","Account_Name":"WIN-10$","ComputerName":"Win-10.miacsdomain.com","EventCode":"5382","EventType":"0","Keywords":"Audit Success","LogName":"Security","Logon_ID":"0x3E7","Message":"Vault credentials were read.\r\n\r\nSubject:\r\n\tSecurity ID:\t\tS-1-5-18\r\n\tAccount Name:\t\tWIN-10$\r\n\tAccount Domain:\t\tmiacsdomain\r\n\tLogon ID:\t\t0x3E7\r\n\r\nThis event occurs when a user reads a stored vault credential.","OpCode":"Info","RecordNumber":"17169","Security_ID":"S-1-5-18","SourceName":"Microsoft Windows security auditing.","TaskCategory":"User Account Management","Type":"Information","_raw":"08/27/2026 06:02:20.207 AM\nLogName=Security\nEventCode=5382\nEventType=0\nComputerName=Win-10.miacsdomain.com\nSourceName=Microsoft Windows security auditing.\nType=Information\nRecordNumber=17169\nKeywords=Audit Success\nTaskCategory=User Account Management\nOpCode=Info\nMessage=Vault credentials were read.\r\n\r\nSubject:\r\n\tSecurity ID:\t\tS-1-5-18\r\n\tAccount Name:\t\tWIN-10$\r\n\tAccount Domain:\t\tmiacsdomain\r\n\tLogon ID:\t\t0x3E7\r\n\r\nThis event occurs when a user reads a stored vault credential.","_time":"2026-08-27T06:02:20.207+0200","host":"Win-10","index":"main","linecount":"20","punct":"//_::._====-..=___.===_=__==___.\\r\\r:\\rt_:tt---\\rt_:tt","source":"WinEventLog:Security","sourcetype":"WinEventLog:Security","splunk_server":"splunk-virtual-machine"}}
{"preview":false,"result":{"Archived":"true","ComputerName":"Win-10.miacsdomain.com","EventCode":"23","EventType":"4","Hashes":"MD5=0B49261144CDA0747F39F49B4F8CFAEA,SHA256=A8FDB6C18E59846DC7CA4D1B7EF6B72CB491E50F926E42901BE0244314A02092,IMPHASH=00000000000000000000000000000000","Image":"C:\\Users\\user-01\\AppData\\Local\\Microsoft\\OneDrive\\OneDrive.exe","IsExecutable":"false","Keywords":"None","LogName":"Microsoft-Windows-Sysmon/Operational","Message":"File Delete archived:\r\nRuleName: -\r\nUtcTime: 2026-08-27 04:02:20.154\r\nProcessGuid: {3f87e246-b6cc-6a8f-bb03-000000001600}\r\nProcessId: 5840\r\nUser: miacsdomain\\user-01\r\nImage: C:\\Users\\user-01\\AppData\\Local\\Microsoft\\OneDrive\\OneDrive.exe\r\nTargetFilename: C:\\Users\\user-01\\AppData\\Local\\Microsoft\\OneDrive\\setup\\logs\\Update_2026-08-24_151047_1aec-14e0.log\r\nHashes: MD5=0B49261144CDA0747F39F49B4F8CFAEA,SHA256=A8FDB6C18E59846DC7CA4D1B7EF6B72CB491E50F926E42901BE0244314A02092,IMPHASH=00000000000000000000000000000000\r\nIsExecutable: false\r\nArchived: true","OpCode":"Info","ProcessGuid":"{3f87e246-b6cc-6a8f-bb03-000000001600}","ProcessId":"5840","RecordNumber":"33061","RuleName":"-","Sid":"S-1-5-18","SidType":"0","SourceName":"Microsoft-Windows-Sysmon","TargetFilename":"C:\\Users\\user-01\\AppData\\Local\\Microsoft\\OneDrive\\setup\\logs\\Update_2026-08-24_151047_1aec-14e0.log","TaskCategory":"File Delete archived (rule: FileDelete)","Type":"Information","User":["NOT_TRANSLATED","miacsdomain\\user-01"],"UtcTime":"2026-08-27 04:02:20.154","_raw":"08/27/2026 06:02:20.163 AM\nLogName=Microsoft-Windows-Sysmon/Operational\nEventCode=23\nEventType=4\nComputerName=Win-10.miacsdomain.com\nUser=NOT_TRANSLATED\nSid=S-1-5-18\nSidType=0\nSourceName=Microsoft-Windows-Sysmon\nType=Information\nRecordNumber=33061\nKeywords=None\nTaskCategory=File Delete archived (rule: FileDelete)\nOpCode=Info\nMessage=File Delete archived:\r\nRuleName: -\r\nUtcTime: 2026-08-27 04:02:20.154\r\nProcessGuid: {3f87e246-b6cc-6a8f-bb03-000000001600}\r\nProcessId: 5840\r\nUser: miacsdomain\\user-01\r\nImage: C:\\Users\\user-01\\AppData\\Local\\Microsoft\\OneDrive\\OneDrive.exe\r\nTargetFilename: C:\\Users\\user-01\\AppData\\Local\\Microsoft\\OneDrive\\setup\\logs\\Update_2026-08-24_151047_1aec-14e0.log\r\nHashes: MD5=0B49261144CDA0747F39F49B4F8CFAEA,SHA256=A8FDB6C18E59846DC7CA4D1B7EF6B72CB491E50F926E42901BE0244314A02092,IMPHASH=00000000000000000000000000000000\r\nIsExecutable: false\r\nArchived: true","_time":"2026-08-27T06:02:20.163+0200","host":"Win-10","index":"main","linecount":"25","punct":"//_::._=--/===-..==---==--====___(:_)==__:\\r:_-\\r:_-","source":"WinEventLog:Microsoft-Windows-Sysmon/Operational","sourcetype":"WinEventLog:Microsoft-Windows-Sysmon/Operational","splunk_server":"splunk-virtual-machine"}}
{"preview":false,"result":{"ComputerName":"Win-10.miacsdomain.com","Details":"\"C:\\Users\\user-01\\AppData\\Local\\Microsoft\\OneDrive\\OneDrive.exe\" /url:\"Incorrect function.\"","EventCode":"13","EventType":["4","SetValue"],"Image":"C:\\Users\\user-01\\AppData\\Local\\Microsoft\\OneDrive\\OneDrive.exe","Keywords":"None","LogName":"Microsoft-Windows-Sysmon/Operational","Message":"Registry value set:\r\nRuleName: T1042\r\nEventType: SetValue\r\nUtcTime: 2026-08-27 04:02:20.123\r\nProcessGuid: {3f87e246-b6cc-6a8f-bb03-000000001600}\r\nProcessId: 5840\r\nImage: C:\\Users\\user-01\\AppData\\Local\\Microsoft\\OneDrive\\OneDrive.exe\r\nTargetObject: HKU\\S-1-5-21-246749117-2054088174-1189330396-1105_Classes\\grvopen\\shell\\open\\command\\(Default)\r\nDetails: \"C:\\Users\\user-01\\AppData\\Local\\Microsoft\\OneDrive\\OneDrive.exe\" /url:\"Incorrect function.\"\r\nUser: miacsdomain\\user-01","OpCode":"Info","ProcessGuid":"{3f87e246-b6cc-6a8f-bb03-000000001600}","ProcessId":"5840","RecordNumber":"33060","RuleName":"T1042","Sid":"S-1-5-18","SidType":"0","SourceName":"Microsoft-Windows-Sysmon","TargetObject":"HKU\\S-1-5-21-246749117-2054088174-1189330396-1105_Classes\\grvopen\\shell\\open\\command\\(Default)","TaskCategory":"Registry value set (rule: RegistryEvent)","Type":"Information","User":["NOT_TRANSLATED","miacsdomain\\user-01"],"UtcTime":"2026-08-27 04:02:20.123","_raw":"08/27/2026 06:02:20.143 AM\nLogName=Microsoft-Windows-Sysmon/Operational\nEventCode=13\nEventType=4\nComputerName=Win-10.miacsdomain.com\nUser=NOT_TRANSLATED\nSid=S-1-5-18\nSidType=0\nSourceName=Microsoft-Windows-Sysmon\nType=Information\nRecordNumber=33060\nKeywords=None\nTaskCategory=Registry value set (rule: RegistryEvent)\nOpCode=Info\nMessage=Registry value set:\r\nRuleName: T1042\r\nEventType: SetValue\r\nUtcTime: 2026-08-27 04:02:20.123\r\nProcessGuid: {3f87e246-b6cc-6a8f-bb03-000000001600}\r\nProcessId: 5840\r\nImage: C:\\Users\\user-01\\AppData\\Local\\Microsoft\\OneDrive\\OneDrive.exe\r\nTargetObject: HKU\\S-1-5-21-246749117-2054088174-1189330396-1105_Classes\\grvopen\\shell\\open\\command\\(Default)\r\nDetails: \"C:\\Users\\user-01\\AppData\\Local\\Microsoft\\OneDrive\\OneDrive.exe\" /url:\"Incorrect function.\"\r\nUser: miacsdomain\\user-01","_time":"2026-08-27T06:02:20.143+0200","host":"Win-10","index":"main","linecount":"24","punct":"//_::._=--/===-..==---==--====___(:_)==__:\\r:_\\r:_\\r:","source":"WinEventLog:Microsoft-Windows-Sysmon/Operational","sourcetype":"WinEventLog:Microsoft-Windows-Sysmon/Operational","splunk_server":"splunk-virtual-machine"}}
{"preview":false,"result":{"ComputerName":"Win-10.miacsdomain.com","Details":"\"C:\\Users\\user-01\\AppData\\Local\\Microsoft\\OneDrive\\OneDrive.exe\" /url:\"Incorrect function.\"","EventCode":"13","EventType":["4","SetValue"],"Image":"C:\\Users\\user-01\\AppData\\Local\\Microsoft\\OneDrive\\OneDrive.exe","Keywords":"None","LogName":"Microsoft-Windows-Sysmon/Operational","Message":"Registry value set:\r\nRuleName: T1042\r\nEventType: SetValue\r\nUtcTime: 2026-08-27 04:02:20.123\r\nProcessGuid: {3f87e246-b6cc-6a8f-bb03-000000001600}\r\nProcessId: 5840\r\nImage: C:\\Users\\user-01\\AppData\\Local\\Microsoft\\OneDrive\\OneDrive.exe\r\nTargetObject: HKU\\S-1-5-21-246749117-2054088174-1189330396-1105_Classes\\grvopen\\shell\\open\\command\\(Default)\r\nDetails: \"C:\\Users\\user-01\\AppData\\Local\\Microsoft\\OneDrive\\OneDrive.exe\" /url:\"Incorrect function.\"\r\nUser: miacsdomain\\user-01","OpCode":"Info","ProcessGuid":"{3f87e246-b6cc-6a8f-bb03-000000001600}","ProcessId":"5840","RecordNumber":"33059","RuleName":"T1042","Sid":"S-1-5-18","SidType":"0","SourceName":"Microsoft-Windows-Sysmon","TargetObject":"HKU\\S-1-5-21-246749117-2054088174-1189330396-1105_Classes\\grvopen\\shell\\open\\command\\(Default)","TaskCategory":"Registry value set (rule: RegistryEvent)","Type":"Information","User":["NOT_TRANSLATED","miacsdomain\\user-01"],"UtcTime":"2026-08-27 04:02:20.123","_raw":"08/27/2026 06:02:20.143 AM\nLogName=Microsoft-Windows-Sysmon/Operational\nEventCode=13\nEventType=4\nComputerName=Win-10.miacsdomain.com\nUser=NOT_TRANSLATED\nSid=S-1-5-18\nSidType=0\nSourceName=Microsoft-Windows-Sysmon\nType=Information\nRecordNumber=33059\nKeywords=None\nTaskCategory=Registry value set (rule: RegistryEvent)\nOpCode=Info\nMessage=Registry value set:\r\nRuleName: T1042\r\nEventType: SetValue\r\nUtcTime: 2026-08-27 04:02:20.123\r\nProcessGuid: {3f87e246-b6cc-6a8f-bb03-000000001600}\r\nProcessId: 5840\r\nImage: C:\\Users\\user-01\\AppData\\Local\\Microsoft\\OneDrive\\OneDrive.exe\r\nTargetObject: HKU\\S-1-5-21-246749117-2054088174-1189330396-1105_Classes\\grvopen\\shell\\open\\command\\(Default)\r\nDetails: \"C:\\Users\\user-01\\AppData\\Local\\Microsoft\\OneDrive\\OneDrive.exe\" /url:\"Incorrect function.\"\r\nUser: miacsdomain\\user-01","_time":"2026-08-27T06:02:20.143+0200","host":"Win-10","index":"main","linecount":"24","punct":"//_::._=--/===-..==---==--====___(:_)==__:\\r:_\\r:_\\r:","source":"WinEventLog:Microsoft-Windows-Sysmon/Operational","sourcetype":"WinEventLog:Microsoft-Windows-Sysmon/Operational","splunk_server":"splunk-virtual-machine"}}
{"preview":false,"result":{"ComputerName":"Win-10.miacsdomain.com","Details":"\"C:\\Users\\user-01\\AppData\\Local\\Microsoft\\OneDrive\\OneDrive.exe\" /url:\"Incorrect function.\"","EventCode":"13","EventType":["4","SetValue"],"Image":"C:\\Users\\user-01\\AppData\\Local\\Microsoft\\OneDrive\\OneDrive.exe","Keywords":"None","LogName":"Microsoft-Windows-Sysmon/Operational","Message":"Registry value set:\r\nRuleName: T1042\r\nEventType: SetValue\r\nUtcTime: 2026-08-27 04:02:20.123\r\nProcessGuid: {3f87e246-b6cc-6a8f-bb03-000000001600}\r\nProcessId: 5840\r\nImage: C:\\Users\\user-01\\AppData\\Local\\Microsoft\\OneDrive\\OneDrive.exe\r\nTargetObject: HKU\\S-1-5-21-246749117-2054088174-1189330396-1105_Classes\\odopen\\shell\\open\\command\\(Default)\r\nDetails: \"C:\\Users\\user-01\\AppData\\Local\\Microsoft\\OneDrive\\OneDrive.exe\" /url:\"Incorrect function.\"\r\nUser: miacsdomain\\user-01","OpCode":"Info","ProcessGuid":"{3f87e246-b6cc-6a8f-bb03-000000001600}","ProcessId":"5840","RecordNumber":"33058","RuleName":"T1042","Sid":"S-1-5-18","SidType":"0","SourceName":"Microsoft-Windows-Sysmon","TargetObject":"HKU\\S-1-5-21-246749117-2054088174-1189330396-1105_Classes\\odopen\\shell\\open\\command\\(Default)","TaskCategory":"Registry value set (rule: RegistryEvent)","Type":"Information","User":["NOT_TRANSLATED","miacsdomain\\user-01"],"UtcTime":"2026-08-27 04:02:20.123","_raw":"08/27/2026 06:02:20.143 AM\nLogName=Microsoft-Windows-Sysmon/Operational\nEventCode=13\nEventType=4\nComputerName=Win-10.miacsdomain.com\nUser=NOT_TRANSLATED\nSid=S-1-5-18\nSidType=0\nSourceName=Microsoft-Windows-Sysmon\nType=Information\nRecordNumber=33058\nKeywords=None\nTaskCategory=Registry value set (rule: RegistryEvent)\nOpCode=Info\nMessage=Registry value set:\r\nRuleName: T1042\r\nEventType: SetValue\r\nUtcTime: 2026-08-27 04:02:20.123\r\nProcessGuid: {3f87e246-b6cc-6a8f-bb03-000000001600}\r\nProcessId: 5840\r\nImage: C:\\Users\\user-01\\AppData\\Local\\Microsoft\\OneDrive\\OneDrive.exe\r\nTargetObject: HKU\\S-1-5-21-246749117-2054088174-1189330396-1105_Classes\\odopen\\shell\\open\\command\\(Default)\r\nDetails: \"C:\\Users\\user-01\\AppData\\Local\\Microsoft\\OneDrive\\OneDrive.exe\" /url:\"Incorrect function.\"\r\nUser: miacsdomain\\user-01","_time":"2026-08-27T06:02:20.143+0200","host":"Win-10","index":"main","linecount":"24","punct":"//_::._=--/===-..==---==--====___(:_)==__:\\r:_\\r:_\\r:","source":"WinEventLog:Microsoft-Windows-Sysmon/Operational","sourcetype":"WinEventLog:Microsoft-Windows-Sysmon/Operational","splunk_server":"splunk-virtual-machine"}}
{"preview":false,"result":{"ComputerName":"Win-10.miacsdomain.com","Details":"\"C:\\Users\\user-01\\AppData\\Local\\Microsoft\\OneDrive\\OneDrive.exe\" /url:\"Incorrect function.\"","EventCode":"13","EventType":["4","SetValue"],"Image":"C:\\Users\\user-01\\AppData\\Local\\Microsoft\\OneDrive\\OneDrive.exe","Keywords":"None","LogName":"Microsoft-Windows-Sysmon/Operational","Message":"Registry value set:\r\nRuleName: T1042\r\nEventType: SetValue\r\nUtcTime: 2026-08-27 04:02:20.123\r\nProcessGuid: {3f87e246-b6cc-6a8f-bb03-000000001600}\r\nProcessId: 5840\r\nImage: C:\\Users\\user-01\\AppData\\Local\\Microsoft\\OneDrive\\OneDrive.exe\r\nTargetObject: HKU\\S-1-5-21-246749117-2054088174-1189330396-1105_Classes\\odopen\\shell\\open\\command\\(Default)\r\nDetails: \"C:\\Users\\user-01\\AppData\\Local\\Microsoft\\OneDrive\\OneDrive.exe\" /url:\"Incorrect function.\"\r\nUser: miacsdomain\\user-01","OpCode":"Info","ProcessGuid":"{3f87e246-b6cc-6a8f-bb03-000000001600}","ProcessId":"5840","RecordNumber":"33057","RuleName":"T1042","Sid":"S-1-5-18","SidType":"0","SourceName":"Microsoft-Windows-Sysmon","TargetObject":"HKU\\S-1-5-21-246749117-2054088174-1189330396-1105_Classes\\odopen\\shell\\open\\command\\(Default)","TaskCategory":"Registry value set (rule: RegistryEvent)","Type":"Information","User":["NOT_TRANSLATED","miacsdomain\\user-01"],"UtcTime":"2026-08-27 04:02:20.123","_raw":"08/27/2026 06:02:20.143 AM\nLogName=Microsoft-Windows-Sysmon/Operational\nEventCode=13\nEventType=4\nComputerName=Win-10.miacsdomain.com\nUser=NOT_TRANSLATED\nSid=S-1-5-18\nSidType=0\nSourceName=Microsoft-Windows-Sysmon\nType=Information\nRecordNumber=33057\nKeywords=None\nTaskCategory=Registry value set (rule: RegistryEvent)\nOpCode=Info\nMessage=Registry value set:\r\nRuleName: T1042\r\nEventType: SetValue\r\nUtcTime: 2026-08-27 04:02:20.123\r\nProcessGuid: {3f87e246-b6cc-6a8f-bb03-000000001600}\r\nProcessId: 5840\r\nImage: C:\\Users\\user-01\\AppData\\Local\\Microsoft\\OneDrive\\OneDrive.exe\r\nTargetObject: HKU\\S-1-5-21-246749117-2054088174-1189330396-1105_Classes\\odopen\\shell\\open\\command\\(Default)\r\nDetails: \"C:\\Users\\user-01\\AppData\\Local\\Microsoft\\OneDrive\\OneDrive.exe\" /url:\"Incorrect function.\"\r\nUser: miacsdomain\\user-01","_time":"2026-08-27T06:02:20.143+0200","host":"Win-10","index":"main","linecount":"24","punct":"//_::._=--/===-..==---==--====___(:_)==__:\\r:_\\r:_\\r:","source":"WinEventLog:Microsoft-Windows-Sysmon/Operational","sourcetype":"WinEventLog:Microsoft-Windows-Sysmon/Operational","splunk_server":"splunk-virtual-machine"}}
{"preview":false,"result":{"ComputerName":"Win-10.miacsdomain.com","Details":"C:\\Users\\user-01\\AppData\\Local\\Microsoft\\OneDrive\\19.043.0304.0013\\amd64\\FileCoAuthLib64.dll","EventCode":"13","EventType":["4","SetValue"],"Image":"C:\\Users\\user-01\\AppData\\Local\\Microsoft\\OneDrive\\OneDrive.exe","Keywords":"None","LogName":"Microsoft-Windows-Sysmon/Operational","Message":"Registry value set:\r\nRuleName: T1122\r\nEventType: SetValue\r\nUtcTime: 2026-08-27 04:02:20.123\r\nProcessGuid: {3f87e246-b6cc-6a8f-bb03-000000001600}\r\nProcessId: 5840\r\nImage: C:\\Users\\user-01\\AppData\\Local\\Microsoft\\OneDrive\\OneDrive.exe\r\nTargetObject: HKU\\S-1-5-21-246749117-2054088174-1189330396-1105_Classes\\CLSID\\{4410DC33-BC7C-496B-AA84-4AEA3EEE75F7}\\InProcServer32\\(Default)\r\nDetails: C:\\Users\\user-01\\AppData\\Local\\Microsoft\\OneDrive\\19.043.0304.0013\\amd64\\FileCoAuthLib64.dll\r\nUser: miacsdomain\\user-01","OpCode":"Info","ProcessGuid":"{3f87e246-b6cc-6a8f-bb03-000000001600}","ProcessId":"5840","RecordNumber":"33056","RuleName":"T1122","Sid":"S-1-5-18","SidType":"0","SourceName":"Microsoft-Windows-Sysmon","TargetObject":"HKU\\S-1-5-21-246749117-2054088174-1189330396-1105_Classes\\CLSID\\{4410DC33-BC7C-496B-AA84-4AEA3EEE75F7}\\InProcServer32\\(Default)","TaskCategory":"Registry value set (rule: RegistryEvent)","Type":"Information","User":["NOT_TRANSLATED","miacsdomain\\user-01"],"UtcTime":"2026-08-27 04:02:20.123","_raw":"08/27/2026 06:02:20.142 AM\nLogName=Microsoft-Windows-Sysmon/Operational\nEventCode=13\nEventType=4\nComputerName=Win-10.miacsdomain.com\nUser=NOT_TRANSLATED\nSid=S-1-5-18\nSidType=0\nSourceName=Microsoft-Windows-Sysmon\nType=Information\nRecordNumber=33056\nKeywords=None\nTaskCategory=Registry value set (rule: RegistryEvent)\nOpCode=Info\nMessage=Registry value set:\r\nRuleName: T1122\r\nEventType: SetValue\r\nUtcTime: 2026-08-27 04:02:20.123\r\nProcessGuid: {3f87e246-b6cc-6a8f-bb03-000000001600}\r\nProcessId: 5840\r\nImage: C:\\Users\\user-01\\AppData\\Local\\Microsoft\\OneDrive\\OneDrive.exe\r\nTargetObject: HKU\\S-1-5-21-246749117-2054088174-1189330396-1105_Classes\\CLSID\\{4410DC33-BC7C-496B-AA84-4AEA3EEE75F7}\\InProcServer32\\(Default)\r\nDetails: C:\\Users\\user-01\\AppData\\Local\\Microsoft\\OneDrive\\19.043.0304.0013\\amd64\\FileCoAuthLib64.dll\r\nUser: miacsdomain\\user-01","_time":"2026-08-27T06:02:20.142+0200","host":"Win-10","index":"main","linecount":"24","punct":"//_::._=--/===-..==---==--====___(:_)==__:\\r:_\\r:_\\r:","source":"WinEventLog:Microsoft-Windows-Sysmon/Operational","sourcetype":"WinEventLog:Microsoft-Windows-Sysmon/Operational","splunk_server":"splunk-virtual-machine"}}
{"preview":false,"result":{"ComputerName":"Win-10.miacsdomain.com","Details":"C:\\Users\\user-01\\AppData\\Local\\Microsoft\\OneDrive\\19.043.0304.0013\\FileCoAuthLib.dll","EventCode":"13","EventType":["4","SetValue"],"Image":"C:\\Users\\user-01\\AppData\\Local\\Microsoft\\OneDrive\\OneDrive.exe","Keywords":"None","LogName":"Microsoft-Windows-Sysmon/Operational","Message":"Registry value set:\r\nRuleName: T1122\r\nEventType: SetValue\r\nUtcTime: 2026-08-27 04:02:20.123\r\nProcessGuid: {3f87e246-b6cc-6a8f-bb03-000000001600}\r\nProcessId: 5840\r\nImage: C:\\Users\\user-01\\AppData\\Local\\Microsoft\\OneDrive\\OneDrive.exe\r\nTargetObject: HKU\\S-1-5-21-246749117-2054088174-1189330396-1105_Classes\\WOW6432Node\\CLSID\\{4410DC33-BC7C-496B-AA84-4AEA3EEE75F7}\\InProcServer32\\(Default)\r\nDetails: C:\\Users\\user-01\\AppData\\Local\\Microsoft\\OneDrive\\19.043.0304.0013\\FileCoAuthLib.dll\r\nUser: miacsdomain\\user-01","OpCode":"Info","ProcessGuid":"{3f87e246-b6cc-6a8f-bb03-000000001600}","ProcessId":"5840","RecordNumber":"33055","RuleName":"T1122","Sid":"S-1-5-18","SidType":"0","SourceName":"Microsoft-Windows-Sysmon","TargetObject":"HKU\\S-1-5-21-246749117-2054088174-1189330396-1105_Classes\\WOW6432Node\\CLSID\\{4410DC33-BC7C-496B-AA84-4AEA3EEE75F7}\\InProcServer32\\(Default)","TaskCategory":"Registry value set (rule: RegistryEvent)","Type":"Information","User":["NOT_TRANSLATED","miacsdomain\\user-01"],"UtcTime":"2026-08-27 04:02:20.123","_raw":"08/27/2026 06:02:20.141 AM\nLogName=Microsoft-Windows-Sysmon/Operational\nEventCode=13\nEventType=4\nComputerName=Win-10.miacsdomain.com\nUser=NOT_TRANSLATED\nSid=S-1-5-18\nSidType=0\nSourceName=Microsoft-Windows-Sysmon\nType=Information\nRecordNumber=33055\nKeywords=None\nTaskCategory=Registry value set (rule: RegistryEvent)\nOpCode=Info\nMessage=Registry value set:\r\nRuleName: T1122\r\nEventType: SetValue\r\nUtcTime: 2026-08-27 04:02:20.123\r\nProcessGuid: {3f87e246-b6cc-6a8f-bb03-000000001600}\r\nProcessId: 5840\r\nImage: C:\\Users\\user-01\\AppData\\Local\\Microsoft\\OneDrive\\OneDrive.exe\r\nTargetObject: HKU\\S-1-5-21-246749117-2054088174-1189330396-1105_Classes\\WOW6432Node\\CLSID\\{4410DC33-BC7C-496B-AA84-4AEA3EEE75F7}\\InProcServer32\\(Default)\r\nDetails: C:\\Users\\user-01\\AppData\\Local\\Microsoft\\OneDrive\\19.043.0304.0013\\FileCoAuthLib.dll\r\nUser: miacsdomain\\user-01","_time":"2026-08-27T06:02:20.141+0200","host":"Win-10","index":"main","linecount":"24","punct":"//_::._=--/===-..==---==--====___(:_)==__:\\r:_\\r:_\\r:","source":"WinEventLog:Microsoft-Windows-Sysmon/Operational","sourcetype":"WinEventLog:Microsoft-Windows-Sysmon/Operational","splunk_server":"splunk-virtual-machine"}}
{"preview":false,"result":{"ComputerName":"Win-10.miacsdomain.com","Details":"{CB3D0F55-BC2C-4C1A-85ED-23ED75B5106B}","EventCode":"13","EventType":["4","SetValue"],"Image":"C:\\Users\\user-01\\AppData\\Local\\Microsoft\\OneDrive\\OneDrive.exe","Keywords":"None","LogName":"Microsoft-Windows-Sysmon/Operational","Message":"Registry value set:\r\nRuleName: -\r\nEventType: SetValue\r\nUtcTime: 2026-08-27 04:02:20.123\r\nProcessGuid: {3f87e246-b6cc-6a8f-bb03-000000001600}\r\nProcessId: 5840\r\nImage: C:\\Users\\user-01\\AppData\\Local\\Microsoft\\OneDrive\\OneDrive.exe\r\nTargetObject: HKU\\S-1-5-21-246749117-2054088174-1189330396-1105_Classes\\lnkfile\\shellex\\ContextMenuHandlers\\ FileSyncEx\\(Default)\r\nDetails: {CB3D0F55-BC2C-4C1A-85ED-23ED75B5106B}\r\nUser: miacsdomain\\user-01","OpCode":"Info","ProcessGuid":"{3f87e246-b6cc-6a8f-bb03-000000001600}","ProcessId":"5840","RecordNumber":"33054","RuleName":"-","Sid":"S-1-5-18","SidType":"0","SourceName":"Microsoft-Windows-Sysmon","TargetObject":"HKU\\S-1-5-21-246749117-2054088174-1189330396-1105_Classes\\lnkfile\\shellex\\ContextMenuHandlers\\ FileSyncEx\\(Default)","TaskCategory":"Registry value set (rule: RegistryEvent)","Type":"Information","User":["NOT_TRANSLATED","miacsdomain\\user-01"],"UtcTime":"2026-08-27 04:02:20.123","_raw":"08/27/2026 06:02:20.137 AM\nLogName=Microsoft-Windows-Sysmon/Operational\nEventCode=13\nEventType=4\nComputerName=Win-10.miacsdomain.com\nUser=NOT_TRANSLATED\nSid=S-1-5-18\nSidType=0\nSourceName=Microsoft-Windows-Sysmon\nType=Information\nRecordNumber=33054\nKeywords=None\nTaskCategory=Registry value set (rule: RegistryEvent)\nOpCode=Info\nMessage=Registry value set:\r\nRuleName: -\r\nEventType: SetValue\r\nUtcTime: 2026-08-27 04:02:20.123\r\nProcessGuid: {3f87e246-b6cc-6a8f-bb03-000000001600}\r\nProcessId: 5840\r\nImage: C:\\Users\\user-01\\AppData\\Local\\Microsoft\\OneDrive\\OneDrive.exe\r\nTargetObject: HKU\\S-1-5-21-246749117-2054088174-1189330396-1105_Classes\\lnkfile\\shellex\\ContextMenuHandlers\\ FileSyncEx\\(Default)\r\nDetails: {CB3D0F55-BC2C-4C1A-85ED-23ED75B5106B}\r\nUser: miacsdomain\\user-01","_time":"2026-08-27T06:02:20.137+0200","host":"Win-10","index":"main","linecount":"24","punct":"//_::._=--/===-..==---==--====___(:_)==__:\\r:_-\\r:_\\r","source":"WinEventLog:Microsoft-Windows-Sysmon/Operational","sourcetype":"WinEventLog:Microsoft-Windows-Sysmon/Operational","splunk_server":"splunk-virtual-machine"}}
{"preview":false,"result":{"ComputerName":"Win-10.miacsdomain.com","Details":"{CB3D0F55-BC2C-4C1A-85ED-23ED75B5106B}","EventCode":"13","EventType":["4","SetValue"],"Image":"C:\\Users\\user-01\\AppData\\Local\\Microsoft\\OneDrive\\OneDrive.exe","Keywords":"None","LogName":"Microsoft-Windows-Sysmon/Operational","Message":"Registry value set:\r\nRuleName: -\r\nEventType: SetValue\r\nUtcTime: 2026-08-27 04:02:20.123\r\nProcessGuid: {3f87e246-b6cc-6a8f-bb03-000000001600}\r\nProcessId: 5840\r\nImage: C:\\Users\\user-01\\AppData\\Local\\Microsoft\\OneDrive\\OneDrive.exe\r\nTargetObject: HKU\\S-1-5-21-246749117-2054088174-1189330396-1105_Classes\\lnkfile\\shellex\\ContextMenuHandlers\\ FileSyncEx\\(Default)\r\nDetails: {CB3D0F55-BC2C-4C1A-85ED-23ED75B5106B}\r\nUser: miacsdomain\\user-01","OpCode":"Info","ProcessGuid":"{3f87e246-b6cc-6a8f-bb03-000000001600}","ProcessId":"5840","RecordNumber":"33053","RuleName":"-","Sid":"S-1-5-18","SidType":"0","SourceName":"Microsoft-Windows-Sysmon","TargetObject":"HKU\\S-1-5-21-246749117-2054088174-1189330396-1105_Classes\\lnkfile\\shellex\\ContextMenuHandlers\\ FileSyncEx\\(Default)","TaskCategory":"Registry value set (rule: RegistryEvent)","Type":"Information","User":["NOT_TRANSLATED","miacsdomain\\user-01"],"UtcTime":"2026-08-27 04:02:20.123","_raw":"08/27/2026 06:02:20.137 AM\nLogName=Microsoft-Windows-Sysmon/Operational\nEventCode=13\nEventType=4\nComputerName=Win-10.miacsdomain.com\nUser=NOT_TRANSLATED\nSid=S-1-5-18\nSidType=0\nSourceName=Microsoft-Windows-Sysmon\nType=Information\nRecordNumber=33053\nKeywords=None\nTaskCategory=Registry value set (rule: RegistryEvent)\nOpCode=Info\nMessage=Registry value set:\r\nRuleName: -\r\nEventType: SetValue\r\nUtcTime: 2026-08-27 04:02:20.123\r\nProcessGuid: {3f87e246-b6cc-6a8f-bb03-000000001600}\r\nProcessId: 5840\r\nImage: C:\\Users\\user-01\\AppData\\Local\\Microsoft\\OneDrive\\OneDrive.exe\r\nTargetObject: HKU\\S-1-5-21-246749117-2054088174-1189330396-1105_Classes\\lnkfile\\shellex\\ContextMenuHandlers\\ FileSyncEx\\(Default)\r\nDetails: {CB3D0F55-BC2C-4C1A-85ED-23ED75B5106B}\r\nUser: miacsdomain\\user-01","_time":"2026-08-27T06:02:20.137+0200","host":"Win-10","index":"main","linecount":"24","punct":"//_::._=--/===-..==---==--====___(:_)==__:\\r:_-\\r:_\\r","source":"WinEventLog:Microsoft-Windows-Sysmon/Operational","sourcetype":"WinEventLog:Microsoft-Windows-Sysmon/Operational","splunk_server":"splunk-virtual-machine"}}
{"preview":false,"result":{"ComputerName":"Win-10.miacsdomain.com","Details":"{CB3D0F55-BC2C-4C1A-85ED-23ED75B5106B}","EventCode":"13","EventType":["4","SetValue"],"Image":"C:\\Users\\user-01\\AppData\\Local\\Microsoft\\OneDrive\\OneDrive.exe","Keywords":"None","LogName":"Microsoft-Windows-Sysmon/Operational","Message":"Registry value set:\r\nRuleName: -\r\nEventType: SetValue\r\nUtcTime: 2026-08-27 04:02:20.123\r\nProcessGuid: {3f87e246-b6cc-6a8f-bb03-000000001600}\r\nProcessId: 5840\r\nImage: C:\\Users\\user-01\\AppData\\Local\\Microsoft\\OneDrive\\OneDrive.exe\r\nTargetObject: HKU\\S-1-5-21-246749117-2054088174-1189330396-1105_Classes\\IE.AssocFile.URL\\shellex\\ContextMenuHandlers\\ FileSyncEx\\(Default)\r\nDetails: {CB3D0F55-BC2C-4C1A-85ED-23ED75B5106B}\r\nUser: miacsdomain\\user-01","OpCode":"Info","ProcessGuid":"{3f87e246-b6cc-6a8f-bb03-000000001600}","ProcessId":"5840","RecordNumber":"33052","RuleName":"-","Sid":"S-1-5-18","SidType":"0","SourceName":"Microsoft-Windows-Sysmon","TargetObject":"HKU\\S-1-5-21-246749117-2054088174-1189330396-1105_Classes\\IE.AssocFile.URL\\shellex\\ContextMenuHandlers\\ FileSyncEx\\(Default)","TaskCategory":"Registry value set (rule: RegistryEvent)","Type":"Information","User":["NOT_TRANSLATED","miacsdomain\\user-01"],"UtcTime":"2026-08-27 04:02:20.123","_raw":"08/27/2026 06:02:20.137 AM\nLogName=Microsoft-Windows-Sysmon/Operational\nEventCode=13\nEventType=4\nComputerName=Win-10.miacsdomain.com\nUser=NOT_TRANSLATED\nSid=S-1-5-18\nSidType=0\nSourceName=Microsoft-Windows-Sysmon\nType=Information\nRecordNumber=33052\nKeywords=None\nTaskCategory=Registry value set (rule: RegistryEvent)\nOpCode=Info\nMessage=Registry value set:\r\nRuleName: -\r\nEventType: SetValue\r\nUtcTime: 2026-08-27 04:02:20.123\r\nProcessGuid: {3f87e246-b6cc-6a8f-bb03-000000001600}\r\nProcessId: 5840\r\nImage: C:\\Users\\user-01\\AppData\\Local\\Microsoft\\OneDrive\\OneDrive.exe\r\nTargetObject: HKU\\S-1-5-21-246749117-2054088174-1189330396-1105_Classes\\IE.AssocFile.URL\\shellex\\ContextMenuHandlers\\ FileSyncEx\\(Default)\r\nDetails: {CB3D0F55-BC2C-4C1A-85ED-23ED75B5106B}\r\nUser: miacsdomain\\user-01","_time":"2026-08-27T06:02:20.137+0200","host":"Win-10","index":"main","linecount":"24","punct":"//_::._=--/===-..==---==--====___(:_)==__:\\r:_-\\r:_\\r","source":"WinEventLog:Microsoft-Windows-Sysmon/Operational","sourcetype":"WinEventLog:Microsoft-Windows-Sysmon/Operational","splunk_server":"splunk-virtual-machine"}}
{"preview":false,"result":{"ComputerName":"Win-10.miacsdomain.com","Details":"{CB3D0F55-BC2C-4C1A-85ED-23ED75B5106B}","EventCode":"13","EventType":["4","SetValue"],"Image":"C:\\Users\\user-01\\AppData\\Local\\Microsoft\\OneDrive\\OneDrive.exe","Keywords":"None","LogName":"Microsoft-Windows-Sysmon/Operational","Message":"Registry value set:\r\nRuleName: -\r\nEventType: SetValue\r\nUtcTime: 2026-08-27 04:02:20.123\r\nProcessGuid: {3f87e246-b6cc-6a8f-bb03-000000001600}\r\nProcessId: 5840\r\nImage: C:\\Users\\user-01\\AppData\\Local\\Microsoft\\OneDrive\\OneDrive.exe\r\nTargetObject: HKU\\S-1-5-21-246749117-2054088174-1189330396-1105_Classes\\IE.AssocFile.URL\\shellex\\ContextMenuHandlers\\ FileSyncEx\\(Default)\r\nDetails: {CB3D0F55-BC2C-4C1A-85ED-23ED75B5106B}\r\nUser: miacsdomain\\user-01","OpCode":"Info","ProcessGuid":"{3f87e246-b6cc-6a8f-bb03-000000001600}","ProcessId":"5840","RecordNumber":"33051","RuleName":"-","Sid":"S-1-5-18","SidType":"0","SourceName":"Microsoft-Windows-Sysmon","TargetObject":"HKU\\S-1-5-21-246749117-2054088174-1189330396-1105_Classes\\IE.AssocFile.URL\\shellex\\ContextMenuHandlers\\ FileSyncEx\\(Default)","TaskCategory":"Registry value set (rule: RegistryEvent)","Type":"Information","User":["NOT_TRANSLATED","miacsdomain\\user-01"],"UtcTime":"2026-08-27 04:02:20.123","_raw":"08/27/2026 06:02:20.137 AM\nLogName=Microsoft-Windows-Sysmon/Operational\nEventCode=13\nEventType=4\nComputerName=Win-10.miacsdomain.com\nUser=NOT_TRANSLATED\nSid=S-1-5-18\nSidType=0\nSourceName=Microsoft-Windows-Sysmon\nType=Information\nRecordNumber=33051\nKeywords=None\nTaskCategory=Registry value set (rule: RegistryEvent)\nOpCode=Info\nMessage=Registry value set:\r\nRuleName: -\r\nEventType: SetValue\r\nUtcTime: 2026-08-27 04:02:20.123\r\nProcessGuid: {3f87e246-b6cc-6a8f-bb03-000000001600}\r\nProcessId: 5840\r\nImage: C:\\Users\\user-01\\AppData\\Local\\Microsoft\\OneDrive\\OneDrive.exe\r\nTargetObject: HKU\\S-1-5-21-246749117-2054088174-1189330396-1105_Classes\\IE.AssocFile.URL\\shellex\\ContextMenuHandlers\\ FileSyncEx\\(Default)\r\nDetails: {CB3D0F55-BC2C-4C1A-85ED-23ED75B5106B}\r\nUser: miacsdomain\\user-01","_time":"2026-08-27T06:02:20.137+0200","host":"Win-10","index":"main","linecount":"24","punct":"//_::._=--/===-..==---==--====___(:_)==__:\\r:_-\\r:_\\r","source":"WinEventLog:Microsoft-Windows-Sysmon/Operational","sourcetype":"WinEventLog:Microsoft-Windows-Sysmon/Operational","splunk_server":"splunk-virtual-machine"}}
{"preview":false,"result":{"ComputerName":"Win-10.miacsdomain.com","Details":"{CB3D0F55-BC2C-4C1A-85ED-23ED75B5106B}","EventCode":"13","EventType":["4","SetValue"],"Image":"C:\\Users\\user-01\\AppData\\Local\\Microsoft\\OneDrive\\OneDrive.exe","Keywords":"None","LogName":"Microsoft-Windows-Sysmon/Operational","Message":"Registry value set:\r\nRuleName: -\r\nEventType: SetValue\r\nUtcTime: 2026-08-27 04:02:20.123\r\nProcessGuid: {3f87e246-b6cc-6a8f-bb03-000000001600}\r\nProcessId: 5840\r\nImage: C:\\Users\\user-01\\AppData\\Local\\Microsoft\\OneDrive\\OneDrive.exe\r\nTargetObject: HKU\\S-1-5-21-246749117-2054088174-1189330396-1105_Classes\\Directory\\shellex\\ContextMenuHandlers\\ FileSyncEx\\(Default)\r\nDetails: {CB3D0F55-BC2C-4C1A-85ED-23ED75B5106B}\r\nUser: miacsdomain\\user-01","OpCode":"Info","ProcessGuid":"{3f87e246-b6cc-6a8f-bb03-000000001600}","ProcessId":"5840","RecordNumber":"33050","RuleName":"-","Sid":"S-1-5-18","SidType":"0","SourceName":"Microsoft-Windows-Sysmon","TargetObject":"HKU\\S-1-5-21-246749117-2054088174-1189330396-1105_Classes\\Directory\\shellex\\ContextMenuHandlers\\ FileSyncEx\\(Default)","TaskCategory":"Registry value set (rule: RegistryEvent)","Type":"Information","User":["NOT_TRANSLATED","miacsdomain\\user-01"],"UtcTime":"2026-08-27 04:02:20.123","_raw":"08/27/2026 06:02:20.137 AM\nLogName=Microsoft-Windows-Sysmon/Operational\nEventCode=13\nEventType=4\nComputerName=Win-10.miacsdomain.com\nUser=NOT_TRANSLATED\nSid=S-1-5-18\nSidType=0\nSourceName=Microsoft-Windows-Sysmon\nType=Information\nRecordNumber=33050\nKeywords=None\nTaskCategory=Registry value set (rule: RegistryEvent)\nOpCode=Info\nMessage=Registry value set:\r\nRuleName: -\r\nEventType: SetValue\r\nUtcTime: 2026-08-27 04:02:20.123\r\nProcessGuid: {3f87e246-b6cc-6a8f-bb03-000000001600}\r\nProcessId: 5840\r\nImage: C:\\Users\\user-01\\AppData\\Local\\Microsoft\\OneDrive\\OneDrive.exe\r\nTargetObject: HKU\\S-1-5-21-246749117-2054088174-1189330396-1105_Classes\\Directory\\shellex\\ContextMenuHandlers\\ FileSyncEx\\(Default)\r\nDetails: {CB3D0F55-BC2C-4C1A-85ED-23ED75B5106B}\r\nUser: miacsdomain\\user-01","_time":"2026-08-27T06:02:20.137+0200","host":"Win-10","index":"main","linecount":"24","punct":"//_::._=--/===-..==---==--====___(:_)==__:\\r:_-\\r:_\\r","source":"WinEventLog:Microsoft-Windows-Sysmon/Operational","sourcetype":"WinEventLog:Microsoft-Windows-Sysmon/Operational","splunk_server":"splunk-virtual-machine"}}
{"preview":false,"result":{"ComputerName":"Win-10.miacsdomain.com","Details":"{CB3D0F55-BC2C-4C1A-85ED-23ED75B5106B}","EventCode":"13","EventType":["4","SetValue"],"Image":"C:\\Users\\user-01\\AppData\\Local\\Microsoft\\OneDrive\\OneDrive.exe","Keywords":"None","LogName":"Microsoft-Windows-Sysmon/Operational","Message":"Registry value set:\r\nRuleName: -\r\nEventType: SetValue\r\nUtcTime: 2026-08-27 04:02:20.123\r\nProcessGuid: {3f87e246-b6cc-6a8f-bb03-000000001600}\r\nProcessId: 5840\r\nImage: C:\\Users\\user-01\\AppData\\Local\\Microsoft\\OneDrive\\OneDrive.exe\r\nTargetObject: HKU\\S-1-5-21-246749117-2054088174-1189330396-1105_Classes\\Directory\\shellex\\ContextMenuHandlers\\ FileSyncEx\\(Default)\r\nDetails: {CB3D0F55-BC2C-4C1A-85ED-23ED75B5106B}\r\nUser: miacsdomain\\user-01","OpCode":"Info","ProcessGuid":"{3f87e246-b6cc-6a8f-bb03-000000001600}","ProcessId":"5840","RecordNumber":"33049","RuleName":"-","Sid":"S-1-5-18","SidType":"0","SourceName":"Microsoft-Windows-Sysmon","TargetObject":"HKU\\S-1-5-21-246749117-2054088174-1189330396-1105_Classes\\Directory\\shellex\\ContextMenuHandlers\\ FileSyncEx\\(Default)","TaskCategory":"Registry value set (rule: RegistryEvent)","Type":"Information","User":["NOT_TRANSLATED","miacsdomain\\user-01"],"UtcTime":"2026-08-27 04:02:20.123","_raw":"08/27/2026 06:02:20.137 AM\nLogName=Microsoft-Windows-Sysmon/Operational\nEventCode=13\nEventType=4\nComputerName=Win-10.miacsdomain.com\nUser=NOT_TRANSLATED\nSid=S-1-5-18\nSidType=0\nSourceName=Microsoft-Windows-Sysmon\nType=Information\nRecordNumber=33049\nKeywords=None\nTaskCategory=Registry value set (rule: RegistryEvent)\nOpCode=Info\nMessage=Registry value set:\r\nRuleName: -\r\nEventType: SetValue\r\nUtcTime: 2026-08-27 04:02:20.123\r\nProcessGuid: {3f87e246-b6cc-6a8f-bb03-000000001600}\r\nProcessId: 5840\r\nImage: C:\\Users\\user-01\\AppData\\Local\\Microsoft\\OneDrive\\OneDrive.exe\r\nTargetObject: HKU\\S-1-5-21-246749117-2054088174-1189330396-1105_Classes\\Directory\\shellex\\ContextMenuHandlers\\ FileSyncEx\\(Default)\r\nDetails: {CB3D0F55-BC2C-4C1A-85ED-23ED75B5106B}\r\nUser: miacsdomain\\user-01","_time":"2026-08-27T06:02:20.137+0200","host":"Win-10","index":"main","linecount":"24","punct":"//_::._=--/===-..==---==--====___(:_)==__:\\r:_-\\r:_\\r","source":"WinEventLog:Microsoft-Windows-Sysmon/Operational","sourcetype":"WinEventLog:Microsoft-Windows-Sysmon/Operational","splunk_server":"splunk-virtual-machine"}}
{"preview":false,"result":{"ComputerName":"Win-10.miacsdomain.com","Details":"{CB3D0F55-BC2C-4C1A-85ED-23ED75B5106B}","EventCode":"13","EventType":["4","SetValue"],"Image":"C:\\Users\\user-01\\AppData\\Local\\Microsoft\\OneDrive\\OneDrive.exe","Keywords":"None","LogName":"Microsoft-Windows-Sysmon/Operational","Message":"Registry value set:\r\nRuleName: -\r\nEventType: SetValue\r\nUtcTime: 2026-08-27 04:02:20.123\r\nProcessGuid: {3f87e246-b6cc-6a8f-bb03-000000001600}\r\nProcessId: 5840\r\nImage: C:\\Users\\user-01\\AppData\\Local\\Microsoft\\OneDrive\\OneDrive.exe\r\nTargetObject: HKU\\S-1-5-21-246749117-2054088174-1189330396-1105_Classes\\Directory\\Background\\shellex\\ContextMenuHandlers\\ FileSyncEx\\(Default)\r\nDetails: {CB3D0F55-BC2C-4C1A-85ED-23ED75B5106B}\r\nUser: miacsdomain\\user-01","OpCode":"Info","ProcessGuid":"{3f87e246-b6cc-6a8f-bb03-000000001600}","ProcessId":"5840","RecordNumber":"33048","RuleName":"-","Sid":"S-1-5-18","SidType":"0","SourceName":"Microsoft-Windows-Sysmon","TargetObject":"HKU\\S-1-5-21-246749117-2054088174-1189330396-1105_Classes\\Directory\\Background\\shellex\\ContextMenuHandlers\\ FileSyncEx\\(Default)","TaskCategory":"Registry value set (rule: RegistryEvent)","Type":"Information","User":["NOT_TRANSLATED","miacsdomain\\user-01"],"UtcTime":"2026-08-27 04:02:20.123","_raw":"08/27/2026 06:02:20.137 AM\nLogName=Microsoft-Windows-Sysmon/Operational\nEventCode=13\nEventType=4\nComputerName=Win-10.miacsdomain.com\nUser=NOT_TRANSLATED\nSid=S-1-5-18\nSidType=0\nSourceName=Microsoft-Windows-Sysmon\nType=Information\nRecordNumber=33048\nKeywords=None\nTaskCategory=Registry value set (rule: RegistryEvent)\nOpCode=Info\nMessage=Registry value set:\r\nRuleName: -\r\nEventType: SetValue\r\nUtcTime: 2026-08-27 04:02:20.123\r\nProcessGuid: {3f87e246-b6cc-6a8f-bb03-000000001600}\r\nProcessId: 5840\r\nImage: C:\\Users\\user-01\\AppData\\Local\\Microsoft\\OneDrive\\OneDrive.exe\r\nTargetObject: HKU\\S-1-5-21-246749117-2054088174-1189330396-1105_Classes\\Directory\\Background\\shellex\\ContextMenuHandlers\\ FileSyncEx\\(Default)\r\nDetails: {CB3D0F55-BC2C-4C1A-85ED-23ED75B5106B}\r\nUser: miacsdomain\\user-01","_time":"2026-08-27T06:02:20.137+0200","host":"Win-10","index":"main","linecount":"24","punct":"//_::._=--/===-..==---==--====___(:_)==__:\\r:_-\\r:_\\r","source":"WinEventLog:Microsoft-Windows-Sysmon/Operational","sourcetype":"WinEventLog:Microsoft-Windows-Sysmon/Operational","splunk_server":"splunk-virtual-machine"}}
{"preview":false,"result":{"ComputerName":"Win-10.miacsdomain.com","Details":"{CB3D0F55-BC2C-4C1A-85ED-23ED75B5106B}","EventCode":"13","EventType":["4","SetValue"],"Image":"C:\\Users\\user-01\\AppData\\Local\\Microsoft\\OneDrive\\OneDrive.exe","Keywords":"None","LogName":"Microsoft-Windows-Sysmon/Operational","Message":"Registry value set:\r\nRuleName: -\r\nEventType: SetValue\r\nUtcTime: 2026-08-27 04:02:20.123\r\nProcessGuid: {3f87e246-b6cc-6a8f-bb03-000000001600}\r\nProcessId: 5840\r\nImage: C:\\Users\\user-01\\AppData\\Local\\Microsoft\\OneDrive\\OneDrive.exe\r\nTargetObject: HKU\\S-1-5-21-246749117-2054088174-1189330396-1105_Classes\\Directory\\Background\\shellex\\ContextMenuHandlers\\ FileSyncEx\\(Default)\r\nDetails: {CB3D0F55-BC2C-4C1A-85ED-23ED75B5106B}\r\nUser: miacsdomain\\user-01","OpCode":"Info","ProcessGuid":"{3f87e246-b6cc-6a8f-bb03-000000001600}","ProcessId":"5840","RecordNumber":"33047","RuleName":"-","Sid":"S-1-5-18","SidType":"0","SourceName":"Microsoft-Windows-Sysmon","TargetObject":"HKU\\S-1-5-21-246749117-2054088174-1189330396-1105_Classes\\Directory\\Background\\shellex\\ContextMenuHandlers\\ FileSyncEx\\(Default)","TaskCategory":"Registry value set (rule: RegistryEvent)","Type":"Information","User":["NOT_TRANSLATED","miacsdomain\\user-01"],"UtcTime":"2026-08-27 04:02:20.123","_raw":"08/27/2026 06:02:20.137 AM\nLogName=Microsoft-Windows-Sysmon/Operational\nEventCode=13\nEventType=4\nComputerName=Win-10.miacsdomain.com\nUser=NOT_TRANSLATED\nSid=S-1-5-18\nSidType=0\nSourceName=Microsoft-Windows-Sysmon\nType=Information\nRecordNumber=33047\nKeywords=None\nTaskCategory=Registry value set (rule: RegistryEvent)\nOpCode=Info\nMessage=Registry value set:\r\nRuleName: -\r\nEventType: SetValue\r\nUtcTime: 2026-08-27 04:02:20.123\r\nProcessGuid: {3f87e246-b6cc-6a8f-bb03-000000001600}\r\nProcessId: 5840\r\nImage: C:\\Users\\user-01\\AppData\\Local\\Microsoft\\OneDrive\\OneDrive.exe\r\nTargetObject: HKU\\S-1-5-21-246749117-2054088174-1189330396-1105_Classes\\Directory\\Background\\shellex\\ContextMenuHandlers\\ FileSyncEx\\(Default)\r\nDetails: {CB3D0F55-BC2C-4C1A-85ED-23ED75B5106B}\r\nUser: miacsdomain\\user-01","_time":"2026-08-27T06:02:20.137+0200","host":"Win-10","index":"main","linecount":"24","punct":"//_::._=--/===-..==---==--====___(:_)==__:\\r:_-\\r:_\\r","source":"WinEventLog:Microsoft-Windows-Sysmon/Operational","sourcetype":"WinEventLog:Microsoft-Windows-Sysmon/Operational","splunk_server":"splunk-virtual-machine"}}
{"preview":false,"result":{"ComputerName":"Win-10.miacsdomain.com","Details":"{CB3D0F55-BC2C-4C1A-85ED-23ED75B5106B}","EventCode":"13","EventType":["4","SetValue"],"Image":"C:\\Users\\user-01\\AppData\\Local\\Microsoft\\OneDrive\\OneDrive.exe","Keywords":"None","LogName":"Microsoft-Windows-Sysmon/Operational","Message":"Registry value set:\r\nRuleName: -\r\nEventType: SetValue\r\nUtcTime: 2026-08-27 04:02:20.123\r\nProcessGuid: {3f87e246-b6cc-6a8f-bb03-000000001600}\r\nProcessId: 5840\r\nImage: C:\\Users\\user-01\\AppData\\Local\\Microsoft\\OneDrive\\OneDrive.exe\r\nTargetObject: HKU\\S-1-5-21-246749117-2054088174-1189330396-1105_Classes\\*\\shellex\\ContextMenuHandlers\\ FileSyncEx\\(Default)\r\nDetails: {CB3D0F55-BC2C-4C1A-85ED-23ED75B5106B}\r\nUser: miacsdomain\\user-01","OpCode":"Info","ProcessGuid":"{3f87e246-b6cc-6a8f-bb03-000000001600}","ProcessId":"5840","RecordNumber":"33046","RuleName":"-","Sid":"S-1-5-18","SidType":"0","SourceName":"Microsoft-Windows-Sysmon","TargetObject":"HKU\\S-1-5-21-246749117-2054088174-1189330396-1105_Classes\\*\\shellex\\ContextMenuHandlers\\ FileSyncEx\\(Default)","TaskCategory":"Registry value set (rule: RegistryEvent)","Type":"Information","User":["NOT_TRANSLATED","miacsdomain\\user-01"],"UtcTime":"2026-08-27 04:02:20.123","_raw":"08/27/2026 06:02:20.137 AM\nLogName=Microsoft-Windows-Sysmon/Operational\nEventCode=13\nEventType=4\nComputerName=Win-10.miacsdomain.com\nUser=NOT_TRANSLATED\nSid=S-1-5-18\nSidType=0\nSourceName=Microsoft-Windows-Sysmon\nType=Information\nRecordNumber=33046\nKeywords=None\nTaskCategory=Registry value set (rule: RegistryEvent)\nOpCode=Info\nMessage=Registry value set:\r\nRuleName: -\r\nEventType: SetValue\r\nUtcTime: 2026-08-27 04:02:20.123\r\nProcessGuid: {3f87e246-b6cc-6a8f-bb03-000000001600}\r\nProcessId: 5840\r\nImage: C:\\Users\\user-01\\AppData\\Local\\Microsoft\\OneDrive\\OneDrive.exe\r\nTargetObject: HKU\\S-1-5-21-246749117-2054088174-1189330396-1105_Classes\\*\\shellex\\ContextMenuHandlers\\ FileSyncEx\\(Default)\r\nDetails: {CB3D0F55-BC2C-4C1A-85ED-23ED75B5106B}\r\nUser: miacsdomain\\user-01","_time":"2026-08-27T06:02:20.137+0200","host":"Win-10","index":"main","linecount":"24","punct":"//_::._=--/===-..==---==--====___(:_)==__:\\r:_-\\r:_\\r","source":"WinEventLog:Microsoft-Windows-Sysmon/Operational","sourcetype":"WinEventLog:Microsoft-Windows-Sysmon/Operational","splunk_server":"splunk-virtual-machine"}}
