{"preview":false,"result":{"ComputerName":"Win-10.miacsdomain.com","EventCode":"4103","EventType":"4","Keywords":"None","LogName":"Microsoft-Windows-PowerShell/Operational","Message":"CommandInvocation(Set-StrictMode): \"Set-StrictMode\"\r\nParameterBinding(Set-StrictMode): name=\"Off\"; value=\"True\"\r\n\r\n\r\nContext:\r\n        Severity = Informational\r\n        Host Name = ConsoleHost\r\n        Host Version = 5.1.19041.3803\r\n        Host ID = 0fb12970-e2be-4290-be86-eded5aac6150\r\n        Host Application = C:\\Windows\\System32\\WindowsPowerShell\\v1.0\\powershell.exe\r\n        Engine Version = 5.1.19041.3803\r\n        Runspace ID = a742bf80-d4d6-4398-99ef-eea003b6b50d\r\n        Pipeline ID = 135\r\n        Command Name = Set-StrictMode\r\n        Command Type = Cmdlet\r\n        Script Name = \r\n        Command Path = \r\n        Sequence Number = 612\r\n        User = miacsdomain\\mgarcia\r\n        Connected User = \r\n        Shell ID = Microsoft.PowerShell\r\n\r\n\r\nUser Data:","OpCode":"To be used when operation is just executing a method","ParameterBinding_Set_StrictMode_":"name=\"Off\"; value=\"True\"","RecordNumber":"14531","Sid":"S-1-5-21-246749117-2054088174-1189330396-1110","SidType":"0","SourceName":"Microsoft-Windows-PowerShell","TaskCategory":"Executing Pipeline","Type":"Information","User":"NOT_TRANSLATED","_raw":"08/27/2026 05:34:07.434 AM\nLogName=Microsoft-Windows-PowerShell/Operational\nEventCode=4103\nEventType=4\nComputerName=Win-10.miacsdomain.com\nUser=NOT_TRANSLATED\nSid=S-1-5-21-246749117-2054088174-1189330396-1110\nSidType=0\nSourceName=Microsoft-Windows-PowerShell\nType=Information\nRecordNumber=14531\nKeywords=None\nTaskCategory=Executing Pipeline\nOpCode=To be used when operation is just executing a method\nMessage=CommandInvocation(Set-StrictMode): \"Set-StrictMode\"\r\nParameterBinding(Set-StrictMode): name=\"Off\"; value=\"True\"\r\n\r\n\r\nContext:\r\n        Severity = Informational\r\n        Host Name = ConsoleHost\r\n        Host Version = 5.1.19041.3803\r\n        Host ID = 0fb12970-e2be-4290-be86-eded5aac6150\r\n        Host Application = C:\\Windows\\System32\\WindowsPowerShell\\v1.0\\powershell.exe\r\n        Engine Version = 5.1.19041.3803\r\n        Runspace ID = a742bf80-d4d6-4398-99ef-eea003b6b50d\r\n        Pipeline ID = 135\r\n        Command Name = Set-StrictMode\r\n        Command Type = Cmdlet\r\n        Script Name = \r\n        Command Path = \r\n        Sequence Number = 612\r\n        User = miacsdomain\\mgarcia\r\n        Connected User = \r\n        Shell ID = Microsoft.PowerShell\r\n\r\n\r\nUser Data:","_time":"2026-08-27T05:34:07.434+0200","host":"Win-10","index":"main","linecount":"38","punct":"//_::._=--/===-..==-------==--====_=_________=(-):","source":"WinEventLog:Microsoft-Windows-PowerShell/Operational","sourcetype":"WinEventLog:Microsoft-Windows-PowerShell/Operational","splunk_server":"splunk-virtual-machine"}}
{"preview":false,"result":{"ComputerName":"Win-10.miacsdomain.com","EventCode":"4104","EventType":"3","Keywords":"None","LogName":"Microsoft-Windows-PowerShell/Operational","Message":"Creating Scriptblock text (1 of 1):\r\n\r\n#requires -version 3.0\r\n\r\ntry { Microsoft.PowerShell.Core\\Set-StrictMode -Off } catch { }\r\n\r\n$script:MyModule = $MyInvocation.MyCommand.ScriptBlock.Module\r\n\r\n$script:ClassName = 'ROOT\\Microsoft\\Windows\\Defender\\MSFT_MpSignature'\r\n$script:ClassVersion = '1.0'\r\n$script:ModuleVersion = '1.0'\r\n$script:ObjectModelWrapper = [Microsoft.PowerShell.Cmdletization.Cim.CimCmdletAdapter]\r\n\r\n$script:PrivateData = [System.Collections.Generic.Dictionary[string,string]]::new()\r\n\r\nMicrosoft.PowerShell.Core\\Export-ModuleMember -Function @()\r\n        \r\n\r\nfunction __cmdletization_BindCommonParameters\r\n{\r\n    param(\r\n        $__cmdletization_objectModelWrapper,\r\n        $myPSBoundParameters\r\n    )       \r\n                \r\n\r\n        if ($myPSBoundParameters.ContainsKey('CimSession')) { \r\n            $__cmdletization_objectModelWrapper.PSObject.Properties['CimSession'].Value = $myPSBoundParameters['CimSession'] \r\n        }\r\n                    \r\n\r\n        if ($myPSBoundParameters.ContainsKey('ThrottleLimit')) { \r\n            $__cmdletization_objectModelWrapper.PSObject.Properties['ThrottleLimit'].Value = $myPSBoundParameters['ThrottleLimit'] \r\n        }\r\n                    \r\n\r\n        if ($myPSBoundParameters.ContainsKey('AsJob')) { \r\n            $__cmdletization_objectModelWrapper.PSObject.Properties['AsJob'].Value = $myPSBoundParameters['AsJob'] \r\n        }\r\n                    \r\n\r\n}\r\n                \r\n\r\nfunction Update-MpSignature\r\n{\r\n    [CmdletBinding(PositionalBinding=$false)]\r\n    \r\n    \r\n    param(\r\n    \r\n    [Parameter(ParameterSetName='Update0')]\r\n    [AllowEmptyString()]\r\n    [AllowNull()]\r\n    [ValidateNotNull()]\r\n    [ValidateNotNullOrEmpty()]\r\n    [ValidateSet('InternalDefinitionUpdateServer','MicrosoftUpdateServer','MMPC','FileShares')]\r\n    [Microsoft.PowerShell.Cmdletization.GeneratedTypes.MpSignature.UpdateSource]\r\n    ${UpdateSource},\r\n\r\n    [Parameter(ParameterSetName='Update0')]\r\n    [Alias('Session')]\r\n    [ValidateNotNullOrEmpty()]\r\n    [CimSession[]]\r\n    ${CimSession},\r\n\r\n    [Parameter(ParameterSetName='Update0')]\r\n    [int]\r\n    ${ThrottleLimit},\r\n\r\n    [Parameter(ParameterSetName='Update0')]\r\n    [switch]\r\n    ${AsJob})\r\n\r\n    DynamicParam {\r\n        try \r\n        {\r\n            if (-not $__cmdletization_exceptionHasBeenThrown)\r\n            {\r\n                $__cmdletization_objectModelWrapper = $script:ObjectModelWrapper::new()\r\n                $__cmdletization_objectModelWrapper.Initialize($PSCmdlet, $script:ClassName, $script:ClassVersion, $script:ModuleVersion, $script:PrivateData)\r\n\r\n                if ($__cmdletization_objectModelWrapper -is [System.Management.Automation.IDynamicParameters])\r\n                {\r\n                    ([System.Management.Automation.IDynamicParameters]$__cmdletization_objectModelWrapper).GetDynamicParameters()\r\n                }\r\n            }\r\n        }\r\n        catch\r\n        {\r\n            $__cmdletization_exceptionHasBeenThrown = $true\r\n            throw\r\n        }\r\n    }\r\n\r\n    Begin {\r\n        $__cmdletization_exceptionHasBeenThrown = $false\r\n        try \r\n        {\r\n            __cmdletization_BindCommonParameters $__cmdletization_objectModelWrapper $PSBoundParameters\r\n            $__cmdletization_objectModelWrapper.BeginProcessing()\r\n        }\r\n        catch\r\n        {\r\n            $__cmdletization_exceptionHasBeenThrown = $true\r\n            throw\r\n        }\r\n    }\r\n        \r\n\r\n    Process {\r\n        try \r\n        {\r\n            if (-not $__cmdletization_exceptionHasBeenThrown)\r\n            {\r\n      $__cmdletization_methodParameters = [System.Collections.Generic.List[Microsoft.PowerShell.Cmdletization.MethodParameter]]::new()\r\n\r\n        [object]$__cmdletization_defaultValue = $null\r\n        [object]$__cmdletization_defaultValueIsPresent = $false\r\n        if ($PSBoundParameters.ContainsKey('UpdateSource')) {\r\n          [object]$__cmdletization_value = ${UpdateSource}\r\n          $__cmdletization_methodParameter = [Microsoft.PowerShell.Cmdletization.MethodParameter]@{Name = 'UpdateSource'; ParameterType = 'Microsoft.PowerShell.Cmdletization.GeneratedTypes.MpSignature.UpdateSource'; Bindings = 'In'; Value = $__cmdletization_value; IsValuePresent = $true}\r\n        } else {\r\n          $__cmdletization_methodParameter = [Microsoft.PowerShell.Cmdletization.MethodParameter]@{Name = 'UpdateSource'; ParameterType = 'Microsoft.PowerShell.Cmdletization.GeneratedTypes.MpSignature.UpdateSource'; Bindings = 'In'; Value = $__cmdletization_defaultValue; IsValuePresent = $__cmdletization_defaultValueIsPresent}\r\n        }\r\n        $__cmdletization_methodParameters.Add($__cmdletization_methodParameter)\r\n\r\n      $__cmdletization_returnValue = [Microsoft.PowerShell.Cmdletization.MethodParameter]@{ Name = 'ReturnValue'; ParameterType = 'System.Int32'; Bindings = 'Error'; Value = $null; IsValuePresent = $false }\r\n      $__cmdletization_methodInvocationInfo = [Microsoft.PowerShell.Cmdletization.MethodInvocationInfo]::new('Update', $__cmdletization_methodParameters, $__cmdletization_returnValue)\r\n      $__cmdletization_objectModelWrapper.ProcessRecord($__cmdletization_methodInvocationInfo)\r\n\r\n            }\r\n        }\r\n        catch\r\n        {\r\n            $__cmdletization_exceptionHasBeenThrown = $true\r\n            throw\r\n        }\r\n    }\r\n        \r\n\r\n    End {\r\n        try\r\n        {\r\n            if (-not $__cmdletization_exceptionHasBeenThrown)\r\n            {\r\n                $__cmdletization_objectModelWrapper.EndProcessing()\r\n            }\r\n        }\r\n        catch\r\n        {\r\n            throw\r\n        }\r\n    }\r\n\r\n    # .EXTERNALHELP MSFT_MpSignature.cdxml-Help.xml\r\n}\r\nMicrosoft.PowerShell.Core\\Export-ModuleMember -Function 'Update-MpSignature' -Alias '*'\r\n        \r\n\r\n\r\nScriptBlock ID: d2596247-0a8a-4dc2-8aa4-8b35edef2d26\r\nPath:","OpCode":"On create calls","RecordNumber":"14530","ScriptBlock_ID":"d2596247-0a8a-4dc2-8aa4-8b35edef2d26","Sid":"S-1-5-21-246749117-2054088174-1189330396-1110","SidType":"0","SourceName":"Microsoft-Windows-PowerShell","TaskCategory":"Execute a Remote Command","Type":"Warning","User":"NOT_TRANSLATED","_raw":"08/27/2026 05:34:07.434 AM\nLogName=Microsoft-Windows-PowerShell/Operational\nEventCode=4104\nEventType=3\nComputerName=Win-10.miacsdomain.com\nUser=NOT_TRANSLATED\nSid=S-1-5-21-246749117-2054088174-1189330396-1110\nSidType=0\nSourceName=Microsoft-Windows-PowerShell\nType=Warning\nRecordNumber=14530\nKeywords=None\nTaskCategory=Execute a Remote Command\nOpCode=On create calls\nMessage=Creating Scriptblock text (1 of 1):\r\n\r\n#requires -version 3.0\r\n\r\ntry { Microsoft.PowerShell.Core\\Set-StrictMode -Off } catch { }\r\n\r\n$script:MyModule = $MyInvocation.MyCommand.ScriptBlock.Module\r\n\r\n$script:ClassName = 'ROOT\\Microsoft\\Windows\\Defender\\MSFT_MpSignature'\r\n$script:ClassVersion = '1.0'\r\n$script:ModuleVersion = '1.0'\r\n$script:ObjectModelWrapper = [Microsoft.PowerShell.Cmdletization.Cim.CimCmdletAdapter]\r\n\r\n$script:PrivateData = [System.Collections.Generic.Dictionary[string,string]]::new()\r\n\r\nMicrosoft.PowerShell.Core\\Export-ModuleMember -Function @()\r\n        \r\n\r\nfunction __cmdletization_BindCommonParameters\r\n{\r\n    param(\r\n        $__cmdletization_objectModelWrapper,\r\n        $myPSBoundParameters\r\n    )       \r\n                \r\n\r\n        if ($myPSBoundParameters.ContainsKey('CimSession')) { \r\n            $__cmdletization_objectModelWrapper.PSObject.Properties['CimSession'].Value = $myPSBoundParameters['CimSession'] \r\n        }\r\n                    \r\n\r\n        if ($myPSBoundParameters.ContainsKey('ThrottleLimit')) { \r\n            $__cmdletization_objectModelWrapper.PSObject.Properties['ThrottleLimit'].Value = $myPSBoundParameters['ThrottleLimit'] \r\n        }\r\n                    \r\n\r\n        if ($myPSBoundParameters.ContainsKey('AsJob')) { \r\n            $__cmdletization_objectModelWrapper.PSObject.Properties['AsJob'].Value = $myPSBoundParameters['AsJob'] \r\n        }\r\n                    \r\n\r\n}\r\n                \r\n\r\nfunction Update-MpSignature\r\n{\r\n    [CmdletBinding(PositionalBinding=$false)]\r\n    \r\n    \r\n    param(\r\n    \r\n    [Parameter(ParameterSetName='Update0')]\r\n    [AllowEmptyString()]\r\n    [AllowNull()]\r\n    [ValidateNotNull()]\r\n    [ValidateNotNullOrEmpty()]\r\n    [ValidateSet('InternalDefinitionUpdateServer','MicrosoftUpdateServer','MMPC','FileShares')]\r\n    [Microsoft.PowerShell.Cmdletization.GeneratedTypes.MpSignature.UpdateSource]\r\n    ${UpdateSource},\r\n\r\n    [Parameter(ParameterSetName='Update0')]\r\n    [Alias('Session')]\r\n    [ValidateNotNullOrEmpty()]\r\n    [CimSession[]]\r\n    ${CimSession},\r\n\r\n    [Parameter(ParameterSetName='Update0')]\r\n    [int]\r\n    ${ThrottleLimit},\r\n\r\n    [Parameter(ParameterSetName='Update0')]\r\n    [switch]\r\n    ${AsJob})\r\n\r\n    DynamicParam {\r\n        try \r\n        {\r\n            if (-not $__cmdletization_exceptionHasBeenThrown)\r\n            {\r\n                $__cmdletization_objectModelWrapper = $script:ObjectModelWrapper::new()\r\n                $__cmdletization_objectModelWrapper.Initialize($PSCmdlet, $script:ClassName, $script:ClassVersion, $script:ModuleVersion, $script:PrivateData)\r\n\r\n                if ($__cmdletization_objectModelWrapper -is [System.Management.Automation.IDynamicParameters])\r\n                {\r\n                    ([System.Management.Automation.IDynamicParameters]$__cmdletization_objectModelWrapper).GetDynamicParameters()\r\n                }\r\n            }\r\n        }\r\n        catch\r\n        {\r\n            $__cmdletization_exceptionHasBeenThrown = $true\r\n            throw\r\n        }\r\n    }\r\n\r\n    Begin {\r\n        $__cmdletization_exceptionHasBeenThrown = $false\r\n        try \r\n        {\r\n            __cmdletization_BindCommonParameters $__cmdletization_objectModelWrapper $PSBoundParameters\r\n            $__cmdletization_objectModelWrapper.BeginProcessing()\r\n        }\r\n        catch\r\n        {\r\n            $__cmdletization_exceptionHasBeenThrown = $true\r\n            throw\r\n        }\r\n    }\r\n        \r\n\r\n    Process {\r\n        try \r\n        {\r\n            if (-not $__cmdletization_exceptionHasBeenThrown)\r\n            {\r\n      $__cmdletization_methodParameters = [System.Collections.Generic.List[Microsoft.PowerShell.Cmdletization.MethodParameter]]::new()\r\n\r\n        [object]$__cmdletization_defaultValue = $null\r\n        [object]$__cmdletization_defaultValueIsPresent = $false\r\n        if ($PSBoundParameters.ContainsKey('UpdateSource')) {\r\n          [object]$__cmdletization_value = ${UpdateSource}\r\n          $__cmdletization_methodParameter = [Microsoft.PowerShell.Cmdletization.MethodParameter]@{Name = 'UpdateSource'; ParameterType = 'Microsoft.PowerShell.Cmdletization.GeneratedTypes.MpSignature.UpdateSource'; Bindings = 'In'; Value = $__cmdletization_value; IsValuePresent = $true}\r\n        } else {\r\n          $__cmdletization_methodParameter = [Microsoft.PowerShell.Cmdletization.MethodParameter]@{Name = 'UpdateSource'; ParameterType = 'Microsoft.PowerShell.Cmdletization.GeneratedTypes.MpSignature.UpdateSource'; Bindings = 'In'; Value = $__cmdletization_defaultValue; IsValuePresent = $__cmdletization_defaultValueIsPresent}\r\n        }\r\n        $__cmdletization_methodParameters.Add($__cmdletization_methodParameter)\r\n\r\n      $__cmdletization_returnValue = [Microsoft.PowerShell.Cmdletization.MethodParameter]@{ Name = 'ReturnValue'; ParameterType = 'System.Int32'; Bindings = 'Error'; Value = $null; IsValuePresent = $false }\r\n      $__cmdletization_methodInvocationInfo = [Microsoft.PowerShell.Cmdletization.MethodInvocationInfo]::new('Update', $__cmdletization_methodParameters, $__cmdletization_returnValue)\r\n      $__cmdletization_objectModelWrapper.ProcessRecord($__cmdletization_methodInvocationInfo)\r\n\r\n            }\r\n        }\r\n        catch\r\n        {\r\n            $__cmdletization_exceptionHasBeenThrown = $true\r\n            throw\r\n        }\r\n    }\r\n        \r\n\r\n    End {\r\n        try\r\n        {\r\n            if (-not $__cmdletization_exceptionHasBeenThrown)\r\n            {\r\n                $__cmdletization_objectModelWrapper.EndProcessing()\r\n            }\r\n        }\r\n        catch\r\n        {\r\n            throw\r\n        }\r\n    }\r\n\r\n    # .EXTERNALHELP MSFT_MpSignature.cdxml-Help.xml\r\n}\r\nMicrosoft.PowerShell.Core\\Export-ModuleMember -Function 'Update-MpSignature' -Alias '*'\r\n        \r\n\r\n\r\nScriptBlock ID: d2596247-0a8a-4dc2-8aa4-8b35edef2d26\r\nPath:","_time":"2026-08-27T05:34:07.434+0200","host":"Win-10","index":"main","linecount":"177","punct":"//_::._=--/===-..==-------==--====___=__=___(__):\\r","source":"WinEventLog:Microsoft-Windows-PowerShell/Operational","sourcetype":"WinEventLog:Microsoft-Windows-PowerShell/Operational","splunk_server":"splunk-virtual-machine"}}
{"preview":false,"result":{"ComputerName":"Win-10.miacsdomain.com","EventCode":"4103","EventType":"4","Keywords":"None","LogName":"Microsoft-Windows-PowerShell/Operational","Message":"CommandInvocation(Export-ModuleMember): \"Export-ModuleMember\"\r\nParameterBinding(Export-ModuleMember): name=\"Function\"; value=\"Start-MpScan\"\r\nParameterBinding(Export-ModuleMember): name=\"Alias\"; value=\"*\"\r\n\r\n\r\nContext:\r\n        Severity = Informational\r\n        Host Name = ConsoleHost\r\n        Host Version = 5.1.19041.3803\r\n        Host ID = 0fb12970-e2be-4290-be86-eded5aac6150\r\n        Host Application = C:\\Windows\\System32\\WindowsPowerShell\\v1.0\\powershell.exe\r\n        Engine Version = 5.1.19041.3803\r\n        Runspace ID = a742bf80-d4d6-4398-99ef-eea003b6b50d\r\n        Pipeline ID = 135\r\n        Command Name = Export-ModuleMember\r\n        Command Type = Cmdlet\r\n        Script Name = \r\n        Command Path = \r\n        Sequence Number = 610\r\n        User = miacsdomain\\mgarcia\r\n        Connected User = \r\n        Shell ID = Microsoft.PowerShell\r\n\r\n\r\nUser Data:","OpCode":"To be used when operation is just executing a method","ParameterBinding_Export_ModuleMember_":["name=\"Function\"; value=\"Start-MpScan\"","name=\"Alias\"; value=\"*\""],"RecordNumber":"14529","Sid":"S-1-5-21-246749117-2054088174-1189330396-1110","SidType":"0","SourceName":"Microsoft-Windows-PowerShell","TaskCategory":"Executing Pipeline","Type":"Information","User":"NOT_TRANSLATED","_raw":"08/27/2026 05:34:07.429 AM\nLogName=Microsoft-Windows-PowerShell/Operational\nEventCode=4103\nEventType=4\nComputerName=Win-10.miacsdomain.com\nUser=NOT_TRANSLATED\nSid=S-1-5-21-246749117-2054088174-1189330396-1110\nSidType=0\nSourceName=Microsoft-Windows-PowerShell\nType=Information\nRecordNumber=14529\nKeywords=None\nTaskCategory=Executing Pipeline\nOpCode=To be used when operation is just executing a method\nMessage=CommandInvocation(Export-ModuleMember): \"Export-ModuleMember\"\r\nParameterBinding(Export-ModuleMember): name=\"Function\"; value=\"Start-MpScan\"\r\nParameterBinding(Export-ModuleMember): name=\"Alias\"; value=\"*\"\r\n\r\n\r\nContext:\r\n        Severity = Informational\r\n        Host Name = ConsoleHost\r\n        Host Version = 5.1.19041.3803\r\n        Host ID = 0fb12970-e2be-4290-be86-eded5aac6150\r\n        Host Application = C:\\Windows\\System32\\WindowsPowerShell\\v1.0\\powershell.exe\r\n        Engine Version = 5.1.19041.3803\r\n        Runspace ID = a742bf80-d4d6-4398-99ef-eea003b6b50d\r\n        Pipeline ID = 135\r\n        Command Name = Export-ModuleMember\r\n        Command Type = Cmdlet\r\n        Script Name = \r\n        Command Path = \r\n        Sequence Number = 610\r\n        User = miacsdomain\\mgarcia\r\n        Connected User = \r\n        Shell ID = Microsoft.PowerShell\r\n\r\n\r\nUser Data:","_time":"2026-08-27T05:34:07.429+0200","host":"Win-10","index":"main","linecount":"39","punct":"//_::._=--/===-..==-------==--====_=_________=(-):","source":"WinEventLog:Microsoft-Windows-PowerShell/Operational","sourcetype":"WinEventLog:Microsoft-Windows-PowerShell/Operational","splunk_server":"splunk-virtual-machine"}}
{"preview":false,"result":{"ComputerName":"Win-10.miacsdomain.com","EventCode":"4103","EventType":"4","Keywords":"None","LogName":"Microsoft-Windows-PowerShell/Operational","Message":"CommandInvocation(Export-ModuleMember): \"Export-ModuleMember\"\r\nParameterBinding(Export-ModuleMember): name=\"Function\"; value=\"\"\r\n\r\n\r\nContext:\r\n        Severity = Informational\r\n        Host Name = ConsoleHost\r\n        Host Version = 5.1.19041.3803\r\n        Host ID = 0fb12970-e2be-4290-be86-eded5aac6150\r\n        Host Application = C:\\Windows\\System32\\WindowsPowerShell\\v1.0\\powershell.exe\r\n        Engine Version = 5.1.19041.3803\r\n        Runspace ID = a742bf80-d4d6-4398-99ef-eea003b6b50d\r\n        Pipeline ID = 135\r\n        Command Name = Export-ModuleMember\r\n        Command Type = Cmdlet\r\n        Script Name = \r\n        Command Path = \r\n        Sequence Number = 608\r\n        User = miacsdomain\\mgarcia\r\n        Connected User = \r\n        Shell ID = Microsoft.PowerShell\r\n\r\n\r\nUser Data:","OpCode":"To be used when operation is just executing a method","ParameterBinding_Export_ModuleMember_":"name=\"Function\"; value=\"\"","RecordNumber":"14528","Sid":"S-1-5-21-246749117-2054088174-1189330396-1110","SidType":"0","SourceName":"Microsoft-Windows-PowerShell","TaskCategory":"Executing Pipeline","Type":"Information","User":"NOT_TRANSLATED","_raw":"08/27/2026 05:34:07.429 AM\nLogName=Microsoft-Windows-PowerShell/Operational\nEventCode=4103\nEventType=4\nComputerName=Win-10.miacsdomain.com\nUser=NOT_TRANSLATED\nSid=S-1-5-21-246749117-2054088174-1189330396-1110\nSidType=0\nSourceName=Microsoft-Windows-PowerShell\nType=Information\nRecordNumber=14528\nKeywords=None\nTaskCategory=Executing Pipeline\nOpCode=To be used when operation is just executing a method\nMessage=CommandInvocation(Export-ModuleMember): \"Export-ModuleMember\"\r\nParameterBinding(Export-ModuleMember): name=\"Function\"; value=\"\"\r\n\r\n\r\nContext:\r\n        Severity = Informational\r\n        Host Name = ConsoleHost\r\n        Host Version = 5.1.19041.3803\r\n        Host ID = 0fb12970-e2be-4290-be86-eded5aac6150\r\n        Host Application = C:\\Windows\\System32\\WindowsPowerShell\\v1.0\\powershell.exe\r\n        Engine Version = 5.1.19041.3803\r\n        Runspace ID = a742bf80-d4d6-4398-99ef-eea003b6b50d\r\n        Pipeline ID = 135\r\n        Command Name = Export-ModuleMember\r\n        Command Type = Cmdlet\r\n        Script Name = \r\n        Command Path = \r\n        Sequence Number = 608\r\n        User = miacsdomain\\mgarcia\r\n        Connected User = \r\n        Shell ID = Microsoft.PowerShell\r\n\r\n\r\nUser Data:","_time":"2026-08-27T05:34:07.429+0200","host":"Win-10","index":"main","linecount":"38","punct":"//_::._=--/===-..==-------==--====_=_________=(-):","source":"WinEventLog:Microsoft-Windows-PowerShell/Operational","sourcetype":"WinEventLog:Microsoft-Windows-PowerShell/Operational","splunk_server":"splunk-virtual-machine"}}
{"preview":false,"result":{"ComputerName":"Win-10.miacsdomain.com","EventCode":"4103","EventType":"4","Keywords":"None","LogName":"Microsoft-Windows-PowerShell/Operational","Message":"CommandInvocation(Set-StrictMode): \"Set-StrictMode\"\r\nParameterBinding(Set-StrictMode): name=\"Off\"; value=\"True\"\r\n\r\n\r\nContext:\r\n        Severity = Informational\r\n        Host Name = ConsoleHost\r\n        Host Version = 5.1.19041.3803\r\n        Host ID = 0fb12970-e2be-4290-be86-eded5aac6150\r\n        Host Application = C:\\Windows\\System32\\WindowsPowerShell\\v1.0\\powershell.exe\r\n        Engine Version = 5.1.19041.3803\r\n        Runspace ID = a742bf80-d4d6-4398-99ef-eea003b6b50d\r\n        Pipeline ID = 135\r\n        Command Name = Set-StrictMode\r\n        Command Type = Cmdlet\r\n        Script Name = \r\n        Command Path = \r\n        Sequence Number = 606\r\n        User = miacsdomain\\mgarcia\r\n        Connected User = \r\n        Shell ID = Microsoft.PowerShell\r\n\r\n\r\nUser Data:","OpCode":"To be used when operation is just executing a method","ParameterBinding_Set_StrictMode_":"name=\"Off\"; value=\"True\"","RecordNumber":"14527","Sid":"S-1-5-21-246749117-2054088174-1189330396-1110","SidType":"0","SourceName":"Microsoft-Windows-PowerShell","TaskCategory":"Executing Pipeline","Type":"Information","User":"NOT_TRANSLATED","_raw":"08/27/2026 05:34:07.429 AM\nLogName=Microsoft-Windows-PowerShell/Operational\nEventCode=4103\nEventType=4\nComputerName=Win-10.miacsdomain.com\nUser=NOT_TRANSLATED\nSid=S-1-5-21-246749117-2054088174-1189330396-1110\nSidType=0\nSourceName=Microsoft-Windows-PowerShell\nType=Information\nRecordNumber=14527\nKeywords=None\nTaskCategory=Executing Pipeline\nOpCode=To be used when operation is just executing a method\nMessage=CommandInvocation(Set-StrictMode): \"Set-StrictMode\"\r\nParameterBinding(Set-StrictMode): name=\"Off\"; value=\"True\"\r\n\r\n\r\nContext:\r\n        Severity = Informational\r\n        Host Name = ConsoleHost\r\n        Host Version = 5.1.19041.3803\r\n        Host ID = 0fb12970-e2be-4290-be86-eded5aac6150\r\n        Host Application = C:\\Windows\\System32\\WindowsPowerShell\\v1.0\\powershell.exe\r\n        Engine Version = 5.1.19041.3803\r\n        Runspace ID = a742bf80-d4d6-4398-99ef-eea003b6b50d\r\n        Pipeline ID = 135\r\n        Command Name = Set-StrictMode\r\n        Command Type = Cmdlet\r\n        Script Name = \r\n        Command Path = \r\n        Sequence Number = 606\r\n        User = miacsdomain\\mgarcia\r\n        Connected User = \r\n        Shell ID = Microsoft.PowerShell\r\n\r\n\r\nUser Data:","_time":"2026-08-27T05:34:07.429+0200","host":"Win-10","index":"main","linecount":"38","punct":"//_::._=--/===-..==-------==--====_=_________=(-):","source":"WinEventLog:Microsoft-Windows-PowerShell/Operational","sourcetype":"WinEventLog:Microsoft-Windows-PowerShell/Operational","splunk_server":"splunk-virtual-machine"}}
{"preview":false,"result":{"ComputerName":"Win-10.miacsdomain.com","EventCode":"4104","EventType":"3","Keywords":"None","LogName":"Microsoft-Windows-PowerShell/Operational","Message":"Creating Scriptblock text (1 of 1):\r\n\r\n#requires -version 3.0\r\n\r\ntry { Microsoft.PowerShell.Core\\Set-StrictMode -Off } catch { }\r\n\r\n$script:MyModule = $MyInvocation.MyCommand.ScriptBlock.Module\r\n\r\n$script:ClassName = 'ROOT\\Microsoft\\Windows\\Defender\\MSFT_MpScan'\r\n$script:ClassVersion = '1.0'\r\n$script:ModuleVersion = '1.0'\r\n$script:ObjectModelWrapper = [Microsoft.PowerShell.Cmdletization.Cim.CimCmdletAdapter]\r\n\r\n$script:PrivateData = [System.Collections.Generic.Dictionary[string,string]]::new()\r\n\r\nMicrosoft.PowerShell.Core\\Export-ModuleMember -Function @()\r\n        \r\n\r\nfunction __cmdletization_BindCommonParameters\r\n{\r\n    param(\r\n        $__cmdletization_objectModelWrapper,\r\n        $myPSBoundParameters\r\n    )       \r\n                \r\n\r\n        if ($myPSBoundParameters.ContainsKey('CimSession')) { \r\n            $__cmdletization_objectModelWrapper.PSObject.Properties['CimSession'].Value = $myPSBoundParameters['CimSession'] \r\n        }\r\n                    \r\n\r\n        if ($myPSBoundParameters.ContainsKey('ThrottleLimit')) { \r\n            $__cmdletization_objectModelWrapper.PSObject.Properties['ThrottleLimit'].Value = $myPSBoundParameters['ThrottleLimit'] \r\n        }\r\n                    \r\n\r\n        if ($myPSBoundParameters.ContainsKey('AsJob')) { \r\n            $__cmdletization_objectModelWrapper.PSObject.Properties['AsJob'].Value = $myPSBoundParameters['AsJob'] \r\n        }\r\n                    \r\n\r\n}\r\n                \r\n\r\nfunction Start-MpScan\r\n{\r\n    [CmdletBinding(PositionalBinding=$false)]\r\n    \r\n    \r\n    param(\r\n    \r\n    [Parameter(ParameterSetName='Start0')]\r\n    [ValidateNotNull()]\r\n    [ValidateNotNullOrEmpty()]\r\n    [string]\r\n    ${ScanPath},\r\n\r\n    [Parameter(ParameterSetName='Start0')]\r\n    [ValidateNotNull()]\r\n    [ValidateNotNullOrEmpty()]\r\n    [ValidateSet('FullScan','QuickScan','CustomScan')]\r\n    [Microsoft.PowerShell.Cmdletization.GeneratedTypes.MpScan.ScanType]\r\n    ${ScanType},\r\n\r\n    [Parameter(ParameterSetName='Start0')]\r\n    [Alias('Session')]\r\n    [ValidateNotNullOrEmpty()]\r\n    [CimSession[]]\r\n    ${CimSession},\r\n\r\n    [Parameter(ParameterSetName='Start0')]\r\n    [int]\r\n    ${ThrottleLimit},\r\n\r\n    [Parameter(ParameterSetName='Start0')]\r\n    [switch]\r\n    ${AsJob})\r\n\r\n    DynamicParam {\r\n        try \r\n        {\r\n            if (-not $__cmdletization_exceptionHasBeenThrown)\r\n            {\r\n                $__cmdletization_objectModelWrapper = $script:ObjectModelWrapper::new()\r\n                $__cmdletization_objectModelWrapper.Initialize($PSCmdlet, $script:ClassName, $script:ClassVersion, $script:ModuleVersion, $script:PrivateData)\r\n\r\n                if ($__cmdletization_objectModelWrapper -is [System.Management.Automation.IDynamicParameters])\r\n                {\r\n                    ([System.Management.Automation.IDynamicParameters]$__cmdletization_objectModelWrapper).GetDynamicParameters()\r\n                }\r\n            }\r\n        }\r\n        catch\r\n        {\r\n            $__cmdletization_exceptionHasBeenThrown = $true\r\n            throw\r\n        }\r\n    }\r\n\r\n    Begin {\r\n        $__cmdletization_exceptionHasBeenThrown = $false\r\n        try \r\n        {\r\n            __cmdletization_BindCommonParameters $__cmdletization_objectModelWrapper $PSBoundParameters\r\n            $__cmdletization_objectModelWrapper.BeginProcessing()\r\n        }\r\n        catch\r\n        {\r\n            $__cmdletization_exceptionHasBeenThrown = $true\r\n            throw\r\n        }\r\n    }\r\n        \r\n\r\n    Process {\r\n        try \r\n        {\r\n            if (-not $__cmdletization_exceptionHasBeenThrown)\r\n            {\r\n      $__cmdletization_methodParameters = [System.Collections.Generic.List[Microsoft.PowerShell.Cmdletization.MethodParameter]]::new()\r\n\r\n        [object]$__cmdletization_defaultValue = $null\r\n        [object]$__cmdletization_defaultValueIsPresent = $false\r\n        if ($PSBoundParameters.ContainsKey('ScanPath')) {\r\n          [object]$__cmdletization_value = ${ScanPath}\r\n          $__cmdletization_methodParameter = [Microsoft.PowerShell.Cmdletization.MethodParameter]@{Name = 'ScanPath'; ParameterType = 'System.String'; Bindings = 'In'; Value = $__cmdletization_value; IsValuePresent = $true}\r\n        } else {\r\n          $__cmdletization_methodParameter = [Microsoft.PowerShell.Cmdletization.MethodParameter]@{Name = 'ScanPath'; ParameterType = 'System.String'; Bindings = 'In'; Value = $__cmdletization_defaultValue; IsValuePresent = $__cmdletization_defaultValueIsPresent}\r\n        }\r\n        $__cmdletization_methodParameters.Add($__cmdletization_methodParameter)\r\n\r\n        [object]$__cmdletization_defaultValue = $null\r\n        [object]$__cmdletization_defaultValueIsPresent = $false\r\n        if ($PSBoundParameters.ContainsKey('ScanType')) {\r\n          [object]$__cmdletization_value = ${ScanType}\r\n          $__cmdletization_methodParameter = [Microsoft.PowerShell.Cmdletization.MethodParameter]@{Name = 'ScanType'; ParameterType = 'Microsoft.PowerShell.Cmdletization.GeneratedTypes.MpScan.ScanType'; Bindings = 'In'; Value = $__cmdletization_value; IsValuePresent = $true}\r\n        } else {\r\n          $__cmdletization_methodParameter = [Microsoft.PowerShell.Cmdletization.MethodParameter]@{Name = 'ScanType'; ParameterType = 'Microsoft.PowerShell.Cmdletization.GeneratedTypes.MpScan.ScanType'; Bindings = 'In'; Value = $__cmdletization_defaultValue; IsValuePresent = $__cmdletization_defaultValueIsPresent}\r\n        }\r\n        $__cmdletization_methodParameters.Add($__cmdletization_methodParameter)\r\n\r\n      $__cmdletization_returnValue = [Microsoft.PowerShell.Cmdletization.MethodParameter]@{ Name = 'ReturnValue'; ParameterType = 'System.Int32'; Bindings = 'Error'; Value = $null; IsValuePresent = $false }\r\n      $__cmdletization_methodInvocationInfo = [Microsoft.PowerShell.Cmdletization.MethodInvocationInfo]::new('Start', $__cmdletization_methodParameters, $__cmdletization_returnValue)\r\n      $__cmdletization_objectModelWrapper.ProcessRecord($__cmdletization_methodInvocationInfo)\r\n\r\n            }\r\n        }\r\n        catch\r\n        {\r\n            $__cmdletization_exceptionHasBeenThrown = $true\r\n            throw\r\n        }\r\n    }\r\n        \r\n\r\n    End {\r\n        try\r\n        {\r\n            if (-not $__cmdletization_exceptionHasBeenThrown)\r\n            {\r\n                $__cmdletization_objectModelWrapper.EndProcessing()\r\n            }\r\n        }\r\n        catch\r\n        {\r\n            throw\r\n        }\r\n    }\r\n\r\n    # .EXTERNALHELP MSFT_MpScan.cdxml-Help.xml\r\n}\r\nMicrosoft.PowerShell.Core\\Export-ModuleMember -Function 'Start-MpScan' -Alias '*'\r\n        \r\n\r\n\r\nScriptBlock ID: 9d18799d-1466-4033-a7cb-686f704ed82f\r\nPath:","OpCode":"On create calls","RecordNumber":"14526","ScriptBlock_ID":"9d18799d-1466-4033-a7cb-686f704ed82f","Sid":"S-1-5-21-246749117-2054088174-1189330396-1110","SidType":"0","SourceName":"Microsoft-Windows-PowerShell","TaskCategory":"Execute a Remote Command","Type":"Warning","User":"NOT_TRANSLATED","_raw":"08/27/2026 05:34:07.428 AM\nLogName=Microsoft-Windows-PowerShell/Operational\nEventCode=4104\nEventType=3\nComputerName=Win-10.miacsdomain.com\nUser=NOT_TRANSLATED\nSid=S-1-5-21-246749117-2054088174-1189330396-1110\nSidType=0\nSourceName=Microsoft-Windows-PowerShell\nType=Warning\nRecordNumber=14526\nKeywords=None\nTaskCategory=Execute a Remote Command\nOpCode=On create calls\nMessage=Creating Scriptblock text (1 of 1):\r\n\r\n#requires -version 3.0\r\n\r\ntry { Microsoft.PowerShell.Core\\Set-StrictMode -Off } catch { }\r\n\r\n$script:MyModule = $MyInvocation.MyCommand.ScriptBlock.Module\r\n\r\n$script:ClassName = 'ROOT\\Microsoft\\Windows\\Defender\\MSFT_MpScan'\r\n$script:ClassVersion = '1.0'\r\n$script:ModuleVersion = '1.0'\r\n$script:ObjectModelWrapper = [Microsoft.PowerShell.Cmdletization.Cim.CimCmdletAdapter]\r\n\r\n$script:PrivateData = [System.Collections.Generic.Dictionary[string,string]]::new()\r\n\r\nMicrosoft.PowerShell.Core\\Export-ModuleMember -Function @()\r\n        \r\n\r\nfunction __cmdletization_BindCommonParameters\r\n{\r\n    param(\r\n        $__cmdletization_objectModelWrapper,\r\n        $myPSBoundParameters\r\n    )       \r\n                \r\n\r\n        if ($myPSBoundParameters.ContainsKey('CimSession')) { \r\n            $__cmdletization_objectModelWrapper.PSObject.Properties['CimSession'].Value = $myPSBoundParameters['CimSession'] \r\n        }\r\n                    \r\n\r\n        if ($myPSBoundParameters.ContainsKey('ThrottleLimit')) { \r\n            $__cmdletization_objectModelWrapper.PSObject.Properties['ThrottleLimit'].Value = $myPSBoundParameters['ThrottleLimit'] \r\n        }\r\n                    \r\n\r\n        if ($myPSBoundParameters.ContainsKey('AsJob')) { \r\n            $__cmdletization_objectModelWrapper.PSObject.Properties['AsJob'].Value = $myPSBoundParameters['AsJob'] \r\n        }\r\n                    \r\n\r\n}\r\n                \r\n\r\nfunction Start-MpScan\r\n{\r\n    [CmdletBinding(PositionalBinding=$false)]\r\n    \r\n    \r\n    param(\r\n    \r\n    [Parameter(ParameterSetName='Start0')]\r\n    [ValidateNotNull()]\r\n    [ValidateNotNullOrEmpty()]\r\n    [string]\r\n    ${ScanPath},\r\n\r\n    [Parameter(ParameterSetName='Start0')]\r\n    [ValidateNotNull()]\r\n    [ValidateNotNullOrEmpty()]\r\n    [ValidateSet('FullScan','QuickScan','CustomScan')]\r\n    [Microsoft.PowerShell.Cmdletization.GeneratedTypes.MpScan.ScanType]\r\n    ${ScanType},\r\n\r\n    [Parameter(ParameterSetName='Start0')]\r\n    [Alias('Session')]\r\n    [ValidateNotNullOrEmpty()]\r\n    [CimSession[]]\r\n    ${CimSession},\r\n\r\n    [Parameter(ParameterSetName='Start0')]\r\n    [int]\r\n    ${ThrottleLimit},\r\n\r\n    [Parameter(ParameterSetName='Start0')]\r\n    [switch]\r\n    ${AsJob})\r\n\r\n    DynamicParam {\r\n        try \r\n        {\r\n            if (-not $__cmdletization_exceptionHasBeenThrown)\r\n            {\r\n                $__cmdletization_objectModelWrapper = $script:ObjectModelWrapper::new()\r\n                $__cmdletization_objectModelWrapper.Initialize($PSCmdlet, $script:ClassName, $script:ClassVersion, $script:ModuleVersion, $script:PrivateData)\r\n\r\n                if ($__cmdletization_objectModelWrapper -is [System.Management.Automation.IDynamicParameters])\r\n                {\r\n                    ([System.Management.Automation.IDynamicParameters]$__cmdletization_objectModelWrapper).GetDynamicParameters()\r\n                }\r\n            }\r\n        }\r\n        catch\r\n        {\r\n            $__cmdletization_exceptionHasBeenThrown = $true\r\n            throw\r\n        }\r\n    }\r\n\r\n    Begin {\r\n        $__cmdletization_exceptionHasBeenThrown = $false\r\n        try \r\n        {\r\n            __cmdletization_BindCommonParameters $__cmdletization_objectModelWrapper $PSBoundParameters\r\n            $__cmdletization_objectModelWrapper.BeginProcessing()\r\n        }\r\n        catch\r\n        {\r\n            $__cmdletization_exceptionHasBeenThrown = $true\r\n            throw\r\n        }\r\n    }\r\n        \r\n\r\n    Process {\r\n        try \r\n        {\r\n            if (-not $__cmdletization_exceptionHasBeenThrown)\r\n            {\r\n      $__cmdletization_methodParameters = [System.Collections.Generic.List[Microsoft.PowerShell.Cmdletization.MethodParameter]]::new()\r\n\r\n        [object]$__cmdletization_defaultValue = $null\r\n        [object]$__cmdletization_defaultValueIsPresent = $false\r\n        if ($PSBoundParameters.ContainsKey('ScanPath')) {\r\n          [object]$__cmdletization_value = ${ScanPath}\r\n          $__cmdletization_methodParameter = [Microsoft.PowerShell.Cmdletization.MethodParameter]@{Name = 'ScanPath'; ParameterType = 'System.String'; Bindings = 'In'; Value = $__cmdletization_value; IsValuePresent = $true}\r\n        } else {\r\n          $__cmdletization_methodParameter = [Microsoft.PowerShell.Cmdletization.MethodParameter]@{Name = 'ScanPath'; ParameterType = 'System.String'; Bindings = 'In'; Value = $__cmdletization_defaultValue; IsValuePresent = $__cmdletization_defaultValueIsPresent}\r\n        }\r\n        $__cmdletization_methodParameters.Add($__cmdletization_methodParameter)\r\n\r\n        [object]$__cmdletization_defaultValue = $null\r\n        [object]$__cmdletization_defaultValueIsPresent = $false\r\n        if ($PSBoundParameters.ContainsKey('ScanType')) {\r\n          [object]$__cmdletization_value = ${ScanType}\r\n          $__cmdletization_methodParameter = [Microsoft.PowerShell.Cmdletization.MethodParameter]@{Name = 'ScanType'; ParameterType = 'Microsoft.PowerShell.Cmdletization.GeneratedTypes.MpScan.ScanType'; Bindings = 'In'; Value = $__cmdletization_value; IsValuePresent = $true}\r\n        } else {\r\n          $__cmdletization_methodParameter = [Microsoft.PowerShell.Cmdletization.MethodParameter]@{Name = 'ScanType'; ParameterType = 'Microsoft.PowerShell.Cmdletization.GeneratedTypes.MpScan.ScanType'; Bindings = 'In'; Value = $__cmdletization_defaultValue; IsValuePresent = $__cmdletization_defaultValueIsPresent}\r\n        }\r\n        $__cmdletization_methodParameters.Add($__cmdletization_methodParameter)\r\n\r\n      $__cmdletization_returnValue = [Microsoft.PowerShell.Cmdletization.MethodParameter]@{ Name = 'ReturnValue'; ParameterType = 'System.Int32'; Bindings = 'Error'; Value = $null; IsValuePresent = $false }\r\n      $__cmdletization_methodInvocationInfo = [Microsoft.PowerShell.Cmdletization.MethodInvocationInfo]::new('Start', $__cmdletization_methodParameters, $__cmdletization_returnValue)\r\n      $__cmdletization_objectModelWrapper.ProcessRecord($__cmdletization_methodInvocationInfo)\r\n\r\n            }\r\n        }\r\n        catch\r\n        {\r\n            $__cmdletization_exceptionHasBeenThrown = $true\r\n            throw\r\n        }\r\n    }\r\n        \r\n\r\n    End {\r\n        try\r\n        {\r\n            if (-not $__cmdletization_exceptionHasBeenThrown)\r\n            {\r\n                $__cmdletization_objectModelWrapper.EndProcessing()\r\n            }\r\n        }\r\n        catch\r\n        {\r\n            throw\r\n        }\r\n    }\r\n\r\n    # .EXTERNALHELP MSFT_MpScan.cdxml-Help.xml\r\n}\r\nMicrosoft.PowerShell.Core\\Export-ModuleMember -Function 'Start-MpScan' -Alias '*'\r\n        \r\n\r\n\r\nScriptBlock ID: 9d18799d-1466-4033-a7cb-686f704ed82f\r\nPath:","_time":"2026-08-27T05:34:07.428+0200","host":"Win-10","index":"main","linecount":"191","punct":"//_::._=--/===-..==-------==--====___=__=___(__):\\r","source":"WinEventLog:Microsoft-Windows-PowerShell/Operational","sourcetype":"WinEventLog:Microsoft-Windows-PowerShell/Operational","splunk_server":"splunk-virtual-machine"}}
{"preview":false,"result":{"ComputerName":"Win-10.miacsdomain.com","EventCode":"4103","EventType":"4","Keywords":"None","LogName":"Microsoft-Windows-PowerShell/Operational","Message":"CommandInvocation(Export-ModuleMember): \"Export-ModuleMember\"\r\nParameterBinding(Export-ModuleMember): name=\"Function\"; value=\"Get-MpThreatDetection\"\r\nParameterBinding(Export-ModuleMember): name=\"Alias\"; value=\"*\"\r\n\r\n\r\nContext:\r\n        Severity = Informational\r\n        Host Name = ConsoleHost\r\n        Host Version = 5.1.19041.3803\r\n        Host ID = 0fb12970-e2be-4290-be86-eded5aac6150\r\n        Host Application = C:\\Windows\\System32\\WindowsPowerShell\\v1.0\\powershell.exe\r\n        Engine Version = 5.1.19041.3803\r\n        Runspace ID = a742bf80-d4d6-4398-99ef-eea003b6b50d\r\n        Pipeline ID = 135\r\n        Command Name = Export-ModuleMember\r\n        Command Type = Cmdlet\r\n        Script Name = \r\n        Command Path = \r\n        Sequence Number = 604\r\n        User = miacsdomain\\mgarcia\r\n        Connected User = \r\n        Shell ID = Microsoft.PowerShell\r\n\r\n\r\nUser Data:","OpCode":"To be used when operation is just executing a method","ParameterBinding_Export_ModuleMember_":["name=\"Function\"; value=\"Get-MpThreatDetection\"","name=\"Alias\"; value=\"*\""],"RecordNumber":"14525","Sid":"S-1-5-21-246749117-2054088174-1189330396-1110","SidType":"0","SourceName":"Microsoft-Windows-PowerShell","TaskCategory":"Executing Pipeline","Type":"Information","User":"NOT_TRANSLATED","_raw":"08/27/2026 05:34:07.424 AM\nLogName=Microsoft-Windows-PowerShell/Operational\nEventCode=4103\nEventType=4\nComputerName=Win-10.miacsdomain.com\nUser=NOT_TRANSLATED\nSid=S-1-5-21-246749117-2054088174-1189330396-1110\nSidType=0\nSourceName=Microsoft-Windows-PowerShell\nType=Information\nRecordNumber=14525\nKeywords=None\nTaskCategory=Executing Pipeline\nOpCode=To be used when operation is just executing a method\nMessage=CommandInvocation(Export-ModuleMember): \"Export-ModuleMember\"\r\nParameterBinding(Export-ModuleMember): name=\"Function\"; value=\"Get-MpThreatDetection\"\r\nParameterBinding(Export-ModuleMember): name=\"Alias\"; value=\"*\"\r\n\r\n\r\nContext:\r\n        Severity = Informational\r\n        Host Name = ConsoleHost\r\n        Host Version = 5.1.19041.3803\r\n        Host ID = 0fb12970-e2be-4290-be86-eded5aac6150\r\n        Host Application = C:\\Windows\\System32\\WindowsPowerShell\\v1.0\\powershell.exe\r\n        Engine Version = 5.1.19041.3803\r\n        Runspace ID = a742bf80-d4d6-4398-99ef-eea003b6b50d\r\n        Pipeline ID = 135\r\n        Command Name = Export-ModuleMember\r\n        Command Type = Cmdlet\r\n        Script Name = \r\n        Command Path = \r\n        Sequence Number = 604\r\n        User = miacsdomain\\mgarcia\r\n        Connected User = \r\n        Shell ID = Microsoft.PowerShell\r\n\r\n\r\nUser Data:","_time":"2026-08-27T05:34:07.424+0200","host":"Win-10","index":"main","linecount":"39","punct":"//_::._=--/===-..==-------==--====_=_________=(-):","source":"WinEventLog:Microsoft-Windows-PowerShell/Operational","sourcetype":"WinEventLog:Microsoft-Windows-PowerShell/Operational","splunk_server":"splunk-virtual-machine"}}
{"preview":false,"result":{"ComputerName":"Win-10.miacsdomain.com","EventCode":"4103","EventType":"4","Keywords":"None","LogName":"Microsoft-Windows-PowerShell/Operational","Message":"CommandInvocation(Export-ModuleMember): \"Export-ModuleMember\"\r\nParameterBinding(Export-ModuleMember): name=\"Function\"; value=\"\"\r\n\r\n\r\nContext:\r\n        Severity = Informational\r\n        Host Name = ConsoleHost\r\n        Host Version = 5.1.19041.3803\r\n        Host ID = 0fb12970-e2be-4290-be86-eded5aac6150\r\n        Host Application = C:\\Windows\\System32\\WindowsPowerShell\\v1.0\\powershell.exe\r\n        Engine Version = 5.1.19041.3803\r\n        Runspace ID = a742bf80-d4d6-4398-99ef-eea003b6b50d\r\n        Pipeline ID = 135\r\n        Command Name = Export-ModuleMember\r\n        Command Type = Cmdlet\r\n        Script Name = \r\n        Command Path = \r\n        Sequence Number = 602\r\n        User = miacsdomain\\mgarcia\r\n        Connected User = \r\n        Shell ID = Microsoft.PowerShell\r\n\r\n\r\nUser Data:","OpCode":"To be used when operation is just executing a method","ParameterBinding_Export_ModuleMember_":"name=\"Function\"; value=\"\"","RecordNumber":"14524","Sid":"S-1-5-21-246749117-2054088174-1189330396-1110","SidType":"0","SourceName":"Microsoft-Windows-PowerShell","TaskCategory":"Executing Pipeline","Type":"Information","User":"NOT_TRANSLATED","_raw":"08/27/2026 05:34:07.423 AM\nLogName=Microsoft-Windows-PowerShell/Operational\nEventCode=4103\nEventType=4\nComputerName=Win-10.miacsdomain.com\nUser=NOT_TRANSLATED\nSid=S-1-5-21-246749117-2054088174-1189330396-1110\nSidType=0\nSourceName=Microsoft-Windows-PowerShell\nType=Information\nRecordNumber=14524\nKeywords=None\nTaskCategory=Executing Pipeline\nOpCode=To be used when operation is just executing a method\nMessage=CommandInvocation(Export-ModuleMember): \"Export-ModuleMember\"\r\nParameterBinding(Export-ModuleMember): name=\"Function\"; value=\"\"\r\n\r\n\r\nContext:\r\n        Severity = Informational\r\n        Host Name = ConsoleHost\r\n        Host Version = 5.1.19041.3803\r\n        Host ID = 0fb12970-e2be-4290-be86-eded5aac6150\r\n        Host Application = C:\\Windows\\System32\\WindowsPowerShell\\v1.0\\powershell.exe\r\n        Engine Version = 5.1.19041.3803\r\n        Runspace ID = a742bf80-d4d6-4398-99ef-eea003b6b50d\r\n        Pipeline ID = 135\r\n        Command Name = Export-ModuleMember\r\n        Command Type = Cmdlet\r\n        Script Name = \r\n        Command Path = \r\n        Sequence Number = 602\r\n        User = miacsdomain\\mgarcia\r\n        Connected User = \r\n        Shell ID = Microsoft.PowerShell\r\n\r\n\r\nUser Data:","_time":"2026-08-27T05:34:07.423+0200","host":"Win-10","index":"main","linecount":"38","punct":"//_::._=--/===-..==-------==--====_=_________=(-):","source":"WinEventLog:Microsoft-Windows-PowerShell/Operational","sourcetype":"WinEventLog:Microsoft-Windows-PowerShell/Operational","splunk_server":"splunk-virtual-machine"}}
{"preview":false,"result":{"ComputerName":"Win-10.miacsdomain.com","EventCode":"4103","EventType":"4","Keywords":"None","LogName":"Microsoft-Windows-PowerShell/Operational","Message":"CommandInvocation(Set-StrictMode): \"Set-StrictMode\"\r\nParameterBinding(Set-StrictMode): name=\"Off\"; value=\"True\"\r\n\r\n\r\nContext:\r\n        Severity = Informational\r\n        Host Name = ConsoleHost\r\n        Host Version = 5.1.19041.3803\r\n        Host ID = 0fb12970-e2be-4290-be86-eded5aac6150\r\n        Host Application = C:\\Windows\\System32\\WindowsPowerShell\\v1.0\\powershell.exe\r\n        Engine Version = 5.1.19041.3803\r\n        Runspace ID = a742bf80-d4d6-4398-99ef-eea003b6b50d\r\n        Pipeline ID = 135\r\n        Command Name = Set-StrictMode\r\n        Command Type = Cmdlet\r\n        Script Name = \r\n        Command Path = \r\n        Sequence Number = 600\r\n        User = miacsdomain\\mgarcia\r\n        Connected User = \r\n        Shell ID = Microsoft.PowerShell\r\n\r\n\r\nUser Data:","OpCode":"To be used when operation is just executing a method","ParameterBinding_Set_StrictMode_":"name=\"Off\"; value=\"True\"","RecordNumber":"14523","Sid":"S-1-5-21-246749117-2054088174-1189330396-1110","SidType":"0","SourceName":"Microsoft-Windows-PowerShell","TaskCategory":"Executing Pipeline","Type":"Information","User":"NOT_TRANSLATED","_raw":"08/27/2026 05:34:07.423 AM\nLogName=Microsoft-Windows-PowerShell/Operational\nEventCode=4103\nEventType=4\nComputerName=Win-10.miacsdomain.com\nUser=NOT_TRANSLATED\nSid=S-1-5-21-246749117-2054088174-1189330396-1110\nSidType=0\nSourceName=Microsoft-Windows-PowerShell\nType=Information\nRecordNumber=14523\nKeywords=None\nTaskCategory=Executing Pipeline\nOpCode=To be used when operation is just executing a method\nMessage=CommandInvocation(Set-StrictMode): \"Set-StrictMode\"\r\nParameterBinding(Set-StrictMode): name=\"Off\"; value=\"True\"\r\n\r\n\r\nContext:\r\n        Severity = Informational\r\n        Host Name = ConsoleHost\r\n        Host Version = 5.1.19041.3803\r\n        Host ID = 0fb12970-e2be-4290-be86-eded5aac6150\r\n        Host Application = C:\\Windows\\System32\\WindowsPowerShell\\v1.0\\powershell.exe\r\n        Engine Version = 5.1.19041.3803\r\n        Runspace ID = a742bf80-d4d6-4398-99ef-eea003b6b50d\r\n        Pipeline ID = 135\r\n        Command Name = Set-StrictMode\r\n        Command Type = Cmdlet\r\n        Script Name = \r\n        Command Path = \r\n        Sequence Number = 600\r\n        User = miacsdomain\\mgarcia\r\n        Connected User = \r\n        Shell ID = Microsoft.PowerShell\r\n\r\n\r\nUser Data:","_time":"2026-08-27T05:34:07.423+0200","host":"Win-10","index":"main","linecount":"38","punct":"//_::._=--/===-..==-------==--====_=_________=(-):","source":"WinEventLog:Microsoft-Windows-PowerShell/Operational","sourcetype":"WinEventLog:Microsoft-Windows-PowerShell/Operational","splunk_server":"splunk-virtual-machine"}}
