{"preview":false,"result":{"Account_Domain":"miacsdomain","Account_Name":"DC-01$","ComputerName":"DC-01.miacsdomain.com","EventCode":"4634","EventType":"0","Keywords":"Audit Success","LogName":"Security","Logon_ID":"0xB893F3","Logon_Type":"3","Message":"An account was logged off.\r\n\r\nSubject:\r\n\tSecurity ID:\t\tS-1-5-18\r\n\tAccount Name:\t\tDC-01$\r\n\tAccount Domain:\t\tmiacsdomain\r\n\tLogon ID:\t\t0xB893F3\r\n\r\nLogon Type:\t\t\t3\r\n\r\nThis event is generated when a logon session is destroyed. It may be positively correlated with a logon event using the Logon ID value. Logon IDs are only unique between reboots on the same computer.","OpCode":"Info","RecordNumber":"24629","Security_ID":"S-1-5-18","SourceName":"Microsoft Windows security auditing.","TaskCategory":"Logoff","Type":"Information","_raw":"08/27/2026 05:32:49.616 AM\nLogName=Security\nEventCode=4634\nEventType=0\nComputerName=DC-01.miacsdomain.com\nSourceName=Microsoft Windows security auditing.\nType=Information\nRecordNumber=24629\nKeywords=Audit Success\nTaskCategory=Logoff\nOpCode=Info\nMessage=An account was logged off.\r\n\r\nSubject:\r\n\tSecurity ID:\t\tS-1-5-18\r\n\tAccount Name:\t\tDC-01$\r\n\tAccount Domain:\t\tmiacsdomain\r\n\tLogon ID:\t\t0xB893F3\r\n\r\nLogon Type:\t\t\t3\r\n\r\nThis event is generated when a logon session is destroyed. It may be positively correlated with a logon event using the Logon ID value. Logon IDs are only unique between reboots on the same computer.","_time":"2026-08-27T05:32:49.616+0200","host":"DC-01","index":"main","linecount":"22","punct":"//_::._====-..=___.===_===____.\\r\\r:\\rt_:tt---\\rt_:tt-","source":"WinEventLog:Security","sourcetype":"WinEventLog:Security","splunk_server":"splunk-virtual-machine"}}
{"preview":false,"result":{"Account_Domain":"miacsdomain","Account_Name":"DC-01$","ComputerName":"DC-01.miacsdomain.com","EventCode":"4634","EventType":"0","Keywords":"Audit Success","LogName":"Security","Logon_ID":"0xB8943C","Logon_Type":"3","Message":"An account was logged off.\r\n\r\nSubject:\r\n\tSecurity ID:\t\tS-1-5-18\r\n\tAccount Name:\t\tDC-01$\r\n\tAccount Domain:\t\tmiacsdomain\r\n\tLogon ID:\t\t0xB8943C\r\n\r\nLogon Type:\t\t\t3\r\n\r\nThis event is generated when a logon session is destroyed. It may be positively correlated with a logon event using the Logon ID value. Logon IDs are only unique between reboots on the same computer.","OpCode":"Info","RecordNumber":"24628","Security_ID":"S-1-5-18","SourceName":"Microsoft Windows security auditing.","TaskCategory":"Logoff","Type":"Information","_raw":"08/27/2026 05:32:49.616 AM\nLogName=Security\nEventCode=4634\nEventType=0\nComputerName=DC-01.miacsdomain.com\nSourceName=Microsoft Windows security auditing.\nType=Information\nRecordNumber=24628\nKeywords=Audit Success\nTaskCategory=Logoff\nOpCode=Info\nMessage=An account was logged off.\r\n\r\nSubject:\r\n\tSecurity ID:\t\tS-1-5-18\r\n\tAccount Name:\t\tDC-01$\r\n\tAccount Domain:\t\tmiacsdomain\r\n\tLogon ID:\t\t0xB8943C\r\n\r\nLogon Type:\t\t\t3\r\n\r\nThis event is generated when a logon session is destroyed. It may be positively correlated with a logon event using the Logon ID value. Logon IDs are only unique between reboots on the same computer.","_time":"2026-08-27T05:32:49.616+0200","host":"DC-01","index":"main","linecount":"22","punct":"//_::._====-..=___.===_===____.\\r\\r:\\rt_:tt---\\rt_:tt-","source":"WinEventLog:Security","sourcetype":"WinEventLog:Security","splunk_server":"splunk-virtual-machine"}}
{"preview":false,"result":{"Account_Domain":["-","MIACSDOMAIN.COM"],"Account_Name":["-","DC-01$"],"Authentication_Package":"Kerberos","ComputerName":"DC-01.miacsdomain.com","Elevated_Token":"Yes","EventCode":"4624","EventType":"0","Impersonation_Level":"Delegation","Key_Length":"0","Keywords":"Audit Success","Linked_Logon_ID":"0x0","LogName":"Security","Logon_GUID":"{344712ba-fb9e-abcb-b95f-051e7aaebef6}","Logon_ID":["0x0","0xB894CA"],"Logon_Process":"Kerberos","Logon_Type":"3","Message":"An account was successfully logged on.\r\n\r\nSubject:\r\n\tSecurity ID:\t\tS-1-0-0\r\n\tAccount Name:\t\t-\r\n\tAccount Domain:\t\t-\r\n\tLogon ID:\t\t0x0\r\n\r\nLogon Information:\r\n\tLogon Type:\t\t3\r\n\tRestricted Admin Mode:\t-\r\n\tVirtual Account:\t\tNo\r\n\tElevated Token:\t\tYes\r\n\r\nImpersonation Level:\t\tDelegation\r\n\r\nNew Logon:\r\n\tSecurity ID:\t\tS-1-5-18\r\n\tAccount Name:\t\tDC-01$\r\n\tAccount Domain:\t\tMIACSDOMAIN.COM\r\n\tLogon ID:\t\t0xB894CA\r\n\tLinked Logon ID:\t\t0x0\r\n\tNetwork Account Name:\t-\r\n\tNetwork Account Domain:\t-\r\n\tLogon GUID:\t\t{344712ba-fb9e-abcb-b95f-051e7aaebef6}\r\n\r\nProcess Information:\r\n\tProcess ID:\t\t0x0\r\n\tProcess Name:\t\t-\r\n\r\nNetwork Information:\r\n\tWorkstation Name:\t-\r\n\tSource Network Address:\tfe80::e186:9242:382b:6a2a\r\n\tSource Port:\t\t58369\r\n\r\nDetailed Authentication Information:\r\n\tLogon Process:\t\tKerberos\r\n\tAuthentication Package:\tKerberos\r\n\tTransited Services:\t-\r\n\tPackage Name (NTLM only):\t-\r\n\tKey Length:\t\t0\r\n\r\nThis event is generated when a logon session is created. It is generated on the computer that was accessed.\r\n\r\nThe subject fields indicate the account on the local system which requested the logon. This is most commonly a service such as the Server service, or a local process such as Winlogon.exe or Services.exe.\r\n\r\nThe logon type field indicates the kind of logon that occurred. The most common types are 2 (interactive) and 3 (network).\r\n\r\nThe New Logon fields indicate the account for whom the new logon was created, i.e. the account that was logged on.\r\n\r\nThe network fields indicate where a remote logon request originated. Workstation name is not always available and may be left blank in some cases.\r\n\r\nThe impersonation level field indicates the extent to which a process in the logon session can impersonate.\r\n\r\nThe authentication information fields provide detailed information about this specific logon request.\r\n\t- Logon GUID is a unique identifier that can be used to correlate this event with a KDC event.\r\n\t- Transited services indicate which intermediate services have participated in this logon request.\r\n\t- Package name indicates which sub-protocol was used among the NTLM protocols.\r\n\t- Key length indicates the length of the generated session key. This will be 0 if no session key was requested.","Network_Account_Domain":"-","Network_Account_Name":"-","OpCode":"Info","Package_Name__NTLM_only_":"-","Process_ID":"0x0","Process_Name":"-","RecordNumber":"24627","Restricted_Admin_Mode":"-","Security_ID":["S-1-0-0","S-1-5-18"],"SourceName":"Microsoft Windows security auditing.","Source_Network_Address":"fe80::e186:9242:382b:6a2a","Source_Port":"58369","TaskCategory":"Logon","Transited_Services":"-","Type":"Information","Virtual_Account":"No","Workstation_Name":"-","_raw":"08/27/2026 05:32:49.610 AM\nLogName=Security\nEventCode=4624\nEventType=0\nComputerName=DC-01.miacsdomain.com\nSourceName=Microsoft Windows security auditing.\nType=Information\nRecordNumber=24627\nKeywords=Audit Success\nTaskCategory=Logon\nOpCode=Info\nMessage=An account was successfully logged on.\r\n\r\nSubject:\r\n\tSecurity ID:\t\tS-1-0-0\r\n\tAccount Name:\t\t-\r\n\tAccount Domain:\t\t-\r\n\tLogon ID:\t\t0x0\r\n\r\nLogon Information:\r\n\tLogon Type:\t\t3\r\n\tRestricted Admin Mode:\t-\r\n\tVirtual Account:\t\tNo\r\n\tElevated Token:\t\tYes\r\n\r\nImpersonation Level:\t\tDelegation\r\n\r\nNew Logon:\r\n\tSecurity ID:\t\tS-1-5-18\r\n\tAccount Name:\t\tDC-01$\r\n\tAccount Domain:\t\tMIACSDOMAIN.COM\r\n\tLogon ID:\t\t0xB894CA\r\n\tLinked Logon ID:\t\t0x0\r\n\tNetwork Account Name:\t-\r\n\tNetwork Account Domain:\t-\r\n\tLogon GUID:\t\t{344712ba-fb9e-abcb-b95f-051e7aaebef6}\r\n\r\nProcess Information:\r\n\tProcess ID:\t\t0x0\r\n\tProcess Name:\t\t-\r\n\r\nNetwork Information:\r\n\tWorkstation Name:\t-\r\n\tSource Network Address:\tfe80::e186:9242:382b:6a2a\r\n\tSource Port:\t\t58369\r\n\r\nDetailed Authentication Information:\r\n\tLogon Process:\t\tKerberos\r\n\tAuthentication Package:\tKerberos\r\n\tTransited Services:\t-\r\n\tPackage Name (NTLM only):\t-\r\n\tKey Length:\t\t0\r\n\r\nThis event is generated when a logon session is created. It is generated on the computer that was accessed.\r\n\r\nThe subject fields indicate the account on the local system which requested the logon. This is most commonly a service such as the Server service, or a local process such as Winlogon.exe or Services.exe.\r\n\r\nThe logon type field indicates the kind of logon that occurred. The most common types are 2 (interactive) and 3 (network).\r\n\r\nThe New Logon fields indicate the account for whom the new logon was created, i.e. the account that was logged on.\r\n\r\nThe network fields indicate where a remote logon request originated. Workstation name is not always available and may be left blank in some cases.\r\n\r\nThe impersonation level field indicates the extent to which a process in the logon session can impersonate.\r\n\r\nThe authentication information fields provide detailed information about this specific logon request.\r\n\t- Logon GUID is a unique identifier that can be used to correlate this event with a KDC event.\r\n\t- Transited services indicate which intermediate services have participated in this logon request.\r\n\t- Package name indicates which sub-protocol was used among the NTLM protocols.\r\n\t- Key length indicates the length of the generated session key. This will be 0 if no session key was requested.","_time":"2026-08-27T05:32:49.610+0200","host":"DC-01","index":"main","linecount":"70","punct":"//_::._====-..=___.===_===_____.\\r\\r:\\rt_:tt---\\rt_:tt","source":"WinEventLog:Security","sourcetype":"WinEventLog:Security","splunk_server":"splunk-virtual-machine"}}
{"preview":false,"result":{"Account_Domain":"miacsdomain","Account_Name":"DC-01$","ComputerName":"DC-01.miacsdomain.com","EventCode":"4672","EventType":"0","Keywords":"Audit Success","LogName":"Security","Logon_ID":"0xB894CA","Message":"Special privileges assigned to new logon.\r\n\r\nSubject:\r\n\tSecurity ID:\t\tS-1-5-18\r\n\tAccount Name:\t\tDC-01$\r\n\tAccount Domain:\t\tmiacsdomain\r\n\tLogon ID:\t\t0xB894CA\r\n\r\nPrivileges:\t\tSeSecurityPrivilege\r\n\t\t\tSeBackupPrivilege\r\n\t\t\tSeRestorePrivilege\r\n\t\t\tSeTakeOwnershipPrivilege\r\n\t\t\tSeDebugPrivilege\r\n\t\t\tSeSystemEnvironmentPrivilege\r\n\t\t\tSeLoadDriverPrivilege\r\n\t\t\tSeImpersonatePrivilege\r\n\t\t\tSeDelegateSessionUserImpersonatePrivilege\r\n\t\t\tSeEnableDelegationPrivilege","OpCode":"Info","Privileges":"SeSecurityPrivilege","RecordNumber":"24626","Security_ID":"S-1-5-18","SourceName":"Microsoft Windows security auditing.","TaskCategory":"Special Logon","Type":"Information","_raw":"08/27/2026 05:32:49.609 AM\nLogName=Security\nEventCode=4672\nEventType=0\nComputerName=DC-01.miacsdomain.com\nSourceName=Microsoft Windows security auditing.\nType=Information\nRecordNumber=24626\nKeywords=Audit Success\nTaskCategory=Special Logon\nOpCode=Info\nMessage=Special privileges assigned to new logon.\r\n\r\nSubject:\r\n\tSecurity ID:\t\tS-1-5-18\r\n\tAccount Name:\t\tDC-01$\r\n\tAccount Domain:\t\tmiacsdomain\r\n\tLogon ID:\t\t0xB894CA\r\n\r\nPrivileges:\t\tSeSecurityPrivilege\r\n\t\t\tSeBackupPrivilege\r\n\t\t\tSeRestorePrivilege\r\n\t\t\tSeTakeOwnershipPrivilege\r\n\t\t\tSeDebugPrivilege\r\n\t\t\tSeSystemEnvironmentPrivilege\r\n\t\t\tSeLoadDriverPrivilege\r\n\t\t\tSeImpersonatePrivilege\r\n\t\t\tSeDelegateSessionUserImpersonatePrivilege\r\n\t\t\tSeEnableDelegationPrivilege","_time":"2026-08-27T05:32:49.609+0200","host":"DC-01","index":"main","linecount":"29","punct":"//_::._====-..=___.===_=_==_____.\\r\\r:\\rt_:tt---\\rt_:t","source":"WinEventLog:Security","sourcetype":"WinEventLog:Security","splunk_server":"splunk-virtual-machine"}}
{"preview":false,"result":{"Account_Domain":["-","MIACSDOMAIN.COM"],"Account_Name":["-","DC-01$"],"Authentication_Package":"Kerberos","ComputerName":"DC-01.miacsdomain.com","Elevated_Token":"Yes","EventCode":"4624","EventType":"0","Impersonation_Level":"Impersonation","Key_Length":"0","Keywords":"Audit Success","Linked_Logon_ID":"0x0","LogName":"Security","Logon_GUID":"{4d67b57d-57f0-7ad3-8daa-addf2c1e7cd1}","Logon_ID":["0x0","0xB8943C"],"Logon_Process":"Kerberos","Logon_Type":"3","Message":"An account was successfully logged on.\r\n\r\nSubject:\r\n\tSecurity ID:\t\tS-1-0-0\r\n\tAccount Name:\t\t-\r\n\tAccount Domain:\t\t-\r\n\tLogon ID:\t\t0x0\r\n\r\nLogon Information:\r\n\tLogon Type:\t\t3\r\n\tRestricted Admin Mode:\t-\r\n\tVirtual Account:\t\tNo\r\n\tElevated Token:\t\tYes\r\n\r\nImpersonation Level:\t\tImpersonation\r\n\r\nNew Logon:\r\n\tSecurity ID:\t\tS-1-5-18\r\n\tAccount Name:\t\tDC-01$\r\n\tAccount Domain:\t\tMIACSDOMAIN.COM\r\n\tLogon ID:\t\t0xB8943C\r\n\tLinked Logon ID:\t\t0x0\r\n\tNetwork Account Name:\t-\r\n\tNetwork Account Domain:\t-\r\n\tLogon GUID:\t\t{4d67b57d-57f0-7ad3-8daa-addf2c1e7cd1}\r\n\r\nProcess Information:\r\n\tProcess ID:\t\t0x0\r\n\tProcess Name:\t\t-\r\n\r\nNetwork Information:\r\n\tWorkstation Name:\t-\r\n\tSource Network Address:\t192.168.100.20\r\n\tSource Port:\t\t58368\r\n\r\nDetailed Authentication Information:\r\n\tLogon Process:\t\tKerberos\r\n\tAuthentication Package:\tKerberos\r\n\tTransited Services:\t-\r\n\tPackage Name (NTLM only):\t-\r\n\tKey Length:\t\t0\r\n\r\nThis event is generated when a logon session is created. It is generated on the computer that was accessed.\r\n\r\nThe subject fields indicate the account on the local system which requested the logon. This is most commonly a service such as the Server service, or a local process such as Winlogon.exe or Services.exe.\r\n\r\nThe logon type field indicates the kind of logon that occurred. The most common types are 2 (interactive) and 3 (network).\r\n\r\nThe New Logon fields indicate the account for whom the new logon was created, i.e. the account that was logged on.\r\n\r\nThe network fields indicate where a remote logon request originated. Workstation name is not always available and may be left blank in some cases.\r\n\r\nThe impersonation level field indicates the extent to which a process in the logon session can impersonate.\r\n\r\nThe authentication information fields provide detailed information about this specific logon request.\r\n\t- Logon GUID is a unique identifier that can be used to correlate this event with a KDC event.\r\n\t- Transited services indicate which intermediate services have participated in this logon request.\r\n\t- Package name indicates which sub-protocol was used among the NTLM protocols.\r\n\t- Key length indicates the length of the generated session key. This will be 0 if no session key was requested.","Network_Account_Domain":"-","Network_Account_Name":"-","OpCode":"Info","Package_Name__NTLM_only_":"-","Process_ID":"0x0","Process_Name":"-","RecordNumber":"24625","Restricted_Admin_Mode":"-","Security_ID":["S-1-0-0","S-1-5-18"],"SourceName":"Microsoft Windows security auditing.","Source_Network_Address":"192.168.100.20","Source_Port":"58368","TaskCategory":"Logon","Transited_Services":"-","Type":"Information","Virtual_Account":"No","Workstation_Name":"-","_raw":"08/27/2026 05:32:49.603 AM\nLogName=Security\nEventCode=4624\nEventType=0\nComputerName=DC-01.miacsdomain.com\nSourceName=Microsoft Windows security auditing.\nType=Information\nRecordNumber=24625\nKeywords=Audit Success\nTaskCategory=Logon\nOpCode=Info\nMessage=An account was successfully logged on.\r\n\r\nSubject:\r\n\tSecurity ID:\t\tS-1-0-0\r\n\tAccount Name:\t\t-\r\n\tAccount Domain:\t\t-\r\n\tLogon ID:\t\t0x0\r\n\r\nLogon Information:\r\n\tLogon Type:\t\t3\r\n\tRestricted Admin Mode:\t-\r\n\tVirtual Account:\t\tNo\r\n\tElevated Token:\t\tYes\r\n\r\nImpersonation Level:\t\tImpersonation\r\n\r\nNew Logon:\r\n\tSecurity ID:\t\tS-1-5-18\r\n\tAccount Name:\t\tDC-01$\r\n\tAccount Domain:\t\tMIACSDOMAIN.COM\r\n\tLogon ID:\t\t0xB8943C\r\n\tLinked Logon ID:\t\t0x0\r\n\tNetwork Account Name:\t-\r\n\tNetwork Account Domain:\t-\r\n\tLogon GUID:\t\t{4d67b57d-57f0-7ad3-8daa-addf2c1e7cd1}\r\n\r\nProcess Information:\r\n\tProcess ID:\t\t0x0\r\n\tProcess Name:\t\t-\r\n\r\nNetwork Information:\r\n\tWorkstation Name:\t-\r\n\tSource Network Address:\t192.168.100.20\r\n\tSource Port:\t\t58368\r\n\r\nDetailed Authentication Information:\r\n\tLogon Process:\t\tKerberos\r\n\tAuthentication Package:\tKerberos\r\n\tTransited Services:\t-\r\n\tPackage Name (NTLM only):\t-\r\n\tKey Length:\t\t0\r\n\r\nThis event is generated when a logon session is created. It is generated on the computer that was accessed.\r\n\r\nThe subject fields indicate the account on the local system which requested the logon. This is most commonly a service such as the Server service, or a local process such as Winlogon.exe or Services.exe.\r\n\r\nThe logon type field indicates the kind of logon that occurred. The most common types are 2 (interactive) and 3 (network).\r\n\r\nThe New Logon fields indicate the account for whom the new logon was created, i.e. the account that was logged on.\r\n\r\nThe network fields indicate where a remote logon request originated. Workstation name is not always available and may be left blank in some cases.\r\n\r\nThe impersonation level field indicates the extent to which a process in the logon session can impersonate.\r\n\r\nThe authentication information fields provide detailed information about this specific logon request.\r\n\t- Logon GUID is a unique identifier that can be used to correlate this event with a KDC event.\r\n\t- Transited services indicate which intermediate services have participated in this logon request.\r\n\t- Package name indicates which sub-protocol was used among the NTLM protocols.\r\n\t- Key length indicates the length of the generated session key. This will be 0 if no session key was requested.","_time":"2026-08-27T05:32:49.603+0200","host":"DC-01","index":"main","linecount":"70","punct":"//_::._====-..=___.===_===_____.\\r\\r:\\rt_:tt---\\rt_:tt","source":"WinEventLog:Security","sourcetype":"WinEventLog:Security","splunk_server":"splunk-virtual-machine"}}
{"preview":false,"result":{"Account_Domain":"miacsdomain","Account_Name":"DC-01$","ComputerName":"DC-01.miacsdomain.com","EventCode":"4672","EventType":"0","Keywords":"Audit Success","LogName":"Security","Logon_ID":"0xB8943C","Message":"Special privileges assigned to new logon.\r\n\r\nSubject:\r\n\tSecurity ID:\t\tS-1-5-18\r\n\tAccount Name:\t\tDC-01$\r\n\tAccount Domain:\t\tmiacsdomain\r\n\tLogon ID:\t\t0xB8943C\r\n\r\nPrivileges:\t\tSeSecurityPrivilege\r\n\t\t\tSeBackupPrivilege\r\n\t\t\tSeRestorePrivilege\r\n\t\t\tSeTakeOwnershipPrivilege\r\n\t\t\tSeDebugPrivilege\r\n\t\t\tSeSystemEnvironmentPrivilege\r\n\t\t\tSeLoadDriverPrivilege\r\n\t\t\tSeImpersonatePrivilege\r\n\t\t\tSeDelegateSessionUserImpersonatePrivilege\r\n\t\t\tSeEnableDelegationPrivilege","OpCode":"Info","Privileges":"SeSecurityPrivilege","RecordNumber":"24624","Security_ID":"S-1-5-18","SourceName":"Microsoft Windows security auditing.","TaskCategory":"Special Logon","Type":"Information","_raw":"08/27/2026 05:32:49.603 AM\nLogName=Security\nEventCode=4672\nEventType=0\nComputerName=DC-01.miacsdomain.com\nSourceName=Microsoft Windows security auditing.\nType=Information\nRecordNumber=24624\nKeywords=Audit Success\nTaskCategory=Special Logon\nOpCode=Info\nMessage=Special privileges assigned to new logon.\r\n\r\nSubject:\r\n\tSecurity ID:\t\tS-1-5-18\r\n\tAccount Name:\t\tDC-01$\r\n\tAccount Domain:\t\tmiacsdomain\r\n\tLogon ID:\t\t0xB8943C\r\n\r\nPrivileges:\t\tSeSecurityPrivilege\r\n\t\t\tSeBackupPrivilege\r\n\t\t\tSeRestorePrivilege\r\n\t\t\tSeTakeOwnershipPrivilege\r\n\t\t\tSeDebugPrivilege\r\n\t\t\tSeSystemEnvironmentPrivilege\r\n\t\t\tSeLoadDriverPrivilege\r\n\t\t\tSeImpersonatePrivilege\r\n\t\t\tSeDelegateSessionUserImpersonatePrivilege\r\n\t\t\tSeEnableDelegationPrivilege","_time":"2026-08-27T05:32:49.603+0200","host":"DC-01","index":"main","linecount":"29","punct":"//_::._====-..=___.===_=_==_____.\\r\\r:\\rt_:tt---\\rt_:t","source":"WinEventLog:Security","sourcetype":"WinEventLog:Security","splunk_server":"splunk-virtual-machine"}}
{"preview":false,"result":{"Account_Domain":["-","MIACSDOMAIN.COM"],"Account_Name":["-","DC-01$"],"Authentication_Package":"Kerberos","ComputerName":"DC-01.miacsdomain.com","Elevated_Token":"Yes","EventCode":"4624","EventType":"0","Impersonation_Level":"Impersonation","Key_Length":"0","Keywords":"Audit Success","Linked_Logon_ID":"0x0","LogName":"Security","Logon_GUID":"{344712ba-fb9e-abcb-b95f-051e7aaebef6}","Logon_ID":["0x0","0xB893F3"],"Logon_Process":"Kerberos","Logon_Type":"3","Message":"An account was successfully logged on.\r\n\r\nSubject:\r\n\tSecurity ID:\t\tS-1-0-0\r\n\tAccount Name:\t\t-\r\n\tAccount Domain:\t\t-\r\n\tLogon ID:\t\t0x0\r\n\r\nLogon Information:\r\n\tLogon Type:\t\t3\r\n\tRestricted Admin Mode:\t-\r\n\tVirtual Account:\t\tNo\r\n\tElevated Token:\t\tYes\r\n\r\nImpersonation Level:\t\tImpersonation\r\n\r\nNew Logon:\r\n\tSecurity ID:\t\tS-1-5-18\r\n\tAccount Name:\t\tDC-01$\r\n\tAccount Domain:\t\tMIACSDOMAIN.COM\r\n\tLogon ID:\t\t0xB893F3\r\n\tLinked Logon ID:\t\t0x0\r\n\tNetwork Account Name:\t-\r\n\tNetwork Account Domain:\t-\r\n\tLogon GUID:\t\t{344712ba-fb9e-abcb-b95f-051e7aaebef6}\r\n\r\nProcess Information:\r\n\tProcess ID:\t\t0x0\r\n\tProcess Name:\t\t-\r\n\r\nNetwork Information:\r\n\tWorkstation Name:\t-\r\n\tSource Network Address:\t::1\r\n\tSource Port:\t\t0\r\n\r\nDetailed Authentication Information:\r\n\tLogon Process:\t\tKerberos\r\n\tAuthentication Package:\tKerberos\r\n\tTransited Services:\t-\r\n\tPackage Name (NTLM only):\t-\r\n\tKey Length:\t\t0\r\n\r\nThis event is generated when a logon session is created. It is generated on the computer that was accessed.\r\n\r\nThe subject fields indicate the account on the local system which requested the logon. This is most commonly a service such as the Server service, or a local process such as Winlogon.exe or Services.exe.\r\n\r\nThe logon type field indicates the kind of logon that occurred. The most common types are 2 (interactive) and 3 (network).\r\n\r\nThe New Logon fields indicate the account for whom the new logon was created, i.e. the account that was logged on.\r\n\r\nThe network fields indicate where a remote logon request originated. Workstation name is not always available and may be left blank in some cases.\r\n\r\nThe impersonation level field indicates the extent to which a process in the logon session can impersonate.\r\n\r\nThe authentication information fields provide detailed information about this specific logon request.\r\n\t- Logon GUID is a unique identifier that can be used to correlate this event with a KDC event.\r\n\t- Transited services indicate which intermediate services have participated in this logon request.\r\n\t- Package name indicates which sub-protocol was used among the NTLM protocols.\r\n\t- Key length indicates the length of the generated session key. This will be 0 if no session key was requested.","Network_Account_Domain":"-","Network_Account_Name":"-","OpCode":"Info","Package_Name__NTLM_only_":"-","Process_ID":"0x0","Process_Name":"-","RecordNumber":"24623","Restricted_Admin_Mode":"-","Security_ID":["S-1-0-0","S-1-5-18"],"SourceName":"Microsoft Windows security auditing.","Source_Network_Address":"::1","Source_Port":"0","TaskCategory":"Logon","Transited_Services":"-","Type":"Information","Virtual_Account":"No","Workstation_Name":"-","_raw":"08/27/2026 05:32:49.601 AM\nLogName=Security\nEventCode=4624\nEventType=0\nComputerName=DC-01.miacsdomain.com\nSourceName=Microsoft Windows security auditing.\nType=Information\nRecordNumber=24623\nKeywords=Audit Success\nTaskCategory=Logon\nOpCode=Info\nMessage=An account was successfully logged on.\r\n\r\nSubject:\r\n\tSecurity ID:\t\tS-1-0-0\r\n\tAccount Name:\t\t-\r\n\tAccount Domain:\t\t-\r\n\tLogon ID:\t\t0x0\r\n\r\nLogon Information:\r\n\tLogon Type:\t\t3\r\n\tRestricted Admin Mode:\t-\r\n\tVirtual Account:\t\tNo\r\n\tElevated Token:\t\tYes\r\n\r\nImpersonation Level:\t\tImpersonation\r\n\r\nNew Logon:\r\n\tSecurity ID:\t\tS-1-5-18\r\n\tAccount Name:\t\tDC-01$\r\n\tAccount Domain:\t\tMIACSDOMAIN.COM\r\n\tLogon ID:\t\t0xB893F3\r\n\tLinked Logon ID:\t\t0x0\r\n\tNetwork Account Name:\t-\r\n\tNetwork Account Domain:\t-\r\n\tLogon GUID:\t\t{344712ba-fb9e-abcb-b95f-051e7aaebef6}\r\n\r\nProcess Information:\r\n\tProcess ID:\t\t0x0\r\n\tProcess Name:\t\t-\r\n\r\nNetwork Information:\r\n\tWorkstation Name:\t-\r\n\tSource Network Address:\t::1\r\n\tSource Port:\t\t0\r\n\r\nDetailed Authentication Information:\r\n\tLogon Process:\t\tKerberos\r\n\tAuthentication Package:\tKerberos\r\n\tTransited Services:\t-\r\n\tPackage Name (NTLM only):\t-\r\n\tKey Length:\t\t0\r\n\r\nThis event is generated when a logon session is created. It is generated on the computer that was accessed.\r\n\r\nThe subject fields indicate the account on the local system which requested the logon. This is most commonly a service such as the Server service, or a local process such as Winlogon.exe or Services.exe.\r\n\r\nThe logon type field indicates the kind of logon that occurred. The most common types are 2 (interactive) and 3 (network).\r\n\r\nThe New Logon fields indicate the account for whom the new logon was created, i.e. the account that was logged on.\r\n\r\nThe network fields indicate where a remote logon request originated. Workstation name is not always available and may be left blank in some cases.\r\n\r\nThe impersonation level field indicates the extent to which a process in the logon session can impersonate.\r\n\r\nThe authentication information fields provide detailed information about this specific logon request.\r\n\t- Logon GUID is a unique identifier that can be used to correlate this event with a KDC event.\r\n\t- Transited services indicate which intermediate services have participated in this logon request.\r\n\t- Package name indicates which sub-protocol was used among the NTLM protocols.\r\n\t- Key length indicates the length of the generated session key. This will be 0 if no session key was requested.","_time":"2026-08-27T05:32:49.601+0200","host":"DC-01","index":"main","linecount":"70","punct":"//_::._====-..=___.===_===_____.\\r\\r:\\rt_:tt---\\rt_:tt","source":"WinEventLog:Security","sourcetype":"WinEventLog:Security","splunk_server":"splunk-virtual-machine"}}
{"preview":false,"result":{"Account_Domain":"miacsdomain","Account_Name":"DC-01$","ComputerName":"DC-01.miacsdomain.com","EventCode":"4672","EventType":"0","Keywords":"Audit Success","LogName":"Security","Logon_ID":"0xB893F3","Message":"Special privileges assigned to new logon.\r\n\r\nSubject:\r\n\tSecurity ID:\t\tS-1-5-18\r\n\tAccount Name:\t\tDC-01$\r\n\tAccount Domain:\t\tmiacsdomain\r\n\tLogon ID:\t\t0xB893F3\r\n\r\nPrivileges:\t\tSeSecurityPrivilege\r\n\t\t\tSeBackupPrivilege\r\n\t\t\tSeRestorePrivilege\r\n\t\t\tSeTakeOwnershipPrivilege\r\n\t\t\tSeDebugPrivilege\r\n\t\t\tSeSystemEnvironmentPrivilege\r\n\t\t\tSeLoadDriverPrivilege\r\n\t\t\tSeImpersonatePrivilege\r\n\t\t\tSeDelegateSessionUserImpersonatePrivilege\r\n\t\t\tSeEnableDelegationPrivilege","OpCode":"Info","Privileges":"SeSecurityPrivilege","RecordNumber":"24622","Security_ID":"S-1-5-18","SourceName":"Microsoft Windows security auditing.","TaskCategory":"Special Logon","Type":"Information","_raw":"08/27/2026 05:32:49.601 AM\nLogName=Security\nEventCode=4672\nEventType=0\nComputerName=DC-01.miacsdomain.com\nSourceName=Microsoft Windows security auditing.\nType=Information\nRecordNumber=24622\nKeywords=Audit Success\nTaskCategory=Special Logon\nOpCode=Info\nMessage=Special privileges assigned to new logon.\r\n\r\nSubject:\r\n\tSecurity ID:\t\tS-1-5-18\r\n\tAccount Name:\t\tDC-01$\r\n\tAccount Domain:\t\tmiacsdomain\r\n\tLogon ID:\t\t0xB893F3\r\n\r\nPrivileges:\t\tSeSecurityPrivilege\r\n\t\t\tSeBackupPrivilege\r\n\t\t\tSeRestorePrivilege\r\n\t\t\tSeTakeOwnershipPrivilege\r\n\t\t\tSeDebugPrivilege\r\n\t\t\tSeSystemEnvironmentPrivilege\r\n\t\t\tSeLoadDriverPrivilege\r\n\t\t\tSeImpersonatePrivilege\r\n\t\t\tSeDelegateSessionUserImpersonatePrivilege\r\n\t\t\tSeEnableDelegationPrivilege","_time":"2026-08-27T05:32:49.601+0200","host":"DC-01","index":"main","linecount":"29","punct":"//_::._====-..=___.===_=_==_____.\\r\\r:\\rt_:tt---\\rt_:t","source":"WinEventLog:Security","sourcetype":"WinEventLog:Security","splunk_server":"splunk-virtual-machine"}}
{"preview":false,"result":{"Account_Domain":["-","MIACSDOMAIN.COM"],"Account_Name":["-","DC-01$"],"Authentication_Package":"Kerberos","ComputerName":"DC-01.miacsdomain.com","Elevated_Token":"Yes","EventCode":"4624","EventType":"0","Impersonation_Level":"Impersonation","Key_Length":"0","Keywords":"Audit Success","Linked_Logon_ID":"0x0","LogName":"Security","Logon_GUID":"{4d67b57d-57f0-7ad3-8daa-addf2c1e7cd1}","Logon_ID":["0x0","0xB892E9"],"Logon_Process":"Kerberos","Logon_Type":"3","Message":"An account was successfully logged on.\r\n\r\nSubject:\r\n\tSecurity ID:\t\tS-1-0-0\r\n\tAccount Name:\t\t-\r\n\tAccount Domain:\t\t-\r\n\tLogon ID:\t\t0x0\r\n\r\nLogon Information:\r\n\tLogon Type:\t\t3\r\n\tRestricted Admin Mode:\t-\r\n\tVirtual Account:\t\tNo\r\n\tElevated Token:\t\tYes\r\n\r\nImpersonation Level:\t\tImpersonation\r\n\r\nNew Logon:\r\n\tSecurity ID:\t\tS-1-5-18\r\n\tAccount Name:\t\tDC-01$\r\n\tAccount Domain:\t\tMIACSDOMAIN.COM\r\n\tLogon ID:\t\t0xB892E9\r\n\tLinked Logon ID:\t\t0x0\r\n\tNetwork Account Name:\t-\r\n\tNetwork Account Domain:\t-\r\n\tLogon GUID:\t\t{4d67b57d-57f0-7ad3-8daa-addf2c1e7cd1}\r\n\r\nProcess Information:\r\n\tProcess ID:\t\t0x0\r\n\tProcess Name:\t\t-\r\n\r\nNetwork Information:\r\n\tWorkstation Name:\t-\r\n\tSource Network Address:\tfe80::e186:9242:382b:6a2a\r\n\tSource Port:\t\t58367\r\n\r\nDetailed Authentication Information:\r\n\tLogon Process:\t\tKerberos\r\n\tAuthentication Package:\tKerberos\r\n\tTransited Services:\t-\r\n\tPackage Name (NTLM only):\t-\r\n\tKey Length:\t\t0\r\n\r\nThis event is generated when a logon session is created. It is generated on the computer that was accessed.\r\n\r\nThe subject fields indicate the account on the local system which requested the logon. This is most commonly a service such as the Server service, or a local process such as Winlogon.exe or Services.exe.\r\n\r\nThe logon type field indicates the kind of logon that occurred. The most common types are 2 (interactive) and 3 (network).\r\n\r\nThe New Logon fields indicate the account for whom the new logon was created, i.e. the account that was logged on.\r\n\r\nThe network fields indicate where a remote logon request originated. Workstation name is not always available and may be left blank in some cases.\r\n\r\nThe impersonation level field indicates the extent to which a process in the logon session can impersonate.\r\n\r\nThe authentication information fields provide detailed information about this specific logon request.\r\n\t- Logon GUID is a unique identifier that can be used to correlate this event with a KDC event.\r\n\t- Transited services indicate which intermediate services have participated in this logon request.\r\n\t- Package name indicates which sub-protocol was used among the NTLM protocols.\r\n\t- Key length indicates the length of the generated session key. This will be 0 if no session key was requested.","Network_Account_Domain":"-","Network_Account_Name":"-","OpCode":"Info","Package_Name__NTLM_only_":"-","Process_ID":"0x0","Process_Name":"-","RecordNumber":"24621","Restricted_Admin_Mode":"-","Security_ID":["S-1-0-0","S-1-5-18"],"SourceName":"Microsoft Windows security auditing.","Source_Network_Address":"fe80::e186:9242:382b:6a2a","Source_Port":"58367","TaskCategory":"Logon","Transited_Services":"-","Type":"Information","Virtual_Account":"No","Workstation_Name":"-","_raw":"08/27/2026 05:32:49.599 AM\nLogName=Security\nEventCode=4624\nEventType=0\nComputerName=DC-01.miacsdomain.com\nSourceName=Microsoft Windows security auditing.\nType=Information\nRecordNumber=24621\nKeywords=Audit Success\nTaskCategory=Logon\nOpCode=Info\nMessage=An account was successfully logged on.\r\n\r\nSubject:\r\n\tSecurity ID:\t\tS-1-0-0\r\n\tAccount Name:\t\t-\r\n\tAccount Domain:\t\t-\r\n\tLogon ID:\t\t0x0\r\n\r\nLogon Information:\r\n\tLogon Type:\t\t3\r\n\tRestricted Admin Mode:\t-\r\n\tVirtual Account:\t\tNo\r\n\tElevated Token:\t\tYes\r\n\r\nImpersonation Level:\t\tImpersonation\r\n\r\nNew Logon:\r\n\tSecurity ID:\t\tS-1-5-18\r\n\tAccount Name:\t\tDC-01$\r\n\tAccount Domain:\t\tMIACSDOMAIN.COM\r\n\tLogon ID:\t\t0xB892E9\r\n\tLinked Logon ID:\t\t0x0\r\n\tNetwork Account Name:\t-\r\n\tNetwork Account Domain:\t-\r\n\tLogon GUID:\t\t{4d67b57d-57f0-7ad3-8daa-addf2c1e7cd1}\r\n\r\nProcess Information:\r\n\tProcess ID:\t\t0x0\r\n\tProcess Name:\t\t-\r\n\r\nNetwork Information:\r\n\tWorkstation Name:\t-\r\n\tSource Network Address:\tfe80::e186:9242:382b:6a2a\r\n\tSource Port:\t\t58367\r\n\r\nDetailed Authentication Information:\r\n\tLogon Process:\t\tKerberos\r\n\tAuthentication Package:\tKerberos\r\n\tTransited Services:\t-\r\n\tPackage Name (NTLM only):\t-\r\n\tKey Length:\t\t0\r\n\r\nThis event is generated when a logon session is created. It is generated on the computer that was accessed.\r\n\r\nThe subject fields indicate the account on the local system which requested the logon. This is most commonly a service such as the Server service, or a local process such as Winlogon.exe or Services.exe.\r\n\r\nThe logon type field indicates the kind of logon that occurred. The most common types are 2 (interactive) and 3 (network).\r\n\r\nThe New Logon fields indicate the account for whom the new logon was created, i.e. the account that was logged on.\r\n\r\nThe network fields indicate where a remote logon request originated. Workstation name is not always available and may be left blank in some cases.\r\n\r\nThe impersonation level field indicates the extent to which a process in the logon session can impersonate.\r\n\r\nThe authentication information fields provide detailed information about this specific logon request.\r\n\t- Logon GUID is a unique identifier that can be used to correlate this event with a KDC event.\r\n\t- Transited services indicate which intermediate services have participated in this logon request.\r\n\t- Package name indicates which sub-protocol was used among the NTLM protocols.\r\n\t- Key length indicates the length of the generated session key. This will be 0 if no session key was requested.","_time":"2026-08-27T05:32:49.599+0200","host":"DC-01","index":"main","linecount":"70","punct":"//_::._====-..=___.===_===_____.\\r\\r:\\rt_:tt---\\rt_:tt","source":"WinEventLog:Security","sourcetype":"WinEventLog:Security","splunk_server":"splunk-virtual-machine"}}
{"preview":false,"result":{"Account_Domain":["-","MIACSDOMAIN.COM"],"Account_Name":["-","DC-01$"],"Authentication_Package":"Kerberos","ComputerName":"DC-01.miacsdomain.com","Elevated_Token":"Yes","EventCode":"4624","EventType":"0","Impersonation_Level":"Impersonation","Key_Length":"0","Keywords":"Audit Success","Linked_Logon_ID":"0x0","LogName":"Security","Logon_GUID":"{4d67b57d-57f0-7ad3-8daa-addf2c1e7cd1}","Logon_ID":["0x0","0xB892EA"],"Logon_Process":"Kerberos","Logon_Type":"3","Message":"An account was successfully logged on.\r\n\r\nSubject:\r\n\tSecurity ID:\t\tS-1-0-0\r\n\tAccount Name:\t\t-\r\n\tAccount Domain:\t\t-\r\n\tLogon ID:\t\t0x0\r\n\r\nLogon Information:\r\n\tLogon Type:\t\t3\r\n\tRestricted Admin Mode:\t-\r\n\tVirtual Account:\t\tNo\r\n\tElevated Token:\t\tYes\r\n\r\nImpersonation Level:\t\tImpersonation\r\n\r\nNew Logon:\r\n\tSecurity ID:\t\tS-1-5-18\r\n\tAccount Name:\t\tDC-01$\r\n\tAccount Domain:\t\tMIACSDOMAIN.COM\r\n\tLogon ID:\t\t0xB892EA\r\n\tLinked Logon ID:\t\t0x0\r\n\tNetwork Account Name:\t-\r\n\tNetwork Account Domain:\t-\r\n\tLogon GUID:\t\t{4d67b57d-57f0-7ad3-8daa-addf2c1e7cd1}\r\n\r\nProcess Information:\r\n\tProcess ID:\t\t0x0\r\n\tProcess Name:\t\t-\r\n\r\nNetwork Information:\r\n\tWorkstation Name:\t-\r\n\tSource Network Address:\tfe80::e186:9242:382b:6a2a\r\n\tSource Port:\t\t58366\r\n\r\nDetailed Authentication Information:\r\n\tLogon Process:\t\tKerberos\r\n\tAuthentication Package:\tKerberos\r\n\tTransited Services:\t-\r\n\tPackage Name (NTLM only):\t-\r\n\tKey Length:\t\t0\r\n\r\nThis event is generated when a logon session is created. It is generated on the computer that was accessed.\r\n\r\nThe subject fields indicate the account on the local system which requested the logon. This is most commonly a service such as the Server service, or a local process such as Winlogon.exe or Services.exe.\r\n\r\nThe logon type field indicates the kind of logon that occurred. The most common types are 2 (interactive) and 3 (network).\r\n\r\nThe New Logon fields indicate the account for whom the new logon was created, i.e. the account that was logged on.\r\n\r\nThe network fields indicate where a remote logon request originated. Workstation name is not always available and may be left blank in some cases.\r\n\r\nThe impersonation level field indicates the extent to which a process in the logon session can impersonate.\r\n\r\nThe authentication information fields provide detailed information about this specific logon request.\r\n\t- Logon GUID is a unique identifier that can be used to correlate this event with a KDC event.\r\n\t- Transited services indicate which intermediate services have participated in this logon request.\r\n\t- Package name indicates which sub-protocol was used among the NTLM protocols.\r\n\t- Key length indicates the length of the generated session key. This will be 0 if no session key was requested.","Network_Account_Domain":"-","Network_Account_Name":"-","OpCode":"Info","Package_Name__NTLM_only_":"-","Process_ID":"0x0","Process_Name":"-","RecordNumber":"24620","Restricted_Admin_Mode":"-","Security_ID":["S-1-0-0","S-1-5-18"],"SourceName":"Microsoft Windows security auditing.","Source_Network_Address":"fe80::e186:9242:382b:6a2a","Source_Port":"58366","TaskCategory":"Logon","Transited_Services":"-","Type":"Information","Virtual_Account":"No","Workstation_Name":"-","_raw":"08/27/2026 05:32:49.599 AM\nLogName=Security\nEventCode=4624\nEventType=0\nComputerName=DC-01.miacsdomain.com\nSourceName=Microsoft Windows security auditing.\nType=Information\nRecordNumber=24620\nKeywords=Audit Success\nTaskCategory=Logon\nOpCode=Info\nMessage=An account was successfully logged on.\r\n\r\nSubject:\r\n\tSecurity ID:\t\tS-1-0-0\r\n\tAccount Name:\t\t-\r\n\tAccount Domain:\t\t-\r\n\tLogon ID:\t\t0x0\r\n\r\nLogon Information:\r\n\tLogon Type:\t\t3\r\n\tRestricted Admin Mode:\t-\r\n\tVirtual Account:\t\tNo\r\n\tElevated Token:\t\tYes\r\n\r\nImpersonation Level:\t\tImpersonation\r\n\r\nNew Logon:\r\n\tSecurity ID:\t\tS-1-5-18\r\n\tAccount Name:\t\tDC-01$\r\n\tAccount Domain:\t\tMIACSDOMAIN.COM\r\n\tLogon ID:\t\t0xB892EA\r\n\tLinked Logon ID:\t\t0x0\r\n\tNetwork Account Name:\t-\r\n\tNetwork Account Domain:\t-\r\n\tLogon GUID:\t\t{4d67b57d-57f0-7ad3-8daa-addf2c1e7cd1}\r\n\r\nProcess Information:\r\n\tProcess ID:\t\t0x0\r\n\tProcess Name:\t\t-\r\n\r\nNetwork Information:\r\n\tWorkstation Name:\t-\r\n\tSource Network Address:\tfe80::e186:9242:382b:6a2a\r\n\tSource Port:\t\t58366\r\n\r\nDetailed Authentication Information:\r\n\tLogon Process:\t\tKerberos\r\n\tAuthentication Package:\tKerberos\r\n\tTransited Services:\t-\r\n\tPackage Name (NTLM only):\t-\r\n\tKey Length:\t\t0\r\n\r\nThis event is generated when a logon session is created. It is generated on the computer that was accessed.\r\n\r\nThe subject fields indicate the account on the local system which requested the logon. This is most commonly a service such as the Server service, or a local process such as Winlogon.exe or Services.exe.\r\n\r\nThe logon type field indicates the kind of logon that occurred. The most common types are 2 (interactive) and 3 (network).\r\n\r\nThe New Logon fields indicate the account for whom the new logon was created, i.e. the account that was logged on.\r\n\r\nThe network fields indicate where a remote logon request originated. Workstation name is not always available and may be left blank in some cases.\r\n\r\nThe impersonation level field indicates the extent to which a process in the logon session can impersonate.\r\n\r\nThe authentication information fields provide detailed information about this specific logon request.\r\n\t- Logon GUID is a unique identifier that can be used to correlate this event with a KDC event.\r\n\t- Transited services indicate which intermediate services have participated in this logon request.\r\n\t- Package name indicates which sub-protocol was used among the NTLM protocols.\r\n\t- Key length indicates the length of the generated session key. This will be 0 if no session key was requested.","_time":"2026-08-27T05:32:49.599+0200","host":"DC-01","index":"main","linecount":"70","punct":"//_::._====-..=___.===_===_____.\\r\\r:\\rt_:tt---\\rt_:tt","source":"WinEventLog:Security","sourcetype":"WinEventLog:Security","splunk_server":"splunk-virtual-machine"}}
{"preview":false,"result":{"Account_Domain":"miacsdomain","Account_Name":"DC-01$","ComputerName":"DC-01.miacsdomain.com","EventCode":"4672","EventType":"0","Keywords":"Audit Success","LogName":"Security","Logon_ID":"0xB892EA","Message":"Special privileges assigned to new logon.\r\n\r\nSubject:\r\n\tSecurity ID:\t\tS-1-5-18\r\n\tAccount Name:\t\tDC-01$\r\n\tAccount Domain:\t\tmiacsdomain\r\n\tLogon ID:\t\t0xB892EA\r\n\r\nPrivileges:\t\tSeSecurityPrivilege\r\n\t\t\tSeBackupPrivilege\r\n\t\t\tSeRestorePrivilege\r\n\t\t\tSeTakeOwnershipPrivilege\r\n\t\t\tSeDebugPrivilege\r\n\t\t\tSeSystemEnvironmentPrivilege\r\n\t\t\tSeLoadDriverPrivilege\r\n\t\t\tSeImpersonatePrivilege\r\n\t\t\tSeDelegateSessionUserImpersonatePrivilege\r\n\t\t\tSeEnableDelegationPrivilege","OpCode":"Info","Privileges":"SeSecurityPrivilege","RecordNumber":"24619","Security_ID":"S-1-5-18","SourceName":"Microsoft Windows security auditing.","TaskCategory":"Special Logon","Type":"Information","_raw":"08/27/2026 05:32:49.599 AM\nLogName=Security\nEventCode=4672\nEventType=0\nComputerName=DC-01.miacsdomain.com\nSourceName=Microsoft Windows security auditing.\nType=Information\nRecordNumber=24619\nKeywords=Audit Success\nTaskCategory=Special Logon\nOpCode=Info\nMessage=Special privileges assigned to new logon.\r\n\r\nSubject:\r\n\tSecurity ID:\t\tS-1-5-18\r\n\tAccount Name:\t\tDC-01$\r\n\tAccount Domain:\t\tmiacsdomain\r\n\tLogon ID:\t\t0xB892EA\r\n\r\nPrivileges:\t\tSeSecurityPrivilege\r\n\t\t\tSeBackupPrivilege\r\n\t\t\tSeRestorePrivilege\r\n\t\t\tSeTakeOwnershipPrivilege\r\n\t\t\tSeDebugPrivilege\r\n\t\t\tSeSystemEnvironmentPrivilege\r\n\t\t\tSeLoadDriverPrivilege\r\n\t\t\tSeImpersonatePrivilege\r\n\t\t\tSeDelegateSessionUserImpersonatePrivilege\r\n\t\t\tSeEnableDelegationPrivilege","_time":"2026-08-27T05:32:49.599+0200","host":"DC-01","index":"main","linecount":"29","punct":"//_::._====-..=___.===_=_==_____.\\r\\r:\\rt_:tt---\\rt_:t","source":"WinEventLog:Security","sourcetype":"WinEventLog:Security","splunk_server":"splunk-virtual-machine"}}
{"preview":false,"result":{"Account_Domain":"miacsdomain","Account_Name":"DC-01$","ComputerName":"DC-01.miacsdomain.com","EventCode":"4672","EventType":"0","Keywords":"Audit Success","LogName":"Security","Logon_ID":"0xB892E9","Message":"Special privileges assigned to new logon.\r\n\r\nSubject:\r\n\tSecurity ID:\t\tS-1-5-18\r\n\tAccount Name:\t\tDC-01$\r\n\tAccount Domain:\t\tmiacsdomain\r\n\tLogon ID:\t\t0xB892E9\r\n\r\nPrivileges:\t\tSeSecurityPrivilege\r\n\t\t\tSeBackupPrivilege\r\n\t\t\tSeRestorePrivilege\r\n\t\t\tSeTakeOwnershipPrivilege\r\n\t\t\tSeDebugPrivilege\r\n\t\t\tSeSystemEnvironmentPrivilege\r\n\t\t\tSeLoadDriverPrivilege\r\n\t\t\tSeImpersonatePrivilege\r\n\t\t\tSeDelegateSessionUserImpersonatePrivilege\r\n\t\t\tSeEnableDelegationPrivilege","OpCode":"Info","Privileges":"SeSecurityPrivilege","RecordNumber":"24618","Security_ID":"S-1-5-18","SourceName":"Microsoft Windows security auditing.","TaskCategory":"Special Logon","Type":"Information","_raw":"08/27/2026 05:32:49.599 AM\nLogName=Security\nEventCode=4672\nEventType=0\nComputerName=DC-01.miacsdomain.com\nSourceName=Microsoft Windows security auditing.\nType=Information\nRecordNumber=24618\nKeywords=Audit Success\nTaskCategory=Special Logon\nOpCode=Info\nMessage=Special privileges assigned to new logon.\r\n\r\nSubject:\r\n\tSecurity ID:\t\tS-1-5-18\r\n\tAccount Name:\t\tDC-01$\r\n\tAccount Domain:\t\tmiacsdomain\r\n\tLogon ID:\t\t0xB892E9\r\n\r\nPrivileges:\t\tSeSecurityPrivilege\r\n\t\t\tSeBackupPrivilege\r\n\t\t\tSeRestorePrivilege\r\n\t\t\tSeTakeOwnershipPrivilege\r\n\t\t\tSeDebugPrivilege\r\n\t\t\tSeSystemEnvironmentPrivilege\r\n\t\t\tSeLoadDriverPrivilege\r\n\t\t\tSeImpersonatePrivilege\r\n\t\t\tSeDelegateSessionUserImpersonatePrivilege\r\n\t\t\tSeEnableDelegationPrivilege","_time":"2026-08-27T05:32:49.599+0200","host":"DC-01","index":"main","linecount":"29","punct":"//_::._====-..=___.===_=_==_____.\\r\\r:\\rt_:tt---\\rt_:t","source":"WinEventLog:Security","sourcetype":"WinEventLog:Security","splunk_server":"splunk-virtual-machine"}}
{"preview":false,"result":{"ComputerName":"Win-10.miacsdomain.com","EventCode":"4103","EventType":"4","Keywords":"None","LogName":"Microsoft-Windows-PowerShell/Operational","Message":"CommandInvocation(Get-ChildItem): \"Get-ChildItem\"\r\nParameterBinding(Get-ChildItem): name=\"ErrorAction\"; value=\"Ignore\"\r\nParameterBinding(Get-ChildItem): name=\"WarningAction\"; value=\"Ignore\"\r\nParameterBinding(Get-ChildItem): name=\"InformationAction\"; value=\"Ignore\"\r\nParameterBinding(Get-ChildItem): name=\"Verbose\"; value=\"False\"\r\nParameterBinding(Get-ChildItem): name=\"Debug\"; value=\"False\"\r\nParameterBinding(Get-ChildItem): name=\"Path\"; value=\"C:\\Users*\\Doc*\"\r\nParameterBinding(Get-ChildItem): name=\"Hidden\"; value=\"True\"\r\n\r\n\r\nContext:\r\n        Severity = Informational\r\n        Host Name = ConsoleHost\r\n        Host Version = 5.1.19041.3803\r\n        Host ID = 0fb12970-e2be-4290-be86-eded5aac6150\r\n        Host Application = C:\\Windows\\System32\\WindowsPowerShell\\v1.0\\powershell.exe\r\n        Engine Version = 5.1.19041.3803\r\n        Runspace ID = a742bf80-d4d6-4398-99ef-eea003b6b50d\r\n        Pipeline ID = 102\r\n        Command Name = Get-ChildItem\r\n        Command Type = Cmdlet\r\n        Script Name = \r\n        Command Path = \r\n        Sequence Number = 518\r\n        User = miacsdomain\\mgarcia\r\n        Connected User = \r\n        Shell ID = Microsoft.PowerShell\r\n\r\n\r\nUser Data:","OpCode":"To be used when operation is just executing a method","ParameterBinding_Get_ChildItem_":["name=\"ErrorAction\"; value=\"Ignore\"","name=\"WarningAction\"; value=\"Ignore\"","name=\"InformationAction\"; value=\"Ignore\"","name=\"Verbose\"; value=\"False\"","name=\"Debug\"; value=\"False\"","name=\"Path\"; value=\"C:\\Users*\\Doc*\"","name=\"Hidden\"; value=\"True\""],"RecordNumber":"14461","Sid":"S-1-5-21-246749117-2054088174-1189330396-1110","SidType":"0","SourceName":"Microsoft-Windows-PowerShell","TaskCategory":"Executing Pipeline","Type":"Information","User":"NOT_TRANSLATED","_raw":"08/27/2026 05:32:47.406 AM\nLogName=Microsoft-Windows-PowerShell/Operational\nEventCode=4103\nEventType=4\nComputerName=Win-10.miacsdomain.com\nUser=NOT_TRANSLATED\nSid=S-1-5-21-246749117-2054088174-1189330396-1110\nSidType=0\nSourceName=Microsoft-Windows-PowerShell\nType=Information\nRecordNumber=14461\nKeywords=None\nTaskCategory=Executing Pipeline\nOpCode=To be used when operation is just executing a method\nMessage=CommandInvocation(Get-ChildItem): \"Get-ChildItem\"\r\nParameterBinding(Get-ChildItem): name=\"ErrorAction\"; value=\"Ignore\"\r\nParameterBinding(Get-ChildItem): name=\"WarningAction\"; value=\"Ignore\"\r\nParameterBinding(Get-ChildItem): name=\"InformationAction\"; value=\"Ignore\"\r\nParameterBinding(Get-ChildItem): name=\"Verbose\"; value=\"False\"\r\nParameterBinding(Get-ChildItem): name=\"Debug\"; value=\"False\"\r\nParameterBinding(Get-ChildItem): name=\"Path\"; value=\"C:\\Users*\\Doc*\"\r\nParameterBinding(Get-ChildItem): name=\"Hidden\"; value=\"True\"\r\n\r\n\r\nContext:\r\n        Severity = Informational\r\n        Host Name = ConsoleHost\r\n        Host Version = 5.1.19041.3803\r\n        Host ID = 0fb12970-e2be-4290-be86-eded5aac6150\r\n        Host Application = C:\\Windows\\System32\\WindowsPowerShell\\v1.0\\powershell.exe\r\n        Engine Version = 5.1.19041.3803\r\n        Runspace ID = a742bf80-d4d6-4398-99ef-eea003b6b50d\r\n        Pipeline ID = 102\r\n        Command Name = Get-ChildItem\r\n        Command Type = Cmdlet\r\n        Script Name = \r\n        Command Path = \r\n        Sequence Number = 518\r\n        User = miacsdomain\\mgarcia\r\n        Connected User = \r\n        Shell ID = Microsoft.PowerShell\r\n\r\n\r\nUser Data:","_time":"2026-08-27T05:32:47.406+0200","host":"Win-10","index":"main","linecount":"44","punct":"//_::._=--/===-..==-------==--====_=_________=(-):","source":"WinEventLog:Microsoft-Windows-PowerShell/Operational","sourcetype":"WinEventLog:Microsoft-Windows-PowerShell/Operational","splunk_server":"splunk-virtual-machine"}}
