{"preview":false,"result":{"ComputerName":"Win-10.miacsdomain.com","EventCode":"4103","EventType":"4","Keywords":"None","LogName":"Microsoft-Windows-PowerShell/Operational","Message":"CommandInvocation(Get-ChildItem): \"Get-ChildItem\"\r\nParameterBinding(Get-ChildItem): name=\"ErrorAction\"; value=\"Ignore\"\r\nParameterBinding(Get-ChildItem): name=\"WarningAction\"; value=\"Ignore\"\r\nParameterBinding(Get-ChildItem): name=\"InformationAction\"; value=\"Ignore\"\r\nParameterBinding(Get-ChildItem): name=\"Verbose\"; value=\"False\"\r\nParameterBinding(Get-ChildItem): name=\"Debug\"; value=\"False\"\r\nParameterBinding(Get-ChildItem): name=\"Path\"; value=\"C:\\Temp\\stagin*\"\r\nParameterBinding(Get-ChildItem): name=\"Hidden\"; value=\"True\"\r\n\r\n\r\nContext:\r\n        Severity = Informational\r\n        Host Name = ConsoleHost\r\n        Host Version = 5.1.19041.3803\r\n        Host ID = 0fb12970-e2be-4290-be86-eded5aac6150\r\n        Host Application = C:\\Windows\\System32\\WindowsPowerShell\\v1.0\\powershell.exe\r\n        Engine Version = 5.1.19041.3803\r\n        Runspace ID = a742bf80-d4d6-4398-99ef-eea003b6b50d\r\n        Pipeline ID = 28\r\n        Command Name = Get-ChildItem\r\n        Command Type = Cmdlet\r\n        Script Name = \r\n        Command Path = \r\n        Sequence Number = 420\r\n        User = miacsdomain\\mgarcia\r\n        Connected User = \r\n        Shell ID = Microsoft.PowerShell\r\n\r\n\r\nUser Data:","OpCode":"To be used when operation is just executing a method","ParameterBinding_Get_ChildItem_":["name=\"ErrorAction\"; value=\"Ignore\"","name=\"WarningAction\"; value=\"Ignore\"","name=\"InformationAction\"; value=\"Ignore\"","name=\"Verbose\"; value=\"False\"","name=\"Debug\"; value=\"False\"","name=\"Path\"; value=\"C:\\Temp\\stagin*\"","name=\"Hidden\"; value=\"True\""],"RecordNumber":"14401","Sid":"S-1-5-21-246749117-2054088174-1189330396-1110","SidType":"0","SourceName":"Microsoft-Windows-PowerShell","TaskCategory":"Executing Pipeline","Type":"Information","User":"NOT_TRANSLATED","_raw":"08/27/2026 05:30:40.508 AM\nLogName=Microsoft-Windows-PowerShell/Operational\nEventCode=4103\nEventType=4\nComputerName=Win-10.miacsdomain.com\nUser=NOT_TRANSLATED\nSid=S-1-5-21-246749117-2054088174-1189330396-1110\nSidType=0\nSourceName=Microsoft-Windows-PowerShell\nType=Information\nRecordNumber=14401\nKeywords=None\nTaskCategory=Executing Pipeline\nOpCode=To be used when operation is just executing a method\nMessage=CommandInvocation(Get-ChildItem): \"Get-ChildItem\"\r\nParameterBinding(Get-ChildItem): name=\"ErrorAction\"; value=\"Ignore\"\r\nParameterBinding(Get-ChildItem): name=\"WarningAction\"; value=\"Ignore\"\r\nParameterBinding(Get-ChildItem): name=\"InformationAction\"; value=\"Ignore\"\r\nParameterBinding(Get-ChildItem): name=\"Verbose\"; value=\"False\"\r\nParameterBinding(Get-ChildItem): name=\"Debug\"; value=\"False\"\r\nParameterBinding(Get-ChildItem): name=\"Path\"; value=\"C:\\Temp\\stagin*\"\r\nParameterBinding(Get-ChildItem): name=\"Hidden\"; value=\"True\"\r\n\r\n\r\nContext:\r\n        Severity = Informational\r\n        Host Name = ConsoleHost\r\n        Host Version = 5.1.19041.3803\r\n        Host ID = 0fb12970-e2be-4290-be86-eded5aac6150\r\n        Host Application = C:\\Windows\\System32\\WindowsPowerShell\\v1.0\\powershell.exe\r\n        Engine Version = 5.1.19041.3803\r\n        Runspace ID = a742bf80-d4d6-4398-99ef-eea003b6b50d\r\n        Pipeline ID = 28\r\n        Command Name = Get-ChildItem\r\n        Command Type = Cmdlet\r\n        Script Name = \r\n        Command Path = \r\n        Sequence Number = 420\r\n        User = miacsdomain\\mgarcia\r\n        Connected User = \r\n        Shell ID = Microsoft.PowerShell\r\n\r\n\r\nUser Data:","_time":"2026-08-27T05:30:40.508+0200","host":"Win-10","index":"main","linecount":"44","punct":"//_::._=--/===-..==-------==--====_=_________=(-):","source":"WinEventLog:Microsoft-Windows-PowerShell/Operational","sourcetype":"WinEventLog:Microsoft-Windows-PowerShell/Operational","splunk_server":"splunk-virtual-machine"}}
{"preview":false,"result":{"ComputerName":"Win-10.miacsdomain.com","EventCode":"4103","EventType":"4","Keywords":"None","LogName":"Microsoft-Windows-PowerShell/Operational","Message":"CommandInvocation(Resolve-Path): \"Resolve-Path\"\r\nParameterBinding(Resolve-Path): name=\"ErrorAction\"; value=\"Ignore\"\r\nParameterBinding(Resolve-Path): name=\"WarningAction\"; value=\"Ignore\"\r\nParameterBinding(Resolve-Path): name=\"InformationAction\"; value=\"Ignore\"\r\nParameterBinding(Resolve-Path): name=\"Verbose\"; value=\"False\"\r\nParameterBinding(Resolve-Path): name=\"Debug\"; value=\"False\"\r\nParameterBinding(Resolve-Path): name=\"Path\"; value=\"C:\\Temp\\stagin*\"\r\n\r\n\r\nContext:\r\n        Severity = Informational\r\n        Host Name = ConsoleHost\r\n        Host Version = 5.1.19041.3803\r\n        Host ID = 0fb12970-e2be-4290-be86-eded5aac6150\r\n        Host Application = C:\\Windows\\System32\\WindowsPowerShell\\v1.0\\powershell.exe\r\n        Engine Version = 5.1.19041.3803\r\n        Runspace ID = a742bf80-d4d6-4398-99ef-eea003b6b50d\r\n        Pipeline ID = 27\r\n        Command Name = Resolve-Path\r\n        Command Type = Cmdlet\r\n        Script Name = \r\n        Command Path = \r\n        Sequence Number = 418\r\n        User = miacsdomain\\mgarcia\r\n        Connected User = \r\n        Shell ID = Microsoft.PowerShell\r\n\r\n\r\nUser Data:","OpCode":"To be used when operation is just executing a method","ParameterBinding_Resolve_Path_":["name=\"ErrorAction\"; value=\"Ignore\"","name=\"WarningAction\"; value=\"Ignore\"","name=\"InformationAction\"; value=\"Ignore\"","name=\"Verbose\"; value=\"False\"","name=\"Debug\"; value=\"False\"","name=\"Path\"; value=\"C:\\Temp\\stagin*\""],"RecordNumber":"14400","Sid":"S-1-5-21-246749117-2054088174-1189330396-1110","SidType":"0","SourceName":"Microsoft-Windows-PowerShell","TaskCategory":"Executing Pipeline","Type":"Information","User":"NOT_TRANSLATED","_raw":"08/27/2026 05:30:40.507 AM\nLogName=Microsoft-Windows-PowerShell/Operational\nEventCode=4103\nEventType=4\nComputerName=Win-10.miacsdomain.com\nUser=NOT_TRANSLATED\nSid=S-1-5-21-246749117-2054088174-1189330396-1110\nSidType=0\nSourceName=Microsoft-Windows-PowerShell\nType=Information\nRecordNumber=14400\nKeywords=None\nTaskCategory=Executing Pipeline\nOpCode=To be used when operation is just executing a method\nMessage=CommandInvocation(Resolve-Path): \"Resolve-Path\"\r\nParameterBinding(Resolve-Path): name=\"ErrorAction\"; value=\"Ignore\"\r\nParameterBinding(Resolve-Path): name=\"WarningAction\"; value=\"Ignore\"\r\nParameterBinding(Resolve-Path): name=\"InformationAction\"; value=\"Ignore\"\r\nParameterBinding(Resolve-Path): name=\"Verbose\"; value=\"False\"\r\nParameterBinding(Resolve-Path): name=\"Debug\"; value=\"False\"\r\nParameterBinding(Resolve-Path): name=\"Path\"; value=\"C:\\Temp\\stagin*\"\r\n\r\n\r\nContext:\r\n        Severity = Informational\r\n        Host Name = ConsoleHost\r\n        Host Version = 5.1.19041.3803\r\n        Host ID = 0fb12970-e2be-4290-be86-eded5aac6150\r\n        Host Application = C:\\Windows\\System32\\WindowsPowerShell\\v1.0\\powershell.exe\r\n        Engine Version = 5.1.19041.3803\r\n        Runspace ID = a742bf80-d4d6-4398-99ef-eea003b6b50d\r\n        Pipeline ID = 27\r\n        Command Name = Resolve-Path\r\n        Command Type = Cmdlet\r\n        Script Name = \r\n        Command Path = \r\n        Sequence Number = 418\r\n        User = miacsdomain\\mgarcia\r\n        Connected User = \r\n        Shell ID = Microsoft.PowerShell\r\n\r\n\r\nUser Data:","_time":"2026-08-27T05:30:40.507+0200","host":"Win-10","index":"main","linecount":"43","punct":"//_::._=--/===-..==-------==--====_=_________=(-):","source":"WinEventLog:Microsoft-Windows-PowerShell/Operational","sourcetype":"WinEventLog:Microsoft-Windows-PowerShell/Operational","splunk_server":"splunk-virtual-machine"}}
{"preview":false,"result":{"ComputerName":"Win-10.miacsdomain.com","EventCode":"22","EventType":"4","Image":"C:\\Windows\\System32\\dsregcmd.exe","Keywords":"None","LogName":"Microsoft-Windows-Sysmon/Operational","Message":"Dns query:\r\nRuleName: -\r\nUtcTime: 2026-08-27 03:30:38.405\r\nProcessGuid: {3f87e246-af5d-6a8f-b102-000000001600}\r\nProcessId: 4824\r\nQueryName: DC-01.miacsdomain.com\r\nQueryStatus: 0\r\nQueryResults: ::ffff:192.168.100.20;\r\nImage: C:\\Windows\\System32\\dsregcmd.exe\r\nUser: NT AUTHORITY\\SYSTEM","OpCode":"Info","ProcessGuid":"{3f87e246-af5d-6a8f-b102-000000001600}","ProcessId":"4824","QueryName":"DC-01.miacsdomain.com","QueryResults":"::ffff:192.168.100.20;","QueryStatus":"0","RecordNumber":"32703","RuleName":"-","Sid":"S-1-5-18","SidType":"0","SourceName":"Microsoft-Windows-Sysmon","TaskCategory":"Dns query (rule: DnsQuery)","Type":"Information","User":["NOT_TRANSLATED","NT AUTHORITY\\SYSTEM"],"UtcTime":"2026-08-27 03:30:38.405","_raw":"08/27/2026 05:30:38.764 AM\nLogName=Microsoft-Windows-Sysmon/Operational\nEventCode=22\nEventType=4\nComputerName=Win-10.miacsdomain.com\nUser=NOT_TRANSLATED\nSid=S-1-5-18\nSidType=0\nSourceName=Microsoft-Windows-Sysmon\nType=Information\nRecordNumber=32703\nKeywords=None\nTaskCategory=Dns query (rule: DnsQuery)\nOpCode=Info\nMessage=Dns query:\r\nRuleName: -\r\nUtcTime: 2026-08-27 03:30:38.405\r\nProcessGuid: {3f87e246-af5d-6a8f-b102-000000001600}\r\nProcessId: 4824\r\nQueryName: DC-01.miacsdomain.com\r\nQueryStatus: 0\r\nQueryResults: ::ffff:192.168.100.20;\r\nImage: C:\\Windows\\System32\\dsregcmd.exe\r\nUser: NT AUTHORITY\\SYSTEM","_time":"2026-08-27T05:30:38.764+0200","host":"Win-10","index":"main","linecount":"24","punct":"//_::._=--/===-..==---==--====__(:_)==_:\\r:_-\\r:_--_","source":"WinEventLog:Microsoft-Windows-Sysmon/Operational","sourcetype":"WinEventLog:Microsoft-Windows-Sysmon/Operational","splunk_server":"splunk-virtual-machine"}}
{"preview":false,"result":{"ComputerName":"Win-10.miacsdomain.com","EventCode":"22","EventType":"4","Image":"<unknown process>","Keywords":"None","LogName":"Microsoft-Windows-Sysmon/Operational","Message":"Dns query:\r\nRuleName: -\r\nUtcTime: 2026-08-27 03:30:38.400\r\nProcessGuid: {3f87e246-af5d-6a8f-b102-000000001600}\r\nProcessId: 4824\r\nQueryName: DC-01.miacsdomain.com\r\nQueryStatus: 0\r\nQueryResults: ::ffff:192.168.100.20;\r\nImage: <unknown process>\r\nUser: NT AUTHORITY\\SYSTEM","OpCode":"Info","ProcessGuid":"{3f87e246-af5d-6a8f-b102-000000001600}","ProcessId":"4824","QueryName":"DC-01.miacsdomain.com","QueryResults":"::ffff:192.168.100.20;","QueryStatus":"0","RecordNumber":"32702","RuleName":"-","Sid":"S-1-5-18","SidType":"0","SourceName":"Microsoft-Windows-Sysmon","TaskCategory":"Dns query (rule: DnsQuery)","Type":"Information","User":["NOT_TRANSLATED","NT AUTHORITY\\SYSTEM"],"UtcTime":"2026-08-27 03:30:38.400","_raw":"08/27/2026 05:30:38.764 AM\nLogName=Microsoft-Windows-Sysmon/Operational\nEventCode=22\nEventType=4\nComputerName=Win-10.miacsdomain.com\nUser=NOT_TRANSLATED\nSid=S-1-5-18\nSidType=0\nSourceName=Microsoft-Windows-Sysmon\nType=Information\nRecordNumber=32702\nKeywords=None\nTaskCategory=Dns query (rule: DnsQuery)\nOpCode=Info\nMessage=Dns query:\r\nRuleName: -\r\nUtcTime: 2026-08-27 03:30:38.400\r\nProcessGuid: {3f87e246-af5d-6a8f-b102-000000001600}\r\nProcessId: 4824\r\nQueryName: DC-01.miacsdomain.com\r\nQueryStatus: 0\r\nQueryResults: ::ffff:192.168.100.20;\r\nImage: <unknown process>\r\nUser: NT AUTHORITY\\SYSTEM","_time":"2026-08-27T05:30:38.764+0200","host":"Win-10","index":"main","linecount":"24","punct":"//_::._=--/===-..==---==--====__(:_)==_:\\r:_-\\r:_--_","source":"WinEventLog:Microsoft-Windows-Sysmon/Operational","sourcetype":"WinEventLog:Microsoft-Windows-Sysmon/Operational","splunk_server":"splunk-virtual-machine"}}
{"preview":false,"result":{"Account_Domain":"miacsdomain","Account_Name":"WIN-10$","ComputerName":"DC-01.miacsdomain.com","EventCode":"4634","EventType":"0","Keywords":"Audit Success","LogName":"Security","Logon_ID":"0xB7AC27","Logon_Type":"3","Message":"An account was logged off.\r\n\r\nSubject:\r\n\tSecurity ID:\t\tS-1-5-21-246749117-2054088174-1189330396-1104\r\n\tAccount Name:\t\tWIN-10$\r\n\tAccount Domain:\t\tmiacsdomain\r\n\tLogon ID:\t\t0xB7AC27\r\n\r\nLogon Type:\t\t\t3\r\n\r\nThis event is generated when a logon session is destroyed. It may be positively correlated with a logon event using the Logon ID value. Logon IDs are only unique between reboots on the same computer.","OpCode":"Info","RecordNumber":"24611","Security_ID":"S-1-5-21-246749117-2054088174-1189330396-1104","SourceName":"Microsoft Windows security auditing.","TaskCategory":"Logoff","Type":"Information","_raw":"08/27/2026 05:30:38.170 AM\nLogName=Security\nEventCode=4634\nEventType=0\nComputerName=DC-01.miacsdomain.com\nSourceName=Microsoft Windows security auditing.\nType=Information\nRecordNumber=24611\nKeywords=Audit Success\nTaskCategory=Logoff\nOpCode=Info\nMessage=An account was logged off.\r\n\r\nSubject:\r\n\tSecurity ID:\t\tS-1-5-21-246749117-2054088174-1189330396-1104\r\n\tAccount Name:\t\tWIN-10$\r\n\tAccount Domain:\t\tmiacsdomain\r\n\tLogon ID:\t\t0xB7AC27\r\n\r\nLogon Type:\t\t\t3\r\n\r\nThis event is generated when a logon session is destroyed. It may be positively correlated with a logon event using the Logon ID value. Logon IDs are only unique between reboots on the same computer.","_time":"2026-08-27T05:30:38.170+0200","host":"DC-01","index":"main","linecount":"22","punct":"//_::._====-..=___.===_===____.\\r\\r:\\rt_:tt-------\\rt_","source":"WinEventLog:Security","sourcetype":"WinEventLog:Security","splunk_server":"splunk-virtual-machine"}}
{"preview":false,"result":{"Account_Domain":"miacsdomain","Account_Name":"WIN-10$","ComputerName":"DC-01.miacsdomain.com","EventCode":"4634","EventType":"0","Keywords":"Audit Success","LogName":"Security","Logon_ID":"0xB7AC41","Logon_Type":"3","Message":"An account was logged off.\r\n\r\nSubject:\r\n\tSecurity ID:\t\tS-1-5-21-246749117-2054088174-1189330396-1104\r\n\tAccount Name:\t\tWIN-10$\r\n\tAccount Domain:\t\tmiacsdomain\r\n\tLogon ID:\t\t0xB7AC41\r\n\r\nLogon Type:\t\t\t3\r\n\r\nThis event is generated when a logon session is destroyed. It may be positively correlated with a logon event using the Logon ID value. Logon IDs are only unique between reboots on the same computer.","OpCode":"Info","RecordNumber":"24610","Security_ID":"S-1-5-21-246749117-2054088174-1189330396-1104","SourceName":"Microsoft Windows security auditing.","TaskCategory":"Logoff","Type":"Information","_raw":"08/27/2026 05:30:38.167 AM\nLogName=Security\nEventCode=4634\nEventType=0\nComputerName=DC-01.miacsdomain.com\nSourceName=Microsoft Windows security auditing.\nType=Information\nRecordNumber=24610\nKeywords=Audit Success\nTaskCategory=Logoff\nOpCode=Info\nMessage=An account was logged off.\r\n\r\nSubject:\r\n\tSecurity ID:\t\tS-1-5-21-246749117-2054088174-1189330396-1104\r\n\tAccount Name:\t\tWIN-10$\r\n\tAccount Domain:\t\tmiacsdomain\r\n\tLogon ID:\t\t0xB7AC41\r\n\r\nLogon Type:\t\t\t3\r\n\r\nThis event is generated when a logon session is destroyed. It may be positively correlated with a logon event using the Logon ID value. Logon IDs are only unique between reboots on the same computer.","_time":"2026-08-27T05:30:38.167+0200","host":"DC-01","index":"main","linecount":"22","punct":"//_::._====-..=___.===_===____.\\r\\r:\\rt_:tt-------\\rt_","source":"WinEventLog:Security","sourcetype":"WinEventLog:Security","splunk_server":"splunk-virtual-machine"}}
{"preview":false,"result":{"Account_Domain":"miacsdomain","Account_Name":"WIN-10$","ComputerName":"DC-01.miacsdomain.com","EventCode":"4634","EventType":"0","Keywords":"Audit Success","LogName":"Security","Logon_ID":"0xB7AC53","Logon_Type":"3","Message":"An account was logged off.\r\n\r\nSubject:\r\n\tSecurity ID:\t\tS-1-5-21-246749117-2054088174-1189330396-1104\r\n\tAccount Name:\t\tWIN-10$\r\n\tAccount Domain:\t\tmiacsdomain\r\n\tLogon ID:\t\t0xB7AC53\r\n\r\nLogon Type:\t\t\t3\r\n\r\nThis event is generated when a logon session is destroyed. It may be positively correlated with a logon event using the Logon ID value. Logon IDs are only unique between reboots on the same computer.","OpCode":"Info","RecordNumber":"24609","Security_ID":"S-1-5-21-246749117-2054088174-1189330396-1104","SourceName":"Microsoft Windows security auditing.","TaskCategory":"Logoff","Type":"Information","_raw":"08/27/2026 05:30:38.167 AM\nLogName=Security\nEventCode=4634\nEventType=0\nComputerName=DC-01.miacsdomain.com\nSourceName=Microsoft Windows security auditing.\nType=Information\nRecordNumber=24609\nKeywords=Audit Success\nTaskCategory=Logoff\nOpCode=Info\nMessage=An account was logged off.\r\n\r\nSubject:\r\n\tSecurity ID:\t\tS-1-5-21-246749117-2054088174-1189330396-1104\r\n\tAccount Name:\t\tWIN-10$\r\n\tAccount Domain:\t\tmiacsdomain\r\n\tLogon ID:\t\t0xB7AC53\r\n\r\nLogon Type:\t\t\t3\r\n\r\nThis event is generated when a logon session is destroyed. It may be positively correlated with a logon event using the Logon ID value. Logon IDs are only unique between reboots on the same computer.","_time":"2026-08-27T05:30:38.167+0200","host":"DC-01","index":"main","linecount":"22","punct":"//_::._====-..=___.===_===____.\\r\\r:\\rt_:tt-------\\rt_","source":"WinEventLog:Security","sourcetype":"WinEventLog:Security","splunk_server":"splunk-virtual-machine"}}
{"preview":false,"result":{"Account_Domain":["-","MIACSDOMAIN.COM"],"Account_Name":["-","WIN-10$"],"Authentication_Package":"Kerberos","ComputerName":"DC-01.miacsdomain.com","Elevated_Token":"Yes","EventCode":"4624","EventType":"0","Impersonation_Level":"Impersonation","Key_Length":"0","Keywords":"Audit Success","Linked_Logon_ID":"0x0","LogName":"Security","Logon_GUID":"{665762d2-8944-1e00-85af-6aae346e8738}","Logon_ID":["0x0","0xB7AC53"],"Logon_Process":"Kerberos","Logon_Type":"3","Message":"An account was successfully logged on.\r\n\r\nSubject:\r\n\tSecurity ID:\t\tS-1-0-0\r\n\tAccount Name:\t\t-\r\n\tAccount Domain:\t\t-\r\n\tLogon ID:\t\t0x0\r\n\r\nLogon Information:\r\n\tLogon Type:\t\t3\r\n\tRestricted Admin Mode:\t-\r\n\tVirtual Account:\t\tNo\r\n\tElevated Token:\t\tYes\r\n\r\nImpersonation Level:\t\tImpersonation\r\n\r\nNew Logon:\r\n\tSecurity ID:\t\tS-1-5-21-246749117-2054088174-1189330396-1104\r\n\tAccount Name:\t\tWIN-10$\r\n\tAccount Domain:\t\tMIACSDOMAIN.COM\r\n\tLogon ID:\t\t0xB7AC53\r\n\tLinked Logon ID:\t\t0x0\r\n\tNetwork Account Name:\t-\r\n\tNetwork Account Domain:\t-\r\n\tLogon GUID:\t\t{665762d2-8944-1e00-85af-6aae346e8738}\r\n\r\nProcess Information:\r\n\tProcess ID:\t\t0x0\r\n\tProcess Name:\t\t-\r\n\r\nNetwork Information:\r\n\tWorkstation Name:\t-\r\n\tSource Network Address:\t192.168.100.10\r\n\tSource Port:\t\t63917\r\n\r\nDetailed Authentication Information:\r\n\tLogon Process:\t\tKerberos\r\n\tAuthentication Package:\tKerberos\r\n\tTransited Services:\t-\r\n\tPackage Name (NTLM only):\t-\r\n\tKey Length:\t\t0\r\n\r\nThis event is generated when a logon session is created. It is generated on the computer that was accessed.\r\n\r\nThe subject fields indicate the account on the local system which requested the logon. This is most commonly a service such as the Server service, or a local process such as Winlogon.exe or Services.exe.\r\n\r\nThe logon type field indicates the kind of logon that occurred. The most common types are 2 (interactive) and 3 (network).\r\n\r\nThe New Logon fields indicate the account for whom the new logon was created, i.e. the account that was logged on.\r\n\r\nThe network fields indicate where a remote logon request originated. Workstation name is not always available and may be left blank in some cases.\r\n\r\nThe impersonation level field indicates the extent to which a process in the logon session can impersonate.\r\n\r\nThe authentication information fields provide detailed information about this specific logon request.\r\n\t- Logon GUID is a unique identifier that can be used to correlate this event with a KDC event.\r\n\t- Transited services indicate which intermediate services have participated in this logon request.\r\n\t- Package name indicates which sub-protocol was used among the NTLM protocols.\r\n\t- Key length indicates the length of the generated session key. This will be 0 if no session key was requested.","Network_Account_Domain":"-","Network_Account_Name":"-","OpCode":"Info","Package_Name__NTLM_only_":"-","Process_ID":"0x0","Process_Name":"-","RecordNumber":"24608","Restricted_Admin_Mode":"-","Security_ID":["S-1-0-0","S-1-5-21-246749117-2054088174-1189330396-1104"],"SourceName":"Microsoft Windows security auditing.","Source_Network_Address":"192.168.100.10","Source_Port":"63917","TaskCategory":"Logon","Transited_Services":"-","Type":"Information","Virtual_Account":"No","Workstation_Name":"-","_raw":"08/27/2026 05:30:38.165 AM\nLogName=Security\nEventCode=4624\nEventType=0\nComputerName=DC-01.miacsdomain.com\nSourceName=Microsoft Windows security auditing.\nType=Information\nRecordNumber=24608\nKeywords=Audit Success\nTaskCategory=Logon\nOpCode=Info\nMessage=An account was successfully logged on.\r\n\r\nSubject:\r\n\tSecurity ID:\t\tS-1-0-0\r\n\tAccount Name:\t\t-\r\n\tAccount Domain:\t\t-\r\n\tLogon ID:\t\t0x0\r\n\r\nLogon Information:\r\n\tLogon Type:\t\t3\r\n\tRestricted Admin Mode:\t-\r\n\tVirtual Account:\t\tNo\r\n\tElevated Token:\t\tYes\r\n\r\nImpersonation Level:\t\tImpersonation\r\n\r\nNew Logon:\r\n\tSecurity ID:\t\tS-1-5-21-246749117-2054088174-1189330396-1104\r\n\tAccount Name:\t\tWIN-10$\r\n\tAccount Domain:\t\tMIACSDOMAIN.COM\r\n\tLogon ID:\t\t0xB7AC53\r\n\tLinked Logon ID:\t\t0x0\r\n\tNetwork Account Name:\t-\r\n\tNetwork Account Domain:\t-\r\n\tLogon GUID:\t\t{665762d2-8944-1e00-85af-6aae346e8738}\r\n\r\nProcess Information:\r\n\tProcess ID:\t\t0x0\r\n\tProcess Name:\t\t-\r\n\r\nNetwork Information:\r\n\tWorkstation Name:\t-\r\n\tSource Network Address:\t192.168.100.10\r\n\tSource Port:\t\t63917\r\n\r\nDetailed Authentication Information:\r\n\tLogon Process:\t\tKerberos\r\n\tAuthentication Package:\tKerberos\r\n\tTransited Services:\t-\r\n\tPackage Name (NTLM only):\t-\r\n\tKey Length:\t\t0\r\n\r\nThis event is generated when a logon session is created. It is generated on the computer that was accessed.\r\n\r\nThe subject fields indicate the account on the local system which requested the logon. This is most commonly a service such as the Server service, or a local process such as Winlogon.exe or Services.exe.\r\n\r\nThe logon type field indicates the kind of logon that occurred. The most common types are 2 (interactive) and 3 (network).\r\n\r\nThe New Logon fields indicate the account for whom the new logon was created, i.e. the account that was logged on.\r\n\r\nThe network fields indicate where a remote logon request originated. Workstation name is not always available and may be left blank in some cases.\r\n\r\nThe impersonation level field indicates the extent to which a process in the logon session can impersonate.\r\n\r\nThe authentication information fields provide detailed information about this specific logon request.\r\n\t- Logon GUID is a unique identifier that can be used to correlate this event with a KDC event.\r\n\t- Transited services indicate which intermediate services have participated in this logon request.\r\n\t- Package name indicates which sub-protocol was used among the NTLM protocols.\r\n\t- Key length indicates the length of the generated session key. This will be 0 if no session key was requested.","_time":"2026-08-27T05:30:38.165+0200","host":"DC-01","index":"main","linecount":"70","punct":"//_::._====-..=___.===_===_____.\\r\\r:\\rt_:tt---\\rt_:tt","source":"WinEventLog:Security","sourcetype":"WinEventLog:Security","splunk_server":"splunk-virtual-machine"}}
{"preview":false,"result":{"Account_Domain":["-","MIACSDOMAIN.COM"],"Account_Name":["-","WIN-10$"],"Authentication_Package":"Kerberos","ComputerName":"DC-01.miacsdomain.com","Elevated_Token":"Yes","EventCode":"4624","EventType":"0","Impersonation_Level":"Impersonation","Key_Length":"0","Keywords":"Audit Success","Linked_Logon_ID":"0x0","LogName":"Security","Logon_GUID":"{665762d2-8944-1e00-85af-6aae346e8738}","Logon_ID":["0x0","0xB7AC41"],"Logon_Process":"Kerberos","Logon_Type":"3","Message":"An account was successfully logged on.\r\n\r\nSubject:\r\n\tSecurity ID:\t\tS-1-0-0\r\n\tAccount Name:\t\t-\r\n\tAccount Domain:\t\t-\r\n\tLogon ID:\t\t0x0\r\n\r\nLogon Information:\r\n\tLogon Type:\t\t3\r\n\tRestricted Admin Mode:\t-\r\n\tVirtual Account:\t\tNo\r\n\tElevated Token:\t\tYes\r\n\r\nImpersonation Level:\t\tImpersonation\r\n\r\nNew Logon:\r\n\tSecurity ID:\t\tS-1-5-21-246749117-2054088174-1189330396-1104\r\n\tAccount Name:\t\tWIN-10$\r\n\tAccount Domain:\t\tMIACSDOMAIN.COM\r\n\tLogon ID:\t\t0xB7AC41\r\n\tLinked Logon ID:\t\t0x0\r\n\tNetwork Account Name:\t-\r\n\tNetwork Account Domain:\t-\r\n\tLogon GUID:\t\t{665762d2-8944-1e00-85af-6aae346e8738}\r\n\r\nProcess Information:\r\n\tProcess ID:\t\t0x0\r\n\tProcess Name:\t\t-\r\n\r\nNetwork Information:\r\n\tWorkstation Name:\t-\r\n\tSource Network Address:\t192.168.100.10\r\n\tSource Port:\t\t63916\r\n\r\nDetailed Authentication Information:\r\n\tLogon Process:\t\tKerberos\r\n\tAuthentication Package:\tKerberos\r\n\tTransited Services:\t-\r\n\tPackage Name (NTLM only):\t-\r\n\tKey Length:\t\t0\r\n\r\nThis event is generated when a logon session is created. It is generated on the computer that was accessed.\r\n\r\nThe subject fields indicate the account on the local system which requested the logon. This is most commonly a service such as the Server service, or a local process such as Winlogon.exe or Services.exe.\r\n\r\nThe logon type field indicates the kind of logon that occurred. The most common types are 2 (interactive) and 3 (network).\r\n\r\nThe New Logon fields indicate the account for whom the new logon was created, i.e. the account that was logged on.\r\n\r\nThe network fields indicate where a remote logon request originated. Workstation name is not always available and may be left blank in some cases.\r\n\r\nThe impersonation level field indicates the extent to which a process in the logon session can impersonate.\r\n\r\nThe authentication information fields provide detailed information about this specific logon request.\r\n\t- Logon GUID is a unique identifier that can be used to correlate this event with a KDC event.\r\n\t- Transited services indicate which intermediate services have participated in this logon request.\r\n\t- Package name indicates which sub-protocol was used among the NTLM protocols.\r\n\t- Key length indicates the length of the generated session key. This will be 0 if no session key was requested.","Network_Account_Domain":"-","Network_Account_Name":"-","OpCode":"Info","Package_Name__NTLM_only_":"-","Process_ID":"0x0","Process_Name":"-","RecordNumber":"24607","Restricted_Admin_Mode":"-","Security_ID":["S-1-0-0","S-1-5-21-246749117-2054088174-1189330396-1104"],"SourceName":"Microsoft Windows security auditing.","Source_Network_Address":"192.168.100.10","Source_Port":"63916","TaskCategory":"Logon","Transited_Services":"-","Type":"Information","Virtual_Account":"No","Workstation_Name":"-","_raw":"08/27/2026 05:30:38.161 AM\nLogName=Security\nEventCode=4624\nEventType=0\nComputerName=DC-01.miacsdomain.com\nSourceName=Microsoft Windows security auditing.\nType=Information\nRecordNumber=24607\nKeywords=Audit Success\nTaskCategory=Logon\nOpCode=Info\nMessage=An account was successfully logged on.\r\n\r\nSubject:\r\n\tSecurity ID:\t\tS-1-0-0\r\n\tAccount Name:\t\t-\r\n\tAccount Domain:\t\t-\r\n\tLogon ID:\t\t0x0\r\n\r\nLogon Information:\r\n\tLogon Type:\t\t3\r\n\tRestricted Admin Mode:\t-\r\n\tVirtual Account:\t\tNo\r\n\tElevated Token:\t\tYes\r\n\r\nImpersonation Level:\t\tImpersonation\r\n\r\nNew Logon:\r\n\tSecurity ID:\t\tS-1-5-21-246749117-2054088174-1189330396-1104\r\n\tAccount Name:\t\tWIN-10$\r\n\tAccount Domain:\t\tMIACSDOMAIN.COM\r\n\tLogon ID:\t\t0xB7AC41\r\n\tLinked Logon ID:\t\t0x0\r\n\tNetwork Account Name:\t-\r\n\tNetwork Account Domain:\t-\r\n\tLogon GUID:\t\t{665762d2-8944-1e00-85af-6aae346e8738}\r\n\r\nProcess Information:\r\n\tProcess ID:\t\t0x0\r\n\tProcess Name:\t\t-\r\n\r\nNetwork Information:\r\n\tWorkstation Name:\t-\r\n\tSource Network Address:\t192.168.100.10\r\n\tSource Port:\t\t63916\r\n\r\nDetailed Authentication Information:\r\n\tLogon Process:\t\tKerberos\r\n\tAuthentication Package:\tKerberos\r\n\tTransited Services:\t-\r\n\tPackage Name (NTLM only):\t-\r\n\tKey Length:\t\t0\r\n\r\nThis event is generated when a logon session is created. It is generated on the computer that was accessed.\r\n\r\nThe subject fields indicate the account on the local system which requested the logon. This is most commonly a service such as the Server service, or a local process such as Winlogon.exe or Services.exe.\r\n\r\nThe logon type field indicates the kind of logon that occurred. The most common types are 2 (interactive) and 3 (network).\r\n\r\nThe New Logon fields indicate the account for whom the new logon was created, i.e. the account that was logged on.\r\n\r\nThe network fields indicate where a remote logon request originated. Workstation name is not always available and may be left blank in some cases.\r\n\r\nThe impersonation level field indicates the extent to which a process in the logon session can impersonate.\r\n\r\nThe authentication information fields provide detailed information about this specific logon request.\r\n\t- Logon GUID is a unique identifier that can be used to correlate this event with a KDC event.\r\n\t- Transited services indicate which intermediate services have participated in this logon request.\r\n\t- Package name indicates which sub-protocol was used among the NTLM protocols.\r\n\t- Key length indicates the length of the generated session key. This will be 0 if no session key was requested.","_time":"2026-08-27T05:30:38.161+0200","host":"DC-01","index":"main","linecount":"70","punct":"//_::._====-..=___.===_===_____.\\r\\r:\\rt_:tt---\\rt_:tt","source":"WinEventLog:Security","sourcetype":"WinEventLog:Security","splunk_server":"splunk-virtual-machine"}}
{"preview":false,"result":{"Account_Domain":["-","MIACSDOMAIN.COM"],"Account_Name":["-","WIN-10$"],"Authentication_Package":"Kerberos","ComputerName":"DC-01.miacsdomain.com","Elevated_Token":"Yes","EventCode":"4624","EventType":"0","Impersonation_Level":"Impersonation","Key_Length":"0","Keywords":"Audit Success","Linked_Logon_ID":"0x0","LogName":"Security","Logon_GUID":"{665762d2-8944-1e00-85af-6aae346e8738}","Logon_ID":["0x0","0xB7AC27"],"Logon_Process":"Kerberos","Logon_Type":"3","Message":"An account was successfully logged on.\r\n\r\nSubject:\r\n\tSecurity ID:\t\tS-1-0-0\r\n\tAccount Name:\t\t-\r\n\tAccount Domain:\t\t-\r\n\tLogon ID:\t\t0x0\r\n\r\nLogon Information:\r\n\tLogon Type:\t\t3\r\n\tRestricted Admin Mode:\t-\r\n\tVirtual Account:\t\tNo\r\n\tElevated Token:\t\tYes\r\n\r\nImpersonation Level:\t\tImpersonation\r\n\r\nNew Logon:\r\n\tSecurity ID:\t\tS-1-5-21-246749117-2054088174-1189330396-1104\r\n\tAccount Name:\t\tWIN-10$\r\n\tAccount Domain:\t\tMIACSDOMAIN.COM\r\n\tLogon ID:\t\t0xB7AC27\r\n\tLinked Logon ID:\t\t0x0\r\n\tNetwork Account Name:\t-\r\n\tNetwork Account Domain:\t-\r\n\tLogon GUID:\t\t{665762d2-8944-1e00-85af-6aae346e8738}\r\n\r\nProcess Information:\r\n\tProcess ID:\t\t0x0\r\n\tProcess Name:\t\t-\r\n\r\nNetwork Information:\r\n\tWorkstation Name:\t-\r\n\tSource Network Address:\t192.168.100.10\r\n\tSource Port:\t\t63915\r\n\r\nDetailed Authentication Information:\r\n\tLogon Process:\t\tKerberos\r\n\tAuthentication Package:\tKerberos\r\n\tTransited Services:\t-\r\n\tPackage Name (NTLM only):\t-\r\n\tKey Length:\t\t0\r\n\r\nThis event is generated when a logon session is created. It is generated on the computer that was accessed.\r\n\r\nThe subject fields indicate the account on the local system which requested the logon. This is most commonly a service such as the Server service, or a local process such as Winlogon.exe or Services.exe.\r\n\r\nThe logon type field indicates the kind of logon that occurred. The most common types are 2 (interactive) and 3 (network).\r\n\r\nThe New Logon fields indicate the account for whom the new logon was created, i.e. the account that was logged on.\r\n\r\nThe network fields indicate where a remote logon request originated. Workstation name is not always available and may be left blank in some cases.\r\n\r\nThe impersonation level field indicates the extent to which a process in the logon session can impersonate.\r\n\r\nThe authentication information fields provide detailed information about this specific logon request.\r\n\t- Logon GUID is a unique identifier that can be used to correlate this event with a KDC event.\r\n\t- Transited services indicate which intermediate services have participated in this logon request.\r\n\t- Package name indicates which sub-protocol was used among the NTLM protocols.\r\n\t- Key length indicates the length of the generated session key. This will be 0 if no session key was requested.","Network_Account_Domain":"-","Network_Account_Name":"-","OpCode":"Info","Package_Name__NTLM_only_":"-","Process_ID":"0x0","Process_Name":"-","RecordNumber":"24606","Restricted_Admin_Mode":"-","Security_ID":["S-1-0-0","S-1-5-21-246749117-2054088174-1189330396-1104"],"SourceName":"Microsoft Windows security auditing.","Source_Network_Address":"192.168.100.10","Source_Port":"63915","TaskCategory":"Logon","Transited_Services":"-","Type":"Information","Virtual_Account":"No","Workstation_Name":"-","_raw":"08/27/2026 05:30:38.154 AM\nLogName=Security\nEventCode=4624\nEventType=0\nComputerName=DC-01.miacsdomain.com\nSourceName=Microsoft Windows security auditing.\nType=Information\nRecordNumber=24606\nKeywords=Audit Success\nTaskCategory=Logon\nOpCode=Info\nMessage=An account was successfully logged on.\r\n\r\nSubject:\r\n\tSecurity ID:\t\tS-1-0-0\r\n\tAccount Name:\t\t-\r\n\tAccount Domain:\t\t-\r\n\tLogon ID:\t\t0x0\r\n\r\nLogon Information:\r\n\tLogon Type:\t\t3\r\n\tRestricted Admin Mode:\t-\r\n\tVirtual Account:\t\tNo\r\n\tElevated Token:\t\tYes\r\n\r\nImpersonation Level:\t\tImpersonation\r\n\r\nNew Logon:\r\n\tSecurity ID:\t\tS-1-5-21-246749117-2054088174-1189330396-1104\r\n\tAccount Name:\t\tWIN-10$\r\n\tAccount Domain:\t\tMIACSDOMAIN.COM\r\n\tLogon ID:\t\t0xB7AC27\r\n\tLinked Logon ID:\t\t0x0\r\n\tNetwork Account Name:\t-\r\n\tNetwork Account Domain:\t-\r\n\tLogon GUID:\t\t{665762d2-8944-1e00-85af-6aae346e8738}\r\n\r\nProcess Information:\r\n\tProcess ID:\t\t0x0\r\n\tProcess Name:\t\t-\r\n\r\nNetwork Information:\r\n\tWorkstation Name:\t-\r\n\tSource Network Address:\t192.168.100.10\r\n\tSource Port:\t\t63915\r\n\r\nDetailed Authentication Information:\r\n\tLogon Process:\t\tKerberos\r\n\tAuthentication Package:\tKerberos\r\n\tTransited Services:\t-\r\n\tPackage Name (NTLM only):\t-\r\n\tKey Length:\t\t0\r\n\r\nThis event is generated when a logon session is created. It is generated on the computer that was accessed.\r\n\r\nThe subject fields indicate the account on the local system which requested the logon. This is most commonly a service such as the Server service, or a local process such as Winlogon.exe or Services.exe.\r\n\r\nThe logon type field indicates the kind of logon that occurred. The most common types are 2 (interactive) and 3 (network).\r\n\r\nThe New Logon fields indicate the account for whom the new logon was created, i.e. the account that was logged on.\r\n\r\nThe network fields indicate where a remote logon request originated. Workstation name is not always available and may be left blank in some cases.\r\n\r\nThe impersonation level field indicates the extent to which a process in the logon session can impersonate.\r\n\r\nThe authentication information fields provide detailed information about this specific logon request.\r\n\t- Logon GUID is a unique identifier that can be used to correlate this event with a KDC event.\r\n\t- Transited services indicate which intermediate services have participated in this logon request.\r\n\t- Package name indicates which sub-protocol was used among the NTLM protocols.\r\n\t- Key length indicates the length of the generated session key. This will be 0 if no session key was requested.","_time":"2026-08-27T05:30:38.154+0200","host":"DC-01","index":"main","linecount":"70","punct":"//_::._====-..=___.===_===_____.\\r\\r:\\rt_:tt---\\rt_:tt","source":"WinEventLog:Security","sourcetype":"WinEventLog:Security","splunk_server":"splunk-virtual-machine"}}
{"preview":false,"result":{"CommandLine":"taskhostw.exe $(Arg0)","Company":"Microsoft Corporation","ComputerName":"Win-10.miacsdomain.com","CurrentDirectory":"C:\\Windows\\system32\\","Description":"Host Process for Windows Tasks","EventCode":"1","EventType":"4","FileVersion":"10.0.19041.3636 (WinBuild.160101.0800)","Hashes":"MD5=9D68EEF2D82A328F0ECE1B641E5728CC,SHA256=976BB3FB062818E9643EC7F65BE2F267B90F63BD9F8BE0E6212D131183136140,IMPHASH=3A0C6863CDE566AF997DB2DEFFF9D924","Image":"C:\\Windows\\System32\\taskhostw.exe","IntegrityLevel":"High","Keywords":"None","LogName":"Microsoft-Windows-Sysmon/Operational","LogonGuid":"{3f87e246-af21-6a8f-82cb-400000000000}","LogonId":"0x40CB82","Message":"Process Create:\r\nRuleName: -\r\nUtcTime: 2026-08-27 03:30:37.984\r\nProcessGuid: {3f87e246-af5d-6a8f-b202-000000001600}\r\nProcessId: 6056\r\nImage: C:\\Windows\\System32\\taskhostw.exe\r\nFileVersion: 10.0.19041.3636 (WinBuild.160101.0800)\r\nDescription: Host Process for Windows Tasks\r\nProduct: Microsoft® Windows® Operating System\r\nCompany: Microsoft Corporation\r\nOriginalFileName: taskhostw.exe\r\nCommandLine: taskhostw.exe $(Arg0)\r\nCurrentDirectory: C:\\Windows\\system32\\\r\nUser: miacsdomain\\mgarcia\r\nLogonGuid: {3f87e246-af21-6a8f-82cb-400000000000}\r\nLogonId: 0x40CB82\r\nTerminalSessionId: 4\r\nIntegrityLevel: High\r\nHashes: MD5=9D68EEF2D82A328F0ECE1B641E5728CC,SHA256=976BB3FB062818E9643EC7F65BE2F267B90F63BD9F8BE0E6212D131183136140,IMPHASH=3A0C6863CDE566AF997DB2DEFFF9D924\r\nParentProcessGuid: {3f87e246-a65a-6a8f-1300-000000001600}\r\nParentProcessId: 320\r\nParentImage: C:\\Windows\\System32\\svchost.exe\r\nParentCommandLine: C:\\Windows\\system32\\svchost.exe -k netsvcs -p\r\nParentUser: NT AUTHORITY\\SYSTEM","OpCode":"Info","OriginalFileName":"taskhostw.exe","ParentCommandLine":"C:\\Windows\\system32\\svchost.exe -k netsvcs -p","ParentImage":"C:\\Windows\\System32\\svchost.exe","ParentProcessGuid":"{3f87e246-a65a-6a8f-1300-000000001600}","ParentProcessId":"320","ParentUser":"NT AUTHORITY\\SYSTEM","ProcessGuid":"{3f87e246-af5d-6a8f-b202-000000001600}","ProcessId":"6056","Product":"Microsoft® Windows® Operating System","RecordNumber":"32701","RuleName":"-","Sid":"S-1-5-18","SidType":"0","SourceName":"Microsoft-Windows-Sysmon","TaskCategory":"Process Create (rule: ProcessCreate)","TerminalSessionId":"4","Type":"Information","User":["NOT_TRANSLATED","miacsdomain\\mgarcia"],"UtcTime":"2026-08-27 03:30:37.984","_raw":"08/27/2026 05:30:37.985 AM\nLogName=Microsoft-Windows-Sysmon/Operational\nEventCode=1\nEventType=4\nComputerName=Win-10.miacsdomain.com\nUser=NOT_TRANSLATED\nSid=S-1-5-18\nSidType=0\nSourceName=Microsoft-Windows-Sysmon\nType=Information\nRecordNumber=32701\nKeywords=None\nTaskCategory=Process Create (rule: ProcessCreate)\nOpCode=Info\nMessage=Process Create:\r\nRuleName: -\r\nUtcTime: 2026-08-27 03:30:37.984\r\nProcessGuid: {3f87e246-af5d-6a8f-b202-000000001600}\r\nProcessId: 6056\r\nImage: C:\\Windows\\System32\\taskhostw.exe\r\nFileVersion: 10.0.19041.3636 (WinBuild.160101.0800)\r\nDescription: Host Process for Windows Tasks\r\nProduct: Microsoft® Windows® Operating System\r\nCompany: Microsoft Corporation\r\nOriginalFileName: taskhostw.exe\r\nCommandLine: taskhostw.exe $(Arg0)\r\nCurrentDirectory: C:\\Windows\\system32\\\r\nUser: miacsdomain\\mgarcia\r\nLogonGuid: {3f87e246-af21-6a8f-82cb-400000000000}\r\nLogonId: 0x40CB82\r\nTerminalSessionId: 4\r\nIntegrityLevel: High\r\nHashes: MD5=9D68EEF2D82A328F0ECE1B641E5728CC,SHA256=976BB3FB062818E9643EC7F65BE2F267B90F63BD9F8BE0E6212D131183136140,IMPHASH=3A0C6863CDE566AF997DB2DEFFF9D924\r\nParentProcessGuid: {3f87e246-a65a-6a8f-1300-000000001600}\r\nParentProcessId: 320\r\nParentImage: C:\\Windows\\System32\\svchost.exe\r\nParentCommandLine: C:\\Windows\\system32\\svchost.exe -k netsvcs -p\r\nParentUser: NT AUTHORITY\\SYSTEM","_time":"2026-08-27T05:30:37.985+0200","host":"Win-10","index":"main","linecount":"38","punct":"//_::._=--/===-..==---==--====__(:_)==_:\\r:_-\\r:_--_","source":"WinEventLog:Microsoft-Windows-Sysmon/Operational","sourcetype":"WinEventLog:Microsoft-Windows-Sysmon/Operational","splunk_server":"splunk-virtual-machine"}}
{"preview":false,"result":{"CommandLine":"\"C:\\Windows\\System32\\dsregcmd.exe\" $(Arg0) $(Arg1) $(Arg2)","Company":"Microsoft Corporation","ComputerName":"Win-10.miacsdomain.com","CurrentDirectory":"C:\\Windows\\system32\\","Description":"DSREG commandline tool","EventCode":"1","EventType":"4","FileVersion":"10.0.19041.3636 (WinBuild.160101.0800)","Hashes":"MD5=7BEF4790621FC01E8C0E00F423C5509E,SHA256=D0AEABB762B7080355BE391D77D6DC3BF206BB1B413F6C0FDF2F22629FCCD6B4,IMPHASH=C2D1A2C9FFEA6DDBC11DE8E37CF589D3","Image":"C:\\Windows\\System32\\dsregcmd.exe","IntegrityLevel":"System","Keywords":"None","LogName":"Microsoft-Windows-Sysmon/Operational","LogonGuid":"{3f87e246-a659-6a8f-e703-000000000000}","LogonId":"0x3E7","Message":"Process Create:\r\nRuleName: -\r\nUtcTime: 2026-08-27 03:30:37.983\r\nProcessGuid: {3f87e246-af5d-6a8f-b102-000000001600}\r\nProcessId: 4824\r\nImage: C:\\Windows\\System32\\dsregcmd.exe\r\nFileVersion: 10.0.19041.3636 (WinBuild.160101.0800)\r\nDescription: DSREG commandline tool\r\nProduct: Microsoft® Windows® Operating System\r\nCompany: Microsoft Corporation\r\nOriginalFileName: dsregcmd.exe\r\nCommandLine: \"C:\\Windows\\System32\\dsregcmd.exe\" $(Arg0) $(Arg1) $(Arg2)\r\nCurrentDirectory: C:\\Windows\\system32\\\r\nUser: NT AUTHORITY\\SYSTEM\r\nLogonGuid: {3f87e246-a659-6a8f-e703-000000000000}\r\nLogonId: 0x3E7\r\nTerminalSessionId: 0\r\nIntegrityLevel: System\r\nHashes: MD5=7BEF4790621FC01E8C0E00F423C5509E,SHA256=D0AEABB762B7080355BE391D77D6DC3BF206BB1B413F6C0FDF2F22629FCCD6B4,IMPHASH=C2D1A2C9FFEA6DDBC11DE8E37CF589D3\r\nParentProcessGuid: {3f87e246-a65a-6a8f-1300-000000001600}\r\nParentProcessId: 320\r\nParentImage: C:\\Windows\\System32\\svchost.exe\r\nParentCommandLine: C:\\Windows\\system32\\svchost.exe -k netsvcs -p\r\nParentUser: NT AUTHORITY\\SYSTEM","OpCode":"Info","OriginalFileName":"dsregcmd.exe","ParentCommandLine":"C:\\Windows\\system32\\svchost.exe -k netsvcs -p","ParentImage":"C:\\Windows\\System32\\svchost.exe","ParentProcessGuid":"{3f87e246-a65a-6a8f-1300-000000001600}","ParentProcessId":"320","ParentUser":"NT AUTHORITY\\SYSTEM","ProcessGuid":"{3f87e246-af5d-6a8f-b102-000000001600}","ProcessId":"4824","Product":"Microsoft® Windows® Operating System","RecordNumber":"32700","RuleName":"-","Sid":"S-1-5-18","SidType":"0","SourceName":"Microsoft-Windows-Sysmon","TaskCategory":"Process Create (rule: ProcessCreate)","TerminalSessionId":"0","Type":"Information","User":["NOT_TRANSLATED","NT AUTHORITY\\SYSTEM"],"UtcTime":"2026-08-27 03:30:37.983","_raw":"08/27/2026 05:30:37.985 AM\nLogName=Microsoft-Windows-Sysmon/Operational\nEventCode=1\nEventType=4\nComputerName=Win-10.miacsdomain.com\nUser=NOT_TRANSLATED\nSid=S-1-5-18\nSidType=0\nSourceName=Microsoft-Windows-Sysmon\nType=Information\nRecordNumber=32700\nKeywords=None\nTaskCategory=Process Create (rule: ProcessCreate)\nOpCode=Info\nMessage=Process Create:\r\nRuleName: -\r\nUtcTime: 2026-08-27 03:30:37.983\r\nProcessGuid: {3f87e246-af5d-6a8f-b102-000000001600}\r\nProcessId: 4824\r\nImage: C:\\Windows\\System32\\dsregcmd.exe\r\nFileVersion: 10.0.19041.3636 (WinBuild.160101.0800)\r\nDescription: DSREG commandline tool\r\nProduct: Microsoft® Windows® Operating System\r\nCompany: Microsoft Corporation\r\nOriginalFileName: dsregcmd.exe\r\nCommandLine: \"C:\\Windows\\System32\\dsregcmd.exe\" $(Arg0) $(Arg1) $(Arg2)\r\nCurrentDirectory: C:\\Windows\\system32\\\r\nUser: NT AUTHORITY\\SYSTEM\r\nLogonGuid: {3f87e246-a659-6a8f-e703-000000000000}\r\nLogonId: 0x3E7\r\nTerminalSessionId: 0\r\nIntegrityLevel: System\r\nHashes: MD5=7BEF4790621FC01E8C0E00F423C5509E,SHA256=D0AEABB762B7080355BE391D77D6DC3BF206BB1B413F6C0FDF2F22629FCCD6B4,IMPHASH=C2D1A2C9FFEA6DDBC11DE8E37CF589D3\r\nParentProcessGuid: {3f87e246-a65a-6a8f-1300-000000001600}\r\nParentProcessId: 320\r\nParentImage: C:\\Windows\\System32\\svchost.exe\r\nParentCommandLine: C:\\Windows\\system32\\svchost.exe -k netsvcs -p\r\nParentUser: NT AUTHORITY\\SYSTEM","_time":"2026-08-27T05:30:37.985+0200","host":"Win-10","index":"main","linecount":"38","punct":"//_::._=--/===-..==---==--====__(:_)==_:\\r:_-\\r:_--_","source":"WinEventLog:Microsoft-Windows-Sysmon/Operational","sourcetype":"WinEventLog:Microsoft-Windows-Sysmon/Operational","splunk_server":"splunk-virtual-machine"}}
{"preview":false,"result":{"ComputerName":"Win-10.miacsdomain.com","EventCode":"4103","EventType":"4","Keywords":"None","LogName":"Microsoft-Windows-PowerShell/Operational","Message":"CommandInvocation(Resolve-Path): \"Resolve-Path\"\r\nParameterBinding(Resolve-Path): name=\"ErrorAction\"; value=\"Ignore\"\r\nParameterBinding(Resolve-Path): name=\"WarningAction\"; value=\"Ignore\"\r\nParameterBinding(Resolve-Path): name=\"InformationAction\"; value=\"Ignore\"\r\nParameterBinding(Resolve-Path): name=\"Verbose\"; value=\"False\"\r\nParameterBinding(Resolve-Path): name=\"Debug\"; value=\"False\"\r\nParameterBinding(Resolve-Path): name=\"Path\"; value=\"C:\\Te*\"\r\n\r\n\r\nContext:\r\n        Severity = Informational\r\n        Host Name = ConsoleHost\r\n        Host Version = 5.1.19041.3803\r\n        Host ID = 0fb12970-e2be-4290-be86-eded5aac6150\r\n        Host Application = C:\\Windows\\System32\\WindowsPowerShell\\v1.0\\powershell.exe\r\n        Engine Version = 5.1.19041.3803\r\n        Runspace ID = a742bf80-d4d6-4398-99ef-eea003b6b50d\r\n        Pipeline ID = 25\r\n        Command Name = Resolve-Path\r\n        Command Type = Cmdlet\r\n        Script Name = \r\n        Command Path = \r\n        Sequence Number = 416\r\n        User = miacsdomain\\mgarcia\r\n        Connected User = \r\n        Shell ID = Microsoft.PowerShell\r\n\r\n\r\nUser Data:","OpCode":"To be used when operation is just executing a method","ParameterBinding_Resolve_Path_":["name=\"ErrorAction\"; value=\"Ignore\"","name=\"WarningAction\"; value=\"Ignore\"","name=\"InformationAction\"; value=\"Ignore\"","name=\"Verbose\"; value=\"False\"","name=\"Debug\"; value=\"False\"","name=\"Path\"; value=\"C:\\Te*\""],"RecordNumber":"14399","Sid":"S-1-5-21-246749117-2054088174-1189330396-1110","SidType":"0","SourceName":"Microsoft-Windows-PowerShell","TaskCategory":"Executing Pipeline","Type":"Information","User":"NOT_TRANSLATED","_raw":"08/27/2026 05:30:37.950 AM\nLogName=Microsoft-Windows-PowerShell/Operational\nEventCode=4103\nEventType=4\nComputerName=Win-10.miacsdomain.com\nUser=NOT_TRANSLATED\nSid=S-1-5-21-246749117-2054088174-1189330396-1110\nSidType=0\nSourceName=Microsoft-Windows-PowerShell\nType=Information\nRecordNumber=14399\nKeywords=None\nTaskCategory=Executing Pipeline\nOpCode=To be used when operation is just executing a method\nMessage=CommandInvocation(Resolve-Path): \"Resolve-Path\"\r\nParameterBinding(Resolve-Path): name=\"ErrorAction\"; value=\"Ignore\"\r\nParameterBinding(Resolve-Path): name=\"WarningAction\"; value=\"Ignore\"\r\nParameterBinding(Resolve-Path): name=\"InformationAction\"; value=\"Ignore\"\r\nParameterBinding(Resolve-Path): name=\"Verbose\"; value=\"False\"\r\nParameterBinding(Resolve-Path): name=\"Debug\"; value=\"False\"\r\nParameterBinding(Resolve-Path): name=\"Path\"; value=\"C:\\Te*\"\r\n\r\n\r\nContext:\r\n        Severity = Informational\r\n        Host Name = ConsoleHost\r\n        Host Version = 5.1.19041.3803\r\n        Host ID = 0fb12970-e2be-4290-be86-eded5aac6150\r\n        Host Application = C:\\Windows\\System32\\WindowsPowerShell\\v1.0\\powershell.exe\r\n        Engine Version = 5.1.19041.3803\r\n        Runspace ID = a742bf80-d4d6-4398-99ef-eea003b6b50d\r\n        Pipeline ID = 25\r\n        Command Name = Resolve-Path\r\n        Command Type = Cmdlet\r\n        Script Name = \r\n        Command Path = \r\n        Sequence Number = 416\r\n        User = miacsdomain\\mgarcia\r\n        Connected User = \r\n        Shell ID = Microsoft.PowerShell\r\n\r\n\r\nUser Data:","_time":"2026-08-27T05:30:37.950+0200","host":"Win-10","index":"main","linecount":"43","punct":"//_::._=--/===-..==-------==--====_=_________=(-):","source":"WinEventLog:Microsoft-Windows-PowerShell/Operational","sourcetype":"WinEventLog:Microsoft-Windows-PowerShell/Operational","splunk_server":"splunk-virtual-machine"}}
