{"preview":false,"result":{"ComputerName":"Win-10.miacsdomain.com","EventCode":"4104","EventType":"3","Keywords":"None","LogName":"Microsoft-Windows-PowerShell/Operational","Message":"Creating Scriptblock text (1 of 1):\r\n\r\n#requires -version 3.0\r\n\r\ntry { Microsoft.PowerShell.Core\\Set-StrictMode -Off } catch { }\r\n\r\n$script:MyModule = $MyInvocation.MyCommand.ScriptBlock.Module\r\n\r\n$script:ClassName = 'ROOT\\Microsoft\\Windows\\Defender\\MSFT_MpThreat'\r\n$script:ClassVersion = '1.0'\r\n$script:ModuleVersion = '1.0'\r\n$script:ObjectModelWrapper = [Microsoft.PowerShell.Cmdletization.Cim.CimCmdletAdapter]\r\n\r\n$script:PrivateData = [System.Collections.Generic.Dictionary[string,string]]::new()\r\n\r\nMicrosoft.PowerShell.Core\\Export-ModuleMember -Function @()\r\n        \r\n\r\nfunction __cmdletization_BindCommonParameters\r\n{\r\n    param(\r\n        $__cmdletization_objectModelWrapper,\r\n        $myPSBoundParameters\r\n    )       \r\n                \r\n\r\n        if ($myPSBoundParameters.ContainsKey('CimSession')) { \r\n            $__cmdletization_objectModelWrapper.PSObject.Properties['CimSession'].Value = $myPSBoundParameters['CimSession'] \r\n        }\r\n                    \r\n\r\n        if ($myPSBoundParameters.ContainsKey('ThrottleLimit')) { \r\n            $__cmdletization_objectModelWrapper.PSObject.Properties['ThrottleLimit'].Value = $myPSBoundParameters['ThrottleLimit'] \r\n        }\r\n                    \r\n\r\n        if ($myPSBoundParameters.ContainsKey('AsJob')) { \r\n            $__cmdletization_objectModelWrapper.PSObject.Properties['AsJob'].Value = $myPSBoundParameters['AsJob'] \r\n        }\r\n                    \r\n\r\n}\r\n                \r\n\r\nfunction Remove-MpThreat\r\n{\r\n    [CmdletBinding(PositionalBinding=$false)]\r\n    \r\n    \r\n    param(\r\n    \r\n    [Parameter(ParameterSetName='Remove0')]\r\n    [Alias('Session')]\r\n    [ValidateNotNullOrEmpty()]\r\n    [CimSession[]]\r\n    ${CimSession},\r\n\r\n    [Parameter(ParameterSetName='Remove0')]\r\n    [int]\r\n    ${ThrottleLimit},\r\n\r\n    [Parameter(ParameterSetName='Remove0')]\r\n    [switch]\r\n    ${AsJob})\r\n\r\n    DynamicParam {\r\n        try \r\n        {\r\n            if (-not $__cmdletization_exceptionHasBeenThrown)\r\n            {\r\n                $__cmdletization_objectModelWrapper = $script:ObjectModelWrapper::new()\r\n                $__cmdletization_objectModelWrapper.Initialize($PSCmdlet, $script:ClassName, $script:ClassVersion, $script:ModuleVersion, $script:PrivateData)\r\n\r\n                if ($__cmdletization_objectModelWrapper -is [System.Management.Automation.IDynamicParameters])\r\n                {\r\n                    ([System.Management.Automation.IDynamicParameters]$__cmdletization_objectModelWrapper).GetDynamicParameters()\r\n                }\r\n            }\r\n        }\r\n        catch\r\n        {\r\n            $__cmdletization_exceptionHasBeenThrown = $true\r\n            throw\r\n        }\r\n    }\r\n\r\n    Begin {\r\n        $__cmdletization_exceptionHasBeenThrown = $false\r\n        try \r\n        {\r\n            __cmdletization_BindCommonParameters $__cmdletization_objectModelWrapper $PSBoundParameters\r\n            $__cmdletization_objectModelWrapper.BeginProcessing()\r\n        }\r\n        catch\r\n        {\r\n            $__cmdletization_exceptionHasBeenThrown = $true\r\n            throw\r\n        }\r\n    }\r\n        \r\n\r\n    Process {\r\n        try \r\n        {\r\n            if (-not $__cmdletization_exceptionHasBeenThrown)\r\n            {\r\n      $__cmdletization_methodParameters = [System.Collections.Generic.List[Microsoft.PowerShell.Cmdletization.MethodParameter]]::new()\r\n\r\n      $__cmdletization_returnValue = [Microsoft.PowerShell.Cmdletization.MethodParameter]@{ Name = 'ReturnValue'; ParameterType = 'System.Int32'; Bindings = 'Error'; Value = $null; IsValuePresent = $false }\r\n      $__cmdletization_methodInvocationInfo = [Microsoft.PowerShell.Cmdletization.MethodInvocationInfo]::new('Remove', $__cmdletization_methodParameters, $__cmdletization_returnValue)\r\n      $__cmdletization_objectModelWrapper.ProcessRecord($__cmdletization_methodInvocationInfo)\r\n\r\n            }\r\n        }\r\n        catch\r\n        {\r\n            $__cmdletization_exceptionHasBeenThrown = $true\r\n            throw\r\n        }\r\n    }\r\n        \r\n\r\n    End {\r\n        try\r\n        {\r\n            if (-not $__cmdletization_exceptionHasBeenThrown)\r\n            {\r\n                $__cmdletization_objectModelWrapper.EndProcessing()\r\n            }\r\n        }\r\n        catch\r\n        {\r\n            throw\r\n        }\r\n    }\r\n\r\n    # .EXTERNALHELP MSFT_MpThreat.cdxml-Help.xml\r\n}\r\nMicrosoft.PowerShell.Core\\Export-ModuleMember -Function 'Remove-MpThreat' -Alias '*'\r\n        \r\n\r\nfunction Get-MpThreat\r\n{\r\n    [CmdletBinding(DefaultParameterSetName='DefaultSet', PositionalBinding=$false)]\r\n    \r\n    [OutputType([Microsoft.Management.Infrastructure.CimInstance])]\r\n[OutputType('Microsoft.Management.Infrastructure.CimInstance#ROOT\\Microsoft\\Windows\\Defender\\MSFT_MpThreat')]\r\n\r\n    param(\r\n    \r\n    [Parameter(ParameterSetName='ById')]\r\n    [Alias('ID')]\r\n    [ValidateNotNull()]\r\n    [long[]]\r\n    ${ThreatID},\r\n\r\n    [Parameter(ParameterSetName='ById')]\r\n    [Alias('Session')]\r\n    [ValidateNotNullOrEmpty()]\r\n    [CimSession[]]\r\n    ${CimSession},\r\n\r\n    [Parameter(ParameterSetName='ById')]\r\n    [int]\r\n    ${ThrottleLimit},\r\n\r\n    [Parameter(ParameterSetName='ById')]\r\n    [switch]\r\n    ${AsJob})\r\n\r\n    DynamicParam {\r\n        try \r\n        {\r\n            if (-not $__cmdletization_exceptionHasBeenThrown)\r\n            {\r\n                $__cmdletization_objectModelWrapper = $script:ObjectModelWrapper::new()\r\n                $__cmdletization_objectModelWrapper.Initialize($PSCmdlet, $script:ClassName, $script:ClassVersion, $script:ModuleVersion, $script:PrivateData)\r\n\r\n                if ($__cmdletization_objectModelWrapper -is [System.Management.Automation.IDynamicParameters])\r\n                {\r\n                    ([System.Management.Automation.IDynamicParameters]$__cmdletization_objectModelWrapper).GetDynamicParameters()\r\n                }\r\n            }\r\n        }\r\n        catch\r\n        {\r\n            $__cmdletization_exceptionHasBeenThrown = $true\r\n            throw\r\n        }\r\n    }\r\n\r\n    Begin {\r\n        $__cmdletization_exceptionHasBeenThrown = $false\r\n        try \r\n        {\r\n            __cmdletization_BindCommonParameters $__cmdletization_objectModelWrapper $PSBoundParameters\r\n            $__cmdletization_objectModelWrapper.BeginProcessing()\r\n        }\r\n        catch\r\n        {\r\n            $__cmdletization_exceptionHasBeenThrown = $true\r\n            throw\r\n        }\r\n    }\r\n        \r\n\r\n    Process {\r\n        try \r\n        {\r\n            if (-not $__cmdletization_exceptionHasBeenThrown)\r\n            {\r\n    $__cmdletization_queryBuilder = $__cmdletization_objectModelWrapper.GetQueryBuilder()\r\n    if ($PSBoundParameters.ContainsKey('ThreatID') -and (@('ById') -contains $PSCmdlet.ParameterSetName )) {\r\n        $__cmdletization_values = @(${ThreatID})\r\n        $__cmdletization_queryBuilder.FilterByProperty('ThreatID', $__cmdletization_values, $false, 'Default')\r\n    }\r\n\r\n\r\n    $__cmdletization_objectModelWrapper.ProcessRecord($__cmdletization_queryBuilder)\r\n            }\r\n        }\r\n        catch\r\n        {\r\n            $__cmdletization_exceptionHasBeenThrown = $true\r\n            throw\r\n        }\r\n    }\r\n        \r\n\r\n    End {\r\n        try\r\n        {\r\n            if (-not $__cmdletization_exceptionHasBeenThrown)\r\n            {\r\n                $__cmdletization_objectModelWrapper.EndProcessing()\r\n            }\r\n        }\r\n        catch\r\n        {\r\n            throw\r\n        }\r\n    }\r\n\r\n    # .EXTERNALHELP MSFT_MpThreat.cdxml-Help.xml\r\n}\r\nMicrosoft.PowerShell.Core\\Export-ModuleMember -Function 'Get-MpThreat' -Alias '*'\r\n        \r\n\r\n\r\nScriptBlock ID: 66b6b253-70f5-4eec-8d60-6ab8c17b78c1\r\nPath:","OpCode":"On create calls","RecordNumber":"14513","ScriptBlock_ID":"66b6b253-70f5-4eec-8d60-6ab8c17b78c1","Sid":"S-1-5-21-246749117-2054088174-1189330396-1110","SidType":"0","SourceName":"Microsoft-Windows-PowerShell","TaskCategory":"Execute a Remote Command","Type":"Warning","User":"NOT_TRANSLATED","_raw":"08/27/2026 05:34:07.413 AM\nLogName=Microsoft-Windows-PowerShell/Operational\nEventCode=4104\nEventType=3\nComputerName=Win-10.miacsdomain.com\nUser=NOT_TRANSLATED\nSid=S-1-5-21-246749117-2054088174-1189330396-1110\nSidType=0\nSourceName=Microsoft-Windows-PowerShell\nType=Warning\nRecordNumber=14513\nKeywords=None\nTaskCategory=Execute a Remote Command\nOpCode=On create calls\nMessage=Creating Scriptblock text (1 of 1):\r\n\r\n#requires -version 3.0\r\n\r\ntry { Microsoft.PowerShell.Core\\Set-StrictMode -Off } catch { }\r\n\r\n$script:MyModule = $MyInvocation.MyCommand.ScriptBlock.Module\r\n\r\n$script:ClassName = 'ROOT\\Microsoft\\Windows\\Defender\\MSFT_MpThreat'\r\n$script:ClassVersion = '1.0'\r\n$script:ModuleVersion = '1.0'\r\n$script:ObjectModelWrapper = [Microsoft.PowerShell.Cmdletization.Cim.CimCmdletAdapter]\r\n\r\n$script:PrivateData = [System.Collections.Generic.Dictionary[string,string]]::new()\r\n\r\nMicrosoft.PowerShell.Core\\Export-ModuleMember -Function @()\r\n        \r\n\r\nfunction __cmdletization_BindCommonParameters\r\n{\r\n    param(\r\n        $__cmdletization_objectModelWrapper,\r\n        $myPSBoundParameters\r\n    )       \r\n                \r\n\r\n        if ($myPSBoundParameters.ContainsKey('CimSession')) { \r\n            $__cmdletization_objectModelWrapper.PSObject.Properties['CimSession'].Value = $myPSBoundParameters['CimSession'] \r\n        }\r\n                    \r\n\r\n        if ($myPSBoundParameters.ContainsKey('ThrottleLimit')) { \r\n            $__cmdletization_objectModelWrapper.PSObject.Properties['ThrottleLimit'].Value = $myPSBoundParameters['ThrottleLimit'] \r\n        }\r\n                    \r\n\r\n        if ($myPSBoundParameters.ContainsKey('AsJob')) { \r\n            $__cmdletization_objectModelWrapper.PSObject.Properties['AsJob'].Value = $myPSBoundParameters['AsJob'] \r\n        }\r\n                    \r\n\r\n}\r\n                \r\n\r\nfunction Remove-MpThreat\r\n{\r\n    [CmdletBinding(PositionalBinding=$false)]\r\n    \r\n    \r\n    param(\r\n    \r\n    [Parameter(ParameterSetName='Remove0')]\r\n    [Alias('Session')]\r\n    [ValidateNotNullOrEmpty()]\r\n    [CimSession[]]\r\n    ${CimSession},\r\n\r\n    [Parameter(ParameterSetName='Remove0')]\r\n    [int]\r\n    ${ThrottleLimit},\r\n\r\n    [Parameter(ParameterSetName='Remove0')]\r\n    [switch]\r\n    ${AsJob})\r\n\r\n    DynamicParam {\r\n        try \r\n        {\r\n            if (-not $__cmdletization_exceptionHasBeenThrown)\r\n            {\r\n                $__cmdletization_objectModelWrapper = $script:ObjectModelWrapper::new()\r\n                $__cmdletization_objectModelWrapper.Initialize($PSCmdlet, $script:ClassName, $script:ClassVersion, $script:ModuleVersion, $script:PrivateData)\r\n\r\n                if ($__cmdletization_objectModelWrapper -is [System.Management.Automation.IDynamicParameters])\r\n                {\r\n                    ([System.Management.Automation.IDynamicParameters]$__cmdletization_objectModelWrapper).GetDynamicParameters()\r\n                }\r\n            }\r\n        }\r\n        catch\r\n        {\r\n            $__cmdletization_exceptionHasBeenThrown = $true\r\n            throw\r\n        }\r\n    }\r\n\r\n    Begin {\r\n        $__cmdletization_exceptionHasBeenThrown = $false\r\n        try \r\n        {\r\n            __cmdletization_BindCommonParameters $__cmdletization_objectModelWrapper $PSBoundParameters\r\n            $__cmdletization_objectModelWrapper.BeginProcessing()\r\n        }\r\n        catch\r\n        {\r\n            $__cmdletization_exceptionHasBeenThrown = $true\r\n            throw\r\n        }\r\n    }\r\n        \r\n\r\n    Process {\r\n        try \r\n        {\r\n            if (-not $__cmdletization_exceptionHasBeenThrown)\r\n            {\r\n      $__cmdletization_methodParameters = [System.Collections.Generic.List[Microsoft.PowerShell.Cmdletization.MethodParameter]]::new()\r\n\r\n      $__cmdletization_returnValue = [Microsoft.PowerShell.Cmdletization.MethodParameter]@{ Name = 'ReturnValue'; ParameterType = 'System.Int32'; Bindings = 'Error'; Value = $null; IsValuePresent = $false }\r\n      $__cmdletization_methodInvocationInfo = [Microsoft.PowerShell.Cmdletization.MethodInvocationInfo]::new('Remove', $__cmdletization_methodParameters, $__cmdletization_returnValue)\r\n      $__cmdletization_objectModelWrapper.ProcessRecord($__cmdletization_methodInvocationInfo)\r\n\r\n            }\r\n        }\r\n        catch\r\n        {\r\n            $__cmdletization_exceptionHasBeenThrown = $true\r\n            throw\r\n        }\r\n    }\r\n        \r\n\r\n    End {\r\n        try\r\n        {\r\n            if (-not $__cmdletization_exceptionHasBeenThrown)\r\n            {\r\n                $__cmdletization_objectModelWrapper.EndProcessing()\r\n            }\r\n        }\r\n        catch\r\n        {\r\n            throw\r\n        }\r\n    }\r\n\r\n    # .EXTERNALHELP MSFT_MpThreat.cdxml-Help.xml\r\n}\r\nMicrosoft.PowerShell.Core\\Export-ModuleMember -Function 'Remove-MpThreat' -Alias '*'\r\n        \r\n\r\nfunction Get-MpThreat\r\n{\r\n    [CmdletBinding(DefaultParameterSetName='DefaultSet', PositionalBinding=$false)]\r\n    \r\n    [OutputType([Microsoft.Management.Infrastructure.CimInstance])]\r\n[OutputType('Microsoft.Management.Infrastructure.CimInstance#ROOT\\Microsoft\\Windows\\Defender\\MSFT_MpThreat')]\r\n\r\n    param(\r\n    \r\n    [Parameter(ParameterSetName='ById')]\r\n    [Alias('ID')]\r\n    [ValidateNotNull()]\r\n    [long[]]\r\n    ${ThreatID},\r\n\r\n    [Parameter(ParameterSetName='ById')]\r\n    [Alias('Session')]\r\n    [ValidateNotNullOrEmpty()]\r\n    [CimSession[]]\r\n    ${CimSession},\r\n\r\n    [Parameter(ParameterSetName='ById')]\r\n    [int]\r\n    ${ThrottleLimit},\r\n\r\n    [Parameter(ParameterSetName='ById')]\r\n    [switch]\r\n    ${AsJob})\r\n\r\n    DynamicParam {\r\n        try \r\n        {\r\n            if (-not $__cmdletization_exceptionHasBeenThrown)\r\n            {\r\n                $__cmdletization_objectModelWrapper = $script:ObjectModelWrapper::new()\r\n                $__cmdletization_objectModelWrapper.Initialize($PSCmdlet, $script:ClassName, $script:ClassVersion, $script:ModuleVersion, $script:PrivateData)\r\n\r\n                if ($__cmdletization_objectModelWrapper -is [System.Management.Automation.IDynamicParameters])\r\n                {\r\n                    ([System.Management.Automation.IDynamicParameters]$__cmdletization_objectModelWrapper).GetDynamicParameters()\r\n                }\r\n            }\r\n        }\r\n        catch\r\n        {\r\n            $__cmdletization_exceptionHasBeenThrown = $true\r\n            throw\r\n        }\r\n    }\r\n\r\n    Begin {\r\n        $__cmdletization_exceptionHasBeenThrown = $false\r\n        try \r\n        {\r\n            __cmdletization_BindCommonParameters $__cmdletization_objectModelWrapper $PSBoundParameters\r\n            $__cmdletization_objectModelWrapper.BeginProcessing()\r\n        }\r\n        catch\r\n        {\r\n            $__cmdletization_exceptionHasBeenThrown = $true\r\n            throw\r\n        }\r\n    }\r\n        \r\n\r\n    Process {\r\n        try \r\n        {\r\n            if (-not $__cmdletization_exceptionHasBeenThrown)\r\n            {\r\n    $__cmdletization_queryBuilder = $__cmdletization_objectModelWrapper.GetQueryBuilder()\r\n    if ($PSBoundParameters.ContainsKey('ThreatID') -and (@('ById') -contains $PSCmdlet.ParameterSetName )) {\r\n        $__cmdletization_values = @(${ThreatID})\r\n        $__cmdletization_queryBuilder.FilterByProperty('ThreatID', $__cmdletization_values, $false, 'Default')\r\n    }\r\n\r\n\r\n    $__cmdletization_objectModelWrapper.ProcessRecord($__cmdletization_queryBuilder)\r\n            }\r\n        }\r\n        catch\r\n        {\r\n            $__cmdletization_exceptionHasBeenThrown = $true\r\n            throw\r\n        }\r\n    }\r\n        \r\n\r\n    End {\r\n        try\r\n        {\r\n            if (-not $__cmdletization_exceptionHasBeenThrown)\r\n            {\r\n                $__cmdletization_objectModelWrapper.EndProcessing()\r\n            }\r\n        }\r\n        catch\r\n        {\r\n            throw\r\n        }\r\n    }\r\n\r\n    # .EXTERNALHELP MSFT_MpThreat.cdxml-Help.xml\r\n}\r\nMicrosoft.PowerShell.Core\\Export-ModuleMember -Function 'Get-MpThreat' -Alias '*'\r\n        \r\n\r\n\r\nScriptBlock ID: 66b6b253-70f5-4eec-8d60-6ab8c17b78c1\r\nPath:","_time":"2026-08-27T05:34:07.413+0200","host":"Win-10","index":"main","linecount":"265","punct":"//_::._=--/===-..==-------==--====___=__=___(__):\\r","source":"WinEventLog:Microsoft-Windows-PowerShell/Operational","sourcetype":"WinEventLog:Microsoft-Windows-PowerShell/Operational","splunk_server":"splunk-virtual-machine"}}
{"preview":false,"result":{"ComputerName":"Win-10.miacsdomain.com","EventCode":"4103","EventType":"4","Keywords":"None","LogName":"Microsoft-Windows-PowerShell/Operational","Message":"CommandInvocation(Export-ModuleMember): \"Export-ModuleMember\"\r\nParameterBinding(Export-ModuleMember): name=\"Function\"; value=\"Get-MpPreference\"\r\nParameterBinding(Export-ModuleMember): name=\"Alias\"; value=\"*\"\r\n\r\n\r\nContext:\r\n        Severity = Informational\r\n        Host Name = ConsoleHost\r\n        Host Version = 5.1.19041.3803\r\n        Host ID = 0fb12970-e2be-4290-be86-eded5aac6150\r\n        Host Application = C:\\Windows\\System32\\WindowsPowerShell\\v1.0\\powershell.exe\r\n        Engine Version = 5.1.19041.3803\r\n        Runspace ID = a742bf80-d4d6-4398-99ef-eea003b6b50d\r\n        Pipeline ID = 135\r\n        Command Name = Export-ModuleMember\r\n        Command Type = Cmdlet\r\n        Script Name = \r\n        Command Path = \r\n        Sequence Number = 584\r\n        User = miacsdomain\\mgarcia\r\n        Connected User = \r\n        Shell ID = Microsoft.PowerShell\r\n\r\n\r\nUser Data:","OpCode":"To be used when operation is just executing a method","ParameterBinding_Export_ModuleMember_":["name=\"Function\"; value=\"Get-MpPreference\"","name=\"Alias\"; value=\"*\""],"RecordNumber":"14512","Sid":"S-1-5-21-246749117-2054088174-1189330396-1110","SidType":"0","SourceName":"Microsoft-Windows-PowerShell","TaskCategory":"Executing Pipeline","Type":"Information","User":"NOT_TRANSLATED","_raw":"08/27/2026 05:34:07.407 AM\nLogName=Microsoft-Windows-PowerShell/Operational\nEventCode=4103\nEventType=4\nComputerName=Win-10.miacsdomain.com\nUser=NOT_TRANSLATED\nSid=S-1-5-21-246749117-2054088174-1189330396-1110\nSidType=0\nSourceName=Microsoft-Windows-PowerShell\nType=Information\nRecordNumber=14512\nKeywords=None\nTaskCategory=Executing Pipeline\nOpCode=To be used when operation is just executing a method\nMessage=CommandInvocation(Export-ModuleMember): \"Export-ModuleMember\"\r\nParameterBinding(Export-ModuleMember): name=\"Function\"; value=\"Get-MpPreference\"\r\nParameterBinding(Export-ModuleMember): name=\"Alias\"; value=\"*\"\r\n\r\n\r\nContext:\r\n        Severity = Informational\r\n        Host Name = ConsoleHost\r\n        Host Version = 5.1.19041.3803\r\n        Host ID = 0fb12970-e2be-4290-be86-eded5aac6150\r\n        Host Application = C:\\Windows\\System32\\WindowsPowerShell\\v1.0\\powershell.exe\r\n        Engine Version = 5.1.19041.3803\r\n        Runspace ID = a742bf80-d4d6-4398-99ef-eea003b6b50d\r\n        Pipeline ID = 135\r\n        Command Name = Export-ModuleMember\r\n        Command Type = Cmdlet\r\n        Script Name = \r\n        Command Path = \r\n        Sequence Number = 584\r\n        User = miacsdomain\\mgarcia\r\n        Connected User = \r\n        Shell ID = Microsoft.PowerShell\r\n\r\n\r\nUser Data:","_time":"2026-08-27T05:34:07.407+0200","host":"Win-10","index":"main","linecount":"39","punct":"//_::._=--/===-..==-------==--====_=_________=(-):","source":"WinEventLog:Microsoft-Windows-PowerShell/Operational","sourcetype":"WinEventLog:Microsoft-Windows-PowerShell/Operational","splunk_server":"splunk-virtual-machine"}}
{"preview":false,"result":{"ComputerName":"Win-10.miacsdomain.com","EventCode":"4103","EventType":"4","Keywords":"None","LogName":"Microsoft-Windows-PowerShell/Operational","Message":"CommandInvocation(Export-ModuleMember): \"Export-ModuleMember\"\r\nParameterBinding(Export-ModuleMember): name=\"Function\"; value=\"Remove-MpPreference\"\r\nParameterBinding(Export-ModuleMember): name=\"Alias\"; value=\"*\"\r\n\r\n\r\nContext:\r\n        Severity = Informational\r\n        Host Name = ConsoleHost\r\n        Host Version = 5.1.19041.3803\r\n        Host ID = 0fb12970-e2be-4290-be86-eded5aac6150\r\n        Host Application = C:\\Windows\\System32\\WindowsPowerShell\\v1.0\\powershell.exe\r\n        Engine Version = 5.1.19041.3803\r\n        Runspace ID = a742bf80-d4d6-4398-99ef-eea003b6b50d\r\n        Pipeline ID = 135\r\n        Command Name = Export-ModuleMember\r\n        Command Type = Cmdlet\r\n        Script Name = \r\n        Command Path = \r\n        Sequence Number = 582\r\n        User = miacsdomain\\mgarcia\r\n        Connected User = \r\n        Shell ID = Microsoft.PowerShell\r\n\r\n\r\nUser Data:","OpCode":"To be used when operation is just executing a method","ParameterBinding_Export_ModuleMember_":["name=\"Function\"; value=\"Remove-MpPreference\"","name=\"Alias\"; value=\"*\""],"RecordNumber":"14511","Sid":"S-1-5-21-246749117-2054088174-1189330396-1110","SidType":"0","SourceName":"Microsoft-Windows-PowerShell","TaskCategory":"Executing Pipeline","Type":"Information","User":"NOT_TRANSLATED","_raw":"08/27/2026 05:34:07.407 AM\nLogName=Microsoft-Windows-PowerShell/Operational\nEventCode=4103\nEventType=4\nComputerName=Win-10.miacsdomain.com\nUser=NOT_TRANSLATED\nSid=S-1-5-21-246749117-2054088174-1189330396-1110\nSidType=0\nSourceName=Microsoft-Windows-PowerShell\nType=Information\nRecordNumber=14511\nKeywords=None\nTaskCategory=Executing Pipeline\nOpCode=To be used when operation is just executing a method\nMessage=CommandInvocation(Export-ModuleMember): \"Export-ModuleMember\"\r\nParameterBinding(Export-ModuleMember): name=\"Function\"; value=\"Remove-MpPreference\"\r\nParameterBinding(Export-ModuleMember): name=\"Alias\"; value=\"*\"\r\n\r\n\r\nContext:\r\n        Severity = Informational\r\n        Host Name = ConsoleHost\r\n        Host Version = 5.1.19041.3803\r\n        Host ID = 0fb12970-e2be-4290-be86-eded5aac6150\r\n        Host Application = C:\\Windows\\System32\\WindowsPowerShell\\v1.0\\powershell.exe\r\n        Engine Version = 5.1.19041.3803\r\n        Runspace ID = a742bf80-d4d6-4398-99ef-eea003b6b50d\r\n        Pipeline ID = 135\r\n        Command Name = Export-ModuleMember\r\n        Command Type = Cmdlet\r\n        Script Name = \r\n        Command Path = \r\n        Sequence Number = 582\r\n        User = miacsdomain\\mgarcia\r\n        Connected User = \r\n        Shell ID = Microsoft.PowerShell\r\n\r\n\r\nUser Data:","_time":"2026-08-27T05:34:07.407+0200","host":"Win-10","index":"main","linecount":"39","punct":"//_::._=--/===-..==-------==--====_=_________=(-):","source":"WinEventLog:Microsoft-Windows-PowerShell/Operational","sourcetype":"WinEventLog:Microsoft-Windows-PowerShell/Operational","splunk_server":"splunk-virtual-machine"}}
{"preview":false,"result":{"ComputerName":"Win-10.miacsdomain.com","EventCode":"4103","EventType":"4","Keywords":"None","LogName":"Microsoft-Windows-PowerShell/Operational","Message":"CommandInvocation(Export-ModuleMember): \"Export-ModuleMember\"\r\nParameterBinding(Export-ModuleMember): name=\"Function\"; value=\"Add-MpPreference\"\r\nParameterBinding(Export-ModuleMember): name=\"Alias\"; value=\"*\"\r\n\r\n\r\nContext:\r\n        Severity = Informational\r\n        Host Name = ConsoleHost\r\n        Host Version = 5.1.19041.3803\r\n        Host ID = 0fb12970-e2be-4290-be86-eded5aac6150\r\n        Host Application = C:\\Windows\\System32\\WindowsPowerShell\\v1.0\\powershell.exe\r\n        Engine Version = 5.1.19041.3803\r\n        Runspace ID = a742bf80-d4d6-4398-99ef-eea003b6b50d\r\n        Pipeline ID = 135\r\n        Command Name = Export-ModuleMember\r\n        Command Type = Cmdlet\r\n        Script Name = \r\n        Command Path = \r\n        Sequence Number = 580\r\n        User = miacsdomain\\mgarcia\r\n        Connected User = \r\n        Shell ID = Microsoft.PowerShell\r\n\r\n\r\nUser Data:","OpCode":"To be used when operation is just executing a method","ParameterBinding_Export_ModuleMember_":["name=\"Function\"; value=\"Add-MpPreference\"","name=\"Alias\"; value=\"*\""],"RecordNumber":"14510","Sid":"S-1-5-21-246749117-2054088174-1189330396-1110","SidType":"0","SourceName":"Microsoft-Windows-PowerShell","TaskCategory":"Executing Pipeline","Type":"Information","User":"NOT_TRANSLATED","_raw":"08/27/2026 05:34:07.406 AM\nLogName=Microsoft-Windows-PowerShell/Operational\nEventCode=4103\nEventType=4\nComputerName=Win-10.miacsdomain.com\nUser=NOT_TRANSLATED\nSid=S-1-5-21-246749117-2054088174-1189330396-1110\nSidType=0\nSourceName=Microsoft-Windows-PowerShell\nType=Information\nRecordNumber=14510\nKeywords=None\nTaskCategory=Executing Pipeline\nOpCode=To be used when operation is just executing a method\nMessage=CommandInvocation(Export-ModuleMember): \"Export-ModuleMember\"\r\nParameterBinding(Export-ModuleMember): name=\"Function\"; value=\"Add-MpPreference\"\r\nParameterBinding(Export-ModuleMember): name=\"Alias\"; value=\"*\"\r\n\r\n\r\nContext:\r\n        Severity = Informational\r\n        Host Name = ConsoleHost\r\n        Host Version = 5.1.19041.3803\r\n        Host ID = 0fb12970-e2be-4290-be86-eded5aac6150\r\n        Host Application = C:\\Windows\\System32\\WindowsPowerShell\\v1.0\\powershell.exe\r\n        Engine Version = 5.1.19041.3803\r\n        Runspace ID = a742bf80-d4d6-4398-99ef-eea003b6b50d\r\n        Pipeline ID = 135\r\n        Command Name = Export-ModuleMember\r\n        Command Type = Cmdlet\r\n        Script Name = \r\n        Command Path = \r\n        Sequence Number = 580\r\n        User = miacsdomain\\mgarcia\r\n        Connected User = \r\n        Shell ID = Microsoft.PowerShell\r\n\r\n\r\nUser Data:","_time":"2026-08-27T05:34:07.406+0200","host":"Win-10","index":"main","linecount":"39","punct":"//_::._=--/===-..==-------==--====_=_________=(-):","source":"WinEventLog:Microsoft-Windows-PowerShell/Operational","sourcetype":"WinEventLog:Microsoft-Windows-PowerShell/Operational","splunk_server":"splunk-virtual-machine"}}
{"preview":false,"result":{"ComputerName":"Win-10.miacsdomain.com","EventCode":"4103","EventType":"4","Keywords":"None","LogName":"Microsoft-Windows-PowerShell/Operational","Message":"CommandInvocation(Export-ModuleMember): \"Export-ModuleMember\"\r\nParameterBinding(Export-ModuleMember): name=\"Function\"; value=\"Set-MpPreference\"\r\nParameterBinding(Export-ModuleMember): name=\"Alias\"; value=\"*\"\r\n\r\n\r\nContext:\r\n        Severity = Informational\r\n        Host Name = ConsoleHost\r\n        Host Version = 5.1.19041.3803\r\n        Host ID = 0fb12970-e2be-4290-be86-eded5aac6150\r\n        Host Application = C:\\Windows\\System32\\WindowsPowerShell\\v1.0\\powershell.exe\r\n        Engine Version = 5.1.19041.3803\r\n        Runspace ID = a742bf80-d4d6-4398-99ef-eea003b6b50d\r\n        Pipeline ID = 135\r\n        Command Name = Export-ModuleMember\r\n        Command Type = Cmdlet\r\n        Script Name = \r\n        Command Path = \r\n        Sequence Number = 578\r\n        User = miacsdomain\\mgarcia\r\n        Connected User = \r\n        Shell ID = Microsoft.PowerShell\r\n\r\n\r\nUser Data:","OpCode":"To be used when operation is just executing a method","ParameterBinding_Export_ModuleMember_":["name=\"Function\"; value=\"Set-MpPreference\"","name=\"Alias\"; value=\"*\""],"RecordNumber":"14509","Sid":"S-1-5-21-246749117-2054088174-1189330396-1110","SidType":"0","SourceName":"Microsoft-Windows-PowerShell","TaskCategory":"Executing Pipeline","Type":"Information","User":"NOT_TRANSLATED","_raw":"08/27/2026 05:34:07.406 AM\nLogName=Microsoft-Windows-PowerShell/Operational\nEventCode=4103\nEventType=4\nComputerName=Win-10.miacsdomain.com\nUser=NOT_TRANSLATED\nSid=S-1-5-21-246749117-2054088174-1189330396-1110\nSidType=0\nSourceName=Microsoft-Windows-PowerShell\nType=Information\nRecordNumber=14509\nKeywords=None\nTaskCategory=Executing Pipeline\nOpCode=To be used when operation is just executing a method\nMessage=CommandInvocation(Export-ModuleMember): \"Export-ModuleMember\"\r\nParameterBinding(Export-ModuleMember): name=\"Function\"; value=\"Set-MpPreference\"\r\nParameterBinding(Export-ModuleMember): name=\"Alias\"; value=\"*\"\r\n\r\n\r\nContext:\r\n        Severity = Informational\r\n        Host Name = ConsoleHost\r\n        Host Version = 5.1.19041.3803\r\n        Host ID = 0fb12970-e2be-4290-be86-eded5aac6150\r\n        Host Application = C:\\Windows\\System32\\WindowsPowerShell\\v1.0\\powershell.exe\r\n        Engine Version = 5.1.19041.3803\r\n        Runspace ID = a742bf80-d4d6-4398-99ef-eea003b6b50d\r\n        Pipeline ID = 135\r\n        Command Name = Export-ModuleMember\r\n        Command Type = Cmdlet\r\n        Script Name = \r\n        Command Path = \r\n        Sequence Number = 578\r\n        User = miacsdomain\\mgarcia\r\n        Connected User = \r\n        Shell ID = Microsoft.PowerShell\r\n\r\n\r\nUser Data:","_time":"2026-08-27T05:34:07.406+0200","host":"Win-10","index":"main","linecount":"39","punct":"//_::._=--/===-..==-------==--====_=_________=(-):","source":"WinEventLog:Microsoft-Windows-PowerShell/Operational","sourcetype":"WinEventLog:Microsoft-Windows-PowerShell/Operational","splunk_server":"splunk-virtual-machine"}}
{"preview":false,"result":{"ComputerName":"Win-10.miacsdomain.com","EventCode":"4103","EventType":"4","Keywords":"None","LogName":"Microsoft-Windows-PowerShell/Operational","Message":"CommandInvocation(Export-ModuleMember): \"Export-ModuleMember\"\r\nParameterBinding(Export-ModuleMember): name=\"Function\"; value=\"\"\r\n\r\n\r\nContext:\r\n        Severity = Informational\r\n        Host Name = ConsoleHost\r\n        Host Version = 5.1.19041.3803\r\n        Host ID = 0fb12970-e2be-4290-be86-eded5aac6150\r\n        Host Application = C:\\Windows\\System32\\WindowsPowerShell\\v1.0\\powershell.exe\r\n        Engine Version = 5.1.19041.3803\r\n        Runspace ID = a742bf80-d4d6-4398-99ef-eea003b6b50d\r\n        Pipeline ID = 135\r\n        Command Name = Export-ModuleMember\r\n        Command Type = Cmdlet\r\n        Script Name = \r\n        Command Path = \r\n        Sequence Number = 576\r\n        User = miacsdomain\\mgarcia\r\n        Connected User = \r\n        Shell ID = Microsoft.PowerShell\r\n\r\n\r\nUser Data:","OpCode":"To be used when operation is just executing a method","ParameterBinding_Export_ModuleMember_":"name=\"Function\"; value=\"\"","RecordNumber":"14508","Sid":"S-1-5-21-246749117-2054088174-1189330396-1110","SidType":"0","SourceName":"Microsoft-Windows-PowerShell","TaskCategory":"Executing Pipeline","Type":"Information","User":"NOT_TRANSLATED","_raw":"08/27/2026 05:34:07.406 AM\nLogName=Microsoft-Windows-PowerShell/Operational\nEventCode=4103\nEventType=4\nComputerName=Win-10.miacsdomain.com\nUser=NOT_TRANSLATED\nSid=S-1-5-21-246749117-2054088174-1189330396-1110\nSidType=0\nSourceName=Microsoft-Windows-PowerShell\nType=Information\nRecordNumber=14508\nKeywords=None\nTaskCategory=Executing Pipeline\nOpCode=To be used when operation is just executing a method\nMessage=CommandInvocation(Export-ModuleMember): \"Export-ModuleMember\"\r\nParameterBinding(Export-ModuleMember): name=\"Function\"; value=\"\"\r\n\r\n\r\nContext:\r\n        Severity = Informational\r\n        Host Name = ConsoleHost\r\n        Host Version = 5.1.19041.3803\r\n        Host ID = 0fb12970-e2be-4290-be86-eded5aac6150\r\n        Host Application = C:\\Windows\\System32\\WindowsPowerShell\\v1.0\\powershell.exe\r\n        Engine Version = 5.1.19041.3803\r\n        Runspace ID = a742bf80-d4d6-4398-99ef-eea003b6b50d\r\n        Pipeline ID = 135\r\n        Command Name = Export-ModuleMember\r\n        Command Type = Cmdlet\r\n        Script Name = \r\n        Command Path = \r\n        Sequence Number = 576\r\n        User = miacsdomain\\mgarcia\r\n        Connected User = \r\n        Shell ID = Microsoft.PowerShell\r\n\r\n\r\nUser Data:","_time":"2026-08-27T05:34:07.406+0200","host":"Win-10","index":"main","linecount":"38","punct":"//_::._=--/===-..==-------==--====_=_________=(-):","source":"WinEventLog:Microsoft-Windows-PowerShell/Operational","sourcetype":"WinEventLog:Microsoft-Windows-PowerShell/Operational","splunk_server":"splunk-virtual-machine"}}
{"preview":false,"result":{"ComputerName":"Win-10.miacsdomain.com","EventCode":"4103","EventType":"4","Keywords":"None","LogName":"Microsoft-Windows-PowerShell/Operational","Message":"CommandInvocation(Set-StrictMode): \"Set-StrictMode\"\r\nParameterBinding(Set-StrictMode): name=\"Off\"; value=\"True\"\r\n\r\n\r\nContext:\r\n        Severity = Informational\r\n        Host Name = ConsoleHost\r\n        Host Version = 5.1.19041.3803\r\n        Host ID = 0fb12970-e2be-4290-be86-eded5aac6150\r\n        Host Application = C:\\Windows\\System32\\WindowsPowerShell\\v1.0\\powershell.exe\r\n        Engine Version = 5.1.19041.3803\r\n        Runspace ID = a742bf80-d4d6-4398-99ef-eea003b6b50d\r\n        Pipeline ID = 135\r\n        Command Name = Set-StrictMode\r\n        Command Type = Cmdlet\r\n        Script Name = \r\n        Command Path = \r\n        Sequence Number = 574\r\n        User = miacsdomain\\mgarcia\r\n        Connected User = \r\n        Shell ID = Microsoft.PowerShell\r\n\r\n\r\nUser Data:","OpCode":"To be used when operation is just executing a method","ParameterBinding_Set_StrictMode_":"name=\"Off\"; value=\"True\"","RecordNumber":"14507","Sid":"S-1-5-21-246749117-2054088174-1189330396-1110","SidType":"0","SourceName":"Microsoft-Windows-PowerShell","TaskCategory":"Executing Pipeline","Type":"Information","User":"NOT_TRANSLATED","_raw":"08/27/2026 05:34:07.406 AM\nLogName=Microsoft-Windows-PowerShell/Operational\nEventCode=4103\nEventType=4\nComputerName=Win-10.miacsdomain.com\nUser=NOT_TRANSLATED\nSid=S-1-5-21-246749117-2054088174-1189330396-1110\nSidType=0\nSourceName=Microsoft-Windows-PowerShell\nType=Information\nRecordNumber=14507\nKeywords=None\nTaskCategory=Executing Pipeline\nOpCode=To be used when operation is just executing a method\nMessage=CommandInvocation(Set-StrictMode): \"Set-StrictMode\"\r\nParameterBinding(Set-StrictMode): name=\"Off\"; value=\"True\"\r\n\r\n\r\nContext:\r\n        Severity = Informational\r\n        Host Name = ConsoleHost\r\n        Host Version = 5.1.19041.3803\r\n        Host ID = 0fb12970-e2be-4290-be86-eded5aac6150\r\n        Host Application = C:\\Windows\\System32\\WindowsPowerShell\\v1.0\\powershell.exe\r\n        Engine Version = 5.1.19041.3803\r\n        Runspace ID = a742bf80-d4d6-4398-99ef-eea003b6b50d\r\n        Pipeline ID = 135\r\n        Command Name = Set-StrictMode\r\n        Command Type = Cmdlet\r\n        Script Name = \r\n        Command Path = \r\n        Sequence Number = 574\r\n        User = miacsdomain\\mgarcia\r\n        Connected User = \r\n        Shell ID = Microsoft.PowerShell\r\n\r\n\r\nUser Data:","_time":"2026-08-27T05:34:07.406+0200","host":"Win-10","index":"main","linecount":"38","punct":"//_::._=--/===-..==-------==--====_=_________=(-):","source":"WinEventLog:Microsoft-Windows-PowerShell/Operational","sourcetype":"WinEventLog:Microsoft-Windows-PowerShell/Operational","splunk_server":"splunk-virtual-machine"}}
