{"preview":false,"result":{"ComputerName":"Win-10.miacsdomain.com","EventCode":"4103","EventType":"4","Keywords":"None","LogName":"Microsoft-Windows-PowerShell/Operational","Message":"CommandInvocation(Resolve-Path): \"Resolve-Path\"\r\nParameterBinding(Resolve-Path): name=\"ErrorAction\"; value=\"Ignore\"\r\nParameterBinding(Resolve-Path): name=\"WarningAction\"; value=\"Ignore\"\r\nParameterBinding(Resolve-Path): name=\"InformationAction\"; value=\"Ignore\"\r\nParameterBinding(Resolve-Path): name=\"Verbose\"; value=\"False\"\r\nParameterBinding(Resolve-Path): name=\"Debug\"; value=\"False\"\r\nParameterBinding(Resolve-Path): name=\"Path\"; value=\"C:\\Users\\Public\\Desk*\"\r\n\r\n\r\nContext:\r\n        Severity = Informational\r\n        Host Name = ConsoleHost\r\n        Host Version = 5.1.19041.3803\r\n        Host ID = 0fb12970-e2be-4290-be86-eded5aac6150\r\n        Host Application = C:\\Windows\\System32\\WindowsPowerShell\\v1.0\\powershell.exe\r\n        Engine Version = 5.1.19041.3803\r\n        Runspace ID = a742bf80-d4d6-4398-99ef-eea003b6b50d\r\n        Pipeline ID = 124\r\n        Command Name = Resolve-Path\r\n        Command Type = Cmdlet\r\n        Script Name = \r\n        Command Path = \r\n        Sequence Number = 552\r\n        User = miacsdomain\\mgarcia\r\n        Connected User = \r\n        Shell ID = Microsoft.PowerShell\r\n\r\n\r\nUser Data:","OpCode":"To be used when operation is just executing a method","ParameterBinding_Resolve_Path_":["name=\"ErrorAction\"; value=\"Ignore\"","name=\"WarningAction\"; value=\"Ignore\"","name=\"InformationAction\"; value=\"Ignore\"","name=\"Verbose\"; value=\"False\"","name=\"Debug\"; value=\"False\"","name=\"Path\"; value=\"C:\\Users\\Public\\Desk*\""],"RecordNumber":"14484","Sid":"S-1-5-21-246749117-2054088174-1189330396-1110","SidType":"0","SourceName":"Microsoft-Windows-PowerShell","TaskCategory":"Executing Pipeline","Type":"Information","User":"NOT_TRANSLATED","_raw":"08/27/2026 05:33:29.661 AM\nLogName=Microsoft-Windows-PowerShell/Operational\nEventCode=4103\nEventType=4\nComputerName=Win-10.miacsdomain.com\nUser=NOT_TRANSLATED\nSid=S-1-5-21-246749117-2054088174-1189330396-1110\nSidType=0\nSourceName=Microsoft-Windows-PowerShell\nType=Information\nRecordNumber=14484\nKeywords=None\nTaskCategory=Executing Pipeline\nOpCode=To be used when operation is just executing a method\nMessage=CommandInvocation(Resolve-Path): \"Resolve-Path\"\r\nParameterBinding(Resolve-Path): name=\"ErrorAction\"; value=\"Ignore\"\r\nParameterBinding(Resolve-Path): name=\"WarningAction\"; value=\"Ignore\"\r\nParameterBinding(Resolve-Path): name=\"InformationAction\"; value=\"Ignore\"\r\nParameterBinding(Resolve-Path): name=\"Verbose\"; value=\"False\"\r\nParameterBinding(Resolve-Path): name=\"Debug\"; value=\"False\"\r\nParameterBinding(Resolve-Path): name=\"Path\"; value=\"C:\\Users\\Public\\Desk*\"\r\n\r\n\r\nContext:\r\n        Severity = Informational\r\n        Host Name = ConsoleHost\r\n        Host Version = 5.1.19041.3803\r\n        Host ID = 0fb12970-e2be-4290-be86-eded5aac6150\r\n        Host Application = C:\\Windows\\System32\\WindowsPowerShell\\v1.0\\powershell.exe\r\n        Engine Version = 5.1.19041.3803\r\n        Runspace ID = a742bf80-d4d6-4398-99ef-eea003b6b50d\r\n        Pipeline ID = 124\r\n        Command Name = Resolve-Path\r\n        Command Type = Cmdlet\r\n        Script Name = \r\n        Command Path = \r\n        Sequence Number = 552\r\n        User = miacsdomain\\mgarcia\r\n        Connected User = \r\n        Shell ID = Microsoft.PowerShell\r\n\r\n\r\nUser Data:","_time":"2026-08-27T05:33:29.661+0200","host":"Win-10","index":"main","linecount":"43","punct":"//_::._=--/===-..==-------==--====_=_________=(-):","source":"WinEventLog:Microsoft-Windows-PowerShell/Operational","sourcetype":"WinEventLog:Microsoft-Windows-PowerShell/Operational","splunk_server":"splunk-virtual-machine"}}
{"preview":false,"result":{"ComputerName":"Win-10.miacsdomain.com","EventCode":"4103","EventType":"4","Keywords":"None","LogName":"Microsoft-Windows-PowerShell/Operational","Message":"CommandInvocation(Resolve-Path): \"Resolve-Path\"\r\nParameterBinding(Resolve-Path): name=\"ErrorAction\"; value=\"Ignore\"\r\nParameterBinding(Resolve-Path): name=\"WarningAction\"; value=\"Ignore\"\r\nParameterBinding(Resolve-Path): name=\"InformationAction\"; value=\"Ignore\"\r\nParameterBinding(Resolve-Path): name=\"Verbose\"; value=\"False\"\r\nParameterBinding(Resolve-Path): name=\"Debug\"; value=\"False\"\r\nParameterBinding(Resolve-Path): name=\"Path\"; value=\"C:\\Users\\Pu*\"\r\n\r\n\r\nContext:\r\n        Severity = Informational\r\n        Host Name = ConsoleHost\r\n        Host Version = 5.1.19041.3803\r\n        Host ID = 0fb12970-e2be-4290-be86-eded5aac6150\r\n        Host Application = C:\\Windows\\System32\\WindowsPowerShell\\v1.0\\powershell.exe\r\n        Engine Version = 5.1.19041.3803\r\n        Runspace ID = a742bf80-d4d6-4398-99ef-eea003b6b50d\r\n        Pipeline ID = 122\r\n        Command Name = Resolve-Path\r\n        Command Type = Cmdlet\r\n        Script Name = \r\n        Command Path = \r\n        Sequence Number = 550\r\n        User = miacsdomain\\mgarcia\r\n        Connected User = \r\n        Shell ID = Microsoft.PowerShell\r\n\r\n\r\nUser Data:","OpCode":"To be used when operation is just executing a method","ParameterBinding_Resolve_Path_":["name=\"ErrorAction\"; value=\"Ignore\"","name=\"WarningAction\"; value=\"Ignore\"","name=\"InformationAction\"; value=\"Ignore\"","name=\"Verbose\"; value=\"False\"","name=\"Debug\"; value=\"False\"","name=\"Path\"; value=\"C:\\Users\\Pu*\""],"RecordNumber":"14483","Sid":"S-1-5-21-246749117-2054088174-1189330396-1110","SidType":"0","SourceName":"Microsoft-Windows-PowerShell","TaskCategory":"Executing Pipeline","Type":"Information","User":"NOT_TRANSLATED","_raw":"08/27/2026 05:33:28.191 AM\nLogName=Microsoft-Windows-PowerShell/Operational\nEventCode=4103\nEventType=4\nComputerName=Win-10.miacsdomain.com\nUser=NOT_TRANSLATED\nSid=S-1-5-21-246749117-2054088174-1189330396-1110\nSidType=0\nSourceName=Microsoft-Windows-PowerShell\nType=Information\nRecordNumber=14483\nKeywords=None\nTaskCategory=Executing Pipeline\nOpCode=To be used when operation is just executing a method\nMessage=CommandInvocation(Resolve-Path): \"Resolve-Path\"\r\nParameterBinding(Resolve-Path): name=\"ErrorAction\"; value=\"Ignore\"\r\nParameterBinding(Resolve-Path): name=\"WarningAction\"; value=\"Ignore\"\r\nParameterBinding(Resolve-Path): name=\"InformationAction\"; value=\"Ignore\"\r\nParameterBinding(Resolve-Path): name=\"Verbose\"; value=\"False\"\r\nParameterBinding(Resolve-Path): name=\"Debug\"; value=\"False\"\r\nParameterBinding(Resolve-Path): name=\"Path\"; value=\"C:\\Users\\Pu*\"\r\n\r\n\r\nContext:\r\n        Severity = Informational\r\n        Host Name = ConsoleHost\r\n        Host Version = 5.1.19041.3803\r\n        Host ID = 0fb12970-e2be-4290-be86-eded5aac6150\r\n        Host Application = C:\\Windows\\System32\\WindowsPowerShell\\v1.0\\powershell.exe\r\n        Engine Version = 5.1.19041.3803\r\n        Runspace ID = a742bf80-d4d6-4398-99ef-eea003b6b50d\r\n        Pipeline ID = 122\r\n        Command Name = Resolve-Path\r\n        Command Type = Cmdlet\r\n        Script Name = \r\n        Command Path = \r\n        Sequence Number = 550\r\n        User = miacsdomain\\mgarcia\r\n        Connected User = \r\n        Shell ID = Microsoft.PowerShell\r\n\r\n\r\nUser Data:","_time":"2026-08-27T05:33:28.191+0200","host":"Win-10","index":"main","linecount":"43","punct":"//_::._=--/===-..==-------==--====_=_________=(-):","source":"WinEventLog:Microsoft-Windows-PowerShell/Operational","sourcetype":"WinEventLog:Microsoft-Windows-PowerShell/Operational","splunk_server":"splunk-virtual-machine"}}
{"preview":false,"result":{"ComputerName":"Win-10.miacsdomain.com","EventCode":"4103","EventType":"4","Keywords":"None","LogName":"Microsoft-Windows-PowerShell/Operational","Message":"CommandInvocation(Resolve-Path): \"Resolve-Path\"\r\nParameterBinding(Resolve-Path): name=\"ErrorAction\"; value=\"Ignore\"\r\nParameterBinding(Resolve-Path): name=\"WarningAction\"; value=\"Ignore\"\r\nParameterBinding(Resolve-Path): name=\"InformationAction\"; value=\"Ignore\"\r\nParameterBinding(Resolve-Path): name=\"Verbose\"; value=\"False\"\r\nParameterBinding(Resolve-Path): name=\"Debug\"; value=\"False\"\r\nParameterBinding(Resolve-Path): name=\"Path\"; value=\"C:\\Us*\"\r\n\r\n\r\nContext:\r\n        Severity = Informational\r\n        Host Name = ConsoleHost\r\n        Host Version = 5.1.19041.3803\r\n        Host ID = 0fb12970-e2be-4290-be86-eded5aac6150\r\n        Host Application = C:\\Windows\\System32\\WindowsPowerShell\\v1.0\\powershell.exe\r\n        Engine Version = 5.1.19041.3803\r\n        Runspace ID = a742bf80-d4d6-4398-99ef-eea003b6b50d\r\n        Pipeline ID = 120\r\n        Command Name = Resolve-Path\r\n        Command Type = Cmdlet\r\n        Script Name = \r\n        Command Path = \r\n        Sequence Number = 548\r\n        User = miacsdomain\\mgarcia\r\n        Connected User = \r\n        Shell ID = Microsoft.PowerShell\r\n\r\n\r\nUser Data:","OpCode":"To be used when operation is just executing a method","ParameterBinding_Resolve_Path_":["name=\"ErrorAction\"; value=\"Ignore\"","name=\"WarningAction\"; value=\"Ignore\"","name=\"InformationAction\"; value=\"Ignore\"","name=\"Verbose\"; value=\"False\"","name=\"Debug\"; value=\"False\"","name=\"Path\"; value=\"C:\\Us*\""],"RecordNumber":"14482","Sid":"S-1-5-21-246749117-2054088174-1189330396-1110","SidType":"0","SourceName":"Microsoft-Windows-PowerShell","TaskCategory":"Executing Pipeline","Type":"Information","User":"NOT_TRANSLATED","_raw":"08/27/2026 05:33:26.265 AM\nLogName=Microsoft-Windows-PowerShell/Operational\nEventCode=4103\nEventType=4\nComputerName=Win-10.miacsdomain.com\nUser=NOT_TRANSLATED\nSid=S-1-5-21-246749117-2054088174-1189330396-1110\nSidType=0\nSourceName=Microsoft-Windows-PowerShell\nType=Information\nRecordNumber=14482\nKeywords=None\nTaskCategory=Executing Pipeline\nOpCode=To be used when operation is just executing a method\nMessage=CommandInvocation(Resolve-Path): \"Resolve-Path\"\r\nParameterBinding(Resolve-Path): name=\"ErrorAction\"; value=\"Ignore\"\r\nParameterBinding(Resolve-Path): name=\"WarningAction\"; value=\"Ignore\"\r\nParameterBinding(Resolve-Path): name=\"InformationAction\"; value=\"Ignore\"\r\nParameterBinding(Resolve-Path): name=\"Verbose\"; value=\"False\"\r\nParameterBinding(Resolve-Path): name=\"Debug\"; value=\"False\"\r\nParameterBinding(Resolve-Path): name=\"Path\"; value=\"C:\\Us*\"\r\n\r\n\r\nContext:\r\n        Severity = Informational\r\n        Host Name = ConsoleHost\r\n        Host Version = 5.1.19041.3803\r\n        Host ID = 0fb12970-e2be-4290-be86-eded5aac6150\r\n        Host Application = C:\\Windows\\System32\\WindowsPowerShell\\v1.0\\powershell.exe\r\n        Engine Version = 5.1.19041.3803\r\n        Runspace ID = a742bf80-d4d6-4398-99ef-eea003b6b50d\r\n        Pipeline ID = 120\r\n        Command Name = Resolve-Path\r\n        Command Type = Cmdlet\r\n        Script Name = \r\n        Command Path = \r\n        Sequence Number = 548\r\n        User = miacsdomain\\mgarcia\r\n        Connected User = \r\n        Shell ID = Microsoft.PowerShell\r\n\r\n\r\nUser Data:","_time":"2026-08-27T05:33:26.265+0200","host":"Win-10","index":"main","linecount":"43","punct":"//_::._=--/===-..==-------==--====_=_________=(-):","source":"WinEventLog:Microsoft-Windows-PowerShell/Operational","sourcetype":"WinEventLog:Microsoft-Windows-PowerShell/Operational","splunk_server":"splunk-virtual-machine"}}
{"preview":false,"result":{"ComputerName":"Win-10.miacsdomain.com","EventCode":"4103","EventType":"4","Keywords":"None","LogName":"Microsoft-Windows-PowerShell/Operational","Message":"CommandInvocation(Get-ChildItem): \"Get-ChildItem\"\r\nParameterBinding(Get-ChildItem): name=\"ErrorAction\"; value=\"Ignore\"\r\nParameterBinding(Get-ChildItem): name=\"WarningAction\"; value=\"Ignore\"\r\nParameterBinding(Get-ChildItem): name=\"InformationAction\"; value=\"Ignore\"\r\nParameterBinding(Get-ChildItem): name=\"Verbose\"; value=\"False\"\r\nParameterBinding(Get-ChildItem): name=\"Debug\"; value=\"False\"\r\nParameterBinding(Get-ChildItem): name=\"Path\"; value=\"set-con*\"\r\nParameterBinding(Get-ChildItem): name=\"Hidden\"; value=\"True\"\r\n\r\n\r\nContext:\r\n        Severity = Informational\r\n        Host Name = ConsoleHost\r\n        Host Version = 5.1.19041.3803\r\n        Host ID = 0fb12970-e2be-4290-be86-eded5aac6150\r\n        Host Application = C:\\Windows\\System32\\WindowsPowerShell\\v1.0\\powershell.exe\r\n        Engine Version = 5.1.19041.3803\r\n        Runspace ID = a742bf80-d4d6-4398-99ef-eea003b6b50d\r\n        Pipeline ID = 115\r\n        Command Name = Get-ChildItem\r\n        Command Type = Cmdlet\r\n        Script Name = \r\n        Command Path = \r\n        Sequence Number = 546\r\n        User = miacsdomain\\mgarcia\r\n        Connected User = \r\n        Shell ID = Microsoft.PowerShell\r\n\r\n\r\nUser Data:","OpCode":"To be used when operation is just executing a method","ParameterBinding_Get_ChildItem_":["name=\"ErrorAction\"; value=\"Ignore\"","name=\"WarningAction\"; value=\"Ignore\"","name=\"InformationAction\"; value=\"Ignore\"","name=\"Verbose\"; value=\"False\"","name=\"Debug\"; value=\"False\"","name=\"Path\"; value=\"set-con*\"","name=\"Hidden\"; value=\"True\""],"RecordNumber":"14481","Sid":"S-1-5-21-246749117-2054088174-1189330396-1110","SidType":"0","SourceName":"Microsoft-Windows-PowerShell","TaskCategory":"Executing Pipeline","Type":"Information","User":"NOT_TRANSLATED","_raw":"08/27/2026 05:33:19.560 AM\nLogName=Microsoft-Windows-PowerShell/Operational\nEventCode=4103\nEventType=4\nComputerName=Win-10.miacsdomain.com\nUser=NOT_TRANSLATED\nSid=S-1-5-21-246749117-2054088174-1189330396-1110\nSidType=0\nSourceName=Microsoft-Windows-PowerShell\nType=Information\nRecordNumber=14481\nKeywords=None\nTaskCategory=Executing Pipeline\nOpCode=To be used when operation is just executing a method\nMessage=CommandInvocation(Get-ChildItem): \"Get-ChildItem\"\r\nParameterBinding(Get-ChildItem): name=\"ErrorAction\"; value=\"Ignore\"\r\nParameterBinding(Get-ChildItem): name=\"WarningAction\"; value=\"Ignore\"\r\nParameterBinding(Get-ChildItem): name=\"InformationAction\"; value=\"Ignore\"\r\nParameterBinding(Get-ChildItem): name=\"Verbose\"; value=\"False\"\r\nParameterBinding(Get-ChildItem): name=\"Debug\"; value=\"False\"\r\nParameterBinding(Get-ChildItem): name=\"Path\"; value=\"set-con*\"\r\nParameterBinding(Get-ChildItem): name=\"Hidden\"; value=\"True\"\r\n\r\n\r\nContext:\r\n        Severity = Informational\r\n        Host Name = ConsoleHost\r\n        Host Version = 5.1.19041.3803\r\n        Host ID = 0fb12970-e2be-4290-be86-eded5aac6150\r\n        Host Application = C:\\Windows\\System32\\WindowsPowerShell\\v1.0\\powershell.exe\r\n        Engine Version = 5.1.19041.3803\r\n        Runspace ID = a742bf80-d4d6-4398-99ef-eea003b6b50d\r\n        Pipeline ID = 115\r\n        Command Name = Get-ChildItem\r\n        Command Type = Cmdlet\r\n        Script Name = \r\n        Command Path = \r\n        Sequence Number = 546\r\n        User = miacsdomain\\mgarcia\r\n        Connected User = \r\n        Shell ID = Microsoft.PowerShell\r\n\r\n\r\nUser Data:","_time":"2026-08-27T05:33:19.560+0200","host":"Win-10","index":"main","linecount":"44","punct":"//_::._=--/===-..==-------==--====_=_________=(-):","source":"WinEventLog:Microsoft-Windows-PowerShell/Operational","sourcetype":"WinEventLog:Microsoft-Windows-PowerShell/Operational","splunk_server":"splunk-virtual-machine"}}
{"preview":false,"result":{"ComputerName":"Win-10.miacsdomain.com","EventCode":"4103","EventType":"4","Keywords":"None","LogName":"Microsoft-Windows-PowerShell/Operational","Message":"CommandInvocation(Resolve-Path): \"Resolve-Path\"\r\nParameterBinding(Resolve-Path): name=\"ErrorAction\"; value=\"Ignore\"\r\nParameterBinding(Resolve-Path): name=\"WarningAction\"; value=\"Ignore\"\r\nParameterBinding(Resolve-Path): name=\"InformationAction\"; value=\"Ignore\"\r\nParameterBinding(Resolve-Path): name=\"Verbose\"; value=\"False\"\r\nParameterBinding(Resolve-Path): name=\"Debug\"; value=\"False\"\r\nParameterBinding(Resolve-Path): name=\"Path\"; value=\"set-con*\"\r\n\r\n\r\nContext:\r\n        Severity = Informational\r\n        Host Name = ConsoleHost\r\n        Host Version = 5.1.19041.3803\r\n        Host ID = 0fb12970-e2be-4290-be86-eded5aac6150\r\n        Host Application = C:\\Windows\\System32\\WindowsPowerShell\\v1.0\\powershell.exe\r\n        Engine Version = 5.1.19041.3803\r\n        Runspace ID = a742bf80-d4d6-4398-99ef-eea003b6b50d\r\n        Pipeline ID = 114\r\n        Command Name = Resolve-Path\r\n        Command Type = Cmdlet\r\n        Script Name = \r\n        Command Path = \r\n        Sequence Number = 544\r\n        User = miacsdomain\\mgarcia\r\n        Connected User = \r\n        Shell ID = Microsoft.PowerShell\r\n\r\n\r\nUser Data:","OpCode":"To be used when operation is just executing a method","ParameterBinding_Resolve_Path_":["name=\"ErrorAction\"; value=\"Ignore\"","name=\"WarningAction\"; value=\"Ignore\"","name=\"InformationAction\"; value=\"Ignore\"","name=\"Verbose\"; value=\"False\"","name=\"Debug\"; value=\"False\"","name=\"Path\"; value=\"set-con*\""],"RecordNumber":"14480","Sid":"S-1-5-21-246749117-2054088174-1189330396-1110","SidType":"0","SourceName":"Microsoft-Windows-PowerShell","TaskCategory":"Executing Pipeline","Type":"Information","User":"NOT_TRANSLATED","_raw":"08/27/2026 05:33:19.559 AM\nLogName=Microsoft-Windows-PowerShell/Operational\nEventCode=4103\nEventType=4\nComputerName=Win-10.miacsdomain.com\nUser=NOT_TRANSLATED\nSid=S-1-5-21-246749117-2054088174-1189330396-1110\nSidType=0\nSourceName=Microsoft-Windows-PowerShell\nType=Information\nRecordNumber=14480\nKeywords=None\nTaskCategory=Executing Pipeline\nOpCode=To be used when operation is just executing a method\nMessage=CommandInvocation(Resolve-Path): \"Resolve-Path\"\r\nParameterBinding(Resolve-Path): name=\"ErrorAction\"; value=\"Ignore\"\r\nParameterBinding(Resolve-Path): name=\"WarningAction\"; value=\"Ignore\"\r\nParameterBinding(Resolve-Path): name=\"InformationAction\"; value=\"Ignore\"\r\nParameterBinding(Resolve-Path): name=\"Verbose\"; value=\"False\"\r\nParameterBinding(Resolve-Path): name=\"Debug\"; value=\"False\"\r\nParameterBinding(Resolve-Path): name=\"Path\"; value=\"set-con*\"\r\n\r\n\r\nContext:\r\n        Severity = Informational\r\n        Host Name = ConsoleHost\r\n        Host Version = 5.1.19041.3803\r\n        Host ID = 0fb12970-e2be-4290-be86-eded5aac6150\r\n        Host Application = C:\\Windows\\System32\\WindowsPowerShell\\v1.0\\powershell.exe\r\n        Engine Version = 5.1.19041.3803\r\n        Runspace ID = a742bf80-d4d6-4398-99ef-eea003b6b50d\r\n        Pipeline ID = 114\r\n        Command Name = Resolve-Path\r\n        Command Type = Cmdlet\r\n        Script Name = \r\n        Command Path = \r\n        Sequence Number = 544\r\n        User = miacsdomain\\mgarcia\r\n        Connected User = \r\n        Shell ID = Microsoft.PowerShell\r\n\r\n\r\nUser Data:","_time":"2026-08-27T05:33:19.559+0200","host":"Win-10","index":"main","linecount":"43","punct":"//_::._=--/===-..==-------==--====_=_________=(-):","source":"WinEventLog:Microsoft-Windows-PowerShell/Operational","sourcetype":"WinEventLog:Microsoft-Windows-PowerShell/Operational","splunk_server":"splunk-virtual-machine"}}
{"preview":false,"result":{"ComputerName":"Win-10.miacsdomain.com","EventCode":"4103","EventType":"4","Keywords":"None","LogName":"Microsoft-Windows-PowerShell/Operational","Message":"CommandInvocation(Set-StrictMode): \"Set-StrictMode\"\r\nParameterBinding(Set-StrictMode): name=\"Off\"; value=\"True\"\r\n\r\n\r\nContext:\r\n        Severity = Informational\r\n        Host Name = ConsoleHost\r\n        Host Version = 5.1.19041.3803\r\n        Host ID = 0fb12970-e2be-4290-be86-eded5aac6150\r\n        Host Application = C:\\Windows\\System32\\WindowsPowerShell\\v1.0\\powershell.exe\r\n        Engine Version = 5.1.19041.3803\r\n        Runspace ID = a742bf80-d4d6-4398-99ef-eea003b6b50d\r\n        Pipeline ID = 112\r\n        Command Name = Set-StrictMode\r\n        Command Type = Cmdlet\r\n        Script Name = C:\\Program Files\\WindowsPowerShell\\Modules\\PSReadline\\2.0.0\\PSReadLine.psm1\r\n        Command Path = \r\n        Sequence Number = 542\r\n        User = miacsdomain\\mgarcia\r\n        Connected User = \r\n        Shell ID = Microsoft.PowerShell\r\n\r\n\r\nUser Data:","OpCode":"To be used when operation is just executing a method","ParameterBinding_Set_StrictMode_":"name=\"Off\"; value=\"True\"","RecordNumber":"14479","Sid":"S-1-5-21-246749117-2054088174-1189330396-1110","SidType":"0","SourceName":"Microsoft-Windows-PowerShell","TaskCategory":"Executing Pipeline","Type":"Information","User":"NOT_TRANSLATED","_raw":"08/27/2026 05:33:09.431 AM\nLogName=Microsoft-Windows-PowerShell/Operational\nEventCode=4103\nEventType=4\nComputerName=Win-10.miacsdomain.com\nUser=NOT_TRANSLATED\nSid=S-1-5-21-246749117-2054088174-1189330396-1110\nSidType=0\nSourceName=Microsoft-Windows-PowerShell\nType=Information\nRecordNumber=14479\nKeywords=None\nTaskCategory=Executing Pipeline\nOpCode=To be used when operation is just executing a method\nMessage=CommandInvocation(Set-StrictMode): \"Set-StrictMode\"\r\nParameterBinding(Set-StrictMode): name=\"Off\"; value=\"True\"\r\n\r\n\r\nContext:\r\n        Severity = Informational\r\n        Host Name = ConsoleHost\r\n        Host Version = 5.1.19041.3803\r\n        Host ID = 0fb12970-e2be-4290-be86-eded5aac6150\r\n        Host Application = C:\\Windows\\System32\\WindowsPowerShell\\v1.0\\powershell.exe\r\n        Engine Version = 5.1.19041.3803\r\n        Runspace ID = a742bf80-d4d6-4398-99ef-eea003b6b50d\r\n        Pipeline ID = 112\r\n        Command Name = Set-StrictMode\r\n        Command Type = Cmdlet\r\n        Script Name = C:\\Program Files\\WindowsPowerShell\\Modules\\PSReadline\\2.0.0\\PSReadLine.psm1\r\n        Command Path = \r\n        Sequence Number = 542\r\n        User = miacsdomain\\mgarcia\r\n        Connected User = \r\n        Shell ID = Microsoft.PowerShell\r\n\r\n\r\nUser Data:","_time":"2026-08-27T05:33:09.431+0200","host":"Win-10","index":"main","linecount":"38","punct":"//_::._=--/===-..==-------==--====_=_________=(-):","source":"WinEventLog:Microsoft-Windows-PowerShell/Operational","sourcetype":"WinEventLog:Microsoft-Windows-PowerShell/Operational","splunk_server":"splunk-virtual-machine"}}
{"preview":false,"result":{"ComputerName":"Win-10.miacsdomain.com","EventCode":"4104","EventType":"5","Keywords":"None","LogName":"Microsoft-Windows-PowerShell/Operational","Message":"Creating Scriptblock text (1 of 1):\r\nprompt\r\n\r\nScriptBlock ID: 208ae537-d3fd-4f9c-9eec-3d43f4ee6610\r\nPath:","OpCode":"On create calls","RecordNumber":"14478","ScriptBlock_ID":"208ae537-d3fd-4f9c-9eec-3d43f4ee6610","Sid":"S-1-5-21-246749117-2054088174-1189330396-1110","SidType":"0","SourceName":"Microsoft-Windows-PowerShell","TaskCategory":"Execute a Remote Command","Type":"Verbose","User":"NOT_TRANSLATED","_raw":"08/27/2026 05:33:09.430 AM\nLogName=Microsoft-Windows-PowerShell/Operational\nEventCode=4104\nEventType=5\nComputerName=Win-10.miacsdomain.com\nUser=NOT_TRANSLATED\nSid=S-1-5-21-246749117-2054088174-1189330396-1110\nSidType=0\nSourceName=Microsoft-Windows-PowerShell\nType=Verbose\nRecordNumber=14478\nKeywords=None\nTaskCategory=Execute a Remote Command\nOpCode=On create calls\nMessage=Creating Scriptblock text (1 of 1):\r\nprompt\r\n\r\nScriptBlock ID: 208ae537-d3fd-4f9c-9eec-3d43f4ee6610\r\nPath:","_time":"2026-08-27T05:33:09.430+0200","host":"Win-10","index":"main","linecount":"19","punct":"//_::._=--/===-..==-------==--====___=__=___(__):\\r","source":"WinEventLog:Microsoft-Windows-PowerShell/Operational","sourcetype":"WinEventLog:Microsoft-Windows-PowerShell/Operational","splunk_server":"splunk-virtual-machine"}}
{"preview":false,"result":{"ComputerName":"Win-10.miacsdomain.com","EventCode":"4103","EventType":"4","Keywords":"None","LogName":"Microsoft-Windows-PowerShell/Operational","Message":"CommandInvocation(Out-Default): \"Out-Default\"\r\n\r\n\r\nContext:\r\n        Severity = Informational\r\n        Host Name = ConsoleHost\r\n        Host Version = 5.1.19041.3803\r\n        Host ID = 0fb12970-e2be-4290-be86-eded5aac6150\r\n        Host Application = C:\\Windows\\System32\\WindowsPowerShell\\v1.0\\powershell.exe\r\n        Engine Version = 5.1.19041.3803\r\n        Runspace ID = a742bf80-d4d6-4398-99ef-eea003b6b50d\r\n        Pipeline ID = 110\r\n        Command Name = \r\n        Command Type = Script\r\n        Script Name = \r\n        Command Path = \r\n        Sequence Number = 540\r\n        User = miacsdomain\\mgarcia\r\n        Connected User = \r\n        Shell ID = Microsoft.PowerShell\r\n\r\n\r\nUser Data:","OpCode":"To be used when operation is just executing a method","RecordNumber":"14477","Sid":"S-1-5-21-246749117-2054088174-1189330396-1110","SidType":"0","SourceName":"Microsoft-Windows-PowerShell","TaskCategory":"Executing Pipeline","Type":"Information","User":"NOT_TRANSLATED","_raw":"08/27/2026 05:33:09.430 AM\nLogName=Microsoft-Windows-PowerShell/Operational\nEventCode=4103\nEventType=4\nComputerName=Win-10.miacsdomain.com\nUser=NOT_TRANSLATED\nSid=S-1-5-21-246749117-2054088174-1189330396-1110\nSidType=0\nSourceName=Microsoft-Windows-PowerShell\nType=Information\nRecordNumber=14477\nKeywords=None\nTaskCategory=Executing Pipeline\nOpCode=To be used when operation is just executing a method\nMessage=CommandInvocation(Out-Default): \"Out-Default\"\r\n\r\n\r\nContext:\r\n        Severity = Informational\r\n        Host Name = ConsoleHost\r\n        Host Version = 5.1.19041.3803\r\n        Host ID = 0fb12970-e2be-4290-be86-eded5aac6150\r\n        Host Application = C:\\Windows\\System32\\WindowsPowerShell\\v1.0\\powershell.exe\r\n        Engine Version = 5.1.19041.3803\r\n        Runspace ID = a742bf80-d4d6-4398-99ef-eea003b6b50d\r\n        Pipeline ID = 110\r\n        Command Name = \r\n        Command Type = Script\r\n        Script Name = \r\n        Command Path = \r\n        Sequence Number = 540\r\n        User = miacsdomain\\mgarcia\r\n        Connected User = \r\n        Shell ID = Microsoft.PowerShell\r\n\r\n\r\nUser Data:","_time":"2026-08-27T05:33:09.430+0200","host":"Win-10","index":"main","linecount":"37","punct":"//_::._=--/===-..==-------==--====_=_________=(-):","source":"WinEventLog:Microsoft-Windows-PowerShell/Operational","sourcetype":"WinEventLog:Microsoft-Windows-PowerShell/Operational","splunk_server":"splunk-virtual-machine"}}
{"preview":false,"result":{"ComputerName":"Win-10.miacsdomain.com","EventCode":"4103","EventType":"4","Keywords":"None","LogName":"Microsoft-Windows-PowerShell/Operational","Message":"CommandInvocation(Remove-Item): \"Remove-Item\"\r\nParameterBinding(Remove-Item): name=\"Force\"; value=\"True\"\r\nParameterBinding(Remove-Item): name=\"Path\"; value=\"C:\\Users*\\Documents*.xlsx\"\r\n\r\n\r\nContext:\r\n        Severity = Informational\r\n        Host Name = ConsoleHost\r\n        Host Version = 5.1.19041.3803\r\n        Host ID = 0fb12970-e2be-4290-be86-eded5aac6150\r\n        Host Application = C:\\Windows\\System32\\WindowsPowerShell\\v1.0\\powershell.exe\r\n        Engine Version = 5.1.19041.3803\r\n        Runspace ID = a742bf80-d4d6-4398-99ef-eea003b6b50d\r\n        Pipeline ID = 110\r\n        Command Name = Remove-Item\r\n        Command Type = Cmdlet\r\n        Script Name = \r\n        Command Path = \r\n        Sequence Number = 538\r\n        User = miacsdomain\\mgarcia\r\n        Connected User = \r\n        Shell ID = Microsoft.PowerShell\r\n\r\n\r\nUser Data:","OpCode":"To be used when operation is just executing a method","ParameterBinding_Remove_Item_":["name=\"Force\"; value=\"True\"","name=\"Path\"; value=\"C:\\Users*\\Documents*.xlsx\""],"RecordNumber":"14476","Sid":"S-1-5-21-246749117-2054088174-1189330396-1110","SidType":"0","SourceName":"Microsoft-Windows-PowerShell","TaskCategory":"Executing Pipeline","Type":"Information","User":"NOT_TRANSLATED","_raw":"08/27/2026 05:33:09.430 AM\nLogName=Microsoft-Windows-PowerShell/Operational\nEventCode=4103\nEventType=4\nComputerName=Win-10.miacsdomain.com\nUser=NOT_TRANSLATED\nSid=S-1-5-21-246749117-2054088174-1189330396-1110\nSidType=0\nSourceName=Microsoft-Windows-PowerShell\nType=Information\nRecordNumber=14476\nKeywords=None\nTaskCategory=Executing Pipeline\nOpCode=To be used when operation is just executing a method\nMessage=CommandInvocation(Remove-Item): \"Remove-Item\"\r\nParameterBinding(Remove-Item): name=\"Force\"; value=\"True\"\r\nParameterBinding(Remove-Item): name=\"Path\"; value=\"C:\\Users*\\Documents*.xlsx\"\r\n\r\n\r\nContext:\r\n        Severity = Informational\r\n        Host Name = ConsoleHost\r\n        Host Version = 5.1.19041.3803\r\n        Host ID = 0fb12970-e2be-4290-be86-eded5aac6150\r\n        Host Application = C:\\Windows\\System32\\WindowsPowerShell\\v1.0\\powershell.exe\r\n        Engine Version = 5.1.19041.3803\r\n        Runspace ID = a742bf80-d4d6-4398-99ef-eea003b6b50d\r\n        Pipeline ID = 110\r\n        Command Name = Remove-Item\r\n        Command Type = Cmdlet\r\n        Script Name = \r\n        Command Path = \r\n        Sequence Number = 538\r\n        User = miacsdomain\\mgarcia\r\n        Connected User = \r\n        Shell ID = Microsoft.PowerShell\r\n\r\n\r\nUser Data:","_time":"2026-08-27T05:33:09.430+0200","host":"Win-10","index":"main","linecount":"39","punct":"//_::._=--/===-..==-------==--====_=_________=(-):","source":"WinEventLog:Microsoft-Windows-PowerShell/Operational","sourcetype":"WinEventLog:Microsoft-Windows-PowerShell/Operational","splunk_server":"splunk-virtual-machine"}}
{"preview":false,"result":{"ComputerName":"Win-10.miacsdomain.com","EventCode":"4104","EventType":"5","Keywords":"None","LogName":"Microsoft-Windows-PowerShell/Operational","Message":"Creating Scriptblock text (1 of 1):\r\nRemove-Item C:\\Users*\\Documents*.xlsx -Force\r\n\r\nScriptBlock ID: 695458ee-e598-40df-8278-8ee3e4e19421\r\nPath:","OpCode":"On create calls","RecordNumber":"14475","ScriptBlock_ID":"695458ee-e598-40df-8278-8ee3e4e19421","Sid":"S-1-5-21-246749117-2054088174-1189330396-1110","SidType":"0","SourceName":"Microsoft-Windows-PowerShell","TaskCategory":"Execute a Remote Command","Type":"Verbose","User":"NOT_TRANSLATED","_raw":"08/27/2026 05:33:09.419 AM\nLogName=Microsoft-Windows-PowerShell/Operational\nEventCode=4104\nEventType=5\nComputerName=Win-10.miacsdomain.com\nUser=NOT_TRANSLATED\nSid=S-1-5-21-246749117-2054088174-1189330396-1110\nSidType=0\nSourceName=Microsoft-Windows-PowerShell\nType=Verbose\nRecordNumber=14475\nKeywords=None\nTaskCategory=Execute a Remote Command\nOpCode=On create calls\nMessage=Creating Scriptblock text (1 of 1):\r\nRemove-Item C:\\Users*\\Documents*.xlsx -Force\r\n\r\nScriptBlock ID: 695458ee-e598-40df-8278-8ee3e4e19421\r\nPath:","_time":"2026-08-27T05:33:09.419+0200","host":"Win-10","index":"main","linecount":"19","punct":"//_::._=--/===-..==-------==--====___=__=___(__):\\r","source":"WinEventLog:Microsoft-Windows-PowerShell/Operational","sourcetype":"WinEventLog:Microsoft-Windows-PowerShell/Operational","splunk_server":"splunk-virtual-machine"}}
{"preview":false,"result":{"ComputerName":"Win-10.miacsdomain.com","EventCode":"4103","EventType":"4","Keywords":"None","LogName":"Microsoft-Windows-PowerShell/Operational","Message":"CommandInvocation(PSConsoleHostReadLine): \"PSConsoleHostReadLine\"\r\n\r\n\r\nContext:\r\n        Severity = Informational\r\n        Host Name = ConsoleHost\r\n        Host Version = 5.1.19041.3803\r\n        Host ID = 0fb12970-e2be-4290-be86-eded5aac6150\r\n        Host Application = C:\\Windows\\System32\\WindowsPowerShell\\v1.0\\powershell.exe\r\n        Engine Version = 5.1.19041.3803\r\n        Runspace ID = a742bf80-d4d6-4398-99ef-eea003b6b50d\r\n        Pipeline ID = 109\r\n        Command Name = PSConsoleHostReadLine\r\n        Command Type = Function\r\n        Script Name = \r\n        Command Path = \r\n        Sequence Number = 536\r\n        User = miacsdomain\\mgarcia\r\n        Connected User = \r\n        Shell ID = Microsoft.PowerShell\r\n\r\n\r\nUser Data:","OpCode":"To be used when operation is just executing a method","RecordNumber":"14474","Sid":"S-1-5-21-246749117-2054088174-1189330396-1110","SidType":"0","SourceName":"Microsoft-Windows-PowerShell","TaskCategory":"Executing Pipeline","Type":"Information","User":"NOT_TRANSLATED","_raw":"08/27/2026 05:33:09.418 AM\nLogName=Microsoft-Windows-PowerShell/Operational\nEventCode=4103\nEventType=4\nComputerName=Win-10.miacsdomain.com\nUser=NOT_TRANSLATED\nSid=S-1-5-21-246749117-2054088174-1189330396-1110\nSidType=0\nSourceName=Microsoft-Windows-PowerShell\nType=Information\nRecordNumber=14474\nKeywords=None\nTaskCategory=Executing Pipeline\nOpCode=To be used when operation is just executing a method\nMessage=CommandInvocation(PSConsoleHostReadLine): \"PSConsoleHostReadLine\"\r\n\r\n\r\nContext:\r\n        Severity = Informational\r\n        Host Name = ConsoleHost\r\n        Host Version = 5.1.19041.3803\r\n        Host ID = 0fb12970-e2be-4290-be86-eded5aac6150\r\n        Host Application = C:\\Windows\\System32\\WindowsPowerShell\\v1.0\\powershell.exe\r\n        Engine Version = 5.1.19041.3803\r\n        Runspace ID = a742bf80-d4d6-4398-99ef-eea003b6b50d\r\n        Pipeline ID = 109\r\n        Command Name = PSConsoleHostReadLine\r\n        Command Type = Function\r\n        Script Name = \r\n        Command Path = \r\n        Sequence Number = 536\r\n        User = miacsdomain\\mgarcia\r\n        Connected User = \r\n        Shell ID = Microsoft.PowerShell\r\n\r\n\r\nUser Data:","_time":"2026-08-27T05:33:09.418+0200","host":"Win-10","index":"main","linecount":"37","punct":"//_::._=--/===-..==-------==--====_=_________=():_","source":"WinEventLog:Microsoft-Windows-PowerShell/Operational","sourcetype":"WinEventLog:Microsoft-Windows-PowerShell/Operational","splunk_server":"splunk-virtual-machine"}}
{"preview":false,"result":{"ComputerName":"Win-10.miacsdomain.com","EventCode":"4103","EventType":"4","Keywords":"None","LogName":"Microsoft-Windows-PowerShell/Operational","Message":"CommandInvocation(Set-StrictMode): \"Set-StrictMode\"\r\nParameterBinding(Set-StrictMode): name=\"Off\"; value=\"True\"\r\n\r\n\r\nContext:\r\n        Severity = Informational\r\n        Host Name = ConsoleHost\r\n        Host Version = 5.1.19041.3803\r\n        Host ID = 0fb12970-e2be-4290-be86-eded5aac6150\r\n        Host Application = C:\\Windows\\System32\\WindowsPowerShell\\v1.0\\powershell.exe\r\n        Engine Version = 5.1.19041.3803\r\n        Runspace ID = a742bf80-d4d6-4398-99ef-eea003b6b50d\r\n        Pipeline ID = 109\r\n        Command Name = Set-StrictMode\r\n        Command Type = Cmdlet\r\n        Script Name = C:\\Program Files\\WindowsPowerShell\\Modules\\PSReadline\\2.0.0\\PSReadLine.psm1\r\n        Command Path = \r\n        Sequence Number = 534\r\n        User = miacsdomain\\mgarcia\r\n        Connected User = \r\n        Shell ID = Microsoft.PowerShell\r\n\r\n\r\nUser Data:","OpCode":"To be used when operation is just executing a method","ParameterBinding_Set_StrictMode_":"name=\"Off\"; value=\"True\"","RecordNumber":"14473","Sid":"S-1-5-21-246749117-2054088174-1189330396-1110","SidType":"0","SourceName":"Microsoft-Windows-PowerShell","TaskCategory":"Executing Pipeline","Type":"Information","User":"NOT_TRANSLATED","_raw":"08/27/2026 05:33:03.849 AM\nLogName=Microsoft-Windows-PowerShell/Operational\nEventCode=4103\nEventType=4\nComputerName=Win-10.miacsdomain.com\nUser=NOT_TRANSLATED\nSid=S-1-5-21-246749117-2054088174-1189330396-1110\nSidType=0\nSourceName=Microsoft-Windows-PowerShell\nType=Information\nRecordNumber=14473\nKeywords=None\nTaskCategory=Executing Pipeline\nOpCode=To be used when operation is just executing a method\nMessage=CommandInvocation(Set-StrictMode): \"Set-StrictMode\"\r\nParameterBinding(Set-StrictMode): name=\"Off\"; value=\"True\"\r\n\r\n\r\nContext:\r\n        Severity = Informational\r\n        Host Name = ConsoleHost\r\n        Host Version = 5.1.19041.3803\r\n        Host ID = 0fb12970-e2be-4290-be86-eded5aac6150\r\n        Host Application = C:\\Windows\\System32\\WindowsPowerShell\\v1.0\\powershell.exe\r\n        Engine Version = 5.1.19041.3803\r\n        Runspace ID = a742bf80-d4d6-4398-99ef-eea003b6b50d\r\n        Pipeline ID = 109\r\n        Command Name = Set-StrictMode\r\n        Command Type = Cmdlet\r\n        Script Name = C:\\Program Files\\WindowsPowerShell\\Modules\\PSReadline\\2.0.0\\PSReadLine.psm1\r\n        Command Path = \r\n        Sequence Number = 534\r\n        User = miacsdomain\\mgarcia\r\n        Connected User = \r\n        Shell ID = Microsoft.PowerShell\r\n\r\n\r\nUser Data:","_time":"2026-08-27T05:33:03.849+0200","host":"Win-10","index":"main","linecount":"38","punct":"//_::._=--/===-..==-------==--====_=_________=(-):","source":"WinEventLog:Microsoft-Windows-PowerShell/Operational","sourcetype":"WinEventLog:Microsoft-Windows-PowerShell/Operational","splunk_server":"splunk-virtual-machine"}}
{"preview":false,"result":{"ComputerName":"Win-10.miacsdomain.com","EventCode":"4104","EventType":"5","Keywords":"None","LogName":"Microsoft-Windows-PowerShell/Operational","Message":"Creating Scriptblock text (1 of 1):\r\nprompt\r\n\r\nScriptBlock ID: 1e658151-a763-4faa-bf22-1cfb91124387\r\nPath:","OpCode":"On create calls","RecordNumber":"14472","ScriptBlock_ID":"1e658151-a763-4faa-bf22-1cfb91124387","Sid":"S-1-5-21-246749117-2054088174-1189330396-1110","SidType":"0","SourceName":"Microsoft-Windows-PowerShell","TaskCategory":"Execute a Remote Command","Type":"Verbose","User":"NOT_TRANSLATED","_raw":"08/27/2026 05:33:03.848 AM\nLogName=Microsoft-Windows-PowerShell/Operational\nEventCode=4104\nEventType=5\nComputerName=Win-10.miacsdomain.com\nUser=NOT_TRANSLATED\nSid=S-1-5-21-246749117-2054088174-1189330396-1110\nSidType=0\nSourceName=Microsoft-Windows-PowerShell\nType=Verbose\nRecordNumber=14472\nKeywords=None\nTaskCategory=Execute a Remote Command\nOpCode=On create calls\nMessage=Creating Scriptblock text (1 of 1):\r\nprompt\r\n\r\nScriptBlock ID: 1e658151-a763-4faa-bf22-1cfb91124387\r\nPath:","_time":"2026-08-27T05:33:03.848+0200","host":"Win-10","index":"main","linecount":"19","punct":"//_::._=--/===-..==-------==--====___=__=___(__):\\r","source":"WinEventLog:Microsoft-Windows-PowerShell/Operational","sourcetype":"WinEventLog:Microsoft-Windows-PowerShell/Operational","splunk_server":"splunk-virtual-machine"}}
{"preview":false,"result":{"ComputerName":"Win-10.miacsdomain.com","EventCode":"4103","EventType":"4","Keywords":"None","LogName":"Microsoft-Windows-PowerShell/Operational","Message":"CommandInvocation(Out-Default): \"Out-Default\"\r\n\r\n\r\nContext:\r\n        Severity = Informational\r\n        Host Name = ConsoleHost\r\n        Host Version = 5.1.19041.3803\r\n        Host ID = 0fb12970-e2be-4290-be86-eded5aac6150\r\n        Host Application = C:\\Windows\\System32\\WindowsPowerShell\\v1.0\\powershell.exe\r\n        Engine Version = 5.1.19041.3803\r\n        Runspace ID = a742bf80-d4d6-4398-99ef-eea003b6b50d\r\n        Pipeline ID = 107\r\n        Command Name = \r\n        Command Type = Script\r\n        Script Name = \r\n        Command Path = \r\n        Sequence Number = 532\r\n        User = miacsdomain\\mgarcia\r\n        Connected User = \r\n        Shell ID = Microsoft.PowerShell\r\n\r\n\r\nUser Data:","OpCode":"To be used when operation is just executing a method","RecordNumber":"14471","Sid":"S-1-5-21-246749117-2054088174-1189330396-1110","SidType":"0","SourceName":"Microsoft-Windows-PowerShell","TaskCategory":"Executing Pipeline","Type":"Information","User":"NOT_TRANSLATED","_raw":"08/27/2026 05:33:03.847 AM\nLogName=Microsoft-Windows-PowerShell/Operational\nEventCode=4103\nEventType=4\nComputerName=Win-10.miacsdomain.com\nUser=NOT_TRANSLATED\nSid=S-1-5-21-246749117-2054088174-1189330396-1110\nSidType=0\nSourceName=Microsoft-Windows-PowerShell\nType=Information\nRecordNumber=14471\nKeywords=None\nTaskCategory=Executing Pipeline\nOpCode=To be used when operation is just executing a method\nMessage=CommandInvocation(Out-Default): \"Out-Default\"\r\n\r\n\r\nContext:\r\n        Severity = Informational\r\n        Host Name = ConsoleHost\r\n        Host Version = 5.1.19041.3803\r\n        Host ID = 0fb12970-e2be-4290-be86-eded5aac6150\r\n        Host Application = C:\\Windows\\System32\\WindowsPowerShell\\v1.0\\powershell.exe\r\n        Engine Version = 5.1.19041.3803\r\n        Runspace ID = a742bf80-d4d6-4398-99ef-eea003b6b50d\r\n        Pipeline ID = 107\r\n        Command Name = \r\n        Command Type = Script\r\n        Script Name = \r\n        Command Path = \r\n        Sequence Number = 532\r\n        User = miacsdomain\\mgarcia\r\n        Connected User = \r\n        Shell ID = Microsoft.PowerShell\r\n\r\n\r\nUser Data:","_time":"2026-08-27T05:33:03.847+0200","host":"Win-10","index":"main","linecount":"37","punct":"//_::._=--/===-..==-------==--====_=_________=(-):","source":"WinEventLog:Microsoft-Windows-PowerShell/Operational","sourcetype":"WinEventLog:Microsoft-Windows-PowerShell/Operational","splunk_server":"splunk-virtual-machine"}}
{"preview":false,"result":{"ComputerName":"Win-10.miacsdomain.com","EventCode":"4103","EventType":"4","Keywords":"None","LogName":"Microsoft-Windows-PowerShell/Operational","Message":"CommandInvocation(Remove-Item): \"Remove-Item\"\r\nParameterBinding(Remove-Item): name=\"Force\"; value=\"True\"\r\nParameterBinding(Remove-Item): name=\"Path\"; value=\"C:\\Users*\\Documents*.pdf\"\r\n\r\n\r\nContext:\r\n        Severity = Informational\r\n        Host Name = ConsoleHost\r\n        Host Version = 5.1.19041.3803\r\n        Host ID = 0fb12970-e2be-4290-be86-eded5aac6150\r\n        Host Application = C:\\Windows\\System32\\WindowsPowerShell\\v1.0\\powershell.exe\r\n        Engine Version = 5.1.19041.3803\r\n        Runspace ID = a742bf80-d4d6-4398-99ef-eea003b6b50d\r\n        Pipeline ID = 107\r\n        Command Name = Remove-Item\r\n        Command Type = Cmdlet\r\n        Script Name = \r\n        Command Path = \r\n        Sequence Number = 530\r\n        User = miacsdomain\\mgarcia\r\n        Connected User = \r\n        Shell ID = Microsoft.PowerShell\r\n\r\n\r\nUser Data:","OpCode":"To be used when operation is just executing a method","ParameterBinding_Remove_Item_":["name=\"Force\"; value=\"True\"","name=\"Path\"; value=\"C:\\Users*\\Documents*.pdf\""],"RecordNumber":"14470","Sid":"S-1-5-21-246749117-2054088174-1189330396-1110","SidType":"0","SourceName":"Microsoft-Windows-PowerShell","TaskCategory":"Executing Pipeline","Type":"Information","User":"NOT_TRANSLATED","_raw":"08/27/2026 05:33:03.847 AM\nLogName=Microsoft-Windows-PowerShell/Operational\nEventCode=4103\nEventType=4\nComputerName=Win-10.miacsdomain.com\nUser=NOT_TRANSLATED\nSid=S-1-5-21-246749117-2054088174-1189330396-1110\nSidType=0\nSourceName=Microsoft-Windows-PowerShell\nType=Information\nRecordNumber=14470\nKeywords=None\nTaskCategory=Executing Pipeline\nOpCode=To be used when operation is just executing a method\nMessage=CommandInvocation(Remove-Item): \"Remove-Item\"\r\nParameterBinding(Remove-Item): name=\"Force\"; value=\"True\"\r\nParameterBinding(Remove-Item): name=\"Path\"; value=\"C:\\Users*\\Documents*.pdf\"\r\n\r\n\r\nContext:\r\n        Severity = Informational\r\n        Host Name = ConsoleHost\r\n        Host Version = 5.1.19041.3803\r\n        Host ID = 0fb12970-e2be-4290-be86-eded5aac6150\r\n        Host Application = C:\\Windows\\System32\\WindowsPowerShell\\v1.0\\powershell.exe\r\n        Engine Version = 5.1.19041.3803\r\n        Runspace ID = a742bf80-d4d6-4398-99ef-eea003b6b50d\r\n        Pipeline ID = 107\r\n        Command Name = Remove-Item\r\n        Command Type = Cmdlet\r\n        Script Name = \r\n        Command Path = \r\n        Sequence Number = 530\r\n        User = miacsdomain\\mgarcia\r\n        Connected User = \r\n        Shell ID = Microsoft.PowerShell\r\n\r\n\r\nUser Data:","_time":"2026-08-27T05:33:03.847+0200","host":"Win-10","index":"main","linecount":"39","punct":"//_::._=--/===-..==-------==--====_=_________=(-):","source":"WinEventLog:Microsoft-Windows-PowerShell/Operational","sourcetype":"WinEventLog:Microsoft-Windows-PowerShell/Operational","splunk_server":"splunk-virtual-machine"}}
{"preview":false,"result":{"ComputerName":"Win-10.miacsdomain.com","EventCode":"4104","EventType":"5","Keywords":"None","LogName":"Microsoft-Windows-PowerShell/Operational","Message":"Creating Scriptblock text (1 of 1):\r\nRemove-Item C:\\Users*\\Documents*.pdf -Force\r\n\r\nScriptBlock ID: 4ba43142-a85e-4239-9abd-59ae292750a0\r\nPath:","OpCode":"On create calls","RecordNumber":"14469","ScriptBlock_ID":"4ba43142-a85e-4239-9abd-59ae292750a0","Sid":"S-1-5-21-246749117-2054088174-1189330396-1110","SidType":"0","SourceName":"Microsoft-Windows-PowerShell","TaskCategory":"Execute a Remote Command","Type":"Verbose","User":"NOT_TRANSLATED","_raw":"08/27/2026 05:33:03.846 AM\nLogName=Microsoft-Windows-PowerShell/Operational\nEventCode=4104\nEventType=5\nComputerName=Win-10.miacsdomain.com\nUser=NOT_TRANSLATED\nSid=S-1-5-21-246749117-2054088174-1189330396-1110\nSidType=0\nSourceName=Microsoft-Windows-PowerShell\nType=Verbose\nRecordNumber=14469\nKeywords=None\nTaskCategory=Execute a Remote Command\nOpCode=On create calls\nMessage=Creating Scriptblock text (1 of 1):\r\nRemove-Item C:\\Users*\\Documents*.pdf -Force\r\n\r\nScriptBlock ID: 4ba43142-a85e-4239-9abd-59ae292750a0\r\nPath:","_time":"2026-08-27T05:33:03.846+0200","host":"Win-10","index":"main","linecount":"19","punct":"//_::._=--/===-..==-------==--====___=__=___(__):\\r","source":"WinEventLog:Microsoft-Windows-PowerShell/Operational","sourcetype":"WinEventLog:Microsoft-Windows-PowerShell/Operational","splunk_server":"splunk-virtual-machine"}}
{"preview":false,"result":{"ComputerName":"Win-10.miacsdomain.com","EventCode":"4103","EventType":"4","Keywords":"None","LogName":"Microsoft-Windows-PowerShell/Operational","Message":"CommandInvocation(PSConsoleHostReadLine): \"PSConsoleHostReadLine\"\r\n\r\n\r\nContext:\r\n        Severity = Informational\r\n        Host Name = ConsoleHost\r\n        Host Version = 5.1.19041.3803\r\n        Host ID = 0fb12970-e2be-4290-be86-eded5aac6150\r\n        Host Application = C:\\Windows\\System32\\WindowsPowerShell\\v1.0\\powershell.exe\r\n        Engine Version = 5.1.19041.3803\r\n        Runspace ID = a742bf80-d4d6-4398-99ef-eea003b6b50d\r\n        Pipeline ID = 106\r\n        Command Name = PSConsoleHostReadLine\r\n        Command Type = Function\r\n        Script Name = \r\n        Command Path = \r\n        Sequence Number = 528\r\n        User = miacsdomain\\mgarcia\r\n        Connected User = \r\n        Shell ID = Microsoft.PowerShell\r\n\r\n\r\nUser Data:","OpCode":"To be used when operation is just executing a method","RecordNumber":"14468","Sid":"S-1-5-21-246749117-2054088174-1189330396-1110","SidType":"0","SourceName":"Microsoft-Windows-PowerShell","TaskCategory":"Executing Pipeline","Type":"Information","User":"NOT_TRANSLATED","_raw":"08/27/2026 05:33:03.845 AM\nLogName=Microsoft-Windows-PowerShell/Operational\nEventCode=4103\nEventType=4\nComputerName=Win-10.miacsdomain.com\nUser=NOT_TRANSLATED\nSid=S-1-5-21-246749117-2054088174-1189330396-1110\nSidType=0\nSourceName=Microsoft-Windows-PowerShell\nType=Information\nRecordNumber=14468\nKeywords=None\nTaskCategory=Executing Pipeline\nOpCode=To be used when operation is just executing a method\nMessage=CommandInvocation(PSConsoleHostReadLine): \"PSConsoleHostReadLine\"\r\n\r\n\r\nContext:\r\n        Severity = Informational\r\n        Host Name = ConsoleHost\r\n        Host Version = 5.1.19041.3803\r\n        Host ID = 0fb12970-e2be-4290-be86-eded5aac6150\r\n        Host Application = C:\\Windows\\System32\\WindowsPowerShell\\v1.0\\powershell.exe\r\n        Engine Version = 5.1.19041.3803\r\n        Runspace ID = a742bf80-d4d6-4398-99ef-eea003b6b50d\r\n        Pipeline ID = 106\r\n        Command Name = PSConsoleHostReadLine\r\n        Command Type = Function\r\n        Script Name = \r\n        Command Path = \r\n        Sequence Number = 528\r\n        User = miacsdomain\\mgarcia\r\n        Connected User = \r\n        Shell ID = Microsoft.PowerShell\r\n\r\n\r\nUser Data:","_time":"2026-08-27T05:33:03.845+0200","host":"Win-10","index":"main","linecount":"37","punct":"//_::._=--/===-..==-------==--====_=_________=():_","source":"WinEventLog:Microsoft-Windows-PowerShell/Operational","sourcetype":"WinEventLog:Microsoft-Windows-PowerShell/Operational","splunk_server":"splunk-virtual-machine"}}
