{"preview":false,"result":{"CommandLine":"C:\\Windows\\System32\\mousocoreworker.exe -Embedding","Company":"Microsoft Corporation","ComputerName":"Win-10.miacsdomain.com","CurrentDirectory":"C:\\Windows\\system32\\","Description":"MoUSO Core Worker Process","EventCode":"1","EventType":"4","FileVersion":"10.0.19041.3803 (WinBuild.160101.0800)","Hashes":"MD5=8B26C179551FE882853ED6E463B2ABA6,SHA256=AEEDB8980F13CE676D9EC597823ECB7B2675ABC43D41A4C5027451792B9ACB87,IMPHASH=8B1D4DC60AB313670A67A00DCC2297CD","Image":"C:\\Windows\\System32\\MoUsoCoreWorker.exe","IntegrityLevel":"System","Keywords":"None","LogName":"Microsoft-Windows-Sysmon/Operational","LogonGuid":"{3f87e246-a659-6a8f-e703-000000000000}","LogonId":"0x3E7","Message":"Process Create:\r\nRuleName: -\r\nUtcTime: 2026-08-27 03:35:03.567\r\nProcessGuid: {3f87e246-b067-6a8f-d502-000000001600}\r\nProcessId: 5364\r\nImage: C:\\Windows\\System32\\MoUsoCoreWorker.exe\r\nFileVersion: 10.0.19041.3803 (WinBuild.160101.0800)\r\nDescription: MoUSO Core Worker Process\r\nProduct: Microsoft® Windows® Operating System\r\nCompany: Microsoft Corporation\r\nOriginalFileName: MoUSOCoreWorker.exe\r\nCommandLine: C:\\Windows\\System32\\mousocoreworker.exe -Embedding\r\nCurrentDirectory: C:\\Windows\\system32\\\r\nUser: NT AUTHORITY\\SYSTEM\r\nLogonGuid: {3f87e246-a659-6a8f-e703-000000000000}\r\nLogonId: 0x3E7\r\nTerminalSessionId: 0\r\nIntegrityLevel: System\r\nHashes: MD5=8B26C179551FE882853ED6E463B2ABA6,SHA256=AEEDB8980F13CE676D9EC597823ECB7B2675ABC43D41A4C5027451792B9ACB87,IMPHASH=8B1D4DC60AB313670A67A00DCC2297CD\r\nParentProcessGuid: {00000000-0000-0000-0000-000000000000}\r\nParentProcessId: 752\r\nParentImage: -\r\nParentCommandLine: -\r\nParentUser: -","OpCode":"Info","OriginalFileName":"MoUSOCoreWorker.exe","ParentCommandLine":"-","ParentImage":"-","ParentProcessGuid":"{00000000-0000-0000-0000-000000000000}","ParentProcessId":"752","ParentUser":"-","ProcessGuid":"{3f87e246-b067-6a8f-d502-000000001600}","ProcessId":"5364","Product":"Microsoft® Windows® Operating System","RecordNumber":"32753","RuleName":"-","Sid":"S-1-5-18","SidType":"0","SourceName":"Microsoft-Windows-Sysmon","TaskCategory":"Process Create (rule: ProcessCreate)","TerminalSessionId":"0","Type":"Information","User":["NOT_TRANSLATED","NT AUTHORITY\\SYSTEM"],"UtcTime":"2026-08-27 03:35:03.567","_raw":"08/27/2026 05:35:03.568 AM\nLogName=Microsoft-Windows-Sysmon/Operational\nEventCode=1\nEventType=4\nComputerName=Win-10.miacsdomain.com\nUser=NOT_TRANSLATED\nSid=S-1-5-18\nSidType=0\nSourceName=Microsoft-Windows-Sysmon\nType=Information\nRecordNumber=32753\nKeywords=None\nTaskCategory=Process Create (rule: ProcessCreate)\nOpCode=Info\nMessage=Process Create:\r\nRuleName: -\r\nUtcTime: 2026-08-27 03:35:03.567\r\nProcessGuid: {3f87e246-b067-6a8f-d502-000000001600}\r\nProcessId: 5364\r\nImage: C:\\Windows\\System32\\MoUsoCoreWorker.exe\r\nFileVersion: 10.0.19041.3803 (WinBuild.160101.0800)\r\nDescription: MoUSO Core Worker Process\r\nProduct: Microsoft® Windows® Operating System\r\nCompany: Microsoft Corporation\r\nOriginalFileName: MoUSOCoreWorker.exe\r\nCommandLine: C:\\Windows\\System32\\mousocoreworker.exe -Embedding\r\nCurrentDirectory: C:\\Windows\\system32\\\r\nUser: NT AUTHORITY\\SYSTEM\r\nLogonGuid: {3f87e246-a659-6a8f-e703-000000000000}\r\nLogonId: 0x3E7\r\nTerminalSessionId: 0\r\nIntegrityLevel: System\r\nHashes: MD5=8B26C179551FE882853ED6E463B2ABA6,SHA256=AEEDB8980F13CE676D9EC597823ECB7B2675ABC43D41A4C5027451792B9ACB87,IMPHASH=8B1D4DC60AB313670A67A00DCC2297CD\r\nParentProcessGuid: {00000000-0000-0000-0000-000000000000}\r\nParentProcessId: 752\r\nParentImage: -\r\nParentCommandLine: -\r\nParentUser: -","_time":"2026-08-27T05:35:03.568+0200","host":"Win-10","index":"main","linecount":"38","punct":"//_::._=--/===-..==---==--====__(:_)==_:\\r:_-\\r:_--_","source":"WinEventLog:Microsoft-Windows-Sysmon/Operational","sourcetype":"WinEventLog:Microsoft-Windows-Sysmon/Operational","splunk_server":"splunk-virtual-machine"}}
{"preview":false,"result":{"Account_Domain":["-","MIACSDOMAIN.COM"],"Account_Name":["-","mgarcia"],"Authentication_Package":"Kerberos","ComputerName":"DC-01.miacsdomain.com","Elevated_Token":"Yes","EventCode":"4624","EventType":"0","Impersonation_Level":"Delegation","Key_Length":"0","Keywords":"Audit Success","Linked_Logon_ID":"0x0","LogName":"Security","Logon_GUID":"{c7f6996b-7b6c-51fc-84c8-965dd057fa71}","Logon_ID":["0x0","0xB971FF"],"Logon_Process":"Kerberos","Logon_Type":"3","Message":"An account was successfully logged on.\r\n\r\nSubject:\r\n\tSecurity ID:\t\tS-1-0-0\r\n\tAccount Name:\t\t-\r\n\tAccount Domain:\t\t-\r\n\tLogon ID:\t\t0x0\r\n\r\nLogon Information:\r\n\tLogon Type:\t\t3\r\n\tRestricted Admin Mode:\t-\r\n\tVirtual Account:\t\tNo\r\n\tElevated Token:\t\tYes\r\n\r\nImpersonation Level:\t\tDelegation\r\n\r\nNew Logon:\r\n\tSecurity ID:\t\tS-1-5-21-246749117-2054088174-1189330396-1110\r\n\tAccount Name:\t\tmgarcia\r\n\tAccount Domain:\t\tMIACSDOMAIN.COM\r\n\tLogon ID:\t\t0xB971FF\r\n\tLinked Logon ID:\t\t0x0\r\n\tNetwork Account Name:\t-\r\n\tNetwork Account Domain:\t-\r\n\tLogon GUID:\t\t{c7f6996b-7b6c-51fc-84c8-965dd057fa71}\r\n\r\nProcess Information:\r\n\tProcess ID:\t\t0x0\r\n\tProcess Name:\t\t-\r\n\r\nNetwork Information:\r\n\tWorkstation Name:\t-\r\n\tSource Network Address:\t192.168.100.10\r\n\tSource Port:\t\t63927\r\n\r\nDetailed Authentication Information:\r\n\tLogon Process:\t\tKerberos\r\n\tAuthentication Package:\tKerberos\r\n\tTransited Services:\t-\r\n\tPackage Name (NTLM only):\t-\r\n\tKey Length:\t\t0\r\n\r\nThis event is generated when a logon session is created. It is generated on the computer that was accessed.\r\n\r\nThe subject fields indicate the account on the local system which requested the logon. This is most commonly a service such as the Server service, or a local process such as Winlogon.exe or Services.exe.\r\n\r\nThe logon type field indicates the kind of logon that occurred. The most common types are 2 (interactive) and 3 (network).\r\n\r\nThe New Logon fields indicate the account for whom the new logon was created, i.e. the account that was logged on.\r\n\r\nThe network fields indicate where a remote logon request originated. Workstation name is not always available and may be left blank in some cases.\r\n\r\nThe impersonation level field indicates the extent to which a process in the logon session can impersonate.\r\n\r\nThe authentication information fields provide detailed information about this specific logon request.\r\n\t- Logon GUID is a unique identifier that can be used to correlate this event with a KDC event.\r\n\t- Transited services indicate which intermediate services have participated in this logon request.\r\n\t- Package name indicates which sub-protocol was used among the NTLM protocols.\r\n\t- Key length indicates the length of the generated session key. This will be 0 if no session key was requested.","Network_Account_Domain":"-","Network_Account_Name":"-","OpCode":"Info","Package_Name__NTLM_only_":"-","Process_ID":"0x0","Process_Name":"-","RecordNumber":"24651","Restricted_Admin_Mode":"-","Security_ID":["S-1-0-0","S-1-5-21-246749117-2054088174-1189330396-1110"],"SourceName":"Microsoft Windows security auditing.","Source_Network_Address":"192.168.100.10","Source_Port":"63927","TaskCategory":"Logon","Transited_Services":"-","Type":"Information","Virtual_Account":"No","Workstation_Name":"-","_raw":"08/27/2026 05:35:03.474 AM\nLogName=Security\nEventCode=4624\nEventType=0\nComputerName=DC-01.miacsdomain.com\nSourceName=Microsoft Windows security auditing.\nType=Information\nRecordNumber=24651\nKeywords=Audit Success\nTaskCategory=Logon\nOpCode=Info\nMessage=An account was successfully logged on.\r\n\r\nSubject:\r\n\tSecurity ID:\t\tS-1-0-0\r\n\tAccount Name:\t\t-\r\n\tAccount Domain:\t\t-\r\n\tLogon ID:\t\t0x0\r\n\r\nLogon Information:\r\n\tLogon Type:\t\t3\r\n\tRestricted Admin Mode:\t-\r\n\tVirtual Account:\t\tNo\r\n\tElevated Token:\t\tYes\r\n\r\nImpersonation Level:\t\tDelegation\r\n\r\nNew Logon:\r\n\tSecurity ID:\t\tS-1-5-21-246749117-2054088174-1189330396-1110\r\n\tAccount Name:\t\tmgarcia\r\n\tAccount Domain:\t\tMIACSDOMAIN.COM\r\n\tLogon ID:\t\t0xB971FF\r\n\tLinked Logon ID:\t\t0x0\r\n\tNetwork Account Name:\t-\r\n\tNetwork Account Domain:\t-\r\n\tLogon GUID:\t\t{c7f6996b-7b6c-51fc-84c8-965dd057fa71}\r\n\r\nProcess Information:\r\n\tProcess ID:\t\t0x0\r\n\tProcess Name:\t\t-\r\n\r\nNetwork Information:\r\n\tWorkstation Name:\t-\r\n\tSource Network Address:\t192.168.100.10\r\n\tSource Port:\t\t63927\r\n\r\nDetailed Authentication Information:\r\n\tLogon Process:\t\tKerberos\r\n\tAuthentication Package:\tKerberos\r\n\tTransited Services:\t-\r\n\tPackage Name (NTLM only):\t-\r\n\tKey Length:\t\t0\r\n\r\nThis event is generated when a logon session is created. It is generated on the computer that was accessed.\r\n\r\nThe subject fields indicate the account on the local system which requested the logon. This is most commonly a service such as the Server service, or a local process such as Winlogon.exe or Services.exe.\r\n\r\nThe logon type field indicates the kind of logon that occurred. The most common types are 2 (interactive) and 3 (network).\r\n\r\nThe New Logon fields indicate the account for whom the new logon was created, i.e. the account that was logged on.\r\n\r\nThe network fields indicate where a remote logon request originated. Workstation name is not always available and may be left blank in some cases.\r\n\r\nThe impersonation level field indicates the extent to which a process in the logon session can impersonate.\r\n\r\nThe authentication information fields provide detailed information about this specific logon request.\r\n\t- Logon GUID is a unique identifier that can be used to correlate this event with a KDC event.\r\n\t- Transited services indicate which intermediate services have participated in this logon request.\r\n\t- Package name indicates which sub-protocol was used among the NTLM protocols.\r\n\t- Key length indicates the length of the generated session key. This will be 0 if no session key was requested.","_time":"2026-08-27T05:35:03.474+0200","host":"DC-01","index":"main","linecount":"70","punct":"//_::._====-..=___.===_===_____.\\r\\r:\\rt_:tt---\\rt_:tt","source":"WinEventLog:Security","sourcetype":"WinEventLog:Security","splunk_server":"splunk-virtual-machine"}}
{"preview":false,"result":{"Account_Domain":"miacsdomain","Account_Name":"mgarcia","ComputerName":"DC-01.miacsdomain.com","EventCode":"4672","EventType":"0","Keywords":"Audit Success","LogName":"Security","Logon_ID":"0xB971FF","Message":"Special privileges assigned to new logon.\r\n\r\nSubject:\r\n\tSecurity ID:\t\tS-1-5-21-246749117-2054088174-1189330396-1110\r\n\tAccount Name:\t\tmgarcia\r\n\tAccount Domain:\t\tmiacsdomain\r\n\tLogon ID:\t\t0xB971FF\r\n\r\nPrivileges:\t\tSeSecurityPrivilege\r\n\t\t\tSeBackupPrivilege\r\n\t\t\tSeRestorePrivilege\r\n\t\t\tSeTakeOwnershipPrivilege\r\n\t\t\tSeDebugPrivilege\r\n\t\t\tSeSystemEnvironmentPrivilege\r\n\t\t\tSeLoadDriverPrivilege\r\n\t\t\tSeImpersonatePrivilege\r\n\t\t\tSeDelegateSessionUserImpersonatePrivilege\r\n\t\t\tSeEnableDelegationPrivilege","OpCode":"Info","Privileges":"SeSecurityPrivilege","RecordNumber":"24650","Security_ID":"S-1-5-21-246749117-2054088174-1189330396-1110","SourceName":"Microsoft Windows security auditing.","TaskCategory":"Special Logon","Type":"Information","_raw":"08/27/2026 05:35:03.472 AM\nLogName=Security\nEventCode=4672\nEventType=0\nComputerName=DC-01.miacsdomain.com\nSourceName=Microsoft Windows security auditing.\nType=Information\nRecordNumber=24650\nKeywords=Audit Success\nTaskCategory=Special Logon\nOpCode=Info\nMessage=Special privileges assigned to new logon.\r\n\r\nSubject:\r\n\tSecurity ID:\t\tS-1-5-21-246749117-2054088174-1189330396-1110\r\n\tAccount Name:\t\tmgarcia\r\n\tAccount Domain:\t\tmiacsdomain\r\n\tLogon ID:\t\t0xB971FF\r\n\r\nPrivileges:\t\tSeSecurityPrivilege\r\n\t\t\tSeBackupPrivilege\r\n\t\t\tSeRestorePrivilege\r\n\t\t\tSeTakeOwnershipPrivilege\r\n\t\t\tSeDebugPrivilege\r\n\t\t\tSeSystemEnvironmentPrivilege\r\n\t\t\tSeLoadDriverPrivilege\r\n\t\t\tSeImpersonatePrivilege\r\n\t\t\tSeDelegateSessionUserImpersonatePrivilege\r\n\t\t\tSeEnableDelegationPrivilege","_time":"2026-08-27T05:35:03.472+0200","host":"DC-01","index":"main","linecount":"29","punct":"//_::._====-..=___.===_=_==_____.\\r\\r:\\rt_:tt-------\\r","source":"WinEventLog:Security","sourcetype":"WinEventLog:Security","splunk_server":"splunk-virtual-machine"}}
{"preview":false,"result":{"Account_Domain":"MIACSDOMAIN.COM","Account_Name":"mgarcia@MIACSDOMAIN.COM","Client_Address":"::ffff:192.168.100.10","Client_Port":"63929","ComputerName":"DC-01.miacsdomain.com","EventCode":"4769","EventType":"0","Failure_Code":"0x0","Keywords":"Audit Success","LogName":"Security","Logon_GUID":"{c1cf6525-bbf3-0d7e-cf8b-6b97c3f65319}","Message":"A Kerberos service ticket was requested.\r\n\r\nAccount Information:\r\n\tAccount Name:\t\tmgarcia@MIACSDOMAIN.COM\r\n\tAccount Domain:\t\tMIACSDOMAIN.COM\r\n\tLogon GUID:\t\t{c1cf6525-bbf3-0d7e-cf8b-6b97c3f65319}\r\n\r\nService Information:\r\n\tService Name:\t\tkrbtgt\r\n\tService ID:\t\tS-1-5-21-246749117-2054088174-1189330396-502\r\n\r\nNetwork Information:\r\n\tClient Address:\t\t::ffff:192.168.100.10\r\n\tClient Port:\t\t63929\r\n\r\nAdditional Information:\r\n\tTicket Options:\t\t0x60810010\r\n\tTicket Encryption Type:\t0x12\r\n\tFailure Code:\t\t0x0\r\n\tTransited Services:\t-\r\n\r\nThis event is generated every time access is requested to a resource such as a computer or a Windows service.  The service name indicates the resource to which access was requested.\r\n\r\nThis event can be correlated with Windows logon events by comparing the Logon GUID fields in each event.  The logon event occurs on the machine that was accessed, which is often a different machine than the domain controller which issued the service ticket.\r\n\r\nTicket options, encryption types, and failure codes are defined in RFC 4120.","OpCode":"Info","RecordNumber":"24649","Service_ID":"S-1-5-21-246749117-2054088174-1189330396-502","Service_Name":"krbtgt","SourceName":"Microsoft Windows security auditing.","TaskCategory":"Kerberos Service Ticket Operations","Ticket_Encryption_Type":"0x12","Ticket_Options":"0x60810010","Transited_Services":"-","Type":"Information","_raw":"08/27/2026 05:35:03.471 AM\nLogName=Security\nEventCode=4769\nEventType=0\nComputerName=DC-01.miacsdomain.com\nSourceName=Microsoft Windows security auditing.\nType=Information\nRecordNumber=24649\nKeywords=Audit Success\nTaskCategory=Kerberos Service Ticket Operations\nOpCode=Info\nMessage=A Kerberos service ticket was requested.\r\n\r\nAccount Information:\r\n\tAccount Name:\t\tmgarcia@MIACSDOMAIN.COM\r\n\tAccount Domain:\t\tMIACSDOMAIN.COM\r\n\tLogon GUID:\t\t{c1cf6525-bbf3-0d7e-cf8b-6b97c3f65319}\r\n\r\nService Information:\r\n\tService Name:\t\tkrbtgt\r\n\tService ID:\t\tS-1-5-21-246749117-2054088174-1189330396-502\r\n\r\nNetwork Information:\r\n\tClient Address:\t\t::ffff:192.168.100.10\r\n\tClient Port:\t\t63929\r\n\r\nAdditional Information:\r\n\tTicket Options:\t\t0x60810010\r\n\tTicket Encryption Type:\t0x12\r\n\tFailure Code:\t\t0x0\r\n\tTransited Services:\t-\r\n\r\nThis event is generated every time access is requested to a resource such as a computer or a Windows service.  The service name indicates the resource to which access was requested.\r\n\r\nThis event can be correlated with Windows logon events by comparing the Logon GUID fields in each event.  The logon event occurs on the machine that was accessed, which is often a different machine than the domain controller which issued the service ticket.\r\n\r\nTicket options, encryption types, and failure codes are defined in RFC 4120.","_time":"2026-08-27T05:35:03.471+0200","host":"DC-01","index":"main","linecount":"37","punct":"//_::._====-..=___.===_=___==_____.\\r\\r_:\\rt_:tt@.\\rt_","source":"WinEventLog:Security","sourcetype":"WinEventLog:Security","splunk_server":"splunk-virtual-machine"}}
{"preview":false,"result":{"Account_Domain":"MIACSDOMAIN.COM","Account_Name":"mgarcia@MIACSDOMAIN.COM","Client_Address":"::ffff:192.168.100.10","Client_Port":"63928","ComputerName":"DC-01.miacsdomain.com","EventCode":"4769","EventType":"0","Failure_Code":"0x0","Keywords":"Audit Success","LogName":"Security","Logon_GUID":"{c1cf6525-bbf3-0d7e-cf8b-6b97c3f65319}","Message":"A Kerberos service ticket was requested.\r\n\r\nAccount Information:\r\n\tAccount Name:\t\tmgarcia@MIACSDOMAIN.COM\r\n\tAccount Domain:\t\tMIACSDOMAIN.COM\r\n\tLogon GUID:\t\t{c1cf6525-bbf3-0d7e-cf8b-6b97c3f65319}\r\n\r\nService Information:\r\n\tService Name:\t\tDC-01$\r\n\tService ID:\t\tS-1-5-21-246749117-2054088174-1189330396-1001\r\n\r\nNetwork Information:\r\n\tClient Address:\t\t::ffff:192.168.100.10\r\n\tClient Port:\t\t63928\r\n\r\nAdditional Information:\r\n\tTicket Options:\t\t0x40810000\r\n\tTicket Encryption Type:\t0x12\r\n\tFailure Code:\t\t0x0\r\n\tTransited Services:\t-\r\n\r\nThis event is generated every time access is requested to a resource such as a computer or a Windows service.  The service name indicates the resource to which access was requested.\r\n\r\nThis event can be correlated with Windows logon events by comparing the Logon GUID fields in each event.  The logon event occurs on the machine that was accessed, which is often a different machine than the domain controller which issued the service ticket.\r\n\r\nTicket options, encryption types, and failure codes are defined in RFC 4120.","OpCode":"Info","RecordNumber":"24648","Service_ID":"S-1-5-21-246749117-2054088174-1189330396-1001","Service_Name":"DC-01$","SourceName":"Microsoft Windows security auditing.","TaskCategory":"Kerberos Service Ticket Operations","Ticket_Encryption_Type":"0x12","Ticket_Options":"0x40810000","Transited_Services":"-","Type":"Information","_raw":"08/27/2026 05:35:03.470 AM\nLogName=Security\nEventCode=4769\nEventType=0\nComputerName=DC-01.miacsdomain.com\nSourceName=Microsoft Windows security auditing.\nType=Information\nRecordNumber=24648\nKeywords=Audit Success\nTaskCategory=Kerberos Service Ticket Operations\nOpCode=Info\nMessage=A Kerberos service ticket was requested.\r\n\r\nAccount Information:\r\n\tAccount Name:\t\tmgarcia@MIACSDOMAIN.COM\r\n\tAccount Domain:\t\tMIACSDOMAIN.COM\r\n\tLogon GUID:\t\t{c1cf6525-bbf3-0d7e-cf8b-6b97c3f65319}\r\n\r\nService Information:\r\n\tService Name:\t\tDC-01$\r\n\tService ID:\t\tS-1-5-21-246749117-2054088174-1189330396-1001\r\n\r\nNetwork Information:\r\n\tClient Address:\t\t::ffff:192.168.100.10\r\n\tClient Port:\t\t63928\r\n\r\nAdditional Information:\r\n\tTicket Options:\t\t0x40810000\r\n\tTicket Encryption Type:\t0x12\r\n\tFailure Code:\t\t0x0\r\n\tTransited Services:\t-\r\n\r\nThis event is generated every time access is requested to a resource such as a computer or a Windows service.  The service name indicates the resource to which access was requested.\r\n\r\nThis event can be correlated with Windows logon events by comparing the Logon GUID fields in each event.  The logon event occurs on the machine that was accessed, which is often a different machine than the domain controller which issued the service ticket.\r\n\r\nTicket options, encryption types, and failure codes are defined in RFC 4120.","_time":"2026-08-27T05:35:03.470+0200","host":"DC-01","index":"main","linecount":"37","punct":"//_::._====-..=___.===_=___==_____.\\r\\r_:\\rt_:tt@.\\rt_","source":"WinEventLog:Security","sourcetype":"WinEventLog:Security","splunk_server":"splunk-virtual-machine"}}
{"preview":false,"result":{"Account_Domain":["miacsdomain","WIN-10"],"Account_Name":["WIN-10$","WDAGUtilityAccount"],"ComputerName":"Win-10.miacsdomain.com","EventCode":"4798","EventType":"0","Keywords":"Audit Success","LogName":"Security","Logon_ID":"0x3E7","Message":"A user's local group membership was enumerated.\r\n\r\nSubject:\r\n\tSecurity ID:\t\tS-1-5-18\r\n\tAccount Name:\t\tWIN-10$\r\n\tAccount Domain:\t\tmiacsdomain\r\n\tLogon ID:\t\t0x3E7\r\n\r\nUser:\r\n\tSecurity ID:\t\tS-1-5-21-3017555526-3441792313-1808065030-504\r\n\tAccount Name:\t\tWDAGUtilityAccount\r\n\tAccount Domain:\t\tWIN-10\r\n\r\nProcess Information:\r\n\tProcess ID:\t\t0x140\r\n\tProcess Name:\t\tC:\\Windows\\System32\\svchost.exe","OpCode":"Info","Process_ID":"0x140","Process_Name":"C:\\Windows\\System32\\svchost.exe","RecordNumber":"17071","Security_ID":["S-1-5-18","S-1-5-21-3017555526-3441792313-1808065030-504"],"SourceName":"Microsoft Windows security auditing.","TaskCategory":"User Account Management","Type":"Information","_raw":"08/27/2026 05:35:03.450 AM\nLogName=Security\nEventCode=4798\nEventType=0\nComputerName=Win-10.miacsdomain.com\nSourceName=Microsoft Windows security auditing.\nType=Information\nRecordNumber=17071\nKeywords=Audit Success\nTaskCategory=User Account Management\nOpCode=Info\nMessage=A user's local group membership was enumerated.\r\n\r\nSubject:\r\n\tSecurity ID:\t\tS-1-5-18\r\n\tAccount Name:\t\tWIN-10$\r\n\tAccount Domain:\t\tmiacsdomain\r\n\tLogon ID:\t\t0x3E7\r\n\r\nUser:\r\n\tSecurity ID:\t\tS-1-5-21-3017555526-3441792313-1808065030-504\r\n\tAccount Name:\t\tWDAGUtilityAccount\r\n\tAccount Domain:\t\tWIN-10\r\n\r\nProcess Information:\r\n\tProcess ID:\t\t0x140\r\n\tProcess Name:\t\tC:\\Windows\\System32\\svchost.exe","_time":"2026-08-27T05:35:03.450+0200","host":"Win-10","index":"main","linecount":"27","punct":"//_::._====-..=___.===_=__==_'_____.\\r\\r:\\rt_:tt---\\rt","source":"WinEventLog:Security","sourcetype":"WinEventLog:Security","splunk_server":"splunk-virtual-machine"}}
{"preview":false,"result":{"Account_Domain":["miacsdomain","WIN-10"],"Account_Name":["WIN-10$","Guest"],"ComputerName":"Win-10.miacsdomain.com","EventCode":"4798","EventType":"0","Keywords":"Audit Success","LogName":"Security","Logon_ID":"0x3E7","Message":"A user's local group membership was enumerated.\r\n\r\nSubject:\r\n\tSecurity ID:\t\tS-1-5-18\r\n\tAccount Name:\t\tWIN-10$\r\n\tAccount Domain:\t\tmiacsdomain\r\n\tLogon ID:\t\t0x3E7\r\n\r\nUser:\r\n\tSecurity ID:\t\tS-1-5-21-3017555526-3441792313-1808065030-501\r\n\tAccount Name:\t\tGuest\r\n\tAccount Domain:\t\tWIN-10\r\n\r\nProcess Information:\r\n\tProcess ID:\t\t0x140\r\n\tProcess Name:\t\tC:\\Windows\\System32\\svchost.exe","OpCode":"Info","Process_ID":"0x140","Process_Name":"C:\\Windows\\System32\\svchost.exe","RecordNumber":"17070","Security_ID":["S-1-5-18","S-1-5-21-3017555526-3441792313-1808065030-501"],"SourceName":"Microsoft Windows security auditing.","TaskCategory":"User Account Management","Type":"Information","_raw":"08/27/2026 05:35:03.450 AM\nLogName=Security\nEventCode=4798\nEventType=0\nComputerName=Win-10.miacsdomain.com\nSourceName=Microsoft Windows security auditing.\nType=Information\nRecordNumber=17070\nKeywords=Audit Success\nTaskCategory=User Account Management\nOpCode=Info\nMessage=A user's local group membership was enumerated.\r\n\r\nSubject:\r\n\tSecurity ID:\t\tS-1-5-18\r\n\tAccount Name:\t\tWIN-10$\r\n\tAccount Domain:\t\tmiacsdomain\r\n\tLogon ID:\t\t0x3E7\r\n\r\nUser:\r\n\tSecurity ID:\t\tS-1-5-21-3017555526-3441792313-1808065030-501\r\n\tAccount Name:\t\tGuest\r\n\tAccount Domain:\t\tWIN-10\r\n\r\nProcess Information:\r\n\tProcess ID:\t\t0x140\r\n\tProcess Name:\t\tC:\\Windows\\System32\\svchost.exe","_time":"2026-08-27T05:35:03.450+0200","host":"Win-10","index":"main","linecount":"27","punct":"//_::._====-..=___.===_=__==_'_____.\\r\\r:\\rt_:tt---\\rt","source":"WinEventLog:Security","sourcetype":"WinEventLog:Security","splunk_server":"splunk-virtual-machine"}}
{"preview":false,"result":{"Account_Domain":["miacsdomain","WIN-10"],"Account_Name":["WIN-10$","DefaultAccount"],"ComputerName":"Win-10.miacsdomain.com","EventCode":"4798","EventType":"0","Keywords":"Audit Success","LogName":"Security","Logon_ID":"0x3E7","Message":"A user's local group membership was enumerated.\r\n\r\nSubject:\r\n\tSecurity ID:\t\tS-1-5-18\r\n\tAccount Name:\t\tWIN-10$\r\n\tAccount Domain:\t\tmiacsdomain\r\n\tLogon ID:\t\t0x3E7\r\n\r\nUser:\r\n\tSecurity ID:\t\tS-1-5-21-3017555526-3441792313-1808065030-503\r\n\tAccount Name:\t\tDefaultAccount\r\n\tAccount Domain:\t\tWIN-10\r\n\r\nProcess Information:\r\n\tProcess ID:\t\t0x140\r\n\tProcess Name:\t\tC:\\Windows\\System32\\svchost.exe","OpCode":"Info","Process_ID":"0x140","Process_Name":"C:\\Windows\\System32\\svchost.exe","RecordNumber":"17069","Security_ID":["S-1-5-18","S-1-5-21-3017555526-3441792313-1808065030-503"],"SourceName":"Microsoft Windows security auditing.","TaskCategory":"User Account Management","Type":"Information","_raw":"08/27/2026 05:35:03.450 AM\nLogName=Security\nEventCode=4798\nEventType=0\nComputerName=Win-10.miacsdomain.com\nSourceName=Microsoft Windows security auditing.\nType=Information\nRecordNumber=17069\nKeywords=Audit Success\nTaskCategory=User Account Management\nOpCode=Info\nMessage=A user's local group membership was enumerated.\r\n\r\nSubject:\r\n\tSecurity ID:\t\tS-1-5-18\r\n\tAccount Name:\t\tWIN-10$\r\n\tAccount Domain:\t\tmiacsdomain\r\n\tLogon ID:\t\t0x3E7\r\n\r\nUser:\r\n\tSecurity ID:\t\tS-1-5-21-3017555526-3441792313-1808065030-503\r\n\tAccount Name:\t\tDefaultAccount\r\n\tAccount Domain:\t\tWIN-10\r\n\r\nProcess Information:\r\n\tProcess ID:\t\t0x140\r\n\tProcess Name:\t\tC:\\Windows\\System32\\svchost.exe","_time":"2026-08-27T05:35:03.450+0200","host":"Win-10","index":"main","linecount":"27","punct":"//_::._====-..=___.===_=__==_'_____.\\r\\r:\\rt_:tt---\\rt","source":"WinEventLog:Security","sourcetype":"WinEventLog:Security","splunk_server":"splunk-virtual-machine"}}
{"preview":false,"result":{"Account_Domain":["miacsdomain","WIN-10"],"Account_Name":["WIN-10$","alice"],"ComputerName":"Win-10.miacsdomain.com","EventCode":"4798","EventType":"0","Keywords":"Audit Success","LogName":"Security","Logon_ID":"0x3E7","Message":"A user's local group membership was enumerated.\r\n\r\nSubject:\r\n\tSecurity ID:\t\tS-1-5-18\r\n\tAccount Name:\t\tWIN-10$\r\n\tAccount Domain:\t\tmiacsdomain\r\n\tLogon ID:\t\t0x3E7\r\n\r\nUser:\r\n\tSecurity ID:\t\tS-1-5-21-3017555526-3441792313-1808065030-1001\r\n\tAccount Name:\t\talice\r\n\tAccount Domain:\t\tWIN-10\r\n\r\nProcess Information:\r\n\tProcess ID:\t\t0x140\r\n\tProcess Name:\t\tC:\\Windows\\System32\\svchost.exe","OpCode":"Info","Process_ID":"0x140","Process_Name":"C:\\Windows\\System32\\svchost.exe","RecordNumber":"17068","Security_ID":["S-1-5-18","S-1-5-21-3017555526-3441792313-1808065030-1001"],"SourceName":"Microsoft Windows security auditing.","TaskCategory":"User Account Management","Type":"Information","_raw":"08/27/2026 05:35:03.450 AM\nLogName=Security\nEventCode=4798\nEventType=0\nComputerName=Win-10.miacsdomain.com\nSourceName=Microsoft Windows security auditing.\nType=Information\nRecordNumber=17068\nKeywords=Audit Success\nTaskCategory=User Account Management\nOpCode=Info\nMessage=A user's local group membership was enumerated.\r\n\r\nSubject:\r\n\tSecurity ID:\t\tS-1-5-18\r\n\tAccount Name:\t\tWIN-10$\r\n\tAccount Domain:\t\tmiacsdomain\r\n\tLogon ID:\t\t0x3E7\r\n\r\nUser:\r\n\tSecurity ID:\t\tS-1-5-21-3017555526-3441792313-1808065030-1001\r\n\tAccount Name:\t\talice\r\n\tAccount Domain:\t\tWIN-10\r\n\r\nProcess Information:\r\n\tProcess ID:\t\t0x140\r\n\tProcess Name:\t\tC:\\Windows\\System32\\svchost.exe","_time":"2026-08-27T05:35:03.450+0200","host":"Win-10","index":"main","linecount":"27","punct":"//_::._====-..=___.===_=__==_'_____.\\r\\r:\\rt_:tt---\\rt","source":"WinEventLog:Security","sourcetype":"WinEventLog:Security","splunk_server":"splunk-virtual-machine"}}
{"preview":false,"result":{"Account_Domain":["miacsdomain","WIN-10"],"Account_Name":["WIN-10$","adminlocal"],"ComputerName":"Win-10.miacsdomain.com","EventCode":"4798","EventType":"0","Keywords":"Audit Success","LogName":"Security","Logon_ID":"0x3E7","Message":"A user's local group membership was enumerated.\r\n\r\nSubject:\r\n\tSecurity ID:\t\tS-1-5-18\r\n\tAccount Name:\t\tWIN-10$\r\n\tAccount Domain:\t\tmiacsdomain\r\n\tLogon ID:\t\t0x3E7\r\n\r\nUser:\r\n\tSecurity ID:\t\tS-1-5-21-3017555526-3441792313-1808065030-1002\r\n\tAccount Name:\t\tadminlocal\r\n\tAccount Domain:\t\tWIN-10\r\n\r\nProcess Information:\r\n\tProcess ID:\t\t0x140\r\n\tProcess Name:\t\tC:\\Windows\\System32\\svchost.exe","OpCode":"Info","Process_ID":"0x140","Process_Name":"C:\\Windows\\System32\\svchost.exe","RecordNumber":"17067","Security_ID":["S-1-5-18","S-1-5-21-3017555526-3441792313-1808065030-1002"],"SourceName":"Microsoft Windows security auditing.","TaskCategory":"User Account Management","Type":"Information","_raw":"08/27/2026 05:35:03.449 AM\nLogName=Security\nEventCode=4798\nEventType=0\nComputerName=Win-10.miacsdomain.com\nSourceName=Microsoft Windows security auditing.\nType=Information\nRecordNumber=17067\nKeywords=Audit Success\nTaskCategory=User Account Management\nOpCode=Info\nMessage=A user's local group membership was enumerated.\r\n\r\nSubject:\r\n\tSecurity ID:\t\tS-1-5-18\r\n\tAccount Name:\t\tWIN-10$\r\n\tAccount Domain:\t\tmiacsdomain\r\n\tLogon ID:\t\t0x3E7\r\n\r\nUser:\r\n\tSecurity ID:\t\tS-1-5-21-3017555526-3441792313-1808065030-1002\r\n\tAccount Name:\t\tadminlocal\r\n\tAccount Domain:\t\tWIN-10\r\n\r\nProcess Information:\r\n\tProcess ID:\t\t0x140\r\n\tProcess Name:\t\tC:\\Windows\\System32\\svchost.exe","_time":"2026-08-27T05:35:03.449+0200","host":"Win-10","index":"main","linecount":"27","punct":"//_::._====-..=___.===_=__==_'_____.\\r\\r:\\rt_:tt---\\rt","source":"WinEventLog:Security","sourcetype":"WinEventLog:Security","splunk_server":"splunk-virtual-machine"}}
{"preview":false,"result":{"Account_Domain":["miacsdomain","WIN-10"],"Account_Name":["WIN-10$","Administrator"],"ComputerName":"Win-10.miacsdomain.com","EventCode":"4798","EventType":"0","Keywords":"Audit Success","LogName":"Security","Logon_ID":"0x3E7","Message":"A user's local group membership was enumerated.\r\n\r\nSubject:\r\n\tSecurity ID:\t\tS-1-5-18\r\n\tAccount Name:\t\tWIN-10$\r\n\tAccount Domain:\t\tmiacsdomain\r\n\tLogon ID:\t\t0x3E7\r\n\r\nUser:\r\n\tSecurity ID:\t\tS-1-5-21-3017555526-3441792313-1808065030-500\r\n\tAccount Name:\t\tAdministrator\r\n\tAccount Domain:\t\tWIN-10\r\n\r\nProcess Information:\r\n\tProcess ID:\t\t0x140\r\n\tProcess Name:\t\tC:\\Windows\\System32\\svchost.exe","OpCode":"Info","Process_ID":"0x140","Process_Name":"C:\\Windows\\System32\\svchost.exe","RecordNumber":"17066","Security_ID":["S-1-5-18","S-1-5-21-3017555526-3441792313-1808065030-500"],"SourceName":"Microsoft Windows security auditing.","TaskCategory":"User Account Management","Type":"Information","_raw":"08/27/2026 05:35:03.449 AM\nLogName=Security\nEventCode=4798\nEventType=0\nComputerName=Win-10.miacsdomain.com\nSourceName=Microsoft Windows security auditing.\nType=Information\nRecordNumber=17066\nKeywords=Audit Success\nTaskCategory=User Account Management\nOpCode=Info\nMessage=A user's local group membership was enumerated.\r\n\r\nSubject:\r\n\tSecurity ID:\t\tS-1-5-18\r\n\tAccount Name:\t\tWIN-10$\r\n\tAccount Domain:\t\tmiacsdomain\r\n\tLogon ID:\t\t0x3E7\r\n\r\nUser:\r\n\tSecurity ID:\t\tS-1-5-21-3017555526-3441792313-1808065030-500\r\n\tAccount Name:\t\tAdministrator\r\n\tAccount Domain:\t\tWIN-10\r\n\r\nProcess Information:\r\n\tProcess ID:\t\t0x140\r\n\tProcess Name:\t\tC:\\Windows\\System32\\svchost.exe","_time":"2026-08-27T05:35:03.449+0200","host":"Win-10","index":"main","linecount":"27","punct":"//_::._====-..=___.===_=__==_'_____.\\r\\r:\\rt_:tt---\\rt","source":"WinEventLog:Security","sourcetype":"WinEventLog:Security","splunk_server":"splunk-virtual-machine"}}
{"preview":false,"result":{"Account_Domain":"miacsdomain","Account_Name":"mgarcia","ComputerName":"Win-10.miacsdomain.com","EventCode":"4647","EventType":"0","Keywords":"Audit Success","LogName":"Security","Logon_ID":"0x40CB82","Message":"User initiated logoff:\r\n\r\nSubject:\r\n\tSecurity ID:\t\tS-1-5-21-246749117-2054088174-1189330396-1110\r\n\tAccount Name:\t\tmgarcia\r\n\tAccount Domain:\t\tmiacsdomain\r\n\tLogon ID:\t\t0x40CB82\r\n\r\nThis event is generated when a logoff is initiated. No further user-initiated activity can occur. This event can be interpreted as a logoff event.","OpCode":"Info","RecordNumber":"17065","Security_ID":"S-1-5-21-246749117-2054088174-1189330396-1110","SourceName":"Microsoft Windows security auditing.","TaskCategory":"Logoff","Type":"Information","_raw":"08/27/2026 05:35:03.404 AM\nLogName=Security\nEventCode=4647\nEventType=0\nComputerName=Win-10.miacsdomain.com\nSourceName=Microsoft Windows security auditing.\nType=Information\nRecordNumber=17065\nKeywords=Audit Success\nTaskCategory=Logoff\nOpCode=Info\nMessage=User initiated logoff:\r\n\r\nSubject:\r\n\tSecurity ID:\t\tS-1-5-21-246749117-2054088174-1189330396-1110\r\n\tAccount Name:\t\tmgarcia\r\n\tAccount Domain:\t\tmiacsdomain\r\n\tLogon ID:\t\t0x40CB82\r\n\r\nThis event is generated when a logoff is initiated. No further user-initiated activity can occur. This event can be interpreted as a logoff event.","_time":"2026-08-27T05:35:03.404+0200","host":"Win-10","index":"main","linecount":"20","punct":"//_::._====-..=___.===_===__:\\r\\r:\\rt_:tt-------\\rt_:t","source":"WinEventLog:Security","sourcetype":"WinEventLog:Security","splunk_server":"splunk-virtual-machine"}}
{"preview":false,"result":{"Archived":"true","ComputerName":"Win-10.miacsdomain.com","EventCode":"23","EventType":"4","Hashes":"MD5=0C056C1CDCB67134E28E974A534E711B,SHA256=467F3EF43497A7FAF59FA33AC5FA9F28EF0A44AD3CB72989E8EFA14BF9D38B12,IMPHASH=00000000000000000000000000000000","Image":"C:\\Windows\\Explorer.EXE","IsExecutable":"false","Keywords":"None","LogName":"Microsoft-Windows-Sysmon/Operational","Message":"File Delete archived:\r\nRuleName: -\r\nUtcTime: 2026-08-27 03:35:03.325\r\nProcessGuid: {3f87e246-af21-6a8f-8402-000000001600}\r\nProcessId: 884\r\nUser: miacsdomain\\mgarcia\r\nImage: C:\\Windows\\Explorer.EXE\r\nTargetFilename: C:\\Users\\mgarcia.miacsdomain\\AppData\\Local\\Microsoft\\PenWorkspace\\DiscoverCacheData.dat\r\nHashes: MD5=0C056C1CDCB67134E28E974A534E711B,SHA256=467F3EF43497A7FAF59FA33AC5FA9F28EF0A44AD3CB72989E8EFA14BF9D38B12,IMPHASH=00000000000000000000000000000000\r\nIsExecutable: false\r\nArchived: true","OpCode":"Info","ProcessGuid":"{3f87e246-af21-6a8f-8402-000000001600}","ProcessId":"884","RecordNumber":"32752","RuleName":"-","Sid":"S-1-5-18","SidType":"0","SourceName":"Microsoft-Windows-Sysmon","TargetFilename":"C:\\Users\\mgarcia.miacsdomain\\AppData\\Local\\Microsoft\\PenWorkspace\\DiscoverCacheData.dat","TaskCategory":"File Delete archived (rule: FileDelete)","Type":"Information","User":["NOT_TRANSLATED","miacsdomain\\mgarcia"],"UtcTime":"2026-08-27 03:35:03.325","_raw":"08/27/2026 05:35:03.328 AM\nLogName=Microsoft-Windows-Sysmon/Operational\nEventCode=23\nEventType=4\nComputerName=Win-10.miacsdomain.com\nUser=NOT_TRANSLATED\nSid=S-1-5-18\nSidType=0\nSourceName=Microsoft-Windows-Sysmon\nType=Information\nRecordNumber=32752\nKeywords=None\nTaskCategory=File Delete archived (rule: FileDelete)\nOpCode=Info\nMessage=File Delete archived:\r\nRuleName: -\r\nUtcTime: 2026-08-27 03:35:03.325\r\nProcessGuid: {3f87e246-af21-6a8f-8402-000000001600}\r\nProcessId: 884\r\nUser: miacsdomain\\mgarcia\r\nImage: C:\\Windows\\Explorer.EXE\r\nTargetFilename: C:\\Users\\mgarcia.miacsdomain\\AppData\\Local\\Microsoft\\PenWorkspace\\DiscoverCacheData.dat\r\nHashes: MD5=0C056C1CDCB67134E28E974A534E711B,SHA256=467F3EF43497A7FAF59FA33AC5FA9F28EF0A44AD3CB72989E8EFA14BF9D38B12,IMPHASH=00000000000000000000000000000000\r\nIsExecutable: false\r\nArchived: true","_time":"2026-08-27T05:35:03.328+0200","host":"Win-10","index":"main","linecount":"25","punct":"//_::._=--/===-..==---==--====___(:_)==__:\\r:_-\\r:_-","source":"WinEventLog:Microsoft-Windows-Sysmon/Operational","sourcetype":"WinEventLog:Microsoft-Windows-Sysmon/Operational","splunk_server":"splunk-virtual-machine"}}
{"preview":false,"result":{"Archived":"true","ComputerName":"Win-10.miacsdomain.com","EventCode":"23","EventType":"4","Hashes":"MD5=C0CE610A92D952B40219AC8F021FDF69,SHA256=5DE03C7C1C76A2711C2077F0718AABE6C710BBC1ED9C726DB6A069C16F211B57,IMPHASH=00000000000000000000000000000000","Image":"C:\\Windows\\Explorer.EXE","IsExecutable":"false","Keywords":"None","LogName":"Microsoft-Windows-Sysmon/Operational","Message":"File Delete archived:\r\nRuleName: -\r\nUtcTime: 2026-08-27 03:35:02.872\r\nProcessGuid: {3f87e246-af21-6a8f-8402-000000001600}\r\nProcessId: 884\r\nUser: miacsdomain\\mgarcia\r\nImage: C:\\Windows\\Explorer.EXE\r\nTargetFilename: C:\\Users\\mgarcia.miacsdomain\\AppData\\Local\\IconCache.db\r\nHashes: MD5=C0CE610A92D952B40219AC8F021FDF69,SHA256=5DE03C7C1C76A2711C2077F0718AABE6C710BBC1ED9C726DB6A069C16F211B57,IMPHASH=00000000000000000000000000000000\r\nIsExecutable: false\r\nArchived: true","OpCode":"Info","ProcessGuid":"{3f87e246-af21-6a8f-8402-000000001600}","ProcessId":"884","RecordNumber":"32751","RuleName":"-","Sid":"S-1-5-18","SidType":"0","SourceName":"Microsoft-Windows-Sysmon","TargetFilename":"C:\\Users\\mgarcia.miacsdomain\\AppData\\Local\\IconCache.db","TaskCategory":"File Delete archived (rule: FileDelete)","Type":"Information","User":["NOT_TRANSLATED","miacsdomain\\mgarcia"],"UtcTime":"2026-08-27 03:35:02.872","_raw":"08/27/2026 05:35:02.888 AM\nLogName=Microsoft-Windows-Sysmon/Operational\nEventCode=23\nEventType=4\nComputerName=Win-10.miacsdomain.com\nUser=NOT_TRANSLATED\nSid=S-1-5-18\nSidType=0\nSourceName=Microsoft-Windows-Sysmon\nType=Information\nRecordNumber=32751\nKeywords=None\nTaskCategory=File Delete archived (rule: FileDelete)\nOpCode=Info\nMessage=File Delete archived:\r\nRuleName: -\r\nUtcTime: 2026-08-27 03:35:02.872\r\nProcessGuid: {3f87e246-af21-6a8f-8402-000000001600}\r\nProcessId: 884\r\nUser: miacsdomain\\mgarcia\r\nImage: C:\\Windows\\Explorer.EXE\r\nTargetFilename: C:\\Users\\mgarcia.miacsdomain\\AppData\\Local\\IconCache.db\r\nHashes: MD5=C0CE610A92D952B40219AC8F021FDF69,SHA256=5DE03C7C1C76A2711C2077F0718AABE6C710BBC1ED9C726DB6A069C16F211B57,IMPHASH=00000000000000000000000000000000\r\nIsExecutable: false\r\nArchived: true","_time":"2026-08-27T05:35:02.888+0200","host":"Win-10","index":"main","linecount":"25","punct":"//_::._=--/===-..==---==--====___(:_)==__:\\r:_-\\r:_-","source":"WinEventLog:Microsoft-Windows-Sysmon/Operational","sourcetype":"WinEventLog:Microsoft-Windows-Sysmon/Operational","splunk_server":"splunk-virtual-machine"}}
{"preview":false,"result":{"ComputerName":"Win-10.miacsdomain.com","EventCode":"5","EventType":"4","Image":"C:\\Users\\mgarcia.miacsdomain\\AppData\\Local\\Microsoft\\OneDrive\\OneDrive.exe","Keywords":"None","LogName":"Microsoft-Windows-Sysmon/Operational","Message":"Process terminated:\r\nRuleName: -\r\nUtcTime: 2026-08-27 03:35:02.841\r\nProcessGuid: {3f87e246-af2d-6a8f-9602-000000001600}\r\nProcessId: 5788\r\nImage: C:\\Users\\mgarcia.miacsdomain\\AppData\\Local\\Microsoft\\OneDrive\\OneDrive.exe\r\nUser: miacsdomain\\mgarcia","OpCode":"Info","ProcessGuid":"{3f87e246-af2d-6a8f-9602-000000001600}","ProcessId":"5788","RecordNumber":"32750","RuleName":"-","Sid":"S-1-5-18","SidType":"0","SourceName":"Microsoft-Windows-Sysmon","TaskCategory":"Process terminated (rule: ProcessTerminate)","Type":"Information","User":["NOT_TRANSLATED","miacsdomain\\mgarcia"],"UtcTime":"2026-08-27 03:35:02.841","_raw":"08/27/2026 05:35:02.853 AM\nLogName=Microsoft-Windows-Sysmon/Operational\nEventCode=5\nEventType=4\nComputerName=Win-10.miacsdomain.com\nUser=NOT_TRANSLATED\nSid=S-1-5-18\nSidType=0\nSourceName=Microsoft-Windows-Sysmon\nType=Information\nRecordNumber=32750\nKeywords=None\nTaskCategory=Process terminated (rule: ProcessTerminate)\nOpCode=Info\nMessage=Process terminated:\r\nRuleName: -\r\nUtcTime: 2026-08-27 03:35:02.841\r\nProcessGuid: {3f87e246-af2d-6a8f-9602-000000001600}\r\nProcessId: 5788\r\nImage: C:\\Users\\mgarcia.miacsdomain\\AppData\\Local\\Microsoft\\OneDrive\\OneDrive.exe\r\nUser: miacsdomain\\mgarcia","_time":"2026-08-27T05:35:02.853+0200","host":"Win-10","index":"main","linecount":"21","punct":"//_::._=--/===-..==---==--====__(:_)==_:\\r:_-\\r:_--_","source":"WinEventLog:Microsoft-Windows-Sysmon/Operational","sourcetype":"WinEventLog:Microsoft-Windows-Sysmon/Operational","splunk_server":"splunk-virtual-machine"}}
{"preview":false,"result":{"Archived":"true","ComputerName":"Win-10.miacsdomain.com","EventCode":"23","EventType":"4","Hashes":"MD5=280B5AFD845BD6385D91217D861A0C18,SHA256=90B4A8B1D9809E2969EB78F39A9667072C00E8534FCF987285BA6C28E2BD2432,IMPHASH=00000000000000000000000000000000","Image":"C:\\Users\\mgarcia.miacsdomain\\AppData\\Local\\Microsoft\\OneDrive\\OneDrive.exe","IsExecutable":"false","Keywords":"None","LogName":"Microsoft-Windows-Sysmon/Operational","Message":"File Delete archived:\r\nRuleName: -\r\nUtcTime: 2026-08-27 03:35:02.779\r\nProcessGuid: {3f87e246-af2d-6a8f-9602-000000001600}\r\nProcessId: 5788\r\nUser: miacsdomain\\mgarcia\r\nImage: C:\\Users\\mgarcia.miacsdomain\\AppData\\Local\\Microsoft\\OneDrive\\OneDrive.exe\r\nTargetFilename: C:\\Users\\mgarcia.miacsdomain\\AppData\\Local\\Microsoft\\OneDrive\\settings\\Personal\\assertInformation.backup.ini\r\nHashes: MD5=280B5AFD845BD6385D91217D861A0C18,SHA256=90B4A8B1D9809E2969EB78F39A9667072C00E8534FCF987285BA6C28E2BD2432,IMPHASH=00000000000000000000000000000000\r\nIsExecutable: false\r\nArchived: true","OpCode":"Info","ProcessGuid":"{3f87e246-af2d-6a8f-9602-000000001600}","ProcessId":"5788","RecordNumber":"32749","RuleName":"-","Sid":"S-1-5-18","SidType":"0","SourceName":"Microsoft-Windows-Sysmon","TargetFilename":"C:\\Users\\mgarcia.miacsdomain\\AppData\\Local\\Microsoft\\OneDrive\\settings\\Personal\\assertInformation.backup.ini","TaskCategory":"File Delete archived (rule: FileDelete)","Type":"Information","User":["NOT_TRANSLATED","miacsdomain\\mgarcia"],"UtcTime":"2026-08-27 03:35:02.779","_raw":"08/27/2026 05:35:02.784 AM\nLogName=Microsoft-Windows-Sysmon/Operational\nEventCode=23\nEventType=4\nComputerName=Win-10.miacsdomain.com\nUser=NOT_TRANSLATED\nSid=S-1-5-18\nSidType=0\nSourceName=Microsoft-Windows-Sysmon\nType=Information\nRecordNumber=32749\nKeywords=None\nTaskCategory=File Delete archived (rule: FileDelete)\nOpCode=Info\nMessage=File Delete archived:\r\nRuleName: -\r\nUtcTime: 2026-08-27 03:35:02.779\r\nProcessGuid: {3f87e246-af2d-6a8f-9602-000000001600}\r\nProcessId: 5788\r\nUser: miacsdomain\\mgarcia\r\nImage: C:\\Users\\mgarcia.miacsdomain\\AppData\\Local\\Microsoft\\OneDrive\\OneDrive.exe\r\nTargetFilename: C:\\Users\\mgarcia.miacsdomain\\AppData\\Local\\Microsoft\\OneDrive\\settings\\Personal\\assertInformation.backup.ini\r\nHashes: MD5=280B5AFD845BD6385D91217D861A0C18,SHA256=90B4A8B1D9809E2969EB78F39A9667072C00E8534FCF987285BA6C28E2BD2432,IMPHASH=00000000000000000000000000000000\r\nIsExecutable: false\r\nArchived: true","_time":"2026-08-27T05:35:02.784+0200","host":"Win-10","index":"main","linecount":"25","punct":"//_::._=--/===-..==---==--====___(:_)==__:\\r:_-\\r:_-","source":"WinEventLog:Microsoft-Windows-Sysmon/Operational","sourcetype":"WinEventLog:Microsoft-Windows-Sysmon/Operational","splunk_server":"splunk-virtual-machine"}}
{"preview":false,"result":{"Archived":"true","ComputerName":"Win-10.miacsdomain.com","EventCode":"23","EventType":"4","Hashes":"MD5=B8AE5A641907DC03A65937EBFFE420DE,SHA256=F660D1BF22F927CE7712762C4DB849E4FFF852A14E41022BC86C88FE1DE299B4,IMPHASH=00000000000000000000000000000000","Image":"C:\\Users\\mgarcia.miacsdomain\\AppData\\Local\\Microsoft\\OneDrive\\OneDrive.exe","IsExecutable":"false","Keywords":"None","LogName":"Microsoft-Windows-Sysmon/Operational","Message":"File Delete archived:\r\nRuleName: -\r\nUtcTime: 2026-08-27 03:35:02.779\r\nProcessGuid: {3f87e246-af2d-6a8f-9602-000000001600}\r\nProcessId: 5788\r\nUser: miacsdomain\\mgarcia\r\nImage: C:\\Users\\mgarcia.miacsdomain\\AppData\\Local\\Microsoft\\OneDrive\\OneDrive.exe\r\nTargetFilename: C:\\Users\\mgarcia.miacsdomain\\AppData\\Local\\Microsoft\\OneDrive\\settings\\Personal\\global.backup.ini\r\nHashes: MD5=B8AE5A641907DC03A65937EBFFE420DE,SHA256=F660D1BF22F927CE7712762C4DB849E4FFF852A14E41022BC86C88FE1DE299B4,IMPHASH=00000000000000000000000000000000\r\nIsExecutable: false\r\nArchived: true","OpCode":"Info","ProcessGuid":"{3f87e246-af2d-6a8f-9602-000000001600}","ProcessId":"5788","RecordNumber":"32748","RuleName":"-","Sid":"S-1-5-18","SidType":"0","SourceName":"Microsoft-Windows-Sysmon","TargetFilename":"C:\\Users\\mgarcia.miacsdomain\\AppData\\Local\\Microsoft\\OneDrive\\settings\\Personal\\global.backup.ini","TaskCategory":"File Delete archived (rule: FileDelete)","Type":"Information","User":["NOT_TRANSLATED","miacsdomain\\mgarcia"],"UtcTime":"2026-08-27 03:35:02.779","_raw":"08/27/2026 05:35:02.781 AM\nLogName=Microsoft-Windows-Sysmon/Operational\nEventCode=23\nEventType=4\nComputerName=Win-10.miacsdomain.com\nUser=NOT_TRANSLATED\nSid=S-1-5-18\nSidType=0\nSourceName=Microsoft-Windows-Sysmon\nType=Information\nRecordNumber=32748\nKeywords=None\nTaskCategory=File Delete archived (rule: FileDelete)\nOpCode=Info\nMessage=File Delete archived:\r\nRuleName: -\r\nUtcTime: 2026-08-27 03:35:02.779\r\nProcessGuid: {3f87e246-af2d-6a8f-9602-000000001600}\r\nProcessId: 5788\r\nUser: miacsdomain\\mgarcia\r\nImage: C:\\Users\\mgarcia.miacsdomain\\AppData\\Local\\Microsoft\\OneDrive\\OneDrive.exe\r\nTargetFilename: C:\\Users\\mgarcia.miacsdomain\\AppData\\Local\\Microsoft\\OneDrive\\settings\\Personal\\global.backup.ini\r\nHashes: MD5=B8AE5A641907DC03A65937EBFFE420DE,SHA256=F660D1BF22F927CE7712762C4DB849E4FFF852A14E41022BC86C88FE1DE299B4,IMPHASH=00000000000000000000000000000000\r\nIsExecutable: false\r\nArchived: true","_time":"2026-08-27T05:35:02.781+0200","host":"Win-10","index":"main","linecount":"25","punct":"//_::._=--/===-..==---==--====___(:_)==__:\\r:_-\\r:_-","source":"WinEventLog:Microsoft-Windows-Sysmon/Operational","sourcetype":"WinEventLog:Microsoft-Windows-Sysmon/Operational","splunk_server":"splunk-virtual-machine"}}
{"preview":false,"result":{"Archived":"true","ComputerName":"Win-10.miacsdomain.com","EventCode":"23","EventType":"4","Hashes":"MD5=D41D8CD98F00B204E9800998ECF8427E,SHA256=E3B0C44298FC1C149AFBF4C8996FB92427AE41E4649B934CA495991B7852B855,IMPHASH=00000000000000000000000000000000","Image":"C:\\Program Files (x86)\\Microsoft\\Edge\\Application\\msedge.exe","IsExecutable":"false","Keywords":"None","LogName":"Microsoft-Windows-Sysmon/Operational","Message":"File Delete archived:\r\nRuleName: -\r\nUtcTime: 2026-08-27 03:35:02.779\r\nProcessGuid: {3f87e246-af2e-6a8f-9702-000000001600}\r\nProcessId: 5512\r\nUser: miacsdomain\\mgarcia\r\nImage: C:\\Program Files (x86)\\Microsoft\\Edge\\Application\\msedge.exe\r\nTargetFilename: C:\\Users\\mgarcia.miacsdomain\\AppData\\Local\\Microsoft\\Edge\\User Data\\lockfile\r\nHashes: MD5=D41D8CD98F00B204E9800998ECF8427E,SHA256=E3B0C44298FC1C149AFBF4C8996FB92427AE41E4649B934CA495991B7852B855,IMPHASH=00000000000000000000000000000000\r\nIsExecutable: false\r\nArchived: true","OpCode":"Info","ProcessGuid":"{3f87e246-af2e-6a8f-9702-000000001600}","ProcessId":"5512","RecordNumber":"32747","RuleName":"-","Sid":"S-1-5-18","SidType":"0","SourceName":"Microsoft-Windows-Sysmon","TargetFilename":"C:\\Users\\mgarcia.miacsdomain\\AppData\\Local\\Microsoft\\Edge\\User Data\\lockfile","TaskCategory":"File Delete archived (rule: FileDelete)","Type":"Information","User":["NOT_TRANSLATED","miacsdomain\\mgarcia"],"UtcTime":"2026-08-27 03:35:02.779","_raw":"08/27/2026 05:35:02.781 AM\nLogName=Microsoft-Windows-Sysmon/Operational\nEventCode=23\nEventType=4\nComputerName=Win-10.miacsdomain.com\nUser=NOT_TRANSLATED\nSid=S-1-5-18\nSidType=0\nSourceName=Microsoft-Windows-Sysmon\nType=Information\nRecordNumber=32747\nKeywords=None\nTaskCategory=File Delete archived (rule: FileDelete)\nOpCode=Info\nMessage=File Delete archived:\r\nRuleName: -\r\nUtcTime: 2026-08-27 03:35:02.779\r\nProcessGuid: {3f87e246-af2e-6a8f-9702-000000001600}\r\nProcessId: 5512\r\nUser: miacsdomain\\mgarcia\r\nImage: C:\\Program Files (x86)\\Microsoft\\Edge\\Application\\msedge.exe\r\nTargetFilename: C:\\Users\\mgarcia.miacsdomain\\AppData\\Local\\Microsoft\\Edge\\User Data\\lockfile\r\nHashes: MD5=D41D8CD98F00B204E9800998ECF8427E,SHA256=E3B0C44298FC1C149AFBF4C8996FB92427AE41E4649B934CA495991B7852B855,IMPHASH=00000000000000000000000000000000\r\nIsExecutable: false\r\nArchived: true","_time":"2026-08-27T05:35:02.781+0200","host":"Win-10","index":"main","linecount":"25","punct":"//_::._=--/===-..==---==--====___(:_)==__:\\r:_-\\r:_-","source":"WinEventLog:Microsoft-Windows-Sysmon/Operational","sourcetype":"WinEventLog:Microsoft-Windows-Sysmon/Operational","splunk_server":"splunk-virtual-machine"}}
