{"preview":false,"result":{"Account_Domain":"miacsdomain","Account_Name":"mgarcia","ComputerName":"DC-01.miacsdomain.com","EventCode":"4634","EventType":"0","Keywords":"Audit Success","LogName":"Security","Logon_ID":"0xB971FF","Logon_Type":"3","Message":"An account was logged off.\r\n\r\nSubject:\r\n\tSecurity ID:\t\tS-1-5-21-246749117-2054088174-1189330396-1110\r\n\tAccount Name:\t\tmgarcia\r\n\tAccount Domain:\t\tmiacsdomain\r\n\tLogon ID:\t\t0xB971FF\r\n\r\nLogon Type:\t\t\t3\r\n\r\nThis event is generated when a logon session is destroyed. It may be positively correlated with a logon event using the Logon ID value. Logon IDs are only unique between reboots on the same computer.","OpCode":"Info","RecordNumber":"24652","Security_ID":"S-1-5-21-246749117-2054088174-1189330396-1110","SourceName":"Microsoft Windows security auditing.","TaskCategory":"Logoff","Type":"Information","_raw":"08/27/2026 05:35:14.235 AM\nLogName=Security\nEventCode=4634\nEventType=0\nComputerName=DC-01.miacsdomain.com\nSourceName=Microsoft Windows security auditing.\nType=Information\nRecordNumber=24652\nKeywords=Audit Success\nTaskCategory=Logoff\nOpCode=Info\nMessage=An account was logged off.\r\n\r\nSubject:\r\n\tSecurity ID:\t\tS-1-5-21-246749117-2054088174-1189330396-1110\r\n\tAccount Name:\t\tmgarcia\r\n\tAccount Domain:\t\tmiacsdomain\r\n\tLogon ID:\t\t0xB971FF\r\n\r\nLogon Type:\t\t\t3\r\n\r\nThis event is generated when a logon session is destroyed. It may be positively correlated with a logon event using the Logon ID value. Logon IDs are only unique between reboots on the same computer.","_time":"2026-08-27T05:35:14.235+0200","host":"DC-01","index":"main","linecount":"22","punct":"//_::._====-..=___.===_===____.\\r\\r:\\rt_:tt-------\\rt_","source":"WinEventLog:Security","sourcetype":"WinEventLog:Security","splunk_server":"splunk-virtual-machine"}}
{"preview":false,"result":{"Account_Domain":"Window Manager","Account_Name":"DWM-4","ComputerName":"Win-10.miacsdomain.com","EventCode":"4634","EventType":"0","Keywords":"Audit Success","LogName":"Security","Logon_ID":"0x406180","Logon_Type":"2","Message":"An account was logged off.\r\n\r\nSubject:\r\n\tSecurity ID:\t\tS-1-5-90-0-4\r\n\tAccount Name:\t\tDWM-4\r\n\tAccount Domain:\t\tWindow Manager\r\n\tLogon ID:\t\t0x406180\r\n\r\nLogon Type:\t\t\t2\r\n\r\nThis event is generated when a logon session is destroyed. It may be positively correlated with a logon event using the Logon ID value. Logon IDs are only unique between reboots on the same computer.","OpCode":"Info","RecordNumber":"17078","Security_ID":"S-1-5-90-0-4","SourceName":"Microsoft Windows security auditing.","TaskCategory":"Logoff","Type":"Information","_raw":"08/27/2026 05:35:04.891 AM\nLogName=Security\nEventCode=4634\nEventType=0\nComputerName=Win-10.miacsdomain.com\nSourceName=Microsoft Windows security auditing.\nType=Information\nRecordNumber=17078\nKeywords=Audit Success\nTaskCategory=Logoff\nOpCode=Info\nMessage=An account was logged off.\r\n\r\nSubject:\r\n\tSecurity ID:\t\tS-1-5-90-0-4\r\n\tAccount Name:\t\tDWM-4\r\n\tAccount Domain:\t\tWindow Manager\r\n\tLogon ID:\t\t0x406180\r\n\r\nLogon Type:\t\t\t2\r\n\r\nThis event is generated when a logon session is destroyed. It may be positively correlated with a logon event using the Logon ID value. Logon IDs are only unique between reboots on the same computer.","_time":"2026-08-27T05:35:04.891+0200","host":"Win-10","index":"main","linecount":"22","punct":"//_::._====-..=___.===_===____.\\r\\r:\\rt_:tt-----\\rt_:t","source":"WinEventLog:Security","sourcetype":"WinEventLog:Security","splunk_server":"splunk-virtual-machine"}}
{"preview":false,"result":{"Account_Domain":"Font Driver Host","Account_Name":"UMFD-4","ComputerName":"Win-10.miacsdomain.com","EventCode":"4634","EventType":"0","Keywords":"Audit Success","LogName":"Security","Logon_ID":"0x405C9E","Logon_Type":"2","Message":"An account was logged off.\r\n\r\nSubject:\r\n\tSecurity ID:\t\tS-1-5-96-0-4\r\n\tAccount Name:\t\tUMFD-4\r\n\tAccount Domain:\t\tFont Driver Host\r\n\tLogon ID:\t\t0x405C9E\r\n\r\nLogon Type:\t\t\t2\r\n\r\nThis event is generated when a logon session is destroyed. It may be positively correlated with a logon event using the Logon ID value. Logon IDs are only unique between reboots on the same computer.","OpCode":"Info","RecordNumber":"17077","Security_ID":"S-1-5-96-0-4","SourceName":"Microsoft Windows security auditing.","TaskCategory":"Logoff","Type":"Information","_raw":"08/27/2026 05:35:03.682 AM\nLogName=Security\nEventCode=4634\nEventType=0\nComputerName=Win-10.miacsdomain.com\nSourceName=Microsoft Windows security auditing.\nType=Information\nRecordNumber=17077\nKeywords=Audit Success\nTaskCategory=Logoff\nOpCode=Info\nMessage=An account was logged off.\r\n\r\nSubject:\r\n\tSecurity ID:\t\tS-1-5-96-0-4\r\n\tAccount Name:\t\tUMFD-4\r\n\tAccount Domain:\t\tFont Driver Host\r\n\tLogon ID:\t\t0x405C9E\r\n\r\nLogon Type:\t\t\t2\r\n\r\nThis event is generated when a logon session is destroyed. It may be positively correlated with a logon event using the Logon ID value. Logon IDs are only unique between reboots on the same computer.","_time":"2026-08-27T05:35:03.682+0200","host":"Win-10","index":"main","linecount":"22","punct":"//_::._====-..=___.===_===____.\\r\\r:\\rt_:tt-----\\rt_:t","source":"WinEventLog:Security","sourcetype":"WinEventLog:Security","splunk_server":"splunk-virtual-machine"}}
{"preview":false,"result":{"CommandLine":"\"dwm.exe\"","Company":"Microsoft Corporation","ComputerName":"Win-10.miacsdomain.com","CurrentDirectory":"C:\\Windows\\system32\\","Description":"Desktop Window Manager","EventCode":"1","EventType":"4","FileVersion":"10.0.19041.3636 (WinBuild.160101.0800)","Hashes":"MD5=C8B1DADBE021E9EC3117036496183FE3,SHA256=8C2B5D9628BD615C09050B1BC3FD5874045CB037652CB2842A5E25CB1EB9DFBE,IMPHASH=154ED7B525A399CB7070EB8FD0DFC4DE","Image":"C:\\Windows\\System32\\dwm.exe","IntegrityLevel":"System","Keywords":"None","LogName":"Microsoft-Windows-Sysmon/Operational","LogonGuid":"{3f87e246-b067-6a8f-c50b-470000000000}","LogonId":"0x470BC5","Message":"Process Create:\r\nRuleName: -\r\nUtcTime: 2026-08-27 03:35:03.675\r\nProcessGuid: {3f87e246-b067-6a8f-da02-000000001600}\r\nProcessId: 5540\r\nImage: C:\\Windows\\System32\\dwm.exe\r\nFileVersion: 10.0.19041.3636 (WinBuild.160101.0800)\r\nDescription: Desktop Window Manager\r\nProduct: Microsoft® Windows® Operating System\r\nCompany: Microsoft Corporation\r\nOriginalFileName: dwm.exe\r\nCommandLine: \"dwm.exe\"\r\nCurrentDirectory: C:\\Windows\\system32\\\r\nUser: Window Manager\\DWM-5\r\nLogonGuid: {3f87e246-b067-6a8f-c50b-470000000000}\r\nLogonId: 0x470BC5\r\nTerminalSessionId: 5\r\nIntegrityLevel: System\r\nHashes: MD5=C8B1DADBE021E9EC3117036496183FE3,SHA256=8C2B5D9628BD615C09050B1BC3FD5874045CB037652CB2842A5E25CB1EB9DFBE,IMPHASH=154ED7B525A399CB7070EB8FD0DFC4DE\r\nParentProcessGuid: {3f87e246-b067-6a8f-d802-000000001600}\r\nParentProcessId: 6040\r\nParentImage: C:\\Windows\\System32\\winlogon.exe\r\nParentCommandLine: winlogon.exe\r\nParentUser: NT AUTHORITY\\SYSTEM","OpCode":"Info","OriginalFileName":"dwm.exe","ParentCommandLine":"winlogon.exe","ParentImage":"C:\\Windows\\System32\\winlogon.exe","ParentProcessGuid":"{3f87e246-b067-6a8f-d802-000000001600}","ParentProcessId":"6040","ParentUser":"NT AUTHORITY\\SYSTEM","ProcessGuid":"{3f87e246-b067-6a8f-da02-000000001600}","ProcessId":"5540","Product":"Microsoft® Windows® Operating System","RecordNumber":"32758","RuleName":"-","Sid":"S-1-5-18","SidType":"0","SourceName":"Microsoft-Windows-Sysmon","TaskCategory":"Process Create (rule: ProcessCreate)","TerminalSessionId":"5","Type":"Information","User":["NOT_TRANSLATED","Window Manager\\DWM-5"],"UtcTime":"2026-08-27 03:35:03.675","_raw":"08/27/2026 05:35:03.676 AM\nLogName=Microsoft-Windows-Sysmon/Operational\nEventCode=1\nEventType=4\nComputerName=Win-10.miacsdomain.com\nUser=NOT_TRANSLATED\nSid=S-1-5-18\nSidType=0\nSourceName=Microsoft-Windows-Sysmon\nType=Information\nRecordNumber=32758\nKeywords=None\nTaskCategory=Process Create (rule: ProcessCreate)\nOpCode=Info\nMessage=Process Create:\r\nRuleName: -\r\nUtcTime: 2026-08-27 03:35:03.675\r\nProcessGuid: {3f87e246-b067-6a8f-da02-000000001600}\r\nProcessId: 5540\r\nImage: C:\\Windows\\System32\\dwm.exe\r\nFileVersion: 10.0.19041.3636 (WinBuild.160101.0800)\r\nDescription: Desktop Window Manager\r\nProduct: Microsoft® Windows® Operating System\r\nCompany: Microsoft Corporation\r\nOriginalFileName: dwm.exe\r\nCommandLine: \"dwm.exe\"\r\nCurrentDirectory: C:\\Windows\\system32\\\r\nUser: Window Manager\\DWM-5\r\nLogonGuid: {3f87e246-b067-6a8f-c50b-470000000000}\r\nLogonId: 0x470BC5\r\nTerminalSessionId: 5\r\nIntegrityLevel: System\r\nHashes: MD5=C8B1DADBE021E9EC3117036496183FE3,SHA256=8C2B5D9628BD615C09050B1BC3FD5874045CB037652CB2842A5E25CB1EB9DFBE,IMPHASH=154ED7B525A399CB7070EB8FD0DFC4DE\r\nParentProcessGuid: {3f87e246-b067-6a8f-d802-000000001600}\r\nParentProcessId: 6040\r\nParentImage: C:\\Windows\\System32\\winlogon.exe\r\nParentCommandLine: winlogon.exe\r\nParentUser: NT AUTHORITY\\SYSTEM","_time":"2026-08-27T05:35:03.676+0200","host":"Win-10","index":"main","linecount":"38","punct":"//_::._=--/===-..==---==--====__(:_)==_:\\r:_-\\r:_--_","source":"WinEventLog:Microsoft-Windows-Sysmon/Operational","sourcetype":"WinEventLog:Microsoft-Windows-Sysmon/Operational","splunk_server":"splunk-virtual-machine"}}
{"preview":false,"result":{"Account_Domain":"Window Manager","Account_Name":"DWM-5","ComputerName":"Win-10.miacsdomain.com","EventCode":"4672","EventType":"0","Keywords":"Audit Success","LogName":"Security","Logon_ID":"0x470BC5","Message":"Special privileges assigned to new logon.\r\n\r\nSubject:\r\n\tSecurity ID:\t\tS-1-5-90-0-5\r\n\tAccount Name:\t\tDWM-5\r\n\tAccount Domain:\t\tWindow Manager\r\n\tLogon ID:\t\t0x470BC5\r\n\r\nPrivileges:\t\tSeAssignPrimaryTokenPrivilege\r\n\t\t\tSeAuditPrivilege\r\n\t\t\tSeImpersonatePrivilege","OpCode":"Info","Privileges":"SeAssignPrimaryTokenPrivilege","RecordNumber":"17076","Security_ID":"S-1-5-90-0-5","SourceName":"Microsoft Windows security auditing.","TaskCategory":"Special Logon","Type":"Information","_raw":"08/27/2026 05:35:03.675 AM\nLogName=Security\nEventCode=4672\nEventType=0\nComputerName=Win-10.miacsdomain.com\nSourceName=Microsoft Windows security auditing.\nType=Information\nRecordNumber=17076\nKeywords=Audit Success\nTaskCategory=Special Logon\nOpCode=Info\nMessage=Special privileges assigned to new logon.\r\n\r\nSubject:\r\n\tSecurity ID:\t\tS-1-5-90-0-5\r\n\tAccount Name:\t\tDWM-5\r\n\tAccount Domain:\t\tWindow Manager\r\n\tLogon ID:\t\t0x470BC5\r\n\r\nPrivileges:\t\tSeAssignPrimaryTokenPrivilege\r\n\t\t\tSeAuditPrivilege\r\n\t\t\tSeImpersonatePrivilege","_time":"2026-08-27T05:35:03.675+0200","host":"Win-10","index":"main","linecount":"22","punct":"//_::._====-..=___.===_=_==_____.\\r\\r:\\rt_:tt-----\\rt_","source":"WinEventLog:Security","sourcetype":"WinEventLog:Security","splunk_server":"splunk-virtual-machine"}}
{"preview":false,"result":{"Account_Domain":["miacsdomain","Window Manager"],"Account_Name":["WIN-10$","DWM-5"],"Authentication_Package":"Negotiate","ComputerName":"Win-10.miacsdomain.com","Elevated_Token":"Yes","EventCode":"4624","EventType":"0","Impersonation_Level":"Impersonation","Key_Length":"0","Keywords":"Audit Success","Linked_Logon_ID":"0x0","LogName":"Security","Logon_GUID":"{00000000-0000-0000-0000-000000000000}","Logon_ID":["0x3E7","0x470BC5"],"Logon_Process":"Advapi","Logon_Type":"2","Message":"An account was successfully logged on.\r\n\r\nSubject:\r\n\tSecurity ID:\t\tS-1-5-18\r\n\tAccount Name:\t\tWIN-10$\r\n\tAccount Domain:\t\tmiacsdomain\r\n\tLogon ID:\t\t0x3E7\r\n\r\nLogon Information:\r\n\tLogon Type:\t\t2\r\n\tRestricted Admin Mode:\t-\r\n\tVirtual Account:\t\tYes\r\n\tElevated Token:\t\tYes\r\n\r\nImpersonation Level:\t\tImpersonation\r\n\r\nNew Logon:\r\n\tSecurity ID:\t\tS-1-5-90-0-5\r\n\tAccount Name:\t\tDWM-5\r\n\tAccount Domain:\t\tWindow Manager\r\n\tLogon ID:\t\t0x470BC5\r\n\tLinked Logon ID:\t\t0x0\r\n\tNetwork Account Name:\t-\r\n\tNetwork Account Domain:\t-\r\n\tLogon GUID:\t\t{00000000-0000-0000-0000-000000000000}\r\n\r\nProcess Information:\r\n\tProcess ID:\t\t0x1798\r\n\tProcess Name:\t\tC:\\Windows\\System32\\winlogon.exe\r\n\r\nNetwork Information:\r\n\tWorkstation Name:\t-\r\n\tSource Network Address:\t-\r\n\tSource Port:\t\t-\r\n\r\nDetailed Authentication Information:\r\n\tLogon Process:\t\tAdvapi  \r\n\tAuthentication Package:\tNegotiate\r\n\tTransited Services:\t-\r\n\tPackage Name (NTLM only):\t-\r\n\tKey Length:\t\t0\r\n\r\nThis event is generated when a logon session is created. It is generated on the computer that was accessed.\r\n\r\nThe subject fields indicate the account on the local system which requested the logon. This is most commonly a service such as the Server service, or a local process such as Winlogon.exe or Services.exe.\r\n\r\nThe logon type field indicates the kind of logon that occurred. The most common types are 2 (interactive) and 3 (network).\r\n\r\nThe New Logon fields indicate the account for whom the new logon was created, i.e. the account that was logged on.\r\n\r\nThe network fields indicate where a remote logon request originated. Workstation name is not always available and may be left blank in some cases.\r\n\r\nThe impersonation level field indicates the extent to which a process in the logon session can impersonate.\r\n\r\nThe authentication information fields provide detailed information about this specific logon request.\r\n\t- Logon GUID is a unique identifier that can be used to correlate this event with a KDC event.\r\n\t- Transited services indicate which intermediate services have participated in this logon request.\r\n\t- Package name indicates which sub-protocol was used among the NTLM protocols.\r\n\t- Key length indicates the length of the generated session key. This will be 0 if no session key was requested.","Network_Account_Domain":"-","Network_Account_Name":"-","OpCode":"Info","Package_Name__NTLM_only_":"-","Process_ID":"0x1798","Process_Name":"C:\\Windows\\System32\\winlogon.exe","RecordNumber":"17075","Restricted_Admin_Mode":"-","Security_ID":["S-1-5-18","S-1-5-90-0-5"],"SourceName":"Microsoft Windows security auditing.","Source_Network_Address":"-","Source_Port":"-","TaskCategory":"Logon","Transited_Services":"-","Type":"Information","Virtual_Account":"Yes","Workstation_Name":"-","_raw":"08/27/2026 05:35:03.675 AM\nLogName=Security\nEventCode=4624\nEventType=0\nComputerName=Win-10.miacsdomain.com\nSourceName=Microsoft Windows security auditing.\nType=Information\nRecordNumber=17075\nKeywords=Audit Success\nTaskCategory=Logon\nOpCode=Info\nMessage=An account was successfully logged on.\r\n\r\nSubject:\r\n\tSecurity ID:\t\tS-1-5-18\r\n\tAccount Name:\t\tWIN-10$\r\n\tAccount Domain:\t\tmiacsdomain\r\n\tLogon ID:\t\t0x3E7\r\n\r\nLogon Information:\r\n\tLogon Type:\t\t2\r\n\tRestricted Admin Mode:\t-\r\n\tVirtual Account:\t\tYes\r\n\tElevated Token:\t\tYes\r\n\r\nImpersonation Level:\t\tImpersonation\r\n\r\nNew Logon:\r\n\tSecurity ID:\t\tS-1-5-90-0-5\r\n\tAccount Name:\t\tDWM-5\r\n\tAccount Domain:\t\tWindow Manager\r\n\tLogon ID:\t\t0x470BC5\r\n\tLinked Logon ID:\t\t0x0\r\n\tNetwork Account Name:\t-\r\n\tNetwork Account Domain:\t-\r\n\tLogon GUID:\t\t{00000000-0000-0000-0000-000000000000}\r\n\r\nProcess Information:\r\n\tProcess ID:\t\t0x1798\r\n\tProcess Name:\t\tC:\\Windows\\System32\\winlogon.exe\r\n\r\nNetwork Information:\r\n\tWorkstation Name:\t-\r\n\tSource Network Address:\t-\r\n\tSource Port:\t\t-\r\n\r\nDetailed Authentication Information:\r\n\tLogon Process:\t\tAdvapi  \r\n\tAuthentication Package:\tNegotiate\r\n\tTransited Services:\t-\r\n\tPackage Name (NTLM only):\t-\r\n\tKey Length:\t\t0\r\n\r\nThis event is generated when a logon session is created. It is generated on the computer that was accessed.\r\n\r\nThe subject fields indicate the account on the local system which requested the logon. This is most commonly a service such as the Server service, or a local process such as Winlogon.exe or Services.exe.\r\n\r\nThe logon type field indicates the kind of logon that occurred. The most common types are 2 (interactive) and 3 (network).\r\n\r\nThe New Logon fields indicate the account for whom the new logon was created, i.e. the account that was logged on.\r\n\r\nThe network fields indicate where a remote logon request originated. Workstation name is not always available and may be left blank in some cases.\r\n\r\nThe impersonation level field indicates the extent to which a process in the logon session can impersonate.\r\n\r\nThe authentication information fields provide detailed information about this specific logon request.\r\n\t- Logon GUID is a unique identifier that can be used to correlate this event with a KDC event.\r\n\t- Transited services indicate which intermediate services have participated in this logon request.\r\n\t- Package name indicates which sub-protocol was used among the NTLM protocols.\r\n\t- Key length indicates the length of the generated session key. This will be 0 if no session key was requested.","_time":"2026-08-27T05:35:03.675+0200","host":"Win-10","index":"main","linecount":"70","punct":"//_::._====-..=___.===_===_____.\\r\\r:\\rt_:tt---\\rt_:tt","source":"WinEventLog:Security","sourcetype":"WinEventLog:Security","splunk_server":"splunk-virtual-machine"}}
{"preview":false,"result":{"Account_Domain":["miacsdomain","Window Manager"],"Account_Name":["WIN-10$","DWM-5"],"Additional_Information":"localhost","ComputerName":"Win-10.miacsdomain.com","EventCode":"4648","EventType":"0","Keywords":"Audit Success","LogName":"Security","Logon_GUID":["{00000000-0000-0000-0000-000000000000}","{00000000-0000-0000-0000-000000000000}"],"Logon_ID":"0x3E7","Message":"A logon was attempted using explicit credentials.\r\n\r\nSubject:\r\n\tSecurity ID:\t\tS-1-5-18\r\n\tAccount Name:\t\tWIN-10$\r\n\tAccount Domain:\t\tmiacsdomain\r\n\tLogon ID:\t\t0x3E7\r\n\tLogon GUID:\t\t{00000000-0000-0000-0000-000000000000}\r\n\r\nAccount Whose Credentials Were Used:\r\n\tAccount Name:\t\tDWM-5\r\n\tAccount Domain:\t\tWindow Manager\r\n\tLogon GUID:\t\t{00000000-0000-0000-0000-000000000000}\r\n\r\nTarget Server:\r\n\tTarget Server Name:\tlocalhost\r\n\tAdditional Information:\tlocalhost\r\n\r\nProcess Information:\r\n\tProcess ID:\t\t0x1798\r\n\tProcess Name:\t\tC:\\Windows\\System32\\winlogon.exe\r\n\r\nNetwork Information:\r\n\tNetwork Address:\t-\r\n\tPort:\t\t\t-\r\n\r\nThis event is generated when a process attempts to log on an account by explicitly specifying that account’s credentials.  This most commonly occurs in batch-type configurations such as scheduled tasks, or when using the RUNAS command.","Network_Address":"-","OpCode":"Info","Port":"-","Process_ID":"0x1798","Process_Name":"C:\\Windows\\System32\\winlogon.exe","RecordNumber":"17074","Security_ID":"S-1-5-18","SourceName":"Microsoft Windows security auditing.","Target_Server_Name":"localhost","TaskCategory":"Logon","Type":"Information","_raw":"08/27/2026 05:35:03.675 AM\nLogName=Security\nEventCode=4648\nEventType=0\nComputerName=Win-10.miacsdomain.com\nSourceName=Microsoft Windows security auditing.\nType=Information\nRecordNumber=17074\nKeywords=Audit Success\nTaskCategory=Logon\nOpCode=Info\nMessage=A logon was attempted using explicit credentials.\r\n\r\nSubject:\r\n\tSecurity ID:\t\tS-1-5-18\r\n\tAccount Name:\t\tWIN-10$\r\n\tAccount Domain:\t\tmiacsdomain\r\n\tLogon ID:\t\t0x3E7\r\n\tLogon GUID:\t\t{00000000-0000-0000-0000-000000000000}\r\n\r\nAccount Whose Credentials Were Used:\r\n\tAccount Name:\t\tDWM-5\r\n\tAccount Domain:\t\tWindow Manager\r\n\tLogon GUID:\t\t{00000000-0000-0000-0000-000000000000}\r\n\r\nTarget Server:\r\n\tTarget Server Name:\tlocalhost\r\n\tAdditional Information:\tlocalhost\r\n\r\nProcess Information:\r\n\tProcess ID:\t\t0x1798\r\n\tProcess Name:\t\tC:\\Windows\\System32\\winlogon.exe\r\n\r\nNetwork Information:\r\n\tNetwork Address:\t-\r\n\tPort:\t\t\t-\r\n\r\nThis event is generated when a process attempts to log on an account by explicitly specifying that account’s credentials.  This most commonly occurs in batch-type configurations such as scheduled tasks, or when using the RUNAS command.","_time":"2026-08-27T05:35:03.675+0200","host":"Win-10","index":"main","linecount":"38","punct":"//_::._====-..=___.===_===______.\\r\\r:\\rt_:tt---\\rt_:t","source":"WinEventLog:Security","sourcetype":"WinEventLog:Security","splunk_server":"splunk-virtual-machine"}}
{"preview":false,"result":{"CommandLine":"\"LogonUI.exe\" /flags:0x2 /state0:0xa33e0855 /state1:0x41c64e6d","Company":"Microsoft Corporation","ComputerName":"Win-10.miacsdomain.com","CurrentDirectory":"C:\\Windows\\system32\\","Description":"Windows Logon User Interface Host","EventCode":"1","EventType":"4","FileVersion":"10.0.19041.1 (WinBuild.160101.0800)","Hashes":"MD5=893144FE49AA16124B5BD3034E79BBC6,SHA256=CF01E46C146699F6C0E3DD447043F59BC9438DBBCB9563AF6C60EBC6D82727F2,IMPHASH=B9B0B64B08B38276711093CA94348D39","Image":"C:\\Windows\\System32\\LogonUI.exe","IntegrityLevel":"System","Keywords":"None","LogName":"Microsoft-Windows-Sysmon/Operational","LogonGuid":"{3f87e246-a659-6a8f-e703-000000000000}","LogonId":"0x3E7","Message":"Process Create:\r\nRuleName: -\r\nUtcTime: 2026-08-27 03:35:03.665\r\nProcessGuid: {3f87e246-b067-6a8f-d902-000000001600}\r\nProcessId: 3892\r\nImage: C:\\Windows\\System32\\LogonUI.exe\r\nFileVersion: 10.0.19041.1 (WinBuild.160101.0800)\r\nDescription: Windows Logon User Interface Host\r\nProduct: Microsoft® Windows® Operating System\r\nCompany: Microsoft Corporation\r\nOriginalFileName: logonui.exe\r\nCommandLine: \"LogonUI.exe\" /flags:0x2 /state0:0xa33e0855 /state1:0x41c64e6d\r\nCurrentDirectory: C:\\Windows\\system32\\\r\nUser: NT AUTHORITY\\SYSTEM\r\nLogonGuid: {3f87e246-a659-6a8f-e703-000000000000}\r\nLogonId: 0x3E7\r\nTerminalSessionId: 5\r\nIntegrityLevel: System\r\nHashes: MD5=893144FE49AA16124B5BD3034E79BBC6,SHA256=CF01E46C146699F6C0E3DD447043F59BC9438DBBCB9563AF6C60EBC6D82727F2,IMPHASH=B9B0B64B08B38276711093CA94348D39\r\nParentProcessGuid: {3f87e246-b067-6a8f-d802-000000001600}\r\nParentProcessId: 6040\r\nParentImage: C:\\Windows\\System32\\winlogon.exe\r\nParentCommandLine: winlogon.exe\r\nParentUser: NT AUTHORITY\\SYSTEM","OpCode":"Info","OriginalFileName":"logonui.exe","ParentCommandLine":"winlogon.exe","ParentImage":"C:\\Windows\\System32\\winlogon.exe","ParentProcessGuid":"{3f87e246-b067-6a8f-d802-000000001600}","ParentProcessId":"6040","ParentUser":"NT AUTHORITY\\SYSTEM","ProcessGuid":"{3f87e246-b067-6a8f-d902-000000001600}","ProcessId":"3892","Product":"Microsoft® Windows® Operating System","RecordNumber":"32757","RuleName":"-","Sid":"S-1-5-18","SidType":"0","SourceName":"Microsoft-Windows-Sysmon","TaskCategory":"Process Create (rule: ProcessCreate)","TerminalSessionId":"5","Type":"Information","User":["NOT_TRANSLATED","NT AUTHORITY\\SYSTEM"],"UtcTime":"2026-08-27 03:35:03.665","_raw":"08/27/2026 05:35:03.674 AM\nLogName=Microsoft-Windows-Sysmon/Operational\nEventCode=1\nEventType=4\nComputerName=Win-10.miacsdomain.com\nUser=NOT_TRANSLATED\nSid=S-1-5-18\nSidType=0\nSourceName=Microsoft-Windows-Sysmon\nType=Information\nRecordNumber=32757\nKeywords=None\nTaskCategory=Process Create (rule: ProcessCreate)\nOpCode=Info\nMessage=Process Create:\r\nRuleName: -\r\nUtcTime: 2026-08-27 03:35:03.665\r\nProcessGuid: {3f87e246-b067-6a8f-d902-000000001600}\r\nProcessId: 3892\r\nImage: C:\\Windows\\System32\\LogonUI.exe\r\nFileVersion: 10.0.19041.1 (WinBuild.160101.0800)\r\nDescription: Windows Logon User Interface Host\r\nProduct: Microsoft® Windows® Operating System\r\nCompany: Microsoft Corporation\r\nOriginalFileName: logonui.exe\r\nCommandLine: \"LogonUI.exe\" /flags:0x2 /state0:0xa33e0855 /state1:0x41c64e6d\r\nCurrentDirectory: C:\\Windows\\system32\\\r\nUser: NT AUTHORITY\\SYSTEM\r\nLogonGuid: {3f87e246-a659-6a8f-e703-000000000000}\r\nLogonId: 0x3E7\r\nTerminalSessionId: 5\r\nIntegrityLevel: System\r\nHashes: MD5=893144FE49AA16124B5BD3034E79BBC6,SHA256=CF01E46C146699F6C0E3DD447043F59BC9438DBBCB9563AF6C60EBC6D82727F2,IMPHASH=B9B0B64B08B38276711093CA94348D39\r\nParentProcessGuid: {3f87e246-b067-6a8f-d802-000000001600}\r\nParentProcessId: 6040\r\nParentImage: C:\\Windows\\System32\\winlogon.exe\r\nParentCommandLine: winlogon.exe\r\nParentUser: NT AUTHORITY\\SYSTEM","_time":"2026-08-27T05:35:03.674+0200","host":"Win-10","index":"main","linecount":"38","punct":"//_::._=--/===-..==---==--====__(:_)==_:\\r:_-\\r:_--_","source":"WinEventLog:Microsoft-Windows-Sysmon/Operational","sourcetype":"WinEventLog:Microsoft-Windows-Sysmon/Operational","splunk_server":"splunk-virtual-machine"}}
{"preview":false,"result":{"Account_Domain":["miacsdomain","Font Driver Host"],"Account_Name":["WIN-10$","UMFD-5"],"Authentication_Package":"Negotiate","ComputerName":"Win-10.miacsdomain.com","Elevated_Token":"No","EventCode":"4624","EventType":"0","Impersonation_Level":"Impersonation","Key_Length":"0","Keywords":"Audit Success","Linked_Logon_ID":"0x0","LogName":"Security","Logon_GUID":"{00000000-0000-0000-0000-000000000000}","Logon_ID":["0x3E7","0x4709D9"],"Logon_Process":"Advapi","Logon_Type":"2","Message":"An account was successfully logged on.\r\n\r\nSubject:\r\n\tSecurity ID:\t\tS-1-5-18\r\n\tAccount Name:\t\tWIN-10$\r\n\tAccount Domain:\t\tmiacsdomain\r\n\tLogon ID:\t\t0x3E7\r\n\r\nLogon Information:\r\n\tLogon Type:\t\t2\r\n\tRestricted Admin Mode:\t-\r\n\tVirtual Account:\t\tYes\r\n\tElevated Token:\t\tNo\r\n\r\nImpersonation Level:\t\tImpersonation\r\n\r\nNew Logon:\r\n\tSecurity ID:\t\tS-1-5-96-0-5\r\n\tAccount Name:\t\tUMFD-5\r\n\tAccount Domain:\t\tFont Driver Host\r\n\tLogon ID:\t\t0x4709D9\r\n\tLinked Logon ID:\t\t0x0\r\n\tNetwork Account Name:\t-\r\n\tNetwork Account Domain:\t-\r\n\tLogon GUID:\t\t{00000000-0000-0000-0000-000000000000}\r\n\r\nProcess Information:\r\n\tProcess ID:\t\t0x1798\r\n\tProcess Name:\t\tC:\\Windows\\System32\\winlogon.exe\r\n\r\nNetwork Information:\r\n\tWorkstation Name:\t-\r\n\tSource Network Address:\t-\r\n\tSource Port:\t\t-\r\n\r\nDetailed Authentication Information:\r\n\tLogon Process:\t\tAdvapi  \r\n\tAuthentication Package:\tNegotiate\r\n\tTransited Services:\t-\r\n\tPackage Name (NTLM only):\t-\r\n\tKey Length:\t\t0\r\n\r\nThis event is generated when a logon session is created. It is generated on the computer that was accessed.\r\n\r\nThe subject fields indicate the account on the local system which requested the logon. This is most commonly a service such as the Server service, or a local process such as Winlogon.exe or Services.exe.\r\n\r\nThe logon type field indicates the kind of logon that occurred. The most common types are 2 (interactive) and 3 (network).\r\n\r\nThe New Logon fields indicate the account for whom the new logon was created, i.e. the account that was logged on.\r\n\r\nThe network fields indicate where a remote logon request originated. Workstation name is not always available and may be left blank in some cases.\r\n\r\nThe impersonation level field indicates the extent to which a process in the logon session can impersonate.\r\n\r\nThe authentication information fields provide detailed information about this specific logon request.\r\n\t- Logon GUID is a unique identifier that can be used to correlate this event with a KDC event.\r\n\t- Transited services indicate which intermediate services have participated in this logon request.\r\n\t- Package name indicates which sub-protocol was used among the NTLM protocols.\r\n\t- Key length indicates the length of the generated session key. This will be 0 if no session key was requested.","Network_Account_Domain":"-","Network_Account_Name":"-","OpCode":"Info","Package_Name__NTLM_only_":"-","Process_ID":"0x1798","Process_Name":"C:\\Windows\\System32\\winlogon.exe","RecordNumber":"17073","Restricted_Admin_Mode":"-","Security_ID":["S-1-5-18","S-1-5-96-0-5"],"SourceName":"Microsoft Windows security auditing.","Source_Network_Address":"-","Source_Port":"-","TaskCategory":"Logon","Transited_Services":"-","Type":"Information","Virtual_Account":"Yes","Workstation_Name":"-","_raw":"08/27/2026 05:35:03.659 AM\nLogName=Security\nEventCode=4624\nEventType=0\nComputerName=Win-10.miacsdomain.com\nSourceName=Microsoft Windows security auditing.\nType=Information\nRecordNumber=17073\nKeywords=Audit Success\nTaskCategory=Logon\nOpCode=Info\nMessage=An account was successfully logged on.\r\n\r\nSubject:\r\n\tSecurity ID:\t\tS-1-5-18\r\n\tAccount Name:\t\tWIN-10$\r\n\tAccount Domain:\t\tmiacsdomain\r\n\tLogon ID:\t\t0x3E7\r\n\r\nLogon Information:\r\n\tLogon Type:\t\t2\r\n\tRestricted Admin Mode:\t-\r\n\tVirtual Account:\t\tYes\r\n\tElevated Token:\t\tNo\r\n\r\nImpersonation Level:\t\tImpersonation\r\n\r\nNew Logon:\r\n\tSecurity ID:\t\tS-1-5-96-0-5\r\n\tAccount Name:\t\tUMFD-5\r\n\tAccount Domain:\t\tFont Driver Host\r\n\tLogon ID:\t\t0x4709D9\r\n\tLinked Logon ID:\t\t0x0\r\n\tNetwork Account Name:\t-\r\n\tNetwork Account Domain:\t-\r\n\tLogon GUID:\t\t{00000000-0000-0000-0000-000000000000}\r\n\r\nProcess Information:\r\n\tProcess ID:\t\t0x1798\r\n\tProcess Name:\t\tC:\\Windows\\System32\\winlogon.exe\r\n\r\nNetwork Information:\r\n\tWorkstation Name:\t-\r\n\tSource Network Address:\t-\r\n\tSource Port:\t\t-\r\n\r\nDetailed Authentication Information:\r\n\tLogon Process:\t\tAdvapi  \r\n\tAuthentication Package:\tNegotiate\r\n\tTransited Services:\t-\r\n\tPackage Name (NTLM only):\t-\r\n\tKey Length:\t\t0\r\n\r\nThis event is generated when a logon session is created. It is generated on the computer that was accessed.\r\n\r\nThe subject fields indicate the account on the local system which requested the logon. This is most commonly a service such as the Server service, or a local process such as Winlogon.exe or Services.exe.\r\n\r\nThe logon type field indicates the kind of logon that occurred. The most common types are 2 (interactive) and 3 (network).\r\n\r\nThe New Logon fields indicate the account for whom the new logon was created, i.e. the account that was logged on.\r\n\r\nThe network fields indicate where a remote logon request originated. Workstation name is not always available and may be left blank in some cases.\r\n\r\nThe impersonation level field indicates the extent to which a process in the logon session can impersonate.\r\n\r\nThe authentication information fields provide detailed information about this specific logon request.\r\n\t- Logon GUID is a unique identifier that can be used to correlate this event with a KDC event.\r\n\t- Transited services indicate which intermediate services have participated in this logon request.\r\n\t- Package name indicates which sub-protocol was used among the NTLM protocols.\r\n\t- Key length indicates the length of the generated session key. This will be 0 if no session key was requested.","_time":"2026-08-27T05:35:03.659+0200","host":"Win-10","index":"main","linecount":"70","punct":"//_::._====-..=___.===_===_____.\\r\\r:\\rt_:tt---\\rt_:tt","source":"WinEventLog:Security","sourcetype":"WinEventLog:Security","splunk_server":"splunk-virtual-machine"}}
{"preview":false,"result":{"Account_Domain":["miacsdomain","Font Driver Host"],"Account_Name":["WIN-10$","UMFD-5"],"Additional_Information":"localhost","ComputerName":"Win-10.miacsdomain.com","EventCode":"4648","EventType":"0","Keywords":"Audit Success","LogName":"Security","Logon_GUID":["{00000000-0000-0000-0000-000000000000}","{00000000-0000-0000-0000-000000000000}"],"Logon_ID":"0x3E7","Message":"A logon was attempted using explicit credentials.\r\n\r\nSubject:\r\n\tSecurity ID:\t\tS-1-5-18\r\n\tAccount Name:\t\tWIN-10$\r\n\tAccount Domain:\t\tmiacsdomain\r\n\tLogon ID:\t\t0x3E7\r\n\tLogon GUID:\t\t{00000000-0000-0000-0000-000000000000}\r\n\r\nAccount Whose Credentials Were Used:\r\n\tAccount Name:\t\tUMFD-5\r\n\tAccount Domain:\t\tFont Driver Host\r\n\tLogon GUID:\t\t{00000000-0000-0000-0000-000000000000}\r\n\r\nTarget Server:\r\n\tTarget Server Name:\tlocalhost\r\n\tAdditional Information:\tlocalhost\r\n\r\nProcess Information:\r\n\tProcess ID:\t\t0x1798\r\n\tProcess Name:\t\tC:\\Windows\\System32\\winlogon.exe\r\n\r\nNetwork Information:\r\n\tNetwork Address:\t-\r\n\tPort:\t\t\t-\r\n\r\nThis event is generated when a process attempts to log on an account by explicitly specifying that account’s credentials.  This most commonly occurs in batch-type configurations such as scheduled tasks, or when using the RUNAS command.","Network_Address":"-","OpCode":"Info","Port":"-","Process_ID":"0x1798","Process_Name":"C:\\Windows\\System32\\winlogon.exe","RecordNumber":"17072","Security_ID":"S-1-5-18","SourceName":"Microsoft Windows security auditing.","Target_Server_Name":"localhost","TaskCategory":"Logon","Type":"Information","_raw":"08/27/2026 05:35:03.659 AM\nLogName=Security\nEventCode=4648\nEventType=0\nComputerName=Win-10.miacsdomain.com\nSourceName=Microsoft Windows security auditing.\nType=Information\nRecordNumber=17072\nKeywords=Audit Success\nTaskCategory=Logon\nOpCode=Info\nMessage=A logon was attempted using explicit credentials.\r\n\r\nSubject:\r\n\tSecurity ID:\t\tS-1-5-18\r\n\tAccount Name:\t\tWIN-10$\r\n\tAccount Domain:\t\tmiacsdomain\r\n\tLogon ID:\t\t0x3E7\r\n\tLogon GUID:\t\t{00000000-0000-0000-0000-000000000000}\r\n\r\nAccount Whose Credentials Were Used:\r\n\tAccount Name:\t\tUMFD-5\r\n\tAccount Domain:\t\tFont Driver Host\r\n\tLogon GUID:\t\t{00000000-0000-0000-0000-000000000000}\r\n\r\nTarget Server:\r\n\tTarget Server Name:\tlocalhost\r\n\tAdditional Information:\tlocalhost\r\n\r\nProcess Information:\r\n\tProcess ID:\t\t0x1798\r\n\tProcess Name:\t\tC:\\Windows\\System32\\winlogon.exe\r\n\r\nNetwork Information:\r\n\tNetwork Address:\t-\r\n\tPort:\t\t\t-\r\n\r\nThis event is generated when a process attempts to log on an account by explicitly specifying that account’s credentials.  This most commonly occurs in batch-type configurations such as scheduled tasks, or when using the RUNAS command.","_time":"2026-08-27T05:35:03.659+0200","host":"Win-10","index":"main","linecount":"38","punct":"//_::._====-..=___.===_===______.\\r\\r:\\rt_:tt---\\rt_:t","source":"WinEventLog:Security","sourcetype":"WinEventLog:Security","splunk_server":"splunk-virtual-machine"}}
{"preview":false,"result":{"CommandLine":"winlogon.exe","Company":"Microsoft Corporation","ComputerName":"Win-10.miacsdomain.com","CurrentDirectory":"C:\\Windows\\system32\\","Description":"Windows Logon Application","EventCode":"1","EventType":"4","FileVersion":"10.0.19041.3758 (WinBuild.160101.0800)","Hashes":"MD5=AC8E6842E0A9C37B747F62D23EF372E9,SHA256=6EC2D3D2CB7397DC0C193A20B9B3EA0AE0F05A7FEFDDFA555254453ADD89A5B6,IMPHASH=C399754881779489CBD0F5D180C41465","Image":"C:\\Windows\\System32\\winlogon.exe","IntegrityLevel":"System","Keywords":"None","LogName":"Microsoft-Windows-Sysmon/Operational","LogonGuid":"{3f87e246-a659-6a8f-e703-000000000000}","LogonId":"0x3E7","Message":"Process Create:\r\nRuleName: -\r\nUtcTime: 2026-08-27 03:35:03.598\r\nProcessGuid: {3f87e246-b067-6a8f-d802-000000001600}\r\nProcessId: 6040\r\nImage: C:\\Windows\\System32\\winlogon.exe\r\nFileVersion: 10.0.19041.3758 (WinBuild.160101.0800)\r\nDescription: Windows Logon Application\r\nProduct: Microsoft® Windows® Operating System\r\nCompany: Microsoft Corporation\r\nOriginalFileName: WINLOGON.EXE\r\nCommandLine: winlogon.exe\r\nCurrentDirectory: C:\\Windows\\system32\\\r\nUser: NT AUTHORITY\\SYSTEM\r\nLogonGuid: {3f87e246-a659-6a8f-e703-000000000000}\r\nLogonId: 0x3E7\r\nTerminalSessionId: 5\r\nIntegrityLevel: System\r\nHashes: MD5=AC8E6842E0A9C37B747F62D23EF372E9,SHA256=6EC2D3D2CB7397DC0C193A20B9B3EA0AE0F05A7FEFDDFA555254453ADD89A5B6,IMPHASH=C399754881779489CBD0F5D180C41465\r\nParentProcessGuid: {3f87e246-b067-6a8f-d602-000000001600}\r\nParentProcessId: 1564\r\nParentImage: C:\\Windows\\System32\\smss.exe\r\nParentCommandLine: \\SystemRoot\\System32\\smss.exe 000000d0 00000084 \r\nParentUser: NT AUTHORITY\\SYSTEM","OpCode":"Info","OriginalFileName":"WINLOGON.EXE","ParentCommandLine":"\\SystemRoot\\System32\\smss.exe 000000d0 00000084","ParentImage":"C:\\Windows\\System32\\smss.exe","ParentProcessGuid":"{3f87e246-b067-6a8f-d602-000000001600}","ParentProcessId":"1564","ParentUser":"NT AUTHORITY\\SYSTEM","ProcessGuid":"{3f87e246-b067-6a8f-d802-000000001600}","ProcessId":"6040","Product":"Microsoft® Windows® Operating System","RecordNumber":"32756","RuleName":"-","Sid":"S-1-5-18","SidType":"0","SourceName":"Microsoft-Windows-Sysmon","TaskCategory":"Process Create (rule: ProcessCreate)","TerminalSessionId":"5","Type":"Information","User":["NOT_TRANSLATED","NT AUTHORITY\\SYSTEM"],"UtcTime":"2026-08-27 03:35:03.598","_raw":"08/27/2026 05:35:03.598 AM\nLogName=Microsoft-Windows-Sysmon/Operational\nEventCode=1\nEventType=4\nComputerName=Win-10.miacsdomain.com\nUser=NOT_TRANSLATED\nSid=S-1-5-18\nSidType=0\nSourceName=Microsoft-Windows-Sysmon\nType=Information\nRecordNumber=32756\nKeywords=None\nTaskCategory=Process Create (rule: ProcessCreate)\nOpCode=Info\nMessage=Process Create:\r\nRuleName: -\r\nUtcTime: 2026-08-27 03:35:03.598\r\nProcessGuid: {3f87e246-b067-6a8f-d802-000000001600}\r\nProcessId: 6040\r\nImage: C:\\Windows\\System32\\winlogon.exe\r\nFileVersion: 10.0.19041.3758 (WinBuild.160101.0800)\r\nDescription: Windows Logon Application\r\nProduct: Microsoft® Windows® Operating System\r\nCompany: Microsoft Corporation\r\nOriginalFileName: WINLOGON.EXE\r\nCommandLine: winlogon.exe\r\nCurrentDirectory: C:\\Windows\\system32\\\r\nUser: NT AUTHORITY\\SYSTEM\r\nLogonGuid: {3f87e246-a659-6a8f-e703-000000000000}\r\nLogonId: 0x3E7\r\nTerminalSessionId: 5\r\nIntegrityLevel: System\r\nHashes: MD5=AC8E6842E0A9C37B747F62D23EF372E9,SHA256=6EC2D3D2CB7397DC0C193A20B9B3EA0AE0F05A7FEFDDFA555254453ADD89A5B6,IMPHASH=C399754881779489CBD0F5D180C41465\r\nParentProcessGuid: {3f87e246-b067-6a8f-d602-000000001600}\r\nParentProcessId: 1564\r\nParentImage: C:\\Windows\\System32\\smss.exe\r\nParentCommandLine: \\SystemRoot\\System32\\smss.exe 000000d0 00000084 \r\nParentUser: NT AUTHORITY\\SYSTEM","_time":"2026-08-27T05:35:03.598+0200","host":"Win-10","index":"main","linecount":"38","punct":"//_::._=--/===-..==---==--====__(:_)==_:\\r:_-\\r:_--_","source":"WinEventLog:Microsoft-Windows-Sysmon/Operational","sourcetype":"WinEventLog:Microsoft-Windows-Sysmon/Operational","splunk_server":"splunk-virtual-machine"}}
{"preview":false,"result":{"CommandLine":"%%SystemRoot%%\\system32\\csrss.exe ObjectDirectory=\\Windows SharedSection=1024,20480,768 Windows=On SubSystemType=Windows ServerDll=basesrv,1 ServerDll=winsrv:UserServerDllInitialization,3 ServerDll=sxssrv,4 ProfileControl=Off MaxRequestThreads=16","Company":"Microsoft Corporation","ComputerName":"Win-10.miacsdomain.com","CurrentDirectory":"C:\\Windows\\system32\\","Description":"Client Server Runtime Process","EventCode":"1","EventType":"4","FileVersion":"10.0.19041.3636 (WinBuild.160101.0800)","Hashes":"MD5=ECFD9B55800AEBB164A07D9A402DC9DD,SHA256=9E63D657B41E13B75AEBB261E7F93C0655D52EE82811B37E7470F4119E5B6054,IMPHASH=A96FA9912E09E361274AD77F1A4B252C","Image":"C:\\Windows\\System32\\csrss.exe","IntegrityLevel":"System","Keywords":"None","LogName":"Microsoft-Windows-Sysmon/Operational","LogonGuid":"{3f87e246-a659-6a8f-e703-000000000000}","LogonId":"0x3E7","Message":"Process Create:\r\nRuleName: -\r\nUtcTime: 2026-08-27 03:35:03.581\r\nProcessGuid: {3f87e246-b067-6a8f-d702-000000001600}\r\nProcessId: 4360\r\nImage: C:\\Windows\\System32\\csrss.exe\r\nFileVersion: 10.0.19041.3636 (WinBuild.160101.0800)\r\nDescription: Client Server Runtime Process\r\nProduct: Microsoft® Windows® Operating System\r\nCompany: Microsoft Corporation\r\nOriginalFileName: CSRSS.Exe\r\nCommandLine: %%SystemRoot%%\\system32\\csrss.exe ObjectDirectory=\\Windows SharedSection=1024,20480,768 Windows=On SubSystemType=Windows ServerDll=basesrv,1 ServerDll=winsrv:UserServerDllInitialization,3 ServerDll=sxssrv,4 ProfileControl=Off MaxRequestThreads=16\r\nCurrentDirectory: C:\\Windows\\system32\\\r\nUser: NT AUTHORITY\\SYSTEM\r\nLogonGuid: {3f87e246-a659-6a8f-e703-000000000000}\r\nLogonId: 0x3E7\r\nTerminalSessionId: 5\r\nIntegrityLevel: System\r\nHashes: MD5=ECFD9B55800AEBB164A07D9A402DC9DD,SHA256=9E63D657B41E13B75AEBB261E7F93C0655D52EE82811B37E7470F4119E5B6054,IMPHASH=A96FA9912E09E361274AD77F1A4B252C\r\nParentProcessGuid: {3f87e246-b067-6a8f-d602-000000001600}\r\nParentProcessId: 1564\r\nParentImage: C:\\Windows\\System32\\smss.exe\r\nParentCommandLine: \\SystemRoot\\System32\\smss.exe 000000d0 00000084 \r\nParentUser: NT AUTHORITY\\SYSTEM","OpCode":"Info","OriginalFileName":"CSRSS.Exe","ParentCommandLine":"\\SystemRoot\\System32\\smss.exe 000000d0 00000084","ParentImage":"C:\\Windows\\System32\\smss.exe","ParentProcessGuid":"{3f87e246-b067-6a8f-d602-000000001600}","ParentProcessId":"1564","ParentUser":"NT AUTHORITY\\SYSTEM","ProcessGuid":"{3f87e246-b067-6a8f-d702-000000001600}","ProcessId":"4360","Product":"Microsoft® Windows® Operating System","RecordNumber":"32755","RuleName":"-","Sid":"S-1-5-18","SidType":"0","SourceName":"Microsoft-Windows-Sysmon","TaskCategory":"Process Create (rule: ProcessCreate)","TerminalSessionId":"5","Type":"Information","User":["NOT_TRANSLATED","NT AUTHORITY\\SYSTEM"],"UtcTime":"2026-08-27 03:35:03.581","_raw":"08/27/2026 05:35:03.582 AM\nLogName=Microsoft-Windows-Sysmon/Operational\nEventCode=1\nEventType=4\nComputerName=Win-10.miacsdomain.com\nUser=NOT_TRANSLATED\nSid=S-1-5-18\nSidType=0\nSourceName=Microsoft-Windows-Sysmon\nType=Information\nRecordNumber=32755\nKeywords=None\nTaskCategory=Process Create (rule: ProcessCreate)\nOpCode=Info\nMessage=Process Create:\r\nRuleName: -\r\nUtcTime: 2026-08-27 03:35:03.581\r\nProcessGuid: {3f87e246-b067-6a8f-d702-000000001600}\r\nProcessId: 4360\r\nImage: C:\\Windows\\System32\\csrss.exe\r\nFileVersion: 10.0.19041.3636 (WinBuild.160101.0800)\r\nDescription: Client Server Runtime Process\r\nProduct: Microsoft® Windows® Operating System\r\nCompany: Microsoft Corporation\r\nOriginalFileName: CSRSS.Exe\r\nCommandLine: %%SystemRoot%%\\system32\\csrss.exe ObjectDirectory=\\Windows SharedSection=1024,20480,768 Windows=On SubSystemType=Windows ServerDll=basesrv,1 ServerDll=winsrv:UserServerDllInitialization,3 ServerDll=sxssrv,4 ProfileControl=Off MaxRequestThreads=16\r\nCurrentDirectory: C:\\Windows\\system32\\\r\nUser: NT AUTHORITY\\SYSTEM\r\nLogonGuid: {3f87e246-a659-6a8f-e703-000000000000}\r\nLogonId: 0x3E7\r\nTerminalSessionId: 5\r\nIntegrityLevel: System\r\nHashes: MD5=ECFD9B55800AEBB164A07D9A402DC9DD,SHA256=9E63D657B41E13B75AEBB261E7F93C0655D52EE82811B37E7470F4119E5B6054,IMPHASH=A96FA9912E09E361274AD77F1A4B252C\r\nParentProcessGuid: {3f87e246-b067-6a8f-d602-000000001600}\r\nParentProcessId: 1564\r\nParentImage: C:\\Windows\\System32\\smss.exe\r\nParentCommandLine: \\SystemRoot\\System32\\smss.exe 000000d0 00000084 \r\nParentUser: NT AUTHORITY\\SYSTEM","_time":"2026-08-27T05:35:03.582+0200","host":"Win-10","index":"main","linecount":"38","punct":"//_::._=--/===-..==---==--====__(:_)==_:\\r:_-\\r:_--_","source":"WinEventLog:Microsoft-Windows-Sysmon/Operational","sourcetype":"WinEventLog:Microsoft-Windows-Sysmon/Operational","splunk_server":"splunk-virtual-machine"}}
{"preview":false,"result":{"CommandLine":"\\SystemRoot\\System32\\smss.exe 000000d0 00000084","Company":"Microsoft Corporation","ComputerName":"Win-10.miacsdomain.com","CurrentDirectory":"C:\\Windows\\","Description":"Windows Session Manager","EventCode":"1","EventType":"4","FileVersion":"10.0.19041.3636 (WinBuild.160101.0800)","Hashes":"MD5=54A7E1168CF0D30D449462DA5FC5A600,SHA256=D44C73818B0CF757A1D07274013BAA87F36EBF9C59BEC8972FEA08C6CFB03862,IMPHASH=67B500D64F6BDF6FFD6C4F7F4DE9FDA6","Image":"C:\\Windows\\System32\\smss.exe","IntegrityLevel":"System","Keywords":"None","LogName":"Microsoft-Windows-Sysmon/Operational","LogonGuid":"{3f87e246-a659-6a8f-e703-000000000000}","LogonId":"0x3E7","Message":"Process Create:\r\nRuleName: -\r\nUtcTime: 2026-08-27 03:35:03.570\r\nProcessGuid: {3f87e246-b067-6a8f-d602-000000001600}\r\nProcessId: 1564\r\nImage: C:\\Windows\\System32\\smss.exe\r\nFileVersion: 10.0.19041.3636 (WinBuild.160101.0800)\r\nDescription: Windows Session Manager\r\nProduct: Microsoft® Windows® Operating System\r\nCompany: Microsoft Corporation\r\nOriginalFileName: smss.exe\r\nCommandLine: \\SystemRoot\\System32\\smss.exe 000000d0 00000084 \r\nCurrentDirectory: C:\\Windows\\\r\nUser: NT AUTHORITY\\SYSTEM\r\nLogonGuid: {3f87e246-a659-6a8f-e703-000000000000}\r\nLogonId: 0x3E7\r\nTerminalSessionId: 5\r\nIntegrityLevel: System\r\nHashes: MD5=54A7E1168CF0D30D449462DA5FC5A600,SHA256=D44C73818B0CF757A1D07274013BAA87F36EBF9C59BEC8972FEA08C6CFB03862,IMPHASH=67B500D64F6BDF6FFD6C4F7F4DE9FDA6\r\nParentProcessGuid: {00000000-0000-0000-0000-000000000000}\r\nParentProcessId: 292\r\nParentImage: -\r\nParentCommandLine: -\r\nParentUser: -","OpCode":"Info","OriginalFileName":"smss.exe","ParentCommandLine":"-","ParentImage":"-","ParentProcessGuid":"{00000000-0000-0000-0000-000000000000}","ParentProcessId":"292","ParentUser":"-","ProcessGuid":"{3f87e246-b067-6a8f-d602-000000001600}","ProcessId":"1564","Product":"Microsoft® Windows® Operating System","RecordNumber":"32754","RuleName":"-","Sid":"S-1-5-18","SidType":"0","SourceName":"Microsoft-Windows-Sysmon","TaskCategory":"Process Create (rule: ProcessCreate)","TerminalSessionId":"5","Type":"Information","User":["NOT_TRANSLATED","NT AUTHORITY\\SYSTEM"],"UtcTime":"2026-08-27 03:35:03.570","_raw":"08/27/2026 05:35:03.574 AM\nLogName=Microsoft-Windows-Sysmon/Operational\nEventCode=1\nEventType=4\nComputerName=Win-10.miacsdomain.com\nUser=NOT_TRANSLATED\nSid=S-1-5-18\nSidType=0\nSourceName=Microsoft-Windows-Sysmon\nType=Information\nRecordNumber=32754\nKeywords=None\nTaskCategory=Process Create (rule: ProcessCreate)\nOpCode=Info\nMessage=Process Create:\r\nRuleName: -\r\nUtcTime: 2026-08-27 03:35:03.570\r\nProcessGuid: {3f87e246-b067-6a8f-d602-000000001600}\r\nProcessId: 1564\r\nImage: C:\\Windows\\System32\\smss.exe\r\nFileVersion: 10.0.19041.3636 (WinBuild.160101.0800)\r\nDescription: Windows Session Manager\r\nProduct: Microsoft® Windows® Operating System\r\nCompany: Microsoft Corporation\r\nOriginalFileName: smss.exe\r\nCommandLine: \\SystemRoot\\System32\\smss.exe 000000d0 00000084 \r\nCurrentDirectory: C:\\Windows\\\r\nUser: NT AUTHORITY\\SYSTEM\r\nLogonGuid: {3f87e246-a659-6a8f-e703-000000000000}\r\nLogonId: 0x3E7\r\nTerminalSessionId: 5\r\nIntegrityLevel: System\r\nHashes: MD5=54A7E1168CF0D30D449462DA5FC5A600,SHA256=D44C73818B0CF757A1D07274013BAA87F36EBF9C59BEC8972FEA08C6CFB03862,IMPHASH=67B500D64F6BDF6FFD6C4F7F4DE9FDA6\r\nParentProcessGuid: {00000000-0000-0000-0000-000000000000}\r\nParentProcessId: 292\r\nParentImage: -\r\nParentCommandLine: -\r\nParentUser: -","_time":"2026-08-27T05:35:03.574+0200","host":"Win-10","index":"main","linecount":"38","punct":"//_::._=--/===-..==---==--====__(:_)==_:\\r:_-\\r:_--_","source":"WinEventLog:Microsoft-Windows-Sysmon/Operational","sourcetype":"WinEventLog:Microsoft-Windows-Sysmon/Operational","splunk_server":"splunk-virtual-machine"}}
